[2022-09-11T01:41:32.701+0000] {processor.py:153} INFO - Started process (PID=49) to work on /opt/airflow/dags/deepface.py
[2022-09-11T01:41:32.702+0000] {processor.py:640} INFO - Processing file /opt/airflow/dags/deepface.py for tasks to queue
[2022-09-11T01:41:32.703+0000] {logging_mixin.py:115} INFO - [2022-09-11T01:41:32.703+0000] {dagbag.py:508} INFO - Filling up the DagBag from /opt/airflow/dags/deepface.py
[2022-09-11T01:41:36.113+0000] {processor.py:650} INFO - DAG(s) dict_keys(['Deepface']) retrieved from /opt/airflow/dags/deepface.py
[2022-09-11T01:41:36.139+0000] {logging_mixin.py:115} INFO - [2022-09-11T01:41:36.139+0000] {dag.py:2429} INFO - Sync 1 DAGs
[2022-09-11T01:41:36.169+0000] {logging_mixin.py:115} INFO - [2022-09-11T01:41:36.169+0000] {dag.py:2981} INFO - Setting next_dagrun for Deepface to None, run_after=None
[2022-09-11T01:41:36.185+0000] {processor.py:161} INFO - Processing /opt/airflow/dags/deepface.py took 3.489 seconds
[2022-09-11T01:42:06.651+0000] {processor.py:153} INFO - Started process (PID=126) to work on /opt/airflow/dags/deepface.py
[2022-09-11T01:42:06.652+0000] {processor.py:640} INFO - Processing file /opt/airflow/dags/deepface.py for tasks to queue
[2022-09-11T01:42:06.652+0000] {logging_mixin.py:115} INFO - [2022-09-11T01:42:06.652+0000] {dagbag.py:508} INFO - Filling up the DagBag from /opt/airflow/dags/deepface.py
[2022-09-11T01:42:09.086+0000] {processor.py:650} INFO - DAG(s) dict_keys(['Deepface']) retrieved from /opt/airflow/dags/deepface.py
[2022-09-11T01:42:09.110+0000] {logging_mixin.py:115} INFO - [2022-09-11T01:42:09.110+0000] {dag.py:2429} INFO - Sync 1 DAGs
[2022-09-11T01:42:09.134+0000] {logging_mixin.py:115} INFO - [2022-09-11T01:42:09.134+0000] {dag.py:2981} INFO - Setting next_dagrun for Deepface to None, run_after=None
[2022-09-11T01:42:09.147+0000] {processor.py:161} INFO - Processing /opt/airflow/dags/deepface.py took 2.500 seconds
[2022-09-11T01:42:39.834+0000] {processor.py:153} INFO - Started process (PID=202) to work on /opt/airflow/dags/deepface.py
[2022-09-11T01:42:39.848+0000] {processor.py:640} INFO - Processing file /opt/airflow/dags/deepface.py for tasks to queue
[2022-09-11T01:42:39.849+0000] {logging_mixin.py:115} INFO - [2022-09-11T01:42:39.849+0000] {dagbag.py:508} INFO - Filling up the DagBag from /opt/airflow/dags/deepface.py
[2022-09-11T01:42:42.135+0000] {processor.py:650} INFO - DAG(s) dict_keys(['Deepface']) retrieved from /opt/airflow/dags/deepface.py
[2022-09-11T01:42:42.163+0000] {logging_mixin.py:115} INFO - [2022-09-11T01:42:42.162+0000] {dag.py:2429} INFO - Sync 1 DAGs
[2022-09-11T01:42:42.182+0000] {logging_mixin.py:115} INFO - [2022-09-11T01:42:42.182+0000] {dag.py:2981} INFO - Setting next_dagrun for Deepface to None, run_after=None
[2022-09-11T01:42:42.206+0000] {processor.py:161} INFO - Processing /opt/airflow/dags/deepface.py took 2.375 seconds
[2022-09-11T01:43:50.693+0000] {processor.py:153} INFO - Started process (PID=41) to work on /opt/airflow/dags/deepface.py
[2022-09-11T01:43:50.711+0000] {processor.py:640} INFO - Processing file /opt/airflow/dags/deepface.py for tasks to queue
[2022-09-11T01:43:50.713+0000] {logging_mixin.py:115} INFO - [2022-09-11T01:43:50.712+0000] {dagbag.py:508} INFO - Filling up the DagBag from /opt/airflow/dags/deepface.py
[2022-09-11T01:43:53.365+0000] {processor.py:650} INFO - DAG(s) dict_keys(['Deepface']) retrieved from /opt/airflow/dags/deepface.py
[2022-09-11T01:43:53.400+0000] {logging_mixin.py:115} INFO - [2022-09-11T01:43:53.400+0000] {dag.py:2429} INFO - Sync 1 DAGs
[2022-09-11T01:43:53.428+0000] {logging_mixin.py:115} INFO - [2022-09-11T01:43:53.428+0000] {dag.py:2981} INFO - Setting next_dagrun for Deepface to None, run_after=None
[2022-09-11T01:43:53.441+0000] {processor.py:161} INFO - Processing /opt/airflow/dags/deepface.py took 2.753 seconds
[2022-09-11T01:44:23.640+0000] {processor.py:153} INFO - Started process (PID=112) to work on /opt/airflow/dags/deepface.py
[2022-09-11T01:44:23.642+0000] {processor.py:640} INFO - Processing file /opt/airflow/dags/deepface.py for tasks to queue
[2022-09-11T01:44:23.643+0000] {logging_mixin.py:115} INFO - [2022-09-11T01:44:23.642+0000] {dagbag.py:508} INFO - Filling up the DagBag from /opt/airflow/dags/deepface.py
[2022-09-11T01:45:16.487+0000] {processor.py:153} INFO - Started process (PID=41) to work on /opt/airflow/dags/deepface.py
[2022-09-11T01:45:16.503+0000] {processor.py:640} INFO - Processing file /opt/airflow/dags/deepface.py for tasks to queue
[2022-09-11T01:45:16.504+0000] {logging_mixin.py:115} INFO - [2022-09-11T01:45:16.504+0000] {dagbag.py:508} INFO - Filling up the DagBag from /opt/airflow/dags/deepface.py
[2022-09-11T01:45:19.001+0000] {processor.py:650} INFO - DAG(s) dict_keys(['Deepface']) retrieved from /opt/airflow/dags/deepface.py
[2022-09-11T01:45:19.028+0000] {logging_mixin.py:115} INFO - [2022-09-11T01:45:19.028+0000] {dag.py:2429} INFO - Sync 1 DAGs
[2022-09-11T01:45:19.048+0000] {logging_mixin.py:115} INFO - [2022-09-11T01:45:19.047+0000] {dag.py:2981} INFO - Setting next_dagrun for Deepface to None, run_after=None
[2022-09-11T01:45:19.062+0000] {processor.py:161} INFO - Processing /opt/airflow/dags/deepface.py took 2.577 seconds
[2022-09-11T01:47:54.166+0000] {processor.py:153} INFO - Started process (PID=42) to work on /opt/airflow/dags/deepface.py
[2022-09-11T01:47:54.186+0000] {processor.py:640} INFO - Processing file /opt/airflow/dags/deepface.py for tasks to queue
[2022-09-11T01:47:54.188+0000] {logging_mixin.py:115} INFO - [2022-09-11T01:47:54.187+0000] {dagbag.py:508} INFO - Filling up the DagBag from /opt/airflow/dags/deepface.py
[2022-09-11T01:47:57.196+0000] {processor.py:650} INFO - DAG(s) dict_keys(['Deepface']) retrieved from /opt/airflow/dags/deepface.py
[2022-09-11T01:47:57.221+0000] {logging_mixin.py:115} INFO - [2022-09-11T01:47:57.221+0000] {dag.py:2429} INFO - Sync 1 DAGs
[2022-09-11T01:47:57.244+0000] {logging_mixin.py:115} INFO - [2022-09-11T01:47:57.244+0000] {dag.py:2981} INFO - Setting next_dagrun for Deepface to None, run_after=None
[2022-09-11T01:47:57.262+0000] {processor.py:161} INFO - Processing /opt/airflow/dags/deepface.py took 3.103 seconds
[2022-09-11T20:24:51.972+0000] {processor.py:153} INFO - Started process (PID=40) to work on /opt/airflow/dags/deepface.py
[2022-09-11T20:24:52.009+0000] {processor.py:640} INFO - Processing file /opt/airflow/dags/deepface.py for tasks to queue
[2022-09-11T20:24:52.009+0000] {logging_mixin.py:115} INFO - [2022-09-11T20:24:52.009+0000] {dagbag.py:508} INFO - Filling up the DagBag from /opt/airflow/dags/deepface.py
[2022-09-11T20:24:59.021+0000] {processor.py:650} INFO - DAG(s) dict_keys(['Deepface']) retrieved from /opt/airflow/dags/deepface.py
[2022-09-11T20:24:59.046+0000] {logging_mixin.py:115} INFO - [2022-09-11T20:24:59.045+0000] {dag.py:2429} INFO - Sync 1 DAGs
[2022-09-11T20:24:59.071+0000] {logging_mixin.py:115} INFO - [2022-09-11T20:24:59.071+0000] {dag.py:2981} INFO - Setting next_dagrun for Deepface to None, run_after=None
[2022-09-11T20:24:59.083+0000] {processor.py:161} INFO - Processing /opt/airflow/dags/deepface.py took 7.114 seconds
[2022-09-11T20:25:29.771+0000] {processor.py:153} INFO - Started process (PID=135) to work on /opt/airflow/dags/deepface.py
[2022-09-11T20:25:29.790+0000] {processor.py:640} INFO - Processing file /opt/airflow/dags/deepface.py for tasks to queue
[2022-09-11T20:25:29.791+0000] {logging_mixin.py:115} INFO - [2022-09-11T20:25:29.791+0000] {dagbag.py:508} INFO - Filling up the DagBag from /opt/airflow/dags/deepface.py
[2022-09-11T20:25:31.938+0000] {processor.py:650} INFO - DAG(s) dict_keys(['Deepface']) retrieved from /opt/airflow/dags/deepface.py
[2022-09-11T20:25:31.958+0000] {logging_mixin.py:115} INFO - [2022-09-11T20:25:31.958+0000] {dag.py:2429} INFO - Sync 1 DAGs
[2022-09-11T20:25:31.976+0000] {logging_mixin.py:115} INFO - [2022-09-11T20:25:31.976+0000] {dag.py:2981} INFO - Setting next_dagrun for Deepface to None, run_after=None
[2022-09-11T20:25:31.986+0000] {processor.py:161} INFO - Processing /opt/airflow/dags/deepface.py took 2.220 seconds
[2022-09-11T20:26:02.045+0000] {processor.py:153} INFO - Started process (PID=204) to work on /opt/airflow/dags/deepface.py
[2022-09-11T20:26:02.063+0000] {processor.py:640} INFO - Processing file /opt/airflow/dags/deepface.py for tasks to queue
[2022-09-11T20:26:02.064+0000] {logging_mixin.py:115} INFO - [2022-09-11T20:26:02.064+0000] {dagbag.py:508} INFO - Filling up the DagBag from /opt/airflow/dags/deepface.py
[2022-09-11T20:26:04.488+0000] {processor.py:650} INFO - DAG(s) dict_keys(['Deepface']) retrieved from /opt/airflow/dags/deepface.py
[2022-09-11T20:26:04.689+0000] {logging_mixin.py:115} INFO - [2022-09-11T20:26:04.689+0000] {dag.py:2429} INFO - Sync 1 DAGs
[2022-09-11T20:26:04.715+0000] {logging_mixin.py:115} INFO - [2022-09-11T20:26:04.714+0000] {dag.py:2981} INFO - Setting next_dagrun for Deepface to None, run_after=None
[2022-09-11T20:26:04.727+0000] {processor.py:161} INFO - Processing /opt/airflow/dags/deepface.py took 2.686 seconds
[2022-09-11T20:26:35.273+0000] {processor.py:153} INFO - Started process (PID=263) to work on /opt/airflow/dags/deepface.py
[2022-09-11T20:26:35.287+0000] {processor.py:640} INFO - Processing file /opt/airflow/dags/deepface.py for tasks to queue
[2022-09-11T20:26:35.288+0000] {logging_mixin.py:115} INFO - [2022-09-11T20:26:35.288+0000] {dagbag.py:508} INFO - Filling up the DagBag from /opt/airflow/dags/deepface.py
[2022-09-11T20:26:37.717+0000] {processor.py:650} INFO - DAG(s) dict_keys(['Deepface']) retrieved from /opt/airflow/dags/deepface.py
[2022-09-11T20:26:37.743+0000] {logging_mixin.py:115} INFO - [2022-09-11T20:26:37.743+0000] {dag.py:2429} INFO - Sync 1 DAGs
[2022-09-11T20:26:37.771+0000] {logging_mixin.py:115} INFO - [2022-09-11T20:26:37.771+0000] {dag.py:2981} INFO - Setting next_dagrun for Deepface to None, run_after=None
[2022-09-11T20:26:37.787+0000] {processor.py:161} INFO - Processing /opt/airflow/dags/deepface.py took 2.519 seconds
[2022-09-11T20:27:07.848+0000] {processor.py:153} INFO - Started process (PID=325) to work on /opt/airflow/dags/deepface.py
[2022-09-11T20:27:07.869+0000] {processor.py:640} INFO - Processing file /opt/airflow/dags/deepface.py for tasks to queue
[2022-09-11T20:27:07.871+0000] {logging_mixin.py:115} INFO - [2022-09-11T20:27:07.870+0000] {dagbag.py:508} INFO - Filling up the DagBag from /opt/airflow/dags/deepface.py
[2022-09-11T20:27:10.048+0000] {processor.py:650} INFO - DAG(s) dict_keys(['Deepface']) retrieved from /opt/airflow/dags/deepface.py
[2022-09-11T20:27:10.073+0000] {logging_mixin.py:115} INFO - [2022-09-11T20:27:10.073+0000] {dag.py:2429} INFO - Sync 1 DAGs
[2022-09-11T20:27:10.092+0000] {logging_mixin.py:115} INFO - [2022-09-11T20:27:10.091+0000] {dag.py:2981} INFO - Setting next_dagrun for Deepface to None, run_after=None
[2022-09-11T20:27:10.114+0000] {processor.py:161} INFO - Processing /opt/airflow/dags/deepface.py took 2.269 seconds
[2022-09-11T20:27:40.866+0000] {processor.py:153} INFO - Started process (PID=388) to work on /opt/airflow/dags/deepface.py
[2022-09-11T20:27:40.867+0000] {processor.py:640} INFO - Processing file /opt/airflow/dags/deepface.py for tasks to queue
[2022-09-11T20:27:40.868+0000] {logging_mixin.py:115} INFO - [2022-09-11T20:27:40.868+0000] {dagbag.py:508} INFO - Filling up the DagBag from /opt/airflow/dags/deepface.py
[2022-09-11T20:27:43.047+0000] {processor.py:650} INFO - DAG(s) dict_keys(['Deepface']) retrieved from /opt/airflow/dags/deepface.py
[2022-09-11T20:27:43.073+0000] {logging_mixin.py:115} INFO - [2022-09-11T20:27:43.073+0000] {dag.py:2429} INFO - Sync 1 DAGs
[2022-09-11T20:27:43.093+0000] {logging_mixin.py:115} INFO - [2022-09-11T20:27:43.093+0000] {dag.py:2981} INFO - Setting next_dagrun for Deepface to None, run_after=None
[2022-09-11T20:27:43.116+0000] {processor.py:161} INFO - Processing /opt/airflow/dags/deepface.py took 2.255 seconds
[2022-09-11T20:28:13.496+0000] {processor.py:153} INFO - Started process (PID=451) to work on /opt/airflow/dags/deepface.py
[2022-09-11T20:28:13.497+0000] {processor.py:640} INFO - Processing file /opt/airflow/dags/deepface.py for tasks to queue
[2022-09-11T20:28:13.497+0000] {logging_mixin.py:115} INFO - [2022-09-11T20:28:13.497+0000] {dagbag.py:508} INFO - Filling up the DagBag from /opt/airflow/dags/deepface.py
[2022-09-11T20:28:15.804+0000] {processor.py:650} INFO - DAG(s) dict_keys(['Deepface']) retrieved from /opt/airflow/dags/deepface.py
[2022-09-11T20:28:15.826+0000] {logging_mixin.py:115} INFO - [2022-09-11T20:28:15.825+0000] {dag.py:2429} INFO - Sync 1 DAGs
[2022-09-11T20:28:15.847+0000] {logging_mixin.py:115} INFO - [2022-09-11T20:28:15.847+0000] {dag.py:2981} INFO - Setting next_dagrun for Deepface to None, run_after=None
[2022-09-11T20:28:15.870+0000] {processor.py:161} INFO - Processing /opt/airflow/dags/deepface.py took 2.377 seconds
[2022-09-11T20:28:46.013+0000] {processor.py:153} INFO - Started process (PID=514) to work on /opt/airflow/dags/deepface.py
[2022-09-11T20:28:46.014+0000] {processor.py:640} INFO - Processing file /opt/airflow/dags/deepface.py for tasks to queue
[2022-09-11T20:28:46.015+0000] {logging_mixin.py:115} INFO - [2022-09-11T20:28:46.015+0000] {dagbag.py:508} INFO - Filling up the DagBag from /opt/airflow/dags/deepface.py
[2022-09-11T20:28:48.281+0000] {processor.py:650} INFO - DAG(s) dict_keys(['Deepface']) retrieved from /opt/airflow/dags/deepface.py
[2022-09-11T20:28:48.308+0000] {logging_mixin.py:115} INFO - [2022-09-11T20:28:48.308+0000] {dag.py:2429} INFO - Sync 1 DAGs
[2022-09-11T20:28:48.331+0000] {logging_mixin.py:115} INFO - [2022-09-11T20:28:48.331+0000] {dag.py:2981} INFO - Setting next_dagrun for Deepface to None, run_after=None
[2022-09-11T20:28:48.344+0000] {processor.py:161} INFO - Processing /opt/airflow/dags/deepface.py took 2.336 seconds
[2022-09-11T20:29:18.549+0000] {processor.py:153} INFO - Started process (PID=568) to work on /opt/airflow/dags/deepface.py
[2022-09-11T20:29:18.550+0000] {processor.py:640} INFO - Processing file /opt/airflow/dags/deepface.py for tasks to queue
[2022-09-11T20:29:18.550+0000] {logging_mixin.py:115} INFO - [2022-09-11T20:29:18.550+0000] {dagbag.py:508} INFO - Filling up the DagBag from /opt/airflow/dags/deepface.py
[2022-09-11T20:29:21.024+0000] {processor.py:650} INFO - DAG(s) dict_keys(['Deepface']) retrieved from /opt/airflow/dags/deepface.py
[2022-09-11T20:29:21.050+0000] {logging_mixin.py:115} INFO - [2022-09-11T20:29:21.050+0000] {dag.py:2429} INFO - Sync 1 DAGs
[2022-09-11T20:29:21.084+0000] {logging_mixin.py:115} INFO - [2022-09-11T20:29:21.083+0000] {dag.py:2981} INFO - Setting next_dagrun for Deepface to None, run_after=None
[2022-09-11T20:29:21.100+0000] {processor.py:161} INFO - Processing /opt/airflow/dags/deepface.py took 2.554 seconds
[2022-09-11T20:29:51.323+0000] {processor.py:153} INFO - Started process (PID=631) to work on /opt/airflow/dags/deepface.py
[2022-09-11T20:29:51.336+0000] {processor.py:640} INFO - Processing file /opt/airflow/dags/deepface.py for tasks to queue
[2022-09-11T20:29:51.337+0000] {logging_mixin.py:115} INFO - [2022-09-11T20:29:51.337+0000] {dagbag.py:508} INFO - Filling up the DagBag from /opt/airflow/dags/deepface.py
[2022-09-11T20:29:53.679+0000] {processor.py:650} INFO - DAG(s) dict_keys(['Deepface']) retrieved from /opt/airflow/dags/deepface.py
[2022-09-11T20:29:53.705+0000] {logging_mixin.py:115} INFO - [2022-09-11T20:29:53.704+0000] {dag.py:2429} INFO - Sync 1 DAGs
[2022-09-11T20:29:53.728+0000] {logging_mixin.py:115} INFO - [2022-09-11T20:29:53.727+0000] {dag.py:2981} INFO - Setting next_dagrun for Deepface to None, run_after=None
[2022-09-11T20:29:53.754+0000] {processor.py:161} INFO - Processing /opt/airflow/dags/deepface.py took 2.433 seconds
[2022-09-11T20:30:24.590+0000] {processor.py:153} INFO - Started process (PID=694) to work on /opt/airflow/dags/deepface.py
[2022-09-11T20:30:24.590+0000] {processor.py:640} INFO - Processing file /opt/airflow/dags/deepface.py for tasks to queue
[2022-09-11T20:30:24.591+0000] {logging_mixin.py:115} INFO - [2022-09-11T20:30:24.590+0000] {dagbag.py:508} INFO - Filling up the DagBag from /opt/airflow/dags/deepface.py
[2022-09-11T20:30:26.803+0000] {processor.py:650} INFO - DAG(s) dict_keys(['Deepface']) retrieved from /opt/airflow/dags/deepface.py
[2022-09-11T20:30:26.986+0000] {logging_mixin.py:115} INFO - [2022-09-11T20:30:26.986+0000] {dag.py:2429} INFO - Sync 1 DAGs
[2022-09-11T20:30:27.014+0000] {logging_mixin.py:115} INFO - [2022-09-11T20:30:27.014+0000] {dag.py:2981} INFO - Setting next_dagrun for Deepface to None, run_after=None
[2022-09-11T20:30:27.040+0000] {processor.py:161} INFO - Processing /opt/airflow/dags/deepface.py took 2.454 seconds
[2022-09-11T20:30:57.124+0000] {processor.py:153} INFO - Started process (PID=757) to work on /opt/airflow/dags/deepface.py
[2022-09-11T20:30:57.124+0000] {processor.py:640} INFO - Processing file /opt/airflow/dags/deepface.py for tasks to queue
[2022-09-11T20:30:57.125+0000] {logging_mixin.py:115} INFO - [2022-09-11T20:30:57.125+0000] {dagbag.py:508} INFO - Filling up the DagBag from /opt/airflow/dags/deepface.py
[2022-09-11T20:30:59.508+0000] {processor.py:650} INFO - DAG(s) dict_keys(['Deepface']) retrieved from /opt/airflow/dags/deepface.py
[2022-09-11T20:30:59.690+0000] {logging_mixin.py:115} INFO - [2022-09-11T20:30:59.689+0000] {dag.py:2429} INFO - Sync 1 DAGs
[2022-09-11T20:30:59.711+0000] {logging_mixin.py:115} INFO - [2022-09-11T20:30:59.711+0000] {dag.py:2981} INFO - Setting next_dagrun for Deepface to None, run_after=None
[2022-09-11T20:30:59.722+0000] {processor.py:161} INFO - Processing /opt/airflow/dags/deepface.py took 2.603 seconds
[2022-09-11T20:31:29.890+0000] {processor.py:153} INFO - Started process (PID=822) to work on /opt/airflow/dags/deepface.py
[2022-09-11T20:31:29.890+0000] {processor.py:640} INFO - Processing file /opt/airflow/dags/deepface.py for tasks to queue
[2022-09-11T20:31:29.891+0000] {logging_mixin.py:115} INFO - [2022-09-11T20:31:29.891+0000] {dagbag.py:508} INFO - Filling up the DagBag from /opt/airflow/dags/deepface.py
[2022-09-11T20:31:32.079+0000] {processor.py:650} INFO - DAG(s) dict_keys(['Deepface']) retrieved from /opt/airflow/dags/deepface.py
[2022-09-11T20:31:32.256+0000] {logging_mixin.py:115} INFO - [2022-09-11T20:31:32.255+0000] {dag.py:2429} INFO - Sync 1 DAGs
[2022-09-11T20:31:32.281+0000] {logging_mixin.py:115} INFO - [2022-09-11T20:31:32.281+0000] {dag.py:2981} INFO - Setting next_dagrun for Deepface to None, run_after=None
[2022-09-11T20:31:32.304+0000] {processor.py:161} INFO - Processing /opt/airflow/dags/deepface.py took 2.419 seconds
[2022-09-11T20:32:02.454+0000] {processor.py:153} INFO - Started process (PID=892) to work on /opt/airflow/dags/deepface.py
[2022-09-11T20:32:02.455+0000] {processor.py:640} INFO - Processing file /opt/airflow/dags/deepface.py for tasks to queue
[2022-09-11T20:32:02.455+0000] {logging_mixin.py:115} INFO - [2022-09-11T20:32:02.455+0000] {dagbag.py:508} INFO - Filling up the DagBag from /opt/airflow/dags/deepface.py
[2022-09-11T20:32:04.841+0000] {processor.py:650} INFO - DAG(s) dict_keys(['Deepface']) retrieved from /opt/airflow/dags/deepface.py
[2022-09-11T20:32:05.036+0000] {logging_mixin.py:115} INFO - [2022-09-11T20:32:05.035+0000] {dag.py:2429} INFO - Sync 1 DAGs
[2022-09-11T20:32:05.059+0000] {logging_mixin.py:115} INFO - [2022-09-11T20:32:05.059+0000] {dag.py:2981} INFO - Setting next_dagrun for Deepface to None, run_after=None
[2022-09-11T20:32:05.073+0000] {processor.py:161} INFO - Processing /opt/airflow/dags/deepface.py took 2.623 seconds
[2022-09-11T20:32:35.927+0000] {processor.py:153} INFO - Started process (PID=953) to work on /opt/airflow/dags/deepface.py
[2022-09-11T20:32:35.928+0000] {processor.py:640} INFO - Processing file /opt/airflow/dags/deepface.py for tasks to queue
[2022-09-11T20:32:35.929+0000] {logging_mixin.py:115} INFO - [2022-09-11T20:32:35.928+0000] {dagbag.py:508} INFO - Filling up the DagBag from /opt/airflow/dags/deepface.py
[2022-09-11T20:32:38.423+0000] {processor.py:650} INFO - DAG(s) dict_keys(['Deepface']) retrieved from /opt/airflow/dags/deepface.py
[2022-09-11T20:32:38.596+0000] {logging_mixin.py:115} INFO - [2022-09-11T20:32:38.595+0000] {dag.py:2429} INFO - Sync 1 DAGs
[2022-09-11T20:32:38.614+0000] {logging_mixin.py:115} INFO - [2022-09-11T20:32:38.614+0000] {dag.py:2981} INFO - Setting next_dagrun for Deepface to None, run_after=None
[2022-09-11T20:32:38.626+0000] {processor.py:161} INFO - Processing /opt/airflow/dags/deepface.py took 2.704 seconds
[2022-09-11T20:33:09.024+0000] {processor.py:153} INFO - Started process (PID=1027) to work on /opt/airflow/dags/deepface.py
[2022-09-11T20:33:09.025+0000] {processor.py:640} INFO - Processing file /opt/airflow/dags/deepface.py for tasks to queue
[2022-09-11T20:33:09.026+0000] {logging_mixin.py:115} INFO - [2022-09-11T20:33:09.026+0000] {dagbag.py:508} INFO - Filling up the DagBag from /opt/airflow/dags/deepface.py
[2022-09-11T20:33:11.438+0000] {processor.py:650} INFO - DAG(s) dict_keys(['Deepface']) retrieved from /opt/airflow/dags/deepface.py
[2022-09-11T20:33:11.627+0000] {logging_mixin.py:115} INFO - [2022-09-11T20:33:11.627+0000] {dag.py:2429} INFO - Sync 1 DAGs
[2022-09-11T20:33:11.651+0000] {logging_mixin.py:115} INFO - [2022-09-11T20:33:11.650+0000] {dag.py:2981} INFO - Setting next_dagrun for Deepface to None, run_after=None
[2022-09-11T20:33:11.671+0000] {processor.py:161} INFO - Processing /opt/airflow/dags/deepface.py took 2.652 seconds
[2022-09-11T20:33:41.890+0000] {processor.py:153} INFO - Started process (PID=1096) to work on /opt/airflow/dags/deepface.py
[2022-09-11T20:33:41.891+0000] {processor.py:640} INFO - Processing file /opt/airflow/dags/deepface.py for tasks to queue
[2022-09-11T20:33:41.891+0000] {logging_mixin.py:115} INFO - [2022-09-11T20:33:41.891+0000] {dagbag.py:508} INFO - Filling up the DagBag from /opt/airflow/dags/deepface.py
[2022-09-11T20:33:44.212+0000] {processor.py:650} INFO - DAG(s) dict_keys(['Deepface']) retrieved from /opt/airflow/dags/deepface.py
[2022-09-11T20:33:44.389+0000] {logging_mixin.py:115} INFO - [2022-09-11T20:33:44.389+0000] {dag.py:2429} INFO - Sync 1 DAGs
[2022-09-11T20:33:44.412+0000] {logging_mixin.py:115} INFO - [2022-09-11T20:33:44.412+0000] {dag.py:2981} INFO - Setting next_dagrun for Deepface to None, run_after=None
[2022-09-11T20:33:44.427+0000] {processor.py:161} INFO - Processing /opt/airflow/dags/deepface.py took 2.540 seconds
[2022-09-11T20:34:14.993+0000] {processor.py:153} INFO - Started process (PID=1163) to work on /opt/airflow/dags/deepface.py
[2022-09-11T20:34:14.994+0000] {processor.py:640} INFO - Processing file /opt/airflow/dags/deepface.py for tasks to queue
[2022-09-11T20:34:14.994+0000] {logging_mixin.py:115} INFO - [2022-09-11T20:34:14.994+0000] {dagbag.py:508} INFO - Filling up the DagBag from /opt/airflow/dags/deepface.py
[2022-09-11T20:34:17.321+0000] {processor.py:650} INFO - DAG(s) dict_keys(['Deepface']) retrieved from /opt/airflow/dags/deepface.py
[2022-09-11T20:34:17.490+0000] {logging_mixin.py:115} INFO - [2022-09-11T20:34:17.490+0000] {dag.py:2429} INFO - Sync 1 DAGs
[2022-09-11T20:34:17.511+0000] {logging_mixin.py:115} INFO - [2022-09-11T20:34:17.511+0000] {dag.py:2981} INFO - Setting next_dagrun for Deepface to None, run_after=None
[2022-09-11T20:34:17.525+0000] {processor.py:161} INFO - Processing /opt/airflow/dags/deepface.py took 2.539 seconds
[2022-09-11T20:34:48.056+0000] {processor.py:153} INFO - Started process (PID=1226) to work on /opt/airflow/dags/deepface.py
[2022-09-11T20:34:48.057+0000] {processor.py:640} INFO - Processing file /opt/airflow/dags/deepface.py for tasks to queue
[2022-09-11T20:34:48.058+0000] {logging_mixin.py:115} INFO - [2022-09-11T20:34:48.057+0000] {dagbag.py:508} INFO - Filling up the DagBag from /opt/airflow/dags/deepface.py
[2022-09-11T20:34:50.348+0000] {processor.py:650} INFO - DAG(s) dict_keys(['Deepface']) retrieved from /opt/airflow/dags/deepface.py
[2022-09-11T20:34:50.528+0000] {logging_mixin.py:115} INFO - [2022-09-11T20:34:50.527+0000] {dag.py:2429} INFO - Sync 1 DAGs
[2022-09-11T20:34:50.548+0000] {logging_mixin.py:115} INFO - [2022-09-11T20:34:50.548+0000] {dag.py:2981} INFO - Setting next_dagrun for Deepface to None, run_after=None
[2022-09-11T20:34:50.575+0000] {processor.py:161} INFO - Processing /opt/airflow/dags/deepface.py took 2.525 seconds
[2022-09-11T20:35:20.774+0000] {processor.py:153} INFO - Started process (PID=1289) to work on /opt/airflow/dags/deepface.py
[2022-09-11T20:35:20.792+0000] {processor.py:640} INFO - Processing file /opt/airflow/dags/deepface.py for tasks to queue
[2022-09-11T20:35:20.793+0000] {logging_mixin.py:115} INFO - [2022-09-11T20:35:20.792+0000] {dagbag.py:508} INFO - Filling up the DagBag from /opt/airflow/dags/deepface.py
[2022-09-11T20:35:23.021+0000] {processor.py:650} INFO - DAG(s) dict_keys(['Deepface']) retrieved from /opt/airflow/dags/deepface.py
[2022-09-11T20:35:23.204+0000] {logging_mixin.py:115} INFO - [2022-09-11T20:35:23.204+0000] {dag.py:2429} INFO - Sync 1 DAGs
[2022-09-11T20:35:23.226+0000] {logging_mixin.py:115} INFO - [2022-09-11T20:35:23.226+0000] {dag.py:2981} INFO - Setting next_dagrun for Deepface to None, run_after=None
[2022-09-11T20:35:23.239+0000] {processor.py:161} INFO - Processing /opt/airflow/dags/deepface.py took 2.472 seconds
[2022-09-11T20:35:53.372+0000] {processor.py:153} INFO - Started process (PID=1349) to work on /opt/airflow/dags/deepface.py
[2022-09-11T20:35:53.373+0000] {processor.py:640} INFO - Processing file /opt/airflow/dags/deepface.py for tasks to queue
[2022-09-11T20:35:53.374+0000] {logging_mixin.py:115} INFO - [2022-09-11T20:35:53.374+0000] {dagbag.py:508} INFO - Filling up the DagBag from /opt/airflow/dags/deepface.py
[2022-09-11T20:35:55.675+0000] {processor.py:650} INFO - DAG(s) dict_keys(['Deepface']) retrieved from /opt/airflow/dags/deepface.py
[2022-09-11T20:35:55.838+0000] {logging_mixin.py:115} INFO - [2022-09-11T20:35:55.838+0000] {dag.py:2429} INFO - Sync 1 DAGs
[2022-09-11T20:35:55.856+0000] {logging_mixin.py:115} INFO - [2022-09-11T20:35:55.856+0000] {dag.py:2981} INFO - Setting next_dagrun for Deepface to None, run_after=None
[2022-09-11T20:35:55.880+0000] {processor.py:161} INFO - Processing /opt/airflow/dags/deepface.py took 2.511 seconds
[2022-09-11T20:36:26.051+0000] {processor.py:153} INFO - Started process (PID=1407) to work on /opt/airflow/dags/deepface.py
[2022-09-11T20:36:26.052+0000] {processor.py:640} INFO - Processing file /opt/airflow/dags/deepface.py for tasks to queue
[2022-09-11T20:36:26.053+0000] {logging_mixin.py:115} INFO - [2022-09-11T20:36:26.052+0000] {dagbag.py:508} INFO - Filling up the DagBag from /opt/airflow/dags/deepface.py
[2022-09-11T20:36:28.556+0000] {processor.py:650} INFO - DAG(s) dict_keys(['Deepface']) retrieved from /opt/airflow/dags/deepface.py
[2022-09-11T20:36:28.778+0000] {logging_mixin.py:115} INFO - [2022-09-11T20:36:28.778+0000] {dag.py:2429} INFO - Sync 1 DAGs
[2022-09-11T20:36:28.807+0000] {logging_mixin.py:115} INFO - [2022-09-11T20:36:28.807+0000] {dag.py:2981} INFO - Setting next_dagrun for Deepface to None, run_after=None
[2022-09-11T20:36:28.831+0000] {processor.py:161} INFO - Processing /opt/airflow/dags/deepface.py took 2.786 seconds
[2022-09-11T20:36:59.386+0000] {processor.py:153} INFO - Started process (PID=1470) to work on /opt/airflow/dags/deepface.py
[2022-09-11T20:36:59.386+0000] {processor.py:640} INFO - Processing file /opt/airflow/dags/deepface.py for tasks to queue
[2022-09-11T20:36:59.387+0000] {logging_mixin.py:115} INFO - [2022-09-11T20:36:59.387+0000] {dagbag.py:508} INFO - Filling up the DagBag from /opt/airflow/dags/deepface.py
[2022-09-11T20:37:01.531+0000] {processor.py:650} INFO - DAG(s) dict_keys(['Deepface']) retrieved from /opt/airflow/dags/deepface.py
[2022-09-11T20:37:01.695+0000] {logging_mixin.py:115} INFO - [2022-09-11T20:37:01.694+0000] {dag.py:2429} INFO - Sync 1 DAGs
[2022-09-11T20:37:01.713+0000] {logging_mixin.py:115} INFO - [2022-09-11T20:37:01.713+0000] {dag.py:2981} INFO - Setting next_dagrun for Deepface to None, run_after=None
[2022-09-11T20:37:01.737+0000] {processor.py:161} INFO - Processing /opt/airflow/dags/deepface.py took 2.357 seconds
[2022-09-11T20:37:32.257+0000] {processor.py:153} INFO - Started process (PID=1534) to work on /opt/airflow/dags/deepface.py
[2022-09-11T20:37:32.272+0000] {processor.py:640} INFO - Processing file /opt/airflow/dags/deepface.py for tasks to queue
[2022-09-11T20:37:32.273+0000] {logging_mixin.py:115} INFO - [2022-09-11T20:37:32.273+0000] {dagbag.py:508} INFO - Filling up the DagBag from /opt/airflow/dags/deepface.py
[2022-09-11T20:37:34.575+0000] {processor.py:650} INFO - DAG(s) dict_keys(['Deepface']) retrieved from /opt/airflow/dags/deepface.py
[2022-09-11T20:37:34.736+0000] {logging_mixin.py:115} INFO - [2022-09-11T20:37:34.735+0000] {dag.py:2429} INFO - Sync 1 DAGs
[2022-09-11T20:37:34.756+0000] {logging_mixin.py:115} INFO - [2022-09-11T20:37:34.756+0000] {dag.py:2981} INFO - Setting next_dagrun for Deepface to None, run_after=None
[2022-09-11T20:37:34.768+0000] {processor.py:161} INFO - Processing /opt/airflow/dags/deepface.py took 2.514 seconds
[2022-09-11T20:38:04.853+0000] {processor.py:153} INFO - Started process (PID=1597) to work on /opt/airflow/dags/deepface.py
[2022-09-11T20:38:04.854+0000] {processor.py:640} INFO - Processing file /opt/airflow/dags/deepface.py for tasks to queue
[2022-09-11T20:38:04.855+0000] {logging_mixin.py:115} INFO - [2022-09-11T20:38:04.855+0000] {dagbag.py:508} INFO - Filling up the DagBag from /opt/airflow/dags/deepface.py
[2022-09-11T20:38:07.139+0000] {processor.py:650} INFO - DAG(s) dict_keys(['Deepface']) retrieved from /opt/airflow/dags/deepface.py
[2022-09-11T20:38:07.328+0000] {logging_mixin.py:115} INFO - [2022-09-11T20:38:07.327+0000] {dag.py:2429} INFO - Sync 1 DAGs
[2022-09-11T20:38:07.355+0000] {logging_mixin.py:115} INFO - [2022-09-11T20:38:07.355+0000] {dag.py:2981} INFO - Setting next_dagrun for Deepface to None, run_after=None
[2022-09-11T20:38:07.383+0000] {processor.py:161} INFO - Processing /opt/airflow/dags/deepface.py took 2.535 seconds
[2022-09-11T20:38:37.996+0000] {processor.py:153} INFO - Started process (PID=1662) to work on /opt/airflow/dags/deepface.py
[2022-09-11T20:38:37.997+0000] {processor.py:640} INFO - Processing file /opt/airflow/dags/deepface.py for tasks to queue
[2022-09-11T20:38:37.997+0000] {logging_mixin.py:115} INFO - [2022-09-11T20:38:37.997+0000] {dagbag.py:508} INFO - Filling up the DagBag from /opt/airflow/dags/deepface.py
[2022-09-11T20:38:40.197+0000] {processor.py:650} INFO - DAG(s) dict_keys(['Deepface']) retrieved from /opt/airflow/dags/deepface.py
[2022-09-11T20:38:40.380+0000] {logging_mixin.py:115} INFO - [2022-09-11T20:38:40.379+0000] {dag.py:2429} INFO - Sync 1 DAGs
[2022-09-11T20:38:40.400+0000] {logging_mixin.py:115} INFO - [2022-09-11T20:38:40.400+0000] {dag.py:2981} INFO - Setting next_dagrun for Deepface to None, run_after=None
[2022-09-11T20:38:40.412+0000] {processor.py:161} INFO - Processing /opt/airflow/dags/deepface.py took 2.419 seconds
[2022-09-11T20:39:10.887+0000] {processor.py:153} INFO - Started process (PID=1729) to work on /opt/airflow/dags/deepface.py
[2022-09-11T20:39:10.893+0000] {processor.py:640} INFO - Processing file /opt/airflow/dags/deepface.py for tasks to queue
[2022-09-11T20:39:10.894+0000] {logging_mixin.py:115} INFO - [2022-09-11T20:39:10.894+0000] {dagbag.py:508} INFO - Filling up the DagBag from /opt/airflow/dags/deepface.py
[2022-09-11T20:39:13.158+0000] {processor.py:650} INFO - DAG(s) dict_keys(['Deepface']) retrieved from /opt/airflow/dags/deepface.py
[2022-09-11T20:39:13.331+0000] {logging_mixin.py:115} INFO - [2022-09-11T20:39:13.331+0000] {dag.py:2429} INFO - Sync 1 DAGs
[2022-09-11T20:39:13.360+0000] {logging_mixin.py:115} INFO - [2022-09-11T20:39:13.360+0000] {dag.py:2981} INFO - Setting next_dagrun for Deepface to None, run_after=None
[2022-09-11T20:39:13.388+0000] {processor.py:161} INFO - Processing /opt/airflow/dags/deepface.py took 2.505 seconds
[2022-09-11T20:39:43.909+0000] {processor.py:153} INFO - Started process (PID=1792) to work on /opt/airflow/dags/deepface.py
[2022-09-11T20:39:43.909+0000] {processor.py:640} INFO - Processing file /opt/airflow/dags/deepface.py for tasks to queue
[2022-09-11T20:39:43.910+0000] {logging_mixin.py:115} INFO - [2022-09-11T20:39:43.910+0000] {dagbag.py:508} INFO - Filling up the DagBag from /opt/airflow/dags/deepface.py
[2022-09-11T20:39:46.367+0000] {processor.py:650} INFO - DAG(s) dict_keys(['Deepface']) retrieved from /opt/airflow/dags/deepface.py
[2022-09-11T20:39:46.576+0000] {logging_mixin.py:115} INFO - [2022-09-11T20:39:46.576+0000] {dag.py:2429} INFO - Sync 1 DAGs
[2022-09-11T20:39:46.612+0000] {logging_mixin.py:115} INFO - [2022-09-11T20:39:46.612+0000] {dag.py:2981} INFO - Setting next_dagrun for Deepface to None, run_after=None
[2022-09-11T20:39:46.627+0000] {processor.py:161} INFO - Processing /opt/airflow/dags/deepface.py took 2.722 seconds
[2022-09-11T20:40:16.761+0000] {processor.py:153} INFO - Started process (PID=1862) to work on /opt/airflow/dags/deepface.py
[2022-09-11T20:40:16.762+0000] {processor.py:640} INFO - Processing file /opt/airflow/dags/deepface.py for tasks to queue
[2022-09-11T20:40:16.763+0000] {logging_mixin.py:115} INFO - [2022-09-11T20:40:16.763+0000] {dagbag.py:508} INFO - Filling up the DagBag from /opt/airflow/dags/deepface.py
[2022-09-11T20:40:19.150+0000] {processor.py:650} INFO - DAG(s) dict_keys(['Deepface']) retrieved from /opt/airflow/dags/deepface.py
[2022-09-11T20:40:19.171+0000] {logging_mixin.py:115} INFO - [2022-09-11T20:40:19.170+0000] {dag.py:2429} INFO - Sync 1 DAGs
[2022-09-11T20:40:19.202+0000] {logging_mixin.py:115} INFO - [2022-09-11T20:40:19.202+0000] {dag.py:2981} INFO - Setting next_dagrun for Deepface to None, run_after=None
[2022-09-11T20:40:19.218+0000] {processor.py:161} INFO - Processing /opt/airflow/dags/deepface.py took 2.461 seconds
[2022-09-11T20:40:49.321+0000] {processor.py:153} INFO - Started process (PID=1930) to work on /opt/airflow/dags/deepface.py
[2022-09-11T20:40:49.321+0000] {processor.py:640} INFO - Processing file /opt/airflow/dags/deepface.py for tasks to queue
[2022-09-11T20:40:49.322+0000] {logging_mixin.py:115} INFO - [2022-09-11T20:40:49.322+0000] {dagbag.py:508} INFO - Filling up the DagBag from /opt/airflow/dags/deepface.py
[2022-09-11T20:40:51.866+0000] {processor.py:650} INFO - DAG(s) dict_keys(['Deepface']) retrieved from /opt/airflow/dags/deepface.py
[2022-09-11T20:40:51.889+0000] {logging_mixin.py:115} INFO - [2022-09-11T20:40:51.888+0000] {dag.py:2429} INFO - Sync 1 DAGs
[2022-09-11T20:40:51.908+0000] {logging_mixin.py:115} INFO - [2022-09-11T20:40:51.908+0000] {dag.py:2981} INFO - Setting next_dagrun for Deepface to None, run_after=None
[2022-09-11T20:40:51.935+0000] {processor.py:161} INFO - Processing /opt/airflow/dags/deepface.py took 2.619 seconds
[2022-09-11T20:41:21.998+0000] {processor.py:153} INFO - Started process (PID=1999) to work on /opt/airflow/dags/deepface.py
[2022-09-11T20:41:21.998+0000] {processor.py:640} INFO - Processing file /opt/airflow/dags/deepface.py for tasks to queue
[2022-09-11T20:41:22.000+0000] {logging_mixin.py:115} INFO - [2022-09-11T20:41:21.999+0000] {dagbag.py:508} INFO - Filling up the DagBag from /opt/airflow/dags/deepface.py
[2022-09-11T20:41:24.311+0000] {processor.py:650} INFO - DAG(s) dict_keys(['Deepface']) retrieved from /opt/airflow/dags/deepface.py
[2022-09-11T20:41:24.339+0000] {logging_mixin.py:115} INFO - [2022-09-11T20:41:24.338+0000] {dag.py:2429} INFO - Sync 1 DAGs
[2022-09-11T20:41:24.369+0000] {logging_mixin.py:115} INFO - [2022-09-11T20:41:24.369+0000] {dag.py:2981} INFO - Setting next_dagrun for Deepface to None, run_after=None
[2022-09-11T20:41:24.394+0000] {processor.py:161} INFO - Processing /opt/airflow/dags/deepface.py took 2.401 seconds
[2022-09-11T20:41:54.443+0000] {processor.py:153} INFO - Started process (PID=2066) to work on /opt/airflow/dags/deepface.py
[2022-09-11T20:41:54.444+0000] {processor.py:640} INFO - Processing file /opt/airflow/dags/deepface.py for tasks to queue
[2022-09-11T20:41:54.445+0000] {logging_mixin.py:115} INFO - [2022-09-11T20:41:54.445+0000] {dagbag.py:508} INFO - Filling up the DagBag from /opt/airflow/dags/deepface.py
[2022-09-11T20:41:56.636+0000] {processor.py:650} INFO - DAG(s) dict_keys(['Deepface']) retrieved from /opt/airflow/dags/deepface.py
[2022-09-11T20:41:56.655+0000] {logging_mixin.py:115} INFO - [2022-09-11T20:41:56.655+0000] {dag.py:2429} INFO - Sync 1 DAGs
[2022-09-11T20:41:56.675+0000] {logging_mixin.py:115} INFO - [2022-09-11T20:41:56.675+0000] {dag.py:2981} INFO - Setting next_dagrun for Deepface to None, run_after=None
[2022-09-11T20:41:56.684+0000] {processor.py:161} INFO - Processing /opt/airflow/dags/deepface.py took 2.245 seconds
[2022-09-11T20:42:27.383+0000] {processor.py:153} INFO - Started process (PID=2120) to work on /opt/airflow/dags/deepface.py
[2022-09-11T20:42:27.384+0000] {processor.py:640} INFO - Processing file /opt/airflow/dags/deepface.py for tasks to queue
[2022-09-11T20:42:27.384+0000] {logging_mixin.py:115} INFO - [2022-09-11T20:42:27.384+0000] {dagbag.py:508} INFO - Filling up the DagBag from /opt/airflow/dags/deepface.py
[2022-09-11T20:42:29.506+0000] {processor.py:650} INFO - DAG(s) dict_keys(['Deepface']) retrieved from /opt/airflow/dags/deepface.py
[2022-09-11T20:42:29.532+0000] {logging_mixin.py:115} INFO - [2022-09-11T20:42:29.532+0000] {dag.py:2429} INFO - Sync 1 DAGs
[2022-09-11T20:42:29.553+0000] {logging_mixin.py:115} INFO - [2022-09-11T20:42:29.553+0000] {dag.py:2981} INFO - Setting next_dagrun for Deepface to None, run_after=None
[2022-09-11T20:42:29.565+0000] {processor.py:161} INFO - Processing /opt/airflow/dags/deepface.py took 2.186 seconds
[2022-09-11T20:42:59.639+0000] {processor.py:153} INFO - Started process (PID=2183) to work on /opt/airflow/dags/deepface.py
[2022-09-11T20:42:59.645+0000] {processor.py:640} INFO - Processing file /opt/airflow/dags/deepface.py for tasks to queue
[2022-09-11T20:42:59.645+0000] {logging_mixin.py:115} INFO - [2022-09-11T20:42:59.645+0000] {dagbag.py:508} INFO - Filling up the DagBag from /opt/airflow/dags/deepface.py
[2022-09-11T20:43:01.942+0000] {processor.py:650} INFO - DAG(s) dict_keys(['Deepface']) retrieved from /opt/airflow/dags/deepface.py
[2022-09-11T20:43:01.967+0000] {logging_mixin.py:115} INFO - [2022-09-11T20:43:01.966+0000] {dag.py:2429} INFO - Sync 1 DAGs
[2022-09-11T20:43:01.995+0000] {logging_mixin.py:115} INFO - [2022-09-11T20:43:01.995+0000] {dag.py:2981} INFO - Setting next_dagrun for Deepface to None, run_after=None
[2022-09-11T20:43:02.008+0000] {processor.py:161} INFO - Processing /opt/airflow/dags/deepface.py took 2.375 seconds
[2022-09-11T20:43:32.406+0000] {processor.py:153} INFO - Started process (PID=2246) to work on /opt/airflow/dags/deepface.py
[2022-09-11T20:43:32.407+0000] {processor.py:640} INFO - Processing file /opt/airflow/dags/deepface.py for tasks to queue
[2022-09-11T20:43:32.408+0000] {logging_mixin.py:115} INFO - [2022-09-11T20:43:32.407+0000] {dagbag.py:508} INFO - Filling up the DagBag from /opt/airflow/dags/deepface.py
[2022-09-11T20:43:34.740+0000] {processor.py:650} INFO - DAG(s) dict_keys(['Deepface']) retrieved from /opt/airflow/dags/deepface.py
[2022-09-11T20:43:34.765+0000] {logging_mixin.py:115} INFO - [2022-09-11T20:43:34.764+0000] {dag.py:2429} INFO - Sync 1 DAGs
[2022-09-11T20:43:34.788+0000] {logging_mixin.py:115} INFO - [2022-09-11T20:43:34.788+0000] {dag.py:2981} INFO - Setting next_dagrun for Deepface to None, run_after=None
[2022-09-11T20:43:34.814+0000] {processor.py:161} INFO - Processing /opt/airflow/dags/deepface.py took 2.411 seconds
[2022-09-11T20:44:04.941+0000] {processor.py:153} INFO - Started process (PID=2309) to work on /opt/airflow/dags/deepface.py
[2022-09-11T20:44:04.942+0000] {processor.py:640} INFO - Processing file /opt/airflow/dags/deepface.py for tasks to queue
[2022-09-11T20:44:04.942+0000] {logging_mixin.py:115} INFO - [2022-09-11T20:44:04.942+0000] {dagbag.py:508} INFO - Filling up the DagBag from /opt/airflow/dags/deepface.py
[2022-09-11T20:44:07.210+0000] {processor.py:650} INFO - DAG(s) dict_keys(['Deepface']) retrieved from /opt/airflow/dags/deepface.py
[2022-09-11T20:44:07.231+0000] {logging_mixin.py:115} INFO - [2022-09-11T20:44:07.231+0000] {dag.py:2429} INFO - Sync 1 DAGs
[2022-09-11T20:44:07.251+0000] {logging_mixin.py:115} INFO - [2022-09-11T20:44:07.251+0000] {dag.py:2981} INFO - Setting next_dagrun for Deepface to None, run_after=None
[2022-09-11T20:44:07.276+0000] {processor.py:161} INFO - Processing /opt/airflow/dags/deepface.py took 2.338 seconds
[2022-09-11T20:44:37.345+0000] {processor.py:153} INFO - Started process (PID=2372) to work on /opt/airflow/dags/deepface.py
[2022-09-11T20:44:37.361+0000] {processor.py:640} INFO - Processing file /opt/airflow/dags/deepface.py for tasks to queue
[2022-09-11T20:44:37.362+0000] {logging_mixin.py:115} INFO - [2022-09-11T20:44:37.361+0000] {dagbag.py:508} INFO - Filling up the DagBag from /opt/airflow/dags/deepface.py
[2022-09-11T20:44:39.604+0000] {processor.py:650} INFO - DAG(s) dict_keys(['Deepface']) retrieved from /opt/airflow/dags/deepface.py
[2022-09-11T20:44:39.626+0000] {logging_mixin.py:115} INFO - [2022-09-11T20:44:39.625+0000] {dag.py:2429} INFO - Sync 1 DAGs
[2022-09-11T20:44:39.644+0000] {logging_mixin.py:115} INFO - [2022-09-11T20:44:39.643+0000] {dag.py:2981} INFO - Setting next_dagrun for Deepface to None, run_after=None
[2022-09-11T20:44:39.654+0000] {processor.py:161} INFO - Processing /opt/airflow/dags/deepface.py took 2.312 seconds
[2022-09-11T20:45:09.899+0000] {processor.py:153} INFO - Started process (PID=2435) to work on /opt/airflow/dags/deepface.py
[2022-09-11T20:45:09.900+0000] {processor.py:640} INFO - Processing file /opt/airflow/dags/deepface.py for tasks to queue
[2022-09-11T20:45:09.901+0000] {logging_mixin.py:115} INFO - [2022-09-11T20:45:09.901+0000] {dagbag.py:508} INFO - Filling up the DagBag from /opt/airflow/dags/deepface.py
[2022-09-11T20:45:12.205+0000] {processor.py:650} INFO - DAG(s) dict_keys(['Deepface']) retrieved from /opt/airflow/dags/deepface.py
[2022-09-11T20:45:12.226+0000] {logging_mixin.py:115} INFO - [2022-09-11T20:45:12.226+0000] {dag.py:2429} INFO - Sync 1 DAGs
[2022-09-11T20:45:12.245+0000] {logging_mixin.py:115} INFO - [2022-09-11T20:45:12.245+0000] {dag.py:2981} INFO - Setting next_dagrun for Deepface to None, run_after=None
[2022-09-11T20:45:12.260+0000] {processor.py:161} INFO - Processing /opt/airflow/dags/deepface.py took 2.366 seconds
[2022-09-11T20:45:42.394+0000] {processor.py:153} INFO - Started process (PID=2489) to work on /opt/airflow/dags/deepface.py
[2022-09-11T20:45:42.395+0000] {processor.py:640} INFO - Processing file /opt/airflow/dags/deepface.py for tasks to queue
[2022-09-11T20:45:42.395+0000] {logging_mixin.py:115} INFO - [2022-09-11T20:45:42.395+0000] {dagbag.py:508} INFO - Filling up the DagBag from /opt/airflow/dags/deepface.py
[2022-09-11T20:45:44.799+0000] {processor.py:650} INFO - DAG(s) dict_keys(['Deepface']) retrieved from /opt/airflow/dags/deepface.py
[2022-09-11T20:45:44.824+0000] {logging_mixin.py:115} INFO - [2022-09-11T20:45:44.823+0000] {dag.py:2429} INFO - Sync 1 DAGs
[2022-09-11T20:45:44.846+0000] {logging_mixin.py:115} INFO - [2022-09-11T20:45:44.846+0000] {dag.py:2981} INFO - Setting next_dagrun for Deepface to None, run_after=None
[2022-09-11T20:45:44.873+0000] {processor.py:161} INFO - Processing /opt/airflow/dags/deepface.py took 2.484 seconds
[2022-09-11T20:46:15.786+0000] {processor.py:153} INFO - Started process (PID=2553) to work on /opt/airflow/dags/deepface.py
[2022-09-11T20:46:15.787+0000] {processor.py:640} INFO - Processing file /opt/airflow/dags/deepface.py for tasks to queue
[2022-09-11T20:46:15.788+0000] {logging_mixin.py:115} INFO - [2022-09-11T20:46:15.787+0000] {dagbag.py:508} INFO - Filling up the DagBag from /opt/airflow/dags/deepface.py
[2022-09-11T20:46:18.011+0000] {processor.py:650} INFO - DAG(s) dict_keys(['Deepface']) retrieved from /opt/airflow/dags/deepface.py
[2022-09-11T20:46:18.037+0000] {logging_mixin.py:115} INFO - [2022-09-11T20:46:18.036+0000] {dag.py:2429} INFO - Sync 1 DAGs
[2022-09-11T20:46:18.058+0000] {logging_mixin.py:115} INFO - [2022-09-11T20:46:18.057+0000] {dag.py:2981} INFO - Setting next_dagrun for Deepface to None, run_after=None
[2022-09-11T20:46:18.080+0000] {processor.py:161} INFO - Processing /opt/airflow/dags/deepface.py took 2.298 seconds
[2022-09-11T20:46:48.285+0000] {processor.py:153} INFO - Started process (PID=2618) to work on /opt/airflow/dags/deepface.py
[2022-09-11T20:46:48.286+0000] {processor.py:640} INFO - Processing file /opt/airflow/dags/deepface.py for tasks to queue
[2022-09-11T20:46:48.286+0000] {logging_mixin.py:115} INFO - [2022-09-11T20:46:48.286+0000] {dagbag.py:508} INFO - Filling up the DagBag from /opt/airflow/dags/deepface.py
[2022-09-11T20:46:50.581+0000] {processor.py:650} INFO - DAG(s) dict_keys(['Deepface']) retrieved from /opt/airflow/dags/deepface.py
[2022-09-11T20:46:50.607+0000] {logging_mixin.py:115} INFO - [2022-09-11T20:46:50.607+0000] {dag.py:2429} INFO - Sync 1 DAGs
[2022-09-11T20:46:50.631+0000] {logging_mixin.py:115} INFO - [2022-09-11T20:46:50.631+0000] {dag.py:2981} INFO - Setting next_dagrun for Deepface to None, run_after=None
[2022-09-11T20:46:50.645+0000] {processor.py:161} INFO - Processing /opt/airflow/dags/deepface.py took 2.365 seconds
[2022-09-11T20:47:20.885+0000] {processor.py:153} INFO - Started process (PID=2687) to work on /opt/airflow/dags/deepface.py
[2022-09-11T20:47:20.902+0000] {processor.py:640} INFO - Processing file /opt/airflow/dags/deepface.py for tasks to queue
[2022-09-11T20:47:20.903+0000] {logging_mixin.py:115} INFO - [2022-09-11T20:47:20.903+0000] {dagbag.py:508} INFO - Filling up the DagBag from /opt/airflow/dags/deepface.py
[2022-09-11T20:47:23.329+0000] {processor.py:650} INFO - DAG(s) dict_keys(['Deepface']) retrieved from /opt/airflow/dags/deepface.py
[2022-09-11T20:47:23.351+0000] {logging_mixin.py:115} INFO - [2022-09-11T20:47:23.350+0000] {dag.py:2429} INFO - Sync 1 DAGs
[2022-09-11T20:47:23.370+0000] {logging_mixin.py:115} INFO - [2022-09-11T20:47:23.370+0000] {dag.py:2981} INFO - Setting next_dagrun for Deepface to None, run_after=None
[2022-09-11T20:47:23.388+0000] {processor.py:161} INFO - Processing /opt/airflow/dags/deepface.py took 2.505 seconds
[2022-09-11T20:47:53.557+0000] {processor.py:153} INFO - Started process (PID=2755) to work on /opt/airflow/dags/deepface.py
[2022-09-11T20:47:53.558+0000] {processor.py:640} INFO - Processing file /opt/airflow/dags/deepface.py for tasks to queue
[2022-09-11T20:47:53.559+0000] {logging_mixin.py:115} INFO - [2022-09-11T20:47:53.558+0000] {dagbag.py:508} INFO - Filling up the DagBag from /opt/airflow/dags/deepface.py
[2022-09-11T20:47:55.785+0000] {processor.py:650} INFO - DAG(s) dict_keys(['Deepface']) retrieved from /opt/airflow/dags/deepface.py
[2022-09-11T20:47:55.808+0000] {logging_mixin.py:115} INFO - [2022-09-11T20:47:55.807+0000] {dag.py:2429} INFO - Sync 1 DAGs
[2022-09-11T20:47:55.832+0000] {logging_mixin.py:115} INFO - [2022-09-11T20:47:55.832+0000] {dag.py:2981} INFO - Setting next_dagrun for Deepface to None, run_after=None
[2022-09-11T20:47:55.844+0000] {processor.py:161} INFO - Processing /opt/airflow/dags/deepface.py took 2.292 seconds
[2022-09-11T20:48:25.960+0000] {processor.py:153} INFO - Started process (PID=2822) to work on /opt/airflow/dags/deepface.py
[2022-09-11T20:48:25.961+0000] {processor.py:640} INFO - Processing file /opt/airflow/dags/deepface.py for tasks to queue
[2022-09-11T20:48:25.961+0000] {logging_mixin.py:115} INFO - [2022-09-11T20:48:25.961+0000] {dagbag.py:508} INFO - Filling up the DagBag from /opt/airflow/dags/deepface.py
[2022-09-11T20:48:28.278+0000] {processor.py:650} INFO - DAG(s) dict_keys(['Deepface']) retrieved from /opt/airflow/dags/deepface.py
[2022-09-11T20:48:28.300+0000] {logging_mixin.py:115} INFO - [2022-09-11T20:48:28.300+0000] {dag.py:2429} INFO - Sync 1 DAGs
[2022-09-11T20:48:28.323+0000] {logging_mixin.py:115} INFO - [2022-09-11T20:48:28.323+0000] {dag.py:2981} INFO - Setting next_dagrun for Deepface to None, run_after=None
[2022-09-11T20:48:28.335+0000] {processor.py:161} INFO - Processing /opt/airflow/dags/deepface.py took 2.379 seconds
[2022-09-11T20:48:59.140+0000] {processor.py:153} INFO - Started process (PID=2883) to work on /opt/airflow/dags/deepface.py
[2022-09-11T20:48:59.163+0000] {processor.py:640} INFO - Processing file /opt/airflow/dags/deepface.py for tasks to queue
[2022-09-11T20:48:59.165+0000] {logging_mixin.py:115} INFO - [2022-09-11T20:48:59.165+0000] {dagbag.py:508} INFO - Filling up the DagBag from /opt/airflow/dags/deepface.py
[2022-09-11T20:49:01.905+0000] {processor.py:650} INFO - DAG(s) dict_keys(['Deepface']) retrieved from /opt/airflow/dags/deepface.py
[2022-09-11T20:49:01.930+0000] {logging_mixin.py:115} INFO - [2022-09-11T20:49:01.930+0000] {dag.py:2429} INFO - Sync 1 DAGs
[2022-09-11T20:49:01.954+0000] {logging_mixin.py:115} INFO - [2022-09-11T20:49:01.954+0000] {dag.py:2981} INFO - Setting next_dagrun for Deepface to None, run_after=None
[2022-09-11T20:49:01.971+0000] {processor.py:161} INFO - Processing /opt/airflow/dags/deepface.py took 2.836 seconds
[2022-09-11T20:49:32.067+0000] {processor.py:153} INFO - Started process (PID=2950) to work on /opt/airflow/dags/deepface.py
[2022-09-11T20:49:32.068+0000] {processor.py:640} INFO - Processing file /opt/airflow/dags/deepface.py for tasks to queue
[2022-09-11T20:49:32.068+0000] {logging_mixin.py:115} INFO - [2022-09-11T20:49:32.068+0000] {dagbag.py:508} INFO - Filling up the DagBag from /opt/airflow/dags/deepface.py
[2022-09-11T20:49:34.190+0000] {processor.py:650} INFO - DAG(s) dict_keys(['Deepface']) retrieved from /opt/airflow/dags/deepface.py
[2022-09-11T20:49:34.215+0000] {logging_mixin.py:115} INFO - [2022-09-11T20:49:34.214+0000] {dag.py:2429} INFO - Sync 1 DAGs
[2022-09-11T20:49:34.234+0000] {logging_mixin.py:115} INFO - [2022-09-11T20:49:34.233+0000] {dag.py:2981} INFO - Setting next_dagrun for Deepface to None, run_after=None
[2022-09-11T20:49:34.246+0000] {processor.py:161} INFO - Processing /opt/airflow/dags/deepface.py took 2.183 seconds
[2022-09-11T20:50:05.157+0000] {processor.py:153} INFO - Started process (PID=3021) to work on /opt/airflow/dags/deepface.py
[2022-09-11T20:50:05.185+0000] {processor.py:640} INFO - Processing file /opt/airflow/dags/deepface.py for tasks to queue
[2022-09-11T20:50:05.186+0000] {logging_mixin.py:115} INFO - [2022-09-11T20:50:05.186+0000] {dagbag.py:508} INFO - Filling up the DagBag from /opt/airflow/dags/deepface.py
[2022-09-11T20:50:07.253+0000] {processor.py:650} INFO - DAG(s) dict_keys(['Deepface']) retrieved from /opt/airflow/dags/deepface.py
[2022-09-11T20:50:07.280+0000] {logging_mixin.py:115} INFO - [2022-09-11T20:50:07.280+0000] {dag.py:2429} INFO - Sync 1 DAGs
[2022-09-11T20:50:07.305+0000] {logging_mixin.py:115} INFO - [2022-09-11T20:50:07.305+0000] {dag.py:2981} INFO - Setting next_dagrun for Deepface to None, run_after=None
[2022-09-11T20:50:07.331+0000] {processor.py:161} INFO - Processing /opt/airflow/dags/deepface.py took 2.179 seconds
[2022-09-11T20:50:38.209+0000] {processor.py:153} INFO - Started process (PID=3084) to work on /opt/airflow/dags/deepface.py
[2022-09-11T20:50:38.210+0000] {processor.py:640} INFO - Processing file /opt/airflow/dags/deepface.py for tasks to queue
[2022-09-11T20:50:38.211+0000] {logging_mixin.py:115} INFO - [2022-09-11T20:50:38.211+0000] {dagbag.py:508} INFO - Filling up the DagBag from /opt/airflow/dags/deepface.py
[2022-09-11T20:50:40.181+0000] {processor.py:650} INFO - DAG(s) dict_keys(['Deepface']) retrieved from /opt/airflow/dags/deepface.py
[2022-09-11T20:50:40.206+0000] {logging_mixin.py:115} INFO - [2022-09-11T20:50:40.205+0000] {dag.py:2429} INFO - Sync 1 DAGs
[2022-09-11T20:50:40.227+0000] {logging_mixin.py:115} INFO - [2022-09-11T20:50:40.227+0000] {dag.py:2981} INFO - Setting next_dagrun for Deepface to None, run_after=None
[2022-09-11T20:50:40.251+0000] {processor.py:161} INFO - Processing /opt/airflow/dags/deepface.py took 2.047 seconds
[2022-09-11T20:51:10.415+0000] {processor.py:153} INFO - Started process (PID=3147) to work on /opt/airflow/dags/deepface.py
[2022-09-11T20:51:10.416+0000] {processor.py:640} INFO - Processing file /opt/airflow/dags/deepface.py for tasks to queue
[2022-09-11T20:51:10.417+0000] {logging_mixin.py:115} INFO - [2022-09-11T20:51:10.417+0000] {dagbag.py:508} INFO - Filling up the DagBag from /opt/airflow/dags/deepface.py
[2022-09-11T20:51:12.422+0000] {processor.py:650} INFO - DAG(s) dict_keys(['Deepface']) retrieved from /opt/airflow/dags/deepface.py
[2022-09-11T20:51:12.450+0000] {logging_mixin.py:115} INFO - [2022-09-11T20:51:12.449+0000] {dag.py:2429} INFO - Sync 1 DAGs
[2022-09-11T20:51:12.468+0000] {logging_mixin.py:115} INFO - [2022-09-11T20:51:12.468+0000] {dag.py:2981} INFO - Setting next_dagrun for Deepface to None, run_after=None
[2022-09-11T20:51:12.479+0000] {processor.py:161} INFO - Processing /opt/airflow/dags/deepface.py took 2.069 seconds
[2022-09-11T20:51:42.560+0000] {processor.py:153} INFO - Started process (PID=3210) to work on /opt/airflow/dags/deepface.py
[2022-09-11T20:51:42.560+0000] {processor.py:640} INFO - Processing file /opt/airflow/dags/deepface.py for tasks to queue
[2022-09-11T20:51:42.561+0000] {logging_mixin.py:115} INFO - [2022-09-11T20:51:42.561+0000] {dagbag.py:508} INFO - Filling up the DagBag from /opt/airflow/dags/deepface.py
[2022-09-11T20:51:44.604+0000] {processor.py:650} INFO - DAG(s) dict_keys(['Deepface']) retrieved from /opt/airflow/dags/deepface.py
[2022-09-11T20:51:44.627+0000] {logging_mixin.py:115} INFO - [2022-09-11T20:51:44.627+0000] {dag.py:2429} INFO - Sync 1 DAGs
[2022-09-11T20:51:44.647+0000] {logging_mixin.py:115} INFO - [2022-09-11T20:51:44.647+0000] {dag.py:2981} INFO - Setting next_dagrun for Deepface to None, run_after=None
[2022-09-11T20:51:44.659+0000] {processor.py:161} INFO - Processing /opt/airflow/dags/deepface.py took 2.104 seconds
[2022-09-11T20:52:15.398+0000] {processor.py:153} INFO - Started process (PID=3273) to work on /opt/airflow/dags/deepface.py
[2022-09-11T20:52:15.398+0000] {processor.py:640} INFO - Processing file /opt/airflow/dags/deepface.py for tasks to queue
[2022-09-11T20:52:15.399+0000] {logging_mixin.py:115} INFO - [2022-09-11T20:52:15.399+0000] {dagbag.py:508} INFO - Filling up the DagBag from /opt/airflow/dags/deepface.py
[2022-09-11T20:52:17.394+0000] {processor.py:650} INFO - DAG(s) dict_keys(['Deepface']) retrieved from /opt/airflow/dags/deepface.py
[2022-09-11T20:52:17.420+0000] {logging_mixin.py:115} INFO - [2022-09-11T20:52:17.419+0000] {dag.py:2429} INFO - Sync 1 DAGs
[2022-09-11T20:52:17.438+0000] {logging_mixin.py:115} INFO - [2022-09-11T20:52:17.438+0000] {dag.py:2981} INFO - Setting next_dagrun for Deepface to None, run_after=None
[2022-09-11T20:52:17.462+0000] {processor.py:161} INFO - Processing /opt/airflow/dags/deepface.py took 2.070 seconds
[2022-09-11T20:52:47.512+0000] {processor.py:153} INFO - Started process (PID=3327) to work on /opt/airflow/dags/deepface.py
[2022-09-11T20:52:47.513+0000] {processor.py:640} INFO - Processing file /opt/airflow/dags/deepface.py for tasks to queue
[2022-09-11T20:52:47.514+0000] {logging_mixin.py:115} INFO - [2022-09-11T20:52:47.514+0000] {dagbag.py:508} INFO - Filling up the DagBag from /opt/airflow/dags/deepface.py
[2022-09-11T20:52:49.714+0000] {processor.py:650} INFO - DAG(s) dict_keys(['Deepface']) retrieved from /opt/airflow/dags/deepface.py
[2022-09-11T20:52:49.738+0000] {logging_mixin.py:115} INFO - [2022-09-11T20:52:49.738+0000] {dag.py:2429} INFO - Sync 1 DAGs
[2022-09-11T20:52:49.759+0000] {logging_mixin.py:115} INFO - [2022-09-11T20:52:49.759+0000] {dag.py:2981} INFO - Setting next_dagrun for Deepface to None, run_after=None
[2022-09-11T20:52:49.769+0000] {processor.py:161} INFO - Processing /opt/airflow/dags/deepface.py took 2.262 seconds
[2022-09-11T20:53:19.864+0000] {processor.py:153} INFO - Started process (PID=3390) to work on /opt/airflow/dags/deepface.py
[2022-09-11T20:53:19.882+0000] {processor.py:640} INFO - Processing file /opt/airflow/dags/deepface.py for tasks to queue
[2022-09-11T20:53:19.883+0000] {logging_mixin.py:115} INFO - [2022-09-11T20:53:19.883+0000] {dagbag.py:508} INFO - Filling up the DagBag from /opt/airflow/dags/deepface.py
[2022-09-11T20:53:21.860+0000] {processor.py:650} INFO - DAG(s) dict_keys(['Deepface']) retrieved from /opt/airflow/dags/deepface.py
[2022-09-11T20:53:21.886+0000] {logging_mixin.py:115} INFO - [2022-09-11T20:53:21.885+0000] {dag.py:2429} INFO - Sync 1 DAGs
[2022-09-11T20:53:21.905+0000] {logging_mixin.py:115} INFO - [2022-09-11T20:53:21.905+0000] {dag.py:2981} INFO - Setting next_dagrun for Deepface to None, run_after=None
[2022-09-11T20:53:21.929+0000] {processor.py:161} INFO - Processing /opt/airflow/dags/deepface.py took 2.070 seconds
[2022-09-11T20:53:52.160+0000] {processor.py:153} INFO - Started process (PID=3453) to work on /opt/airflow/dags/deepface.py
[2022-09-11T20:53:52.161+0000] {processor.py:640} INFO - Processing file /opt/airflow/dags/deepface.py for tasks to queue
[2022-09-11T20:53:52.162+0000] {logging_mixin.py:115} INFO - [2022-09-11T20:53:52.162+0000] {dagbag.py:508} INFO - Filling up the DagBag from /opt/airflow/dags/deepface.py
[2022-09-11T20:53:54.212+0000] {processor.py:650} INFO - DAG(s) dict_keys(['Deepface']) retrieved from /opt/airflow/dags/deepface.py
[2022-09-11T20:53:54.234+0000] {logging_mixin.py:115} INFO - [2022-09-11T20:53:54.234+0000] {dag.py:2429} INFO - Sync 1 DAGs
[2022-09-11T20:53:54.253+0000] {logging_mixin.py:115} INFO - [2022-09-11T20:53:54.253+0000] {dag.py:2981} INFO - Setting next_dagrun for Deepface to None, run_after=None
[2022-09-11T20:53:54.265+0000] {processor.py:161} INFO - Processing /opt/airflow/dags/deepface.py took 2.110 seconds
[2022-09-11T20:54:24.415+0000] {processor.py:153} INFO - Started process (PID=3517) to work on /opt/airflow/dags/deepface.py
[2022-09-11T20:54:24.416+0000] {processor.py:640} INFO - Processing file /opt/airflow/dags/deepface.py for tasks to queue
[2022-09-11T20:54:24.416+0000] {logging_mixin.py:115} INFO - [2022-09-11T20:54:24.416+0000] {dagbag.py:508} INFO - Filling up the DagBag from /opt/airflow/dags/deepface.py
[2022-09-11T20:54:26.433+0000] {processor.py:650} INFO - DAG(s) dict_keys(['Deepface']) retrieved from /opt/airflow/dags/deepface.py
[2022-09-11T20:54:26.461+0000] {logging_mixin.py:115} INFO - [2022-09-11T20:54:26.461+0000] {dag.py:2429} INFO - Sync 1 DAGs
[2022-09-11T20:54:26.486+0000] {logging_mixin.py:115} INFO - [2022-09-11T20:54:26.486+0000] {dag.py:2981} INFO - Setting next_dagrun for Deepface to None, run_after=None
[2022-09-11T20:54:26.509+0000] {processor.py:161} INFO - Processing /opt/airflow/dags/deepface.py took 2.098 seconds
[2022-09-11T20:54:56.796+0000] {processor.py:153} INFO - Started process (PID=3583) to work on /opt/airflow/dags/deepface.py
[2022-09-11T20:54:56.817+0000] {processor.py:640} INFO - Processing file /opt/airflow/dags/deepface.py for tasks to queue
[2022-09-11T20:54:56.818+0000] {logging_mixin.py:115} INFO - [2022-09-11T20:54:56.818+0000] {dagbag.py:508} INFO - Filling up the DagBag from /opt/airflow/dags/deepface.py
[2022-09-11T20:54:58.898+0000] {processor.py:650} INFO - DAG(s) dict_keys(['Deepface']) retrieved from /opt/airflow/dags/deepface.py
[2022-09-11T20:54:58.925+0000] {logging_mixin.py:115} INFO - [2022-09-11T20:54:58.924+0000] {dag.py:2429} INFO - Sync 1 DAGs
[2022-09-11T20:54:58.945+0000] {logging_mixin.py:115} INFO - [2022-09-11T20:54:58.945+0000] {dag.py:2981} INFO - Setting next_dagrun for Deepface to None, run_after=None
[2022-09-11T20:54:58.972+0000] {processor.py:161} INFO - Processing /opt/airflow/dags/deepface.py took 2.181 seconds
[2022-09-11T20:55:29.169+0000] {processor.py:153} INFO - Started process (PID=3639) to work on /opt/airflow/dags/deepface.py
[2022-09-11T20:55:29.169+0000] {processor.py:640} INFO - Processing file /opt/airflow/dags/deepface.py for tasks to queue
[2022-09-11T20:55:29.170+0000] {logging_mixin.py:115} INFO - [2022-09-11T20:55:29.170+0000] {dagbag.py:508} INFO - Filling up the DagBag from /opt/airflow/dags/deepface.py
[2022-09-11T20:55:31.393+0000] {processor.py:650} INFO - DAG(s) dict_keys(['Deepface']) retrieved from /opt/airflow/dags/deepface.py
[2022-09-11T20:55:31.418+0000] {logging_mixin.py:115} INFO - [2022-09-11T20:55:31.418+0000] {dag.py:2429} INFO - Sync 1 DAGs
[2022-09-11T20:55:31.443+0000] {logging_mixin.py:115} INFO - [2022-09-11T20:55:31.443+0000] {dag.py:2981} INFO - Setting next_dagrun for Deepface to None, run_after=None
[2022-09-11T20:55:31.470+0000] {processor.py:161} INFO - Processing /opt/airflow/dags/deepface.py took 2.305 seconds
[2022-09-11T20:56:01.745+0000] {processor.py:153} INFO - Started process (PID=3706) to work on /opt/airflow/dags/deepface.py
[2022-09-11T20:56:01.745+0000] {processor.py:640} INFO - Processing file /opt/airflow/dags/deepface.py for tasks to queue
[2022-09-11T20:56:01.746+0000] {logging_mixin.py:115} INFO - [2022-09-11T20:56:01.746+0000] {dagbag.py:508} INFO - Filling up the DagBag from /opt/airflow/dags/deepface.py
[2022-09-11T20:56:04.141+0000] {processor.py:650} INFO - DAG(s) dict_keys(['Deepface']) retrieved from /opt/airflow/dags/deepface.py
[2022-09-11T20:56:04.174+0000] {logging_mixin.py:115} INFO - [2022-09-11T20:56:04.174+0000] {dag.py:2429} INFO - Sync 1 DAGs
[2022-09-11T20:56:04.199+0000] {logging_mixin.py:115} INFO - [2022-09-11T20:56:04.199+0000] {dag.py:2981} INFO - Setting next_dagrun for Deepface to None, run_after=None
[2022-09-11T20:56:04.211+0000] {processor.py:161} INFO - Processing /opt/airflow/dags/deepface.py took 2.471 seconds
[2022-09-11T20:56:34.274+0000] {processor.py:153} INFO - Started process (PID=3779) to work on /opt/airflow/dags/deepface.py
[2022-09-11T20:56:34.297+0000] {processor.py:640} INFO - Processing file /opt/airflow/dags/deepface.py for tasks to queue
[2022-09-11T20:56:34.298+0000] {logging_mixin.py:115} INFO - [2022-09-11T20:56:34.298+0000] {dagbag.py:508} INFO - Filling up the DagBag from /opt/airflow/dags/deepface.py
[2022-09-11T20:56:36.459+0000] {processor.py:650} INFO - DAG(s) dict_keys(['Deepface']) retrieved from /opt/airflow/dags/deepface.py
[2022-09-11T20:56:36.480+0000] {logging_mixin.py:115} INFO - [2022-09-11T20:56:36.479+0000] {dag.py:2429} INFO - Sync 1 DAGs
[2022-09-11T20:56:36.506+0000] {logging_mixin.py:115} INFO - [2022-09-11T20:56:36.506+0000] {dag.py:2981} INFO - Setting next_dagrun for Deepface to None, run_after=None
[2022-09-11T20:56:36.518+0000] {processor.py:161} INFO - Processing /opt/airflow/dags/deepface.py took 2.250 seconds
[2022-09-11T20:57:06.562+0000] {processor.py:153} INFO - Started process (PID=3845) to work on /opt/airflow/dags/deepface.py
[2022-09-11T20:57:06.562+0000] {processor.py:640} INFO - Processing file /opt/airflow/dags/deepface.py for tasks to queue
[2022-09-11T20:57:06.563+0000] {logging_mixin.py:115} INFO - [2022-09-11T20:57:06.563+0000] {dagbag.py:508} INFO - Filling up the DagBag from /opt/airflow/dags/deepface.py
[2022-09-11T20:57:08.764+0000] {processor.py:650} INFO - DAG(s) dict_keys(['Deepface']) retrieved from /opt/airflow/dags/deepface.py
[2022-09-11T20:57:08.787+0000] {logging_mixin.py:115} INFO - [2022-09-11T20:57:08.787+0000] {dag.py:2429} INFO - Sync 1 DAGs
[2022-09-11T20:57:08.810+0000] {logging_mixin.py:115} INFO - [2022-09-11T20:57:08.809+0000] {dag.py:2981} INFO - Setting next_dagrun for Deepface to None, run_after=None
[2022-09-11T20:57:08.824+0000] {processor.py:161} INFO - Processing /opt/airflow/dags/deepface.py took 2.265 seconds
[2022-09-11T20:57:39.378+0000] {processor.py:153} INFO - Started process (PID=3913) to work on /opt/airflow/dags/deepface.py
[2022-09-11T20:57:39.379+0000] {processor.py:640} INFO - Processing file /opt/airflow/dags/deepface.py for tasks to queue
[2022-09-11T20:57:39.380+0000] {logging_mixin.py:115} INFO - [2022-09-11T20:57:39.379+0000] {dagbag.py:508} INFO - Filling up the DagBag from /opt/airflow/dags/deepface.py
[2022-09-11T20:57:41.560+0000] {processor.py:650} INFO - DAG(s) dict_keys(['Deepface']) retrieved from /opt/airflow/dags/deepface.py
[2022-09-11T20:57:41.585+0000] {logging_mixin.py:115} INFO - [2022-09-11T20:57:41.584+0000] {dag.py:2429} INFO - Sync 1 DAGs
[2022-09-11T20:57:41.604+0000] {logging_mixin.py:115} INFO - [2022-09-11T20:57:41.604+0000] {dag.py:2981} INFO - Setting next_dagrun for Deepface to None, run_after=None
[2022-09-11T20:57:41.631+0000] {processor.py:161} INFO - Processing /opt/airflow/dags/deepface.py took 2.257 seconds
[2022-09-11T20:58:12.005+0000] {processor.py:153} INFO - Started process (PID=3981) to work on /opt/airflow/dags/deepface.py
[2022-09-11T20:58:12.008+0000] {processor.py:640} INFO - Processing file /opt/airflow/dags/deepface.py for tasks to queue
[2022-09-11T20:58:12.009+0000] {logging_mixin.py:115} INFO - [2022-09-11T20:58:12.009+0000] {dagbag.py:508} INFO - Filling up the DagBag from /opt/airflow/dags/deepface.py
[2022-09-11T20:58:14.180+0000] {processor.py:650} INFO - DAG(s) dict_keys(['Deepface']) retrieved from /opt/airflow/dags/deepface.py
[2022-09-11T20:58:14.212+0000] {logging_mixin.py:115} INFO - [2022-09-11T20:58:14.212+0000] {dag.py:2429} INFO - Sync 1 DAGs
[2022-09-11T20:58:14.232+0000] {logging_mixin.py:115} INFO - [2022-09-11T20:58:14.232+0000] {dag.py:2981} INFO - Setting next_dagrun for Deepface to None, run_after=None
[2022-09-11T20:58:14.259+0000] {processor.py:161} INFO - Processing /opt/airflow/dags/deepface.py took 2.258 seconds
[2022-09-11T20:58:44.339+0000] {processor.py:153} INFO - Started process (PID=4035) to work on /opt/airflow/dags/deepface.py
[2022-09-11T20:58:44.340+0000] {processor.py:640} INFO - Processing file /opt/airflow/dags/deepface.py for tasks to queue
[2022-09-11T20:58:44.341+0000] {logging_mixin.py:115} INFO - [2022-09-11T20:58:44.340+0000] {dagbag.py:508} INFO - Filling up the DagBag from /opt/airflow/dags/deepface.py
[2022-09-11T20:58:46.417+0000] {processor.py:650} INFO - DAG(s) dict_keys(['Deepface']) retrieved from /opt/airflow/dags/deepface.py
[2022-09-11T20:58:46.440+0000] {logging_mixin.py:115} INFO - [2022-09-11T20:58:46.439+0000] {dag.py:2429} INFO - Sync 1 DAGs
[2022-09-11T20:58:46.463+0000] {logging_mixin.py:115} INFO - [2022-09-11T20:58:46.463+0000] {dag.py:2981} INFO - Setting next_dagrun for Deepface to None, run_after=None
[2022-09-11T20:58:46.488+0000] {processor.py:161} INFO - Processing /opt/airflow/dags/deepface.py took 2.153 seconds
[2022-09-11T20:59:16.608+0000] {processor.py:153} INFO - Started process (PID=4098) to work on /opt/airflow/dags/deepface.py
[2022-09-11T20:59:16.609+0000] {processor.py:640} INFO - Processing file /opt/airflow/dags/deepface.py for tasks to queue
[2022-09-11T20:59:16.610+0000] {logging_mixin.py:115} INFO - [2022-09-11T20:59:16.609+0000] {dagbag.py:508} INFO - Filling up the DagBag from /opt/airflow/dags/deepface.py
[2022-09-11T20:59:18.934+0000] {processor.py:650} INFO - DAG(s) dict_keys(['Deepface']) retrieved from /opt/airflow/dags/deepface.py
[2022-09-11T20:59:18.961+0000] {logging_mixin.py:115} INFO - [2022-09-11T20:59:18.960+0000] {dag.py:2429} INFO - Sync 1 DAGs
[2022-09-11T20:59:18.983+0000] {logging_mixin.py:115} INFO - [2022-09-11T20:59:18.983+0000] {dag.py:2981} INFO - Setting next_dagrun for Deepface to None, run_after=None
[2022-09-11T20:59:19.003+0000] {processor.py:161} INFO - Processing /opt/airflow/dags/deepface.py took 2.400 seconds
[2022-09-11T21:44:33.425+0000] {processor.py:153} INFO - Started process (PID=52) to work on /opt/airflow/dags/deepface.py
[2022-09-11T21:44:33.441+0000] {processor.py:640} INFO - Processing file /opt/airflow/dags/deepface.py for tasks to queue
[2022-09-11T21:44:33.442+0000] {logging_mixin.py:115} INFO - [2022-09-11T21:44:33.442+0000] {dagbag.py:508} INFO - Filling up the DagBag from /opt/airflow/dags/deepface.py
[2022-09-11T21:44:36.560+0000] {processor.py:650} INFO - DAG(s) dict_keys(['Deepface']) retrieved from /opt/airflow/dags/deepface.py
[2022-09-11T21:44:36.591+0000] {logging_mixin.py:115} INFO - [2022-09-11T21:44:36.591+0000] {dag.py:2429} INFO - Sync 1 DAGs
[2022-09-11T21:44:36.621+0000] {logging_mixin.py:115} INFO - [2022-09-11T21:44:36.621+0000] {dag.py:2981} INFO - Setting next_dagrun for Deepface to None, run_after=None
[2022-09-11T21:44:36.636+0000] {processor.py:161} INFO - Processing /opt/airflow/dags/deepface.py took 3.215 seconds
[2022-09-11T21:45:06.815+0000] {processor.py:153} INFO - Started process (PID=120) to work on /opt/airflow/dags/deepface.py
[2022-09-11T21:45:06.839+0000] {processor.py:640} INFO - Processing file /opt/airflow/dags/deepface.py for tasks to queue
[2022-09-11T21:45:06.840+0000] {logging_mixin.py:115} INFO - [2022-09-11T21:45:06.840+0000] {dagbag.py:508} INFO - Filling up the DagBag from /opt/airflow/dags/deepface.py
[2022-09-11T21:45:09.229+0000] {processor.py:650} INFO - DAG(s) dict_keys(['Deepface']) retrieved from /opt/airflow/dags/deepface.py
[2022-09-11T21:45:09.254+0000] {logging_mixin.py:115} INFO - [2022-09-11T21:45:09.254+0000] {dag.py:2429} INFO - Sync 1 DAGs
[2022-09-11T21:45:09.277+0000] {logging_mixin.py:115} INFO - [2022-09-11T21:45:09.277+0000] {dag.py:2981} INFO - Setting next_dagrun for Deepface to None, run_after=None
[2022-09-11T21:45:09.289+0000] {processor.py:161} INFO - Processing /opt/airflow/dags/deepface.py took 2.478 seconds
[2022-09-11T21:45:39.557+0000] {processor.py:153} INFO - Started process (PID=195) to work on /opt/airflow/dags/deepface.py
[2022-09-11T21:45:39.621+0000] {processor.py:640} INFO - Processing file /opt/airflow/dags/deepface.py for tasks to queue
[2022-09-11T21:45:39.622+0000] {logging_mixin.py:115} INFO - [2022-09-11T21:45:39.622+0000] {dagbag.py:508} INFO - Filling up the DagBag from /opt/airflow/dags/deepface.py
[2022-09-11T21:45:41.969+0000] {processor.py:650} INFO - DAG(s) dict_keys(['Deepface']) retrieved from /opt/airflow/dags/deepface.py
[2022-09-11T21:45:41.993+0000] {logging_mixin.py:115} INFO - [2022-09-11T21:45:41.993+0000] {dag.py:2429} INFO - Sync 1 DAGs
[2022-09-11T21:45:42.015+0000] {logging_mixin.py:115} INFO - [2022-09-11T21:45:42.015+0000] {dag.py:2981} INFO - Setting next_dagrun for Deepface to None, run_after=None
[2022-09-11T21:45:42.043+0000] {processor.py:161} INFO - Processing /opt/airflow/dags/deepface.py took 2.491 seconds
[2022-09-11T21:46:12.504+0000] {processor.py:153} INFO - Started process (PID=266) to work on /opt/airflow/dags/deepface.py
[2022-09-11T21:46:12.510+0000] {processor.py:640} INFO - Processing file /opt/airflow/dags/deepface.py for tasks to queue
[2022-09-11T21:46:12.511+0000] {logging_mixin.py:115} INFO - [2022-09-11T21:46:12.511+0000] {dagbag.py:508} INFO - Filling up the DagBag from /opt/airflow/dags/deepface.py
[2022-09-11T21:46:14.757+0000] {processor.py:650} INFO - DAG(s) dict_keys(['Deepface']) retrieved from /opt/airflow/dags/deepface.py
[2022-09-11T21:46:14.786+0000] {logging_mixin.py:115} INFO - [2022-09-11T21:46:14.785+0000] {dag.py:2429} INFO - Sync 1 DAGs
[2022-09-11T21:46:14.810+0000] {logging_mixin.py:115} INFO - [2022-09-11T21:46:14.810+0000] {dag.py:2981} INFO - Setting next_dagrun for Deepface to None, run_after=None
[2022-09-11T21:46:14.837+0000] {processor.py:161} INFO - Processing /opt/airflow/dags/deepface.py took 2.336 seconds
[2022-09-11T21:46:45.323+0000] {processor.py:153} INFO - Started process (PID=329) to work on /opt/airflow/dags/deepface.py
[2022-09-11T21:46:45.342+0000] {processor.py:640} INFO - Processing file /opt/airflow/dags/deepface.py for tasks to queue
[2022-09-11T21:46:45.344+0000] {logging_mixin.py:115} INFO - [2022-09-11T21:46:45.343+0000] {dagbag.py:508} INFO - Filling up the DagBag from /opt/airflow/dags/deepface.py
[2022-09-11T21:46:47.622+0000] {processor.py:650} INFO - DAG(s) dict_keys(['Deepface']) retrieved from /opt/airflow/dags/deepface.py
[2022-09-11T21:46:47.646+0000] {logging_mixin.py:115} INFO - [2022-09-11T21:46:47.646+0000] {dag.py:2429} INFO - Sync 1 DAGs
[2022-09-11T21:46:47.669+0000] {logging_mixin.py:115} INFO - [2022-09-11T21:46:47.669+0000] {dag.py:2981} INFO - Setting next_dagrun for Deepface to None, run_after=None
[2022-09-11T21:46:47.681+0000] {processor.py:161} INFO - Processing /opt/airflow/dags/deepface.py took 2.363 seconds
[2022-09-11T21:47:17.747+0000] {processor.py:153} INFO - Started process (PID=392) to work on /opt/airflow/dags/deepface.py
[2022-09-11T21:47:17.774+0000] {processor.py:640} INFO - Processing file /opt/airflow/dags/deepface.py for tasks to queue
[2022-09-11T21:47:17.775+0000] {logging_mixin.py:115} INFO - [2022-09-11T21:47:17.775+0000] {dagbag.py:508} INFO - Filling up the DagBag from /opt/airflow/dags/deepface.py
[2022-09-11T21:47:19.999+0000] {processor.py:650} INFO - DAG(s) dict_keys(['Deepface']) retrieved from /opt/airflow/dags/deepface.py
[2022-09-11T21:47:20.019+0000] {logging_mixin.py:115} INFO - [2022-09-11T21:47:20.018+0000] {dag.py:2429} INFO - Sync 1 DAGs
[2022-09-11T21:47:20.038+0000] {logging_mixin.py:115} INFO - [2022-09-11T21:47:20.038+0000] {dag.py:2981} INFO - Setting next_dagrun for Deepface to None, run_after=None
[2022-09-11T21:47:20.049+0000] {processor.py:161} INFO - Processing /opt/airflow/dags/deepface.py took 2.307 seconds
[2022-09-11T22:57:05.173+0000] {processor.py:153} INFO - Started process (PID=41) to work on /opt/airflow/dags/deepface.py
[2022-09-11T22:57:05.229+0000] {processor.py:640} INFO - Processing file /opt/airflow/dags/deepface.py for tasks to queue
[2022-09-11T22:57:05.231+0000] {logging_mixin.py:115} INFO - [2022-09-11T22:57:05.230+0000] {dagbag.py:508} INFO - Filling up the DagBag from /opt/airflow/dags/deepface.py
[2022-09-11T22:57:11.342+0000] {processor.py:650} INFO - DAG(s) dict_keys(['Deepface']) retrieved from /opt/airflow/dags/deepface.py
[2022-09-11T22:57:11.368+0000] {logging_mixin.py:115} INFO - [2022-09-11T22:57:11.368+0000] {dag.py:2429} INFO - Sync 1 DAGs
[2022-09-11T22:57:11.396+0000] {logging_mixin.py:115} INFO - [2022-09-11T22:57:11.396+0000] {dag.py:2981} INFO - Setting next_dagrun for Deepface to None, run_after=None
[2022-09-11T22:57:11.412+0000] {processor.py:161} INFO - Processing /opt/airflow/dags/deepface.py took 6.242 seconds
[2022-09-11T22:57:41.914+0000] {processor.py:153} INFO - Started process (PID=131) to work on /opt/airflow/dags/deepface.py
[2022-09-11T22:57:41.915+0000] {processor.py:640} INFO - Processing file /opt/airflow/dags/deepface.py for tasks to queue
[2022-09-11T22:57:41.916+0000] {logging_mixin.py:115} INFO - [2022-09-11T22:57:41.916+0000] {dagbag.py:508} INFO - Filling up the DagBag from /opt/airflow/dags/deepface.py
[2022-09-11T22:57:44.190+0000] {processor.py:650} INFO - DAG(s) dict_keys(['Deepface']) retrieved from /opt/airflow/dags/deepface.py
[2022-09-11T22:57:44.216+0000] {logging_mixin.py:115} INFO - [2022-09-11T22:57:44.215+0000] {dag.py:2429} INFO - Sync 1 DAGs
[2022-09-11T22:57:44.236+0000] {logging_mixin.py:115} INFO - [2022-09-11T22:57:44.236+0000] {dag.py:2981} INFO - Setting next_dagrun for Deepface to None, run_after=None
[2022-09-11T22:57:44.248+0000] {processor.py:161} INFO - Processing /opt/airflow/dags/deepface.py took 2.337 seconds
[2022-09-11T22:58:14.424+0000] {processor.py:153} INFO - Started process (PID=190) to work on /opt/airflow/dags/deepface.py
[2022-09-11T22:58:14.424+0000] {processor.py:640} INFO - Processing file /opt/airflow/dags/deepface.py for tasks to queue
[2022-09-11T22:58:14.425+0000] {logging_mixin.py:115} INFO - [2022-09-11T22:58:14.425+0000] {dagbag.py:508} INFO - Filling up the DagBag from /opt/airflow/dags/deepface.py
[2022-09-11T22:58:16.554+0000] {processor.py:650} INFO - DAG(s) dict_keys(['Deepface']) retrieved from /opt/airflow/dags/deepface.py
[2022-09-11T22:58:16.580+0000] {logging_mixin.py:115} INFO - [2022-09-11T22:58:16.579+0000] {dag.py:2429} INFO - Sync 1 DAGs
[2022-09-11T22:58:16.601+0000] {logging_mixin.py:115} INFO - [2022-09-11T22:58:16.601+0000] {dag.py:2981} INFO - Setting next_dagrun for Deepface to None, run_after=None
[2022-09-11T22:58:16.612+0000] {processor.py:161} INFO - Processing /opt/airflow/dags/deepface.py took 2.193 seconds
[2022-09-11T22:58:47.135+0000] {processor.py:153} INFO - Started process (PID=260) to work on /opt/airflow/dags/deepface.py
[2022-09-11T22:58:47.157+0000] {processor.py:640} INFO - Processing file /opt/airflow/dags/deepface.py for tasks to queue
[2022-09-11T22:58:47.158+0000] {logging_mixin.py:115} INFO - [2022-09-11T22:58:47.158+0000] {dagbag.py:508} INFO - Filling up the DagBag from /opt/airflow/dags/deepface.py
[2022-09-11T22:58:49.278+0000] {processor.py:650} INFO - DAG(s) dict_keys(['Deepface']) retrieved from /opt/airflow/dags/deepface.py
[2022-09-11T22:58:49.304+0000] {logging_mixin.py:115} INFO - [2022-09-11T22:58:49.304+0000] {dag.py:2429} INFO - Sync 1 DAGs
[2022-09-11T22:58:49.326+0000] {logging_mixin.py:115} INFO - [2022-09-11T22:58:49.326+0000] {dag.py:2981} INFO - Setting next_dagrun for Deepface to None, run_after=None
[2022-09-11T22:58:49.338+0000] {processor.py:161} INFO - Processing /opt/airflow/dags/deepface.py took 2.208 seconds
[2022-09-11T22:59:19.560+0000] {processor.py:153} INFO - Started process (PID=327) to work on /opt/airflow/dags/deepface.py
[2022-09-11T22:59:19.561+0000] {processor.py:640} INFO - Processing file /opt/airflow/dags/deepface.py for tasks to queue
[2022-09-11T22:59:19.562+0000] {logging_mixin.py:115} INFO - [2022-09-11T22:59:19.562+0000] {dagbag.py:508} INFO - Filling up the DagBag from /opt/airflow/dags/deepface.py
[2022-09-11T22:59:21.594+0000] {processor.py:650} INFO - DAG(s) dict_keys(['Deepface']) retrieved from /opt/airflow/dags/deepface.py
[2022-09-11T22:59:21.621+0000] {logging_mixin.py:115} INFO - [2022-09-11T22:59:21.621+0000] {dag.py:2429} INFO - Sync 1 DAGs
[2022-09-11T22:59:21.641+0000] {logging_mixin.py:115} INFO - [2022-09-11T22:59:21.641+0000] {dag.py:2981} INFO - Setting next_dagrun for Deepface to None, run_after=None
[2022-09-11T22:59:21.653+0000] {processor.py:161} INFO - Processing /opt/airflow/dags/deepface.py took 2.097 seconds
[2022-09-11T22:59:52.263+0000] {processor.py:153} INFO - Started process (PID=390) to work on /opt/airflow/dags/deepface.py
[2022-09-11T22:59:52.263+0000] {processor.py:640} INFO - Processing file /opt/airflow/dags/deepface.py for tasks to queue
[2022-09-11T22:59:52.264+0000] {logging_mixin.py:115} INFO - [2022-09-11T22:59:52.263+0000] {dagbag.py:508} INFO - Filling up the DagBag from /opt/airflow/dags/deepface.py
[2022-09-11T22:59:54.293+0000] {processor.py:650} INFO - DAG(s) dict_keys(['Deepface']) retrieved from /opt/airflow/dags/deepface.py
[2022-09-11T22:59:54.319+0000] {logging_mixin.py:115} INFO - [2022-09-11T22:59:54.319+0000] {dag.py:2429} INFO - Sync 1 DAGs
[2022-09-11T22:59:54.343+0000] {logging_mixin.py:115} INFO - [2022-09-11T22:59:54.343+0000] {dag.py:2981} INFO - Setting next_dagrun for Deepface to None, run_after=None
[2022-09-11T22:59:54.357+0000] {processor.py:161} INFO - Processing /opt/airflow/dags/deepface.py took 2.100 seconds
[2022-09-11T23:00:24.515+0000] {processor.py:153} INFO - Started process (PID=454) to work on /opt/airflow/dags/deepface.py
[2022-09-11T23:00:24.516+0000] {processor.py:640} INFO - Processing file /opt/airflow/dags/deepface.py for tasks to queue
[2022-09-11T23:00:24.517+0000] {logging_mixin.py:115} INFO - [2022-09-11T23:00:24.517+0000] {dagbag.py:508} INFO - Filling up the DagBag from /opt/airflow/dags/deepface.py
[2022-09-11T23:00:26.728+0000] {processor.py:650} INFO - DAG(s) dict_keys(['Deepface']) retrieved from /opt/airflow/dags/deepface.py
[2022-09-11T23:00:26.754+0000] {logging_mixin.py:115} INFO - [2022-09-11T23:00:26.754+0000] {dag.py:2429} INFO - Sync 1 DAGs
[2022-09-11T23:00:26.780+0000] {logging_mixin.py:115} INFO - [2022-09-11T23:00:26.780+0000] {dag.py:2981} INFO - Setting next_dagrun for Deepface to None, run_after=None
[2022-09-11T23:00:26.794+0000] {processor.py:161} INFO - Processing /opt/airflow/dags/deepface.py took 2.284 seconds
[2022-09-11T23:00:56.933+0000] {processor.py:153} INFO - Started process (PID=507) to work on /opt/airflow/dags/deepface.py
[2022-09-11T23:00:56.949+0000] {processor.py:640} INFO - Processing file /opt/airflow/dags/deepface.py for tasks to queue
[2022-09-11T23:00:56.950+0000] {logging_mixin.py:115} INFO - [2022-09-11T23:00:56.950+0000] {dagbag.py:508} INFO - Filling up the DagBag from /opt/airflow/dags/deepface.py
[2022-09-11T23:00:59.563+0000] {processor.py:650} INFO - DAG(s) dict_keys(['Deepface']) retrieved from /opt/airflow/dags/deepface.py
[2022-09-11T23:00:59.581+0000] {logging_mixin.py:115} INFO - [2022-09-11T23:00:59.581+0000] {dag.py:2429} INFO - Sync 1 DAGs
[2022-09-11T23:00:59.607+0000] {logging_mixin.py:115} INFO - [2022-09-11T23:00:59.607+0000] {dag.py:2981} INFO - Setting next_dagrun for Deepface to None, run_after=None
[2022-09-11T23:00:59.621+0000] {processor.py:161} INFO - Processing /opt/airflow/dags/deepface.py took 2.691 seconds
[2022-09-11T23:01:30.113+0000] {processor.py:153} INFO - Started process (PID=571) to work on /opt/airflow/dags/deepface.py
[2022-09-11T23:01:30.131+0000] {processor.py:640} INFO - Processing file /opt/airflow/dags/deepface.py for tasks to queue
[2022-09-11T23:01:30.132+0000] {logging_mixin.py:115} INFO - [2022-09-11T23:01:30.132+0000] {dagbag.py:508} INFO - Filling up the DagBag from /opt/airflow/dags/deepface.py
[2022-09-11T23:01:32.195+0000] {processor.py:650} INFO - DAG(s) dict_keys(['Deepface']) retrieved from /opt/airflow/dags/deepface.py
[2022-09-11T23:01:32.221+0000] {logging_mixin.py:115} INFO - [2022-09-11T23:01:32.220+0000] {dag.py:2429} INFO - Sync 1 DAGs
[2022-09-11T23:01:32.240+0000] {logging_mixin.py:115} INFO - [2022-09-11T23:01:32.240+0000] {dag.py:2981} INFO - Setting next_dagrun for Deepface to None, run_after=None
[2022-09-11T23:01:32.252+0000] {processor.py:161} INFO - Processing /opt/airflow/dags/deepface.py took 2.142 seconds
[2022-09-11T23:02:02.304+0000] {processor.py:153} INFO - Started process (PID=635) to work on /opt/airflow/dags/deepface.py
[2022-09-11T23:02:02.305+0000] {processor.py:640} INFO - Processing file /opt/airflow/dags/deepface.py for tasks to queue
[2022-09-11T23:02:02.305+0000] {logging_mixin.py:115} INFO - [2022-09-11T23:02:02.305+0000] {dagbag.py:508} INFO - Filling up the DagBag from /opt/airflow/dags/deepface.py
[2022-09-11T23:02:04.439+0000] {processor.py:650} INFO - DAG(s) dict_keys(['Deepface']) retrieved from /opt/airflow/dags/deepface.py
[2022-09-11T23:02:04.465+0000] {logging_mixin.py:115} INFO - [2022-09-11T23:02:04.465+0000] {dag.py:2429} INFO - Sync 1 DAGs
[2022-09-11T23:02:04.485+0000] {logging_mixin.py:115} INFO - [2022-09-11T23:02:04.485+0000] {dag.py:2981} INFO - Setting next_dagrun for Deepface to None, run_after=None
[2022-09-11T23:02:04.497+0000] {processor.py:161} INFO - Processing /opt/airflow/dags/deepface.py took 2.196 seconds
[2022-09-11T23:02:34.621+0000] {processor.py:153} INFO - Started process (PID=698) to work on /opt/airflow/dags/deepface.py
[2022-09-11T23:02:34.635+0000] {processor.py:640} INFO - Processing file /opt/airflow/dags/deepface.py for tasks to queue
[2022-09-11T23:02:34.636+0000] {logging_mixin.py:115} INFO - [2022-09-11T23:02:34.636+0000] {dagbag.py:508} INFO - Filling up the DagBag from /opt/airflow/dags/deepface.py
[2022-09-11T23:02:36.723+0000] {processor.py:650} INFO - DAG(s) dict_keys(['Deepface']) retrieved from /opt/airflow/dags/deepface.py
[2022-09-11T23:02:36.887+0000] {logging_mixin.py:115} INFO - [2022-09-11T23:02:36.886+0000] {dag.py:2429} INFO - Sync 1 DAGs
[2022-09-11T23:02:36.906+0000] {logging_mixin.py:115} INFO - [2022-09-11T23:02:36.906+0000] {dag.py:2981} INFO - Setting next_dagrun for Deepface to None, run_after=None
[2022-09-11T23:02:36.917+0000] {processor.py:161} INFO - Processing /opt/airflow/dags/deepface.py took 2.298 seconds
[2022-09-11T23:03:07.117+0000] {processor.py:153} INFO - Started process (PID=762) to work on /opt/airflow/dags/deepface.py
[2022-09-11T23:03:07.142+0000] {processor.py:640} INFO - Processing file /opt/airflow/dags/deepface.py for tasks to queue
[2022-09-11T23:03:07.143+0000] {logging_mixin.py:115} INFO - [2022-09-11T23:03:07.143+0000] {dagbag.py:508} INFO - Filling up the DagBag from /opt/airflow/dags/deepface.py
[2022-09-11T23:03:09.201+0000] {processor.py:650} INFO - DAG(s) dict_keys(['Deepface']) retrieved from /opt/airflow/dags/deepface.py
[2022-09-11T23:03:09.362+0000] {logging_mixin.py:115} INFO - [2022-09-11T23:03:09.362+0000] {dag.py:2429} INFO - Sync 1 DAGs
[2022-09-11T23:03:09.381+0000] {logging_mixin.py:115} INFO - [2022-09-11T23:03:09.381+0000] {dag.py:2981} INFO - Setting next_dagrun for Deepface to None, run_after=None
[2022-09-11T23:03:09.392+0000] {processor.py:161} INFO - Processing /opt/airflow/dags/deepface.py took 2.279 seconds
[2022-09-11T23:03:39.719+0000] {processor.py:153} INFO - Started process (PID=825) to work on /opt/airflow/dags/deepface.py
[2022-09-11T23:03:39.720+0000] {processor.py:640} INFO - Processing file /opt/airflow/dags/deepface.py for tasks to queue
[2022-09-11T23:03:39.720+0000] {logging_mixin.py:115} INFO - [2022-09-11T23:03:39.720+0000] {dagbag.py:508} INFO - Filling up the DagBag from /opt/airflow/dags/deepface.py
[2022-09-11T23:03:41.775+0000] {processor.py:650} INFO - DAG(s) dict_keys(['Deepface']) retrieved from /opt/airflow/dags/deepface.py
[2022-09-11T23:03:41.927+0000] {logging_mixin.py:115} INFO - [2022-09-11T23:03:41.926+0000] {dag.py:2429} INFO - Sync 1 DAGs
[2022-09-11T23:03:41.946+0000] {logging_mixin.py:115} INFO - [2022-09-11T23:03:41.946+0000] {dag.py:2981} INFO - Setting next_dagrun for Deepface to None, run_after=None
[2022-09-11T23:03:41.957+0000] {processor.py:161} INFO - Processing /opt/airflow/dags/deepface.py took 2.244 seconds
[2022-09-11T23:04:12.209+0000] {processor.py:153} INFO - Started process (PID=880) to work on /opt/airflow/dags/deepface.py
[2022-09-11T23:04:12.231+0000] {processor.py:640} INFO - Processing file /opt/airflow/dags/deepface.py for tasks to queue
[2022-09-11T23:04:12.232+0000] {logging_mixin.py:115} INFO - [2022-09-11T23:04:12.232+0000] {dagbag.py:508} INFO - Filling up the DagBag from /opt/airflow/dags/deepface.py
[2022-09-11T23:04:14.445+0000] {processor.py:650} INFO - DAG(s) dict_keys(['Deepface']) retrieved from /opt/airflow/dags/deepface.py
[2022-09-11T23:04:14.634+0000] {logging_mixin.py:115} INFO - [2022-09-11T23:04:14.634+0000] {dag.py:2429} INFO - Sync 1 DAGs
[2022-09-11T23:04:14.660+0000] {logging_mixin.py:115} INFO - [2022-09-11T23:04:14.660+0000] {dag.py:2981} INFO - Setting next_dagrun for Deepface to None, run_after=None
[2022-09-11T23:04:14.672+0000] {processor.py:161} INFO - Processing /opt/airflow/dags/deepface.py took 2.469 seconds
[2022-09-11T23:04:44.766+0000] {processor.py:153} INFO - Started process (PID=946) to work on /opt/airflow/dags/deepface.py
[2022-09-11T23:04:44.788+0000] {processor.py:640} INFO - Processing file /opt/airflow/dags/deepface.py for tasks to queue
[2022-09-11T23:04:44.789+0000] {logging_mixin.py:115} INFO - [2022-09-11T23:04:44.788+0000] {dagbag.py:508} INFO - Filling up the DagBag from /opt/airflow/dags/deepface.py
[2022-09-11T23:04:46.888+0000] {processor.py:650} INFO - DAG(s) dict_keys(['Deepface']) retrieved from /opt/airflow/dags/deepface.py
[2022-09-11T23:04:47.057+0000] {logging_mixin.py:115} INFO - [2022-09-11T23:04:47.056+0000] {dag.py:2429} INFO - Sync 1 DAGs
[2022-09-11T23:04:47.082+0000] {logging_mixin.py:115} INFO - [2022-09-11T23:04:47.082+0000] {dag.py:2981} INFO - Setting next_dagrun for Deepface to None, run_after=None
[2022-09-11T23:04:47.098+0000] {processor.py:161} INFO - Processing /opt/airflow/dags/deepface.py took 2.336 seconds
[2022-09-11T23:05:17.334+0000] {processor.py:153} INFO - Started process (PID=1011) to work on /opt/airflow/dags/deepface.py
[2022-09-11T23:05:17.335+0000] {processor.py:640} INFO - Processing file /opt/airflow/dags/deepface.py for tasks to queue
[2022-09-11T23:05:17.335+0000] {logging_mixin.py:115} INFO - [2022-09-11T23:05:17.335+0000] {dagbag.py:508} INFO - Filling up the DagBag from /opt/airflow/dags/deepface.py
[2022-09-11T23:05:19.530+0000] {processor.py:650} INFO - DAG(s) dict_keys(['Deepface']) retrieved from /opt/airflow/dags/deepface.py
[2022-09-11T23:05:19.708+0000] {logging_mixin.py:115} INFO - [2022-09-11T23:05:19.707+0000] {dag.py:2429} INFO - Sync 1 DAGs
[2022-09-11T23:05:19.726+0000] {logging_mixin.py:115} INFO - [2022-09-11T23:05:19.725+0000] {dag.py:2981} INFO - Setting next_dagrun for Deepface to None, run_after=None
[2022-09-11T23:05:19.735+0000] {processor.py:161} INFO - Processing /opt/airflow/dags/deepface.py took 2.405 seconds
[2022-09-11T23:05:50.256+0000] {processor.py:153} INFO - Started process (PID=1080) to work on /opt/airflow/dags/deepface.py
[2022-09-11T23:05:50.257+0000] {processor.py:640} INFO - Processing file /opt/airflow/dags/deepface.py for tasks to queue
[2022-09-11T23:05:50.257+0000] {logging_mixin.py:115} INFO - [2022-09-11T23:05:50.257+0000] {dagbag.py:508} INFO - Filling up the DagBag from /opt/airflow/dags/deepface.py
[2022-09-11T23:05:52.360+0000] {processor.py:650} INFO - DAG(s) dict_keys(['Deepface']) retrieved from /opt/airflow/dags/deepface.py
[2022-09-11T23:05:52.520+0000] {logging_mixin.py:115} INFO - [2022-09-11T23:05:52.519+0000] {dag.py:2429} INFO - Sync 1 DAGs
[2022-09-11T23:05:52.539+0000] {logging_mixin.py:115} INFO - [2022-09-11T23:05:52.539+0000] {dag.py:2981} INFO - Setting next_dagrun for Deepface to None, run_after=None
[2022-09-11T23:05:52.551+0000] {processor.py:161} INFO - Processing /opt/airflow/dags/deepface.py took 2.300 seconds
[2022-09-11T23:06:22.681+0000] {processor.py:153} INFO - Started process (PID=1149) to work on /opt/airflow/dags/deepface.py
[2022-09-11T23:06:22.682+0000] {processor.py:640} INFO - Processing file /opt/airflow/dags/deepface.py for tasks to queue
[2022-09-11T23:06:22.683+0000] {logging_mixin.py:115} INFO - [2022-09-11T23:06:22.683+0000] {dagbag.py:508} INFO - Filling up the DagBag from /opt/airflow/dags/deepface.py
[2022-09-11T23:06:24.764+0000] {processor.py:650} INFO - DAG(s) dict_keys(['Deepface']) retrieved from /opt/airflow/dags/deepface.py
[2022-09-11T23:06:24.919+0000] {logging_mixin.py:115} INFO - [2022-09-11T23:06:24.919+0000] {dag.py:2429} INFO - Sync 1 DAGs
[2022-09-11T23:06:24.938+0000] {logging_mixin.py:115} INFO - [2022-09-11T23:06:24.938+0000] {dag.py:2981} INFO - Setting next_dagrun for Deepface to None, run_after=None
[2022-09-11T23:06:24.950+0000] {processor.py:161} INFO - Processing /opt/airflow/dags/deepface.py took 2.274 seconds
[2022-09-11T23:06:55.043+0000] {processor.py:153} INFO - Started process (PID=1220) to work on /opt/airflow/dags/deepface.py
[2022-09-11T23:06:55.044+0000] {processor.py:640} INFO - Processing file /opt/airflow/dags/deepface.py for tasks to queue
[2022-09-11T23:06:55.044+0000] {logging_mixin.py:115} INFO - [2022-09-11T23:06:55.044+0000] {dagbag.py:508} INFO - Filling up the DagBag from /opt/airflow/dags/deepface.py
[2022-09-11T23:06:57.234+0000] {processor.py:650} INFO - DAG(s) dict_keys(['Deepface']) retrieved from /opt/airflow/dags/deepface.py
[2022-09-11T23:06:57.397+0000] {logging_mixin.py:115} INFO - [2022-09-11T23:06:57.396+0000] {dag.py:2429} INFO - Sync 1 DAGs
[2022-09-11T23:06:57.416+0000] {logging_mixin.py:115} INFO - [2022-09-11T23:06:57.416+0000] {dag.py:2981} INFO - Setting next_dagrun for Deepface to None, run_after=None
[2022-09-11T23:06:57.426+0000] {processor.py:161} INFO - Processing /opt/airflow/dags/deepface.py took 2.387 seconds
[2022-09-11T23:07:27.553+0000] {processor.py:153} INFO - Started process (PID=1281) to work on /opt/airflow/dags/deepface.py
[2022-09-11T23:07:27.554+0000] {processor.py:640} INFO - Processing file /opt/airflow/dags/deepface.py for tasks to queue
[2022-09-11T23:07:27.554+0000] {logging_mixin.py:115} INFO - [2022-09-11T23:07:27.554+0000] {dagbag.py:508} INFO - Filling up the DagBag from /opt/airflow/dags/deepface.py
[2022-09-11T23:07:29.742+0000] {processor.py:650} INFO - DAG(s) dict_keys(['Deepface']) retrieved from /opt/airflow/dags/deepface.py
[2022-09-11T23:07:29.901+0000] {logging_mixin.py:115} INFO - [2022-09-11T23:07:29.900+0000] {dag.py:2429} INFO - Sync 1 DAGs
[2022-09-11T23:07:29.923+0000] {logging_mixin.py:115} INFO - [2022-09-11T23:07:29.923+0000] {dag.py:2981} INFO - Setting next_dagrun for Deepface to None, run_after=None
[2022-09-11T23:07:29.935+0000] {processor.py:161} INFO - Processing /opt/airflow/dags/deepface.py took 2.387 seconds
[2022-09-11T23:08:00.061+0000] {processor.py:153} INFO - Started process (PID=1344) to work on /opt/airflow/dags/deepface.py
[2022-09-11T23:08:00.061+0000] {processor.py:640} INFO - Processing file /opt/airflow/dags/deepface.py for tasks to queue
[2022-09-11T23:08:00.062+0000] {logging_mixin.py:115} INFO - [2022-09-11T23:08:00.062+0000] {dagbag.py:508} INFO - Filling up the DagBag from /opt/airflow/dags/deepface.py
[2022-09-11T23:08:02.168+0000] {processor.py:650} INFO - DAG(s) dict_keys(['Deepface']) retrieved from /opt/airflow/dags/deepface.py
[2022-09-11T23:08:02.339+0000] {logging_mixin.py:115} INFO - [2022-09-11T23:08:02.339+0000] {dag.py:2429} INFO - Sync 1 DAGs
[2022-09-11T23:08:02.359+0000] {logging_mixin.py:115} INFO - [2022-09-11T23:08:02.358+0000] {dag.py:2981} INFO - Setting next_dagrun for Deepface to None, run_after=None
[2022-09-11T23:08:02.372+0000] {processor.py:161} INFO - Processing /opt/airflow/dags/deepface.py took 2.315 seconds
[2022-09-11T23:08:32.445+0000] {processor.py:153} INFO - Started process (PID=1408) to work on /opt/airflow/dags/deepface.py
[2022-09-11T23:08:32.446+0000] {processor.py:640} INFO - Processing file /opt/airflow/dags/deepface.py for tasks to queue
[2022-09-11T23:08:32.446+0000] {logging_mixin.py:115} INFO - [2022-09-11T23:08:32.446+0000] {dagbag.py:508} INFO - Filling up the DagBag from /opt/airflow/dags/deepface.py
[2022-09-11T23:08:34.471+0000] {processor.py:650} INFO - DAG(s) dict_keys(['Deepface']) retrieved from /opt/airflow/dags/deepface.py
[2022-09-11T23:08:34.636+0000] {logging_mixin.py:115} INFO - [2022-09-11T23:08:34.635+0000] {dag.py:2429} INFO - Sync 1 DAGs
[2022-09-11T23:08:34.658+0000] {logging_mixin.py:115} INFO - [2022-09-11T23:08:34.658+0000] {dag.py:2981} INFO - Setting next_dagrun for Deepface to None, run_after=None
[2022-09-11T23:08:34.671+0000] {processor.py:161} INFO - Processing /opt/airflow/dags/deepface.py took 2.229 seconds
