[2022-08-19 00:59:18,739] {processor.py:153} INFO - Started process (PID=56) to work on /home/airflow/.local/lib/python3.7/site-packages/airflow/example_dags/example_trigger_controller_dag.py
[2022-08-19 00:59:18,739] {processor.py:641} INFO - Processing file /home/airflow/.local/lib/python3.7/site-packages/airflow/example_dags/example_trigger_controller_dag.py for tasks to queue
[2022-08-19 00:59:18,740] {logging_mixin.py:115} INFO - [2022-08-19 00:59:18,740] {dagbag.py:507} INFO - Filling up the DagBag from /home/airflow/.local/lib/python3.7/site-packages/airflow/example_dags/example_trigger_controller_dag.py
[2022-08-19 00:59:18,744] {processor.py:651} INFO - DAG(s) dict_keys(['example_trigger_controller_dag']) retrieved from /home/airflow/.local/lib/python3.7/site-packages/airflow/example_dags/example_trigger_controller_dag.py
[2022-08-19 00:59:18,787] {logging_mixin.py:115} INFO - [2022-08-19 00:59:18,787] {dag.py:2379} INFO - Sync 1 DAGs
[2022-08-19 00:59:18,828] {logging_mixin.py:115} INFO - [2022-08-19 00:59:18,828] {dag.py:2931} INFO - Setting next_dagrun for example_trigger_controller_dag to 2021-01-01T00:00:00+00:00, run_after=2021-01-01T00:00:00+00:00
[2022-08-19 00:59:18,859] {processor.py:161} INFO - Processing /home/airflow/.local/lib/python3.7/site-packages/airflow/example_dags/example_trigger_controller_dag.py took 0.123 seconds
[2022-08-19 00:59:49,254] {processor.py:153} INFO - Started process (PID=107) to work on /home/airflow/.local/lib/python3.7/site-packages/airflow/example_dags/example_trigger_controller_dag.py
[2022-08-19 00:59:49,257] {processor.py:641} INFO - Processing file /home/airflow/.local/lib/python3.7/site-packages/airflow/example_dags/example_trigger_controller_dag.py for tasks to queue
[2022-08-19 00:59:49,258] {logging_mixin.py:115} INFO - [2022-08-19 00:59:49,258] {dagbag.py:507} INFO - Filling up the DagBag from /home/airflow/.local/lib/python3.7/site-packages/airflow/example_dags/example_trigger_controller_dag.py
[2022-08-19 00:59:49,263] {processor.py:651} INFO - DAG(s) dict_keys(['example_trigger_controller_dag']) retrieved from /home/airflow/.local/lib/python3.7/site-packages/airflow/example_dags/example_trigger_controller_dag.py
[2022-08-19 00:59:49,346] {logging_mixin.py:115} INFO - [2022-08-19 00:59:49,346] {dag.py:2379} INFO - Sync 1 DAGs
[2022-08-19 00:59:49,436] {logging_mixin.py:115} INFO - [2022-08-19 00:59:49,435] {dag.py:2931} INFO - Setting next_dagrun for example_trigger_controller_dag to 2021-01-01T00:00:00+00:00, run_after=2021-01-01T00:00:00+00:00
[2022-08-19 00:59:49,487] {processor.py:161} INFO - Processing /home/airflow/.local/lib/python3.7/site-packages/airflow/example_dags/example_trigger_controller_dag.py took 0.242 seconds
[2022-08-19 01:10:20,659] {processor.py:153} INFO - Started process (PID=65) to work on /home/airflow/.local/lib/python3.7/site-packages/airflow/example_dags/example_trigger_controller_dag.py
[2022-08-19 01:10:20,662] {processor.py:641} INFO - Processing file /home/airflow/.local/lib/python3.7/site-packages/airflow/example_dags/example_trigger_controller_dag.py for tasks to queue
[2022-08-19 01:10:20,663] {logging_mixin.py:115} INFO - [2022-08-19 01:10:20,663] {dagbag.py:507} INFO - Filling up the DagBag from /home/airflow/.local/lib/python3.7/site-packages/airflow/example_dags/example_trigger_controller_dag.py
[2022-08-19 01:10:20,671] {processor.py:651} INFO - DAG(s) dict_keys(['example_trigger_controller_dag']) retrieved from /home/airflow/.local/lib/python3.7/site-packages/airflow/example_dags/example_trigger_controller_dag.py
[2022-08-19 01:10:20,790] {logging_mixin.py:115} INFO - [2022-08-19 01:10:20,790] {dag.py:2379} INFO - Sync 1 DAGs
[2022-08-19 01:10:21,336] {logging_mixin.py:115} INFO - [2022-08-19 01:10:21,336] {dag.py:2931} INFO - Setting next_dagrun for example_trigger_controller_dag to 2021-01-01T00:00:00+00:00, run_after=2021-01-01T00:00:00+00:00
[2022-08-19 01:10:21,408] {processor.py:161} INFO - Processing /home/airflow/.local/lib/python3.7/site-packages/airflow/example_dags/example_trigger_controller_dag.py took 0.762 seconds
[2022-08-19 01:10:52,376] {processor.py:153} INFO - Started process (PID=117) to work on /home/airflow/.local/lib/python3.7/site-packages/airflow/example_dags/example_trigger_controller_dag.py
[2022-08-19 01:10:52,377] {processor.py:641} INFO - Processing file /home/airflow/.local/lib/python3.7/site-packages/airflow/example_dags/example_trigger_controller_dag.py for tasks to queue
[2022-08-19 01:10:52,380] {logging_mixin.py:115} INFO - [2022-08-19 01:10:52,380] {dagbag.py:507} INFO - Filling up the DagBag from /home/airflow/.local/lib/python3.7/site-packages/airflow/example_dags/example_trigger_controller_dag.py
[2022-08-19 01:10:52,395] {processor.py:651} INFO - DAG(s) dict_keys(['example_trigger_controller_dag']) retrieved from /home/airflow/.local/lib/python3.7/site-packages/airflow/example_dags/example_trigger_controller_dag.py
[2022-08-19 01:10:52,460] {logging_mixin.py:115} INFO - [2022-08-19 01:10:52,459] {dag.py:2379} INFO - Sync 1 DAGs
[2022-08-19 01:10:52,673] {logging_mixin.py:115} INFO - [2022-08-19 01:10:52,673] {dag.py:2931} INFO - Setting next_dagrun for example_trigger_controller_dag to 2021-01-01T00:00:00+00:00, run_after=2021-01-01T00:00:00+00:00
[2022-08-19 01:10:52,709] {processor.py:161} INFO - Processing /home/airflow/.local/lib/python3.7/site-packages/airflow/example_dags/example_trigger_controller_dag.py took 0.349 seconds
[2022-08-19 01:11:22,825] {processor.py:153} INFO - Started process (PID=172) to work on /home/airflow/.local/lib/python3.7/site-packages/airflow/example_dags/example_trigger_controller_dag.py
[2022-08-19 01:11:22,825] {processor.py:641} INFO - Processing file /home/airflow/.local/lib/python3.7/site-packages/airflow/example_dags/example_trigger_controller_dag.py for tasks to queue
[2022-08-19 01:11:22,826] {logging_mixin.py:115} INFO - [2022-08-19 01:11:22,826] {dagbag.py:507} INFO - Filling up the DagBag from /home/airflow/.local/lib/python3.7/site-packages/airflow/example_dags/example_trigger_controller_dag.py
[2022-08-19 01:11:22,829] {processor.py:651} INFO - DAG(s) dict_keys(['example_trigger_controller_dag']) retrieved from /home/airflow/.local/lib/python3.7/site-packages/airflow/example_dags/example_trigger_controller_dag.py
[2022-08-19 01:11:22,873] {logging_mixin.py:115} INFO - [2022-08-19 01:11:22,872] {dag.py:2379} INFO - Sync 1 DAGs
[2022-08-19 01:11:23,053] {logging_mixin.py:115} INFO - [2022-08-19 01:11:23,053] {dag.py:2931} INFO - Setting next_dagrun for example_trigger_controller_dag to 2021-01-01T00:00:00+00:00, run_after=2021-01-01T00:00:00+00:00
[2022-08-19 01:11:23,072] {processor.py:161} INFO - Processing /home/airflow/.local/lib/python3.7/site-packages/airflow/example_dags/example_trigger_controller_dag.py took 0.252 seconds
[2022-08-19 01:11:53,384] {processor.py:153} INFO - Started process (PID=235) to work on /home/airflow/.local/lib/python3.7/site-packages/airflow/example_dags/example_trigger_controller_dag.py
[2022-08-19 01:11:53,384] {processor.py:641} INFO - Processing file /home/airflow/.local/lib/python3.7/site-packages/airflow/example_dags/example_trigger_controller_dag.py for tasks to queue
[2022-08-19 01:11:53,385] {logging_mixin.py:115} INFO - [2022-08-19 01:11:53,384] {dagbag.py:507} INFO - Filling up the DagBag from /home/airflow/.local/lib/python3.7/site-packages/airflow/example_dags/example_trigger_controller_dag.py
[2022-08-19 01:11:53,387] {processor.py:651} INFO - DAG(s) dict_keys(['example_trigger_controller_dag']) retrieved from /home/airflow/.local/lib/python3.7/site-packages/airflow/example_dags/example_trigger_controller_dag.py
[2022-08-19 01:11:53,412] {logging_mixin.py:115} INFO - [2022-08-19 01:11:53,412] {dag.py:2379} INFO - Sync 1 DAGs
[2022-08-19 01:11:53,567] {logging_mixin.py:115} INFO - [2022-08-19 01:11:53,567] {dag.py:2931} INFO - Setting next_dagrun for example_trigger_controller_dag to 2021-01-01T00:00:00+00:00, run_after=2021-01-01T00:00:00+00:00
[2022-08-19 01:11:53,581] {processor.py:161} INFO - Processing /home/airflow/.local/lib/python3.7/site-packages/airflow/example_dags/example_trigger_controller_dag.py took 0.201 seconds
[2022-08-19 01:12:23,908] {processor.py:153} INFO - Started process (PID=290) to work on /home/airflow/.local/lib/python3.7/site-packages/airflow/example_dags/example_trigger_controller_dag.py
[2022-08-19 01:12:23,909] {processor.py:641} INFO - Processing file /home/airflow/.local/lib/python3.7/site-packages/airflow/example_dags/example_trigger_controller_dag.py for tasks to queue
[2022-08-19 01:12:23,910] {logging_mixin.py:115} INFO - [2022-08-19 01:12:23,910] {dagbag.py:507} INFO - Filling up the DagBag from /home/airflow/.local/lib/python3.7/site-packages/airflow/example_dags/example_trigger_controller_dag.py
[2022-08-19 01:12:23,914] {processor.py:651} INFO - DAG(s) dict_keys(['example_trigger_controller_dag']) retrieved from /home/airflow/.local/lib/python3.7/site-packages/airflow/example_dags/example_trigger_controller_dag.py
[2022-08-19 01:12:23,951] {logging_mixin.py:115} INFO - [2022-08-19 01:12:23,951] {dag.py:2379} INFO - Sync 1 DAGs
[2022-08-19 01:12:24,112] {logging_mixin.py:115} INFO - [2022-08-19 01:12:24,111] {dag.py:2931} INFO - Setting next_dagrun for example_trigger_controller_dag to 2021-01-01T00:00:00+00:00, run_after=2021-01-01T00:00:00+00:00
[2022-08-19 01:12:24,127] {processor.py:161} INFO - Processing /home/airflow/.local/lib/python3.7/site-packages/airflow/example_dags/example_trigger_controller_dag.py took 0.223 seconds
[2022-08-19 01:12:54,275] {processor.py:153} INFO - Started process (PID=357) to work on /home/airflow/.local/lib/python3.7/site-packages/airflow/example_dags/example_trigger_controller_dag.py
[2022-08-19 01:12:54,276] {processor.py:641} INFO - Processing file /home/airflow/.local/lib/python3.7/site-packages/airflow/example_dags/example_trigger_controller_dag.py for tasks to queue
[2022-08-19 01:12:54,276] {logging_mixin.py:115} INFO - [2022-08-19 01:12:54,276] {dagbag.py:507} INFO - Filling up the DagBag from /home/airflow/.local/lib/python3.7/site-packages/airflow/example_dags/example_trigger_controller_dag.py
[2022-08-19 01:12:54,280] {processor.py:651} INFO - DAG(s) dict_keys(['example_trigger_controller_dag']) retrieved from /home/airflow/.local/lib/python3.7/site-packages/airflow/example_dags/example_trigger_controller_dag.py
[2022-08-19 01:12:54,317] {logging_mixin.py:115} INFO - [2022-08-19 01:12:54,316] {dag.py:2379} INFO - Sync 1 DAGs
[2022-08-19 01:12:54,477] {logging_mixin.py:115} INFO - [2022-08-19 01:12:54,477] {dag.py:2931} INFO - Setting next_dagrun for example_trigger_controller_dag to 2021-01-01T00:00:00+00:00, run_after=2021-01-01T00:00:00+00:00
[2022-08-19 01:12:54,490] {processor.py:161} INFO - Processing /home/airflow/.local/lib/python3.7/site-packages/airflow/example_dags/example_trigger_controller_dag.py took 0.219 seconds
[2022-08-19 01:13:24,684] {processor.py:153} INFO - Started process (PID=412) to work on /home/airflow/.local/lib/python3.7/site-packages/airflow/example_dags/example_trigger_controller_dag.py
[2022-08-19 01:13:24,685] {processor.py:641} INFO - Processing file /home/airflow/.local/lib/python3.7/site-packages/airflow/example_dags/example_trigger_controller_dag.py for tasks to queue
[2022-08-19 01:13:24,686] {logging_mixin.py:115} INFO - [2022-08-19 01:13:24,686] {dagbag.py:507} INFO - Filling up the DagBag from /home/airflow/.local/lib/python3.7/site-packages/airflow/example_dags/example_trigger_controller_dag.py
[2022-08-19 01:13:24,688] {processor.py:651} INFO - DAG(s) dict_keys(['example_trigger_controller_dag']) retrieved from /home/airflow/.local/lib/python3.7/site-packages/airflow/example_dags/example_trigger_controller_dag.py
[2022-08-19 01:13:24,720] {logging_mixin.py:115} INFO - [2022-08-19 01:13:24,720] {dag.py:2379} INFO - Sync 1 DAGs
[2022-08-19 01:13:24,884] {logging_mixin.py:115} INFO - [2022-08-19 01:13:24,883] {dag.py:2931} INFO - Setting next_dagrun for example_trigger_controller_dag to 2021-01-01T00:00:00+00:00, run_after=2021-01-01T00:00:00+00:00
[2022-08-19 01:13:24,898] {processor.py:161} INFO - Processing /home/airflow/.local/lib/python3.7/site-packages/airflow/example_dags/example_trigger_controller_dag.py took 0.217 seconds
[2022-08-19 01:13:54,987] {processor.py:153} INFO - Started process (PID=476) to work on /home/airflow/.local/lib/python3.7/site-packages/airflow/example_dags/example_trigger_controller_dag.py
[2022-08-19 01:13:54,988] {processor.py:641} INFO - Processing file /home/airflow/.local/lib/python3.7/site-packages/airflow/example_dags/example_trigger_controller_dag.py for tasks to queue
[2022-08-19 01:13:54,991] {logging_mixin.py:115} INFO - [2022-08-19 01:13:54,991] {dagbag.py:507} INFO - Filling up the DagBag from /home/airflow/.local/lib/python3.7/site-packages/airflow/example_dags/example_trigger_controller_dag.py
[2022-08-19 01:13:55,002] {processor.py:651} INFO - DAG(s) dict_keys(['example_trigger_controller_dag']) retrieved from /home/airflow/.local/lib/python3.7/site-packages/airflow/example_dags/example_trigger_controller_dag.py
[2022-08-19 01:13:55,054] {logging_mixin.py:115} INFO - [2022-08-19 01:13:55,053] {dag.py:2379} INFO - Sync 1 DAGs
[2022-08-19 01:13:55,195] {logging_mixin.py:115} INFO - [2022-08-19 01:13:55,195] {dag.py:2931} INFO - Setting next_dagrun for example_trigger_controller_dag to 2021-01-01T00:00:00+00:00, run_after=2021-01-01T00:00:00+00:00
[2022-08-19 01:13:55,209] {processor.py:161} INFO - Processing /home/airflow/.local/lib/python3.7/site-packages/airflow/example_dags/example_trigger_controller_dag.py took 0.238 seconds
[2022-08-19 01:14:25,456] {processor.py:153} INFO - Started process (PID=530) to work on /home/airflow/.local/lib/python3.7/site-packages/airflow/example_dags/example_trigger_controller_dag.py
[2022-08-19 01:14:25,458] {processor.py:641} INFO - Processing file /home/airflow/.local/lib/python3.7/site-packages/airflow/example_dags/example_trigger_controller_dag.py for tasks to queue
[2022-08-19 01:14:25,459] {logging_mixin.py:115} INFO - [2022-08-19 01:14:25,458] {dagbag.py:507} INFO - Filling up the DagBag from /home/airflow/.local/lib/python3.7/site-packages/airflow/example_dags/example_trigger_controller_dag.py
[2022-08-19 01:14:25,463] {processor.py:651} INFO - DAG(s) dict_keys(['example_trigger_controller_dag']) retrieved from /home/airflow/.local/lib/python3.7/site-packages/airflow/example_dags/example_trigger_controller_dag.py
[2022-08-19 01:14:25,501] {logging_mixin.py:115} INFO - [2022-08-19 01:14:25,501] {dag.py:2379} INFO - Sync 1 DAGs
[2022-08-19 01:14:25,779] {logging_mixin.py:115} INFO - [2022-08-19 01:14:25,778] {dag.py:2931} INFO - Setting next_dagrun for example_trigger_controller_dag to 2021-01-01T00:00:00+00:00, run_after=2021-01-01T00:00:00+00:00
[2022-08-19 01:14:25,798] {processor.py:161} INFO - Processing /home/airflow/.local/lib/python3.7/site-packages/airflow/example_dags/example_trigger_controller_dag.py took 0.347 seconds
[2022-08-19 01:14:56,030] {processor.py:153} INFO - Started process (PID=595) to work on /home/airflow/.local/lib/python3.7/site-packages/airflow/example_dags/example_trigger_controller_dag.py
[2022-08-19 01:14:56,031] {processor.py:641} INFO - Processing file /home/airflow/.local/lib/python3.7/site-packages/airflow/example_dags/example_trigger_controller_dag.py for tasks to queue
[2022-08-19 01:14:56,032] {logging_mixin.py:115} INFO - [2022-08-19 01:14:56,032] {dagbag.py:507} INFO - Filling up the DagBag from /home/airflow/.local/lib/python3.7/site-packages/airflow/example_dags/example_trigger_controller_dag.py
[2022-08-19 01:14:56,043] {processor.py:651} INFO - DAG(s) dict_keys(['example_trigger_controller_dag']) retrieved from /home/airflow/.local/lib/python3.7/site-packages/airflow/example_dags/example_trigger_controller_dag.py
[2022-08-19 01:14:56,119] {logging_mixin.py:115} INFO - [2022-08-19 01:14:56,119] {dag.py:2379} INFO - Sync 1 DAGs
[2022-08-19 01:14:56,321] {logging_mixin.py:115} INFO - [2022-08-19 01:14:56,321] {dag.py:2931} INFO - Setting next_dagrun for example_trigger_controller_dag to 2021-01-01T00:00:00+00:00, run_after=2021-01-01T00:00:00+00:00
[2022-08-19 01:14:56,338] {processor.py:161} INFO - Processing /home/airflow/.local/lib/python3.7/site-packages/airflow/example_dags/example_trigger_controller_dag.py took 0.319 seconds
[2022-08-19 01:21:22,242] {processor.py:153} INFO - Started process (PID=56) to work on /home/airflow/.local/lib/python3.7/site-packages/airflow/example_dags/example_trigger_controller_dag.py
[2022-08-19 01:21:22,243] {processor.py:641} INFO - Processing file /home/airflow/.local/lib/python3.7/site-packages/airflow/example_dags/example_trigger_controller_dag.py for tasks to queue
[2022-08-19 01:21:22,245] {logging_mixin.py:115} INFO - [2022-08-19 01:21:22,245] {dagbag.py:507} INFO - Filling up the DagBag from /home/airflow/.local/lib/python3.7/site-packages/airflow/example_dags/example_trigger_controller_dag.py
[2022-08-19 01:21:22,249] {processor.py:651} INFO - DAG(s) dict_keys(['example_trigger_controller_dag']) retrieved from /home/airflow/.local/lib/python3.7/site-packages/airflow/example_dags/example_trigger_controller_dag.py
[2022-08-19 01:21:22,302] {logging_mixin.py:115} INFO - [2022-08-19 01:21:22,302] {dag.py:2379} INFO - Sync 1 DAGs
[2022-08-19 01:21:22,363] {logging_mixin.py:115} INFO - [2022-08-19 01:21:22,362] {dag.py:2931} INFO - Setting next_dagrun for example_trigger_controller_dag to 2021-01-01T00:00:00+00:00, run_after=2021-01-01T00:00:00+00:00
[2022-08-19 01:21:22,391] {processor.py:161} INFO - Processing /home/airflow/.local/lib/python3.7/site-packages/airflow/example_dags/example_trigger_controller_dag.py took 0.157 seconds
[2022-08-19 01:21:53,187] {processor.py:153} INFO - Started process (PID=113) to work on /home/airflow/.local/lib/python3.7/site-packages/airflow/example_dags/example_trigger_controller_dag.py
[2022-08-19 01:21:53,187] {processor.py:641} INFO - Processing file /home/airflow/.local/lib/python3.7/site-packages/airflow/example_dags/example_trigger_controller_dag.py for tasks to queue
[2022-08-19 01:21:53,188] {logging_mixin.py:115} INFO - [2022-08-19 01:21:53,188] {dagbag.py:507} INFO - Filling up the DagBag from /home/airflow/.local/lib/python3.7/site-packages/airflow/example_dags/example_trigger_controller_dag.py
[2022-08-19 01:21:53,197] {processor.py:651} INFO - DAG(s) dict_keys(['example_trigger_controller_dag']) retrieved from /home/airflow/.local/lib/python3.7/site-packages/airflow/example_dags/example_trigger_controller_dag.py
[2022-08-19 01:21:53,241] {logging_mixin.py:115} INFO - [2022-08-19 01:21:53,241] {dag.py:2379} INFO - Sync 1 DAGs
[2022-08-19 01:21:53,286] {logging_mixin.py:115} INFO - [2022-08-19 01:21:53,286] {dag.py:2931} INFO - Setting next_dagrun for example_trigger_controller_dag to 2021-01-01T00:00:00+00:00, run_after=2021-01-01T00:00:00+00:00
[2022-08-19 01:21:53,319] {processor.py:161} INFO - Processing /home/airflow/.local/lib/python3.7/site-packages/airflow/example_dags/example_trigger_controller_dag.py took 0.135 seconds
[2022-08-19 01:22:23,911] {processor.py:153} INFO - Started process (PID=180) to work on /home/airflow/.local/lib/python3.7/site-packages/airflow/example_dags/example_trigger_controller_dag.py
[2022-08-19 01:22:23,911] {processor.py:641} INFO - Processing file /home/airflow/.local/lib/python3.7/site-packages/airflow/example_dags/example_trigger_controller_dag.py for tasks to queue
[2022-08-19 01:22:23,912] {logging_mixin.py:115} INFO - [2022-08-19 01:22:23,912] {dagbag.py:507} INFO - Filling up the DagBag from /home/airflow/.local/lib/python3.7/site-packages/airflow/example_dags/example_trigger_controller_dag.py
[2022-08-19 01:22:23,916] {processor.py:651} INFO - DAG(s) dict_keys(['example_trigger_controller_dag']) retrieved from /home/airflow/.local/lib/python3.7/site-packages/airflow/example_dags/example_trigger_controller_dag.py
[2022-08-19 01:22:23,951] {logging_mixin.py:115} INFO - [2022-08-19 01:22:23,951] {dag.py:2379} INFO - Sync 1 DAGs
[2022-08-19 01:22:23,991] {logging_mixin.py:115} INFO - [2022-08-19 01:22:23,991] {dag.py:2931} INFO - Setting next_dagrun for example_trigger_controller_dag to 2021-01-01T00:00:00+00:00, run_after=2021-01-01T00:00:00+00:00
[2022-08-19 01:22:24,012] {processor.py:161} INFO - Processing /home/airflow/.local/lib/python3.7/site-packages/airflow/example_dags/example_trigger_controller_dag.py took 0.105 seconds
[2022-08-19 01:22:54,177] {processor.py:153} INFO - Started process (PID=236) to work on /home/airflow/.local/lib/python3.7/site-packages/airflow/example_dags/example_trigger_controller_dag.py
[2022-08-19 01:22:54,177] {processor.py:641} INFO - Processing file /home/airflow/.local/lib/python3.7/site-packages/airflow/example_dags/example_trigger_controller_dag.py for tasks to queue
[2022-08-19 01:22:54,178] {logging_mixin.py:115} INFO - [2022-08-19 01:22:54,178] {dagbag.py:507} INFO - Filling up the DagBag from /home/airflow/.local/lib/python3.7/site-packages/airflow/example_dags/example_trigger_controller_dag.py
[2022-08-19 01:22:54,180] {processor.py:651} INFO - DAG(s) dict_keys(['example_trigger_controller_dag']) retrieved from /home/airflow/.local/lib/python3.7/site-packages/airflow/example_dags/example_trigger_controller_dag.py
[2022-08-19 01:22:54,205] {logging_mixin.py:115} INFO - [2022-08-19 01:22:54,204] {dag.py:2379} INFO - Sync 1 DAGs
[2022-08-19 01:22:54,226] {logging_mixin.py:115} INFO - [2022-08-19 01:22:54,226] {dag.py:2931} INFO - Setting next_dagrun for example_trigger_controller_dag to 2021-01-01T00:00:00+00:00, run_after=2021-01-01T00:00:00+00:00
[2022-08-19 01:22:54,243] {processor.py:161} INFO - Processing /home/airflow/.local/lib/python3.7/site-packages/airflow/example_dags/example_trigger_controller_dag.py took 0.068 seconds
[2022-08-19 01:23:24,992] {processor.py:153} INFO - Started process (PID=301) to work on /home/airflow/.local/lib/python3.7/site-packages/airflow/example_dags/example_trigger_controller_dag.py
[2022-08-19 01:23:24,993] {processor.py:641} INFO - Processing file /home/airflow/.local/lib/python3.7/site-packages/airflow/example_dags/example_trigger_controller_dag.py for tasks to queue
[2022-08-19 01:23:24,994] {logging_mixin.py:115} INFO - [2022-08-19 01:23:24,994] {dagbag.py:507} INFO - Filling up the DagBag from /home/airflow/.local/lib/python3.7/site-packages/airflow/example_dags/example_trigger_controller_dag.py
[2022-08-19 01:23:25,003] {processor.py:651} INFO - DAG(s) dict_keys(['example_trigger_controller_dag']) retrieved from /home/airflow/.local/lib/python3.7/site-packages/airflow/example_dags/example_trigger_controller_dag.py
[2022-08-19 01:23:25,072] {logging_mixin.py:115} INFO - [2022-08-19 01:23:25,072] {dag.py:2379} INFO - Sync 1 DAGs
[2022-08-19 01:23:25,126] {logging_mixin.py:115} INFO - [2022-08-19 01:23:25,126] {dag.py:2931} INFO - Setting next_dagrun for example_trigger_controller_dag to 2021-01-01T00:00:00+00:00, run_after=2021-01-01T00:00:00+00:00
[2022-08-19 01:23:25,153] {processor.py:161} INFO - Processing /home/airflow/.local/lib/python3.7/site-packages/airflow/example_dags/example_trigger_controller_dag.py took 0.164 seconds
[2022-08-19 01:23:56,101] {processor.py:153} INFO - Started process (PID=361) to work on /home/airflow/.local/lib/python3.7/site-packages/airflow/example_dags/example_trigger_controller_dag.py
[2022-08-19 01:23:56,101] {processor.py:641} INFO - Processing file /home/airflow/.local/lib/python3.7/site-packages/airflow/example_dags/example_trigger_controller_dag.py for tasks to queue
[2022-08-19 01:23:56,102] {logging_mixin.py:115} INFO - [2022-08-19 01:23:56,102] {dagbag.py:507} INFO - Filling up the DagBag from /home/airflow/.local/lib/python3.7/site-packages/airflow/example_dags/example_trigger_controller_dag.py
[2022-08-19 01:23:56,105] {processor.py:651} INFO - DAG(s) dict_keys(['example_trigger_controller_dag']) retrieved from /home/airflow/.local/lib/python3.7/site-packages/airflow/example_dags/example_trigger_controller_dag.py
[2022-08-19 01:23:56,133] {logging_mixin.py:115} INFO - [2022-08-19 01:23:56,133] {dag.py:2379} INFO - Sync 1 DAGs
[2022-08-19 01:23:56,157] {logging_mixin.py:115} INFO - [2022-08-19 01:23:56,157] {dag.py:2931} INFO - Setting next_dagrun for example_trigger_controller_dag to 2021-01-01T00:00:00+00:00, run_after=2021-01-01T00:00:00+00:00
[2022-08-19 01:23:56,170] {processor.py:161} INFO - Processing /home/airflow/.local/lib/python3.7/site-packages/airflow/example_dags/example_trigger_controller_dag.py took 0.073 seconds
[2022-08-19 01:24:26,755] {processor.py:153} INFO - Started process (PID=425) to work on /home/airflow/.local/lib/python3.7/site-packages/airflow/example_dags/example_trigger_controller_dag.py
[2022-08-19 01:24:26,755] {processor.py:641} INFO - Processing file /home/airflow/.local/lib/python3.7/site-packages/airflow/example_dags/example_trigger_controller_dag.py for tasks to queue
[2022-08-19 01:24:26,756] {logging_mixin.py:115} INFO - [2022-08-19 01:24:26,756] {dagbag.py:507} INFO - Filling up the DagBag from /home/airflow/.local/lib/python3.7/site-packages/airflow/example_dags/example_trigger_controller_dag.py
[2022-08-19 01:24:26,762] {processor.py:651} INFO - DAG(s) dict_keys(['example_trigger_controller_dag']) retrieved from /home/airflow/.local/lib/python3.7/site-packages/airflow/example_dags/example_trigger_controller_dag.py
[2022-08-19 01:24:26,794] {logging_mixin.py:115} INFO - [2022-08-19 01:24:26,794] {dag.py:2379} INFO - Sync 1 DAGs
[2022-08-19 01:24:26,824] {logging_mixin.py:115} INFO - [2022-08-19 01:24:26,824] {dag.py:2931} INFO - Setting next_dagrun for example_trigger_controller_dag to 2021-01-01T00:00:00+00:00, run_after=2021-01-01T00:00:00+00:00
[2022-08-19 01:24:26,840] {processor.py:161} INFO - Processing /home/airflow/.local/lib/python3.7/site-packages/airflow/example_dags/example_trigger_controller_dag.py took 0.088 seconds
[2022-08-19 01:24:57,470] {processor.py:153} INFO - Started process (PID=480) to work on /home/airflow/.local/lib/python3.7/site-packages/airflow/example_dags/example_trigger_controller_dag.py
[2022-08-19 01:24:57,471] {processor.py:641} INFO - Processing file /home/airflow/.local/lib/python3.7/site-packages/airflow/example_dags/example_trigger_controller_dag.py for tasks to queue
[2022-08-19 01:24:57,472] {logging_mixin.py:115} INFO - [2022-08-19 01:24:57,472] {dagbag.py:507} INFO - Filling up the DagBag from /home/airflow/.local/lib/python3.7/site-packages/airflow/example_dags/example_trigger_controller_dag.py
[2022-08-19 01:24:57,478] {processor.py:651} INFO - DAG(s) dict_keys(['example_trigger_controller_dag']) retrieved from /home/airflow/.local/lib/python3.7/site-packages/airflow/example_dags/example_trigger_controller_dag.py
[2022-08-19 01:24:57,518] {logging_mixin.py:115} INFO - [2022-08-19 01:24:57,517] {dag.py:2379} INFO - Sync 1 DAGs
[2022-08-19 01:24:57,560] {logging_mixin.py:115} INFO - [2022-08-19 01:24:57,560] {dag.py:2931} INFO - Setting next_dagrun for example_trigger_controller_dag to 2021-01-01T00:00:00+00:00, run_after=2021-01-01T00:00:00+00:00
[2022-08-19 01:24:57,579] {processor.py:161} INFO - Processing /home/airflow/.local/lib/python3.7/site-packages/airflow/example_dags/example_trigger_controller_dag.py took 0.113 seconds
[2022-08-19 01:25:27,971] {processor.py:153} INFO - Started process (PID=542) to work on /home/airflow/.local/lib/python3.7/site-packages/airflow/example_dags/example_trigger_controller_dag.py
[2022-08-19 01:25:27,972] {processor.py:641} INFO - Processing file /home/airflow/.local/lib/python3.7/site-packages/airflow/example_dags/example_trigger_controller_dag.py for tasks to queue
[2022-08-19 01:25:27,973] {logging_mixin.py:115} INFO - [2022-08-19 01:25:27,973] {dagbag.py:507} INFO - Filling up the DagBag from /home/airflow/.local/lib/python3.7/site-packages/airflow/example_dags/example_trigger_controller_dag.py
[2022-08-19 01:25:27,980] {processor.py:651} INFO - DAG(s) dict_keys(['example_trigger_controller_dag']) retrieved from /home/airflow/.local/lib/python3.7/site-packages/airflow/example_dags/example_trigger_controller_dag.py
[2022-08-19 01:25:28,044] {logging_mixin.py:115} INFO - [2022-08-19 01:25:28,043] {dag.py:2379} INFO - Sync 1 DAGs
[2022-08-19 01:25:28,096] {logging_mixin.py:115} INFO - [2022-08-19 01:25:28,095] {dag.py:2931} INFO - Setting next_dagrun for example_trigger_controller_dag to 2021-01-01T00:00:00+00:00, run_after=2021-01-01T00:00:00+00:00
[2022-08-19 01:25:28,116] {processor.py:161} INFO - Processing /home/airflow/.local/lib/python3.7/site-packages/airflow/example_dags/example_trigger_controller_dag.py took 0.152 seconds
[2022-08-19 01:25:58,476] {processor.py:153} INFO - Started process (PID=601) to work on /home/airflow/.local/lib/python3.7/site-packages/airflow/example_dags/example_trigger_controller_dag.py
[2022-08-19 01:25:58,476] {processor.py:641} INFO - Processing file /home/airflow/.local/lib/python3.7/site-packages/airflow/example_dags/example_trigger_controller_dag.py for tasks to queue
[2022-08-19 01:25:58,477] {logging_mixin.py:115} INFO - [2022-08-19 01:25:58,477] {dagbag.py:507} INFO - Filling up the DagBag from /home/airflow/.local/lib/python3.7/site-packages/airflow/example_dags/example_trigger_controller_dag.py
[2022-08-19 01:25:58,481] {processor.py:651} INFO - DAG(s) dict_keys(['example_trigger_controller_dag']) retrieved from /home/airflow/.local/lib/python3.7/site-packages/airflow/example_dags/example_trigger_controller_dag.py
[2022-08-19 01:25:58,539] {logging_mixin.py:115} INFO - [2022-08-19 01:25:58,539] {dag.py:2379} INFO - Sync 1 DAGs
[2022-08-19 01:25:58,592] {logging_mixin.py:115} INFO - [2022-08-19 01:25:58,592] {dag.py:2931} INFO - Setting next_dagrun for example_trigger_controller_dag to 2021-01-01T00:00:00+00:00, run_after=2021-01-01T00:00:00+00:00
[2022-08-19 01:25:58,624] {processor.py:161} INFO - Processing /home/airflow/.local/lib/python3.7/site-packages/airflow/example_dags/example_trigger_controller_dag.py took 0.154 seconds
[2022-08-19 01:26:29,190] {processor.py:153} INFO - Started process (PID=670) to work on /home/airflow/.local/lib/python3.7/site-packages/airflow/example_dags/example_trigger_controller_dag.py
[2022-08-19 01:26:29,191] {processor.py:641} INFO - Processing file /home/airflow/.local/lib/python3.7/site-packages/airflow/example_dags/example_trigger_controller_dag.py for tasks to queue
[2022-08-19 01:26:29,191] {logging_mixin.py:115} INFO - [2022-08-19 01:26:29,191] {dagbag.py:507} INFO - Filling up the DagBag from /home/airflow/.local/lib/python3.7/site-packages/airflow/example_dags/example_trigger_controller_dag.py
[2022-08-19 01:26:29,194] {processor.py:651} INFO - DAG(s) dict_keys(['example_trigger_controller_dag']) retrieved from /home/airflow/.local/lib/python3.7/site-packages/airflow/example_dags/example_trigger_controller_dag.py
[2022-08-19 01:26:29,223] {logging_mixin.py:115} INFO - [2022-08-19 01:26:29,223] {dag.py:2379} INFO - Sync 1 DAGs
[2022-08-19 01:26:29,250] {logging_mixin.py:115} INFO - [2022-08-19 01:26:29,250] {dag.py:2931} INFO - Setting next_dagrun for example_trigger_controller_dag to 2021-01-01T00:00:00+00:00, run_after=2021-01-01T00:00:00+00:00
[2022-08-19 01:26:29,261] {processor.py:161} INFO - Processing /home/airflow/.local/lib/python3.7/site-packages/airflow/example_dags/example_trigger_controller_dag.py took 0.074 seconds
[2022-08-19 01:26:59,806] {processor.py:153} INFO - Started process (PID=726) to work on /home/airflow/.local/lib/python3.7/site-packages/airflow/example_dags/example_trigger_controller_dag.py
[2022-08-19 01:26:59,806] {processor.py:641} INFO - Processing file /home/airflow/.local/lib/python3.7/site-packages/airflow/example_dags/example_trigger_controller_dag.py for tasks to queue
[2022-08-19 01:26:59,807] {logging_mixin.py:115} INFO - [2022-08-19 01:26:59,807] {dagbag.py:507} INFO - Filling up the DagBag from /home/airflow/.local/lib/python3.7/site-packages/airflow/example_dags/example_trigger_controller_dag.py
[2022-08-19 01:26:59,811] {processor.py:651} INFO - DAG(s) dict_keys(['example_trigger_controller_dag']) retrieved from /home/airflow/.local/lib/python3.7/site-packages/airflow/example_dags/example_trigger_controller_dag.py
[2022-08-19 01:26:59,840] {logging_mixin.py:115} INFO - [2022-08-19 01:26:59,840] {dag.py:2379} INFO - Sync 1 DAGs
[2022-08-19 01:26:59,866] {logging_mixin.py:115} INFO - [2022-08-19 01:26:59,866] {dag.py:2931} INFO - Setting next_dagrun for example_trigger_controller_dag to 2021-01-01T00:00:00+00:00, run_after=2021-01-01T00:00:00+00:00
[2022-08-19 01:26:59,875] {processor.py:161} INFO - Processing /home/airflow/.local/lib/python3.7/site-packages/airflow/example_dags/example_trigger_controller_dag.py took 0.074 seconds
[2022-08-19 01:27:30,802] {processor.py:153} INFO - Started process (PID=791) to work on /home/airflow/.local/lib/python3.7/site-packages/airflow/example_dags/example_trigger_controller_dag.py
[2022-08-19 01:27:30,802] {processor.py:641} INFO - Processing file /home/airflow/.local/lib/python3.7/site-packages/airflow/example_dags/example_trigger_controller_dag.py for tasks to queue
[2022-08-19 01:27:30,803] {logging_mixin.py:115} INFO - [2022-08-19 01:27:30,803] {dagbag.py:507} INFO - Filling up the DagBag from /home/airflow/.local/lib/python3.7/site-packages/airflow/example_dags/example_trigger_controller_dag.py
[2022-08-19 01:27:30,806] {processor.py:651} INFO - DAG(s) dict_keys(['example_trigger_controller_dag']) retrieved from /home/airflow/.local/lib/python3.7/site-packages/airflow/example_dags/example_trigger_controller_dag.py
[2022-08-19 01:27:30,902] {logging_mixin.py:115} INFO - [2022-08-19 01:27:30,902] {dag.py:2379} INFO - Sync 1 DAGs
[2022-08-19 01:27:30,980] {logging_mixin.py:115} INFO - [2022-08-19 01:27:30,979] {dag.py:2931} INFO - Setting next_dagrun for example_trigger_controller_dag to 2021-01-01T00:00:00+00:00, run_after=2021-01-01T00:00:00+00:00
[2022-08-19 01:27:31,016] {processor.py:161} INFO - Processing /home/airflow/.local/lib/python3.7/site-packages/airflow/example_dags/example_trigger_controller_dag.py took 0.218 seconds
[2022-08-19 01:28:01,356] {processor.py:153} INFO - Started process (PID=846) to work on /home/airflow/.local/lib/python3.7/site-packages/airflow/example_dags/example_trigger_controller_dag.py
[2022-08-19 01:28:01,358] {processor.py:641} INFO - Processing file /home/airflow/.local/lib/python3.7/site-packages/airflow/example_dags/example_trigger_controller_dag.py for tasks to queue
[2022-08-19 01:28:01,359] {logging_mixin.py:115} INFO - [2022-08-19 01:28:01,359] {dagbag.py:507} INFO - Filling up the DagBag from /home/airflow/.local/lib/python3.7/site-packages/airflow/example_dags/example_trigger_controller_dag.py
[2022-08-19 01:28:01,365] {processor.py:651} INFO - DAG(s) dict_keys(['example_trigger_controller_dag']) retrieved from /home/airflow/.local/lib/python3.7/site-packages/airflow/example_dags/example_trigger_controller_dag.py
[2022-08-19 01:28:01,403] {logging_mixin.py:115} INFO - [2022-08-19 01:28:01,403] {dag.py:2379} INFO - Sync 1 DAGs
[2022-08-19 01:28:01,436] {logging_mixin.py:115} INFO - [2022-08-19 01:28:01,435] {dag.py:2931} INFO - Setting next_dagrun for example_trigger_controller_dag to 2021-01-01T00:00:00+00:00, run_after=2021-01-01T00:00:00+00:00
[2022-08-19 01:28:01,452] {processor.py:161} INFO - Processing /home/airflow/.local/lib/python3.7/site-packages/airflow/example_dags/example_trigger_controller_dag.py took 0.106 seconds
[2022-08-19 01:31:07,364] {processor.py:153} INFO - Started process (PID=56) to work on /home/airflow/.local/lib/python3.7/site-packages/airflow/example_dags/example_trigger_controller_dag.py
[2022-08-19 01:31:07,370] {processor.py:641} INFO - Processing file /home/airflow/.local/lib/python3.7/site-packages/airflow/example_dags/example_trigger_controller_dag.py for tasks to queue
[2022-08-19 01:31:07,370] {logging_mixin.py:115} INFO - [2022-08-19 01:31:07,370] {dagbag.py:507} INFO - Filling up the DagBag from /home/airflow/.local/lib/python3.7/site-packages/airflow/example_dags/example_trigger_controller_dag.py
[2022-08-19 01:31:07,374] {processor.py:651} INFO - DAG(s) dict_keys(['example_trigger_controller_dag']) retrieved from /home/airflow/.local/lib/python3.7/site-packages/airflow/example_dags/example_trigger_controller_dag.py
[2022-08-19 01:31:07,425] {logging_mixin.py:115} INFO - [2022-08-19 01:31:07,425] {dag.py:2379} INFO - Sync 1 DAGs
[2022-08-19 01:31:07,487] {logging_mixin.py:115} INFO - [2022-08-19 01:31:07,486] {dag.py:2931} INFO - Setting next_dagrun for example_trigger_controller_dag to 2021-01-01T00:00:00+00:00, run_after=2021-01-01T00:00:00+00:00
[2022-08-19 01:31:07,523] {processor.py:161} INFO - Processing /home/airflow/.local/lib/python3.7/site-packages/airflow/example_dags/example_trigger_controller_dag.py took 0.164 seconds
[2022-08-19 01:31:38,018] {processor.py:153} INFO - Started process (PID=109) to work on /home/airflow/.local/lib/python3.7/site-packages/airflow/example_dags/example_trigger_controller_dag.py
[2022-08-19 01:31:38,018] {processor.py:641} INFO - Processing file /home/airflow/.local/lib/python3.7/site-packages/airflow/example_dags/example_trigger_controller_dag.py for tasks to queue
[2022-08-19 01:31:38,019] {logging_mixin.py:115} INFO - [2022-08-19 01:31:38,019] {dagbag.py:507} INFO - Filling up the DagBag from /home/airflow/.local/lib/python3.7/site-packages/airflow/example_dags/example_trigger_controller_dag.py
[2022-08-19 01:31:38,022] {processor.py:651} INFO - DAG(s) dict_keys(['example_trigger_controller_dag']) retrieved from /home/airflow/.local/lib/python3.7/site-packages/airflow/example_dags/example_trigger_controller_dag.py
[2022-08-19 01:31:38,138] {logging_mixin.py:115} INFO - [2022-08-19 01:31:38,137] {dag.py:2379} INFO - Sync 1 DAGs
[2022-08-19 01:31:38,198] {logging_mixin.py:115} INFO - [2022-08-19 01:31:38,198] {dag.py:2931} INFO - Setting next_dagrun for example_trigger_controller_dag to 2021-01-01T00:00:00+00:00, run_after=2021-01-01T00:00:00+00:00
[2022-08-19 01:31:38,252] {processor.py:161} INFO - Processing /home/airflow/.local/lib/python3.7/site-packages/airflow/example_dags/example_trigger_controller_dag.py took 0.248 seconds
[2022-08-19 01:32:08,336] {processor.py:153} INFO - Started process (PID=176) to work on /home/airflow/.local/lib/python3.7/site-packages/airflow/example_dags/example_trigger_controller_dag.py
[2022-08-19 01:32:08,336] {processor.py:641} INFO - Processing file /home/airflow/.local/lib/python3.7/site-packages/airflow/example_dags/example_trigger_controller_dag.py for tasks to queue
[2022-08-19 01:32:08,337] {logging_mixin.py:115} INFO - [2022-08-19 01:32:08,337] {dagbag.py:507} INFO - Filling up the DagBag from /home/airflow/.local/lib/python3.7/site-packages/airflow/example_dags/example_trigger_controller_dag.py
[2022-08-19 01:32:08,341] {processor.py:651} INFO - DAG(s) dict_keys(['example_trigger_controller_dag']) retrieved from /home/airflow/.local/lib/python3.7/site-packages/airflow/example_dags/example_trigger_controller_dag.py
[2022-08-19 01:32:08,365] {logging_mixin.py:115} INFO - [2022-08-19 01:32:08,365] {dag.py:2379} INFO - Sync 1 DAGs
[2022-08-19 01:32:08,387] {logging_mixin.py:115} INFO - [2022-08-19 01:32:08,387] {dag.py:2931} INFO - Setting next_dagrun for example_trigger_controller_dag to 2021-01-01T00:00:00+00:00, run_after=2021-01-01T00:00:00+00:00
[2022-08-19 01:32:08,401] {processor.py:161} INFO - Processing /home/airflow/.local/lib/python3.7/site-packages/airflow/example_dags/example_trigger_controller_dag.py took 0.068 seconds
[2022-08-19 01:32:38,601] {processor.py:153} INFO - Started process (PID=231) to work on /home/airflow/.local/lib/python3.7/site-packages/airflow/example_dags/example_trigger_controller_dag.py
[2022-08-19 01:32:38,606] {processor.py:641} INFO - Processing file /home/airflow/.local/lib/python3.7/site-packages/airflow/example_dags/example_trigger_controller_dag.py for tasks to queue
[2022-08-19 01:32:38,606] {logging_mixin.py:115} INFO - [2022-08-19 01:32:38,606] {dagbag.py:507} INFO - Filling up the DagBag from /home/airflow/.local/lib/python3.7/site-packages/airflow/example_dags/example_trigger_controller_dag.py
[2022-08-19 01:32:38,616] {processor.py:651} INFO - DAG(s) dict_keys(['example_trigger_controller_dag']) retrieved from /home/airflow/.local/lib/python3.7/site-packages/airflow/example_dags/example_trigger_controller_dag.py
[2022-08-19 01:32:38,713] {logging_mixin.py:115} INFO - [2022-08-19 01:32:38,713] {dag.py:2379} INFO - Sync 1 DAGs
[2022-08-19 01:32:38,766] {logging_mixin.py:115} INFO - [2022-08-19 01:32:38,766] {dag.py:2931} INFO - Setting next_dagrun for example_trigger_controller_dag to 2021-01-01T00:00:00+00:00, run_after=2021-01-01T00:00:00+00:00
[2022-08-19 01:32:38,793] {processor.py:161} INFO - Processing /home/airflow/.local/lib/python3.7/site-packages/airflow/example_dags/example_trigger_controller_dag.py took 0.199 seconds
[2022-08-19 13:48:34,727] {processor.py:153} INFO - Started process (PID=70) to work on /home/airflow/.local/lib/python3.7/site-packages/airflow/example_dags/example_trigger_controller_dag.py
[2022-08-19 13:48:34,752] {processor.py:641} INFO - Processing file /home/airflow/.local/lib/python3.7/site-packages/airflow/example_dags/example_trigger_controller_dag.py for tasks to queue
[2022-08-19 13:48:34,753] {logging_mixin.py:115} INFO - [2022-08-19 13:48:34,753] {dagbag.py:507} INFO - Filling up the DagBag from /home/airflow/.local/lib/python3.7/site-packages/airflow/example_dags/example_trigger_controller_dag.py
[2022-08-19 13:48:34,757] {processor.py:651} INFO - DAG(s) dict_keys(['example_trigger_controller_dag']) retrieved from /home/airflow/.local/lib/python3.7/site-packages/airflow/example_dags/example_trigger_controller_dag.py
[2022-08-19 13:48:35,100] {logging_mixin.py:115} INFO - [2022-08-19 13:48:35,099] {dag.py:2379} INFO - Sync 1 DAGs
[2022-08-19 13:48:35,344] {logging_mixin.py:115} INFO - [2022-08-19 13:48:35,344] {dag.py:2931} INFO - Setting next_dagrun for example_trigger_controller_dag to 2021-01-01T00:00:00+00:00, run_after=2021-01-01T00:00:00+00:00
[2022-08-19 13:48:35,442] {processor.py:161} INFO - Processing /home/airflow/.local/lib/python3.7/site-packages/airflow/example_dags/example_trigger_controller_dag.py took 0.732 seconds
[2022-08-19 13:49:06,027] {processor.py:153} INFO - Started process (PID=122) to work on /home/airflow/.local/lib/python3.7/site-packages/airflow/example_dags/example_trigger_controller_dag.py
[2022-08-19 13:49:06,028] {processor.py:641} INFO - Processing file /home/airflow/.local/lib/python3.7/site-packages/airflow/example_dags/example_trigger_controller_dag.py for tasks to queue
[2022-08-19 13:49:06,028] {logging_mixin.py:115} INFO - [2022-08-19 13:49:06,028] {dagbag.py:507} INFO - Filling up the DagBag from /home/airflow/.local/lib/python3.7/site-packages/airflow/example_dags/example_trigger_controller_dag.py
[2022-08-19 13:49:06,058] {processor.py:651} INFO - DAG(s) dict_keys(['example_trigger_controller_dag']) retrieved from /home/airflow/.local/lib/python3.7/site-packages/airflow/example_dags/example_trigger_controller_dag.py
[2022-08-19 13:49:06,410] {logging_mixin.py:115} INFO - [2022-08-19 13:49:06,410] {dag.py:2379} INFO - Sync 1 DAGs
[2022-08-19 13:49:06,701] {logging_mixin.py:115} INFO - [2022-08-19 13:49:06,701] {dag.py:2931} INFO - Setting next_dagrun for example_trigger_controller_dag to 2021-01-01T00:00:00+00:00, run_after=2021-01-01T00:00:00+00:00
[2022-08-19 13:49:06,829] {processor.py:161} INFO - Processing /home/airflow/.local/lib/python3.7/site-packages/airflow/example_dags/example_trigger_controller_dag.py took 0.837 seconds
[2022-08-19 13:49:37,278] {processor.py:153} INFO - Started process (PID=176) to work on /home/airflow/.local/lib/python3.7/site-packages/airflow/example_dags/example_trigger_controller_dag.py
[2022-08-19 13:49:37,279] {processor.py:641} INFO - Processing file /home/airflow/.local/lib/python3.7/site-packages/airflow/example_dags/example_trigger_controller_dag.py for tasks to queue
[2022-08-19 13:49:37,280] {logging_mixin.py:115} INFO - [2022-08-19 13:49:37,280] {dagbag.py:507} INFO - Filling up the DagBag from /home/airflow/.local/lib/python3.7/site-packages/airflow/example_dags/example_trigger_controller_dag.py
[2022-08-19 13:49:37,285] {processor.py:651} INFO - DAG(s) dict_keys(['example_trigger_controller_dag']) retrieved from /home/airflow/.local/lib/python3.7/site-packages/airflow/example_dags/example_trigger_controller_dag.py
[2022-08-19 13:49:37,325] {logging_mixin.py:115} INFO - [2022-08-19 13:49:37,325] {dag.py:2379} INFO - Sync 1 DAGs
[2022-08-19 13:49:37,370] {logging_mixin.py:115} INFO - [2022-08-19 13:49:37,370] {dag.py:2931} INFO - Setting next_dagrun for example_trigger_controller_dag to 2021-01-01T00:00:00+00:00, run_after=2021-01-01T00:00:00+00:00
[2022-08-19 13:49:37,391] {processor.py:161} INFO - Processing /home/airflow/.local/lib/python3.7/site-packages/airflow/example_dags/example_trigger_controller_dag.py took 0.118 seconds
