[2022-08-19 15:37:53,638] {processor.py:153} INFO - Started process (PID=68) to work on /home/airflow/.local/lib/python3.7/site-packages/airflow/example_dags/example_task_group.py
[2022-08-19 15:37:53,638] {processor.py:641} INFO - Processing file /home/airflow/.local/lib/python3.7/site-packages/airflow/example_dags/example_task_group.py for tasks to queue
[2022-08-19 15:37:53,643] {logging_mixin.py:115} INFO - [2022-08-19 15:37:53,643] {dagbag.py:507} INFO - Filling up the DagBag from /home/airflow/.local/lib/python3.7/site-packages/airflow/example_dags/example_task_group.py
[2022-08-19 15:37:53,665] {processor.py:651} INFO - DAG(s) dict_keys(['example_task_group']) retrieved from /home/airflow/.local/lib/python3.7/site-packages/airflow/example_dags/example_task_group.py
[2022-08-19 15:37:53,709] {logging_mixin.py:115} INFO - [2022-08-19 15:37:53,709] {dag.py:2379} INFO - Sync 1 DAGs
[2022-08-19 15:37:54,365] {logging_mixin.py:115} INFO - [2022-08-19 15:37:54,365] {dag.py:2931} INFO - Setting next_dagrun for example_task_group to 2022-08-18T15:37:54.365438+00:00, run_after=2022-08-19T15:37:54.365438+00:00
[2022-08-19 15:37:54,448] {processor.py:161} INFO - Processing /home/airflow/.local/lib/python3.7/site-packages/airflow/example_dags/example_task_group.py took 0.822 seconds
[2022-08-19 15:38:24,829] {processor.py:153} INFO - Started process (PID=121) to work on /home/airflow/.local/lib/python3.7/site-packages/airflow/example_dags/example_task_group.py
[2022-08-19 15:38:24,830] {processor.py:641} INFO - Processing file /home/airflow/.local/lib/python3.7/site-packages/airflow/example_dags/example_task_group.py for tasks to queue
[2022-08-19 15:38:24,831] {logging_mixin.py:115} INFO - [2022-08-19 15:38:24,831] {dagbag.py:507} INFO - Filling up the DagBag from /home/airflow/.local/lib/python3.7/site-packages/airflow/example_dags/example_task_group.py
[2022-08-19 15:38:24,840] {processor.py:651} INFO - DAG(s) dict_keys(['example_task_group']) retrieved from /home/airflow/.local/lib/python3.7/site-packages/airflow/example_dags/example_task_group.py
[2022-08-19 15:38:24,880] {logging_mixin.py:115} INFO - [2022-08-19 15:38:24,880] {dag.py:2379} INFO - Sync 1 DAGs
[2022-08-19 15:38:25,032] {logging_mixin.py:115} INFO - [2022-08-19 15:38:25,032] {dag.py:2931} INFO - Setting next_dagrun for example_task_group to 2022-08-18T15:38:25.031881+00:00, run_after=2022-08-19T15:38:25.031881+00:00
[2022-08-19 15:38:25,048] {processor.py:161} INFO - Processing /home/airflow/.local/lib/python3.7/site-packages/airflow/example_dags/example_task_group.py took 0.222 seconds
[2022-08-19 15:38:55,876] {processor.py:153} INFO - Started process (PID=188) to work on /home/airflow/.local/lib/python3.7/site-packages/airflow/example_dags/example_task_group.py
[2022-08-19 15:38:55,885] {processor.py:641} INFO - Processing file /home/airflow/.local/lib/python3.7/site-packages/airflow/example_dags/example_task_group.py for tasks to queue
[2022-08-19 15:38:55,885] {logging_mixin.py:115} INFO - [2022-08-19 15:38:55,885] {dagbag.py:507} INFO - Filling up the DagBag from /home/airflow/.local/lib/python3.7/site-packages/airflow/example_dags/example_task_group.py
[2022-08-19 15:38:55,895] {processor.py:651} INFO - DAG(s) dict_keys(['example_task_group']) retrieved from /home/airflow/.local/lib/python3.7/site-packages/airflow/example_dags/example_task_group.py
[2022-08-19 15:38:55,932] {logging_mixin.py:115} INFO - [2022-08-19 15:38:55,932] {dag.py:2379} INFO - Sync 1 DAGs
[2022-08-19 15:38:56,089] {logging_mixin.py:115} INFO - [2022-08-19 15:38:56,088] {dag.py:2931} INFO - Setting next_dagrun for example_task_group to 2022-08-18T15:38:56.088592+00:00, run_after=2022-08-19T15:38:56.088592+00:00
[2022-08-19 15:38:56,108] {processor.py:161} INFO - Processing /home/airflow/.local/lib/python3.7/site-packages/airflow/example_dags/example_task_group.py took 0.237 seconds
[2022-08-19 15:39:27,045] {processor.py:153} INFO - Started process (PID=242) to work on /home/airflow/.local/lib/python3.7/site-packages/airflow/example_dags/example_task_group.py
[2022-08-19 15:39:27,046] {processor.py:641} INFO - Processing file /home/airflow/.local/lib/python3.7/site-packages/airflow/example_dags/example_task_group.py for tasks to queue
[2022-08-19 15:39:27,046] {logging_mixin.py:115} INFO - [2022-08-19 15:39:27,046] {dagbag.py:507} INFO - Filling up the DagBag from /home/airflow/.local/lib/python3.7/site-packages/airflow/example_dags/example_task_group.py
[2022-08-19 15:39:27,053] {processor.py:651} INFO - DAG(s) dict_keys(['example_task_group']) retrieved from /home/airflow/.local/lib/python3.7/site-packages/airflow/example_dags/example_task_group.py
[2022-08-19 15:39:27,081] {logging_mixin.py:115} INFO - [2022-08-19 15:39:27,081] {dag.py:2379} INFO - Sync 1 DAGs
[2022-08-19 15:39:27,247] {logging_mixin.py:115} INFO - [2022-08-19 15:39:27,246] {dag.py:2931} INFO - Setting next_dagrun for example_task_group to 2022-08-18T15:39:27.246635+00:00, run_after=2022-08-19T15:39:27.246635+00:00
[2022-08-19 15:39:27,267] {processor.py:161} INFO - Processing /home/airflow/.local/lib/python3.7/site-packages/airflow/example_dags/example_task_group.py took 0.225 seconds
[2022-08-19 15:39:57,407] {processor.py:153} INFO - Started process (PID=303) to work on /home/airflow/.local/lib/python3.7/site-packages/airflow/example_dags/example_task_group.py
[2022-08-19 15:39:57,409] {processor.py:641} INFO - Processing file /home/airflow/.local/lib/python3.7/site-packages/airflow/example_dags/example_task_group.py for tasks to queue
[2022-08-19 15:39:57,409] {logging_mixin.py:115} INFO - [2022-08-19 15:39:57,409] {dagbag.py:507} INFO - Filling up the DagBag from /home/airflow/.local/lib/python3.7/site-packages/airflow/example_dags/example_task_group.py
[2022-08-19 15:39:57,416] {processor.py:651} INFO - DAG(s) dict_keys(['example_task_group']) retrieved from /home/airflow/.local/lib/python3.7/site-packages/airflow/example_dags/example_task_group.py
[2022-08-19 15:39:57,444] {logging_mixin.py:115} INFO - [2022-08-19 15:39:57,444] {dag.py:2379} INFO - Sync 1 DAGs
[2022-08-19 15:39:57,593] {logging_mixin.py:115} INFO - [2022-08-19 15:39:57,593] {dag.py:2931} INFO - Setting next_dagrun for example_task_group to 2022-08-18T15:39:57.592788+00:00, run_after=2022-08-19T15:39:57.592788+00:00
[2022-08-19 15:39:57,605] {processor.py:161} INFO - Processing /home/airflow/.local/lib/python3.7/site-packages/airflow/example_dags/example_task_group.py took 0.201 seconds
[2022-08-19 15:40:27,997] {processor.py:153} INFO - Started process (PID=359) to work on /home/airflow/.local/lib/python3.7/site-packages/airflow/example_dags/example_task_group.py
[2022-08-19 15:40:27,998] {processor.py:641} INFO - Processing file /home/airflow/.local/lib/python3.7/site-packages/airflow/example_dags/example_task_group.py for tasks to queue
[2022-08-19 15:40:27,998] {logging_mixin.py:115} INFO - [2022-08-19 15:40:27,998] {dagbag.py:507} INFO - Filling up the DagBag from /home/airflow/.local/lib/python3.7/site-packages/airflow/example_dags/example_task_group.py
[2022-08-19 15:40:28,006] {processor.py:651} INFO - DAG(s) dict_keys(['example_task_group']) retrieved from /home/airflow/.local/lib/python3.7/site-packages/airflow/example_dags/example_task_group.py
[2022-08-19 15:40:28,033] {logging_mixin.py:115} INFO - [2022-08-19 15:40:28,033] {dag.py:2379} INFO - Sync 1 DAGs
[2022-08-19 15:40:28,160] {logging_mixin.py:115} INFO - [2022-08-19 15:40:28,160] {dag.py:2931} INFO - Setting next_dagrun for example_task_group to 2022-08-18T15:40:28.159935+00:00, run_after=2022-08-19T15:40:28.159935+00:00
[2022-08-19 15:40:28,192] {processor.py:161} INFO - Processing /home/airflow/.local/lib/python3.7/site-packages/airflow/example_dags/example_task_group.py took 0.198 seconds
[2022-08-19 15:40:58,414] {processor.py:153} INFO - Started process (PID=422) to work on /home/airflow/.local/lib/python3.7/site-packages/airflow/example_dags/example_task_group.py
[2022-08-19 15:40:58,415] {processor.py:641} INFO - Processing file /home/airflow/.local/lib/python3.7/site-packages/airflow/example_dags/example_task_group.py for tasks to queue
[2022-08-19 15:40:58,416] {logging_mixin.py:115} INFO - [2022-08-19 15:40:58,416] {dagbag.py:507} INFO - Filling up the DagBag from /home/airflow/.local/lib/python3.7/site-packages/airflow/example_dags/example_task_group.py
[2022-08-19 15:40:58,424] {processor.py:651} INFO - DAG(s) dict_keys(['example_task_group']) retrieved from /home/airflow/.local/lib/python3.7/site-packages/airflow/example_dags/example_task_group.py
[2022-08-19 15:40:58,461] {logging_mixin.py:115} INFO - [2022-08-19 15:40:58,461] {dag.py:2379} INFO - Sync 1 DAGs
[2022-08-19 15:40:58,662] {logging_mixin.py:115} INFO - [2022-08-19 15:40:58,662] {dag.py:2931} INFO - Setting next_dagrun for example_task_group to 2022-08-18T15:40:58.661696+00:00, run_after=2022-08-19T15:40:58.661696+00:00
[2022-08-19 15:40:58,681] {processor.py:161} INFO - Processing /home/airflow/.local/lib/python3.7/site-packages/airflow/example_dags/example_task_group.py took 0.271 seconds
[2022-08-19 15:41:28,949] {processor.py:153} INFO - Started process (PID=476) to work on /home/airflow/.local/lib/python3.7/site-packages/airflow/example_dags/example_task_group.py
[2022-08-19 15:41:28,949] {processor.py:641} INFO - Processing file /home/airflow/.local/lib/python3.7/site-packages/airflow/example_dags/example_task_group.py for tasks to queue
[2022-08-19 15:41:28,949] {logging_mixin.py:115} INFO - [2022-08-19 15:41:28,949] {dagbag.py:507} INFO - Filling up the DagBag from /home/airflow/.local/lib/python3.7/site-packages/airflow/example_dags/example_task_group.py
[2022-08-19 15:41:28,956] {processor.py:651} INFO - DAG(s) dict_keys(['example_task_group']) retrieved from /home/airflow/.local/lib/python3.7/site-packages/airflow/example_dags/example_task_group.py
[2022-08-19 15:41:28,984] {logging_mixin.py:115} INFO - [2022-08-19 15:41:28,984] {dag.py:2379} INFO - Sync 1 DAGs
[2022-08-19 15:41:29,113] {logging_mixin.py:115} INFO - [2022-08-19 15:41:29,113] {dag.py:2931} INFO - Setting next_dagrun for example_task_group to 2022-08-18T15:41:29.113671+00:00, run_after=2022-08-19T15:41:29.113671+00:00
[2022-08-19 15:41:29,126] {processor.py:161} INFO - Processing /home/airflow/.local/lib/python3.7/site-packages/airflow/example_dags/example_task_group.py took 0.181 seconds
[2022-08-19 15:41:59,196] {processor.py:153} INFO - Started process (PID=540) to work on /home/airflow/.local/lib/python3.7/site-packages/airflow/example_dags/example_task_group.py
[2022-08-19 15:41:59,196] {processor.py:641} INFO - Processing file /home/airflow/.local/lib/python3.7/site-packages/airflow/example_dags/example_task_group.py for tasks to queue
[2022-08-19 15:41:59,197] {logging_mixin.py:115} INFO - [2022-08-19 15:41:59,197] {dagbag.py:507} INFO - Filling up the DagBag from /home/airflow/.local/lib/python3.7/site-packages/airflow/example_dags/example_task_group.py
[2022-08-19 15:41:59,203] {processor.py:651} INFO - DAG(s) dict_keys(['example_task_group']) retrieved from /home/airflow/.local/lib/python3.7/site-packages/airflow/example_dags/example_task_group.py
[2022-08-19 15:41:59,229] {logging_mixin.py:115} INFO - [2022-08-19 15:41:59,229] {dag.py:2379} INFO - Sync 1 DAGs
[2022-08-19 15:41:59,348] {logging_mixin.py:115} INFO - [2022-08-19 15:41:59,348] {dag.py:2931} INFO - Setting next_dagrun for example_task_group to 2022-08-18T15:41:59.348675+00:00, run_after=2022-08-19T15:41:59.348675+00:00
[2022-08-19 15:41:59,359] {processor.py:161} INFO - Processing /home/airflow/.local/lib/python3.7/site-packages/airflow/example_dags/example_task_group.py took 0.166 seconds
[2022-08-19 15:42:29,589] {processor.py:153} INFO - Started process (PID=603) to work on /home/airflow/.local/lib/python3.7/site-packages/airflow/example_dags/example_task_group.py
[2022-08-19 15:42:29,589] {processor.py:641} INFO - Processing file /home/airflow/.local/lib/python3.7/site-packages/airflow/example_dags/example_task_group.py for tasks to queue
[2022-08-19 15:42:29,590] {logging_mixin.py:115} INFO - [2022-08-19 15:42:29,590] {dagbag.py:507} INFO - Filling up the DagBag from /home/airflow/.local/lib/python3.7/site-packages/airflow/example_dags/example_task_group.py
[2022-08-19 15:42:29,598] {processor.py:651} INFO - DAG(s) dict_keys(['example_task_group']) retrieved from /home/airflow/.local/lib/python3.7/site-packages/airflow/example_dags/example_task_group.py
[2022-08-19 15:42:29,638] {logging_mixin.py:115} INFO - [2022-08-19 15:42:29,638] {dag.py:2379} INFO - Sync 1 DAGs
[2022-08-19 15:42:29,775] {logging_mixin.py:115} INFO - [2022-08-19 15:42:29,775] {dag.py:2931} INFO - Setting next_dagrun for example_task_group to 2022-08-18T15:42:29.774942+00:00, run_after=2022-08-19T15:42:29.774942+00:00
[2022-08-19 15:42:29,790] {processor.py:161} INFO - Processing /home/airflow/.local/lib/python3.7/site-packages/airflow/example_dags/example_task_group.py took 0.205 seconds
[2022-08-19 15:43:00,026] {processor.py:153} INFO - Started process (PID=656) to work on /home/airflow/.local/lib/python3.7/site-packages/airflow/example_dags/example_task_group.py
[2022-08-19 15:43:00,027] {processor.py:641} INFO - Processing file /home/airflow/.local/lib/python3.7/site-packages/airflow/example_dags/example_task_group.py for tasks to queue
[2022-08-19 15:43:00,027] {logging_mixin.py:115} INFO - [2022-08-19 15:43:00,027] {dagbag.py:507} INFO - Filling up the DagBag from /home/airflow/.local/lib/python3.7/site-packages/airflow/example_dags/example_task_group.py
[2022-08-19 15:43:00,035] {processor.py:651} INFO - DAG(s) dict_keys(['example_task_group']) retrieved from /home/airflow/.local/lib/python3.7/site-packages/airflow/example_dags/example_task_group.py
[2022-08-19 15:43:00,235] {logging_mixin.py:115} INFO - [2022-08-19 15:43:00,235] {dag.py:2379} INFO - Sync 1 DAGs
[2022-08-19 15:43:00,274] {logging_mixin.py:115} INFO - [2022-08-19 15:43:00,274] {dag.py:2931} INFO - Setting next_dagrun for example_task_group to 2022-08-18T15:43:00.273563+00:00, run_after=2022-08-19T15:43:00.273563+00:00
[2022-08-19 15:43:00,294] {processor.py:161} INFO - Processing /home/airflow/.local/lib/python3.7/site-packages/airflow/example_dags/example_task_group.py took 0.274 seconds
[2022-08-19 15:44:05,935] {processor.py:153} INFO - Started process (PID=60) to work on /home/airflow/.local/lib/python3.7/site-packages/airflow/example_dags/example_task_group.py
[2022-08-19 15:44:05,939] {processor.py:641} INFO - Processing file /home/airflow/.local/lib/python3.7/site-packages/airflow/example_dags/example_task_group.py for tasks to queue
[2022-08-19 15:44:05,939] {logging_mixin.py:115} INFO - [2022-08-19 15:44:05,939] {dagbag.py:507} INFO - Filling up the DagBag from /home/airflow/.local/lib/python3.7/site-packages/airflow/example_dags/example_task_group.py
[2022-08-19 15:44:05,962] {processor.py:651} INFO - DAG(s) dict_keys(['example_task_group']) retrieved from /home/airflow/.local/lib/python3.7/site-packages/airflow/example_dags/example_task_group.py
[2022-08-19 15:44:06,053] {logging_mixin.py:115} INFO - [2022-08-19 15:44:06,053] {dag.py:2379} INFO - Sync 1 DAGs
[2022-08-19 15:44:06,099] {logging_mixin.py:115} INFO - [2022-08-19 15:44:06,099] {dag.py:2931} INFO - Setting next_dagrun for example_task_group to 2022-08-18T15:44:06.098625+00:00, run_after=2022-08-19T15:44:06.098625+00:00
[2022-08-19 15:44:06,146] {processor.py:161} INFO - Processing /home/airflow/.local/lib/python3.7/site-packages/airflow/example_dags/example_task_group.py took 0.234 seconds
[2022-08-19 15:44:36,208] {processor.py:153} INFO - Started process (PID=114) to work on /home/airflow/.local/lib/python3.7/site-packages/airflow/example_dags/example_task_group.py
[2022-08-19 15:44:36,208] {processor.py:641} INFO - Processing file /home/airflow/.local/lib/python3.7/site-packages/airflow/example_dags/example_task_group.py for tasks to queue
[2022-08-19 15:44:36,209] {logging_mixin.py:115} INFO - [2022-08-19 15:44:36,209] {dagbag.py:507} INFO - Filling up the DagBag from /home/airflow/.local/lib/python3.7/site-packages/airflow/example_dags/example_task_group.py
[2022-08-19 15:44:36,217] {processor.py:651} INFO - DAG(s) dict_keys(['example_task_group']) retrieved from /home/airflow/.local/lib/python3.7/site-packages/airflow/example_dags/example_task_group.py
[2022-08-19 15:44:36,246] {logging_mixin.py:115} INFO - [2022-08-19 15:44:36,246] {dag.py:2379} INFO - Sync 1 DAGs
[2022-08-19 15:44:36,273] {logging_mixin.py:115} INFO - [2022-08-19 15:44:36,273] {dag.py:2931} INFO - Setting next_dagrun for example_task_group to 2022-08-18T15:44:36.273064+00:00, run_after=2022-08-19T15:44:36.273064+00:00
[2022-08-19 15:44:36,291] {processor.py:161} INFO - Processing /home/airflow/.local/lib/python3.7/site-packages/airflow/example_dags/example_task_group.py took 0.085 seconds
[2022-08-19 16:13:54,521] {processor.py:153} INFO - Started process (PID=60) to work on /home/airflow/.local/lib/python3.7/site-packages/airflow/example_dags/example_task_group.py
[2022-08-19 16:13:54,522] {processor.py:641} INFO - Processing file /home/airflow/.local/lib/python3.7/site-packages/airflow/example_dags/example_task_group.py for tasks to queue
[2022-08-19 16:13:54,523] {logging_mixin.py:115} INFO - [2022-08-19 16:13:54,523] {dagbag.py:507} INFO - Filling up the DagBag from /home/airflow/.local/lib/python3.7/site-packages/airflow/example_dags/example_task_group.py
[2022-08-19 16:13:54,530] {processor.py:651} INFO - DAG(s) dict_keys(['example_task_group']) retrieved from /home/airflow/.local/lib/python3.7/site-packages/airflow/example_dags/example_task_group.py
[2022-08-19 16:13:54,568] {logging_mixin.py:115} INFO - [2022-08-19 16:13:54,567] {dag.py:2379} INFO - Sync 1 DAGs
[2022-08-19 16:13:54,598] {logging_mixin.py:115} INFO - [2022-08-19 16:13:54,598] {dag.py:2931} INFO - Setting next_dagrun for example_task_group to 2022-08-18T16:13:54.596463+00:00, run_after=2022-08-19T16:13:54.596463+00:00
[2022-08-19 16:13:54,619] {processor.py:161} INFO - Processing /home/airflow/.local/lib/python3.7/site-packages/airflow/example_dags/example_task_group.py took 0.101 seconds
[2022-08-19 16:14:25,546] {processor.py:153} INFO - Started process (PID=114) to work on /home/airflow/.local/lib/python3.7/site-packages/airflow/example_dags/example_task_group.py
[2022-08-19 16:14:25,547] {processor.py:641} INFO - Processing file /home/airflow/.local/lib/python3.7/site-packages/airflow/example_dags/example_task_group.py for tasks to queue
[2022-08-19 16:14:25,547] {logging_mixin.py:115} INFO - [2022-08-19 16:14:25,547] {dagbag.py:507} INFO - Filling up the DagBag from /home/airflow/.local/lib/python3.7/site-packages/airflow/example_dags/example_task_group.py
[2022-08-19 16:14:25,555] {processor.py:651} INFO - DAG(s) dict_keys(['example_task_group']) retrieved from /home/airflow/.local/lib/python3.7/site-packages/airflow/example_dags/example_task_group.py
[2022-08-19 16:14:25,589] {logging_mixin.py:115} INFO - [2022-08-19 16:14:25,589] {dag.py:2379} INFO - Sync 1 DAGs
[2022-08-19 16:14:25,616] {logging_mixin.py:115} INFO - [2022-08-19 16:14:25,616] {dag.py:2931} INFO - Setting next_dagrun for example_task_group to 2022-08-18T16:14:25.616355+00:00, run_after=2022-08-19T16:14:25.616355+00:00
[2022-08-19 16:14:25,636] {processor.py:161} INFO - Processing /home/airflow/.local/lib/python3.7/site-packages/airflow/example_dags/example_task_group.py took 0.093 seconds
[2022-08-19 16:14:55,928] {processor.py:153} INFO - Started process (PID=175) to work on /home/airflow/.local/lib/python3.7/site-packages/airflow/example_dags/example_task_group.py
[2022-08-19 16:14:55,931] {processor.py:641} INFO - Processing file /home/airflow/.local/lib/python3.7/site-packages/airflow/example_dags/example_task_group.py for tasks to queue
[2022-08-19 16:14:55,932] {logging_mixin.py:115} INFO - [2022-08-19 16:14:55,932] {dagbag.py:507} INFO - Filling up the DagBag from /home/airflow/.local/lib/python3.7/site-packages/airflow/example_dags/example_task_group.py
[2022-08-19 16:14:55,947] {processor.py:651} INFO - DAG(s) dict_keys(['example_task_group']) retrieved from /home/airflow/.local/lib/python3.7/site-packages/airflow/example_dags/example_task_group.py
[2022-08-19 16:14:55,984] {logging_mixin.py:115} INFO - [2022-08-19 16:14:55,984] {dag.py:2379} INFO - Sync 1 DAGs
[2022-08-19 16:14:56,035] {logging_mixin.py:115} INFO - [2022-08-19 16:14:56,035] {dag.py:2931} INFO - Setting next_dagrun for example_task_group to 2022-08-18T16:14:56.035587+00:00, run_after=2022-08-19T16:14:56.035587+00:00
[2022-08-19 16:14:56,055] {processor.py:161} INFO - Processing /home/airflow/.local/lib/python3.7/site-packages/airflow/example_dags/example_task_group.py took 0.134 seconds
[2022-08-19 16:15:26,133] {processor.py:153} INFO - Started process (PID=229) to work on /home/airflow/.local/lib/python3.7/site-packages/airflow/example_dags/example_task_group.py
[2022-08-19 16:15:26,134] {processor.py:641} INFO - Processing file /home/airflow/.local/lib/python3.7/site-packages/airflow/example_dags/example_task_group.py for tasks to queue
[2022-08-19 16:15:26,135] {logging_mixin.py:115} INFO - [2022-08-19 16:15:26,135] {dagbag.py:507} INFO - Filling up the DagBag from /home/airflow/.local/lib/python3.7/site-packages/airflow/example_dags/example_task_group.py
[2022-08-19 16:15:26,145] {processor.py:651} INFO - DAG(s) dict_keys(['example_task_group']) retrieved from /home/airflow/.local/lib/python3.7/site-packages/airflow/example_dags/example_task_group.py
[2022-08-19 16:15:26,174] {logging_mixin.py:115} INFO - [2022-08-19 16:15:26,174] {dag.py:2379} INFO - Sync 1 DAGs
[2022-08-19 16:15:26,195] {logging_mixin.py:115} INFO - [2022-08-19 16:15:26,195] {dag.py:2931} INFO - Setting next_dagrun for example_task_group to 2022-08-18T16:15:26.195483+00:00, run_after=2022-08-19T16:15:26.195483+00:00
[2022-08-19 16:15:26,221] {processor.py:161} INFO - Processing /home/airflow/.local/lib/python3.7/site-packages/airflow/example_dags/example_task_group.py took 0.093 seconds
[2022-08-19 16:15:56,515] {processor.py:153} INFO - Started process (PID=290) to work on /home/airflow/.local/lib/python3.7/site-packages/airflow/example_dags/example_task_group.py
[2022-08-19 16:15:56,516] {processor.py:641} INFO - Processing file /home/airflow/.local/lib/python3.7/site-packages/airflow/example_dags/example_task_group.py for tasks to queue
[2022-08-19 16:15:56,516] {logging_mixin.py:115} INFO - [2022-08-19 16:15:56,516] {dagbag.py:507} INFO - Filling up the DagBag from /home/airflow/.local/lib/python3.7/site-packages/airflow/example_dags/example_task_group.py
[2022-08-19 16:15:56,524] {processor.py:651} INFO - DAG(s) dict_keys(['example_task_group']) retrieved from /home/airflow/.local/lib/python3.7/site-packages/airflow/example_dags/example_task_group.py
[2022-08-19 16:15:56,555] {logging_mixin.py:115} INFO - [2022-08-19 16:15:56,555] {dag.py:2379} INFO - Sync 1 DAGs
[2022-08-19 16:15:56,581] {logging_mixin.py:115} INFO - [2022-08-19 16:15:56,581] {dag.py:2931} INFO - Setting next_dagrun for example_task_group to 2022-08-18T16:15:56.581501+00:00, run_after=2022-08-19T16:15:56.581501+00:00
[2022-08-19 16:15:56,598] {processor.py:161} INFO - Processing /home/airflow/.local/lib/python3.7/site-packages/airflow/example_dags/example_task_group.py took 0.087 seconds
[2022-08-19 16:16:27,079] {processor.py:153} INFO - Started process (PID=345) to work on /home/airflow/.local/lib/python3.7/site-packages/airflow/example_dags/example_task_group.py
[2022-08-19 16:16:27,080] {processor.py:641} INFO - Processing file /home/airflow/.local/lib/python3.7/site-packages/airflow/example_dags/example_task_group.py for tasks to queue
[2022-08-19 16:16:27,081] {logging_mixin.py:115} INFO - [2022-08-19 16:16:27,081] {dagbag.py:507} INFO - Filling up the DagBag from /home/airflow/.local/lib/python3.7/site-packages/airflow/example_dags/example_task_group.py
[2022-08-19 16:16:27,092] {processor.py:651} INFO - DAG(s) dict_keys(['example_task_group']) retrieved from /home/airflow/.local/lib/python3.7/site-packages/airflow/example_dags/example_task_group.py
[2022-08-19 16:16:27,147] {logging_mixin.py:115} INFO - [2022-08-19 16:16:27,147] {dag.py:2379} INFO - Sync 1 DAGs
[2022-08-19 16:16:27,175] {logging_mixin.py:115} INFO - [2022-08-19 16:16:27,175] {dag.py:2931} INFO - Setting next_dagrun for example_task_group to 2022-08-18T16:16:27.175603+00:00, run_after=2022-08-19T16:16:27.175603+00:00
[2022-08-19 16:16:27,195] {processor.py:161} INFO - Processing /home/airflow/.local/lib/python3.7/site-packages/airflow/example_dags/example_task_group.py took 0.121 seconds
[2022-08-19 16:16:57,235] {processor.py:153} INFO - Started process (PID=406) to work on /home/airflow/.local/lib/python3.7/site-packages/airflow/example_dags/example_task_group.py
[2022-08-19 16:16:57,236] {processor.py:641} INFO - Processing file /home/airflow/.local/lib/python3.7/site-packages/airflow/example_dags/example_task_group.py for tasks to queue
[2022-08-19 16:16:57,237] {logging_mixin.py:115} INFO - [2022-08-19 16:16:57,237] {dagbag.py:507} INFO - Filling up the DagBag from /home/airflow/.local/lib/python3.7/site-packages/airflow/example_dags/example_task_group.py
[2022-08-19 16:16:57,248] {processor.py:651} INFO - DAG(s) dict_keys(['example_task_group']) retrieved from /home/airflow/.local/lib/python3.7/site-packages/airflow/example_dags/example_task_group.py
[2022-08-19 16:16:57,284] {logging_mixin.py:115} INFO - [2022-08-19 16:16:57,284] {dag.py:2379} INFO - Sync 1 DAGs
[2022-08-19 16:16:57,316] {logging_mixin.py:115} INFO - [2022-08-19 16:16:57,316] {dag.py:2931} INFO - Setting next_dagrun for example_task_group to 2022-08-18T16:16:57.316511+00:00, run_after=2022-08-19T16:16:57.316511+00:00
[2022-08-19 16:16:57,332] {processor.py:161} INFO - Processing /home/airflow/.local/lib/python3.7/site-packages/airflow/example_dags/example_task_group.py took 0.101 seconds
[2022-08-19 16:17:27,621] {processor.py:153} INFO - Started process (PID=460) to work on /home/airflow/.local/lib/python3.7/site-packages/airflow/example_dags/example_task_group.py
[2022-08-19 16:17:27,630] {processor.py:641} INFO - Processing file /home/airflow/.local/lib/python3.7/site-packages/airflow/example_dags/example_task_group.py for tasks to queue
[2022-08-19 16:17:27,630] {logging_mixin.py:115} INFO - [2022-08-19 16:17:27,630] {dagbag.py:507} INFO - Filling up the DagBag from /home/airflow/.local/lib/python3.7/site-packages/airflow/example_dags/example_task_group.py
[2022-08-19 16:17:27,646] {processor.py:651} INFO - DAG(s) dict_keys(['example_task_group']) retrieved from /home/airflow/.local/lib/python3.7/site-packages/airflow/example_dags/example_task_group.py
[2022-08-19 16:17:27,718] {logging_mixin.py:115} INFO - [2022-08-19 16:17:27,718] {dag.py:2379} INFO - Sync 1 DAGs
[2022-08-19 16:17:27,766] {logging_mixin.py:115} INFO - [2022-08-19 16:17:27,766] {dag.py:2931} INFO - Setting next_dagrun for example_task_group to 2022-08-18T16:17:27.765902+00:00, run_after=2022-08-19T16:17:27.765902+00:00
[2022-08-19 16:17:27,798] {processor.py:161} INFO - Processing /home/airflow/.local/lib/python3.7/site-packages/airflow/example_dags/example_task_group.py took 0.181 seconds
[2022-08-19 16:24:24,994] {processor.py:153} INFO - Started process (PID=60) to work on /home/airflow/.local/lib/python3.7/site-packages/airflow/example_dags/example_task_group.py
[2022-08-19 16:24:24,995] {processor.py:641} INFO - Processing file /home/airflow/.local/lib/python3.7/site-packages/airflow/example_dags/example_task_group.py for tasks to queue
[2022-08-19 16:24:24,996] {logging_mixin.py:115} INFO - [2022-08-19 16:24:24,996] {dagbag.py:507} INFO - Filling up the DagBag from /home/airflow/.local/lib/python3.7/site-packages/airflow/example_dags/example_task_group.py
[2022-08-19 16:24:25,006] {processor.py:651} INFO - DAG(s) dict_keys(['example_task_group']) retrieved from /home/airflow/.local/lib/python3.7/site-packages/airflow/example_dags/example_task_group.py
[2022-08-19 16:24:25,049] {logging_mixin.py:115} INFO - [2022-08-19 16:24:25,049] {dag.py:2379} INFO - Sync 1 DAGs
[2022-08-19 16:24:25,093] {logging_mixin.py:115} INFO - [2022-08-19 16:24:25,093] {dag.py:2931} INFO - Setting next_dagrun for example_task_group to 2022-08-18T16:24:25.092925+00:00, run_after=2022-08-19T16:24:25.092925+00:00
[2022-08-19 16:24:25,117] {processor.py:161} INFO - Processing /home/airflow/.local/lib/python3.7/site-packages/airflow/example_dags/example_task_group.py took 0.126 seconds
[2022-08-19 16:24:56,231] {processor.py:153} INFO - Started process (PID=122) to work on /home/airflow/.local/lib/python3.7/site-packages/airflow/example_dags/example_task_group.py
[2022-08-19 16:24:56,232] {processor.py:641} INFO - Processing file /home/airflow/.local/lib/python3.7/site-packages/airflow/example_dags/example_task_group.py for tasks to queue
[2022-08-19 16:24:56,233] {logging_mixin.py:115} INFO - [2022-08-19 16:24:56,232] {dagbag.py:507} INFO - Filling up the DagBag from /home/airflow/.local/lib/python3.7/site-packages/airflow/example_dags/example_task_group.py
[2022-08-19 16:24:56,245] {processor.py:651} INFO - DAG(s) dict_keys(['example_task_group']) retrieved from /home/airflow/.local/lib/python3.7/site-packages/airflow/example_dags/example_task_group.py
[2022-08-19 16:24:56,301] {logging_mixin.py:115} INFO - [2022-08-19 16:24:56,301] {dag.py:2379} INFO - Sync 1 DAGs
[2022-08-19 16:24:56,345] {logging_mixin.py:115} INFO - [2022-08-19 16:24:56,345] {dag.py:2931} INFO - Setting next_dagrun for example_task_group to 2022-08-18T16:24:56.344847+00:00, run_after=2022-08-19T16:24:56.344847+00:00
[2022-08-19 16:24:56,391] {processor.py:161} INFO - Processing /home/airflow/.local/lib/python3.7/site-packages/airflow/example_dags/example_task_group.py took 0.163 seconds
[2022-08-19 16:25:26,905] {processor.py:153} INFO - Started process (PID=174) to work on /home/airflow/.local/lib/python3.7/site-packages/airflow/example_dags/example_task_group.py
[2022-08-19 16:25:26,906] {processor.py:641} INFO - Processing file /home/airflow/.local/lib/python3.7/site-packages/airflow/example_dags/example_task_group.py for tasks to queue
[2022-08-19 16:25:26,908] {logging_mixin.py:115} INFO - [2022-08-19 16:25:26,908] {dagbag.py:507} INFO - Filling up the DagBag from /home/airflow/.local/lib/python3.7/site-packages/airflow/example_dags/example_task_group.py
[2022-08-19 16:25:26,924] {processor.py:651} INFO - DAG(s) dict_keys(['example_task_group']) retrieved from /home/airflow/.local/lib/python3.7/site-packages/airflow/example_dags/example_task_group.py
[2022-08-19 16:25:26,958] {logging_mixin.py:115} INFO - [2022-08-19 16:25:26,958] {dag.py:2379} INFO - Sync 1 DAGs
[2022-08-19 16:25:26,985] {logging_mixin.py:115} INFO - [2022-08-19 16:25:26,985] {dag.py:2931} INFO - Setting next_dagrun for example_task_group to 2022-08-18T16:25:26.985215+00:00, run_after=2022-08-19T16:25:26.985215+00:00
[2022-08-19 16:25:27,007] {processor.py:161} INFO - Processing /home/airflow/.local/lib/python3.7/site-packages/airflow/example_dags/example_task_group.py took 0.110 seconds
[2022-08-19 16:25:57,136] {processor.py:153} INFO - Started process (PID=236) to work on /home/airflow/.local/lib/python3.7/site-packages/airflow/example_dags/example_task_group.py
[2022-08-19 16:25:57,136] {processor.py:641} INFO - Processing file /home/airflow/.local/lib/python3.7/site-packages/airflow/example_dags/example_task_group.py for tasks to queue
[2022-08-19 16:25:57,137] {logging_mixin.py:115} INFO - [2022-08-19 16:25:57,137] {dagbag.py:507} INFO - Filling up the DagBag from /home/airflow/.local/lib/python3.7/site-packages/airflow/example_dags/example_task_group.py
[2022-08-19 16:25:57,148] {processor.py:651} INFO - DAG(s) dict_keys(['example_task_group']) retrieved from /home/airflow/.local/lib/python3.7/site-packages/airflow/example_dags/example_task_group.py
[2022-08-19 16:25:57,209] {logging_mixin.py:115} INFO - [2022-08-19 16:25:57,208] {dag.py:2379} INFO - Sync 1 DAGs
[2022-08-19 16:25:57,246] {logging_mixin.py:115} INFO - [2022-08-19 16:25:57,246] {dag.py:2931} INFO - Setting next_dagrun for example_task_group to 2022-08-18T16:25:57.246037+00:00, run_after=2022-08-19T16:25:57.246037+00:00
[2022-08-19 16:25:57,263] {processor.py:161} INFO - Processing /home/airflow/.local/lib/python3.7/site-packages/airflow/example_dags/example_task_group.py took 0.132 seconds
[2022-08-19 16:26:27,631] {processor.py:153} INFO - Started process (PID=291) to work on /home/airflow/.local/lib/python3.7/site-packages/airflow/example_dags/example_task_group.py
[2022-08-19 16:26:27,633] {processor.py:641} INFO - Processing file /home/airflow/.local/lib/python3.7/site-packages/airflow/example_dags/example_task_group.py for tasks to queue
[2022-08-19 16:26:27,635] {logging_mixin.py:115} INFO - [2022-08-19 16:26:27,634] {dagbag.py:507} INFO - Filling up the DagBag from /home/airflow/.local/lib/python3.7/site-packages/airflow/example_dags/example_task_group.py
[2022-08-19 16:26:27,661] {processor.py:651} INFO - DAG(s) dict_keys(['example_task_group']) retrieved from /home/airflow/.local/lib/python3.7/site-packages/airflow/example_dags/example_task_group.py
[2022-08-19 16:26:27,699] {logging_mixin.py:115} INFO - [2022-08-19 16:26:27,699] {dag.py:2379} INFO - Sync 1 DAGs
[2022-08-19 16:26:27,722] {logging_mixin.py:115} INFO - [2022-08-19 16:26:27,722] {dag.py:2931} INFO - Setting next_dagrun for example_task_group to 2022-08-18T16:26:27.722507+00:00, run_after=2022-08-19T16:26:27.722507+00:00
[2022-08-19 16:26:27,741] {processor.py:161} INFO - Processing /home/airflow/.local/lib/python3.7/site-packages/airflow/example_dags/example_task_group.py took 0.119 seconds
[2022-08-19 16:31:17,663] {processor.py:153} INFO - Started process (PID=60) to work on /home/airflow/.local/lib/python3.7/site-packages/airflow/example_dags/example_task_group.py
[2022-08-19 16:31:17,664] {processor.py:641} INFO - Processing file /home/airflow/.local/lib/python3.7/site-packages/airflow/example_dags/example_task_group.py for tasks to queue
[2022-08-19 16:31:17,664] {logging_mixin.py:115} INFO - [2022-08-19 16:31:17,664] {dagbag.py:507} INFO - Filling up the DagBag from /home/airflow/.local/lib/python3.7/site-packages/airflow/example_dags/example_task_group.py
[2022-08-19 16:31:17,674] {processor.py:651} INFO - DAG(s) dict_keys(['example_task_group']) retrieved from /home/airflow/.local/lib/python3.7/site-packages/airflow/example_dags/example_task_group.py
[2022-08-19 16:31:17,724] {logging_mixin.py:115} INFO - [2022-08-19 16:31:17,724] {dag.py:2379} INFO - Sync 1 DAGs
[2022-08-19 16:31:17,750] {logging_mixin.py:115} INFO - [2022-08-19 16:31:17,750] {dag.py:2931} INFO - Setting next_dagrun for example_task_group to 2022-08-18T16:31:17.749929+00:00, run_after=2022-08-19T16:31:17.749929+00:00
[2022-08-19 16:31:17,773] {processor.py:161} INFO - Processing /home/airflow/.local/lib/python3.7/site-packages/airflow/example_dags/example_task_group.py took 0.118 seconds
[2022-08-19 16:31:48,772] {processor.py:153} INFO - Started process (PID=121) to work on /home/airflow/.local/lib/python3.7/site-packages/airflow/example_dags/example_task_group.py
[2022-08-19 16:31:48,777] {processor.py:641} INFO - Processing file /home/airflow/.local/lib/python3.7/site-packages/airflow/example_dags/example_task_group.py for tasks to queue
[2022-08-19 16:31:48,778] {logging_mixin.py:115} INFO - [2022-08-19 16:31:48,778] {dagbag.py:507} INFO - Filling up the DagBag from /home/airflow/.local/lib/python3.7/site-packages/airflow/example_dags/example_task_group.py
[2022-08-19 16:31:48,800] {processor.py:651} INFO - DAG(s) dict_keys(['example_task_group']) retrieved from /home/airflow/.local/lib/python3.7/site-packages/airflow/example_dags/example_task_group.py
[2022-08-19 16:31:48,855] {logging_mixin.py:115} INFO - [2022-08-19 16:31:48,855] {dag.py:2379} INFO - Sync 1 DAGs
[2022-08-19 16:31:48,902] {logging_mixin.py:115} INFO - [2022-08-19 16:31:48,901] {dag.py:2931} INFO - Setting next_dagrun for example_task_group to 2022-08-18T16:31:48.901368+00:00, run_after=2022-08-19T16:31:48.901368+00:00
[2022-08-19 16:31:48,939] {processor.py:161} INFO - Processing /home/airflow/.local/lib/python3.7/site-packages/airflow/example_dags/example_task_group.py took 0.172 seconds
[2022-08-19 16:32:19,335] {processor.py:153} INFO - Started process (PID=174) to work on /home/airflow/.local/lib/python3.7/site-packages/airflow/example_dags/example_task_group.py
[2022-08-19 16:32:19,336] {processor.py:641} INFO - Processing file /home/airflow/.local/lib/python3.7/site-packages/airflow/example_dags/example_task_group.py for tasks to queue
[2022-08-19 16:32:19,337] {logging_mixin.py:115} INFO - [2022-08-19 16:32:19,337] {dagbag.py:507} INFO - Filling up the DagBag from /home/airflow/.local/lib/python3.7/site-packages/airflow/example_dags/example_task_group.py
[2022-08-19 16:32:19,345] {processor.py:651} INFO - DAG(s) dict_keys(['example_task_group']) retrieved from /home/airflow/.local/lib/python3.7/site-packages/airflow/example_dags/example_task_group.py
[2022-08-19 16:32:19,386] {logging_mixin.py:115} INFO - [2022-08-19 16:32:19,386] {dag.py:2379} INFO - Sync 1 DAGs
[2022-08-19 16:32:19,424] {logging_mixin.py:115} INFO - [2022-08-19 16:32:19,423] {dag.py:2931} INFO - Setting next_dagrun for example_task_group to 2022-08-18T16:32:19.423580+00:00, run_after=2022-08-19T16:32:19.423580+00:00
[2022-08-19 16:32:19,447] {processor.py:161} INFO - Processing /home/airflow/.local/lib/python3.7/site-packages/airflow/example_dags/example_task_group.py took 0.116 seconds
[2022-08-19 16:32:49,505] {processor.py:153} INFO - Started process (PID=226) to work on /home/airflow/.local/lib/python3.7/site-packages/airflow/example_dags/example_task_group.py
[2022-08-19 16:32:49,505] {processor.py:641} INFO - Processing file /home/airflow/.local/lib/python3.7/site-packages/airflow/example_dags/example_task_group.py for tasks to queue
[2022-08-19 16:32:49,506] {logging_mixin.py:115} INFO - [2022-08-19 16:32:49,506] {dagbag.py:507} INFO - Filling up the DagBag from /home/airflow/.local/lib/python3.7/site-packages/airflow/example_dags/example_task_group.py
[2022-08-19 16:32:49,515] {processor.py:651} INFO - DAG(s) dict_keys(['example_task_group']) retrieved from /home/airflow/.local/lib/python3.7/site-packages/airflow/example_dags/example_task_group.py
[2022-08-19 16:32:49,560] {logging_mixin.py:115} INFO - [2022-08-19 16:32:49,560] {dag.py:2379} INFO - Sync 1 DAGs
[2022-08-19 16:32:49,585] {logging_mixin.py:115} INFO - [2022-08-19 16:32:49,585] {dag.py:2931} INFO - Setting next_dagrun for example_task_group to 2022-08-18T16:32:49.585185+00:00, run_after=2022-08-19T16:32:49.585185+00:00
[2022-08-19 16:32:49,603] {processor.py:161} INFO - Processing /home/airflow/.local/lib/python3.7/site-packages/airflow/example_dags/example_task_group.py took 0.102 seconds
[2022-08-19 16:33:20,401] {processor.py:153} INFO - Started process (PID=289) to work on /home/airflow/.local/lib/python3.7/site-packages/airflow/example_dags/example_task_group.py
[2022-08-19 16:33:20,402] {processor.py:641} INFO - Processing file /home/airflow/.local/lib/python3.7/site-packages/airflow/example_dags/example_task_group.py for tasks to queue
[2022-08-19 16:33:20,403] {logging_mixin.py:115} INFO - [2022-08-19 16:33:20,403] {dagbag.py:507} INFO - Filling up the DagBag from /home/airflow/.local/lib/python3.7/site-packages/airflow/example_dags/example_task_group.py
[2022-08-19 16:33:20,414] {processor.py:651} INFO - DAG(s) dict_keys(['example_task_group']) retrieved from /home/airflow/.local/lib/python3.7/site-packages/airflow/example_dags/example_task_group.py
[2022-08-19 16:33:20,450] {logging_mixin.py:115} INFO - [2022-08-19 16:33:20,450] {dag.py:2379} INFO - Sync 1 DAGs
[2022-08-19 16:33:20,482] {logging_mixin.py:115} INFO - [2022-08-19 16:33:20,482] {dag.py:2931} INFO - Setting next_dagrun for example_task_group to 2022-08-18T16:33:20.482455+00:00, run_after=2022-08-19T16:33:20.482455+00:00
[2022-08-19 16:33:20,500] {processor.py:161} INFO - Processing /home/airflow/.local/lib/python3.7/site-packages/airflow/example_dags/example_task_group.py took 0.102 seconds
[2022-08-19 16:33:50,854] {processor.py:153} INFO - Started process (PID=352) to work on /home/airflow/.local/lib/python3.7/site-packages/airflow/example_dags/example_task_group.py
[2022-08-19 16:33:50,854] {processor.py:641} INFO - Processing file /home/airflow/.local/lib/python3.7/site-packages/airflow/example_dags/example_task_group.py for tasks to queue
[2022-08-19 16:33:50,855] {logging_mixin.py:115} INFO - [2022-08-19 16:33:50,855] {dagbag.py:507} INFO - Filling up the DagBag from /home/airflow/.local/lib/python3.7/site-packages/airflow/example_dags/example_task_group.py
[2022-08-19 16:33:50,866] {processor.py:651} INFO - DAG(s) dict_keys(['example_task_group']) retrieved from /home/airflow/.local/lib/python3.7/site-packages/airflow/example_dags/example_task_group.py
[2022-08-19 16:33:50,909] {logging_mixin.py:115} INFO - [2022-08-19 16:33:50,908] {dag.py:2379} INFO - Sync 1 DAGs
[2022-08-19 16:33:50,938] {logging_mixin.py:115} INFO - [2022-08-19 16:33:50,938] {dag.py:2931} INFO - Setting next_dagrun for example_task_group to 2022-08-18T16:33:50.937851+00:00, run_after=2022-08-19T16:33:50.937851+00:00
[2022-08-19 16:33:50,969] {processor.py:161} INFO - Processing /home/airflow/.local/lib/python3.7/site-packages/airflow/example_dags/example_task_group.py took 0.119 seconds
[2022-08-19 16:36:23,226] {processor.py:153} INFO - Started process (PID=59) to work on /home/airflow/.local/lib/python3.7/site-packages/airflow/example_dags/example_task_group.py
[2022-08-19 16:36:23,229] {processor.py:641} INFO - Processing file /home/airflow/.local/lib/python3.7/site-packages/airflow/example_dags/example_task_group.py for tasks to queue
[2022-08-19 16:36:23,230] {logging_mixin.py:115} INFO - [2022-08-19 16:36:23,230] {dagbag.py:507} INFO - Filling up the DagBag from /home/airflow/.local/lib/python3.7/site-packages/airflow/example_dags/example_task_group.py
[2022-08-19 16:36:23,237] {processor.py:651} INFO - DAG(s) dict_keys(['example_task_group']) retrieved from /home/airflow/.local/lib/python3.7/site-packages/airflow/example_dags/example_task_group.py
[2022-08-19 16:36:23,279] {logging_mixin.py:115} INFO - [2022-08-19 16:36:23,279] {dag.py:2379} INFO - Sync 1 DAGs
[2022-08-19 16:36:23,318] {logging_mixin.py:115} INFO - [2022-08-19 16:36:23,318] {dag.py:2931} INFO - Setting next_dagrun for example_task_group to 2022-08-18T16:36:23.318163+00:00, run_after=2022-08-19T16:36:23.318163+00:00
[2022-08-19 16:36:23,347] {processor.py:161} INFO - Processing /home/airflow/.local/lib/python3.7/site-packages/airflow/example_dags/example_task_group.py took 0.126 seconds
[2022-08-19 16:36:54,548] {processor.py:153} INFO - Started process (PID=123) to work on /home/airflow/.local/lib/python3.7/site-packages/airflow/example_dags/example_task_group.py
[2022-08-19 16:36:54,549] {processor.py:641} INFO - Processing file /home/airflow/.local/lib/python3.7/site-packages/airflow/example_dags/example_task_group.py for tasks to queue
[2022-08-19 16:36:54,549] {logging_mixin.py:115} INFO - [2022-08-19 16:36:54,549] {dagbag.py:507} INFO - Filling up the DagBag from /home/airflow/.local/lib/python3.7/site-packages/airflow/example_dags/example_task_group.py
[2022-08-19 16:36:54,556] {processor.py:651} INFO - DAG(s) dict_keys(['example_task_group']) retrieved from /home/airflow/.local/lib/python3.7/site-packages/airflow/example_dags/example_task_group.py
[2022-08-19 16:36:54,582] {logging_mixin.py:115} INFO - [2022-08-19 16:36:54,582] {dag.py:2379} INFO - Sync 1 DAGs
[2022-08-19 16:36:54,605] {logging_mixin.py:115} INFO - [2022-08-19 16:36:54,605] {dag.py:2931} INFO - Setting next_dagrun for example_task_group to 2022-08-18T16:36:54.604972+00:00, run_after=2022-08-19T16:36:54.604972+00:00
[2022-08-19 16:36:54,619] {processor.py:161} INFO - Processing /home/airflow/.local/lib/python3.7/site-packages/airflow/example_dags/example_task_group.py took 0.074 seconds
[2022-08-19 16:37:25,450] {processor.py:153} INFO - Started process (PID=175) to work on /home/airflow/.local/lib/python3.7/site-packages/airflow/example_dags/example_task_group.py
[2022-08-19 16:37:25,453] {processor.py:641} INFO - Processing file /home/airflow/.local/lib/python3.7/site-packages/airflow/example_dags/example_task_group.py for tasks to queue
[2022-08-19 16:37:25,455] {logging_mixin.py:115} INFO - [2022-08-19 16:37:25,455] {dagbag.py:507} INFO - Filling up the DagBag from /home/airflow/.local/lib/python3.7/site-packages/airflow/example_dags/example_task_group.py
[2022-08-19 16:37:25,494] {processor.py:651} INFO - DAG(s) dict_keys(['example_task_group']) retrieved from /home/airflow/.local/lib/python3.7/site-packages/airflow/example_dags/example_task_group.py
[2022-08-19 16:37:25,540] {logging_mixin.py:115} INFO - [2022-08-19 16:37:25,540] {dag.py:2379} INFO - Sync 1 DAGs
[2022-08-19 16:37:25,571] {logging_mixin.py:115} INFO - [2022-08-19 16:37:25,571] {dag.py:2931} INFO - Setting next_dagrun for example_task_group to 2022-08-18T16:37:25.571373+00:00, run_after=2022-08-19T16:37:25.571373+00:00
[2022-08-19 16:37:25,606] {processor.py:161} INFO - Processing /home/airflow/.local/lib/python3.7/site-packages/airflow/example_dags/example_task_group.py took 0.168 seconds
[2022-08-19 16:37:55,811] {processor.py:153} INFO - Started process (PID=236) to work on /home/airflow/.local/lib/python3.7/site-packages/airflow/example_dags/example_task_group.py
[2022-08-19 16:37:55,817] {processor.py:641} INFO - Processing file /home/airflow/.local/lib/python3.7/site-packages/airflow/example_dags/example_task_group.py for tasks to queue
[2022-08-19 16:37:55,820] {logging_mixin.py:115} INFO - [2022-08-19 16:37:55,817] {dagbag.py:507} INFO - Filling up the DagBag from /home/airflow/.local/lib/python3.7/site-packages/airflow/example_dags/example_task_group.py
[2022-08-19 16:37:55,828] {processor.py:651} INFO - DAG(s) dict_keys(['example_task_group']) retrieved from /home/airflow/.local/lib/python3.7/site-packages/airflow/example_dags/example_task_group.py
[2022-08-19 16:37:55,895] {logging_mixin.py:115} INFO - [2022-08-19 16:37:55,895] {dag.py:2379} INFO - Sync 1 DAGs
[2022-08-19 16:37:55,919] {logging_mixin.py:115} INFO - [2022-08-19 16:37:55,919] {dag.py:2931} INFO - Setting next_dagrun for example_task_group to 2022-08-18T16:37:55.919560+00:00, run_after=2022-08-19T16:37:55.919560+00:00
[2022-08-19 16:37:55,937] {processor.py:161} INFO - Processing /home/airflow/.local/lib/python3.7/site-packages/airflow/example_dags/example_task_group.py took 0.138 seconds
[2022-08-19 16:38:26,909] {processor.py:153} INFO - Started process (PID=291) to work on /home/airflow/.local/lib/python3.7/site-packages/airflow/example_dags/example_task_group.py
[2022-08-19 16:38:26,910] {processor.py:641} INFO - Processing file /home/airflow/.local/lib/python3.7/site-packages/airflow/example_dags/example_task_group.py for tasks to queue
[2022-08-19 16:38:26,911] {logging_mixin.py:115} INFO - [2022-08-19 16:38:26,910] {dagbag.py:507} INFO - Filling up the DagBag from /home/airflow/.local/lib/python3.7/site-packages/airflow/example_dags/example_task_group.py
[2022-08-19 16:38:26,923] {processor.py:651} INFO - DAG(s) dict_keys(['example_task_group']) retrieved from /home/airflow/.local/lib/python3.7/site-packages/airflow/example_dags/example_task_group.py
[2022-08-19 16:38:26,956] {logging_mixin.py:115} INFO - [2022-08-19 16:38:26,956] {dag.py:2379} INFO - Sync 1 DAGs
[2022-08-19 16:38:26,994] {logging_mixin.py:115} INFO - [2022-08-19 16:38:26,993] {dag.py:2931} INFO - Setting next_dagrun for example_task_group to 2022-08-18T16:38:26.993647+00:00, run_after=2022-08-19T16:38:26.993647+00:00
[2022-08-19 16:38:27,019] {processor.py:161} INFO - Processing /home/airflow/.local/lib/python3.7/site-packages/airflow/example_dags/example_task_group.py took 0.115 seconds
[2022-08-19 16:38:57,356] {processor.py:153} INFO - Started process (PID=352) to work on /home/airflow/.local/lib/python3.7/site-packages/airflow/example_dags/example_task_group.py
[2022-08-19 16:38:57,357] {processor.py:641} INFO - Processing file /home/airflow/.local/lib/python3.7/site-packages/airflow/example_dags/example_task_group.py for tasks to queue
[2022-08-19 16:38:57,358] {logging_mixin.py:115} INFO - [2022-08-19 16:38:57,358] {dagbag.py:507} INFO - Filling up the DagBag from /home/airflow/.local/lib/python3.7/site-packages/airflow/example_dags/example_task_group.py
[2022-08-19 16:38:57,367] {processor.py:651} INFO - DAG(s) dict_keys(['example_task_group']) retrieved from /home/airflow/.local/lib/python3.7/site-packages/airflow/example_dags/example_task_group.py
[2022-08-19 16:38:57,404] {logging_mixin.py:115} INFO - [2022-08-19 16:38:57,404] {dag.py:2379} INFO - Sync 1 DAGs
[2022-08-19 16:38:57,439] {logging_mixin.py:115} INFO - [2022-08-19 16:38:57,439] {dag.py:2931} INFO - Setting next_dagrun for example_task_group to 2022-08-18T16:38:57.439551+00:00, run_after=2022-08-19T16:38:57.439551+00:00
[2022-08-19 16:38:57,460] {processor.py:161} INFO - Processing /home/airflow/.local/lib/python3.7/site-packages/airflow/example_dags/example_task_group.py took 0.107 seconds
[2022-08-19 16:39:27,643] {processor.py:153} INFO - Started process (PID=404) to work on /home/airflow/.local/lib/python3.7/site-packages/airflow/example_dags/example_task_group.py
[2022-08-19 16:39:27,644] {processor.py:641} INFO - Processing file /home/airflow/.local/lib/python3.7/site-packages/airflow/example_dags/example_task_group.py for tasks to queue
[2022-08-19 16:39:27,644] {logging_mixin.py:115} INFO - [2022-08-19 16:39:27,644] {dagbag.py:507} INFO - Filling up the DagBag from /home/airflow/.local/lib/python3.7/site-packages/airflow/example_dags/example_task_group.py
[2022-08-19 16:39:27,655] {processor.py:651} INFO - DAG(s) dict_keys(['example_task_group']) retrieved from /home/airflow/.local/lib/python3.7/site-packages/airflow/example_dags/example_task_group.py
[2022-08-19 16:39:27,697] {logging_mixin.py:115} INFO - [2022-08-19 16:39:27,696] {dag.py:2379} INFO - Sync 1 DAGs
[2022-08-19 16:39:27,730] {logging_mixin.py:115} INFO - [2022-08-19 16:39:27,730] {dag.py:2931} INFO - Setting next_dagrun for example_task_group to 2022-08-18T16:39:27.730285+00:00, run_after=2022-08-19T16:39:27.730285+00:00
[2022-08-19 16:39:27,761] {processor.py:161} INFO - Processing /home/airflow/.local/lib/python3.7/site-packages/airflow/example_dags/example_task_group.py took 0.122 seconds
[2022-08-19 16:39:58,789] {processor.py:153} INFO - Started process (PID=465) to work on /home/airflow/.local/lib/python3.7/site-packages/airflow/example_dags/example_task_group.py
[2022-08-19 16:39:58,792] {processor.py:641} INFO - Processing file /home/airflow/.local/lib/python3.7/site-packages/airflow/example_dags/example_task_group.py for tasks to queue
[2022-08-19 16:39:58,792] {logging_mixin.py:115} INFO - [2022-08-19 16:39:58,792] {dagbag.py:507} INFO - Filling up the DagBag from /home/airflow/.local/lib/python3.7/site-packages/airflow/example_dags/example_task_group.py
[2022-08-19 16:39:58,808] {processor.py:651} INFO - DAG(s) dict_keys(['example_task_group']) retrieved from /home/airflow/.local/lib/python3.7/site-packages/airflow/example_dags/example_task_group.py
[2022-08-19 16:39:58,836] {logging_mixin.py:115} INFO - [2022-08-19 16:39:58,836] {dag.py:2379} INFO - Sync 1 DAGs
[2022-08-19 16:39:58,858] {logging_mixin.py:115} INFO - [2022-08-19 16:39:58,858] {dag.py:2931} INFO - Setting next_dagrun for example_task_group to 2022-08-18T16:39:58.858622+00:00, run_after=2022-08-19T16:39:58.858622+00:00
[2022-08-19 16:39:58,913] {processor.py:161} INFO - Processing /home/airflow/.local/lib/python3.7/site-packages/airflow/example_dags/example_task_group.py took 0.127 seconds
[2022-08-19 16:40:29,660] {processor.py:153} INFO - Started process (PID=529) to work on /home/airflow/.local/lib/python3.7/site-packages/airflow/example_dags/example_task_group.py
[2022-08-19 16:40:29,661] {processor.py:641} INFO - Processing file /home/airflow/.local/lib/python3.7/site-packages/airflow/example_dags/example_task_group.py for tasks to queue
[2022-08-19 16:40:29,662] {logging_mixin.py:115} INFO - [2022-08-19 16:40:29,662] {dagbag.py:507} INFO - Filling up the DagBag from /home/airflow/.local/lib/python3.7/site-packages/airflow/example_dags/example_task_group.py
[2022-08-19 16:40:29,672] {processor.py:651} INFO - DAG(s) dict_keys(['example_task_group']) retrieved from /home/airflow/.local/lib/python3.7/site-packages/airflow/example_dags/example_task_group.py
[2022-08-19 16:40:29,704] {logging_mixin.py:115} INFO - [2022-08-19 16:40:29,704] {dag.py:2379} INFO - Sync 1 DAGs
[2022-08-19 16:40:29,728] {logging_mixin.py:115} INFO - [2022-08-19 16:40:29,728] {dag.py:2931} INFO - Setting next_dagrun for example_task_group to 2022-08-18T16:40:29.728554+00:00, run_after=2022-08-19T16:40:29.728554+00:00
[2022-08-19 16:40:29,762] {processor.py:161} INFO - Processing /home/airflow/.local/lib/python3.7/site-packages/airflow/example_dags/example_task_group.py took 0.106 seconds
[2022-08-19 16:41:00,986] {processor.py:153} INFO - Started process (PID=584) to work on /home/airflow/.local/lib/python3.7/site-packages/airflow/example_dags/example_task_group.py
[2022-08-19 16:41:00,987] {processor.py:641} INFO - Processing file /home/airflow/.local/lib/python3.7/site-packages/airflow/example_dags/example_task_group.py for tasks to queue
[2022-08-19 16:41:00,988] {logging_mixin.py:115} INFO - [2022-08-19 16:41:00,988] {dagbag.py:507} INFO - Filling up the DagBag from /home/airflow/.local/lib/python3.7/site-packages/airflow/example_dags/example_task_group.py
[2022-08-19 16:41:00,995] {processor.py:651} INFO - DAG(s) dict_keys(['example_task_group']) retrieved from /home/airflow/.local/lib/python3.7/site-packages/airflow/example_dags/example_task_group.py
[2022-08-19 16:41:01,045] {logging_mixin.py:115} INFO - [2022-08-19 16:41:01,045] {dag.py:2379} INFO - Sync 1 DAGs
[2022-08-19 16:41:01,084] {logging_mixin.py:115} INFO - [2022-08-19 16:41:01,084] {dag.py:2931} INFO - Setting next_dagrun for example_task_group to 2022-08-18T16:41:01.083836+00:00, run_after=2022-08-19T16:41:01.083836+00:00
[2022-08-19 16:41:01,108] {processor.py:161} INFO - Processing /home/airflow/.local/lib/python3.7/site-packages/airflow/example_dags/example_task_group.py took 0.126 seconds
[2022-08-19 16:41:31,876] {processor.py:153} INFO - Started process (PID=647) to work on /home/airflow/.local/lib/python3.7/site-packages/airflow/example_dags/example_task_group.py
[2022-08-19 16:41:31,877] {processor.py:641} INFO - Processing file /home/airflow/.local/lib/python3.7/site-packages/airflow/example_dags/example_task_group.py for tasks to queue
[2022-08-19 16:41:31,878] {logging_mixin.py:115} INFO - [2022-08-19 16:41:31,878] {dagbag.py:507} INFO - Filling up the DagBag from /home/airflow/.local/lib/python3.7/site-packages/airflow/example_dags/example_task_group.py
[2022-08-19 16:41:31,885] {processor.py:651} INFO - DAG(s) dict_keys(['example_task_group']) retrieved from /home/airflow/.local/lib/python3.7/site-packages/airflow/example_dags/example_task_group.py
[2022-08-19 16:41:31,924] {logging_mixin.py:115} INFO - [2022-08-19 16:41:31,924] {dag.py:2379} INFO - Sync 1 DAGs
[2022-08-19 16:41:31,978] {logging_mixin.py:115} INFO - [2022-08-19 16:41:31,978] {dag.py:2931} INFO - Setting next_dagrun for example_task_group to 2022-08-18T16:41:31.978060+00:00, run_after=2022-08-19T16:41:31.978060+00:00
[2022-08-19 16:41:31,999] {processor.py:161} INFO - Processing /home/airflow/.local/lib/python3.7/site-packages/airflow/example_dags/example_task_group.py took 0.127 seconds
[2022-08-19 16:42:03,220] {processor.py:153} INFO - Started process (PID=700) to work on /home/airflow/.local/lib/python3.7/site-packages/airflow/example_dags/example_task_group.py
[2022-08-19 16:42:03,221] {processor.py:641} INFO - Processing file /home/airflow/.local/lib/python3.7/site-packages/airflow/example_dags/example_task_group.py for tasks to queue
[2022-08-19 16:42:03,222] {logging_mixin.py:115} INFO - [2022-08-19 16:42:03,222] {dagbag.py:507} INFO - Filling up the DagBag from /home/airflow/.local/lib/python3.7/site-packages/airflow/example_dags/example_task_group.py
[2022-08-19 16:42:03,237] {processor.py:651} INFO - DAG(s) dict_keys(['example_task_group']) retrieved from /home/airflow/.local/lib/python3.7/site-packages/airflow/example_dags/example_task_group.py
[2022-08-19 16:42:03,309] {logging_mixin.py:115} INFO - [2022-08-19 16:42:03,309] {dag.py:2379} INFO - Sync 1 DAGs
[2022-08-19 16:42:03,344] {logging_mixin.py:115} INFO - [2022-08-19 16:42:03,344] {dag.py:2931} INFO - Setting next_dagrun for example_task_group to 2022-08-18T16:42:03.344001+00:00, run_after=2022-08-19T16:42:03.344001+00:00
[2022-08-19 16:42:03,368] {processor.py:161} INFO - Processing /home/airflow/.local/lib/python3.7/site-packages/airflow/example_dags/example_task_group.py took 0.157 seconds
[2022-08-19 16:42:33,422] {processor.py:153} INFO - Started process (PID=763) to work on /home/airflow/.local/lib/python3.7/site-packages/airflow/example_dags/example_task_group.py
[2022-08-19 16:42:33,422] {processor.py:641} INFO - Processing file /home/airflow/.local/lib/python3.7/site-packages/airflow/example_dags/example_task_group.py for tasks to queue
[2022-08-19 16:42:33,423] {logging_mixin.py:115} INFO - [2022-08-19 16:42:33,423] {dagbag.py:507} INFO - Filling up the DagBag from /home/airflow/.local/lib/python3.7/site-packages/airflow/example_dags/example_task_group.py
[2022-08-19 16:42:33,429] {processor.py:651} INFO - DAG(s) dict_keys(['example_task_group']) retrieved from /home/airflow/.local/lib/python3.7/site-packages/airflow/example_dags/example_task_group.py
[2022-08-19 16:42:33,458] {logging_mixin.py:115} INFO - [2022-08-19 16:42:33,458] {dag.py:2379} INFO - Sync 1 DAGs
[2022-08-19 16:42:33,482] {logging_mixin.py:115} INFO - [2022-08-19 16:42:33,482] {dag.py:2931} INFO - Setting next_dagrun for example_task_group to 2022-08-18T16:42:33.482221+00:00, run_after=2022-08-19T16:42:33.482221+00:00
[2022-08-19 16:42:33,513] {processor.py:161} INFO - Processing /home/airflow/.local/lib/python3.7/site-packages/airflow/example_dags/example_task_group.py took 0.095 seconds
[2022-08-19 16:43:05,103] {processor.py:153} INFO - Started process (PID=817) to work on /home/airflow/.local/lib/python3.7/site-packages/airflow/example_dags/example_task_group.py
[2022-08-19 16:43:05,104] {processor.py:641} INFO - Processing file /home/airflow/.local/lib/python3.7/site-packages/airflow/example_dags/example_task_group.py for tasks to queue
[2022-08-19 16:43:05,104] {logging_mixin.py:115} INFO - [2022-08-19 16:43:05,104] {dagbag.py:507} INFO - Filling up the DagBag from /home/airflow/.local/lib/python3.7/site-packages/airflow/example_dags/example_task_group.py
[2022-08-19 16:43:05,112] {processor.py:651} INFO - DAG(s) dict_keys(['example_task_group']) retrieved from /home/airflow/.local/lib/python3.7/site-packages/airflow/example_dags/example_task_group.py
[2022-08-19 16:43:05,141] {logging_mixin.py:115} INFO - [2022-08-19 16:43:05,141] {dag.py:2379} INFO - Sync 1 DAGs
[2022-08-19 16:43:05,189] {logging_mixin.py:115} INFO - [2022-08-19 16:43:05,189] {dag.py:2931} INFO - Setting next_dagrun for example_task_group to 2022-08-18T16:43:05.185658+00:00, run_after=2022-08-19T16:43:05.185658+00:00
[2022-08-19 16:43:05,253] {processor.py:161} INFO - Processing /home/airflow/.local/lib/python3.7/site-packages/airflow/example_dags/example_task_group.py took 0.154 seconds
[2022-08-19 16:43:36,169] {processor.py:153} INFO - Started process (PID=878) to work on /home/airflow/.local/lib/python3.7/site-packages/airflow/example_dags/example_task_group.py
[2022-08-19 16:43:36,173] {processor.py:641} INFO - Processing file /home/airflow/.local/lib/python3.7/site-packages/airflow/example_dags/example_task_group.py for tasks to queue
[2022-08-19 16:43:36,186] {logging_mixin.py:115} INFO - [2022-08-19 16:43:36,186] {dagbag.py:507} INFO - Filling up the DagBag from /home/airflow/.local/lib/python3.7/site-packages/airflow/example_dags/example_task_group.py
[2022-08-19 16:43:36,205] {processor.py:651} INFO - DAG(s) dict_keys(['example_task_group']) retrieved from /home/airflow/.local/lib/python3.7/site-packages/airflow/example_dags/example_task_group.py
[2022-08-19 16:43:36,246] {logging_mixin.py:115} INFO - [2022-08-19 16:43:36,246] {dag.py:2379} INFO - Sync 1 DAGs
[2022-08-19 16:43:36,268] {logging_mixin.py:115} INFO - [2022-08-19 16:43:36,268] {dag.py:2931} INFO - Setting next_dagrun for example_task_group to 2022-08-18T16:43:36.268658+00:00, run_after=2022-08-19T16:43:36.268658+00:00
[2022-08-19 16:43:36,287] {processor.py:161} INFO - Processing /home/airflow/.local/lib/python3.7/site-packages/airflow/example_dags/example_task_group.py took 0.139 seconds
[2022-08-19 16:44:07,687] {processor.py:153} INFO - Started process (PID=945) to work on /home/airflow/.local/lib/python3.7/site-packages/airflow/example_dags/example_task_group.py
[2022-08-19 16:44:07,691] {processor.py:641} INFO - Processing file /home/airflow/.local/lib/python3.7/site-packages/airflow/example_dags/example_task_group.py for tasks to queue
[2022-08-19 16:44:07,693] {logging_mixin.py:115} INFO - [2022-08-19 16:44:07,692] {dagbag.py:507} INFO - Filling up the DagBag from /home/airflow/.local/lib/python3.7/site-packages/airflow/example_dags/example_task_group.py
[2022-08-19 16:44:07,706] {processor.py:651} INFO - DAG(s) dict_keys(['example_task_group']) retrieved from /home/airflow/.local/lib/python3.7/site-packages/airflow/example_dags/example_task_group.py
[2022-08-19 16:44:07,800] {logging_mixin.py:115} INFO - [2022-08-19 16:44:07,800] {dag.py:2379} INFO - Sync 1 DAGs
[2022-08-19 16:44:07,830] {logging_mixin.py:115} INFO - [2022-08-19 16:44:07,830] {dag.py:2931} INFO - Setting next_dagrun for example_task_group to 2022-08-18T16:44:07.829825+00:00, run_after=2022-08-19T16:44:07.829825+00:00
[2022-08-19 16:44:07,849] {processor.py:161} INFO - Processing /home/airflow/.local/lib/python3.7/site-packages/airflow/example_dags/example_task_group.py took 0.167 seconds
[2022-08-19 16:44:38,777] {processor.py:153} INFO - Started process (PID=999) to work on /home/airflow/.local/lib/python3.7/site-packages/airflow/example_dags/example_task_group.py
[2022-08-19 16:44:38,777] {processor.py:641} INFO - Processing file /home/airflow/.local/lib/python3.7/site-packages/airflow/example_dags/example_task_group.py for tasks to queue
[2022-08-19 16:44:38,778] {logging_mixin.py:115} INFO - [2022-08-19 16:44:38,778] {dagbag.py:507} INFO - Filling up the DagBag from /home/airflow/.local/lib/python3.7/site-packages/airflow/example_dags/example_task_group.py
[2022-08-19 16:44:38,808] {processor.py:651} INFO - DAG(s) dict_keys(['example_task_group']) retrieved from /home/airflow/.local/lib/python3.7/site-packages/airflow/example_dags/example_task_group.py
[2022-08-19 16:44:38,876] {logging_mixin.py:115} INFO - [2022-08-19 16:44:38,876] {dag.py:2379} INFO - Sync 1 DAGs
[2022-08-19 16:44:38,914] {logging_mixin.py:115} INFO - [2022-08-19 16:44:38,914] {dag.py:2931} INFO - Setting next_dagrun for example_task_group to 2022-08-18T16:44:38.914171+00:00, run_after=2022-08-19T16:44:38.914171+00:00
[2022-08-19 16:44:38,947] {processor.py:161} INFO - Processing /home/airflow/.local/lib/python3.7/site-packages/airflow/example_dags/example_task_group.py took 0.198 seconds
[2022-08-19 16:45:09,831] {processor.py:153} INFO - Started process (PID=1061) to work on /home/airflow/.local/lib/python3.7/site-packages/airflow/example_dags/example_task_group.py
[2022-08-19 16:45:09,834] {processor.py:641} INFO - Processing file /home/airflow/.local/lib/python3.7/site-packages/airflow/example_dags/example_task_group.py for tasks to queue
[2022-08-19 16:45:09,835] {logging_mixin.py:115} INFO - [2022-08-19 16:45:09,835] {dagbag.py:507} INFO - Filling up the DagBag from /home/airflow/.local/lib/python3.7/site-packages/airflow/example_dags/example_task_group.py
[2022-08-19 16:45:09,873] {processor.py:651} INFO - DAG(s) dict_keys(['example_task_group']) retrieved from /home/airflow/.local/lib/python3.7/site-packages/airflow/example_dags/example_task_group.py
[2022-08-19 16:45:09,967] {logging_mixin.py:115} INFO - [2022-08-19 16:45:09,967] {dag.py:2379} INFO - Sync 1 DAGs
[2022-08-19 16:45:10,008] {logging_mixin.py:115} INFO - [2022-08-19 16:45:10,008] {dag.py:2931} INFO - Setting next_dagrun for example_task_group to 2022-08-18T16:45:10.008070+00:00, run_after=2022-08-19T16:45:10.008070+00:00
[2022-08-19 16:45:10,039] {processor.py:161} INFO - Processing /home/airflow/.local/lib/python3.7/site-packages/airflow/example_dags/example_task_group.py took 0.212 seconds
[2022-08-19 16:45:40,253] {processor.py:153} INFO - Started process (PID=1114) to work on /home/airflow/.local/lib/python3.7/site-packages/airflow/example_dags/example_task_group.py
[2022-08-19 16:45:40,254] {processor.py:641} INFO - Processing file /home/airflow/.local/lib/python3.7/site-packages/airflow/example_dags/example_task_group.py for tasks to queue
[2022-08-19 16:45:40,254] {logging_mixin.py:115} INFO - [2022-08-19 16:45:40,254] {dagbag.py:507} INFO - Filling up the DagBag from /home/airflow/.local/lib/python3.7/site-packages/airflow/example_dags/example_task_group.py
[2022-08-19 16:45:40,262] {processor.py:651} INFO - DAG(s) dict_keys(['example_task_group']) retrieved from /home/airflow/.local/lib/python3.7/site-packages/airflow/example_dags/example_task_group.py
[2022-08-19 16:45:40,295] {logging_mixin.py:115} INFO - [2022-08-19 16:45:40,295] {dag.py:2379} INFO - Sync 1 DAGs
[2022-08-19 16:45:40,322] {logging_mixin.py:115} INFO - [2022-08-19 16:45:40,322] {dag.py:2931} INFO - Setting next_dagrun for example_task_group to 2022-08-18T16:45:40.322520+00:00, run_after=2022-08-19T16:45:40.322520+00:00
[2022-08-19 16:45:40,340] {processor.py:161} INFO - Processing /home/airflow/.local/lib/python3.7/site-packages/airflow/example_dags/example_task_group.py took 0.090 seconds
[2022-08-19 16:46:11,399] {processor.py:153} INFO - Started process (PID=1177) to work on /home/airflow/.local/lib/python3.7/site-packages/airflow/example_dags/example_task_group.py
[2022-08-19 16:46:11,400] {processor.py:641} INFO - Processing file /home/airflow/.local/lib/python3.7/site-packages/airflow/example_dags/example_task_group.py for tasks to queue
[2022-08-19 16:46:11,401] {logging_mixin.py:115} INFO - [2022-08-19 16:46:11,401] {dagbag.py:507} INFO - Filling up the DagBag from /home/airflow/.local/lib/python3.7/site-packages/airflow/example_dags/example_task_group.py
[2022-08-19 16:46:11,410] {processor.py:651} INFO - DAG(s) dict_keys(['example_task_group']) retrieved from /home/airflow/.local/lib/python3.7/site-packages/airflow/example_dags/example_task_group.py
[2022-08-19 16:46:11,437] {logging_mixin.py:115} INFO - [2022-08-19 16:46:11,437] {dag.py:2379} INFO - Sync 1 DAGs
[2022-08-19 16:46:11,459] {logging_mixin.py:115} INFO - [2022-08-19 16:46:11,459] {dag.py:2931} INFO - Setting next_dagrun for example_task_group to 2022-08-18T16:46:11.459335+00:00, run_after=2022-08-19T16:46:11.459335+00:00
[2022-08-19 16:46:11,475] {processor.py:161} INFO - Processing /home/airflow/.local/lib/python3.7/site-packages/airflow/example_dags/example_task_group.py took 0.079 seconds
[2022-08-19 16:46:42,477] {processor.py:153} INFO - Started process (PID=1240) to work on /home/airflow/.local/lib/python3.7/site-packages/airflow/example_dags/example_task_group.py
[2022-08-19 16:46:42,478] {processor.py:641} INFO - Processing file /home/airflow/.local/lib/python3.7/site-packages/airflow/example_dags/example_task_group.py for tasks to queue
[2022-08-19 16:46:42,478] {logging_mixin.py:115} INFO - [2022-08-19 16:46:42,478] {dagbag.py:507} INFO - Filling up the DagBag from /home/airflow/.local/lib/python3.7/site-packages/airflow/example_dags/example_task_group.py
[2022-08-19 16:46:42,488] {processor.py:651} INFO - DAG(s) dict_keys(['example_task_group']) retrieved from /home/airflow/.local/lib/python3.7/site-packages/airflow/example_dags/example_task_group.py
[2022-08-19 16:46:42,535] {logging_mixin.py:115} INFO - [2022-08-19 16:46:42,535] {dag.py:2379} INFO - Sync 1 DAGs
[2022-08-19 16:46:42,581] {logging_mixin.py:115} INFO - [2022-08-19 16:46:42,581] {dag.py:2931} INFO - Setting next_dagrun for example_task_group to 2022-08-18T16:46:42.580999+00:00, run_after=2022-08-19T16:46:42.580999+00:00
[2022-08-19 16:46:42,595] {processor.py:161} INFO - Processing /home/airflow/.local/lib/python3.7/site-packages/airflow/example_dags/example_task_group.py took 0.123 seconds
[2022-08-19 16:47:30,977] {processor.py:153} INFO - Started process (PID=58) to work on /home/airflow/.local/lib/python3.7/site-packages/airflow/example_dags/example_task_group.py
[2022-08-19 16:47:30,979] {processor.py:641} INFO - Processing file /home/airflow/.local/lib/python3.7/site-packages/airflow/example_dags/example_task_group.py for tasks to queue
[2022-08-19 16:47:30,979] {logging_mixin.py:115} INFO - [2022-08-19 16:47:30,979] {dagbag.py:507} INFO - Filling up the DagBag from /home/airflow/.local/lib/python3.7/site-packages/airflow/example_dags/example_task_group.py
[2022-08-19 16:47:30,998] {processor.py:651} INFO - DAG(s) dict_keys(['example_task_group']) retrieved from /home/airflow/.local/lib/python3.7/site-packages/airflow/example_dags/example_task_group.py
[2022-08-19 16:47:31,050] {logging_mixin.py:115} INFO - [2022-08-19 16:47:31,050] {dag.py:2379} INFO - Sync 1 DAGs
[2022-08-19 16:47:31,107] {logging_mixin.py:115} INFO - [2022-08-19 16:47:31,107] {dag.py:2931} INFO - Setting next_dagrun for example_task_group to 2022-08-18T16:47:31.106661+00:00, run_after=2022-08-19T16:47:31.106661+00:00
[2022-08-19 16:47:31,156] {processor.py:161} INFO - Processing /home/airflow/.local/lib/python3.7/site-packages/airflow/example_dags/example_task_group.py took 0.184 seconds
[2022-08-19 16:48:01,657] {processor.py:153} INFO - Started process (PID=120) to work on /home/airflow/.local/lib/python3.7/site-packages/airflow/example_dags/example_task_group.py
[2022-08-19 16:48:01,659] {processor.py:641} INFO - Processing file /home/airflow/.local/lib/python3.7/site-packages/airflow/example_dags/example_task_group.py for tasks to queue
[2022-08-19 16:48:01,659] {logging_mixin.py:115} INFO - [2022-08-19 16:48:01,659] {dagbag.py:507} INFO - Filling up the DagBag from /home/airflow/.local/lib/python3.7/site-packages/airflow/example_dags/example_task_group.py
[2022-08-19 16:48:01,675] {processor.py:651} INFO - DAG(s) dict_keys(['example_task_group']) retrieved from /home/airflow/.local/lib/python3.7/site-packages/airflow/example_dags/example_task_group.py
[2022-08-19 16:48:01,723] {logging_mixin.py:115} INFO - [2022-08-19 16:48:01,723] {dag.py:2379} INFO - Sync 1 DAGs
[2022-08-19 16:48:01,764] {logging_mixin.py:115} INFO - [2022-08-19 16:48:01,764] {dag.py:2931} INFO - Setting next_dagrun for example_task_group to 2022-08-18T16:48:01.763796+00:00, run_after=2022-08-19T16:48:01.763796+00:00
[2022-08-19 16:48:01,797] {processor.py:161} INFO - Processing /home/airflow/.local/lib/python3.7/site-packages/airflow/example_dags/example_task_group.py took 0.144 seconds
[2022-08-19 16:49:17,351] {processor.py:153} INFO - Started process (PID=59) to work on /home/airflow/.local/lib/python3.7/site-packages/airflow/example_dags/example_task_group.py
[2022-08-19 16:49:17,351] {processor.py:641} INFO - Processing file /home/airflow/.local/lib/python3.7/site-packages/airflow/example_dags/example_task_group.py for tasks to queue
[2022-08-19 16:49:17,352] {logging_mixin.py:115} INFO - [2022-08-19 16:49:17,352] {dagbag.py:507} INFO - Filling up the DagBag from /home/airflow/.local/lib/python3.7/site-packages/airflow/example_dags/example_task_group.py
[2022-08-19 16:49:17,360] {processor.py:651} INFO - DAG(s) dict_keys(['example_task_group']) retrieved from /home/airflow/.local/lib/python3.7/site-packages/airflow/example_dags/example_task_group.py
[2022-08-19 16:49:17,423] {logging_mixin.py:115} INFO - [2022-08-19 16:49:17,423] {dag.py:2379} INFO - Sync 1 DAGs
[2022-08-19 16:49:17,472] {logging_mixin.py:115} INFO - [2022-08-19 16:49:17,472] {dag.py:2931} INFO - Setting next_dagrun for example_task_group to 2022-08-18T16:49:17.472396+00:00, run_after=2022-08-19T16:49:17.472396+00:00
[2022-08-19 16:49:17,499] {processor.py:161} INFO - Processing /home/airflow/.local/lib/python3.7/site-packages/airflow/example_dags/example_task_group.py took 0.149 seconds
[2022-08-19 16:49:51,374] {processor.py:153} INFO - Started process (PID=122) to work on /home/airflow/.local/lib/python3.7/site-packages/airflow/example_dags/example_task_group.py
[2022-08-19 16:49:51,386] {processor.py:641} INFO - Processing file /home/airflow/.local/lib/python3.7/site-packages/airflow/example_dags/example_task_group.py for tasks to queue
[2022-08-19 16:49:51,388] {logging_mixin.py:115} INFO - [2022-08-19 16:49:51,388] {dagbag.py:507} INFO - Filling up the DagBag from /home/airflow/.local/lib/python3.7/site-packages/airflow/example_dags/example_task_group.py
[2022-08-19 16:49:51,412] {processor.py:651} INFO - DAG(s) dict_keys(['example_task_group']) retrieved from /home/airflow/.local/lib/python3.7/site-packages/airflow/example_dags/example_task_group.py
[2022-08-19 16:49:51,466] {logging_mixin.py:115} INFO - [2022-08-19 16:49:51,466] {dag.py:2379} INFO - Sync 1 DAGs
[2022-08-19 16:49:51,515] {logging_mixin.py:115} INFO - [2022-08-19 16:49:51,515] {dag.py:2931} INFO - Setting next_dagrun for example_task_group to 2022-08-18T16:49:51.497594+00:00, run_after=2022-08-19T16:49:51.497594+00:00
[2022-08-19 16:49:51,570] {processor.py:161} INFO - Processing /home/airflow/.local/lib/python3.7/site-packages/airflow/example_dags/example_task_group.py took 0.202 seconds
[2022-08-19 16:50:21,770] {processor.py:153} INFO - Started process (PID=174) to work on /home/airflow/.local/lib/python3.7/site-packages/airflow/example_dags/example_task_group.py
[2022-08-19 16:50:21,771] {processor.py:641} INFO - Processing file /home/airflow/.local/lib/python3.7/site-packages/airflow/example_dags/example_task_group.py for tasks to queue
[2022-08-19 16:50:21,772] {logging_mixin.py:115} INFO - [2022-08-19 16:50:21,772] {dagbag.py:507} INFO - Filling up the DagBag from /home/airflow/.local/lib/python3.7/site-packages/airflow/example_dags/example_task_group.py
[2022-08-19 16:50:21,781] {processor.py:651} INFO - DAG(s) dict_keys(['example_task_group']) retrieved from /home/airflow/.local/lib/python3.7/site-packages/airflow/example_dags/example_task_group.py
[2022-08-19 16:50:21,815] {logging_mixin.py:115} INFO - [2022-08-19 16:50:21,815] {dag.py:2379} INFO - Sync 1 DAGs
[2022-08-19 16:50:21,841] {logging_mixin.py:115} INFO - [2022-08-19 16:50:21,841] {dag.py:2931} INFO - Setting next_dagrun for example_task_group to 2022-08-18T16:50:21.841587+00:00, run_after=2022-08-19T16:50:21.841587+00:00
[2022-08-19 16:50:21,857] {processor.py:161} INFO - Processing /home/airflow/.local/lib/python3.7/site-packages/airflow/example_dags/example_task_group.py took 0.091 seconds
[2022-08-19 16:50:51,945] {processor.py:153} INFO - Started process (PID=226) to work on /home/airflow/.local/lib/python3.7/site-packages/airflow/example_dags/example_task_group.py
[2022-08-19 16:50:51,946] {processor.py:641} INFO - Processing file /home/airflow/.local/lib/python3.7/site-packages/airflow/example_dags/example_task_group.py for tasks to queue
[2022-08-19 16:50:51,947] {logging_mixin.py:115} INFO - [2022-08-19 16:50:51,947] {dagbag.py:507} INFO - Filling up the DagBag from /home/airflow/.local/lib/python3.7/site-packages/airflow/example_dags/example_task_group.py
[2022-08-19 16:50:51,960] {processor.py:651} INFO - DAG(s) dict_keys(['example_task_group']) retrieved from /home/airflow/.local/lib/python3.7/site-packages/airflow/example_dags/example_task_group.py
[2022-08-19 16:50:52,014] {logging_mixin.py:115} INFO - [2022-08-19 16:50:52,014] {dag.py:2379} INFO - Sync 1 DAGs
[2022-08-19 16:50:52,065] {logging_mixin.py:115} INFO - [2022-08-19 16:50:52,064] {dag.py:2931} INFO - Setting next_dagrun for example_task_group to 2022-08-18T16:50:52.064732+00:00, run_after=2022-08-19T16:50:52.064732+00:00
[2022-08-19 16:50:52,091] {processor.py:161} INFO - Processing /home/airflow/.local/lib/python3.7/site-packages/airflow/example_dags/example_task_group.py took 0.157 seconds
[2022-08-19 16:51:22,282] {processor.py:153} INFO - Started process (PID=288) to work on /home/airflow/.local/lib/python3.7/site-packages/airflow/example_dags/example_task_group.py
[2022-08-19 16:51:22,286] {processor.py:641} INFO - Processing file /home/airflow/.local/lib/python3.7/site-packages/airflow/example_dags/example_task_group.py for tasks to queue
[2022-08-19 16:51:22,287] {logging_mixin.py:115} INFO - [2022-08-19 16:51:22,286] {dagbag.py:507} INFO - Filling up the DagBag from /home/airflow/.local/lib/python3.7/site-packages/airflow/example_dags/example_task_group.py
[2022-08-19 16:51:22,297] {processor.py:651} INFO - DAG(s) dict_keys(['example_task_group']) retrieved from /home/airflow/.local/lib/python3.7/site-packages/airflow/example_dags/example_task_group.py
[2022-08-19 16:51:22,344] {logging_mixin.py:115} INFO - [2022-08-19 16:51:22,343] {dag.py:2379} INFO - Sync 1 DAGs
[2022-08-19 16:51:22,374] {logging_mixin.py:115} INFO - [2022-08-19 16:51:22,374] {dag.py:2931} INFO - Setting next_dagrun for example_task_group to 2022-08-18T16:51:22.374611+00:00, run_after=2022-08-19T16:51:22.374611+00:00
[2022-08-19 16:51:22,391] {processor.py:161} INFO - Processing /home/airflow/.local/lib/python3.7/site-packages/airflow/example_dags/example_task_group.py took 0.111 seconds
[2022-08-19 16:51:52,673] {processor.py:153} INFO - Started process (PID=350) to work on /home/airflow/.local/lib/python3.7/site-packages/airflow/example_dags/example_task_group.py
[2022-08-19 16:51:52,674] {processor.py:641} INFO - Processing file /home/airflow/.local/lib/python3.7/site-packages/airflow/example_dags/example_task_group.py for tasks to queue
[2022-08-19 16:51:52,675] {logging_mixin.py:115} INFO - [2022-08-19 16:51:52,675] {dagbag.py:507} INFO - Filling up the DagBag from /home/airflow/.local/lib/python3.7/site-packages/airflow/example_dags/example_task_group.py
[2022-08-19 16:51:52,683] {processor.py:651} INFO - DAG(s) dict_keys(['example_task_group']) retrieved from /home/airflow/.local/lib/python3.7/site-packages/airflow/example_dags/example_task_group.py
[2022-08-19 16:51:52,713] {logging_mixin.py:115} INFO - [2022-08-19 16:51:52,713] {dag.py:2379} INFO - Sync 1 DAGs
[2022-08-19 16:51:52,739] {logging_mixin.py:115} INFO - [2022-08-19 16:51:52,739] {dag.py:2931} INFO - Setting next_dagrun for example_task_group to 2022-08-18T16:51:52.739145+00:00, run_after=2022-08-19T16:51:52.739145+00:00
[2022-08-19 16:51:52,757] {processor.py:161} INFO - Processing /home/airflow/.local/lib/python3.7/site-packages/airflow/example_dags/example_task_group.py took 0.087 seconds
[2022-08-19 16:52:23,234] {processor.py:153} INFO - Started process (PID=407) to work on /home/airflow/.local/lib/python3.7/site-packages/airflow/example_dags/example_task_group.py
[2022-08-19 16:52:23,234] {processor.py:641} INFO - Processing file /home/airflow/.local/lib/python3.7/site-packages/airflow/example_dags/example_task_group.py for tasks to queue
[2022-08-19 16:52:23,235] {logging_mixin.py:115} INFO - [2022-08-19 16:52:23,235] {dagbag.py:507} INFO - Filling up the DagBag from /home/airflow/.local/lib/python3.7/site-packages/airflow/example_dags/example_task_group.py
[2022-08-19 16:52:23,259] {processor.py:651} INFO - DAG(s) dict_keys(['example_task_group']) retrieved from /home/airflow/.local/lib/python3.7/site-packages/airflow/example_dags/example_task_group.py
[2022-08-19 16:52:23,329] {logging_mixin.py:115} INFO - [2022-08-19 16:52:23,329] {dag.py:2379} INFO - Sync 1 DAGs
[2022-08-19 16:52:23,411] {logging_mixin.py:115} INFO - [2022-08-19 16:52:23,411] {dag.py:2931} INFO - Setting next_dagrun for example_task_group to 2022-08-18T16:52:23.411225+00:00, run_after=2022-08-19T16:52:23.411225+00:00
[2022-08-19 16:52:23,480] {processor.py:161} INFO - Processing /home/airflow/.local/lib/python3.7/site-packages/airflow/example_dags/example_task_group.py took 0.250 seconds
[2022-08-19 16:52:53,683] {processor.py:153} INFO - Started process (PID=470) to work on /home/airflow/.local/lib/python3.7/site-packages/airflow/example_dags/example_task_group.py
[2022-08-19 16:52:53,684] {processor.py:641} INFO - Processing file /home/airflow/.local/lib/python3.7/site-packages/airflow/example_dags/example_task_group.py for tasks to queue
[2022-08-19 16:52:53,685] {logging_mixin.py:115} INFO - [2022-08-19 16:52:53,685] {dagbag.py:507} INFO - Filling up the DagBag from /home/airflow/.local/lib/python3.7/site-packages/airflow/example_dags/example_task_group.py
[2022-08-19 16:52:53,694] {processor.py:651} INFO - DAG(s) dict_keys(['example_task_group']) retrieved from /home/airflow/.local/lib/python3.7/site-packages/airflow/example_dags/example_task_group.py
[2022-08-19 16:52:53,725] {logging_mixin.py:115} INFO - [2022-08-19 16:52:53,725] {dag.py:2379} INFO - Sync 1 DAGs
[2022-08-19 16:52:53,751] {logging_mixin.py:115} INFO - [2022-08-19 16:52:53,751] {dag.py:2931} INFO - Setting next_dagrun for example_task_group to 2022-08-18T16:52:53.750697+00:00, run_after=2022-08-19T16:52:53.750697+00:00
[2022-08-19 16:52:53,772] {processor.py:161} INFO - Processing /home/airflow/.local/lib/python3.7/site-packages/airflow/example_dags/example_task_group.py took 0.094 seconds
[2022-08-19 16:53:24,018] {processor.py:153} INFO - Started process (PID=523) to work on /home/airflow/.local/lib/python3.7/site-packages/airflow/example_dags/example_task_group.py
[2022-08-19 16:53:24,018] {processor.py:641} INFO - Processing file /home/airflow/.local/lib/python3.7/site-packages/airflow/example_dags/example_task_group.py for tasks to queue
[2022-08-19 16:53:24,018] {logging_mixin.py:115} INFO - [2022-08-19 16:53:24,018] {dagbag.py:507} INFO - Filling up the DagBag from /home/airflow/.local/lib/python3.7/site-packages/airflow/example_dags/example_task_group.py
[2022-08-19 16:53:24,026] {processor.py:651} INFO - DAG(s) dict_keys(['example_task_group']) retrieved from /home/airflow/.local/lib/python3.7/site-packages/airflow/example_dags/example_task_group.py
[2022-08-19 16:53:24,056] {logging_mixin.py:115} INFO - [2022-08-19 16:53:24,056] {dag.py:2379} INFO - Sync 1 DAGs
[2022-08-19 16:53:24,079] {logging_mixin.py:115} INFO - [2022-08-19 16:53:24,079] {dag.py:2931} INFO - Setting next_dagrun for example_task_group to 2022-08-18T16:53:24.079600+00:00, run_after=2022-08-19T16:53:24.079600+00:00
[2022-08-19 16:53:24,097] {processor.py:161} INFO - Processing /home/airflow/.local/lib/python3.7/site-packages/airflow/example_dags/example_task_group.py took 0.084 seconds
[2022-08-19 16:53:54,255] {processor.py:153} INFO - Started process (PID=585) to work on /home/airflow/.local/lib/python3.7/site-packages/airflow/example_dags/example_task_group.py
[2022-08-19 16:53:54,256] {processor.py:641} INFO - Processing file /home/airflow/.local/lib/python3.7/site-packages/airflow/example_dags/example_task_group.py for tasks to queue
[2022-08-19 16:53:54,256] {logging_mixin.py:115} INFO - [2022-08-19 16:53:54,256] {dagbag.py:507} INFO - Filling up the DagBag from /home/airflow/.local/lib/python3.7/site-packages/airflow/example_dags/example_task_group.py
[2022-08-19 16:53:54,263] {processor.py:651} INFO - DAG(s) dict_keys(['example_task_group']) retrieved from /home/airflow/.local/lib/python3.7/site-packages/airflow/example_dags/example_task_group.py
[2022-08-19 16:53:54,286] {logging_mixin.py:115} INFO - [2022-08-19 16:53:54,286] {dag.py:2379} INFO - Sync 1 DAGs
[2022-08-19 16:53:54,312] {logging_mixin.py:115} INFO - [2022-08-19 16:53:54,312] {dag.py:2931} INFO - Setting next_dagrun for example_task_group to 2022-08-18T16:53:54.311499+00:00, run_after=2022-08-19T16:53:54.311499+00:00
[2022-08-19 16:53:54,330] {processor.py:161} INFO - Processing /home/airflow/.local/lib/python3.7/site-packages/airflow/example_dags/example_task_group.py took 0.077 seconds
