[2022-08-19 00:59:30,882] {processor.py:153} INFO - Started process (PID=78) to work on /home/airflow/.local/lib/python3.7/site-packages/airflow/example_dags/example_nested_branch_dag.py
[2022-08-19 00:59:30,883] {processor.py:641} INFO - Processing file /home/airflow/.local/lib/python3.7/site-packages/airflow/example_dags/example_nested_branch_dag.py for tasks to queue
[2022-08-19 00:59:30,883] {logging_mixin.py:115} INFO - [2022-08-19 00:59:30,883] {dagbag.py:507} INFO - Filling up the DagBag from /home/airflow/.local/lib/python3.7/site-packages/airflow/example_dags/example_nested_branch_dag.py
[2022-08-19 00:59:30,928] {processor.py:651} INFO - DAG(s) dict_keys(['example_nested_branch_dag']) retrieved from /home/airflow/.local/lib/python3.7/site-packages/airflow/example_dags/example_nested_branch_dag.py
[2022-08-19 00:59:31,089] {logging_mixin.py:115} INFO - [2022-08-19 00:59:31,088] {dag.py:2379} INFO - Sync 1 DAGs
[2022-08-19 00:59:31,201] {logging_mixin.py:115} INFO - [2022-08-19 00:59:31,201] {dag.py:2931} INFO - Setting next_dagrun for example_nested_branch_dag to 2022-08-18T00:00:00+00:00, run_after=2022-08-19T00:00:00+00:00
[2022-08-19 00:59:31,260] {processor.py:161} INFO - Processing /home/airflow/.local/lib/python3.7/site-packages/airflow/example_dags/example_nested_branch_dag.py took 0.381 seconds
[2022-08-19 01:10:26,695] {processor.py:153} INFO - Started process (PID=79) to work on /home/airflow/.local/lib/python3.7/site-packages/airflow/example_dags/example_nested_branch_dag.py
[2022-08-19 01:10:26,698] {processor.py:641} INFO - Processing file /home/airflow/.local/lib/python3.7/site-packages/airflow/example_dags/example_nested_branch_dag.py for tasks to queue
[2022-08-19 01:10:26,699] {logging_mixin.py:115} INFO - [2022-08-19 01:10:26,699] {dagbag.py:507} INFO - Filling up the DagBag from /home/airflow/.local/lib/python3.7/site-packages/airflow/example_dags/example_nested_branch_dag.py
[2022-08-19 01:10:26,724] {processor.py:651} INFO - DAG(s) dict_keys(['example_nested_branch_dag']) retrieved from /home/airflow/.local/lib/python3.7/site-packages/airflow/example_dags/example_nested_branch_dag.py
[2022-08-19 01:10:26,798] {logging_mixin.py:115} INFO - [2022-08-19 01:10:26,798] {dag.py:2379} INFO - Sync 1 DAGs
[2022-08-19 01:10:27,023] {logging_mixin.py:115} INFO - [2022-08-19 01:10:27,023] {dag.py:2931} INFO - Setting next_dagrun for example_nested_branch_dag to 2022-08-18T00:00:00+00:00, run_after=2022-08-19T00:00:00+00:00
[2022-08-19 01:10:27,049] {processor.py:161} INFO - Processing /home/airflow/.local/lib/python3.7/site-packages/airflow/example_dags/example_nested_branch_dag.py took 0.358 seconds
[2022-08-19 01:10:57,563] {processor.py:153} INFO - Started process (PID=133) to work on /home/airflow/.local/lib/python3.7/site-packages/airflow/example_dags/example_nested_branch_dag.py
[2022-08-19 01:10:57,564] {processor.py:641} INFO - Processing file /home/airflow/.local/lib/python3.7/site-packages/airflow/example_dags/example_nested_branch_dag.py for tasks to queue
[2022-08-19 01:10:57,564] {logging_mixin.py:115} INFO - [2022-08-19 01:10:57,564] {dagbag.py:507} INFO - Filling up the DagBag from /home/airflow/.local/lib/python3.7/site-packages/airflow/example_dags/example_nested_branch_dag.py
[2022-08-19 01:10:57,577] {processor.py:651} INFO - DAG(s) dict_keys(['example_nested_branch_dag']) retrieved from /home/airflow/.local/lib/python3.7/site-packages/airflow/example_dags/example_nested_branch_dag.py
[2022-08-19 01:10:57,614] {logging_mixin.py:115} INFO - [2022-08-19 01:10:57,613] {dag.py:2379} INFO - Sync 1 DAGs
[2022-08-19 01:10:57,823] {logging_mixin.py:115} INFO - [2022-08-19 01:10:57,822] {dag.py:2931} INFO - Setting next_dagrun for example_nested_branch_dag to 2022-08-18T00:00:00+00:00, run_after=2022-08-19T00:00:00+00:00
[2022-08-19 01:10:57,851] {processor.py:161} INFO - Processing /home/airflow/.local/lib/python3.7/site-packages/airflow/example_dags/example_nested_branch_dag.py took 0.291 seconds
[2022-08-19 01:11:28,809] {processor.py:153} INFO - Started process (PID=196) to work on /home/airflow/.local/lib/python3.7/site-packages/airflow/example_dags/example_nested_branch_dag.py
[2022-08-19 01:11:28,812] {processor.py:641} INFO - Processing file /home/airflow/.local/lib/python3.7/site-packages/airflow/example_dags/example_nested_branch_dag.py for tasks to queue
[2022-08-19 01:11:28,815] {logging_mixin.py:115} INFO - [2022-08-19 01:11:28,815] {dagbag.py:507} INFO - Filling up the DagBag from /home/airflow/.local/lib/python3.7/site-packages/airflow/example_dags/example_nested_branch_dag.py
[2022-08-19 01:11:28,840] {processor.py:651} INFO - DAG(s) dict_keys(['example_nested_branch_dag']) retrieved from /home/airflow/.local/lib/python3.7/site-packages/airflow/example_dags/example_nested_branch_dag.py
[2022-08-19 01:11:28,930] {logging_mixin.py:115} INFO - [2022-08-19 01:11:28,930] {dag.py:2379} INFO - Sync 1 DAGs
[2022-08-19 01:11:29,282] {logging_mixin.py:115} INFO - [2022-08-19 01:11:29,282] {dag.py:2931} INFO - Setting next_dagrun for example_nested_branch_dag to 2022-08-18T00:00:00+00:00, run_after=2022-08-19T00:00:00+00:00
[2022-08-19 01:11:29,301] {processor.py:161} INFO - Processing /home/airflow/.local/lib/python3.7/site-packages/airflow/example_dags/example_nested_branch_dag.py took 0.500 seconds
[2022-08-19 01:11:59,368] {processor.py:153} INFO - Started process (PID=249) to work on /home/airflow/.local/lib/python3.7/site-packages/airflow/example_dags/example_nested_branch_dag.py
[2022-08-19 01:11:59,368] {processor.py:641} INFO - Processing file /home/airflow/.local/lib/python3.7/site-packages/airflow/example_dags/example_nested_branch_dag.py for tasks to queue
[2022-08-19 01:11:59,369] {logging_mixin.py:115} INFO - [2022-08-19 01:11:59,368] {dagbag.py:507} INFO - Filling up the DagBag from /home/airflow/.local/lib/python3.7/site-packages/airflow/example_dags/example_nested_branch_dag.py
[2022-08-19 01:11:59,377] {processor.py:651} INFO - DAG(s) dict_keys(['example_nested_branch_dag']) retrieved from /home/airflow/.local/lib/python3.7/site-packages/airflow/example_dags/example_nested_branch_dag.py
[2022-08-19 01:11:59,409] {logging_mixin.py:115} INFO - [2022-08-19 01:11:59,409] {dag.py:2379} INFO - Sync 1 DAGs
[2022-08-19 01:11:59,539] {logging_mixin.py:115} INFO - [2022-08-19 01:11:59,539] {dag.py:2931} INFO - Setting next_dagrun for example_nested_branch_dag to 2022-08-18T00:00:00+00:00, run_after=2022-08-19T00:00:00+00:00
[2022-08-19 01:11:59,550] {processor.py:161} INFO - Processing /home/airflow/.local/lib/python3.7/site-packages/airflow/example_dags/example_nested_branch_dag.py took 0.185 seconds
[2022-08-19 01:12:29,787] {processor.py:153} INFO - Started process (PID=315) to work on /home/airflow/.local/lib/python3.7/site-packages/airflow/example_dags/example_nested_branch_dag.py
[2022-08-19 01:12:29,787] {processor.py:641} INFO - Processing file /home/airflow/.local/lib/python3.7/site-packages/airflow/example_dags/example_nested_branch_dag.py for tasks to queue
[2022-08-19 01:12:29,792] {logging_mixin.py:115} INFO - [2022-08-19 01:12:29,791] {dagbag.py:507} INFO - Filling up the DagBag from /home/airflow/.local/lib/python3.7/site-packages/airflow/example_dags/example_nested_branch_dag.py
[2022-08-19 01:12:29,806] {processor.py:651} INFO - DAG(s) dict_keys(['example_nested_branch_dag']) retrieved from /home/airflow/.local/lib/python3.7/site-packages/airflow/example_dags/example_nested_branch_dag.py
[2022-08-19 01:12:29,838] {logging_mixin.py:115} INFO - [2022-08-19 01:12:29,837] {dag.py:2379} INFO - Sync 1 DAGs
[2022-08-19 01:12:29,991] {logging_mixin.py:115} INFO - [2022-08-19 01:12:29,991] {dag.py:2931} INFO - Setting next_dagrun for example_nested_branch_dag to 2022-08-18T00:00:00+00:00, run_after=2022-08-19T00:00:00+00:00
[2022-08-19 01:12:30,014] {processor.py:161} INFO - Processing /home/airflow/.local/lib/python3.7/site-packages/airflow/example_dags/example_nested_branch_dag.py took 0.231 seconds
[2022-08-19 01:13:00,245] {processor.py:153} INFO - Started process (PID=371) to work on /home/airflow/.local/lib/python3.7/site-packages/airflow/example_dags/example_nested_branch_dag.py
[2022-08-19 01:13:00,245] {processor.py:641} INFO - Processing file /home/airflow/.local/lib/python3.7/site-packages/airflow/example_dags/example_nested_branch_dag.py for tasks to queue
[2022-08-19 01:13:00,246] {logging_mixin.py:115} INFO - [2022-08-19 01:13:00,246] {dagbag.py:507} INFO - Filling up the DagBag from /home/airflow/.local/lib/python3.7/site-packages/airflow/example_dags/example_nested_branch_dag.py
[2022-08-19 01:13:00,256] {processor.py:651} INFO - DAG(s) dict_keys(['example_nested_branch_dag']) retrieved from /home/airflow/.local/lib/python3.7/site-packages/airflow/example_dags/example_nested_branch_dag.py
[2022-08-19 01:13:00,284] {logging_mixin.py:115} INFO - [2022-08-19 01:13:00,283] {dag.py:2379} INFO - Sync 1 DAGs
[2022-08-19 01:13:00,405] {logging_mixin.py:115} INFO - [2022-08-19 01:13:00,405] {dag.py:2931} INFO - Setting next_dagrun for example_nested_branch_dag to 2022-08-18T00:00:00+00:00, run_after=2022-08-19T00:00:00+00:00
[2022-08-19 01:13:00,416] {processor.py:161} INFO - Processing /home/airflow/.local/lib/python3.7/site-packages/airflow/example_dags/example_nested_branch_dag.py took 0.174 seconds
[2022-08-19 01:13:30,735] {processor.py:153} INFO - Started process (PID=435) to work on /home/airflow/.local/lib/python3.7/site-packages/airflow/example_dags/example_nested_branch_dag.py
[2022-08-19 01:13:30,736] {processor.py:641} INFO - Processing file /home/airflow/.local/lib/python3.7/site-packages/airflow/example_dags/example_nested_branch_dag.py for tasks to queue
[2022-08-19 01:13:30,737] {logging_mixin.py:115} INFO - [2022-08-19 01:13:30,736] {dagbag.py:507} INFO - Filling up the DagBag from /home/airflow/.local/lib/python3.7/site-packages/airflow/example_dags/example_nested_branch_dag.py
[2022-08-19 01:13:30,748] {processor.py:651} INFO - DAG(s) dict_keys(['example_nested_branch_dag']) retrieved from /home/airflow/.local/lib/python3.7/site-packages/airflow/example_dags/example_nested_branch_dag.py
[2022-08-19 01:13:30,777] {logging_mixin.py:115} INFO - [2022-08-19 01:13:30,777] {dag.py:2379} INFO - Sync 1 DAGs
[2022-08-19 01:13:30,910] {logging_mixin.py:115} INFO - [2022-08-19 01:13:30,910] {dag.py:2931} INFO - Setting next_dagrun for example_nested_branch_dag to 2022-08-18T00:00:00+00:00, run_after=2022-08-19T00:00:00+00:00
[2022-08-19 01:13:30,922] {processor.py:161} INFO - Processing /home/airflow/.local/lib/python3.7/site-packages/airflow/example_dags/example_nested_branch_dag.py took 0.192 seconds
[2022-08-19 01:14:01,206] {processor.py:153} INFO - Started process (PID=490) to work on /home/airflow/.local/lib/python3.7/site-packages/airflow/example_dags/example_nested_branch_dag.py
[2022-08-19 01:14:01,207] {processor.py:641} INFO - Processing file /home/airflow/.local/lib/python3.7/site-packages/airflow/example_dags/example_nested_branch_dag.py for tasks to queue
[2022-08-19 01:14:01,207] {logging_mixin.py:115} INFO - [2022-08-19 01:14:01,207] {dagbag.py:507} INFO - Filling up the DagBag from /home/airflow/.local/lib/python3.7/site-packages/airflow/example_dags/example_nested_branch_dag.py
[2022-08-19 01:14:01,222] {processor.py:651} INFO - DAG(s) dict_keys(['example_nested_branch_dag']) retrieved from /home/airflow/.local/lib/python3.7/site-packages/airflow/example_dags/example_nested_branch_dag.py
[2022-08-19 01:14:01,264] {logging_mixin.py:115} INFO - [2022-08-19 01:14:01,264] {dag.py:2379} INFO - Sync 1 DAGs
[2022-08-19 01:14:01,422] {logging_mixin.py:115} INFO - [2022-08-19 01:14:01,422] {dag.py:2931} INFO - Setting next_dagrun for example_nested_branch_dag to 2022-08-18T00:00:00+00:00, run_after=2022-08-19T00:00:00+00:00
[2022-08-19 01:14:01,437] {processor.py:161} INFO - Processing /home/airflow/.local/lib/python3.7/site-packages/airflow/example_dags/example_nested_branch_dag.py took 0.236 seconds
[2022-08-19 01:14:31,627] {processor.py:153} INFO - Started process (PID=554) to work on /home/airflow/.local/lib/python3.7/site-packages/airflow/example_dags/example_nested_branch_dag.py
[2022-08-19 01:14:31,629] {processor.py:641} INFO - Processing file /home/airflow/.local/lib/python3.7/site-packages/airflow/example_dags/example_nested_branch_dag.py for tasks to queue
[2022-08-19 01:14:31,630] {logging_mixin.py:115} INFO - [2022-08-19 01:14:31,629] {dagbag.py:507} INFO - Filling up the DagBag from /home/airflow/.local/lib/python3.7/site-packages/airflow/example_dags/example_nested_branch_dag.py
[2022-08-19 01:14:31,646] {processor.py:651} INFO - DAG(s) dict_keys(['example_nested_branch_dag']) retrieved from /home/airflow/.local/lib/python3.7/site-packages/airflow/example_dags/example_nested_branch_dag.py
[2022-08-19 01:14:31,690] {logging_mixin.py:115} INFO - [2022-08-19 01:14:31,690] {dag.py:2379} INFO - Sync 1 DAGs
[2022-08-19 01:14:31,850] {logging_mixin.py:115} INFO - [2022-08-19 01:14:31,850] {dag.py:2931} INFO - Setting next_dagrun for example_nested_branch_dag to 2022-08-18T00:00:00+00:00, run_after=2022-08-19T00:00:00+00:00
[2022-08-19 01:14:31,863] {processor.py:161} INFO - Processing /home/airflow/.local/lib/python3.7/site-packages/airflow/example_dags/example_nested_branch_dag.py took 0.240 seconds
[2022-08-19 01:15:02,065] {processor.py:153} INFO - Started process (PID=609) to work on /home/airflow/.local/lib/python3.7/site-packages/airflow/example_dags/example_nested_branch_dag.py
[2022-08-19 01:15:02,065] {processor.py:641} INFO - Processing file /home/airflow/.local/lib/python3.7/site-packages/airflow/example_dags/example_nested_branch_dag.py for tasks to queue
[2022-08-19 01:15:02,066] {logging_mixin.py:115} INFO - [2022-08-19 01:15:02,066] {dagbag.py:507} INFO - Filling up the DagBag from /home/airflow/.local/lib/python3.7/site-packages/airflow/example_dags/example_nested_branch_dag.py
[2022-08-19 01:15:02,077] {processor.py:651} INFO - DAG(s) dict_keys(['example_nested_branch_dag']) retrieved from /home/airflow/.local/lib/python3.7/site-packages/airflow/example_dags/example_nested_branch_dag.py
[2022-08-19 01:15:02,110] {logging_mixin.py:115} INFO - [2022-08-19 01:15:02,110] {dag.py:2379} INFO - Sync 1 DAGs
[2022-08-19 01:15:02,239] {logging_mixin.py:115} INFO - [2022-08-19 01:15:02,239] {dag.py:2931} INFO - Setting next_dagrun for example_nested_branch_dag to 2022-08-18T00:00:00+00:00, run_after=2022-08-19T00:00:00+00:00
[2022-08-19 01:15:02,249] {processor.py:161} INFO - Processing /home/airflow/.local/lib/python3.7/site-packages/airflow/example_dags/example_nested_branch_dag.py took 0.187 seconds
[2022-08-19 01:21:27,194] {processor.py:153} INFO - Started process (PID=70) to work on /home/airflow/.local/lib/python3.7/site-packages/airflow/example_dags/example_nested_branch_dag.py
[2022-08-19 01:21:27,195] {processor.py:641} INFO - Processing file /home/airflow/.local/lib/python3.7/site-packages/airflow/example_dags/example_nested_branch_dag.py for tasks to queue
[2022-08-19 01:21:27,197] {logging_mixin.py:115} INFO - [2022-08-19 01:21:27,197] {dagbag.py:507} INFO - Filling up the DagBag from /home/airflow/.local/lib/python3.7/site-packages/airflow/example_dags/example_nested_branch_dag.py
[2022-08-19 01:21:27,220] {processor.py:651} INFO - DAG(s) dict_keys(['example_nested_branch_dag']) retrieved from /home/airflow/.local/lib/python3.7/site-packages/airflow/example_dags/example_nested_branch_dag.py
[2022-08-19 01:21:27,289] {logging_mixin.py:115} INFO - [2022-08-19 01:21:27,289] {dag.py:2379} INFO - Sync 1 DAGs
[2022-08-19 01:21:27,368] {logging_mixin.py:115} INFO - [2022-08-19 01:21:27,368] {dag.py:2931} INFO - Setting next_dagrun for example_nested_branch_dag to 2022-08-18T00:00:00+00:00, run_after=2022-08-19T00:00:00+00:00
[2022-08-19 01:21:27,403] {processor.py:161} INFO - Processing /home/airflow/.local/lib/python3.7/site-packages/airflow/example_dags/example_nested_branch_dag.py took 0.212 seconds
[2022-08-19 01:22:00,200] {processor.py:153} INFO - Started process (PID=138) to work on /home/airflow/.local/lib/python3.7/site-packages/airflow/example_dags/example_nested_branch_dag.py
[2022-08-19 01:22:00,200] {processor.py:641} INFO - Processing file /home/airflow/.local/lib/python3.7/site-packages/airflow/example_dags/example_nested_branch_dag.py for tasks to queue
[2022-08-19 01:22:00,201] {logging_mixin.py:115} INFO - [2022-08-19 01:22:00,201] {dagbag.py:507} INFO - Filling up the DagBag from /home/airflow/.local/lib/python3.7/site-packages/airflow/example_dags/example_nested_branch_dag.py
[2022-08-19 01:22:00,228] {processor.py:651} INFO - DAG(s) dict_keys(['example_nested_branch_dag']) retrieved from /home/airflow/.local/lib/python3.7/site-packages/airflow/example_dags/example_nested_branch_dag.py
[2022-08-19 01:22:00,290] {logging_mixin.py:115} INFO - [2022-08-19 01:22:00,289] {dag.py:2379} INFO - Sync 1 DAGs
[2022-08-19 01:22:00,375] {logging_mixin.py:115} INFO - [2022-08-19 01:22:00,374] {dag.py:2931} INFO - Setting next_dagrun for example_nested_branch_dag to 2022-08-18T00:00:00+00:00, run_after=2022-08-19T00:00:00+00:00
[2022-08-19 01:22:00,604] {processor.py:161} INFO - Processing /home/airflow/.local/lib/python3.7/site-packages/airflow/example_dags/example_nested_branch_dag.py took 0.410 seconds
[2022-08-19 01:22:31,589] {processor.py:153} INFO - Started process (PID=194) to work on /home/airflow/.local/lib/python3.7/site-packages/airflow/example_dags/example_nested_branch_dag.py
[2022-08-19 01:22:31,592] {processor.py:641} INFO - Processing file /home/airflow/.local/lib/python3.7/site-packages/airflow/example_dags/example_nested_branch_dag.py for tasks to queue
[2022-08-19 01:22:31,594] {logging_mixin.py:115} INFO - [2022-08-19 01:22:31,594] {dagbag.py:507} INFO - Filling up the DagBag from /home/airflow/.local/lib/python3.7/site-packages/airflow/example_dags/example_nested_branch_dag.py
[2022-08-19 01:22:31,642] {processor.py:651} INFO - DAG(s) dict_keys(['example_nested_branch_dag']) retrieved from /home/airflow/.local/lib/python3.7/site-packages/airflow/example_dags/example_nested_branch_dag.py
[2022-08-19 01:22:31,692] {logging_mixin.py:115} INFO - [2022-08-19 01:22:31,691] {dag.py:2379} INFO - Sync 1 DAGs
[2022-08-19 01:22:31,729] {logging_mixin.py:115} INFO - [2022-08-19 01:22:31,729] {dag.py:2931} INFO - Setting next_dagrun for example_nested_branch_dag to 2022-08-18T00:00:00+00:00, run_after=2022-08-19T00:00:00+00:00
[2022-08-19 01:22:31,741] {processor.py:161} INFO - Processing /home/airflow/.local/lib/python3.7/site-packages/airflow/example_dags/example_nested_branch_dag.py took 0.169 seconds
[2022-08-19 01:23:01,848] {processor.py:153} INFO - Started process (PID=260) to work on /home/airflow/.local/lib/python3.7/site-packages/airflow/example_dags/example_nested_branch_dag.py
[2022-08-19 01:23:01,849] {processor.py:641} INFO - Processing file /home/airflow/.local/lib/python3.7/site-packages/airflow/example_dags/example_nested_branch_dag.py for tasks to queue
[2022-08-19 01:23:01,849] {logging_mixin.py:115} INFO - [2022-08-19 01:23:01,849] {dagbag.py:507} INFO - Filling up the DagBag from /home/airflow/.local/lib/python3.7/site-packages/airflow/example_dags/example_nested_branch_dag.py
[2022-08-19 01:23:01,859] {processor.py:651} INFO - DAG(s) dict_keys(['example_nested_branch_dag']) retrieved from /home/airflow/.local/lib/python3.7/site-packages/airflow/example_dags/example_nested_branch_dag.py
[2022-08-19 01:23:01,883] {logging_mixin.py:115} INFO - [2022-08-19 01:23:01,883] {dag.py:2379} INFO - Sync 1 DAGs
[2022-08-19 01:23:01,910] {logging_mixin.py:115} INFO - [2022-08-19 01:23:01,910] {dag.py:2931} INFO - Setting next_dagrun for example_nested_branch_dag to 2022-08-18T00:00:00+00:00, run_after=2022-08-19T00:00:00+00:00
[2022-08-19 01:23:01,921] {processor.py:161} INFO - Processing /home/airflow/.local/lib/python3.7/site-packages/airflow/example_dags/example_nested_branch_dag.py took 0.075 seconds
[2022-08-19 01:23:32,687] {processor.py:153} INFO - Started process (PID=315) to work on /home/airflow/.local/lib/python3.7/site-packages/airflow/example_dags/example_nested_branch_dag.py
[2022-08-19 01:23:32,688] {processor.py:641} INFO - Processing file /home/airflow/.local/lib/python3.7/site-packages/airflow/example_dags/example_nested_branch_dag.py for tasks to queue
[2022-08-19 01:23:32,689] {logging_mixin.py:115} INFO - [2022-08-19 01:23:32,689] {dagbag.py:507} INFO - Filling up the DagBag from /home/airflow/.local/lib/python3.7/site-packages/airflow/example_dags/example_nested_branch_dag.py
[2022-08-19 01:23:32,712] {processor.py:651} INFO - DAG(s) dict_keys(['example_nested_branch_dag']) retrieved from /home/airflow/.local/lib/python3.7/site-packages/airflow/example_dags/example_nested_branch_dag.py
[2022-08-19 01:23:32,795] {logging_mixin.py:115} INFO - [2022-08-19 01:23:32,795] {dag.py:2379} INFO - Sync 1 DAGs
[2022-08-19 01:23:32,852] {logging_mixin.py:115} INFO - [2022-08-19 01:23:32,852] {dag.py:2931} INFO - Setting next_dagrun for example_nested_branch_dag to 2022-08-18T00:00:00+00:00, run_after=2022-08-19T00:00:00+00:00
[2022-08-19 01:23:32,873] {processor.py:161} INFO - Processing /home/airflow/.local/lib/python3.7/site-packages/airflow/example_dags/example_nested_branch_dag.py took 0.190 seconds
[2022-08-19 01:24:03,731] {processor.py:153} INFO - Started process (PID=385) to work on /home/airflow/.local/lib/python3.7/site-packages/airflow/example_dags/example_nested_branch_dag.py
[2022-08-19 01:24:03,732] {processor.py:641} INFO - Processing file /home/airflow/.local/lib/python3.7/site-packages/airflow/example_dags/example_nested_branch_dag.py for tasks to queue
[2022-08-19 01:24:03,733] {logging_mixin.py:115} INFO - [2022-08-19 01:24:03,733] {dagbag.py:507} INFO - Filling up the DagBag from /home/airflow/.local/lib/python3.7/site-packages/airflow/example_dags/example_nested_branch_dag.py
[2022-08-19 01:24:03,749] {processor.py:651} INFO - DAG(s) dict_keys(['example_nested_branch_dag']) retrieved from /home/airflow/.local/lib/python3.7/site-packages/airflow/example_dags/example_nested_branch_dag.py
[2022-08-19 01:24:03,792] {logging_mixin.py:115} INFO - [2022-08-19 01:24:03,792] {dag.py:2379} INFO - Sync 1 DAGs
[2022-08-19 01:24:03,838] {logging_mixin.py:115} INFO - [2022-08-19 01:24:03,838] {dag.py:2931} INFO - Setting next_dagrun for example_nested_branch_dag to 2022-08-18T00:00:00+00:00, run_after=2022-08-19T00:00:00+00:00
[2022-08-19 01:24:03,856] {processor.py:161} INFO - Processing /home/airflow/.local/lib/python3.7/site-packages/airflow/example_dags/example_nested_branch_dag.py took 0.132 seconds
[2022-08-19 01:24:34,538] {processor.py:153} INFO - Started process (PID=448) to work on /home/airflow/.local/lib/python3.7/site-packages/airflow/example_dags/example_nested_branch_dag.py
[2022-08-19 01:24:34,539] {processor.py:641} INFO - Processing file /home/airflow/.local/lib/python3.7/site-packages/airflow/example_dags/example_nested_branch_dag.py for tasks to queue
[2022-08-19 01:24:34,539] {logging_mixin.py:115} INFO - [2022-08-19 01:24:34,539] {dagbag.py:507} INFO - Filling up the DagBag from /home/airflow/.local/lib/python3.7/site-packages/airflow/example_dags/example_nested_branch_dag.py
[2022-08-19 01:24:34,553] {processor.py:651} INFO - DAG(s) dict_keys(['example_nested_branch_dag']) retrieved from /home/airflow/.local/lib/python3.7/site-packages/airflow/example_dags/example_nested_branch_dag.py
[2022-08-19 01:24:34,590] {logging_mixin.py:115} INFO - [2022-08-19 01:24:34,590] {dag.py:2379} INFO - Sync 1 DAGs
[2022-08-19 01:24:34,648] {logging_mixin.py:115} INFO - [2022-08-19 01:24:34,648] {dag.py:2931} INFO - Setting next_dagrun for example_nested_branch_dag to 2022-08-18T00:00:00+00:00, run_after=2022-08-19T00:00:00+00:00
[2022-08-19 01:24:34,678] {processor.py:161} INFO - Processing /home/airflow/.local/lib/python3.7/site-packages/airflow/example_dags/example_nested_branch_dag.py took 0.145 seconds
[2022-08-19 01:25:04,964] {processor.py:153} INFO - Started process (PID=503) to work on /home/airflow/.local/lib/python3.7/site-packages/airflow/example_dags/example_nested_branch_dag.py
[2022-08-19 01:25:04,965] {processor.py:641} INFO - Processing file /home/airflow/.local/lib/python3.7/site-packages/airflow/example_dags/example_nested_branch_dag.py for tasks to queue
[2022-08-19 01:25:04,966] {logging_mixin.py:115} INFO - [2022-08-19 01:25:04,966] {dagbag.py:507} INFO - Filling up the DagBag from /home/airflow/.local/lib/python3.7/site-packages/airflow/example_dags/example_nested_branch_dag.py
[2022-08-19 01:25:04,981] {processor.py:651} INFO - DAG(s) dict_keys(['example_nested_branch_dag']) retrieved from /home/airflow/.local/lib/python3.7/site-packages/airflow/example_dags/example_nested_branch_dag.py
[2022-08-19 01:25:05,030] {logging_mixin.py:115} INFO - [2022-08-19 01:25:05,030] {dag.py:2379} INFO - Sync 1 DAGs
[2022-08-19 01:25:05,105] {logging_mixin.py:115} INFO - [2022-08-19 01:25:05,104] {dag.py:2931} INFO - Setting next_dagrun for example_nested_branch_dag to 2022-08-18T00:00:00+00:00, run_after=2022-08-19T00:00:00+00:00
[2022-08-19 01:25:05,171] {processor.py:161} INFO - Processing /home/airflow/.local/lib/python3.7/site-packages/airflow/example_dags/example_nested_branch_dag.py took 0.213 seconds
[2022-08-19 01:25:35,722] {processor.py:153} INFO - Started process (PID=556) to work on /home/airflow/.local/lib/python3.7/site-packages/airflow/example_dags/example_nested_branch_dag.py
[2022-08-19 01:25:35,724] {processor.py:641} INFO - Processing file /home/airflow/.local/lib/python3.7/site-packages/airflow/example_dags/example_nested_branch_dag.py for tasks to queue
[2022-08-19 01:25:35,725] {logging_mixin.py:115} INFO - [2022-08-19 01:25:35,725] {dagbag.py:507} INFO - Filling up the DagBag from /home/airflow/.local/lib/python3.7/site-packages/airflow/example_dags/example_nested_branch_dag.py
[2022-08-19 01:25:35,741] {processor.py:651} INFO - DAG(s) dict_keys(['example_nested_branch_dag']) retrieved from /home/airflow/.local/lib/python3.7/site-packages/airflow/example_dags/example_nested_branch_dag.py
[2022-08-19 01:25:35,776] {logging_mixin.py:115} INFO - [2022-08-19 01:25:35,776] {dag.py:2379} INFO - Sync 1 DAGs
[2022-08-19 01:25:35,812] {logging_mixin.py:115} INFO - [2022-08-19 01:25:35,812] {dag.py:2931} INFO - Setting next_dagrun for example_nested_branch_dag to 2022-08-18T00:00:00+00:00, run_after=2022-08-19T00:00:00+00:00
[2022-08-19 01:25:35,825] {processor.py:161} INFO - Processing /home/airflow/.local/lib/python3.7/site-packages/airflow/example_dags/example_nested_branch_dag.py took 0.107 seconds
[2022-08-19 01:26:06,295] {processor.py:153} INFO - Started process (PID=628) to work on /home/airflow/.local/lib/python3.7/site-packages/airflow/example_dags/example_nested_branch_dag.py
[2022-08-19 01:26:06,295] {processor.py:641} INFO - Processing file /home/airflow/.local/lib/python3.7/site-packages/airflow/example_dags/example_nested_branch_dag.py for tasks to queue
[2022-08-19 01:26:06,296] {logging_mixin.py:115} INFO - [2022-08-19 01:26:06,295] {dagbag.py:507} INFO - Filling up the DagBag from /home/airflow/.local/lib/python3.7/site-packages/airflow/example_dags/example_nested_branch_dag.py
[2022-08-19 01:26:06,308] {processor.py:651} INFO - DAG(s) dict_keys(['example_nested_branch_dag']) retrieved from /home/airflow/.local/lib/python3.7/site-packages/airflow/example_dags/example_nested_branch_dag.py
[2022-08-19 01:26:06,345] {logging_mixin.py:115} INFO - [2022-08-19 01:26:06,345] {dag.py:2379} INFO - Sync 1 DAGs
[2022-08-19 01:26:06,385] {logging_mixin.py:115} INFO - [2022-08-19 01:26:06,384] {dag.py:2931} INFO - Setting next_dagrun for example_nested_branch_dag to 2022-08-18T00:00:00+00:00, run_after=2022-08-19T00:00:00+00:00
[2022-08-19 01:26:06,410] {processor.py:161} INFO - Processing /home/airflow/.local/lib/python3.7/site-packages/airflow/example_dags/example_nested_branch_dag.py took 0.118 seconds
[2022-08-19 01:26:36,935] {processor.py:153} INFO - Started process (PID=684) to work on /home/airflow/.local/lib/python3.7/site-packages/airflow/example_dags/example_nested_branch_dag.py
[2022-08-19 01:26:36,936] {processor.py:641} INFO - Processing file /home/airflow/.local/lib/python3.7/site-packages/airflow/example_dags/example_nested_branch_dag.py for tasks to queue
[2022-08-19 01:26:36,937] {logging_mixin.py:115} INFO - [2022-08-19 01:26:36,936] {dagbag.py:507} INFO - Filling up the DagBag from /home/airflow/.local/lib/python3.7/site-packages/airflow/example_dags/example_nested_branch_dag.py
[2022-08-19 01:26:36,947] {processor.py:651} INFO - DAG(s) dict_keys(['example_nested_branch_dag']) retrieved from /home/airflow/.local/lib/python3.7/site-packages/airflow/example_dags/example_nested_branch_dag.py
[2022-08-19 01:26:36,978] {logging_mixin.py:115} INFO - [2022-08-19 01:26:36,977] {dag.py:2379} INFO - Sync 1 DAGs
[2022-08-19 01:26:37,009] {logging_mixin.py:115} INFO - [2022-08-19 01:26:37,009] {dag.py:2931} INFO - Setting next_dagrun for example_nested_branch_dag to 2022-08-18T00:00:00+00:00, run_after=2022-08-19T00:00:00+00:00
[2022-08-19 01:26:37,132] {processor.py:161} INFO - Processing /home/airflow/.local/lib/python3.7/site-packages/airflow/example_dags/example_nested_branch_dag.py took 0.200 seconds
[2022-08-19 01:27:07,634] {processor.py:153} INFO - Started process (PID=750) to work on /home/airflow/.local/lib/python3.7/site-packages/airflow/example_dags/example_nested_branch_dag.py
[2022-08-19 01:27:07,635] {processor.py:641} INFO - Processing file /home/airflow/.local/lib/python3.7/site-packages/airflow/example_dags/example_nested_branch_dag.py for tasks to queue
[2022-08-19 01:27:07,636] {logging_mixin.py:115} INFO - [2022-08-19 01:27:07,636] {dagbag.py:507} INFO - Filling up the DagBag from /home/airflow/.local/lib/python3.7/site-packages/airflow/example_dags/example_nested_branch_dag.py
[2022-08-19 01:27:07,651] {processor.py:651} INFO - DAG(s) dict_keys(['example_nested_branch_dag']) retrieved from /home/airflow/.local/lib/python3.7/site-packages/airflow/example_dags/example_nested_branch_dag.py
[2022-08-19 01:27:07,678] {logging_mixin.py:115} INFO - [2022-08-19 01:27:07,677] {dag.py:2379} INFO - Sync 1 DAGs
[2022-08-19 01:27:07,744] {logging_mixin.py:115} INFO - [2022-08-19 01:27:07,744] {dag.py:2931} INFO - Setting next_dagrun for example_nested_branch_dag to 2022-08-18T00:00:00+00:00, run_after=2022-08-19T00:00:00+00:00
[2022-08-19 01:27:07,869] {processor.py:161} INFO - Processing /home/airflow/.local/lib/python3.7/site-packages/airflow/example_dags/example_nested_branch_dag.py took 0.244 seconds
[2022-08-19 01:27:38,246] {processor.py:153} INFO - Started process (PID=805) to work on /home/airflow/.local/lib/python3.7/site-packages/airflow/example_dags/example_nested_branch_dag.py
[2022-08-19 01:27:38,247] {processor.py:641} INFO - Processing file /home/airflow/.local/lib/python3.7/site-packages/airflow/example_dags/example_nested_branch_dag.py for tasks to queue
[2022-08-19 01:27:38,248] {logging_mixin.py:115} INFO - [2022-08-19 01:27:38,248] {dagbag.py:507} INFO - Filling up the DagBag from /home/airflow/.local/lib/python3.7/site-packages/airflow/example_dags/example_nested_branch_dag.py
[2022-08-19 01:27:38,259] {processor.py:651} INFO - DAG(s) dict_keys(['example_nested_branch_dag']) retrieved from /home/airflow/.local/lib/python3.7/site-packages/airflow/example_dags/example_nested_branch_dag.py
[2022-08-19 01:27:38,306] {logging_mixin.py:115} INFO - [2022-08-19 01:27:38,306] {dag.py:2379} INFO - Sync 1 DAGs
[2022-08-19 01:27:38,354] {logging_mixin.py:115} INFO - [2022-08-19 01:27:38,354] {dag.py:2931} INFO - Setting next_dagrun for example_nested_branch_dag to 2022-08-18T00:00:00+00:00, run_after=2022-08-19T00:00:00+00:00
[2022-08-19 01:27:38,506] {processor.py:161} INFO - Processing /home/airflow/.local/lib/python3.7/site-packages/airflow/example_dags/example_nested_branch_dag.py took 0.264 seconds
[2022-08-19 01:28:08,767] {processor.py:153} INFO - Started process (PID=870) to work on /home/airflow/.local/lib/python3.7/site-packages/airflow/example_dags/example_nested_branch_dag.py
[2022-08-19 01:28:08,769] {processor.py:641} INFO - Processing file /home/airflow/.local/lib/python3.7/site-packages/airflow/example_dags/example_nested_branch_dag.py for tasks to queue
[2022-08-19 01:28:08,771] {logging_mixin.py:115} INFO - [2022-08-19 01:28:08,770] {dagbag.py:507} INFO - Filling up the DagBag from /home/airflow/.local/lib/python3.7/site-packages/airflow/example_dags/example_nested_branch_dag.py
[2022-08-19 01:28:08,807] {processor.py:651} INFO - DAG(s) dict_keys(['example_nested_branch_dag']) retrieved from /home/airflow/.local/lib/python3.7/site-packages/airflow/example_dags/example_nested_branch_dag.py
[2022-08-19 01:28:08,840] {logging_mixin.py:115} INFO - [2022-08-19 01:28:08,840] {dag.py:2379} INFO - Sync 1 DAGs
[2022-08-19 01:28:08,878] {logging_mixin.py:115} INFO - [2022-08-19 01:28:08,877] {dag.py:2931} INFO - Setting next_dagrun for example_nested_branch_dag to 2022-08-18T00:00:00+00:00, run_after=2022-08-19T00:00:00+00:00
[2022-08-19 01:28:09,013] {processor.py:161} INFO - Processing /home/airflow/.local/lib/python3.7/site-packages/airflow/example_dags/example_nested_branch_dag.py took 0.259 seconds
[2022-08-19 01:31:11,674] {processor.py:153} INFO - Started process (PID=70) to work on /home/airflow/.local/lib/python3.7/site-packages/airflow/example_dags/example_nested_branch_dag.py
[2022-08-19 01:31:11,679] {processor.py:641} INFO - Processing file /home/airflow/.local/lib/python3.7/site-packages/airflow/example_dags/example_nested_branch_dag.py for tasks to queue
[2022-08-19 01:31:11,680] {logging_mixin.py:115} INFO - [2022-08-19 01:31:11,680] {dagbag.py:507} INFO - Filling up the DagBag from /home/airflow/.local/lib/python3.7/site-packages/airflow/example_dags/example_nested_branch_dag.py
[2022-08-19 01:31:11,707] {processor.py:651} INFO - DAG(s) dict_keys(['example_nested_branch_dag']) retrieved from /home/airflow/.local/lib/python3.7/site-packages/airflow/example_dags/example_nested_branch_dag.py
[2022-08-19 01:31:11,772] {logging_mixin.py:115} INFO - [2022-08-19 01:31:11,772] {dag.py:2379} INFO - Sync 1 DAGs
[2022-08-19 01:31:11,854] {logging_mixin.py:115} INFO - [2022-08-19 01:31:11,854] {dag.py:2931} INFO - Setting next_dagrun for example_nested_branch_dag to 2022-08-18T00:00:00+00:00, run_after=2022-08-19T00:00:00+00:00
[2022-08-19 01:31:11,892] {processor.py:161} INFO - Processing /home/airflow/.local/lib/python3.7/site-packages/airflow/example_dags/example_nested_branch_dag.py took 0.237 seconds
[2022-08-19 01:31:44,406] {processor.py:153} INFO - Started process (PID=134) to work on /home/airflow/.local/lib/python3.7/site-packages/airflow/example_dags/example_nested_branch_dag.py
[2022-08-19 01:31:44,407] {processor.py:641} INFO - Processing file /home/airflow/.local/lib/python3.7/site-packages/airflow/example_dags/example_nested_branch_dag.py for tasks to queue
[2022-08-19 01:31:44,407] {logging_mixin.py:115} INFO - [2022-08-19 01:31:44,407] {dagbag.py:507} INFO - Filling up the DagBag from /home/airflow/.local/lib/python3.7/site-packages/airflow/example_dags/example_nested_branch_dag.py
[2022-08-19 01:31:44,426] {processor.py:651} INFO - DAG(s) dict_keys(['example_nested_branch_dag']) retrieved from /home/airflow/.local/lib/python3.7/site-packages/airflow/example_dags/example_nested_branch_dag.py
[2022-08-19 01:31:44,483] {logging_mixin.py:115} INFO - [2022-08-19 01:31:44,483] {dag.py:2379} INFO - Sync 1 DAGs
[2022-08-19 01:31:44,556] {logging_mixin.py:115} INFO - [2022-08-19 01:31:44,556] {dag.py:2931} INFO - Setting next_dagrun for example_nested_branch_dag to 2022-08-18T00:00:00+00:00, run_after=2022-08-19T00:00:00+00:00
[2022-08-19 01:31:44,770] {processor.py:161} INFO - Processing /home/airflow/.local/lib/python3.7/site-packages/airflow/example_dags/example_nested_branch_dag.py took 0.369 seconds
[2022-08-19 01:32:14,824] {processor.py:153} INFO - Started process (PID=190) to work on /home/airflow/.local/lib/python3.7/site-packages/airflow/example_dags/example_nested_branch_dag.py
[2022-08-19 01:32:14,825] {processor.py:641} INFO - Processing file /home/airflow/.local/lib/python3.7/site-packages/airflow/example_dags/example_nested_branch_dag.py for tasks to queue
[2022-08-19 01:32:14,826] {logging_mixin.py:115} INFO - [2022-08-19 01:32:14,826] {dagbag.py:507} INFO - Filling up the DagBag from /home/airflow/.local/lib/python3.7/site-packages/airflow/example_dags/example_nested_branch_dag.py
[2022-08-19 01:32:14,834] {processor.py:651} INFO - DAG(s) dict_keys(['example_nested_branch_dag']) retrieved from /home/airflow/.local/lib/python3.7/site-packages/airflow/example_dags/example_nested_branch_dag.py
[2022-08-19 01:32:14,859] {logging_mixin.py:115} INFO - [2022-08-19 01:32:14,859] {dag.py:2379} INFO - Sync 1 DAGs
[2022-08-19 01:32:14,883] {logging_mixin.py:115} INFO - [2022-08-19 01:32:14,883] {dag.py:2931} INFO - Setting next_dagrun for example_nested_branch_dag to 2022-08-18T00:00:00+00:00, run_after=2022-08-19T00:00:00+00:00
[2022-08-19 01:32:14,895] {processor.py:161} INFO - Processing /home/airflow/.local/lib/python3.7/site-packages/airflow/example_dags/example_nested_branch_dag.py took 0.073 seconds
[2022-08-19 13:48:51,262] {processor.py:153} INFO - Started process (PID=93) to work on /home/airflow/.local/lib/python3.7/site-packages/airflow/example_dags/example_nested_branch_dag.py
[2022-08-19 13:48:51,267] {processor.py:641} INFO - Processing file /home/airflow/.local/lib/python3.7/site-packages/airflow/example_dags/example_nested_branch_dag.py for tasks to queue
[2022-08-19 13:48:51,268] {logging_mixin.py:115} INFO - [2022-08-19 13:48:51,268] {dagbag.py:507} INFO - Filling up the DagBag from /home/airflow/.local/lib/python3.7/site-packages/airflow/example_dags/example_nested_branch_dag.py
[2022-08-19 13:48:51,300] {processor.py:651} INFO - DAG(s) dict_keys(['example_nested_branch_dag']) retrieved from /home/airflow/.local/lib/python3.7/site-packages/airflow/example_dags/example_nested_branch_dag.py
[2022-08-19 13:48:51,455] {logging_mixin.py:115} INFO - [2022-08-19 13:48:51,455] {dag.py:2379} INFO - Sync 1 DAGs
[2022-08-19 13:48:51,648] {logging_mixin.py:115} INFO - [2022-08-19 13:48:51,648] {dag.py:2931} INFO - Setting next_dagrun for example_nested_branch_dag to 2022-08-18T00:00:00+00:00, run_after=2022-08-19T00:00:00+00:00
[2022-08-19 13:48:51,708] {processor.py:161} INFO - Processing /home/airflow/.local/lib/python3.7/site-packages/airflow/example_dags/example_nested_branch_dag.py took 0.453 seconds
[2022-08-19 13:49:21,864] {processor.py:153} INFO - Started process (PID=145) to work on /home/airflow/.local/lib/python3.7/site-packages/airflow/example_dags/example_nested_branch_dag.py
[2022-08-19 13:49:21,865] {processor.py:641} INFO - Processing file /home/airflow/.local/lib/python3.7/site-packages/airflow/example_dags/example_nested_branch_dag.py for tasks to queue
[2022-08-19 13:49:21,866] {logging_mixin.py:115} INFO - [2022-08-19 13:49:21,866] {dagbag.py:507} INFO - Filling up the DagBag from /home/airflow/.local/lib/python3.7/site-packages/airflow/example_dags/example_nested_branch_dag.py
[2022-08-19 13:49:21,968] {processor.py:651} INFO - DAG(s) dict_keys(['example_nested_branch_dag']) retrieved from /home/airflow/.local/lib/python3.7/site-packages/airflow/example_dags/example_nested_branch_dag.py
[2022-08-19 13:49:22,149] {logging_mixin.py:115} INFO - [2022-08-19 13:49:22,148] {dag.py:2379} INFO - Sync 1 DAGs
[2022-08-19 13:49:22,320] {logging_mixin.py:115} INFO - [2022-08-19 13:49:22,319] {dag.py:2931} INFO - Setting next_dagrun for example_nested_branch_dag to 2022-08-18T00:00:00+00:00, run_after=2022-08-19T00:00:00+00:00
[2022-08-19 13:49:22,532] {processor.py:161} INFO - Processing /home/airflow/.local/lib/python3.7/site-packages/airflow/example_dags/example_nested_branch_dag.py took 0.679 seconds
[2022-08-19 13:49:52,600] {processor.py:153} INFO - Started process (PID=199) to work on /home/airflow/.local/lib/python3.7/site-packages/airflow/example_dags/example_nested_branch_dag.py
[2022-08-19 13:49:52,601] {processor.py:641} INFO - Processing file /home/airflow/.local/lib/python3.7/site-packages/airflow/example_dags/example_nested_branch_dag.py for tasks to queue
[2022-08-19 13:49:52,602] {logging_mixin.py:115} INFO - [2022-08-19 13:49:52,601] {dagbag.py:507} INFO - Filling up the DagBag from /home/airflow/.local/lib/python3.7/site-packages/airflow/example_dags/example_nested_branch_dag.py
[2022-08-19 13:49:52,618] {processor.py:651} INFO - DAG(s) dict_keys(['example_nested_branch_dag']) retrieved from /home/airflow/.local/lib/python3.7/site-packages/airflow/example_dags/example_nested_branch_dag.py
[2022-08-19 13:49:52,651] {logging_mixin.py:115} INFO - [2022-08-19 13:49:52,651] {dag.py:2379} INFO - Sync 1 DAGs
[2022-08-19 13:49:52,683] {logging_mixin.py:115} INFO - [2022-08-19 13:49:52,683] {dag.py:2931} INFO - Setting next_dagrun for example_nested_branch_dag to 2022-08-18T00:00:00+00:00, run_after=2022-08-19T00:00:00+00:00
[2022-08-19 13:49:52,840] {processor.py:161} INFO - Processing /home/airflow/.local/lib/python3.7/site-packages/airflow/example_dags/example_nested_branch_dag.py took 0.246 seconds
