[2022-08-19 00:59:32,512] {processor.py:153} INFO - Started process (PID=80) to work on /home/airflow/.local/lib/python3.7/site-packages/airflow/example_dags/example_xcomargs.py
[2022-08-19 00:59:32,512] {processor.py:641} INFO - Processing file /home/airflow/.local/lib/python3.7/site-packages/airflow/example_dags/example_xcomargs.py for tasks to queue
[2022-08-19 00:59:32,513] {logging_mixin.py:115} INFO - [2022-08-19 00:59:32,513] {dagbag.py:507} INFO - Filling up the DagBag from /home/airflow/.local/lib/python3.7/site-packages/airflow/example_dags/example_xcomargs.py
[2022-08-19 00:59:32,670] {processor.py:651} INFO - DAG(s) dict_keys(['example_xcom_args', 'example_xcom_args_with_operators']) retrieved from /home/airflow/.local/lib/python3.7/site-packages/airflow/example_dags/example_xcomargs.py
[2022-08-19 00:59:33,498] {logging_mixin.py:115} INFO - [2022-08-19 00:59:33,498] {dag.py:2379} INFO - Sync 2 DAGs
[2022-08-19 00:59:33,579] {logging_mixin.py:115} INFO - [2022-08-19 00:59:33,579] {dag.py:2931} INFO - Setting next_dagrun for example_xcom_args to None, run_after=None
[2022-08-19 00:59:33,580] {logging_mixin.py:115} INFO - [2022-08-19 00:59:33,580] {dag.py:2931} INFO - Setting next_dagrun for example_xcom_args_with_operators to None, run_after=None
[2022-08-19 00:59:33,627] {processor.py:161} INFO - Processing /home/airflow/.local/lib/python3.7/site-packages/airflow/example_dags/example_xcomargs.py took 1.140 seconds
[2022-08-19 01:10:27,095] {processor.py:153} INFO - Started process (PID=81) to work on /home/airflow/.local/lib/python3.7/site-packages/airflow/example_dags/example_xcomargs.py
[2022-08-19 01:10:27,096] {processor.py:641} INFO - Processing file /home/airflow/.local/lib/python3.7/site-packages/airflow/example_dags/example_xcomargs.py for tasks to queue
[2022-08-19 01:10:27,096] {logging_mixin.py:115} INFO - [2022-08-19 01:10:27,096] {dagbag.py:507} INFO - Filling up the DagBag from /home/airflow/.local/lib/python3.7/site-packages/airflow/example_dags/example_xcomargs.py
[2022-08-19 01:10:27,163] {processor.py:651} INFO - DAG(s) dict_keys(['example_xcom_args', 'example_xcom_args_with_operators']) retrieved from /home/airflow/.local/lib/python3.7/site-packages/airflow/example_dags/example_xcomargs.py
[2022-08-19 01:10:27,654] {logging_mixin.py:115} INFO - [2022-08-19 01:10:27,654] {dag.py:2379} INFO - Sync 2 DAGs
[2022-08-19 01:10:27,694] {logging_mixin.py:115} INFO - [2022-08-19 01:10:27,694] {dag.py:2931} INFO - Setting next_dagrun for example_xcom_args to None, run_after=None
[2022-08-19 01:10:27,694] {logging_mixin.py:115} INFO - [2022-08-19 01:10:27,694] {dag.py:2931} INFO - Setting next_dagrun for example_xcom_args_with_operators to None, run_after=None
[2022-08-19 01:10:27,721] {processor.py:161} INFO - Processing /home/airflow/.local/lib/python3.7/site-packages/airflow/example_dags/example_xcomargs.py took 0.644 seconds
[2022-08-19 01:10:58,168] {processor.py:153} INFO - Started process (PID=135) to work on /home/airflow/.local/lib/python3.7/site-packages/airflow/example_dags/example_xcomargs.py
[2022-08-19 01:10:58,169] {processor.py:641} INFO - Processing file /home/airflow/.local/lib/python3.7/site-packages/airflow/example_dags/example_xcomargs.py for tasks to queue
[2022-08-19 01:10:58,171] {logging_mixin.py:115} INFO - [2022-08-19 01:10:58,171] {dagbag.py:507} INFO - Filling up the DagBag from /home/airflow/.local/lib/python3.7/site-packages/airflow/example_dags/example_xcomargs.py
[2022-08-19 01:10:58,208] {processor.py:651} INFO - DAG(s) dict_keys(['example_xcom_args', 'example_xcom_args_with_operators']) retrieved from /home/airflow/.local/lib/python3.7/site-packages/airflow/example_dags/example_xcomargs.py
[2022-08-19 01:10:58,444] {logging_mixin.py:115} INFO - [2022-08-19 01:10:58,444] {dag.py:2379} INFO - Sync 2 DAGs
[2022-08-19 01:10:58,468] {logging_mixin.py:115} INFO - [2022-08-19 01:10:58,468] {dag.py:2931} INFO - Setting next_dagrun for example_xcom_args to None, run_after=None
[2022-08-19 01:10:58,469] {logging_mixin.py:115} INFO - [2022-08-19 01:10:58,469] {dag.py:2931} INFO - Setting next_dagrun for example_xcom_args_with_operators to None, run_after=None
[2022-08-19 01:10:58,485] {processor.py:161} INFO - Processing /home/airflow/.local/lib/python3.7/site-packages/airflow/example_dags/example_xcomargs.py took 0.320 seconds
[2022-08-19 01:11:30,130] {processor.py:153} INFO - Started process (PID=198) to work on /home/airflow/.local/lib/python3.7/site-packages/airflow/example_dags/example_xcomargs.py
[2022-08-19 01:11:30,134] {processor.py:641} INFO - Processing file /home/airflow/.local/lib/python3.7/site-packages/airflow/example_dags/example_xcomargs.py for tasks to queue
[2022-08-19 01:11:30,137] {logging_mixin.py:115} INFO - [2022-08-19 01:11:30,137] {dagbag.py:507} INFO - Filling up the DagBag from /home/airflow/.local/lib/python3.7/site-packages/airflow/example_dags/example_xcomargs.py
[2022-08-19 01:11:30,332] {processor.py:651} INFO - DAG(s) dict_keys(['example_xcom_args', 'example_xcom_args_with_operators']) retrieved from /home/airflow/.local/lib/python3.7/site-packages/airflow/example_dags/example_xcomargs.py
[2022-08-19 01:11:30,821] {logging_mixin.py:115} INFO - [2022-08-19 01:11:30,820] {dag.py:2379} INFO - Sync 2 DAGs
[2022-08-19 01:11:30,910] {logging_mixin.py:115} INFO - [2022-08-19 01:11:30,909] {dag.py:2931} INFO - Setting next_dagrun for example_xcom_args to None, run_after=None
[2022-08-19 01:11:30,910] {logging_mixin.py:115} INFO - [2022-08-19 01:11:30,910] {dag.py:2931} INFO - Setting next_dagrun for example_xcom_args_with_operators to None, run_after=None
[2022-08-19 01:11:30,992] {processor.py:161} INFO - Processing /home/airflow/.local/lib/python3.7/site-packages/airflow/example_dags/example_xcomargs.py took 0.881 seconds
[2022-08-19 01:12:01,591] {processor.py:153} INFO - Started process (PID=251) to work on /home/airflow/.local/lib/python3.7/site-packages/airflow/example_dags/example_xcomargs.py
[2022-08-19 01:12:01,593] {processor.py:641} INFO - Processing file /home/airflow/.local/lib/python3.7/site-packages/airflow/example_dags/example_xcomargs.py for tasks to queue
[2022-08-19 01:12:01,594] {logging_mixin.py:115} INFO - [2022-08-19 01:12:01,594] {dagbag.py:507} INFO - Filling up the DagBag from /home/airflow/.local/lib/python3.7/site-packages/airflow/example_dags/example_xcomargs.py
[2022-08-19 01:12:01,637] {processor.py:651} INFO - DAG(s) dict_keys(['example_xcom_args', 'example_xcom_args_with_operators']) retrieved from /home/airflow/.local/lib/python3.7/site-packages/airflow/example_dags/example_xcomargs.py
[2022-08-19 01:12:01,830] {logging_mixin.py:115} INFO - [2022-08-19 01:12:01,830] {dag.py:2379} INFO - Sync 2 DAGs
[2022-08-19 01:12:01,852] {logging_mixin.py:115} INFO - [2022-08-19 01:12:01,851] {dag.py:2931} INFO - Setting next_dagrun for example_xcom_args to None, run_after=None
[2022-08-19 01:12:01,852] {logging_mixin.py:115} INFO - [2022-08-19 01:12:01,852] {dag.py:2931} INFO - Setting next_dagrun for example_xcom_args_with_operators to None, run_after=None
[2022-08-19 01:12:01,863] {processor.py:161} INFO - Processing /home/airflow/.local/lib/python3.7/site-packages/airflow/example_dags/example_xcomargs.py took 0.281 seconds
[2022-08-19 01:12:32,036] {processor.py:153} INFO - Started process (PID=317) to work on /home/airflow/.local/lib/python3.7/site-packages/airflow/example_dags/example_xcomargs.py
[2022-08-19 01:12:32,037] {processor.py:641} INFO - Processing file /home/airflow/.local/lib/python3.7/site-packages/airflow/example_dags/example_xcomargs.py for tasks to queue
[2022-08-19 01:12:32,037] {logging_mixin.py:115} INFO - [2022-08-19 01:12:32,037] {dagbag.py:507} INFO - Filling up the DagBag from /home/airflow/.local/lib/python3.7/site-packages/airflow/example_dags/example_xcomargs.py
[2022-08-19 01:12:32,060] {processor.py:651} INFO - DAG(s) dict_keys(['example_xcom_args', 'example_xcom_args_with_operators']) retrieved from /home/airflow/.local/lib/python3.7/site-packages/airflow/example_dags/example_xcomargs.py
[2022-08-19 01:12:32,263] {logging_mixin.py:115} INFO - [2022-08-19 01:12:32,263] {dag.py:2379} INFO - Sync 2 DAGs
[2022-08-19 01:12:32,281] {logging_mixin.py:115} INFO - [2022-08-19 01:12:32,281] {dag.py:2931} INFO - Setting next_dagrun for example_xcom_args to None, run_after=None
[2022-08-19 01:12:32,281] {logging_mixin.py:115} INFO - [2022-08-19 01:12:32,281] {dag.py:2931} INFO - Setting next_dagrun for example_xcom_args_with_operators to None, run_after=None
[2022-08-19 01:12:32,293] {processor.py:161} INFO - Processing /home/airflow/.local/lib/python3.7/site-packages/airflow/example_dags/example_xcomargs.py took 0.259 seconds
[2022-08-19 01:13:02,440] {processor.py:153} INFO - Started process (PID=373) to work on /home/airflow/.local/lib/python3.7/site-packages/airflow/example_dags/example_xcomargs.py
[2022-08-19 01:13:02,440] {processor.py:641} INFO - Processing file /home/airflow/.local/lib/python3.7/site-packages/airflow/example_dags/example_xcomargs.py for tasks to queue
[2022-08-19 01:13:02,441] {logging_mixin.py:115} INFO - [2022-08-19 01:13:02,441] {dagbag.py:507} INFO - Filling up the DagBag from /home/airflow/.local/lib/python3.7/site-packages/airflow/example_dags/example_xcomargs.py
[2022-08-19 01:13:02,465] {processor.py:651} INFO - DAG(s) dict_keys(['example_xcom_args', 'example_xcom_args_with_operators']) retrieved from /home/airflow/.local/lib/python3.7/site-packages/airflow/example_dags/example_xcomargs.py
[2022-08-19 01:13:02,689] {logging_mixin.py:115} INFO - [2022-08-19 01:13:02,689] {dag.py:2379} INFO - Sync 2 DAGs
[2022-08-19 01:13:02,709] {logging_mixin.py:115} INFO - [2022-08-19 01:13:02,709] {dag.py:2931} INFO - Setting next_dagrun for example_xcom_args to None, run_after=None
[2022-08-19 01:13:02,709] {logging_mixin.py:115} INFO - [2022-08-19 01:13:02,709] {dag.py:2931} INFO - Setting next_dagrun for example_xcom_args_with_operators to None, run_after=None
[2022-08-19 01:13:02,721] {processor.py:161} INFO - Processing /home/airflow/.local/lib/python3.7/site-packages/airflow/example_dags/example_xcomargs.py took 0.285 seconds
[2022-08-19 01:13:32,945] {processor.py:153} INFO - Started process (PID=437) to work on /home/airflow/.local/lib/python3.7/site-packages/airflow/example_dags/example_xcomargs.py
[2022-08-19 01:13:32,946] {processor.py:641} INFO - Processing file /home/airflow/.local/lib/python3.7/site-packages/airflow/example_dags/example_xcomargs.py for tasks to queue
[2022-08-19 01:13:32,947] {logging_mixin.py:115} INFO - [2022-08-19 01:13:32,947] {dagbag.py:507} INFO - Filling up the DagBag from /home/airflow/.local/lib/python3.7/site-packages/airflow/example_dags/example_xcomargs.py
[2022-08-19 01:13:32,975] {processor.py:651} INFO - DAG(s) dict_keys(['example_xcom_args', 'example_xcom_args_with_operators']) retrieved from /home/airflow/.local/lib/python3.7/site-packages/airflow/example_dags/example_xcomargs.py
[2022-08-19 01:13:33,133] {logging_mixin.py:115} INFO - [2022-08-19 01:13:33,133] {dag.py:2379} INFO - Sync 2 DAGs
[2022-08-19 01:13:33,158] {logging_mixin.py:115} INFO - [2022-08-19 01:13:33,158] {dag.py:2931} INFO - Setting next_dagrun for example_xcom_args to None, run_after=None
[2022-08-19 01:13:33,159] {logging_mixin.py:115} INFO - [2022-08-19 01:13:33,159] {dag.py:2931} INFO - Setting next_dagrun for example_xcom_args_with_operators to None, run_after=None
[2022-08-19 01:13:33,173] {processor.py:161} INFO - Processing /home/airflow/.local/lib/python3.7/site-packages/airflow/example_dags/example_xcomargs.py took 0.231 seconds
[2022-08-19 01:14:03,464] {processor.py:153} INFO - Started process (PID=501) to work on /home/airflow/.local/lib/python3.7/site-packages/airflow/example_dags/example_xcomargs.py
[2022-08-19 01:14:03,465] {processor.py:641} INFO - Processing file /home/airflow/.local/lib/python3.7/site-packages/airflow/example_dags/example_xcomargs.py for tasks to queue
[2022-08-19 01:14:03,466] {logging_mixin.py:115} INFO - [2022-08-19 01:14:03,466] {dagbag.py:507} INFO - Filling up the DagBag from /home/airflow/.local/lib/python3.7/site-packages/airflow/example_dags/example_xcomargs.py
[2022-08-19 01:14:03,495] {processor.py:651} INFO - DAG(s) dict_keys(['example_xcom_args', 'example_xcom_args_with_operators']) retrieved from /home/airflow/.local/lib/python3.7/site-packages/airflow/example_dags/example_xcomargs.py
[2022-08-19 01:14:03,780] {logging_mixin.py:115} INFO - [2022-08-19 01:14:03,779] {dag.py:2379} INFO - Sync 2 DAGs
[2022-08-19 01:14:03,815] {logging_mixin.py:115} INFO - [2022-08-19 01:14:03,815] {dag.py:2931} INFO - Setting next_dagrun for example_xcom_args to None, run_after=None
[2022-08-19 01:14:03,816] {logging_mixin.py:115} INFO - [2022-08-19 01:14:03,815] {dag.py:2931} INFO - Setting next_dagrun for example_xcom_args_with_operators to None, run_after=None
[2022-08-19 01:14:03,838] {processor.py:161} INFO - Processing /home/airflow/.local/lib/python3.7/site-packages/airflow/example_dags/example_xcomargs.py took 0.380 seconds
[2022-08-19 01:14:33,918] {processor.py:153} INFO - Started process (PID=556) to work on /home/airflow/.local/lib/python3.7/site-packages/airflow/example_dags/example_xcomargs.py
[2022-08-19 01:14:33,919] {processor.py:641} INFO - Processing file /home/airflow/.local/lib/python3.7/site-packages/airflow/example_dags/example_xcomargs.py for tasks to queue
[2022-08-19 01:14:33,921] {logging_mixin.py:115} INFO - [2022-08-19 01:14:33,921] {dagbag.py:507} INFO - Filling up the DagBag from /home/airflow/.local/lib/python3.7/site-packages/airflow/example_dags/example_xcomargs.py
[2022-08-19 01:14:33,989] {processor.py:651} INFO - DAG(s) dict_keys(['example_xcom_args', 'example_xcom_args_with_operators']) retrieved from /home/airflow/.local/lib/python3.7/site-packages/airflow/example_dags/example_xcomargs.py
[2022-08-19 01:14:34,186] {logging_mixin.py:115} INFO - [2022-08-19 01:14:34,186] {dag.py:2379} INFO - Sync 2 DAGs
[2022-08-19 01:14:34,205] {logging_mixin.py:115} INFO - [2022-08-19 01:14:34,205] {dag.py:2931} INFO - Setting next_dagrun for example_xcom_args to None, run_after=None
[2022-08-19 01:14:34,205] {logging_mixin.py:115} INFO - [2022-08-19 01:14:34,205] {dag.py:2931} INFO - Setting next_dagrun for example_xcom_args_with_operators to None, run_after=None
[2022-08-19 01:14:34,223] {processor.py:161} INFO - Processing /home/airflow/.local/lib/python3.7/site-packages/airflow/example_dags/example_xcomargs.py took 0.319 seconds
[2022-08-19 01:15:04,276] {processor.py:153} INFO - Started process (PID=621) to work on /home/airflow/.local/lib/python3.7/site-packages/airflow/example_dags/example_xcomargs.py
[2022-08-19 01:15:04,277] {processor.py:641} INFO - Processing file /home/airflow/.local/lib/python3.7/site-packages/airflow/example_dags/example_xcomargs.py for tasks to queue
[2022-08-19 01:15:04,278] {logging_mixin.py:115} INFO - [2022-08-19 01:15:04,277] {dagbag.py:507} INFO - Filling up the DagBag from /home/airflow/.local/lib/python3.7/site-packages/airflow/example_dags/example_xcomargs.py
[2022-08-19 01:15:04,307] {processor.py:651} INFO - DAG(s) dict_keys(['example_xcom_args', 'example_xcom_args_with_operators']) retrieved from /home/airflow/.local/lib/python3.7/site-packages/airflow/example_dags/example_xcomargs.py
[2022-08-19 01:15:04,601] {logging_mixin.py:115} INFO - [2022-08-19 01:15:04,601] {dag.py:2379} INFO - Sync 2 DAGs
[2022-08-19 01:15:04,630] {logging_mixin.py:115} INFO - [2022-08-19 01:15:04,630] {dag.py:2931} INFO - Setting next_dagrun for example_xcom_args to None, run_after=None
[2022-08-19 01:15:04,630] {logging_mixin.py:115} INFO - [2022-08-19 01:15:04,630] {dag.py:2931} INFO - Setting next_dagrun for example_xcom_args_with_operators to None, run_after=None
[2022-08-19 01:15:04,645] {processor.py:161} INFO - Processing /home/airflow/.local/lib/python3.7/site-packages/airflow/example_dags/example_xcomargs.py took 0.374 seconds
[2022-08-19 01:21:27,440] {processor.py:153} INFO - Started process (PID=72) to work on /home/airflow/.local/lib/python3.7/site-packages/airflow/example_dags/example_xcomargs.py
[2022-08-19 01:21:27,442] {processor.py:641} INFO - Processing file /home/airflow/.local/lib/python3.7/site-packages/airflow/example_dags/example_xcomargs.py for tasks to queue
[2022-08-19 01:21:27,443] {logging_mixin.py:115} INFO - [2022-08-19 01:21:27,443] {dagbag.py:507} INFO - Filling up the DagBag from /home/airflow/.local/lib/python3.7/site-packages/airflow/example_dags/example_xcomargs.py
[2022-08-19 01:21:27,536] {processor.py:651} INFO - DAG(s) dict_keys(['example_xcom_args', 'example_xcom_args_with_operators']) retrieved from /home/airflow/.local/lib/python3.7/site-packages/airflow/example_dags/example_xcomargs.py
[2022-08-19 01:21:28,296] {logging_mixin.py:115} INFO - [2022-08-19 01:21:28,296] {dag.py:2379} INFO - Sync 2 DAGs
[2022-08-19 01:21:28,378] {logging_mixin.py:115} INFO - [2022-08-19 01:21:28,378] {dag.py:2931} INFO - Setting next_dagrun for example_xcom_args to None, run_after=None
[2022-08-19 01:21:28,380] {logging_mixin.py:115} INFO - [2022-08-19 01:21:28,379] {dag.py:2931} INFO - Setting next_dagrun for example_xcom_args_with_operators to None, run_after=None
[2022-08-19 01:21:28,428] {processor.py:161} INFO - Processing /home/airflow/.local/lib/python3.7/site-packages/airflow/example_dags/example_xcomargs.py took 0.995 seconds
[2022-08-19 01:22:01,131] {processor.py:153} INFO - Started process (PID=140) to work on /home/airflow/.local/lib/python3.7/site-packages/airflow/example_dags/example_xcomargs.py
[2022-08-19 01:22:01,132] {processor.py:641} INFO - Processing file /home/airflow/.local/lib/python3.7/site-packages/airflow/example_dags/example_xcomargs.py for tasks to queue
[2022-08-19 01:22:01,142] {logging_mixin.py:115} INFO - [2022-08-19 01:22:01,133] {dagbag.py:507} INFO - Filling up the DagBag from /home/airflow/.local/lib/python3.7/site-packages/airflow/example_dags/example_xcomargs.py
[2022-08-19 01:22:01,220] {processor.py:651} INFO - DAG(s) dict_keys(['example_xcom_args', 'example_xcom_args_with_operators']) retrieved from /home/airflow/.local/lib/python3.7/site-packages/airflow/example_dags/example_xcomargs.py
[2022-08-19 01:22:01,561] {logging_mixin.py:115} INFO - [2022-08-19 01:22:01,561] {dag.py:2379} INFO - Sync 2 DAGs
[2022-08-19 01:22:01,601] {logging_mixin.py:115} INFO - [2022-08-19 01:22:01,601] {dag.py:2931} INFO - Setting next_dagrun for example_xcom_args to None, run_after=None
[2022-08-19 01:22:01,602] {logging_mixin.py:115} INFO - [2022-08-19 01:22:01,602] {dag.py:2931} INFO - Setting next_dagrun for example_xcom_args_with_operators to None, run_after=None
[2022-08-19 01:22:01,623] {processor.py:161} INFO - Processing /home/airflow/.local/lib/python3.7/site-packages/airflow/example_dags/example_xcomargs.py took 0.500 seconds
[2022-08-19 01:22:31,757] {processor.py:153} INFO - Started process (PID=196) to work on /home/airflow/.local/lib/python3.7/site-packages/airflow/example_dags/example_xcomargs.py
[2022-08-19 01:22:31,758] {processor.py:641} INFO - Processing file /home/airflow/.local/lib/python3.7/site-packages/airflow/example_dags/example_xcomargs.py for tasks to queue
[2022-08-19 01:22:31,759] {logging_mixin.py:115} INFO - [2022-08-19 01:22:31,759] {dagbag.py:507} INFO - Filling up the DagBag from /home/airflow/.local/lib/python3.7/site-packages/airflow/example_dags/example_xcomargs.py
[2022-08-19 01:22:31,778] {processor.py:651} INFO - DAG(s) dict_keys(['example_xcom_args', 'example_xcom_args_with_operators']) retrieved from /home/airflow/.local/lib/python3.7/site-packages/airflow/example_dags/example_xcomargs.py
[2022-08-19 01:22:31,970] {logging_mixin.py:115} INFO - [2022-08-19 01:22:31,970] {dag.py:2379} INFO - Sync 2 DAGs
[2022-08-19 01:22:31,990] {logging_mixin.py:115} INFO - [2022-08-19 01:22:31,990] {dag.py:2931} INFO - Setting next_dagrun for example_xcom_args to None, run_after=None
[2022-08-19 01:22:31,991] {logging_mixin.py:115} INFO - [2022-08-19 01:22:31,991] {dag.py:2931} INFO - Setting next_dagrun for example_xcom_args_with_operators to None, run_after=None
[2022-08-19 01:22:32,008] {processor.py:161} INFO - Processing /home/airflow/.local/lib/python3.7/site-packages/airflow/example_dags/example_xcomargs.py took 0.254 seconds
[2022-08-19 01:23:02,212] {processor.py:153} INFO - Started process (PID=262) to work on /home/airflow/.local/lib/python3.7/site-packages/airflow/example_dags/example_xcomargs.py
[2022-08-19 01:23:02,213] {processor.py:641} INFO - Processing file /home/airflow/.local/lib/python3.7/site-packages/airflow/example_dags/example_xcomargs.py for tasks to queue
[2022-08-19 01:23:02,213] {logging_mixin.py:115} INFO - [2022-08-19 01:23:02,213] {dagbag.py:507} INFO - Filling up the DagBag from /home/airflow/.local/lib/python3.7/site-packages/airflow/example_dags/example_xcomargs.py
[2022-08-19 01:23:02,245] {processor.py:651} INFO - DAG(s) dict_keys(['example_xcom_args', 'example_xcom_args_with_operators']) retrieved from /home/airflow/.local/lib/python3.7/site-packages/airflow/example_dags/example_xcomargs.py
[2022-08-19 01:23:02,452] {logging_mixin.py:115} INFO - [2022-08-19 01:23:02,452] {dag.py:2379} INFO - Sync 2 DAGs
[2022-08-19 01:23:02,477] {logging_mixin.py:115} INFO - [2022-08-19 01:23:02,477] {dag.py:2931} INFO - Setting next_dagrun for example_xcom_args to None, run_after=None
[2022-08-19 01:23:02,478] {logging_mixin.py:115} INFO - [2022-08-19 01:23:02,478] {dag.py:2931} INFO - Setting next_dagrun for example_xcom_args_with_operators to None, run_after=None
[2022-08-19 01:23:02,490] {processor.py:161} INFO - Processing /home/airflow/.local/lib/python3.7/site-packages/airflow/example_dags/example_xcomargs.py took 0.282 seconds
[2022-08-19 01:23:32,897] {processor.py:153} INFO - Started process (PID=317) to work on /home/airflow/.local/lib/python3.7/site-packages/airflow/example_dags/example_xcomargs.py
[2022-08-19 01:23:32,897] {processor.py:641} INFO - Processing file /home/airflow/.local/lib/python3.7/site-packages/airflow/example_dags/example_xcomargs.py for tasks to queue
[2022-08-19 01:23:32,898] {logging_mixin.py:115} INFO - [2022-08-19 01:23:32,898] {dagbag.py:507} INFO - Filling up the DagBag from /home/airflow/.local/lib/python3.7/site-packages/airflow/example_dags/example_xcomargs.py
[2022-08-19 01:23:32,931] {processor.py:651} INFO - DAG(s) dict_keys(['example_xcom_args', 'example_xcom_args_with_operators']) retrieved from /home/airflow/.local/lib/python3.7/site-packages/airflow/example_dags/example_xcomargs.py
[2022-08-19 01:23:33,254] {logging_mixin.py:115} INFO - [2022-08-19 01:23:33,254] {dag.py:2379} INFO - Sync 2 DAGs
[2022-08-19 01:23:33,324] {logging_mixin.py:115} INFO - [2022-08-19 01:23:33,324] {dag.py:2931} INFO - Setting next_dagrun for example_xcom_args to None, run_after=None
[2022-08-19 01:23:33,325] {logging_mixin.py:115} INFO - [2022-08-19 01:23:33,324] {dag.py:2931} INFO - Setting next_dagrun for example_xcom_args_with_operators to None, run_after=None
[2022-08-19 01:23:33,349] {processor.py:161} INFO - Processing /home/airflow/.local/lib/python3.7/site-packages/airflow/example_dags/example_xcomargs.py took 0.455 seconds
[2022-08-19 01:24:03,879] {processor.py:153} INFO - Started process (PID=387) to work on /home/airflow/.local/lib/python3.7/site-packages/airflow/example_dags/example_xcomargs.py
[2022-08-19 01:24:03,882] {processor.py:641} INFO - Processing file /home/airflow/.local/lib/python3.7/site-packages/airflow/example_dags/example_xcomargs.py for tasks to queue
[2022-08-19 01:24:03,883] {logging_mixin.py:115} INFO - [2022-08-19 01:24:03,883] {dagbag.py:507} INFO - Filling up the DagBag from /home/airflow/.local/lib/python3.7/site-packages/airflow/example_dags/example_xcomargs.py
[2022-08-19 01:24:03,921] {processor.py:651} INFO - DAG(s) dict_keys(['example_xcom_args', 'example_xcom_args_with_operators']) retrieved from /home/airflow/.local/lib/python3.7/site-packages/airflow/example_dags/example_xcomargs.py
[2022-08-19 01:24:04,379] {logging_mixin.py:115} INFO - [2022-08-19 01:24:04,379] {dag.py:2379} INFO - Sync 2 DAGs
[2022-08-19 01:24:04,410] {logging_mixin.py:115} INFO - [2022-08-19 01:24:04,409] {dag.py:2931} INFO - Setting next_dagrun for example_xcom_args to None, run_after=None
[2022-08-19 01:24:04,410] {logging_mixin.py:115} INFO - [2022-08-19 01:24:04,410] {dag.py:2931} INFO - Setting next_dagrun for example_xcom_args_with_operators to None, run_after=None
[2022-08-19 01:24:04,432] {processor.py:161} INFO - Processing /home/airflow/.local/lib/python3.7/site-packages/airflow/example_dags/example_xcomargs.py took 0.556 seconds
[2022-08-19 01:24:34,719] {processor.py:153} INFO - Started process (PID=450) to work on /home/airflow/.local/lib/python3.7/site-packages/airflow/example_dags/example_xcomargs.py
[2022-08-19 01:24:34,720] {processor.py:641} INFO - Processing file /home/airflow/.local/lib/python3.7/site-packages/airflow/example_dags/example_xcomargs.py for tasks to queue
[2022-08-19 01:24:34,721] {logging_mixin.py:115} INFO - [2022-08-19 01:24:34,721] {dagbag.py:507} INFO - Filling up the DagBag from /home/airflow/.local/lib/python3.7/site-packages/airflow/example_dags/example_xcomargs.py
[2022-08-19 01:24:34,749] {processor.py:651} INFO - DAG(s) dict_keys(['example_xcom_args', 'example_xcom_args_with_operators']) retrieved from /home/airflow/.local/lib/python3.7/site-packages/airflow/example_dags/example_xcomargs.py
[2022-08-19 01:24:35,013] {logging_mixin.py:115} INFO - [2022-08-19 01:24:35,013] {dag.py:2379} INFO - Sync 2 DAGs
[2022-08-19 01:24:35,045] {logging_mixin.py:115} INFO - [2022-08-19 01:24:35,045] {dag.py:2931} INFO - Setting next_dagrun for example_xcom_args to None, run_after=None
[2022-08-19 01:24:35,045] {logging_mixin.py:115} INFO - [2022-08-19 01:24:35,045] {dag.py:2931} INFO - Setting next_dagrun for example_xcom_args_with_operators to None, run_after=None
[2022-08-19 01:24:35,071] {processor.py:161} INFO - Processing /home/airflow/.local/lib/python3.7/site-packages/airflow/example_dags/example_xcomargs.py took 0.360 seconds
[2022-08-19 01:25:05,253] {processor.py:153} INFO - Started process (PID=505) to work on /home/airflow/.local/lib/python3.7/site-packages/airflow/example_dags/example_xcomargs.py
[2022-08-19 01:25:05,254] {processor.py:641} INFO - Processing file /home/airflow/.local/lib/python3.7/site-packages/airflow/example_dags/example_xcomargs.py for tasks to queue
[2022-08-19 01:25:05,254] {logging_mixin.py:115} INFO - [2022-08-19 01:25:05,254] {dagbag.py:507} INFO - Filling up the DagBag from /home/airflow/.local/lib/python3.7/site-packages/airflow/example_dags/example_xcomargs.py
[2022-08-19 01:25:05,318] {processor.py:651} INFO - DAG(s) dict_keys(['example_xcom_args', 'example_xcom_args_with_operators']) retrieved from /home/airflow/.local/lib/python3.7/site-packages/airflow/example_dags/example_xcomargs.py
[2022-08-19 01:25:05,684] {logging_mixin.py:115} INFO - [2022-08-19 01:25:05,684] {dag.py:2379} INFO - Sync 2 DAGs
[2022-08-19 01:25:05,740] {logging_mixin.py:115} INFO - [2022-08-19 01:25:05,740] {dag.py:2931} INFO - Setting next_dagrun for example_xcom_args to None, run_after=None
[2022-08-19 01:25:05,742] {logging_mixin.py:115} INFO - [2022-08-19 01:25:05,742] {dag.py:2931} INFO - Setting next_dagrun for example_xcom_args_with_operators to None, run_after=None
[2022-08-19 01:25:05,784] {processor.py:161} INFO - Processing /home/airflow/.local/lib/python3.7/site-packages/airflow/example_dags/example_xcomargs.py took 0.541 seconds
[2022-08-19 01:25:35,850] {processor.py:153} INFO - Started process (PID=558) to work on /home/airflow/.local/lib/python3.7/site-packages/airflow/example_dags/example_xcomargs.py
[2022-08-19 01:25:35,851] {processor.py:641} INFO - Processing file /home/airflow/.local/lib/python3.7/site-packages/airflow/example_dags/example_xcomargs.py for tasks to queue
[2022-08-19 01:25:35,852] {logging_mixin.py:115} INFO - [2022-08-19 01:25:35,851] {dagbag.py:507} INFO - Filling up the DagBag from /home/airflow/.local/lib/python3.7/site-packages/airflow/example_dags/example_xcomargs.py
[2022-08-19 01:25:35,878] {processor.py:651} INFO - DAG(s) dict_keys(['example_xcom_args', 'example_xcom_args_with_operators']) retrieved from /home/airflow/.local/lib/python3.7/site-packages/airflow/example_dags/example_xcomargs.py
[2022-08-19 01:25:35,963] {logging_mixin.py:115} INFO - [2022-08-19 01:25:35,963] {dag.py:2379} INFO - Sync 2 DAGs
[2022-08-19 01:25:36,222] {logging_mixin.py:115} INFO - [2022-08-19 01:25:36,221] {dag.py:2931} INFO - Setting next_dagrun for example_xcom_args to None, run_after=None
[2022-08-19 01:25:36,223] {logging_mixin.py:115} INFO - [2022-08-19 01:25:36,223] {dag.py:2931} INFO - Setting next_dagrun for example_xcom_args_with_operators to None, run_after=None
[2022-08-19 01:25:36,248] {processor.py:161} INFO - Processing /home/airflow/.local/lib/python3.7/site-packages/airflow/example_dags/example_xcomargs.py took 0.403 seconds
[2022-08-19 01:26:06,436] {processor.py:153} INFO - Started process (PID=630) to work on /home/airflow/.local/lib/python3.7/site-packages/airflow/example_dags/example_xcomargs.py
[2022-08-19 01:26:06,437] {processor.py:641} INFO - Processing file /home/airflow/.local/lib/python3.7/site-packages/airflow/example_dags/example_xcomargs.py for tasks to queue
[2022-08-19 01:26:06,438] {logging_mixin.py:115} INFO - [2022-08-19 01:26:06,438] {dagbag.py:507} INFO - Filling up the DagBag from /home/airflow/.local/lib/python3.7/site-packages/airflow/example_dags/example_xcomargs.py
[2022-08-19 01:26:06,484] {processor.py:651} INFO - DAG(s) dict_keys(['example_xcom_args', 'example_xcom_args_with_operators']) retrieved from /home/airflow/.local/lib/python3.7/site-packages/airflow/example_dags/example_xcomargs.py
[2022-08-19 01:26:06,830] {logging_mixin.py:115} INFO - [2022-08-19 01:26:06,830] {dag.py:2379} INFO - Sync 2 DAGs
[2022-08-19 01:26:06,879] {logging_mixin.py:115} INFO - [2022-08-19 01:26:06,878] {dag.py:2931} INFO - Setting next_dagrun for example_xcom_args to None, run_after=None
[2022-08-19 01:26:06,879] {logging_mixin.py:115} INFO - [2022-08-19 01:26:06,879] {dag.py:2931} INFO - Setting next_dagrun for example_xcom_args_with_operators to None, run_after=None
[2022-08-19 01:26:06,900] {processor.py:161} INFO - Processing /home/airflow/.local/lib/python3.7/site-packages/airflow/example_dags/example_xcomargs.py took 0.468 seconds
[2022-08-19 01:26:37,151] {processor.py:153} INFO - Started process (PID=686) to work on /home/airflow/.local/lib/python3.7/site-packages/airflow/example_dags/example_xcomargs.py
[2022-08-19 01:26:37,152] {processor.py:641} INFO - Processing file /home/airflow/.local/lib/python3.7/site-packages/airflow/example_dags/example_xcomargs.py for tasks to queue
[2022-08-19 01:26:37,153] {logging_mixin.py:115} INFO - [2022-08-19 01:26:37,153] {dagbag.py:507} INFO - Filling up the DagBag from /home/airflow/.local/lib/python3.7/site-packages/airflow/example_dags/example_xcomargs.py
[2022-08-19 01:26:37,182] {processor.py:651} INFO - DAG(s) dict_keys(['example_xcom_args', 'example_xcom_args_with_operators']) retrieved from /home/airflow/.local/lib/python3.7/site-packages/airflow/example_dags/example_xcomargs.py
[2022-08-19 01:26:37,423] {logging_mixin.py:115} INFO - [2022-08-19 01:26:37,423] {dag.py:2379} INFO - Sync 2 DAGs
[2022-08-19 01:26:37,453] {logging_mixin.py:115} INFO - [2022-08-19 01:26:37,453] {dag.py:2931} INFO - Setting next_dagrun for example_xcom_args to None, run_after=None
[2022-08-19 01:26:37,454] {logging_mixin.py:115} INFO - [2022-08-19 01:26:37,454] {dag.py:2931} INFO - Setting next_dagrun for example_xcom_args_with_operators to None, run_after=None
[2022-08-19 01:26:37,474] {processor.py:161} INFO - Processing /home/airflow/.local/lib/python3.7/site-packages/airflow/example_dags/example_xcomargs.py took 0.327 seconds
[2022-08-19 01:27:07,889] {processor.py:153} INFO - Started process (PID=752) to work on /home/airflow/.local/lib/python3.7/site-packages/airflow/example_dags/example_xcomargs.py
[2022-08-19 01:27:07,890] {processor.py:641} INFO - Processing file /home/airflow/.local/lib/python3.7/site-packages/airflow/example_dags/example_xcomargs.py for tasks to queue
[2022-08-19 01:27:07,890] {logging_mixin.py:115} INFO - [2022-08-19 01:27:07,890] {dagbag.py:507} INFO - Filling up the DagBag from /home/airflow/.local/lib/python3.7/site-packages/airflow/example_dags/example_xcomargs.py
[2022-08-19 01:27:07,913] {processor.py:651} INFO - DAG(s) dict_keys(['example_xcom_args', 'example_xcom_args_with_operators']) retrieved from /home/airflow/.local/lib/python3.7/site-packages/airflow/example_dags/example_xcomargs.py
[2022-08-19 01:27:08,108] {logging_mixin.py:115} INFO - [2022-08-19 01:27:08,108] {dag.py:2379} INFO - Sync 2 DAGs
[2022-08-19 01:27:08,138] {logging_mixin.py:115} INFO - [2022-08-19 01:27:08,138] {dag.py:2931} INFO - Setting next_dagrun for example_xcom_args to None, run_after=None
[2022-08-19 01:27:08,139] {logging_mixin.py:115} INFO - [2022-08-19 01:27:08,139] {dag.py:2931} INFO - Setting next_dagrun for example_xcom_args_with_operators to None, run_after=None
[2022-08-19 01:27:08,154] {processor.py:161} INFO - Processing /home/airflow/.local/lib/python3.7/site-packages/airflow/example_dags/example_xcomargs.py took 0.268 seconds
[2022-08-19 01:27:38,528] {processor.py:153} INFO - Started process (PID=807) to work on /home/airflow/.local/lib/python3.7/site-packages/airflow/example_dags/example_xcomargs.py
[2022-08-19 01:27:38,529] {processor.py:641} INFO - Processing file /home/airflow/.local/lib/python3.7/site-packages/airflow/example_dags/example_xcomargs.py for tasks to queue
[2022-08-19 01:27:38,530] {logging_mixin.py:115} INFO - [2022-08-19 01:27:38,530] {dagbag.py:507} INFO - Filling up the DagBag from /home/airflow/.local/lib/python3.7/site-packages/airflow/example_dags/example_xcomargs.py
[2022-08-19 01:27:38,562] {processor.py:651} INFO - DAG(s) dict_keys(['example_xcom_args', 'example_xcom_args_with_operators']) retrieved from /home/airflow/.local/lib/python3.7/site-packages/airflow/example_dags/example_xcomargs.py
[2022-08-19 01:27:38,619] {logging_mixin.py:115} INFO - [2022-08-19 01:27:38,619] {dag.py:2379} INFO - Sync 2 DAGs
[2022-08-19 01:27:38,772] {logging_mixin.py:115} INFO - [2022-08-19 01:27:38,772] {dag.py:2931} INFO - Setting next_dagrun for example_xcom_args to None, run_after=None
[2022-08-19 01:27:38,772] {logging_mixin.py:115} INFO - [2022-08-19 01:27:38,772] {dag.py:2931} INFO - Setting next_dagrun for example_xcom_args_with_operators to None, run_after=None
[2022-08-19 01:27:38,785] {processor.py:161} INFO - Processing /home/airflow/.local/lib/python3.7/site-packages/airflow/example_dags/example_xcomargs.py took 0.261 seconds
[2022-08-19 01:28:09,035] {processor.py:153} INFO - Started process (PID=872) to work on /home/airflow/.local/lib/python3.7/site-packages/airflow/example_dags/example_xcomargs.py
[2022-08-19 01:28:09,036] {processor.py:641} INFO - Processing file /home/airflow/.local/lib/python3.7/site-packages/airflow/example_dags/example_xcomargs.py for tasks to queue
[2022-08-19 01:28:09,036] {logging_mixin.py:115} INFO - [2022-08-19 01:28:09,036] {dagbag.py:507} INFO - Filling up the DagBag from /home/airflow/.local/lib/python3.7/site-packages/airflow/example_dags/example_xcomargs.py
[2022-08-19 01:28:09,063] {processor.py:651} INFO - DAG(s) dict_keys(['example_xcom_args', 'example_xcom_args_with_operators']) retrieved from /home/airflow/.local/lib/python3.7/site-packages/airflow/example_dags/example_xcomargs.py
[2022-08-19 01:28:09,102] {logging_mixin.py:115} INFO - [2022-08-19 01:28:09,102] {dag.py:2379} INFO - Sync 2 DAGs
[2022-08-19 01:28:09,266] {logging_mixin.py:115} INFO - [2022-08-19 01:28:09,266] {dag.py:2931} INFO - Setting next_dagrun for example_xcom_args to None, run_after=None
[2022-08-19 01:28:09,266] {logging_mixin.py:115} INFO - [2022-08-19 01:28:09,266] {dag.py:2931} INFO - Setting next_dagrun for example_xcom_args_with_operators to None, run_after=None
[2022-08-19 01:28:09,283] {processor.py:161} INFO - Processing /home/airflow/.local/lib/python3.7/site-packages/airflow/example_dags/example_xcomargs.py took 0.251 seconds
[2022-08-19 01:31:11,929] {processor.py:153} INFO - Started process (PID=78) to work on /home/airflow/.local/lib/python3.7/site-packages/airflow/example_dags/example_xcomargs.py
[2022-08-19 01:31:11,934] {processor.py:641} INFO - Processing file /home/airflow/.local/lib/python3.7/site-packages/airflow/example_dags/example_xcomargs.py for tasks to queue
[2022-08-19 01:31:11,935] {logging_mixin.py:115} INFO - [2022-08-19 01:31:11,935] {dagbag.py:507} INFO - Filling up the DagBag from /home/airflow/.local/lib/python3.7/site-packages/airflow/example_dags/example_xcomargs.py
[2022-08-19 01:31:12,021] {processor.py:651} INFO - DAG(s) dict_keys(['example_xcom_args', 'example_xcom_args_with_operators']) retrieved from /home/airflow/.local/lib/python3.7/site-packages/airflow/example_dags/example_xcomargs.py
[2022-08-19 01:31:12,695] {logging_mixin.py:115} INFO - [2022-08-19 01:31:12,694] {dag.py:2379} INFO - Sync 2 DAGs
[2022-08-19 01:31:12,769] {logging_mixin.py:115} INFO - [2022-08-19 01:31:12,769] {dag.py:2931} INFO - Setting next_dagrun for example_xcom_args to None, run_after=None
[2022-08-19 01:31:12,770] {logging_mixin.py:115} INFO - [2022-08-19 01:31:12,770] {dag.py:2931} INFO - Setting next_dagrun for example_xcom_args_with_operators to None, run_after=None
[2022-08-19 01:31:12,813] {processor.py:161} INFO - Processing /home/airflow/.local/lib/python3.7/site-packages/airflow/example_dags/example_xcomargs.py took 0.888 seconds
[2022-08-19 01:31:45,409] {processor.py:153} INFO - Started process (PID=136) to work on /home/airflow/.local/lib/python3.7/site-packages/airflow/example_dags/example_xcomargs.py
[2022-08-19 01:31:45,410] {processor.py:641} INFO - Processing file /home/airflow/.local/lib/python3.7/site-packages/airflow/example_dags/example_xcomargs.py for tasks to queue
[2022-08-19 01:31:45,411] {logging_mixin.py:115} INFO - [2022-08-19 01:31:45,411] {dagbag.py:507} INFO - Filling up the DagBag from /home/airflow/.local/lib/python3.7/site-packages/airflow/example_dags/example_xcomargs.py
[2022-08-19 01:31:45,453] {processor.py:651} INFO - DAG(s) dict_keys(['example_xcom_args', 'example_xcom_args_with_operators']) retrieved from /home/airflow/.local/lib/python3.7/site-packages/airflow/example_dags/example_xcomargs.py
[2022-08-19 01:31:45,708] {logging_mixin.py:115} INFO - [2022-08-19 01:31:45,708] {dag.py:2379} INFO - Sync 2 DAGs
[2022-08-19 01:31:45,742] {logging_mixin.py:115} INFO - [2022-08-19 01:31:45,742] {dag.py:2931} INFO - Setting next_dagrun for example_xcom_args to None, run_after=None
[2022-08-19 01:31:45,743] {logging_mixin.py:115} INFO - [2022-08-19 01:31:45,743] {dag.py:2931} INFO - Setting next_dagrun for example_xcom_args_with_operators to None, run_after=None
[2022-08-19 01:31:45,770] {processor.py:161} INFO - Processing /home/airflow/.local/lib/python3.7/site-packages/airflow/example_dags/example_xcomargs.py took 0.365 seconds
[2022-08-19 01:32:15,870] {processor.py:153} INFO - Started process (PID=192) to work on /home/airflow/.local/lib/python3.7/site-packages/airflow/example_dags/example_xcomargs.py
[2022-08-19 01:32:15,872] {processor.py:641} INFO - Processing file /home/airflow/.local/lib/python3.7/site-packages/airflow/example_dags/example_xcomargs.py for tasks to queue
[2022-08-19 01:32:15,873] {logging_mixin.py:115} INFO - [2022-08-19 01:32:15,873] {dagbag.py:507} INFO - Filling up the DagBag from /home/airflow/.local/lib/python3.7/site-packages/airflow/example_dags/example_xcomargs.py
[2022-08-19 01:32:15,931] {processor.py:651} INFO - DAG(s) dict_keys(['example_xcom_args', 'example_xcom_args_with_operators']) retrieved from /home/airflow/.local/lib/python3.7/site-packages/airflow/example_dags/example_xcomargs.py
[2022-08-19 01:32:16,132] {logging_mixin.py:115} INFO - [2022-08-19 01:32:16,132] {dag.py:2379} INFO - Sync 2 DAGs
[2022-08-19 01:32:16,160] {logging_mixin.py:115} INFO - [2022-08-19 01:32:16,160] {dag.py:2931} INFO - Setting next_dagrun for example_xcom_args to None, run_after=None
[2022-08-19 01:32:16,160] {logging_mixin.py:115} INFO - [2022-08-19 01:32:16,160] {dag.py:2931} INFO - Setting next_dagrun for example_xcom_args_with_operators to None, run_after=None
[2022-08-19 01:32:16,183] {processor.py:161} INFO - Processing /home/airflow/.local/lib/python3.7/site-packages/airflow/example_dags/example_xcomargs.py took 0.327 seconds
[2022-08-19 13:48:53,132] {processor.py:153} INFO - Started process (PID=95) to work on /home/airflow/.local/lib/python3.7/site-packages/airflow/example_dags/example_xcomargs.py
[2022-08-19 13:48:53,145] {processor.py:641} INFO - Processing file /home/airflow/.local/lib/python3.7/site-packages/airflow/example_dags/example_xcomargs.py for tasks to queue
[2022-08-19 13:48:53,145] {logging_mixin.py:115} INFO - [2022-08-19 13:48:53,145] {dagbag.py:507} INFO - Filling up the DagBag from /home/airflow/.local/lib/python3.7/site-packages/airflow/example_dags/example_xcomargs.py
[2022-08-19 13:48:53,344] {processor.py:651} INFO - DAG(s) dict_keys(['example_xcom_args', 'example_xcom_args_with_operators']) retrieved from /home/airflow/.local/lib/python3.7/site-packages/airflow/example_dags/example_xcomargs.py
[2022-08-19 13:48:54,561] {logging_mixin.py:115} INFO - [2022-08-19 13:48:54,561] {dag.py:2379} INFO - Sync 2 DAGs
[2022-08-19 13:48:54,712] {logging_mixin.py:115} INFO - [2022-08-19 13:48:54,712] {dag.py:2931} INFO - Setting next_dagrun for example_xcom_args to None, run_after=None
[2022-08-19 13:48:54,712] {logging_mixin.py:115} INFO - [2022-08-19 13:48:54,712] {dag.py:2931} INFO - Setting next_dagrun for example_xcom_args_with_operators to None, run_after=None
[2022-08-19 13:48:54,790] {processor.py:161} INFO - Processing /home/airflow/.local/lib/python3.7/site-packages/airflow/example_dags/example_xcomargs.py took 1.675 seconds
[2022-08-19 13:49:25,579] {processor.py:153} INFO - Started process (PID=150) to work on /home/airflow/.local/lib/python3.7/site-packages/airflow/example_dags/example_xcomargs.py
[2022-08-19 13:49:25,580] {processor.py:641} INFO - Processing file /home/airflow/.local/lib/python3.7/site-packages/airflow/example_dags/example_xcomargs.py for tasks to queue
[2022-08-19 13:49:25,580] {logging_mixin.py:115} INFO - [2022-08-19 13:49:25,580] {dagbag.py:507} INFO - Filling up the DagBag from /home/airflow/.local/lib/python3.7/site-packages/airflow/example_dags/example_xcomargs.py
[2022-08-19 13:49:25,613] {processor.py:651} INFO - DAG(s) dict_keys(['example_xcom_args', 'example_xcom_args_with_operators']) retrieved from /home/airflow/.local/lib/python3.7/site-packages/airflow/example_dags/example_xcomargs.py
[2022-08-19 13:49:25,957] {logging_mixin.py:115} INFO - [2022-08-19 13:49:25,957] {dag.py:2379} INFO - Sync 2 DAGs
[2022-08-19 13:49:26,016] {logging_mixin.py:115} INFO - [2022-08-19 13:49:26,016] {dag.py:2931} INFO - Setting next_dagrun for example_xcom_args to None, run_after=None
[2022-08-19 13:49:26,016] {logging_mixin.py:115} INFO - [2022-08-19 13:49:26,016] {dag.py:2931} INFO - Setting next_dagrun for example_xcom_args_with_operators to None, run_after=None
[2022-08-19 13:49:26,051] {processor.py:161} INFO - Processing /home/airflow/.local/lib/python3.7/site-packages/airflow/example_dags/example_xcomargs.py took 0.481 seconds
[2022-08-19 13:49:57,023] {processor.py:153} INFO - Started process (PID=203) to work on /home/airflow/.local/lib/python3.7/site-packages/airflow/example_dags/example_xcomargs.py
[2022-08-19 13:49:57,027] {processor.py:641} INFO - Processing file /home/airflow/.local/lib/python3.7/site-packages/airflow/example_dags/example_xcomargs.py for tasks to queue
[2022-08-19 13:49:57,028] {logging_mixin.py:115} INFO - [2022-08-19 13:49:57,028] {dagbag.py:507} INFO - Filling up the DagBag from /home/airflow/.local/lib/python3.7/site-packages/airflow/example_dags/example_xcomargs.py
[2022-08-19 13:49:57,077] {processor.py:651} INFO - DAG(s) dict_keys(['example_xcom_args', 'example_xcom_args_with_operators']) retrieved from /home/airflow/.local/lib/python3.7/site-packages/airflow/example_dags/example_xcomargs.py
[2022-08-19 13:49:57,306] {logging_mixin.py:115} INFO - [2022-08-19 13:49:57,306] {dag.py:2379} INFO - Sync 2 DAGs
[2022-08-19 13:49:57,332] {logging_mixin.py:115} INFO - [2022-08-19 13:49:57,332] {dag.py:2931} INFO - Setting next_dagrun for example_xcom_args to None, run_after=None
[2022-08-19 13:49:57,332] {logging_mixin.py:115} INFO - [2022-08-19 13:49:57,332] {dag.py:2931} INFO - Setting next_dagrun for example_xcom_args_with_operators to None, run_after=None
[2022-08-19 13:49:57,350] {processor.py:161} INFO - Processing /home/airflow/.local/lib/python3.7/site-packages/airflow/example_dags/example_xcomargs.py took 0.340 seconds
