[2022-08-19 00:59:26,161] {processor.py:153} INFO - Started process (PID=71) to work on /home/airflow/.local/lib/python3.7/site-packages/airflow/example_dags/example_local_kubernetes_executor.py
[2022-08-19 00:59:26,161] {processor.py:641} INFO - Processing file /home/airflow/.local/lib/python3.7/site-packages/airflow/example_dags/example_local_kubernetes_executor.py for tasks to queue
[2022-08-19 00:59:26,162] {logging_mixin.py:115} INFO - [2022-08-19 00:59:26,162] {dagbag.py:507} INFO - Filling up the DagBag from /home/airflow/.local/lib/python3.7/site-packages/airflow/example_dags/example_local_kubernetes_executor.py
[2022-08-19 00:59:26,213] {processor.py:651} INFO - DAG(s) dict_keys(['example_local_kubernetes_executor']) retrieved from /home/airflow/.local/lib/python3.7/site-packages/airflow/example_dags/example_local_kubernetes_executor.py
[2022-08-19 00:59:26,410] {logging_mixin.py:115} INFO - [2022-08-19 00:59:26,410] {dag.py:2379} INFO - Sync 1 DAGs
[2022-08-19 00:59:26,954] {logging_mixin.py:115} INFO - [2022-08-19 00:59:26,954] {dag.py:2931} INFO - Setting next_dagrun for example_local_kubernetes_executor to None, run_after=None
[2022-08-19 00:59:27,052] {processor.py:161} INFO - Processing /home/airflow/.local/lib/python3.7/site-packages/airflow/example_dags/example_local_kubernetes_executor.py took 0.904 seconds
[2022-08-19 00:59:57,502] {processor.py:153} INFO - Started process (PID=124) to work on /home/airflow/.local/lib/python3.7/site-packages/airflow/example_dags/example_local_kubernetes_executor.py
[2022-08-19 00:59:57,503] {processor.py:641} INFO - Processing file /home/airflow/.local/lib/python3.7/site-packages/airflow/example_dags/example_local_kubernetes_executor.py for tasks to queue
[2022-08-19 00:59:57,503] {logging_mixin.py:115} INFO - [2022-08-19 00:59:57,503] {dagbag.py:507} INFO - Filling up the DagBag from /home/airflow/.local/lib/python3.7/site-packages/airflow/example_dags/example_local_kubernetes_executor.py
[2022-08-19 00:59:57,522] {processor.py:651} INFO - DAG(s) dict_keys(['example_local_kubernetes_executor']) retrieved from /home/airflow/.local/lib/python3.7/site-packages/airflow/example_dags/example_local_kubernetes_executor.py
[2022-08-19 00:59:57,548] {logging_mixin.py:115} INFO - [2022-08-19 00:59:57,548] {dag.py:2379} INFO - Sync 1 DAGs
[2022-08-19 00:59:57,701] {logging_mixin.py:115} INFO - [2022-08-19 00:59:57,700] {dag.py:2931} INFO - Setting next_dagrun for example_local_kubernetes_executor to None, run_after=None
[2022-08-19 00:59:57,721] {processor.py:161} INFO - Processing /home/airflow/.local/lib/python3.7/site-packages/airflow/example_dags/example_local_kubernetes_executor.py took 0.222 seconds
[2022-08-19 01:10:24,801] {processor.py:153} INFO - Started process (PID=72) to work on /home/airflow/.local/lib/python3.7/site-packages/airflow/example_dags/example_local_kubernetes_executor.py
[2022-08-19 01:10:24,810] {processor.py:641} INFO - Processing file /home/airflow/.local/lib/python3.7/site-packages/airflow/example_dags/example_local_kubernetes_executor.py for tasks to queue
[2022-08-19 01:10:24,811] {logging_mixin.py:115} INFO - [2022-08-19 01:10:24,811] {dagbag.py:507} INFO - Filling up the DagBag from /home/airflow/.local/lib/python3.7/site-packages/airflow/example_dags/example_local_kubernetes_executor.py
[2022-08-19 01:10:24,857] {processor.py:651} INFO - DAG(s) dict_keys(['example_local_kubernetes_executor']) retrieved from /home/airflow/.local/lib/python3.7/site-packages/airflow/example_dags/example_local_kubernetes_executor.py
[2022-08-19 01:10:25,134] {logging_mixin.py:115} INFO - [2022-08-19 01:10:25,134] {dag.py:2379} INFO - Sync 1 DAGs
[2022-08-19 01:10:25,198] {logging_mixin.py:115} INFO - [2022-08-19 01:10:25,198] {dag.py:2931} INFO - Setting next_dagrun for example_local_kubernetes_executor to None, run_after=None
[2022-08-19 01:10:25,250] {processor.py:161} INFO - Processing /home/airflow/.local/lib/python3.7/site-packages/airflow/example_dags/example_local_kubernetes_executor.py took 0.481 seconds
[2022-08-19 01:10:55,846] {processor.py:153} INFO - Started process (PID=126) to work on /home/airflow/.local/lib/python3.7/site-packages/airflow/example_dags/example_local_kubernetes_executor.py
[2022-08-19 01:10:55,847] {processor.py:641} INFO - Processing file /home/airflow/.local/lib/python3.7/site-packages/airflow/example_dags/example_local_kubernetes_executor.py for tasks to queue
[2022-08-19 01:10:55,847] {logging_mixin.py:115} INFO - [2022-08-19 01:10:55,847] {dagbag.py:507} INFO - Filling up the DagBag from /home/airflow/.local/lib/python3.7/site-packages/airflow/example_dags/example_local_kubernetes_executor.py
[2022-08-19 01:10:55,865] {processor.py:651} INFO - DAG(s) dict_keys(['example_local_kubernetes_executor']) retrieved from /home/airflow/.local/lib/python3.7/site-packages/airflow/example_dags/example_local_kubernetes_executor.py
[2022-08-19 01:10:56,063] {logging_mixin.py:115} INFO - [2022-08-19 01:10:56,063] {dag.py:2379} INFO - Sync 1 DAGs
[2022-08-19 01:10:56,105] {logging_mixin.py:115} INFO - [2022-08-19 01:10:56,105] {dag.py:2931} INFO - Setting next_dagrun for example_local_kubernetes_executor to None, run_after=None
[2022-08-19 01:10:56,126] {processor.py:161} INFO - Processing /home/airflow/.local/lib/python3.7/site-packages/airflow/example_dags/example_local_kubernetes_executor.py took 0.282 seconds
[2022-08-19 01:11:26,208] {processor.py:153} INFO - Started process (PID=179) to work on /home/airflow/.local/lib/python3.7/site-packages/airflow/example_dags/example_local_kubernetes_executor.py
[2022-08-19 01:11:26,210] {processor.py:641} INFO - Processing file /home/airflow/.local/lib/python3.7/site-packages/airflow/example_dags/example_local_kubernetes_executor.py for tasks to queue
[2022-08-19 01:11:26,211] {logging_mixin.py:115} INFO - [2022-08-19 01:11:26,211] {dagbag.py:507} INFO - Filling up the DagBag from /home/airflow/.local/lib/python3.7/site-packages/airflow/example_dags/example_local_kubernetes_executor.py
[2022-08-19 01:11:26,263] {processor.py:651} INFO - DAG(s) dict_keys(['example_local_kubernetes_executor']) retrieved from /home/airflow/.local/lib/python3.7/site-packages/airflow/example_dags/example_local_kubernetes_executor.py
[2022-08-19 01:11:26,678] {logging_mixin.py:115} INFO - [2022-08-19 01:11:26,678] {dag.py:2379} INFO - Sync 1 DAGs
[2022-08-19 01:11:26,747] {logging_mixin.py:115} INFO - [2022-08-19 01:11:26,747] {dag.py:2931} INFO - Setting next_dagrun for example_local_kubernetes_executor to None, run_after=None
[2022-08-19 01:11:26,789] {processor.py:161} INFO - Processing /home/airflow/.local/lib/python3.7/site-packages/airflow/example_dags/example_local_kubernetes_executor.py took 0.586 seconds
[2022-08-19 01:11:57,172] {processor.py:153} INFO - Started process (PID=242) to work on /home/airflow/.local/lib/python3.7/site-packages/airflow/example_dags/example_local_kubernetes_executor.py
[2022-08-19 01:11:57,172] {processor.py:641} INFO - Processing file /home/airflow/.local/lib/python3.7/site-packages/airflow/example_dags/example_local_kubernetes_executor.py for tasks to queue
[2022-08-19 01:11:57,173] {logging_mixin.py:115} INFO - [2022-08-19 01:11:57,173] {dagbag.py:507} INFO - Filling up the DagBag from /home/airflow/.local/lib/python3.7/site-packages/airflow/example_dags/example_local_kubernetes_executor.py
[2022-08-19 01:11:57,197] {processor.py:651} INFO - DAG(s) dict_keys(['example_local_kubernetes_executor']) retrieved from /home/airflow/.local/lib/python3.7/site-packages/airflow/example_dags/example_local_kubernetes_executor.py
[2022-08-19 01:11:57,318] {logging_mixin.py:115} INFO - [2022-08-19 01:11:57,318] {dag.py:2379} INFO - Sync 1 DAGs
[2022-08-19 01:11:57,340] {logging_mixin.py:115} INFO - [2022-08-19 01:11:57,340] {dag.py:2931} INFO - Setting next_dagrun for example_local_kubernetes_executor to None, run_after=None
[2022-08-19 01:11:57,352] {processor.py:161} INFO - Processing /home/airflow/.local/lib/python3.7/site-packages/airflow/example_dags/example_local_kubernetes_executor.py took 0.183 seconds
[2022-08-19 01:12:27,800] {processor.py:153} INFO - Started process (PID=297) to work on /home/airflow/.local/lib/python3.7/site-packages/airflow/example_dags/example_local_kubernetes_executor.py
[2022-08-19 01:12:27,800] {processor.py:641} INFO - Processing file /home/airflow/.local/lib/python3.7/site-packages/airflow/example_dags/example_local_kubernetes_executor.py for tasks to queue
[2022-08-19 01:12:27,801] {logging_mixin.py:115} INFO - [2022-08-19 01:12:27,801] {dagbag.py:507} INFO - Filling up the DagBag from /home/airflow/.local/lib/python3.7/site-packages/airflow/example_dags/example_local_kubernetes_executor.py
[2022-08-19 01:12:27,822] {processor.py:651} INFO - DAG(s) dict_keys(['example_local_kubernetes_executor']) retrieved from /home/airflow/.local/lib/python3.7/site-packages/airflow/example_dags/example_local_kubernetes_executor.py
[2022-08-19 01:12:28,002] {logging_mixin.py:115} INFO - [2022-08-19 01:12:28,002] {dag.py:2379} INFO - Sync 1 DAGs
[2022-08-19 01:12:28,031] {logging_mixin.py:115} INFO - [2022-08-19 01:12:28,031] {dag.py:2931} INFO - Setting next_dagrun for example_local_kubernetes_executor to None, run_after=None
[2022-08-19 01:12:28,046] {processor.py:161} INFO - Processing /home/airflow/.local/lib/python3.7/site-packages/airflow/example_dags/example_local_kubernetes_executor.py took 0.250 seconds
[2022-08-19 01:12:58,212] {processor.py:153} INFO - Started process (PID=364) to work on /home/airflow/.local/lib/python3.7/site-packages/airflow/example_dags/example_local_kubernetes_executor.py
[2022-08-19 01:12:58,212] {processor.py:641} INFO - Processing file /home/airflow/.local/lib/python3.7/site-packages/airflow/example_dags/example_local_kubernetes_executor.py for tasks to queue
[2022-08-19 01:12:58,213] {logging_mixin.py:115} INFO - [2022-08-19 01:12:58,213] {dagbag.py:507} INFO - Filling up the DagBag from /home/airflow/.local/lib/python3.7/site-packages/airflow/example_dags/example_local_kubernetes_executor.py
[2022-08-19 01:12:58,244] {processor.py:651} INFO - DAG(s) dict_keys(['example_local_kubernetes_executor']) retrieved from /home/airflow/.local/lib/python3.7/site-packages/airflow/example_dags/example_local_kubernetes_executor.py
[2022-08-19 01:12:58,440] {logging_mixin.py:115} INFO - [2022-08-19 01:12:58,440] {dag.py:2379} INFO - Sync 1 DAGs
[2022-08-19 01:12:58,481] {logging_mixin.py:115} INFO - [2022-08-19 01:12:58,481] {dag.py:2931} INFO - Setting next_dagrun for example_local_kubernetes_executor to None, run_after=None
[2022-08-19 01:12:58,504] {processor.py:161} INFO - Processing /home/airflow/.local/lib/python3.7/site-packages/airflow/example_dags/example_local_kubernetes_executor.py took 0.296 seconds
[2022-08-19 01:13:28,537] {processor.py:153} INFO - Started process (PID=428) to work on /home/airflow/.local/lib/python3.7/site-packages/airflow/example_dags/example_local_kubernetes_executor.py
[2022-08-19 01:13:28,537] {processor.py:641} INFO - Processing file /home/airflow/.local/lib/python3.7/site-packages/airflow/example_dags/example_local_kubernetes_executor.py for tasks to queue
[2022-08-19 01:13:28,538] {logging_mixin.py:115} INFO - [2022-08-19 01:13:28,538] {dagbag.py:507} INFO - Filling up the DagBag from /home/airflow/.local/lib/python3.7/site-packages/airflow/example_dags/example_local_kubernetes_executor.py
[2022-08-19 01:13:28,555] {processor.py:651} INFO - DAG(s) dict_keys(['example_local_kubernetes_executor']) retrieved from /home/airflow/.local/lib/python3.7/site-packages/airflow/example_dags/example_local_kubernetes_executor.py
[2022-08-19 01:13:28,697] {logging_mixin.py:115} INFO - [2022-08-19 01:13:28,697] {dag.py:2379} INFO - Sync 1 DAGs
[2022-08-19 01:13:28,719] {logging_mixin.py:115} INFO - [2022-08-19 01:13:28,719] {dag.py:2931} INFO - Setting next_dagrun for example_local_kubernetes_executor to None, run_after=None
[2022-08-19 01:13:28,737] {processor.py:161} INFO - Processing /home/airflow/.local/lib/python3.7/site-packages/airflow/example_dags/example_local_kubernetes_executor.py took 0.203 seconds
[2022-08-19 01:13:58,869] {processor.py:153} INFO - Started process (PID=483) to work on /home/airflow/.local/lib/python3.7/site-packages/airflow/example_dags/example_local_kubernetes_executor.py
[2022-08-19 01:13:58,869] {processor.py:641} INFO - Processing file /home/airflow/.local/lib/python3.7/site-packages/airflow/example_dags/example_local_kubernetes_executor.py for tasks to queue
[2022-08-19 01:13:58,870] {logging_mixin.py:115} INFO - [2022-08-19 01:13:58,870] {dagbag.py:507} INFO - Filling up the DagBag from /home/airflow/.local/lib/python3.7/site-packages/airflow/example_dags/example_local_kubernetes_executor.py
[2022-08-19 01:13:58,904] {processor.py:651} INFO - DAG(s) dict_keys(['example_local_kubernetes_executor']) retrieved from /home/airflow/.local/lib/python3.7/site-packages/airflow/example_dags/example_local_kubernetes_executor.py
[2022-08-19 01:13:59,038] {logging_mixin.py:115} INFO - [2022-08-19 01:13:59,037] {dag.py:2379} INFO - Sync 1 DAGs
[2022-08-19 01:13:59,063] {logging_mixin.py:115} INFO - [2022-08-19 01:13:59,063] {dag.py:2931} INFO - Setting next_dagrun for example_local_kubernetes_executor to None, run_after=None
[2022-08-19 01:13:59,081] {processor.py:161} INFO - Processing /home/airflow/.local/lib/python3.7/site-packages/airflow/example_dags/example_local_kubernetes_executor.py took 0.215 seconds
[2022-08-19 01:14:29,205] {processor.py:153} INFO - Started process (PID=547) to work on /home/airflow/.local/lib/python3.7/site-packages/airflow/example_dags/example_local_kubernetes_executor.py
[2022-08-19 01:14:29,206] {processor.py:641} INFO - Processing file /home/airflow/.local/lib/python3.7/site-packages/airflow/example_dags/example_local_kubernetes_executor.py for tasks to queue
[2022-08-19 01:14:29,206] {logging_mixin.py:115} INFO - [2022-08-19 01:14:29,206] {dagbag.py:507} INFO - Filling up the DagBag from /home/airflow/.local/lib/python3.7/site-packages/airflow/example_dags/example_local_kubernetes_executor.py
[2022-08-19 01:14:29,233] {processor.py:651} INFO - DAG(s) dict_keys(['example_local_kubernetes_executor']) retrieved from /home/airflow/.local/lib/python3.7/site-packages/airflow/example_dags/example_local_kubernetes_executor.py
[2022-08-19 01:14:29,533] {logging_mixin.py:115} INFO - [2022-08-19 01:14:29,532] {dag.py:2379} INFO - Sync 1 DAGs
[2022-08-19 01:14:29,568] {logging_mixin.py:115} INFO - [2022-08-19 01:14:29,568] {dag.py:2931} INFO - Setting next_dagrun for example_local_kubernetes_executor to None, run_after=None
[2022-08-19 01:14:29,580] {processor.py:161} INFO - Processing /home/airflow/.local/lib/python3.7/site-packages/airflow/example_dags/example_local_kubernetes_executor.py took 0.379 seconds
[2022-08-19 01:15:00,131] {processor.py:153} INFO - Started process (PID=602) to work on /home/airflow/.local/lib/python3.7/site-packages/airflow/example_dags/example_local_kubernetes_executor.py
[2022-08-19 01:15:00,132] {processor.py:641} INFO - Processing file /home/airflow/.local/lib/python3.7/site-packages/airflow/example_dags/example_local_kubernetes_executor.py for tasks to queue
[2022-08-19 01:15:00,133] {logging_mixin.py:115} INFO - [2022-08-19 01:15:00,133] {dagbag.py:507} INFO - Filling up the DagBag from /home/airflow/.local/lib/python3.7/site-packages/airflow/example_dags/example_local_kubernetes_executor.py
[2022-08-19 01:15:00,160] {processor.py:651} INFO - DAG(s) dict_keys(['example_local_kubernetes_executor']) retrieved from /home/airflow/.local/lib/python3.7/site-packages/airflow/example_dags/example_local_kubernetes_executor.py
[2022-08-19 01:15:00,360] {logging_mixin.py:115} INFO - [2022-08-19 01:15:00,360] {dag.py:2379} INFO - Sync 1 DAGs
[2022-08-19 01:15:00,398] {logging_mixin.py:115} INFO - [2022-08-19 01:15:00,398] {dag.py:2931} INFO - Setting next_dagrun for example_local_kubernetes_executor to None, run_after=None
[2022-08-19 01:15:00,414] {processor.py:161} INFO - Processing /home/airflow/.local/lib/python3.7/site-packages/airflow/example_dags/example_local_kubernetes_executor.py took 0.286 seconds
[2022-08-19 01:21:25,319] {processor.py:153} INFO - Started process (PID=63) to work on /home/airflow/.local/lib/python3.7/site-packages/airflow/example_dags/example_local_kubernetes_executor.py
[2022-08-19 01:21:25,326] {processor.py:641} INFO - Processing file /home/airflow/.local/lib/python3.7/site-packages/airflow/example_dags/example_local_kubernetes_executor.py for tasks to queue
[2022-08-19 01:21:25,327] {logging_mixin.py:115} INFO - [2022-08-19 01:21:25,327] {dagbag.py:507} INFO - Filling up the DagBag from /home/airflow/.local/lib/python3.7/site-packages/airflow/example_dags/example_local_kubernetes_executor.py
[2022-08-19 01:21:25,375] {processor.py:651} INFO - DAG(s) dict_keys(['example_local_kubernetes_executor']) retrieved from /home/airflow/.local/lib/python3.7/site-packages/airflow/example_dags/example_local_kubernetes_executor.py
[2022-08-19 01:21:25,438] {logging_mixin.py:115} INFO - [2022-08-19 01:21:25,438] {dag.py:2379} INFO - Sync 1 DAGs
[2022-08-19 01:21:25,781] {logging_mixin.py:115} INFO - [2022-08-19 01:21:25,781] {dag.py:2931} INFO - Setting next_dagrun for example_local_kubernetes_executor to None, run_after=None
[2022-08-19 01:21:25,815] {processor.py:161} INFO - Processing /home/airflow/.local/lib/python3.7/site-packages/airflow/example_dags/example_local_kubernetes_executor.py took 0.500 seconds
[2022-08-19 01:21:56,784] {processor.py:153} INFO - Started process (PID=131) to work on /home/airflow/.local/lib/python3.7/site-packages/airflow/example_dags/example_local_kubernetes_executor.py
[2022-08-19 01:21:56,785] {processor.py:641} INFO - Processing file /home/airflow/.local/lib/python3.7/site-packages/airflow/example_dags/example_local_kubernetes_executor.py for tasks to queue
[2022-08-19 01:21:56,785] {logging_mixin.py:115} INFO - [2022-08-19 01:21:56,785] {dagbag.py:507} INFO - Filling up the DagBag from /home/airflow/.local/lib/python3.7/site-packages/airflow/example_dags/example_local_kubernetes_executor.py
[2022-08-19 01:21:56,848] {processor.py:651} INFO - DAG(s) dict_keys(['example_local_kubernetes_executor']) retrieved from /home/airflow/.local/lib/python3.7/site-packages/airflow/example_dags/example_local_kubernetes_executor.py
[2022-08-19 01:21:56,926] {logging_mixin.py:115} INFO - [2022-08-19 01:21:56,926] {dag.py:2379} INFO - Sync 1 DAGs
[2022-08-19 01:21:57,302] {logging_mixin.py:115} INFO - [2022-08-19 01:21:57,302] {dag.py:2931} INFO - Setting next_dagrun for example_local_kubernetes_executor to None, run_after=None
[2022-08-19 01:21:57,346] {processor.py:161} INFO - Processing /home/airflow/.local/lib/python3.7/site-packages/airflow/example_dags/example_local_kubernetes_executor.py took 0.566 seconds
[2022-08-19 01:22:27,664] {processor.py:153} INFO - Started process (PID=187) to work on /home/airflow/.local/lib/python3.7/site-packages/airflow/example_dags/example_local_kubernetes_executor.py
[2022-08-19 01:22:27,666] {processor.py:641} INFO - Processing file /home/airflow/.local/lib/python3.7/site-packages/airflow/example_dags/example_local_kubernetes_executor.py for tasks to queue
[2022-08-19 01:22:27,668] {logging_mixin.py:115} INFO - [2022-08-19 01:22:27,667] {dagbag.py:507} INFO - Filling up the DagBag from /home/airflow/.local/lib/python3.7/site-packages/airflow/example_dags/example_local_kubernetes_executor.py
[2022-08-19 01:22:27,724] {processor.py:651} INFO - DAG(s) dict_keys(['example_local_kubernetes_executor']) retrieved from /home/airflow/.local/lib/python3.7/site-packages/airflow/example_dags/example_local_kubernetes_executor.py
[2022-08-19 01:22:27,777] {logging_mixin.py:115} INFO - [2022-08-19 01:22:27,777] {dag.py:2379} INFO - Sync 1 DAGs
[2022-08-19 01:22:27,918] {logging_mixin.py:115} INFO - [2022-08-19 01:22:27,918] {dag.py:2931} INFO - Setting next_dagrun for example_local_kubernetes_executor to None, run_after=None
[2022-08-19 01:22:27,936] {processor.py:161} INFO - Processing /home/airflow/.local/lib/python3.7/site-packages/airflow/example_dags/example_local_kubernetes_executor.py took 0.284 seconds
[2022-08-19 01:22:58,005] {processor.py:153} INFO - Started process (PID=242) to work on /home/airflow/.local/lib/python3.7/site-packages/airflow/example_dags/example_local_kubernetes_executor.py
[2022-08-19 01:22:58,006] {processor.py:641} INFO - Processing file /home/airflow/.local/lib/python3.7/site-packages/airflow/example_dags/example_local_kubernetes_executor.py for tasks to queue
[2022-08-19 01:22:58,009] {logging_mixin.py:115} INFO - [2022-08-19 01:22:58,009] {dagbag.py:507} INFO - Filling up the DagBag from /home/airflow/.local/lib/python3.7/site-packages/airflow/example_dags/example_local_kubernetes_executor.py
[2022-08-19 01:22:58,058] {processor.py:651} INFO - DAG(s) dict_keys(['example_local_kubernetes_executor']) retrieved from /home/airflow/.local/lib/python3.7/site-packages/airflow/example_dags/example_local_kubernetes_executor.py
[2022-08-19 01:22:58,086] {logging_mixin.py:115} INFO - [2022-08-19 01:22:58,086] {dag.py:2379} INFO - Sync 1 DAGs
[2022-08-19 01:22:58,233] {logging_mixin.py:115} INFO - [2022-08-19 01:22:58,233] {dag.py:2931} INFO - Setting next_dagrun for example_local_kubernetes_executor to None, run_after=None
[2022-08-19 01:22:58,250] {processor.py:161} INFO - Processing /home/airflow/.local/lib/python3.7/site-packages/airflow/example_dags/example_local_kubernetes_executor.py took 0.256 seconds
[2022-08-19 01:23:28,720] {processor.py:153} INFO - Started process (PID=308) to work on /home/airflow/.local/lib/python3.7/site-packages/airflow/example_dags/example_local_kubernetes_executor.py
[2022-08-19 01:23:28,721] {processor.py:641} INFO - Processing file /home/airflow/.local/lib/python3.7/site-packages/airflow/example_dags/example_local_kubernetes_executor.py for tasks to queue
[2022-08-19 01:23:28,721] {logging_mixin.py:115} INFO - [2022-08-19 01:23:28,721] {dagbag.py:507} INFO - Filling up the DagBag from /home/airflow/.local/lib/python3.7/site-packages/airflow/example_dags/example_local_kubernetes_executor.py
[2022-08-19 01:23:28,743] {processor.py:651} INFO - DAG(s) dict_keys(['example_local_kubernetes_executor']) retrieved from /home/airflow/.local/lib/python3.7/site-packages/airflow/example_dags/example_local_kubernetes_executor.py
[2022-08-19 01:23:28,779] {logging_mixin.py:115} INFO - [2022-08-19 01:23:28,779] {dag.py:2379} INFO - Sync 1 DAGs
[2022-08-19 01:23:28,970] {logging_mixin.py:115} INFO - [2022-08-19 01:23:28,970] {dag.py:2931} INFO - Setting next_dagrun for example_local_kubernetes_executor to None, run_after=None
[2022-08-19 01:23:28,986] {processor.py:161} INFO - Processing /home/airflow/.local/lib/python3.7/site-packages/airflow/example_dags/example_local_kubernetes_executor.py took 0.270 seconds
[2022-08-19 01:23:59,683] {processor.py:153} INFO - Started process (PID=378) to work on /home/airflow/.local/lib/python3.7/site-packages/airflow/example_dags/example_local_kubernetes_executor.py
[2022-08-19 01:23:59,684] {processor.py:641} INFO - Processing file /home/airflow/.local/lib/python3.7/site-packages/airflow/example_dags/example_local_kubernetes_executor.py for tasks to queue
[2022-08-19 01:23:59,684] {logging_mixin.py:115} INFO - [2022-08-19 01:23:59,684] {dagbag.py:507} INFO - Filling up the DagBag from /home/airflow/.local/lib/python3.7/site-packages/airflow/example_dags/example_local_kubernetes_executor.py
[2022-08-19 01:23:59,701] {processor.py:651} INFO - DAG(s) dict_keys(['example_local_kubernetes_executor']) retrieved from /home/airflow/.local/lib/python3.7/site-packages/airflow/example_dags/example_local_kubernetes_executor.py
[2022-08-19 01:23:59,724] {logging_mixin.py:115} INFO - [2022-08-19 01:23:59,724] {dag.py:2379} INFO - Sync 1 DAGs
[2022-08-19 01:23:59,872] {logging_mixin.py:115} INFO - [2022-08-19 01:23:59,872] {dag.py:2931} INFO - Setting next_dagrun for example_local_kubernetes_executor to None, run_after=None
[2022-08-19 01:23:59,891] {processor.py:161} INFO - Processing /home/airflow/.local/lib/python3.7/site-packages/airflow/example_dags/example_local_kubernetes_executor.py took 0.211 seconds
[2022-08-19 01:24:30,070] {processor.py:153} INFO - Started process (PID=432) to work on /home/airflow/.local/lib/python3.7/site-packages/airflow/example_dags/example_local_kubernetes_executor.py
[2022-08-19 01:24:30,071] {processor.py:641} INFO - Processing file /home/airflow/.local/lib/python3.7/site-packages/airflow/example_dags/example_local_kubernetes_executor.py for tasks to queue
[2022-08-19 01:24:30,071] {logging_mixin.py:115} INFO - [2022-08-19 01:24:30,071] {dagbag.py:507} INFO - Filling up the DagBag from /home/airflow/.local/lib/python3.7/site-packages/airflow/example_dags/example_local_kubernetes_executor.py
[2022-08-19 01:24:30,116] {processor.py:651} INFO - DAG(s) dict_keys(['example_local_kubernetes_executor']) retrieved from /home/airflow/.local/lib/python3.7/site-packages/airflow/example_dags/example_local_kubernetes_executor.py
[2022-08-19 01:24:30,181] {logging_mixin.py:115} INFO - [2022-08-19 01:24:30,181] {dag.py:2379} INFO - Sync 1 DAGs
[2022-08-19 01:24:30,441] {logging_mixin.py:115} INFO - [2022-08-19 01:24:30,441] {dag.py:2931} INFO - Setting next_dagrun for example_local_kubernetes_executor to None, run_after=None
[2022-08-19 01:24:30,484] {processor.py:161} INFO - Processing /home/airflow/.local/lib/python3.7/site-packages/airflow/example_dags/example_local_kubernetes_executor.py took 0.418 seconds
[2022-08-19 01:25:00,679] {processor.py:153} INFO - Started process (PID=495) to work on /home/airflow/.local/lib/python3.7/site-packages/airflow/example_dags/example_local_kubernetes_executor.py
[2022-08-19 01:25:00,681] {processor.py:641} INFO - Processing file /home/airflow/.local/lib/python3.7/site-packages/airflow/example_dags/example_local_kubernetes_executor.py for tasks to queue
[2022-08-19 01:25:00,684] {logging_mixin.py:115} INFO - [2022-08-19 01:25:00,683] {dagbag.py:507} INFO - Filling up the DagBag from /home/airflow/.local/lib/python3.7/site-packages/airflow/example_dags/example_local_kubernetes_executor.py
[2022-08-19 01:25:00,768] {processor.py:651} INFO - DAG(s) dict_keys(['example_local_kubernetes_executor']) retrieved from /home/airflow/.local/lib/python3.7/site-packages/airflow/example_dags/example_local_kubernetes_executor.py
[2022-08-19 01:25:00,811] {logging_mixin.py:115} INFO - [2022-08-19 01:25:00,810] {dag.py:2379} INFO - Sync 1 DAGs
[2022-08-19 01:25:00,982] {logging_mixin.py:115} INFO - [2022-08-19 01:25:00,982] {dag.py:2931} INFO - Setting next_dagrun for example_local_kubernetes_executor to None, run_after=None
[2022-08-19 01:25:00,999] {processor.py:161} INFO - Processing /home/airflow/.local/lib/python3.7/site-packages/airflow/example_dags/example_local_kubernetes_executor.py took 0.333 seconds
[2022-08-19 01:25:31,063] {processor.py:153} INFO - Started process (PID=548) to work on /home/airflow/.local/lib/python3.7/site-packages/airflow/example_dags/example_local_kubernetes_executor.py
[2022-08-19 01:25:31,063] {processor.py:641} INFO - Processing file /home/airflow/.local/lib/python3.7/site-packages/airflow/example_dags/example_local_kubernetes_executor.py for tasks to queue
[2022-08-19 01:25:31,064] {logging_mixin.py:115} INFO - [2022-08-19 01:25:31,064] {dagbag.py:507} INFO - Filling up the DagBag from /home/airflow/.local/lib/python3.7/site-packages/airflow/example_dags/example_local_kubernetes_executor.py
[2022-08-19 01:25:31,082] {processor.py:651} INFO - DAG(s) dict_keys(['example_local_kubernetes_executor']) retrieved from /home/airflow/.local/lib/python3.7/site-packages/airflow/example_dags/example_local_kubernetes_executor.py
[2022-08-19 01:25:31,116] {logging_mixin.py:115} INFO - [2022-08-19 01:25:31,116] {dag.py:2379} INFO - Sync 1 DAGs
[2022-08-19 01:25:31,317] {logging_mixin.py:115} INFO - [2022-08-19 01:25:31,317] {dag.py:2931} INFO - Setting next_dagrun for example_local_kubernetes_executor to None, run_after=None
[2022-08-19 01:25:31,334] {processor.py:161} INFO - Processing /home/airflow/.local/lib/python3.7/site-packages/airflow/example_dags/example_local_kubernetes_executor.py took 0.274 seconds
[2022-08-19 01:26:01,492] {processor.py:153} INFO - Started process (PID=620) to work on /home/airflow/.local/lib/python3.7/site-packages/airflow/example_dags/example_local_kubernetes_executor.py
[2022-08-19 01:26:01,492] {processor.py:641} INFO - Processing file /home/airflow/.local/lib/python3.7/site-packages/airflow/example_dags/example_local_kubernetes_executor.py for tasks to queue
[2022-08-19 01:26:01,493] {logging_mixin.py:115} INFO - [2022-08-19 01:26:01,493] {dagbag.py:507} INFO - Filling up the DagBag from /home/airflow/.local/lib/python3.7/site-packages/airflow/example_dags/example_local_kubernetes_executor.py
[2022-08-19 01:26:01,518] {processor.py:651} INFO - DAG(s) dict_keys(['example_local_kubernetes_executor']) retrieved from /home/airflow/.local/lib/python3.7/site-packages/airflow/example_dags/example_local_kubernetes_executor.py
[2022-08-19 01:26:01,560] {logging_mixin.py:115} INFO - [2022-08-19 01:26:01,560] {dag.py:2379} INFO - Sync 1 DAGs
[2022-08-19 01:26:01,808] {logging_mixin.py:115} INFO - [2022-08-19 01:26:01,808] {dag.py:2931} INFO - Setting next_dagrun for example_local_kubernetes_executor to None, run_after=None
[2022-08-19 01:26:01,860] {processor.py:161} INFO - Processing /home/airflow/.local/lib/python3.7/site-packages/airflow/example_dags/example_local_kubernetes_executor.py took 0.373 seconds
[2022-08-19 01:26:31,921] {processor.py:153} INFO - Started process (PID=676) to work on /home/airflow/.local/lib/python3.7/site-packages/airflow/example_dags/example_local_kubernetes_executor.py
[2022-08-19 01:26:31,923] {processor.py:641} INFO - Processing file /home/airflow/.local/lib/python3.7/site-packages/airflow/example_dags/example_local_kubernetes_executor.py for tasks to queue
[2022-08-19 01:26:31,924] {logging_mixin.py:115} INFO - [2022-08-19 01:26:31,924] {dagbag.py:507} INFO - Filling up the DagBag from /home/airflow/.local/lib/python3.7/site-packages/airflow/example_dags/example_local_kubernetes_executor.py
[2022-08-19 01:26:31,959] {processor.py:651} INFO - DAG(s) dict_keys(['example_local_kubernetes_executor']) retrieved from /home/airflow/.local/lib/python3.7/site-packages/airflow/example_dags/example_local_kubernetes_executor.py
[2022-08-19 01:26:31,982] {logging_mixin.py:115} INFO - [2022-08-19 01:26:31,982] {dag.py:2379} INFO - Sync 1 DAGs
[2022-08-19 01:26:32,104] {logging_mixin.py:115} INFO - [2022-08-19 01:26:32,104] {dag.py:2931} INFO - Setting next_dagrun for example_local_kubernetes_executor to None, run_after=None
[2022-08-19 01:26:32,117] {processor.py:161} INFO - Processing /home/airflow/.local/lib/python3.7/site-packages/airflow/example_dags/example_local_kubernetes_executor.py took 0.207 seconds
[2022-08-19 01:27:02,457] {processor.py:153} INFO - Started process (PID=742) to work on /home/airflow/.local/lib/python3.7/site-packages/airflow/example_dags/example_local_kubernetes_executor.py
[2022-08-19 01:27:02,458] {processor.py:641} INFO - Processing file /home/airflow/.local/lib/python3.7/site-packages/airflow/example_dags/example_local_kubernetes_executor.py for tasks to queue
[2022-08-19 01:27:02,458] {logging_mixin.py:115} INFO - [2022-08-19 01:27:02,458] {dagbag.py:507} INFO - Filling up the DagBag from /home/airflow/.local/lib/python3.7/site-packages/airflow/example_dags/example_local_kubernetes_executor.py
[2022-08-19 01:27:02,486] {processor.py:651} INFO - DAG(s) dict_keys(['example_local_kubernetes_executor']) retrieved from /home/airflow/.local/lib/python3.7/site-packages/airflow/example_dags/example_local_kubernetes_executor.py
[2022-08-19 01:27:02,584] {logging_mixin.py:115} INFO - [2022-08-19 01:27:02,584] {dag.py:2379} INFO - Sync 1 DAGs
[2022-08-19 01:27:02,775] {logging_mixin.py:115} INFO - [2022-08-19 01:27:02,775] {dag.py:2931} INFO - Setting next_dagrun for example_local_kubernetes_executor to None, run_after=None
[2022-08-19 01:27:02,794] {processor.py:161} INFO - Processing /home/airflow/.local/lib/python3.7/site-packages/airflow/example_dags/example_local_kubernetes_executor.py took 0.340 seconds
[2022-08-19 01:27:33,287] {processor.py:153} INFO - Started process (PID=797) to work on /home/airflow/.local/lib/python3.7/site-packages/airflow/example_dags/example_local_kubernetes_executor.py
[2022-08-19 01:27:33,289] {processor.py:641} INFO - Processing file /home/airflow/.local/lib/python3.7/site-packages/airflow/example_dags/example_local_kubernetes_executor.py for tasks to queue
[2022-08-19 01:27:33,290] {logging_mixin.py:115} INFO - [2022-08-19 01:27:33,290] {dagbag.py:507} INFO - Filling up the DagBag from /home/airflow/.local/lib/python3.7/site-packages/airflow/example_dags/example_local_kubernetes_executor.py
[2022-08-19 01:27:33,354] {processor.py:651} INFO - DAG(s) dict_keys(['example_local_kubernetes_executor']) retrieved from /home/airflow/.local/lib/python3.7/site-packages/airflow/example_dags/example_local_kubernetes_executor.py
[2022-08-19 01:27:33,401] {logging_mixin.py:115} INFO - [2022-08-19 01:27:33,400] {dag.py:2379} INFO - Sync 1 DAGs
[2022-08-19 01:27:33,519] {logging_mixin.py:115} INFO - [2022-08-19 01:27:33,519] {dag.py:2931} INFO - Setting next_dagrun for example_local_kubernetes_executor to None, run_after=None
[2022-08-19 01:27:33,531] {processor.py:161} INFO - Processing /home/airflow/.local/lib/python3.7/site-packages/airflow/example_dags/example_local_kubernetes_executor.py took 0.254 seconds
[2022-08-19 01:28:04,182] {processor.py:153} INFO - Started process (PID=862) to work on /home/airflow/.local/lib/python3.7/site-packages/airflow/example_dags/example_local_kubernetes_executor.py
[2022-08-19 01:28:04,182] {processor.py:641} INFO - Processing file /home/airflow/.local/lib/python3.7/site-packages/airflow/example_dags/example_local_kubernetes_executor.py for tasks to queue
[2022-08-19 01:28:04,183] {logging_mixin.py:115} INFO - [2022-08-19 01:28:04,183] {dagbag.py:507} INFO - Filling up the DagBag from /home/airflow/.local/lib/python3.7/site-packages/airflow/example_dags/example_local_kubernetes_executor.py
[2022-08-19 01:28:04,208] {processor.py:651} INFO - DAG(s) dict_keys(['example_local_kubernetes_executor']) retrieved from /home/airflow/.local/lib/python3.7/site-packages/airflow/example_dags/example_local_kubernetes_executor.py
[2022-08-19 01:28:04,239] {logging_mixin.py:115} INFO - [2022-08-19 01:28:04,239] {dag.py:2379} INFO - Sync 1 DAGs
[2022-08-19 01:28:04,499] {logging_mixin.py:115} INFO - [2022-08-19 01:28:04,499] {dag.py:2931} INFO - Setting next_dagrun for example_local_kubernetes_executor to None, run_after=None
[2022-08-19 01:28:04,528] {processor.py:161} INFO - Processing /home/airflow/.local/lib/python3.7/site-packages/airflow/example_dags/example_local_kubernetes_executor.py took 0.354 seconds
[2022-08-19 01:31:10,123] {processor.py:153} INFO - Started process (PID=63) to work on /home/airflow/.local/lib/python3.7/site-packages/airflow/example_dags/example_local_kubernetes_executor.py
[2022-08-19 01:31:10,130] {processor.py:641} INFO - Processing file /home/airflow/.local/lib/python3.7/site-packages/airflow/example_dags/example_local_kubernetes_executor.py for tasks to queue
[2022-08-19 01:31:10,131] {logging_mixin.py:115} INFO - [2022-08-19 01:31:10,131] {dagbag.py:507} INFO - Filling up the DagBag from /home/airflow/.local/lib/python3.7/site-packages/airflow/example_dags/example_local_kubernetes_executor.py
[2022-08-19 01:31:10,165] {processor.py:651} INFO - DAG(s) dict_keys(['example_local_kubernetes_executor']) retrieved from /home/airflow/.local/lib/python3.7/site-packages/airflow/example_dags/example_local_kubernetes_executor.py
[2022-08-19 01:31:10,208] {logging_mixin.py:115} INFO - [2022-08-19 01:31:10,207] {dag.py:2379} INFO - Sync 1 DAGs
[2022-08-19 01:31:10,454] {logging_mixin.py:115} INFO - [2022-08-19 01:31:10,454] {dag.py:2931} INFO - Setting next_dagrun for example_local_kubernetes_executor to None, run_after=None
[2022-08-19 01:31:10,474] {processor.py:161} INFO - Processing /home/airflow/.local/lib/python3.7/site-packages/airflow/example_dags/example_local_kubernetes_executor.py took 0.355 seconds
[2022-08-19 01:31:41,202] {processor.py:153} INFO - Started process (PID=127) to work on /home/airflow/.local/lib/python3.7/site-packages/airflow/example_dags/example_local_kubernetes_executor.py
[2022-08-19 01:31:41,202] {processor.py:641} INFO - Processing file /home/airflow/.local/lib/python3.7/site-packages/airflow/example_dags/example_local_kubernetes_executor.py for tasks to queue
[2022-08-19 01:31:41,203] {logging_mixin.py:115} INFO - [2022-08-19 01:31:41,203] {dagbag.py:507} INFO - Filling up the DagBag from /home/airflow/.local/lib/python3.7/site-packages/airflow/example_dags/example_local_kubernetes_executor.py
[2022-08-19 01:31:41,228] {processor.py:651} INFO - DAG(s) dict_keys(['example_local_kubernetes_executor']) retrieved from /home/airflow/.local/lib/python3.7/site-packages/airflow/example_dags/example_local_kubernetes_executor.py
[2022-08-19 01:31:41,262] {logging_mixin.py:115} INFO - [2022-08-19 01:31:41,262] {dag.py:2379} INFO - Sync 1 DAGs
[2022-08-19 01:31:41,451] {logging_mixin.py:115} INFO - [2022-08-19 01:31:41,451] {dag.py:2931} INFO - Setting next_dagrun for example_local_kubernetes_executor to None, run_after=None
[2022-08-19 01:31:41,479] {processor.py:161} INFO - Processing /home/airflow/.local/lib/python3.7/site-packages/airflow/example_dags/example_local_kubernetes_executor.py took 0.281 seconds
[2022-08-19 01:32:12,106] {processor.py:153} INFO - Started process (PID=183) to work on /home/airflow/.local/lib/python3.7/site-packages/airflow/example_dags/example_local_kubernetes_executor.py
[2022-08-19 01:32:12,108] {processor.py:641} INFO - Processing file /home/airflow/.local/lib/python3.7/site-packages/airflow/example_dags/example_local_kubernetes_executor.py for tasks to queue
[2022-08-19 01:32:12,111] {logging_mixin.py:115} INFO - [2022-08-19 01:32:12,110] {dagbag.py:507} INFO - Filling up the DagBag from /home/airflow/.local/lib/python3.7/site-packages/airflow/example_dags/example_local_kubernetes_executor.py
[2022-08-19 01:32:12,147] {processor.py:651} INFO - DAG(s) dict_keys(['example_local_kubernetes_executor']) retrieved from /home/airflow/.local/lib/python3.7/site-packages/airflow/example_dags/example_local_kubernetes_executor.py
[2022-08-19 01:32:12,170] {logging_mixin.py:115} INFO - [2022-08-19 01:32:12,170] {dag.py:2379} INFO - Sync 1 DAGs
[2022-08-19 01:32:12,286] {logging_mixin.py:115} INFO - [2022-08-19 01:32:12,286] {dag.py:2931} INFO - Setting next_dagrun for example_local_kubernetes_executor to None, run_after=None
[2022-08-19 01:32:12,298] {processor.py:161} INFO - Processing /home/airflow/.local/lib/python3.7/site-packages/airflow/example_dags/example_local_kubernetes_executor.py took 0.201 seconds
[2022-08-19 01:32:42,706] {processor.py:153} INFO - Started process (PID=249) to work on /home/airflow/.local/lib/python3.7/site-packages/airflow/example_dags/example_local_kubernetes_executor.py
[2022-08-19 01:32:42,707] {processor.py:641} INFO - Processing file /home/airflow/.local/lib/python3.7/site-packages/airflow/example_dags/example_local_kubernetes_executor.py for tasks to queue
[2022-08-19 01:32:42,708] {logging_mixin.py:115} INFO - [2022-08-19 01:32:42,707] {dagbag.py:507} INFO - Filling up the DagBag from /home/airflow/.local/lib/python3.7/site-packages/airflow/example_dags/example_local_kubernetes_executor.py
[2022-08-19 01:32:42,737] {processor.py:651} INFO - DAG(s) dict_keys(['example_local_kubernetes_executor']) retrieved from /home/airflow/.local/lib/python3.7/site-packages/airflow/example_dags/example_local_kubernetes_executor.py
[2022-08-19 01:32:42,781] {logging_mixin.py:115} INFO - [2022-08-19 01:32:42,781] {dag.py:2379} INFO - Sync 1 DAGs
[2022-08-19 01:32:43,069] {logging_mixin.py:115} INFO - [2022-08-19 01:32:43,069] {dag.py:2931} INFO - Setting next_dagrun for example_local_kubernetes_executor to None, run_after=None
[2022-08-19 01:32:43,089] {processor.py:161} INFO - Processing /home/airflow/.local/lib/python3.7/site-packages/airflow/example_dags/example_local_kubernetes_executor.py took 0.387 seconds
[2022-08-19 13:48:42,706] {processor.py:153} INFO - Started process (PID=77) to work on /home/airflow/.local/lib/python3.7/site-packages/airflow/example_dags/example_local_kubernetes_executor.py
[2022-08-19 13:48:42,737] {processor.py:641} INFO - Processing file /home/airflow/.local/lib/python3.7/site-packages/airflow/example_dags/example_local_kubernetes_executor.py for tasks to queue
[2022-08-19 13:48:42,737] {logging_mixin.py:115} INFO - [2022-08-19 13:48:42,737] {dagbag.py:507} INFO - Filling up the DagBag from /home/airflow/.local/lib/python3.7/site-packages/airflow/example_dags/example_local_kubernetes_executor.py
[2022-08-19 13:48:42,897] {processor.py:651} INFO - DAG(s) dict_keys(['example_local_kubernetes_executor']) retrieved from /home/airflow/.local/lib/python3.7/site-packages/airflow/example_dags/example_local_kubernetes_executor.py
[2022-08-19 13:48:43,048] {logging_mixin.py:115} INFO - [2022-08-19 13:48:43,047] {dag.py:2379} INFO - Sync 1 DAGs
[2022-08-19 13:48:43,605] {logging_mixin.py:115} INFO - [2022-08-19 13:48:43,605] {dag.py:2931} INFO - Setting next_dagrun for example_local_kubernetes_executor to None, run_after=None
[2022-08-19 13:48:43,647] {processor.py:161} INFO - Processing /home/airflow/.local/lib/python3.7/site-packages/airflow/example_dags/example_local_kubernetes_executor.py took 0.945 seconds
[2022-08-19 13:49:14,159] {processor.py:153} INFO - Started process (PID=129) to work on /home/airflow/.local/lib/python3.7/site-packages/airflow/example_dags/example_local_kubernetes_executor.py
[2022-08-19 13:49:14,161] {processor.py:641} INFO - Processing file /home/airflow/.local/lib/python3.7/site-packages/airflow/example_dags/example_local_kubernetes_executor.py for tasks to queue
[2022-08-19 13:49:14,162] {logging_mixin.py:115} INFO - [2022-08-19 13:49:14,162] {dagbag.py:507} INFO - Filling up the DagBag from /home/airflow/.local/lib/python3.7/site-packages/airflow/example_dags/example_local_kubernetes_executor.py
[2022-08-19 13:49:14,190] {processor.py:651} INFO - DAG(s) dict_keys(['example_local_kubernetes_executor']) retrieved from /home/airflow/.local/lib/python3.7/site-packages/airflow/example_dags/example_local_kubernetes_executor.py
[2022-08-19 13:49:14,244] {logging_mixin.py:115} INFO - [2022-08-19 13:49:14,244] {dag.py:2379} INFO - Sync 1 DAGs
[2022-08-19 13:49:14,511] {logging_mixin.py:115} INFO - [2022-08-19 13:49:14,511] {dag.py:2931} INFO - Setting next_dagrun for example_local_kubernetes_executor to None, run_after=None
[2022-08-19 13:49:14,543] {processor.py:161} INFO - Processing /home/airflow/.local/lib/python3.7/site-packages/airflow/example_dags/example_local_kubernetes_executor.py took 0.388 seconds
[2022-08-19 13:49:44,832] {processor.py:153} INFO - Started process (PID=183) to work on /home/airflow/.local/lib/python3.7/site-packages/airflow/example_dags/example_local_kubernetes_executor.py
[2022-08-19 13:49:44,832] {processor.py:641} INFO - Processing file /home/airflow/.local/lib/python3.7/site-packages/airflow/example_dags/example_local_kubernetes_executor.py for tasks to queue
[2022-08-19 13:49:44,833] {logging_mixin.py:115} INFO - [2022-08-19 13:49:44,833] {dagbag.py:507} INFO - Filling up the DagBag from /home/airflow/.local/lib/python3.7/site-packages/airflow/example_dags/example_local_kubernetes_executor.py
[2022-08-19 13:49:44,850] {processor.py:651} INFO - DAG(s) dict_keys(['example_local_kubernetes_executor']) retrieved from /home/airflow/.local/lib/python3.7/site-packages/airflow/example_dags/example_local_kubernetes_executor.py
[2022-08-19 13:49:44,871] {logging_mixin.py:115} INFO - [2022-08-19 13:49:44,871] {dag.py:2379} INFO - Sync 1 DAGs
[2022-08-19 13:49:45,002] {logging_mixin.py:115} INFO - [2022-08-19 13:49:45,002] {dag.py:2931} INFO - Setting next_dagrun for example_local_kubernetes_executor to None, run_after=None
[2022-08-19 13:49:45,014] {processor.py:161} INFO - Processing /home/airflow/.local/lib/python3.7/site-packages/airflow/example_dags/example_local_kubernetes_executor.py took 0.185 seconds
