[2022-08-19 15:37:47,890] {processor.py:153} INFO - Started process (PID=46) to work on /home/airflow/.local/lib/python3.7/site-packages/airflow/example_dags/example_bash_operator.py
[2022-08-19 15:37:47,890] {processor.py:641} INFO - Processing file /home/airflow/.local/lib/python3.7/site-packages/airflow/example_dags/example_bash_operator.py for tasks to queue
[2022-08-19 15:37:47,891] {logging_mixin.py:115} INFO - [2022-08-19 15:37:47,891] {dagbag.py:507} INFO - Filling up the DagBag from /home/airflow/.local/lib/python3.7/site-packages/airflow/example_dags/example_bash_operator.py
[2022-08-19 15:37:47,918] {processor.py:651} INFO - DAG(s) dict_keys(['example_bash_operator']) retrieved from /home/airflow/.local/lib/python3.7/site-packages/airflow/example_dags/example_bash_operator.py
[2022-08-19 15:37:48,250] {logging_mixin.py:115} INFO - [2022-08-19 15:37:48,250] {dag.py:2379} INFO - Sync 1 DAGs
[2022-08-19 15:37:48,330] {logging_mixin.py:115} INFO - [2022-08-19 15:37:48,329] {dag.py:2931} INFO - Setting next_dagrun for example_bash_operator to 2022-08-18T00:00:00+00:00, run_after=2022-08-19T00:00:00+00:00
[2022-08-19 15:37:48,370] {processor.py:161} INFO - Processing /home/airflow/.local/lib/python3.7/site-packages/airflow/example_dags/example_bash_operator.py took 0.483 seconds
[2022-08-19 15:38:18,464] {processor.py:153} INFO - Started process (PID=99) to work on /home/airflow/.local/lib/python3.7/site-packages/airflow/example_dags/example_bash_operator.py
[2022-08-19 15:38:18,465] {processor.py:641} INFO - Processing file /home/airflow/.local/lib/python3.7/site-packages/airflow/example_dags/example_bash_operator.py for tasks to queue
[2022-08-19 15:38:18,466] {logging_mixin.py:115} INFO - [2022-08-19 15:38:18,465] {dagbag.py:507} INFO - Filling up the DagBag from /home/airflow/.local/lib/python3.7/site-packages/airflow/example_dags/example_bash_operator.py
[2022-08-19 15:38:18,481] {processor.py:651} INFO - DAG(s) dict_keys(['example_bash_operator']) retrieved from /home/airflow/.local/lib/python3.7/site-packages/airflow/example_dags/example_bash_operator.py
[2022-08-19 15:38:18,654] {logging_mixin.py:115} INFO - [2022-08-19 15:38:18,654] {dag.py:2379} INFO - Sync 1 DAGs
[2022-08-19 15:38:18,681] {logging_mixin.py:115} INFO - [2022-08-19 15:38:18,680] {dag.py:2931} INFO - Setting next_dagrun for example_bash_operator to 2022-08-18T00:00:00+00:00, run_after=2022-08-19T00:00:00+00:00
[2022-08-19 15:38:18,696] {processor.py:161} INFO - Processing /home/airflow/.local/lib/python3.7/site-packages/airflow/example_dags/example_bash_operator.py took 0.236 seconds
[2022-08-19 15:38:49,304] {processor.py:153} INFO - Started process (PID=164) to work on /home/airflow/.local/lib/python3.7/site-packages/airflow/example_dags/example_bash_operator.py
[2022-08-19 15:38:49,305] {processor.py:641} INFO - Processing file /home/airflow/.local/lib/python3.7/site-packages/airflow/example_dags/example_bash_operator.py for tasks to queue
[2022-08-19 15:38:49,306] {logging_mixin.py:115} INFO - [2022-08-19 15:38:49,306] {dagbag.py:507} INFO - Filling up the DagBag from /home/airflow/.local/lib/python3.7/site-packages/airflow/example_dags/example_bash_operator.py
[2022-08-19 15:38:49,319] {processor.py:651} INFO - DAG(s) dict_keys(['example_bash_operator']) retrieved from /home/airflow/.local/lib/python3.7/site-packages/airflow/example_dags/example_bash_operator.py
[2022-08-19 15:38:49,512] {logging_mixin.py:115} INFO - [2022-08-19 15:38:49,512] {dag.py:2379} INFO - Sync 1 DAGs
[2022-08-19 15:38:49,551] {logging_mixin.py:115} INFO - [2022-08-19 15:38:49,551] {dag.py:2931} INFO - Setting next_dagrun for example_bash_operator to 2022-08-18T00:00:00+00:00, run_after=2022-08-19T00:00:00+00:00
[2022-08-19 15:38:49,570] {processor.py:161} INFO - Processing /home/airflow/.local/lib/python3.7/site-packages/airflow/example_dags/example_bash_operator.py took 0.269 seconds
[2022-08-19 15:39:19,836] {processor.py:153} INFO - Started process (PID=227) to work on /home/airflow/.local/lib/python3.7/site-packages/airflow/example_dags/example_bash_operator.py
[2022-08-19 15:39:19,837] {processor.py:641} INFO - Processing file /home/airflow/.local/lib/python3.7/site-packages/airflow/example_dags/example_bash_operator.py for tasks to queue
[2022-08-19 15:39:19,838] {logging_mixin.py:115} INFO - [2022-08-19 15:39:19,838] {dagbag.py:507} INFO - Filling up the DagBag from /home/airflow/.local/lib/python3.7/site-packages/airflow/example_dags/example_bash_operator.py
[2022-08-19 15:39:19,850] {processor.py:651} INFO - DAG(s) dict_keys(['example_bash_operator']) retrieved from /home/airflow/.local/lib/python3.7/site-packages/airflow/example_dags/example_bash_operator.py
[2022-08-19 15:39:20,020] {logging_mixin.py:115} INFO - [2022-08-19 15:39:20,020] {dag.py:2379} INFO - Sync 1 DAGs
[2022-08-19 15:39:20,043] {logging_mixin.py:115} INFO - [2022-08-19 15:39:20,042] {dag.py:2931} INFO - Setting next_dagrun for example_bash_operator to 2022-08-18T00:00:00+00:00, run_after=2022-08-19T00:00:00+00:00
[2022-08-19 15:39:20,057] {processor.py:161} INFO - Processing /home/airflow/.local/lib/python3.7/site-packages/airflow/example_dags/example_bash_operator.py took 0.225 seconds
[2022-08-19 15:39:51,211] {processor.py:153} INFO - Started process (PID=281) to work on /home/airflow/.local/lib/python3.7/site-packages/airflow/example_dags/example_bash_operator.py
[2022-08-19 15:39:51,212] {processor.py:641} INFO - Processing file /home/airflow/.local/lib/python3.7/site-packages/airflow/example_dags/example_bash_operator.py for tasks to queue
[2022-08-19 15:39:51,212] {logging_mixin.py:115} INFO - [2022-08-19 15:39:51,212] {dagbag.py:507} INFO - Filling up the DagBag from /home/airflow/.local/lib/python3.7/site-packages/airflow/example_dags/example_bash_operator.py
[2022-08-19 15:39:51,226] {processor.py:651} INFO - DAG(s) dict_keys(['example_bash_operator']) retrieved from /home/airflow/.local/lib/python3.7/site-packages/airflow/example_dags/example_bash_operator.py
[2022-08-19 15:39:51,421] {logging_mixin.py:115} INFO - [2022-08-19 15:39:51,421] {dag.py:2379} INFO - Sync 1 DAGs
[2022-08-19 15:39:51,447] {logging_mixin.py:115} INFO - [2022-08-19 15:39:51,447] {dag.py:2931} INFO - Setting next_dagrun for example_bash_operator to 2022-08-18T00:00:00+00:00, run_after=2022-08-19T00:00:00+00:00
[2022-08-19 15:39:51,465] {processor.py:161} INFO - Processing /home/airflow/.local/lib/python3.7/site-packages/airflow/example_dags/example_bash_operator.py took 0.259 seconds
[2022-08-19 15:40:22,629] {processor.py:153} INFO - Started process (PID=346) to work on /home/airflow/.local/lib/python3.7/site-packages/airflow/example_dags/example_bash_operator.py
[2022-08-19 15:40:22,630] {processor.py:641} INFO - Processing file /home/airflow/.local/lib/python3.7/site-packages/airflow/example_dags/example_bash_operator.py for tasks to queue
[2022-08-19 15:40:22,633] {logging_mixin.py:115} INFO - [2022-08-19 15:40:22,633] {dagbag.py:507} INFO - Filling up the DagBag from /home/airflow/.local/lib/python3.7/site-packages/airflow/example_dags/example_bash_operator.py
[2022-08-19 15:40:22,653] {processor.py:651} INFO - DAG(s) dict_keys(['example_bash_operator']) retrieved from /home/airflow/.local/lib/python3.7/site-packages/airflow/example_dags/example_bash_operator.py
[2022-08-19 15:40:22,827] {logging_mixin.py:115} INFO - [2022-08-19 15:40:22,827] {dag.py:2379} INFO - Sync 1 DAGs
[2022-08-19 15:40:22,852] {logging_mixin.py:115} INFO - [2022-08-19 15:40:22,852] {dag.py:2931} INFO - Setting next_dagrun for example_bash_operator to 2022-08-18T00:00:00+00:00, run_after=2022-08-19T00:00:00+00:00
[2022-08-19 15:40:22,869] {processor.py:161} INFO - Processing /home/airflow/.local/lib/python3.7/site-packages/airflow/example_dags/example_bash_operator.py took 0.245 seconds
[2022-08-19 15:40:53,826] {processor.py:153} INFO - Started process (PID=407) to work on /home/airflow/.local/lib/python3.7/site-packages/airflow/example_dags/example_bash_operator.py
[2022-08-19 15:40:53,828] {processor.py:641} INFO - Processing file /home/airflow/.local/lib/python3.7/site-packages/airflow/example_dags/example_bash_operator.py for tasks to queue
[2022-08-19 15:40:53,830] {logging_mixin.py:115} INFO - [2022-08-19 15:40:53,830] {dagbag.py:507} INFO - Filling up the DagBag from /home/airflow/.local/lib/python3.7/site-packages/airflow/example_dags/example_bash_operator.py
[2022-08-19 15:40:53,847] {processor.py:651} INFO - DAG(s) dict_keys(['example_bash_operator']) retrieved from /home/airflow/.local/lib/python3.7/site-packages/airflow/example_dags/example_bash_operator.py
[2022-08-19 15:40:54,036] {logging_mixin.py:115} INFO - [2022-08-19 15:40:54,036] {dag.py:2379} INFO - Sync 1 DAGs
[2022-08-19 15:40:54,067] {logging_mixin.py:115} INFO - [2022-08-19 15:40:54,067] {dag.py:2931} INFO - Setting next_dagrun for example_bash_operator to 2022-08-18T00:00:00+00:00, run_after=2022-08-19T00:00:00+00:00
[2022-08-19 15:40:54,085] {processor.py:161} INFO - Processing /home/airflow/.local/lib/python3.7/site-packages/airflow/example_dags/example_bash_operator.py took 0.264 seconds
[2022-08-19 15:41:24,309] {processor.py:153} INFO - Started process (PID=461) to work on /home/airflow/.local/lib/python3.7/site-packages/airflow/example_dags/example_bash_operator.py
[2022-08-19 15:41:24,310] {processor.py:641} INFO - Processing file /home/airflow/.local/lib/python3.7/site-packages/airflow/example_dags/example_bash_operator.py for tasks to queue
[2022-08-19 15:41:24,310] {logging_mixin.py:115} INFO - [2022-08-19 15:41:24,310] {dagbag.py:507} INFO - Filling up the DagBag from /home/airflow/.local/lib/python3.7/site-packages/airflow/example_dags/example_bash_operator.py
[2022-08-19 15:41:24,322] {processor.py:651} INFO - DAG(s) dict_keys(['example_bash_operator']) retrieved from /home/airflow/.local/lib/python3.7/site-packages/airflow/example_dags/example_bash_operator.py
[2022-08-19 15:41:24,478] {logging_mixin.py:115} INFO - [2022-08-19 15:41:24,478] {dag.py:2379} INFO - Sync 1 DAGs
[2022-08-19 15:41:24,500] {logging_mixin.py:115} INFO - [2022-08-19 15:41:24,500] {dag.py:2931} INFO - Setting next_dagrun for example_bash_operator to 2022-08-18T00:00:00+00:00, run_after=2022-08-19T00:00:00+00:00
[2022-08-19 15:41:24,513] {processor.py:161} INFO - Processing /home/airflow/.local/lib/python3.7/site-packages/airflow/example_dags/example_bash_operator.py took 0.207 seconds
[2022-08-19 15:41:54,668] {processor.py:153} INFO - Started process (PID=527) to work on /home/airflow/.local/lib/python3.7/site-packages/airflow/example_dags/example_bash_operator.py
[2022-08-19 15:41:54,668] {processor.py:641} INFO - Processing file /home/airflow/.local/lib/python3.7/site-packages/airflow/example_dags/example_bash_operator.py for tasks to queue
[2022-08-19 15:41:54,669] {logging_mixin.py:115} INFO - [2022-08-19 15:41:54,668] {dagbag.py:507} INFO - Filling up the DagBag from /home/airflow/.local/lib/python3.7/site-packages/airflow/example_dags/example_bash_operator.py
[2022-08-19 15:41:54,680] {processor.py:651} INFO - DAG(s) dict_keys(['example_bash_operator']) retrieved from /home/airflow/.local/lib/python3.7/site-packages/airflow/example_dags/example_bash_operator.py
[2022-08-19 15:41:54,808] {logging_mixin.py:115} INFO - [2022-08-19 15:41:54,808] {dag.py:2379} INFO - Sync 1 DAGs
[2022-08-19 15:41:54,830] {logging_mixin.py:115} INFO - [2022-08-19 15:41:54,830] {dag.py:2931} INFO - Setting next_dagrun for example_bash_operator to 2022-08-18T00:00:00+00:00, run_after=2022-08-19T00:00:00+00:00
[2022-08-19 15:41:54,843] {processor.py:161} INFO - Processing /home/airflow/.local/lib/python3.7/site-packages/airflow/example_dags/example_bash_operator.py took 0.179 seconds
[2022-08-19 15:42:25,647] {processor.py:153} INFO - Started process (PID=581) to work on /home/airflow/.local/lib/python3.7/site-packages/airflow/example_dags/example_bash_operator.py
[2022-08-19 15:42:25,648] {processor.py:641} INFO - Processing file /home/airflow/.local/lib/python3.7/site-packages/airflow/example_dags/example_bash_operator.py for tasks to queue
[2022-08-19 15:42:25,648] {logging_mixin.py:115} INFO - [2022-08-19 15:42:25,648] {dagbag.py:507} INFO - Filling up the DagBag from /home/airflow/.local/lib/python3.7/site-packages/airflow/example_dags/example_bash_operator.py
[2022-08-19 15:42:25,668] {processor.py:651} INFO - DAG(s) dict_keys(['example_bash_operator']) retrieved from /home/airflow/.local/lib/python3.7/site-packages/airflow/example_dags/example_bash_operator.py
[2022-08-19 15:42:25,894] {logging_mixin.py:115} INFO - [2022-08-19 15:42:25,894] {dag.py:2379} INFO - Sync 1 DAGs
[2022-08-19 15:42:25,930] {logging_mixin.py:115} INFO - [2022-08-19 15:42:25,930] {dag.py:2931} INFO - Setting next_dagrun for example_bash_operator to 2022-08-18T00:00:00+00:00, run_after=2022-08-19T00:00:00+00:00
[2022-08-19 15:42:25,945] {processor.py:161} INFO - Processing /home/airflow/.local/lib/python3.7/site-packages/airflow/example_dags/example_bash_operator.py took 0.300 seconds
[2022-08-19 15:42:56,022] {processor.py:153} INFO - Started process (PID=643) to work on /home/airflow/.local/lib/python3.7/site-packages/airflow/example_dags/example_bash_operator.py
[2022-08-19 15:42:56,023] {processor.py:641} INFO - Processing file /home/airflow/.local/lib/python3.7/site-packages/airflow/example_dags/example_bash_operator.py for tasks to queue
[2022-08-19 15:42:56,023] {logging_mixin.py:115} INFO - [2022-08-19 15:42:56,023] {dagbag.py:507} INFO - Filling up the DagBag from /home/airflow/.local/lib/python3.7/site-packages/airflow/example_dags/example_bash_operator.py
[2022-08-19 15:42:56,039] {processor.py:651} INFO - DAG(s) dict_keys(['example_bash_operator']) retrieved from /home/airflow/.local/lib/python3.7/site-packages/airflow/example_dags/example_bash_operator.py
[2022-08-19 15:42:56,172] {logging_mixin.py:115} INFO - [2022-08-19 15:42:56,172] {dag.py:2379} INFO - Sync 1 DAGs
[2022-08-19 15:42:56,205] {logging_mixin.py:115} INFO - [2022-08-19 15:42:56,205] {dag.py:2931} INFO - Setting next_dagrun for example_bash_operator to 2022-08-18T00:00:00+00:00, run_after=2022-08-19T00:00:00+00:00
[2022-08-19 15:42:56,223] {processor.py:161} INFO - Processing /home/airflow/.local/lib/python3.7/site-packages/airflow/example_dags/example_bash_operator.py took 0.204 seconds
[2022-08-19 15:43:59,095] {processor.py:153} INFO - Started process (PID=47) to work on /home/airflow/.local/lib/python3.7/site-packages/airflow/example_dags/example_bash_operator.py
[2022-08-19 15:43:59,095] {processor.py:641} INFO - Processing file /home/airflow/.local/lib/python3.7/site-packages/airflow/example_dags/example_bash_operator.py for tasks to queue
[2022-08-19 15:43:59,101] {logging_mixin.py:115} INFO - [2022-08-19 15:43:59,101] {dagbag.py:507} INFO - Filling up the DagBag from /home/airflow/.local/lib/python3.7/site-packages/airflow/example_dags/example_bash_operator.py
[2022-08-19 15:43:59,139] {processor.py:651} INFO - DAG(s) dict_keys(['example_bash_operator']) retrieved from /home/airflow/.local/lib/python3.7/site-packages/airflow/example_dags/example_bash_operator.py
[2022-08-19 15:43:59,234] {logging_mixin.py:115} INFO - [2022-08-19 15:43:59,234] {dag.py:2379} INFO - Sync 1 DAGs
[2022-08-19 15:43:59,323] {logging_mixin.py:115} INFO - [2022-08-19 15:43:59,323] {dag.py:2931} INFO - Setting next_dagrun for example_bash_operator to 2022-08-18T00:00:00+00:00, run_after=2022-08-19T00:00:00+00:00
[2022-08-19 15:43:59,383] {processor.py:161} INFO - Processing /home/airflow/.local/lib/python3.7/site-packages/airflow/example_dags/example_bash_operator.py took 0.301 seconds
[2022-08-19 15:44:29,604] {processor.py:153} INFO - Started process (PID=101) to work on /home/airflow/.local/lib/python3.7/site-packages/airflow/example_dags/example_bash_operator.py
[2022-08-19 15:44:29,605] {processor.py:641} INFO - Processing file /home/airflow/.local/lib/python3.7/site-packages/airflow/example_dags/example_bash_operator.py for tasks to queue
[2022-08-19 15:44:29,607] {logging_mixin.py:115} INFO - [2022-08-19 15:44:29,606] {dagbag.py:507} INFO - Filling up the DagBag from /home/airflow/.local/lib/python3.7/site-packages/airflow/example_dags/example_bash_operator.py
[2022-08-19 15:44:29,650] {processor.py:651} INFO - DAG(s) dict_keys(['example_bash_operator']) retrieved from /home/airflow/.local/lib/python3.7/site-packages/airflow/example_dags/example_bash_operator.py
[2022-08-19 15:44:29,701] {logging_mixin.py:115} INFO - [2022-08-19 15:44:29,700] {dag.py:2379} INFO - Sync 1 DAGs
[2022-08-19 15:44:29,741] {logging_mixin.py:115} INFO - [2022-08-19 15:44:29,741] {dag.py:2931} INFO - Setting next_dagrun for example_bash_operator to 2022-08-18T00:00:00+00:00, run_after=2022-08-19T00:00:00+00:00
[2022-08-19 15:44:29,756] {processor.py:161} INFO - Processing /home/airflow/.local/lib/python3.7/site-packages/airflow/example_dags/example_bash_operator.py took 0.163 seconds
[2022-08-19 16:13:48,876] {processor.py:153} INFO - Started process (PID=38) to work on /home/airflow/.local/lib/python3.7/site-packages/airflow/example_dags/example_bash_operator.py
[2022-08-19 16:13:48,877] {processor.py:641} INFO - Processing file /home/airflow/.local/lib/python3.7/site-packages/airflow/example_dags/example_bash_operator.py for tasks to queue
[2022-08-19 16:13:48,878] {logging_mixin.py:115} INFO - [2022-08-19 16:13:48,878] {dagbag.py:507} INFO - Filling up the DagBag from /home/airflow/.local/lib/python3.7/site-packages/airflow/example_dags/example_bash_operator.py
[2022-08-19 16:13:48,903] {processor.py:651} INFO - DAG(s) dict_keys(['example_bash_operator']) retrieved from /home/airflow/.local/lib/python3.7/site-packages/airflow/example_dags/example_bash_operator.py
[2022-08-19 16:13:48,928] {logging_mixin.py:115} INFO - [2022-08-19 16:13:48,928] {dag.py:2379} INFO - Sync 1 DAGs
[2022-08-19 16:13:48,954] {logging_mixin.py:115} INFO - [2022-08-19 16:13:48,954] {dag.py:2931} INFO - Setting next_dagrun for example_bash_operator to 2022-08-18T00:00:00+00:00, run_after=2022-08-19T00:00:00+00:00
[2022-08-19 16:13:48,970] {processor.py:161} INFO - Processing /home/airflow/.local/lib/python3.7/site-packages/airflow/example_dags/example_bash_operator.py took 0.097 seconds
[2022-08-19 16:14:19,764] {processor.py:153} INFO - Started process (PID=99) to work on /home/airflow/.local/lib/python3.7/site-packages/airflow/example_dags/example_bash_operator.py
[2022-08-19 16:14:19,765] {processor.py:641} INFO - Processing file /home/airflow/.local/lib/python3.7/site-packages/airflow/example_dags/example_bash_operator.py for tasks to queue
[2022-08-19 16:14:19,767] {logging_mixin.py:115} INFO - [2022-08-19 16:14:19,766] {dagbag.py:507} INFO - Filling up the DagBag from /home/airflow/.local/lib/python3.7/site-packages/airflow/example_dags/example_bash_operator.py
[2022-08-19 16:14:19,780] {processor.py:651} INFO - DAG(s) dict_keys(['example_bash_operator']) retrieved from /home/airflow/.local/lib/python3.7/site-packages/airflow/example_dags/example_bash_operator.py
[2022-08-19 16:14:19,821] {logging_mixin.py:115} INFO - [2022-08-19 16:14:19,821] {dag.py:2379} INFO - Sync 1 DAGs
[2022-08-19 16:14:19,846] {logging_mixin.py:115} INFO - [2022-08-19 16:14:19,846] {dag.py:2931} INFO - Setting next_dagrun for example_bash_operator to 2022-08-18T00:00:00+00:00, run_after=2022-08-19T00:00:00+00:00
[2022-08-19 16:14:19,871] {processor.py:161} INFO - Processing /home/airflow/.local/lib/python3.7/site-packages/airflow/example_dags/example_bash_operator.py took 0.111 seconds
[2022-08-19 16:14:50,157] {processor.py:153} INFO - Started process (PID=153) to work on /home/airflow/.local/lib/python3.7/site-packages/airflow/example_dags/example_bash_operator.py
[2022-08-19 16:14:50,161] {processor.py:641} INFO - Processing file /home/airflow/.local/lib/python3.7/site-packages/airflow/example_dags/example_bash_operator.py for tasks to queue
[2022-08-19 16:14:50,162] {logging_mixin.py:115} INFO - [2022-08-19 16:14:50,161] {dagbag.py:507} INFO - Filling up the DagBag from /home/airflow/.local/lib/python3.7/site-packages/airflow/example_dags/example_bash_operator.py
[2022-08-19 16:14:50,175] {processor.py:651} INFO - DAG(s) dict_keys(['example_bash_operator']) retrieved from /home/airflow/.local/lib/python3.7/site-packages/airflow/example_dags/example_bash_operator.py
[2022-08-19 16:14:50,243] {logging_mixin.py:115} INFO - [2022-08-19 16:14:50,243] {dag.py:2379} INFO - Sync 1 DAGs
[2022-08-19 16:14:50,285] {logging_mixin.py:115} INFO - [2022-08-19 16:14:50,285] {dag.py:2931} INFO - Setting next_dagrun for example_bash_operator to 2022-08-18T00:00:00+00:00, run_after=2022-08-19T00:00:00+00:00
[2022-08-19 16:14:50,309] {processor.py:161} INFO - Processing /home/airflow/.local/lib/python3.7/site-packages/airflow/example_dags/example_bash_operator.py took 0.156 seconds
[2022-08-19 16:15:21,563] {processor.py:153} INFO - Started process (PID=216) to work on /home/airflow/.local/lib/python3.7/site-packages/airflow/example_dags/example_bash_operator.py
[2022-08-19 16:15:21,588] {processor.py:641} INFO - Processing file /home/airflow/.local/lib/python3.7/site-packages/airflow/example_dags/example_bash_operator.py for tasks to queue
[2022-08-19 16:15:21,589] {logging_mixin.py:115} INFO - [2022-08-19 16:15:21,589] {dagbag.py:507} INFO - Filling up the DagBag from /home/airflow/.local/lib/python3.7/site-packages/airflow/example_dags/example_bash_operator.py
[2022-08-19 16:15:21,620] {processor.py:651} INFO - DAG(s) dict_keys(['example_bash_operator']) retrieved from /home/airflow/.local/lib/python3.7/site-packages/airflow/example_dags/example_bash_operator.py
[2022-08-19 16:15:21,756] {logging_mixin.py:115} INFO - [2022-08-19 16:15:21,756] {dag.py:2379} INFO - Sync 1 DAGs
[2022-08-19 16:15:22,071] {logging_mixin.py:115} INFO - [2022-08-19 16:15:22,071] {dag.py:2931} INFO - Setting next_dagrun for example_bash_operator to 2022-08-18T00:00:00+00:00, run_after=2022-08-19T00:00:00+00:00
[2022-08-19 16:15:22,261] {processor.py:161} INFO - Processing /home/airflow/.local/lib/python3.7/site-packages/airflow/example_dags/example_bash_operator.py took 0.702 seconds
[2022-08-19 16:15:52,302] {processor.py:153} INFO - Started process (PID=269) to work on /home/airflow/.local/lib/python3.7/site-packages/airflow/example_dags/example_bash_operator.py
[2022-08-19 16:15:52,302] {processor.py:641} INFO - Processing file /home/airflow/.local/lib/python3.7/site-packages/airflow/example_dags/example_bash_operator.py for tasks to queue
[2022-08-19 16:15:52,303] {logging_mixin.py:115} INFO - [2022-08-19 16:15:52,303] {dagbag.py:507} INFO - Filling up the DagBag from /home/airflow/.local/lib/python3.7/site-packages/airflow/example_dags/example_bash_operator.py
[2022-08-19 16:15:52,319] {processor.py:651} INFO - DAG(s) dict_keys(['example_bash_operator']) retrieved from /home/airflow/.local/lib/python3.7/site-packages/airflow/example_dags/example_bash_operator.py
[2022-08-19 16:15:52,361] {logging_mixin.py:115} INFO - [2022-08-19 16:15:52,361] {dag.py:2379} INFO - Sync 1 DAGs
[2022-08-19 16:15:52,389] {logging_mixin.py:115} INFO - [2022-08-19 16:15:52,389] {dag.py:2931} INFO - Setting next_dagrun for example_bash_operator to 2022-08-18T00:00:00+00:00, run_after=2022-08-19T00:00:00+00:00
[2022-08-19 16:15:52,414] {processor.py:161} INFO - Processing /home/airflow/.local/lib/python3.7/site-packages/airflow/example_dags/example_bash_operator.py took 0.115 seconds
[2022-08-19 16:16:22,883] {processor.py:153} INFO - Started process (PID=332) to work on /home/airflow/.local/lib/python3.7/site-packages/airflow/example_dags/example_bash_operator.py
[2022-08-19 16:16:22,887] {processor.py:641} INFO - Processing file /home/airflow/.local/lib/python3.7/site-packages/airflow/example_dags/example_bash_operator.py for tasks to queue
[2022-08-19 16:16:22,887] {logging_mixin.py:115} INFO - [2022-08-19 16:16:22,887] {dagbag.py:507} INFO - Filling up the DagBag from /home/airflow/.local/lib/python3.7/site-packages/airflow/example_dags/example_bash_operator.py
[2022-08-19 16:16:22,899] {processor.py:651} INFO - DAG(s) dict_keys(['example_bash_operator']) retrieved from /home/airflow/.local/lib/python3.7/site-packages/airflow/example_dags/example_bash_operator.py
[2022-08-19 16:16:22,936] {logging_mixin.py:115} INFO - [2022-08-19 16:16:22,936] {dag.py:2379} INFO - Sync 1 DAGs
[2022-08-19 16:16:22,963] {logging_mixin.py:115} INFO - [2022-08-19 16:16:22,963] {dag.py:2931} INFO - Setting next_dagrun for example_bash_operator to 2022-08-18T00:00:00+00:00, run_after=2022-08-19T00:00:00+00:00
[2022-08-19 16:16:22,984] {processor.py:161} INFO - Processing /home/airflow/.local/lib/python3.7/site-packages/airflow/example_dags/example_bash_operator.py took 0.108 seconds
[2022-08-19 16:16:53,600] {processor.py:153} INFO - Started process (PID=385) to work on /home/airflow/.local/lib/python3.7/site-packages/airflow/example_dags/example_bash_operator.py
[2022-08-19 16:16:53,600] {processor.py:641} INFO - Processing file /home/airflow/.local/lib/python3.7/site-packages/airflow/example_dags/example_bash_operator.py for tasks to queue
[2022-08-19 16:16:53,601] {logging_mixin.py:115} INFO - [2022-08-19 16:16:53,601] {dagbag.py:507} INFO - Filling up the DagBag from /home/airflow/.local/lib/python3.7/site-packages/airflow/example_dags/example_bash_operator.py
[2022-08-19 16:16:53,614] {processor.py:651} INFO - DAG(s) dict_keys(['example_bash_operator']) retrieved from /home/airflow/.local/lib/python3.7/site-packages/airflow/example_dags/example_bash_operator.py
[2022-08-19 16:16:53,647] {logging_mixin.py:115} INFO - [2022-08-19 16:16:53,647] {dag.py:2379} INFO - Sync 1 DAGs
[2022-08-19 16:16:53,672] {logging_mixin.py:115} INFO - [2022-08-19 16:16:53,672] {dag.py:2931} INFO - Setting next_dagrun for example_bash_operator to 2022-08-18T00:00:00+00:00, run_after=2022-08-19T00:00:00+00:00
[2022-08-19 16:16:53,688] {processor.py:161} INFO - Processing /home/airflow/.local/lib/python3.7/site-packages/airflow/example_dags/example_bash_operator.py took 0.091 seconds
[2022-08-19 16:17:24,176] {processor.py:153} INFO - Started process (PID=448) to work on /home/airflow/.local/lib/python3.7/site-packages/airflow/example_dags/example_bash_operator.py
[2022-08-19 16:17:24,177] {processor.py:641} INFO - Processing file /home/airflow/.local/lib/python3.7/site-packages/airflow/example_dags/example_bash_operator.py for tasks to queue
[2022-08-19 16:17:24,178] {logging_mixin.py:115} INFO - [2022-08-19 16:17:24,178] {dagbag.py:507} INFO - Filling up the DagBag from /home/airflow/.local/lib/python3.7/site-packages/airflow/example_dags/example_bash_operator.py
[2022-08-19 16:17:24,192] {processor.py:651} INFO - DAG(s) dict_keys(['example_bash_operator']) retrieved from /home/airflow/.local/lib/python3.7/site-packages/airflow/example_dags/example_bash_operator.py
[2022-08-19 16:17:24,231] {logging_mixin.py:115} INFO - [2022-08-19 16:17:24,231] {dag.py:2379} INFO - Sync 1 DAGs
[2022-08-19 16:17:24,262] {logging_mixin.py:115} INFO - [2022-08-19 16:17:24,262] {dag.py:2931} INFO - Setting next_dagrun for example_bash_operator to 2022-08-18T00:00:00+00:00, run_after=2022-08-19T00:00:00+00:00
[2022-08-19 16:17:24,282] {processor.py:161} INFO - Processing /home/airflow/.local/lib/python3.7/site-packages/airflow/example_dags/example_bash_operator.py took 0.111 seconds
[2022-08-19 16:24:19,773] {processor.py:153} INFO - Started process (PID=47) to work on /home/airflow/.local/lib/python3.7/site-packages/airflow/example_dags/example_bash_operator.py
[2022-08-19 16:24:19,774] {processor.py:641} INFO - Processing file /home/airflow/.local/lib/python3.7/site-packages/airflow/example_dags/example_bash_operator.py for tasks to queue
[2022-08-19 16:24:19,775] {logging_mixin.py:115} INFO - [2022-08-19 16:24:19,775] {dagbag.py:507} INFO - Filling up the DagBag from /home/airflow/.local/lib/python3.7/site-packages/airflow/example_dags/example_bash_operator.py
[2022-08-19 16:24:19,805] {processor.py:651} INFO - DAG(s) dict_keys(['example_bash_operator']) retrieved from /home/airflow/.local/lib/python3.7/site-packages/airflow/example_dags/example_bash_operator.py
[2022-08-19 16:24:19,865] {logging_mixin.py:115} INFO - [2022-08-19 16:24:19,865] {dag.py:2379} INFO - Sync 1 DAGs
[2022-08-19 16:24:19,920] {logging_mixin.py:115} INFO - [2022-08-19 16:24:19,920] {dag.py:2931} INFO - Setting next_dagrun for example_bash_operator to 2022-08-18T00:00:00+00:00, run_after=2022-08-19T00:00:00+00:00
[2022-08-19 16:24:19,965] {processor.py:161} INFO - Processing /home/airflow/.local/lib/python3.7/site-packages/airflow/example_dags/example_bash_operator.py took 0.201 seconds
[2022-08-19 16:24:50,075] {processor.py:153} INFO - Started process (PID=98) to work on /home/airflow/.local/lib/python3.7/site-packages/airflow/example_dags/example_bash_operator.py
[2022-08-19 16:24:50,076] {processor.py:641} INFO - Processing file /home/airflow/.local/lib/python3.7/site-packages/airflow/example_dags/example_bash_operator.py for tasks to queue
[2022-08-19 16:24:50,076] {logging_mixin.py:115} INFO - [2022-08-19 16:24:50,076] {dagbag.py:507} INFO - Filling up the DagBag from /home/airflow/.local/lib/python3.7/site-packages/airflow/example_dags/example_bash_operator.py
[2022-08-19 16:24:50,088] {processor.py:651} INFO - DAG(s) dict_keys(['example_bash_operator']) retrieved from /home/airflow/.local/lib/python3.7/site-packages/airflow/example_dags/example_bash_operator.py
[2022-08-19 16:24:50,110] {logging_mixin.py:115} INFO - [2022-08-19 16:24:50,110] {dag.py:2379} INFO - Sync 1 DAGs
[2022-08-19 16:24:50,131] {logging_mixin.py:115} INFO - [2022-08-19 16:24:50,131] {dag.py:2931} INFO - Setting next_dagrun for example_bash_operator to 2022-08-18T00:00:00+00:00, run_after=2022-08-19T00:00:00+00:00
[2022-08-19 16:24:50,145] {processor.py:161} INFO - Processing /home/airflow/.local/lib/python3.7/site-packages/airflow/example_dags/example_bash_operator.py took 0.073 seconds
[2022-08-19 16:25:20,469] {processor.py:153} INFO - Started process (PID=161) to work on /home/airflow/.local/lib/python3.7/site-packages/airflow/example_dags/example_bash_operator.py
[2022-08-19 16:25:20,470] {processor.py:641} INFO - Processing file /home/airflow/.local/lib/python3.7/site-packages/airflow/example_dags/example_bash_operator.py for tasks to queue
[2022-08-19 16:25:20,470] {logging_mixin.py:115} INFO - [2022-08-19 16:25:20,470] {dagbag.py:507} INFO - Filling up the DagBag from /home/airflow/.local/lib/python3.7/site-packages/airflow/example_dags/example_bash_operator.py
[2022-08-19 16:25:20,482] {processor.py:651} INFO - DAG(s) dict_keys(['example_bash_operator']) retrieved from /home/airflow/.local/lib/python3.7/site-packages/airflow/example_dags/example_bash_operator.py
[2022-08-19 16:25:20,531] {logging_mixin.py:115} INFO - [2022-08-19 16:25:20,531] {dag.py:2379} INFO - Sync 1 DAGs
[2022-08-19 16:25:20,558] {logging_mixin.py:115} INFO - [2022-08-19 16:25:20,558] {dag.py:2931} INFO - Setting next_dagrun for example_bash_operator to 2022-08-18T00:00:00+00:00, run_after=2022-08-19T00:00:00+00:00
[2022-08-19 16:25:20,571] {processor.py:161} INFO - Processing /home/airflow/.local/lib/python3.7/site-packages/airflow/example_dags/example_bash_operator.py took 0.106 seconds
[2022-08-19 16:25:50,817] {processor.py:153} INFO - Started process (PID=215) to work on /home/airflow/.local/lib/python3.7/site-packages/airflow/example_dags/example_bash_operator.py
[2022-08-19 16:25:50,818] {processor.py:641} INFO - Processing file /home/airflow/.local/lib/python3.7/site-packages/airflow/example_dags/example_bash_operator.py for tasks to queue
[2022-08-19 16:25:50,819] {logging_mixin.py:115} INFO - [2022-08-19 16:25:50,819] {dagbag.py:507} INFO - Filling up the DagBag from /home/airflow/.local/lib/python3.7/site-packages/airflow/example_dags/example_bash_operator.py
[2022-08-19 16:25:50,835] {processor.py:651} INFO - DAG(s) dict_keys(['example_bash_operator']) retrieved from /home/airflow/.local/lib/python3.7/site-packages/airflow/example_dags/example_bash_operator.py
[2022-08-19 16:25:50,865] {logging_mixin.py:115} INFO - [2022-08-19 16:25:50,864] {dag.py:2379} INFO - Sync 1 DAGs
[2022-08-19 16:25:50,893] {logging_mixin.py:115} INFO - [2022-08-19 16:25:50,893] {dag.py:2931} INFO - Setting next_dagrun for example_bash_operator to 2022-08-18T00:00:00+00:00, run_after=2022-08-19T00:00:00+00:00
[2022-08-19 16:25:50,915] {processor.py:161} INFO - Processing /home/airflow/.local/lib/python3.7/site-packages/airflow/example_dags/example_bash_operator.py took 0.102 seconds
[2022-08-19 16:26:21,106] {processor.py:153} INFO - Started process (PID=278) to work on /home/airflow/.local/lib/python3.7/site-packages/airflow/example_dags/example_bash_operator.py
[2022-08-19 16:26:21,107] {processor.py:641} INFO - Processing file /home/airflow/.local/lib/python3.7/site-packages/airflow/example_dags/example_bash_operator.py for tasks to queue
[2022-08-19 16:26:21,108] {logging_mixin.py:115} INFO - [2022-08-19 16:26:21,108] {dagbag.py:507} INFO - Filling up the DagBag from /home/airflow/.local/lib/python3.7/site-packages/airflow/example_dags/example_bash_operator.py
[2022-08-19 16:26:21,136] {processor.py:651} INFO - DAG(s) dict_keys(['example_bash_operator']) retrieved from /home/airflow/.local/lib/python3.7/site-packages/airflow/example_dags/example_bash_operator.py
[2022-08-19 16:26:21,193] {logging_mixin.py:115} INFO - [2022-08-19 16:26:21,193] {dag.py:2379} INFO - Sync 1 DAGs
[2022-08-19 16:26:21,230] {logging_mixin.py:115} INFO - [2022-08-19 16:26:21,230] {dag.py:2931} INFO - Setting next_dagrun for example_bash_operator to 2022-08-18T00:00:00+00:00, run_after=2022-08-19T00:00:00+00:00
[2022-08-19 16:26:21,257] {processor.py:161} INFO - Processing /home/airflow/.local/lib/python3.7/site-packages/airflow/example_dags/example_bash_operator.py took 0.157 seconds
[2022-08-19 16:31:11,536] {processor.py:153} INFO - Started process (PID=47) to work on /home/airflow/.local/lib/python3.7/site-packages/airflow/example_dags/example_bash_operator.py
[2022-08-19 16:31:11,551] {processor.py:641} INFO - Processing file /home/airflow/.local/lib/python3.7/site-packages/airflow/example_dags/example_bash_operator.py for tasks to queue
[2022-08-19 16:31:11,552] {logging_mixin.py:115} INFO - [2022-08-19 16:31:11,552] {dagbag.py:507} INFO - Filling up the DagBag from /home/airflow/.local/lib/python3.7/site-packages/airflow/example_dags/example_bash_operator.py
[2022-08-19 16:31:11,596] {processor.py:651} INFO - DAG(s) dict_keys(['example_bash_operator']) retrieved from /home/airflow/.local/lib/python3.7/site-packages/airflow/example_dags/example_bash_operator.py
[2022-08-19 16:31:11,697] {logging_mixin.py:115} INFO - [2022-08-19 16:31:11,697] {dag.py:2379} INFO - Sync 1 DAGs
[2022-08-19 16:31:11,732] {logging_mixin.py:115} INFO - [2022-08-19 16:31:11,732] {dag.py:2931} INFO - Setting next_dagrun for example_bash_operator to 2022-08-18T00:00:00+00:00, run_after=2022-08-19T00:00:00+00:00
[2022-08-19 16:31:11,813] {processor.py:161} INFO - Processing /home/airflow/.local/lib/python3.7/site-packages/airflow/example_dags/example_bash_operator.py took 0.289 seconds
[2022-08-19 16:31:42,568] {processor.py:153} INFO - Started process (PID=99) to work on /home/airflow/.local/lib/python3.7/site-packages/airflow/example_dags/example_bash_operator.py
[2022-08-19 16:31:42,569] {processor.py:641} INFO - Processing file /home/airflow/.local/lib/python3.7/site-packages/airflow/example_dags/example_bash_operator.py for tasks to queue
[2022-08-19 16:31:42,569] {logging_mixin.py:115} INFO - [2022-08-19 16:31:42,569] {dagbag.py:507} INFO - Filling up the DagBag from /home/airflow/.local/lib/python3.7/site-packages/airflow/example_dags/example_bash_operator.py
[2022-08-19 16:31:42,584] {processor.py:651} INFO - DAG(s) dict_keys(['example_bash_operator']) retrieved from /home/airflow/.local/lib/python3.7/site-packages/airflow/example_dags/example_bash_operator.py
[2022-08-19 16:31:42,617] {logging_mixin.py:115} INFO - [2022-08-19 16:31:42,616] {dag.py:2379} INFO - Sync 1 DAGs
[2022-08-19 16:31:42,648] {logging_mixin.py:115} INFO - [2022-08-19 16:31:42,648] {dag.py:2931} INFO - Setting next_dagrun for example_bash_operator to 2022-08-18T00:00:00+00:00, run_after=2022-08-19T00:00:00+00:00
[2022-08-19 16:31:42,668] {processor.py:161} INFO - Processing /home/airflow/.local/lib/python3.7/site-packages/airflow/example_dags/example_bash_operator.py took 0.104 seconds
[2022-08-19 16:32:12,963] {processor.py:153} INFO - Started process (PID=152) to work on /home/airflow/.local/lib/python3.7/site-packages/airflow/example_dags/example_bash_operator.py
[2022-08-19 16:32:12,965] {processor.py:641} INFO - Processing file /home/airflow/.local/lib/python3.7/site-packages/airflow/example_dags/example_bash_operator.py for tasks to queue
[2022-08-19 16:32:12,965] {logging_mixin.py:115} INFO - [2022-08-19 16:32:12,965] {dagbag.py:507} INFO - Filling up the DagBag from /home/airflow/.local/lib/python3.7/site-packages/airflow/example_dags/example_bash_operator.py
[2022-08-19 16:32:12,976] {processor.py:651} INFO - DAG(s) dict_keys(['example_bash_operator']) retrieved from /home/airflow/.local/lib/python3.7/site-packages/airflow/example_dags/example_bash_operator.py
[2022-08-19 16:32:13,001] {logging_mixin.py:115} INFO - [2022-08-19 16:32:13,001] {dag.py:2379} INFO - Sync 1 DAGs
[2022-08-19 16:32:13,030] {logging_mixin.py:115} INFO - [2022-08-19 16:32:13,029] {dag.py:2931} INFO - Setting next_dagrun for example_bash_operator to 2022-08-18T00:00:00+00:00, run_after=2022-08-19T00:00:00+00:00
[2022-08-19 16:32:13,050] {processor.py:161} INFO - Processing /home/airflow/.local/lib/python3.7/site-packages/airflow/example_dags/example_bash_operator.py took 0.094 seconds
[2022-08-19 16:32:44,090] {processor.py:153} INFO - Started process (PID=214) to work on /home/airflow/.local/lib/python3.7/site-packages/airflow/example_dags/example_bash_operator.py
[2022-08-19 16:32:44,091] {processor.py:641} INFO - Processing file /home/airflow/.local/lib/python3.7/site-packages/airflow/example_dags/example_bash_operator.py for tasks to queue
[2022-08-19 16:32:44,093] {logging_mixin.py:115} INFO - [2022-08-19 16:32:44,092] {dagbag.py:507} INFO - Filling up the DagBag from /home/airflow/.local/lib/python3.7/site-packages/airflow/example_dags/example_bash_operator.py
[2022-08-19 16:32:44,132] {processor.py:651} INFO - DAG(s) dict_keys(['example_bash_operator']) retrieved from /home/airflow/.local/lib/python3.7/site-packages/airflow/example_dags/example_bash_operator.py
[2022-08-19 16:32:44,179] {logging_mixin.py:115} INFO - [2022-08-19 16:32:44,179] {dag.py:2379} INFO - Sync 1 DAGs
[2022-08-19 16:32:44,218] {logging_mixin.py:115} INFO - [2022-08-19 16:32:44,218] {dag.py:2931} INFO - Setting next_dagrun for example_bash_operator to 2022-08-18T00:00:00+00:00, run_after=2022-08-19T00:00:00+00:00
[2022-08-19 16:32:44,239] {processor.py:161} INFO - Processing /home/airflow/.local/lib/python3.7/site-packages/airflow/example_dags/example_bash_operator.py took 0.162 seconds
[2022-08-19 16:33:15,066] {processor.py:153} INFO - Started process (PID=277) to work on /home/airflow/.local/lib/python3.7/site-packages/airflow/example_dags/example_bash_operator.py
[2022-08-19 16:33:15,067] {processor.py:641} INFO - Processing file /home/airflow/.local/lib/python3.7/site-packages/airflow/example_dags/example_bash_operator.py for tasks to queue
[2022-08-19 16:33:15,068] {logging_mixin.py:115} INFO - [2022-08-19 16:33:15,068] {dagbag.py:507} INFO - Filling up the DagBag from /home/airflow/.local/lib/python3.7/site-packages/airflow/example_dags/example_bash_operator.py
[2022-08-19 16:33:15,081] {processor.py:651} INFO - DAG(s) dict_keys(['example_bash_operator']) retrieved from /home/airflow/.local/lib/python3.7/site-packages/airflow/example_dags/example_bash_operator.py
[2022-08-19 16:33:15,119] {logging_mixin.py:115} INFO - [2022-08-19 16:33:15,119] {dag.py:2379} INFO - Sync 1 DAGs
[2022-08-19 16:33:15,148] {logging_mixin.py:115} INFO - [2022-08-19 16:33:15,147] {dag.py:2931} INFO - Setting next_dagrun for example_bash_operator to 2022-08-18T00:00:00+00:00, run_after=2022-08-19T00:00:00+00:00
[2022-08-19 16:33:15,164] {processor.py:161} INFO - Processing /home/airflow/.local/lib/python3.7/site-packages/airflow/example_dags/example_bash_operator.py took 0.105 seconds
[2022-08-19 16:33:45,759] {processor.py:153} INFO - Started process (PID=331) to work on /home/airflow/.local/lib/python3.7/site-packages/airflow/example_dags/example_bash_operator.py
[2022-08-19 16:33:45,760] {processor.py:641} INFO - Processing file /home/airflow/.local/lib/python3.7/site-packages/airflow/example_dags/example_bash_operator.py for tasks to queue
[2022-08-19 16:33:45,761] {logging_mixin.py:115} INFO - [2022-08-19 16:33:45,761] {dagbag.py:507} INFO - Filling up the DagBag from /home/airflow/.local/lib/python3.7/site-packages/airflow/example_dags/example_bash_operator.py
[2022-08-19 16:33:45,782] {processor.py:651} INFO - DAG(s) dict_keys(['example_bash_operator']) retrieved from /home/airflow/.local/lib/python3.7/site-packages/airflow/example_dags/example_bash_operator.py
[2022-08-19 16:33:45,823] {logging_mixin.py:115} INFO - [2022-08-19 16:33:45,823] {dag.py:2379} INFO - Sync 1 DAGs
[2022-08-19 16:33:45,851] {logging_mixin.py:115} INFO - [2022-08-19 16:33:45,851] {dag.py:2931} INFO - Setting next_dagrun for example_bash_operator to 2022-08-18T00:00:00+00:00, run_after=2022-08-19T00:00:00+00:00
[2022-08-19 16:33:45,867] {processor.py:161} INFO - Processing /home/airflow/.local/lib/python3.7/site-packages/airflow/example_dags/example_bash_operator.py took 0.114 seconds
[2022-08-19 16:36:18,913] {processor.py:153} INFO - Started process (PID=46) to work on /home/airflow/.local/lib/python3.7/site-packages/airflow/example_dags/example_bash_operator.py
[2022-08-19 16:36:18,921] {processor.py:641} INFO - Processing file /home/airflow/.local/lib/python3.7/site-packages/airflow/example_dags/example_bash_operator.py for tasks to queue
[2022-08-19 16:36:18,922] {logging_mixin.py:115} INFO - [2022-08-19 16:36:18,922] {dagbag.py:507} INFO - Filling up the DagBag from /home/airflow/.local/lib/python3.7/site-packages/airflow/example_dags/example_bash_operator.py
[2022-08-19 16:36:18,966] {processor.py:651} INFO - DAG(s) dict_keys(['example_bash_operator']) retrieved from /home/airflow/.local/lib/python3.7/site-packages/airflow/example_dags/example_bash_operator.py
[2022-08-19 16:36:19,074] {logging_mixin.py:115} INFO - [2022-08-19 16:36:19,074] {dag.py:2379} INFO - Sync 1 DAGs
[2022-08-19 16:36:19,170] {logging_mixin.py:115} INFO - [2022-08-19 16:36:19,170] {dag.py:2931} INFO - Setting next_dagrun for example_bash_operator to 2022-08-18T00:00:00+00:00, run_after=2022-08-19T00:00:00+00:00
[2022-08-19 16:36:19,222] {processor.py:161} INFO - Processing /home/airflow/.local/lib/python3.7/site-packages/airflow/example_dags/example_bash_operator.py took 0.318 seconds
[2022-08-19 16:36:49,297] {processor.py:153} INFO - Started process (PID=99) to work on /home/airflow/.local/lib/python3.7/site-packages/airflow/example_dags/example_bash_operator.py
[2022-08-19 16:36:49,298] {processor.py:641} INFO - Processing file /home/airflow/.local/lib/python3.7/site-packages/airflow/example_dags/example_bash_operator.py for tasks to queue
[2022-08-19 16:36:49,299] {logging_mixin.py:115} INFO - [2022-08-19 16:36:49,299] {dagbag.py:507} INFO - Filling up the DagBag from /home/airflow/.local/lib/python3.7/site-packages/airflow/example_dags/example_bash_operator.py
[2022-08-19 16:36:49,313] {processor.py:651} INFO - DAG(s) dict_keys(['example_bash_operator']) retrieved from /home/airflow/.local/lib/python3.7/site-packages/airflow/example_dags/example_bash_operator.py
[2022-08-19 16:36:49,348] {logging_mixin.py:115} INFO - [2022-08-19 16:36:49,348] {dag.py:2379} INFO - Sync 1 DAGs
[2022-08-19 16:36:49,373] {logging_mixin.py:115} INFO - [2022-08-19 16:36:49,373] {dag.py:2931} INFO - Setting next_dagrun for example_bash_operator to 2022-08-18T00:00:00+00:00, run_after=2022-08-19T00:00:00+00:00
[2022-08-19 16:36:49,389] {processor.py:161} INFO - Processing /home/airflow/.local/lib/python3.7/site-packages/airflow/example_dags/example_bash_operator.py took 0.096 seconds
[2022-08-19 16:37:20,174] {processor.py:153} INFO - Started process (PID=162) to work on /home/airflow/.local/lib/python3.7/site-packages/airflow/example_dags/example_bash_operator.py
[2022-08-19 16:37:20,175] {processor.py:641} INFO - Processing file /home/airflow/.local/lib/python3.7/site-packages/airflow/example_dags/example_bash_operator.py for tasks to queue
[2022-08-19 16:37:20,175] {logging_mixin.py:115} INFO - [2022-08-19 16:37:20,175] {dagbag.py:507} INFO - Filling up the DagBag from /home/airflow/.local/lib/python3.7/site-packages/airflow/example_dags/example_bash_operator.py
[2022-08-19 16:37:20,190] {processor.py:651} INFO - DAG(s) dict_keys(['example_bash_operator']) retrieved from /home/airflow/.local/lib/python3.7/site-packages/airflow/example_dags/example_bash_operator.py
[2022-08-19 16:37:20,217] {logging_mixin.py:115} INFO - [2022-08-19 16:37:20,217] {dag.py:2379} INFO - Sync 1 DAGs
[2022-08-19 16:37:20,243] {logging_mixin.py:115} INFO - [2022-08-19 16:37:20,243] {dag.py:2931} INFO - Setting next_dagrun for example_bash_operator to 2022-08-18T00:00:00+00:00, run_after=2022-08-19T00:00:00+00:00
[2022-08-19 16:37:20,259] {processor.py:161} INFO - Processing /home/airflow/.local/lib/python3.7/site-packages/airflow/example_dags/example_bash_operator.py took 0.089 seconds
[2022-08-19 16:37:50,837] {processor.py:153} INFO - Started process (PID=215) to work on /home/airflow/.local/lib/python3.7/site-packages/airflow/example_dags/example_bash_operator.py
[2022-08-19 16:37:50,842] {processor.py:641} INFO - Processing file /home/airflow/.local/lib/python3.7/site-packages/airflow/example_dags/example_bash_operator.py for tasks to queue
[2022-08-19 16:37:50,843] {logging_mixin.py:115} INFO - [2022-08-19 16:37:50,843] {dagbag.py:507} INFO - Filling up the DagBag from /home/airflow/.local/lib/python3.7/site-packages/airflow/example_dags/example_bash_operator.py
[2022-08-19 16:37:50,859] {processor.py:651} INFO - DAG(s) dict_keys(['example_bash_operator']) retrieved from /home/airflow/.local/lib/python3.7/site-packages/airflow/example_dags/example_bash_operator.py
[2022-08-19 16:37:50,895] {logging_mixin.py:115} INFO - [2022-08-19 16:37:50,895] {dag.py:2379} INFO - Sync 1 DAGs
[2022-08-19 16:37:50,925] {logging_mixin.py:115} INFO - [2022-08-19 16:37:50,924] {dag.py:2931} INFO - Setting next_dagrun for example_bash_operator to 2022-08-18T00:00:00+00:00, run_after=2022-08-19T00:00:00+00:00
[2022-08-19 16:37:50,943] {processor.py:161} INFO - Processing /home/airflow/.local/lib/python3.7/site-packages/airflow/example_dags/example_bash_operator.py took 0.110 seconds
[2022-08-19 16:38:21,269] {processor.py:153} INFO - Started process (PID=278) to work on /home/airflow/.local/lib/python3.7/site-packages/airflow/example_dags/example_bash_operator.py
[2022-08-19 16:38:21,270] {processor.py:641} INFO - Processing file /home/airflow/.local/lib/python3.7/site-packages/airflow/example_dags/example_bash_operator.py for tasks to queue
[2022-08-19 16:38:21,271] {logging_mixin.py:115} INFO - [2022-08-19 16:38:21,271] {dagbag.py:507} INFO - Filling up the DagBag from /home/airflow/.local/lib/python3.7/site-packages/airflow/example_dags/example_bash_operator.py
[2022-08-19 16:38:21,285] {processor.py:651} INFO - DAG(s) dict_keys(['example_bash_operator']) retrieved from /home/airflow/.local/lib/python3.7/site-packages/airflow/example_dags/example_bash_operator.py
[2022-08-19 16:38:21,342] {logging_mixin.py:115} INFO - [2022-08-19 16:38:21,342] {dag.py:2379} INFO - Sync 1 DAGs
[2022-08-19 16:38:21,378] {logging_mixin.py:115} INFO - [2022-08-19 16:38:21,378] {dag.py:2931} INFO - Setting next_dagrun for example_bash_operator to 2022-08-18T00:00:00+00:00, run_after=2022-08-19T00:00:00+00:00
[2022-08-19 16:38:21,396] {processor.py:161} INFO - Processing /home/airflow/.local/lib/python3.7/site-packages/airflow/example_dags/example_bash_operator.py took 0.130 seconds
[2022-08-19 16:38:52,341] {processor.py:153} INFO - Started process (PID=338) to work on /home/airflow/.local/lib/python3.7/site-packages/airflow/example_dags/example_bash_operator.py
[2022-08-19 16:38:52,342] {processor.py:641} INFO - Processing file /home/airflow/.local/lib/python3.7/site-packages/airflow/example_dags/example_bash_operator.py for tasks to queue
[2022-08-19 16:38:52,342] {logging_mixin.py:115} INFO - [2022-08-19 16:38:52,342] {dagbag.py:507} INFO - Filling up the DagBag from /home/airflow/.local/lib/python3.7/site-packages/airflow/example_dags/example_bash_operator.py
[2022-08-19 16:38:52,361] {processor.py:651} INFO - DAG(s) dict_keys(['example_bash_operator']) retrieved from /home/airflow/.local/lib/python3.7/site-packages/airflow/example_dags/example_bash_operator.py
[2022-08-19 16:38:52,404] {logging_mixin.py:115} INFO - [2022-08-19 16:38:52,404] {dag.py:2379} INFO - Sync 1 DAGs
[2022-08-19 16:38:52,452] {logging_mixin.py:115} INFO - [2022-08-19 16:38:52,452] {dag.py:2931} INFO - Setting next_dagrun for example_bash_operator to 2022-08-18T00:00:00+00:00, run_after=2022-08-19T00:00:00+00:00
[2022-08-19 16:38:52,478] {processor.py:161} INFO - Processing /home/airflow/.local/lib/python3.7/site-packages/airflow/example_dags/example_bash_operator.py took 0.146 seconds
[2022-08-19 16:39:22,878] {processor.py:153} INFO - Started process (PID=392) to work on /home/airflow/.local/lib/python3.7/site-packages/airflow/example_dags/example_bash_operator.py
[2022-08-19 16:39:22,880] {processor.py:641} INFO - Processing file /home/airflow/.local/lib/python3.7/site-packages/airflow/example_dags/example_bash_operator.py for tasks to queue
[2022-08-19 16:39:22,881] {logging_mixin.py:115} INFO - [2022-08-19 16:39:22,880] {dagbag.py:507} INFO - Filling up the DagBag from /home/airflow/.local/lib/python3.7/site-packages/airflow/example_dags/example_bash_operator.py
[2022-08-19 16:39:22,906] {processor.py:651} INFO - DAG(s) dict_keys(['example_bash_operator']) retrieved from /home/airflow/.local/lib/python3.7/site-packages/airflow/example_dags/example_bash_operator.py
[2022-08-19 16:39:22,938] {logging_mixin.py:115} INFO - [2022-08-19 16:39:22,937] {dag.py:2379} INFO - Sync 1 DAGs
[2022-08-19 16:39:22,964] {logging_mixin.py:115} INFO - [2022-08-19 16:39:22,964] {dag.py:2931} INFO - Setting next_dagrun for example_bash_operator to 2022-08-18T00:00:00+00:00, run_after=2022-08-19T00:00:00+00:00
[2022-08-19 16:39:22,981] {processor.py:161} INFO - Processing /home/airflow/.local/lib/python3.7/site-packages/airflow/example_dags/example_bash_operator.py took 0.109 seconds
[2022-08-19 16:39:53,330] {processor.py:153} INFO - Started process (PID=451) to work on /home/airflow/.local/lib/python3.7/site-packages/airflow/example_dags/example_bash_operator.py
[2022-08-19 16:39:53,331] {processor.py:641} INFO - Processing file /home/airflow/.local/lib/python3.7/site-packages/airflow/example_dags/example_bash_operator.py for tasks to queue
[2022-08-19 16:39:53,331] {logging_mixin.py:115} INFO - [2022-08-19 16:39:53,331] {dagbag.py:507} INFO - Filling up the DagBag from /home/airflow/.local/lib/python3.7/site-packages/airflow/example_dags/example_bash_operator.py
[2022-08-19 16:39:53,343] {processor.py:651} INFO - DAG(s) dict_keys(['example_bash_operator']) retrieved from /home/airflow/.local/lib/python3.7/site-packages/airflow/example_dags/example_bash_operator.py
[2022-08-19 16:39:53,375] {logging_mixin.py:115} INFO - [2022-08-19 16:39:53,375] {dag.py:2379} INFO - Sync 1 DAGs
[2022-08-19 16:39:53,399] {logging_mixin.py:115} INFO - [2022-08-19 16:39:53,399] {dag.py:2931} INFO - Setting next_dagrun for example_bash_operator to 2022-08-18T00:00:00+00:00, run_after=2022-08-19T00:00:00+00:00
[2022-08-19 16:39:53,420] {processor.py:161} INFO - Processing /home/airflow/.local/lib/python3.7/site-packages/airflow/example_dags/example_bash_operator.py took 0.093 seconds
[2022-08-19 16:40:24,411] {processor.py:153} INFO - Started process (PID=508) to work on /home/airflow/.local/lib/python3.7/site-packages/airflow/example_dags/example_bash_operator.py
[2022-08-19 16:40:24,412] {processor.py:641} INFO - Processing file /home/airflow/.local/lib/python3.7/site-packages/airflow/example_dags/example_bash_operator.py for tasks to queue
[2022-08-19 16:40:24,414] {logging_mixin.py:115} INFO - [2022-08-19 16:40:24,414] {dagbag.py:507} INFO - Filling up the DagBag from /home/airflow/.local/lib/python3.7/site-packages/airflow/example_dags/example_bash_operator.py
[2022-08-19 16:40:24,427] {processor.py:651} INFO - DAG(s) dict_keys(['example_bash_operator']) retrieved from /home/airflow/.local/lib/python3.7/site-packages/airflow/example_dags/example_bash_operator.py
[2022-08-19 16:40:24,466] {logging_mixin.py:115} INFO - [2022-08-19 16:40:24,465] {dag.py:2379} INFO - Sync 1 DAGs
[2022-08-19 16:40:24,490] {logging_mixin.py:115} INFO - [2022-08-19 16:40:24,490] {dag.py:2931} INFO - Setting next_dagrun for example_bash_operator to 2022-08-18T00:00:00+00:00, run_after=2022-08-19T00:00:00+00:00
[2022-08-19 16:40:24,508] {processor.py:161} INFO - Processing /home/airflow/.local/lib/python3.7/site-packages/airflow/example_dags/example_bash_operator.py took 0.105 seconds
[2022-08-19 16:40:55,589] {processor.py:153} INFO - Started process (PID=573) to work on /home/airflow/.local/lib/python3.7/site-packages/airflow/example_dags/example_bash_operator.py
[2022-08-19 16:40:55,590] {processor.py:641} INFO - Processing file /home/airflow/.local/lib/python3.7/site-packages/airflow/example_dags/example_bash_operator.py for tasks to queue
[2022-08-19 16:40:55,590] {logging_mixin.py:115} INFO - [2022-08-19 16:40:55,590] {dagbag.py:507} INFO - Filling up the DagBag from /home/airflow/.local/lib/python3.7/site-packages/airflow/example_dags/example_bash_operator.py
[2022-08-19 16:40:55,604] {processor.py:651} INFO - DAG(s) dict_keys(['example_bash_operator']) retrieved from /home/airflow/.local/lib/python3.7/site-packages/airflow/example_dags/example_bash_operator.py
[2022-08-19 16:40:55,647] {logging_mixin.py:115} INFO - [2022-08-19 16:40:55,646] {dag.py:2379} INFO - Sync 1 DAGs
[2022-08-19 16:40:55,687] {logging_mixin.py:115} INFO - [2022-08-19 16:40:55,687] {dag.py:2931} INFO - Setting next_dagrun for example_bash_operator to 2022-08-18T00:00:00+00:00, run_after=2022-08-19T00:00:00+00:00
[2022-08-19 16:40:55,710] {processor.py:161} INFO - Processing /home/airflow/.local/lib/python3.7/site-packages/airflow/example_dags/example_bash_operator.py took 0.124 seconds
[2022-08-19 16:41:26,690] {processor.py:153} INFO - Started process (PID=627) to work on /home/airflow/.local/lib/python3.7/site-packages/airflow/example_dags/example_bash_operator.py
[2022-08-19 16:41:26,692] {processor.py:641} INFO - Processing file /home/airflow/.local/lib/python3.7/site-packages/airflow/example_dags/example_bash_operator.py for tasks to queue
[2022-08-19 16:41:26,692] {logging_mixin.py:115} INFO - [2022-08-19 16:41:26,692] {dagbag.py:507} INFO - Filling up the DagBag from /home/airflow/.local/lib/python3.7/site-packages/airflow/example_dags/example_bash_operator.py
[2022-08-19 16:41:26,714] {processor.py:651} INFO - DAG(s) dict_keys(['example_bash_operator']) retrieved from /home/airflow/.local/lib/python3.7/site-packages/airflow/example_dags/example_bash_operator.py
[2022-08-19 16:41:26,758] {logging_mixin.py:115} INFO - [2022-08-19 16:41:26,758] {dag.py:2379} INFO - Sync 1 DAGs
[2022-08-19 16:41:26,815] {logging_mixin.py:115} INFO - [2022-08-19 16:41:26,813] {dag.py:2931} INFO - Setting next_dagrun for example_bash_operator to 2022-08-18T00:00:00+00:00, run_after=2022-08-19T00:00:00+00:00
[2022-08-19 16:41:26,832] {processor.py:161} INFO - Processing /home/airflow/.local/lib/python3.7/site-packages/airflow/example_dags/example_bash_operator.py took 0.146 seconds
[2022-08-19 16:41:58,145] {processor.py:153} INFO - Started process (PID=689) to work on /home/airflow/.local/lib/python3.7/site-packages/airflow/example_dags/example_bash_operator.py
[2022-08-19 16:41:58,146] {processor.py:641} INFO - Processing file /home/airflow/.local/lib/python3.7/site-packages/airflow/example_dags/example_bash_operator.py for tasks to queue
[2022-08-19 16:41:58,146] {logging_mixin.py:115} INFO - [2022-08-19 16:41:58,146] {dagbag.py:507} INFO - Filling up the DagBag from /home/airflow/.local/lib/python3.7/site-packages/airflow/example_dags/example_bash_operator.py
[2022-08-19 16:41:58,158] {processor.py:651} INFO - DAG(s) dict_keys(['example_bash_operator']) retrieved from /home/airflow/.local/lib/python3.7/site-packages/airflow/example_dags/example_bash_operator.py
[2022-08-19 16:41:58,191] {logging_mixin.py:115} INFO - [2022-08-19 16:41:58,191] {dag.py:2379} INFO - Sync 1 DAGs
[2022-08-19 16:41:58,233] {logging_mixin.py:115} INFO - [2022-08-19 16:41:58,233] {dag.py:2931} INFO - Setting next_dagrun for example_bash_operator to 2022-08-18T00:00:00+00:00, run_after=2022-08-19T00:00:00+00:00
[2022-08-19 16:41:58,259] {processor.py:161} INFO - Processing /home/airflow/.local/lib/python3.7/site-packages/airflow/example_dags/example_bash_operator.py took 0.121 seconds
[2022-08-19 16:42:29,054] {processor.py:153} INFO - Started process (PID=748) to work on /home/airflow/.local/lib/python3.7/site-packages/airflow/example_dags/example_bash_operator.py
[2022-08-19 16:42:29,211] {processor.py:641} INFO - Processing file /home/airflow/.local/lib/python3.7/site-packages/airflow/example_dags/example_bash_operator.py for tasks to queue
[2022-08-19 16:42:29,212] {logging_mixin.py:115} INFO - [2022-08-19 16:42:29,212] {dagbag.py:507} INFO - Filling up the DagBag from /home/airflow/.local/lib/python3.7/site-packages/airflow/example_dags/example_bash_operator.py
[2022-08-19 16:42:29,245] {processor.py:651} INFO - DAG(s) dict_keys(['example_bash_operator']) retrieved from /home/airflow/.local/lib/python3.7/site-packages/airflow/example_dags/example_bash_operator.py
[2022-08-19 16:42:29,345] {logging_mixin.py:115} INFO - [2022-08-19 16:42:29,344] {dag.py:2379} INFO - Sync 1 DAGs
[2022-08-19 16:42:29,386] {logging_mixin.py:115} INFO - [2022-08-19 16:42:29,385] {dag.py:2931} INFO - Setting next_dagrun for example_bash_operator to 2022-08-18T00:00:00+00:00, run_after=2022-08-19T00:00:00+00:00
[2022-08-19 16:42:29,416] {processor.py:161} INFO - Processing /home/airflow/.local/lib/python3.7/site-packages/airflow/example_dags/example_bash_operator.py took 0.365 seconds
[2022-08-19 16:43:00,248] {processor.py:153} INFO - Started process (PID=804) to work on /home/airflow/.local/lib/python3.7/site-packages/airflow/example_dags/example_bash_operator.py
[2022-08-19 16:43:00,249] {processor.py:641} INFO - Processing file /home/airflow/.local/lib/python3.7/site-packages/airflow/example_dags/example_bash_operator.py for tasks to queue
[2022-08-19 16:43:00,250] {logging_mixin.py:115} INFO - [2022-08-19 16:43:00,250] {dagbag.py:507} INFO - Filling up the DagBag from /home/airflow/.local/lib/python3.7/site-packages/airflow/example_dags/example_bash_operator.py
[2022-08-19 16:43:00,268] {processor.py:651} INFO - DAG(s) dict_keys(['example_bash_operator']) retrieved from /home/airflow/.local/lib/python3.7/site-packages/airflow/example_dags/example_bash_operator.py
[2022-08-19 16:43:00,292] {logging_mixin.py:115} INFO - [2022-08-19 16:43:00,292] {dag.py:2379} INFO - Sync 1 DAGs
[2022-08-19 16:43:00,318] {logging_mixin.py:115} INFO - [2022-08-19 16:43:00,318] {dag.py:2931} INFO - Setting next_dagrun for example_bash_operator to 2022-08-18T00:00:00+00:00, run_after=2022-08-19T00:00:00+00:00
[2022-08-19 16:43:00,331] {processor.py:161} INFO - Processing /home/airflow/.local/lib/python3.7/site-packages/airflow/example_dags/example_bash_operator.py took 0.088 seconds
[2022-08-19 16:43:30,747] {processor.py:153} INFO - Started process (PID=866) to work on /home/airflow/.local/lib/python3.7/site-packages/airflow/example_dags/example_bash_operator.py
[2022-08-19 16:43:30,748] {processor.py:641} INFO - Processing file /home/airflow/.local/lib/python3.7/site-packages/airflow/example_dags/example_bash_operator.py for tasks to queue
[2022-08-19 16:43:30,750] {logging_mixin.py:115} INFO - [2022-08-19 16:43:30,750] {dagbag.py:507} INFO - Filling up the DagBag from /home/airflow/.local/lib/python3.7/site-packages/airflow/example_dags/example_bash_operator.py
[2022-08-19 16:43:30,763] {processor.py:651} INFO - DAG(s) dict_keys(['example_bash_operator']) retrieved from /home/airflow/.local/lib/python3.7/site-packages/airflow/example_dags/example_bash_operator.py
[2022-08-19 16:43:30,801] {logging_mixin.py:115} INFO - [2022-08-19 16:43:30,801] {dag.py:2379} INFO - Sync 1 DAGs
[2022-08-19 16:43:30,836] {logging_mixin.py:115} INFO - [2022-08-19 16:43:30,836] {dag.py:2931} INFO - Setting next_dagrun for example_bash_operator to 2022-08-18T00:00:00+00:00, run_after=2022-08-19T00:00:00+00:00
[2022-08-19 16:43:30,863] {processor.py:161} INFO - Processing /home/airflow/.local/lib/python3.7/site-packages/airflow/example_dags/example_bash_operator.py took 0.120 seconds
[2022-08-19 16:44:01,952] {processor.py:153} INFO - Started process (PID=923) to work on /home/airflow/.local/lib/python3.7/site-packages/airflow/example_dags/example_bash_operator.py
[2022-08-19 16:44:01,954] {processor.py:641} INFO - Processing file /home/airflow/.local/lib/python3.7/site-packages/airflow/example_dags/example_bash_operator.py for tasks to queue
[2022-08-19 16:44:01,955] {logging_mixin.py:115} INFO - [2022-08-19 16:44:01,955] {dagbag.py:507} INFO - Filling up the DagBag from /home/airflow/.local/lib/python3.7/site-packages/airflow/example_dags/example_bash_operator.py
[2022-08-19 16:44:01,968] {processor.py:651} INFO - DAG(s) dict_keys(['example_bash_operator']) retrieved from /home/airflow/.local/lib/python3.7/site-packages/airflow/example_dags/example_bash_operator.py
[2022-08-19 16:44:02,015] {logging_mixin.py:115} INFO - [2022-08-19 16:44:02,015] {dag.py:2379} INFO - Sync 1 DAGs
[2022-08-19 16:44:02,044] {logging_mixin.py:115} INFO - [2022-08-19 16:44:02,044] {dag.py:2931} INFO - Setting next_dagrun for example_bash_operator to 2022-08-18T00:00:00+00:00, run_after=2022-08-19T00:00:00+00:00
[2022-08-19 16:44:02,064] {processor.py:161} INFO - Processing /home/airflow/.local/lib/python3.7/site-packages/airflow/example_dags/example_bash_operator.py took 0.117 seconds
[2022-08-19 16:44:32,668] {processor.py:153} INFO - Started process (PID=984) to work on /home/airflow/.local/lib/python3.7/site-packages/airflow/example_dags/example_bash_operator.py
[2022-08-19 16:44:32,670] {processor.py:641} INFO - Processing file /home/airflow/.local/lib/python3.7/site-packages/airflow/example_dags/example_bash_operator.py for tasks to queue
[2022-08-19 16:44:32,671] {logging_mixin.py:115} INFO - [2022-08-19 16:44:32,671] {dagbag.py:507} INFO - Filling up the DagBag from /home/airflow/.local/lib/python3.7/site-packages/airflow/example_dags/example_bash_operator.py
[2022-08-19 16:44:32,691] {processor.py:651} INFO - DAG(s) dict_keys(['example_bash_operator']) retrieved from /home/airflow/.local/lib/python3.7/site-packages/airflow/example_dags/example_bash_operator.py
[2022-08-19 16:44:32,751] {logging_mixin.py:115} INFO - [2022-08-19 16:44:32,751] {dag.py:2379} INFO - Sync 1 DAGs
[2022-08-19 16:44:32,795] {logging_mixin.py:115} INFO - [2022-08-19 16:44:32,795] {dag.py:2931} INFO - Setting next_dagrun for example_bash_operator to 2022-08-18T00:00:00+00:00, run_after=2022-08-19T00:00:00+00:00
[2022-08-19 16:44:32,816] {processor.py:161} INFO - Processing /home/airflow/.local/lib/python3.7/site-packages/airflow/example_dags/example_bash_operator.py took 0.160 seconds
[2022-08-19 16:45:03,823] {processor.py:153} INFO - Started process (PID=1037) to work on /home/airflow/.local/lib/python3.7/site-packages/airflow/example_dags/example_bash_operator.py
[2022-08-19 16:45:03,824] {processor.py:641} INFO - Processing file /home/airflow/.local/lib/python3.7/site-packages/airflow/example_dags/example_bash_operator.py for tasks to queue
[2022-08-19 16:45:03,824] {logging_mixin.py:115} INFO - [2022-08-19 16:45:03,824] {dagbag.py:507} INFO - Filling up the DagBag from /home/airflow/.local/lib/python3.7/site-packages/airflow/example_dags/example_bash_operator.py
[2022-08-19 16:45:03,838] {processor.py:651} INFO - DAG(s) dict_keys(['example_bash_operator']) retrieved from /home/airflow/.local/lib/python3.7/site-packages/airflow/example_dags/example_bash_operator.py
[2022-08-19 16:45:03,866] {logging_mixin.py:115} INFO - [2022-08-19 16:45:03,866] {dag.py:2379} INFO - Sync 1 DAGs
[2022-08-19 16:45:03,895] {logging_mixin.py:115} INFO - [2022-08-19 16:45:03,895] {dag.py:2931} INFO - Setting next_dagrun for example_bash_operator to 2022-08-18T00:00:00+00:00, run_after=2022-08-19T00:00:00+00:00
[2022-08-19 16:45:03,912] {processor.py:161} INFO - Processing /home/airflow/.local/lib/python3.7/site-packages/airflow/example_dags/example_bash_operator.py took 0.093 seconds
[2022-08-19 16:45:34,237] {processor.py:153} INFO - Started process (PID=1101) to work on /home/airflow/.local/lib/python3.7/site-packages/airflow/example_dags/example_bash_operator.py
[2022-08-19 16:45:34,239] {processor.py:641} INFO - Processing file /home/airflow/.local/lib/python3.7/site-packages/airflow/example_dags/example_bash_operator.py for tasks to queue
[2022-08-19 16:45:34,240] {logging_mixin.py:115} INFO - [2022-08-19 16:45:34,239] {dagbag.py:507} INFO - Filling up the DagBag from /home/airflow/.local/lib/python3.7/site-packages/airflow/example_dags/example_bash_operator.py
[2022-08-19 16:45:34,250] {processor.py:651} INFO - DAG(s) dict_keys(['example_bash_operator']) retrieved from /home/airflow/.local/lib/python3.7/site-packages/airflow/example_dags/example_bash_operator.py
[2022-08-19 16:45:34,282] {logging_mixin.py:115} INFO - [2022-08-19 16:45:34,282] {dag.py:2379} INFO - Sync 1 DAGs
[2022-08-19 16:45:34,325] {logging_mixin.py:115} INFO - [2022-08-19 16:45:34,324] {dag.py:2931} INFO - Setting next_dagrun for example_bash_operator to 2022-08-18T00:00:00+00:00, run_after=2022-08-19T00:00:00+00:00
[2022-08-19 16:45:34,342] {processor.py:161} INFO - Processing /home/airflow/.local/lib/python3.7/site-packages/airflow/example_dags/example_bash_operator.py took 0.108 seconds
[2022-08-19 16:46:04,795] {processor.py:153} INFO - Started process (PID=1155) to work on /home/airflow/.local/lib/python3.7/site-packages/airflow/example_dags/example_bash_operator.py
[2022-08-19 16:46:04,796] {processor.py:641} INFO - Processing file /home/airflow/.local/lib/python3.7/site-packages/airflow/example_dags/example_bash_operator.py for tasks to queue
[2022-08-19 16:46:04,798] {logging_mixin.py:115} INFO - [2022-08-19 16:46:04,797] {dagbag.py:507} INFO - Filling up the DagBag from /home/airflow/.local/lib/python3.7/site-packages/airflow/example_dags/example_bash_operator.py
[2022-08-19 16:46:04,820] {processor.py:651} INFO - DAG(s) dict_keys(['example_bash_operator']) retrieved from /home/airflow/.local/lib/python3.7/site-packages/airflow/example_dags/example_bash_operator.py
[2022-08-19 16:46:04,866] {logging_mixin.py:115} INFO - [2022-08-19 16:46:04,865] {dag.py:2379} INFO - Sync 1 DAGs
[2022-08-19 16:46:04,911] {logging_mixin.py:115} INFO - [2022-08-19 16:46:04,911] {dag.py:2931} INFO - Setting next_dagrun for example_bash_operator to 2022-08-18T00:00:00+00:00, run_after=2022-08-19T00:00:00+00:00
[2022-08-19 16:46:04,929] {processor.py:161} INFO - Processing /home/airflow/.local/lib/python3.7/site-packages/airflow/example_dags/example_bash_operator.py took 0.139 seconds
[2022-08-19 16:46:35,657] {processor.py:153} INFO - Started process (PID=1218) to work on /home/airflow/.local/lib/python3.7/site-packages/airflow/example_dags/example_bash_operator.py
[2022-08-19 16:46:35,660] {processor.py:641} INFO - Processing file /home/airflow/.local/lib/python3.7/site-packages/airflow/example_dags/example_bash_operator.py for tasks to queue
[2022-08-19 16:46:35,661] {logging_mixin.py:115} INFO - [2022-08-19 16:46:35,661] {dagbag.py:507} INFO - Filling up the DagBag from /home/airflow/.local/lib/python3.7/site-packages/airflow/example_dags/example_bash_operator.py
[2022-08-19 16:46:35,678] {processor.py:651} INFO - DAG(s) dict_keys(['example_bash_operator']) retrieved from /home/airflow/.local/lib/python3.7/site-packages/airflow/example_dags/example_bash_operator.py
[2022-08-19 16:46:35,728] {logging_mixin.py:115} INFO - [2022-08-19 16:46:35,728] {dag.py:2379} INFO - Sync 1 DAGs
[2022-08-19 16:46:35,769] {logging_mixin.py:115} INFO - [2022-08-19 16:46:35,768] {dag.py:2931} INFO - Setting next_dagrun for example_bash_operator to 2022-08-18T00:00:00+00:00, run_after=2022-08-19T00:00:00+00:00
[2022-08-19 16:46:35,936] {processor.py:161} INFO - Processing /home/airflow/.local/lib/python3.7/site-packages/airflow/example_dags/example_bash_operator.py took 0.286 seconds
[2022-08-19 16:47:24,390] {processor.py:153} INFO - Started process (PID=45) to work on /home/airflow/.local/lib/python3.7/site-packages/airflow/example_dags/example_bash_operator.py
[2022-08-19 16:47:24,393] {processor.py:641} INFO - Processing file /home/airflow/.local/lib/python3.7/site-packages/airflow/example_dags/example_bash_operator.py for tasks to queue
[2022-08-19 16:47:24,398] {logging_mixin.py:115} INFO - [2022-08-19 16:47:24,398] {dagbag.py:507} INFO - Filling up the DagBag from /home/airflow/.local/lib/python3.7/site-packages/airflow/example_dags/example_bash_operator.py
[2022-08-19 16:47:24,464] {processor.py:651} INFO - DAG(s) dict_keys(['example_bash_operator']) retrieved from /home/airflow/.local/lib/python3.7/site-packages/airflow/example_dags/example_bash_operator.py
[2022-08-19 16:47:24,619] {logging_mixin.py:115} INFO - [2022-08-19 16:47:24,619] {dag.py:2379} INFO - Sync 1 DAGs
[2022-08-19 16:47:24,723] {logging_mixin.py:115} INFO - [2022-08-19 16:47:24,723] {dag.py:2931} INFO - Setting next_dagrun for example_bash_operator to 2022-08-18T00:00:00+00:00, run_after=2022-08-19T00:00:00+00:00
[2022-08-19 16:47:24,747] {processor.py:161} INFO - Processing /home/airflow/.local/lib/python3.7/site-packages/airflow/example_dags/example_bash_operator.py took 0.362 seconds
[2022-08-19 16:47:54,998] {processor.py:153} INFO - Started process (PID=97) to work on /home/airflow/.local/lib/python3.7/site-packages/airflow/example_dags/example_bash_operator.py
[2022-08-19 16:47:55,000] {processor.py:641} INFO - Processing file /home/airflow/.local/lib/python3.7/site-packages/airflow/example_dags/example_bash_operator.py for tasks to queue
[2022-08-19 16:47:55,002] {logging_mixin.py:115} INFO - [2022-08-19 16:47:55,002] {dagbag.py:507} INFO - Filling up the DagBag from /home/airflow/.local/lib/python3.7/site-packages/airflow/example_dags/example_bash_operator.py
[2022-08-19 16:47:55,033] {processor.py:651} INFO - DAG(s) dict_keys(['example_bash_operator']) retrieved from /home/airflow/.local/lib/python3.7/site-packages/airflow/example_dags/example_bash_operator.py
[2022-08-19 16:47:55,073] {logging_mixin.py:115} INFO - [2022-08-19 16:47:55,073] {dag.py:2379} INFO - Sync 1 DAGs
[2022-08-19 16:47:55,105] {logging_mixin.py:115} INFO - [2022-08-19 16:47:55,105] {dag.py:2931} INFO - Setting next_dagrun for example_bash_operator to 2022-08-18T00:00:00+00:00, run_after=2022-08-19T00:00:00+00:00
[2022-08-19 16:47:55,121] {processor.py:161} INFO - Processing /home/airflow/.local/lib/python3.7/site-packages/airflow/example_dags/example_bash_operator.py took 0.139 seconds
[2022-08-19 16:48:25,185] {processor.py:153} INFO - Started process (PID=162) to work on /home/airflow/.local/lib/python3.7/site-packages/airflow/example_dags/example_bash_operator.py
[2022-08-19 16:48:25,186] {processor.py:641} INFO - Processing file /home/airflow/.local/lib/python3.7/site-packages/airflow/example_dags/example_bash_operator.py for tasks to queue
[2022-08-19 16:48:25,187] {logging_mixin.py:115} INFO - [2022-08-19 16:48:25,187] {dagbag.py:507} INFO - Filling up the DagBag from /home/airflow/.local/lib/python3.7/site-packages/airflow/example_dags/example_bash_operator.py
[2022-08-19 16:48:25,209] {processor.py:651} INFO - DAG(s) dict_keys(['example_bash_operator']) retrieved from /home/airflow/.local/lib/python3.7/site-packages/airflow/example_dags/example_bash_operator.py
[2022-08-19 16:48:25,233] {logging_mixin.py:115} INFO - [2022-08-19 16:48:25,233] {dag.py:2379} INFO - Sync 1 DAGs
[2022-08-19 16:48:25,256] {logging_mixin.py:115} INFO - [2022-08-19 16:48:25,256] {dag.py:2931} INFO - Setting next_dagrun for example_bash_operator to 2022-08-18T00:00:00+00:00, run_after=2022-08-19T00:00:00+00:00
[2022-08-19 16:48:25,269] {processor.py:161} INFO - Processing /home/airflow/.local/lib/python3.7/site-packages/airflow/example_dags/example_bash_operator.py took 0.095 seconds
[2022-08-19 16:49:12,886] {processor.py:153} INFO - Started process (PID=46) to work on /home/airflow/.local/lib/python3.7/site-packages/airflow/example_dags/example_bash_operator.py
[2022-08-19 16:49:12,888] {processor.py:641} INFO - Processing file /home/airflow/.local/lib/python3.7/site-packages/airflow/example_dags/example_bash_operator.py for tasks to queue
[2022-08-19 16:49:12,891] {logging_mixin.py:115} INFO - [2022-08-19 16:49:12,891] {dagbag.py:507} INFO - Filling up the DagBag from /home/airflow/.local/lib/python3.7/site-packages/airflow/example_dags/example_bash_operator.py
[2022-08-19 16:49:12,925] {processor.py:651} INFO - DAG(s) dict_keys(['example_bash_operator']) retrieved from /home/airflow/.local/lib/python3.7/site-packages/airflow/example_dags/example_bash_operator.py
[2022-08-19 16:49:13,013] {logging_mixin.py:115} INFO - [2022-08-19 16:49:13,013] {dag.py:2379} INFO - Sync 1 DAGs
[2022-08-19 16:49:13,083] {logging_mixin.py:115} INFO - [2022-08-19 16:49:13,080] {dag.py:2931} INFO - Setting next_dagrun for example_bash_operator to 2022-08-18T00:00:00+00:00, run_after=2022-08-19T00:00:00+00:00
[2022-08-19 16:49:13,149] {processor.py:161} INFO - Processing /home/airflow/.local/lib/python3.7/site-packages/airflow/example_dags/example_bash_operator.py took 0.276 seconds
[2022-08-19 16:49:43,333] {processor.py:153} INFO - Started process (PID=98) to work on /home/airflow/.local/lib/python3.7/site-packages/airflow/example_dags/example_bash_operator.py
[2022-08-19 16:49:43,334] {processor.py:641} INFO - Processing file /home/airflow/.local/lib/python3.7/site-packages/airflow/example_dags/example_bash_operator.py for tasks to queue
[2022-08-19 16:49:43,336] {logging_mixin.py:115} INFO - [2022-08-19 16:49:43,336] {dagbag.py:507} INFO - Filling up the DagBag from /home/airflow/.local/lib/python3.7/site-packages/airflow/example_dags/example_bash_operator.py
[2022-08-19 16:49:43,351] {processor.py:651} INFO - DAG(s) dict_keys(['example_bash_operator']) retrieved from /home/airflow/.local/lib/python3.7/site-packages/airflow/example_dags/example_bash_operator.py
[2022-08-19 16:49:43,391] {logging_mixin.py:115} INFO - [2022-08-19 16:49:43,391] {dag.py:2379} INFO - Sync 1 DAGs
[2022-08-19 16:49:43,423] {logging_mixin.py:115} INFO - [2022-08-19 16:49:43,423] {dag.py:2931} INFO - Setting next_dagrun for example_bash_operator to 2022-08-18T00:00:00+00:00, run_after=2022-08-19T00:00:00+00:00
[2022-08-19 16:49:43,457] {processor.py:161} INFO - Processing /home/airflow/.local/lib/python3.7/site-packages/airflow/example_dags/example_bash_operator.py took 0.130 seconds
[2022-08-19 16:50:13,771] {processor.py:153} INFO - Started process (PID=152) to work on /home/airflow/.local/lib/python3.7/site-packages/airflow/example_dags/example_bash_operator.py
[2022-08-19 16:50:13,773] {processor.py:641} INFO - Processing file /home/airflow/.local/lib/python3.7/site-packages/airflow/example_dags/example_bash_operator.py for tasks to queue
[2022-08-19 16:50:13,775] {logging_mixin.py:115} INFO - [2022-08-19 16:50:13,775] {dagbag.py:507} INFO - Filling up the DagBag from /home/airflow/.local/lib/python3.7/site-packages/airflow/example_dags/example_bash_operator.py
[2022-08-19 16:50:13,817] {processor.py:651} INFO - DAG(s) dict_keys(['example_bash_operator']) retrieved from /home/airflow/.local/lib/python3.7/site-packages/airflow/example_dags/example_bash_operator.py
[2022-08-19 16:50:13,866] {logging_mixin.py:115} INFO - [2022-08-19 16:50:13,866] {dag.py:2379} INFO - Sync 1 DAGs
[2022-08-19 16:50:13,916] {logging_mixin.py:115} INFO - [2022-08-19 16:50:13,916] {dag.py:2931} INFO - Setting next_dagrun for example_bash_operator to 2022-08-18T00:00:00+00:00, run_after=2022-08-19T00:00:00+00:00
[2022-08-19 16:50:13,937] {processor.py:161} INFO - Processing /home/airflow/.local/lib/python3.7/site-packages/airflow/example_dags/example_bash_operator.py took 0.175 seconds
[2022-08-19 16:50:44,361] {processor.py:153} INFO - Started process (PID=213) to work on /home/airflow/.local/lib/python3.7/site-packages/airflow/example_dags/example_bash_operator.py
[2022-08-19 16:50:44,362] {processor.py:641} INFO - Processing file /home/airflow/.local/lib/python3.7/site-packages/airflow/example_dags/example_bash_operator.py for tasks to queue
[2022-08-19 16:50:44,362] {logging_mixin.py:115} INFO - [2022-08-19 16:50:44,362] {dagbag.py:507} INFO - Filling up the DagBag from /home/airflow/.local/lib/python3.7/site-packages/airflow/example_dags/example_bash_operator.py
[2022-08-19 16:50:44,377] {processor.py:651} INFO - DAG(s) dict_keys(['example_bash_operator']) retrieved from /home/airflow/.local/lib/python3.7/site-packages/airflow/example_dags/example_bash_operator.py
[2022-08-19 16:50:44,431] {logging_mixin.py:115} INFO - [2022-08-19 16:50:44,431] {dag.py:2379} INFO - Sync 1 DAGs
[2022-08-19 16:50:44,468] {logging_mixin.py:115} INFO - [2022-08-19 16:50:44,468] {dag.py:2931} INFO - Setting next_dagrun for example_bash_operator to 2022-08-18T00:00:00+00:00, run_after=2022-08-19T00:00:00+00:00
[2022-08-19 16:50:44,487] {processor.py:161} INFO - Processing /home/airflow/.local/lib/python3.7/site-packages/airflow/example_dags/example_bash_operator.py took 0.130 seconds
[2022-08-19 16:51:14,980] {processor.py:153} INFO - Started process (PID=267) to work on /home/airflow/.local/lib/python3.7/site-packages/airflow/example_dags/example_bash_operator.py
[2022-08-19 16:51:14,983] {processor.py:641} INFO - Processing file /home/airflow/.local/lib/python3.7/site-packages/airflow/example_dags/example_bash_operator.py for tasks to queue
[2022-08-19 16:51:14,985] {logging_mixin.py:115} INFO - [2022-08-19 16:51:14,985] {dagbag.py:507} INFO - Filling up the DagBag from /home/airflow/.local/lib/python3.7/site-packages/airflow/example_dags/example_bash_operator.py
[2022-08-19 16:51:15,022] {processor.py:651} INFO - DAG(s) dict_keys(['example_bash_operator']) retrieved from /home/airflow/.local/lib/python3.7/site-packages/airflow/example_dags/example_bash_operator.py
[2022-08-19 16:51:15,064] {logging_mixin.py:115} INFO - [2022-08-19 16:51:15,064] {dag.py:2379} INFO - Sync 1 DAGs
[2022-08-19 16:51:15,094] {logging_mixin.py:115} INFO - [2022-08-19 16:51:15,094] {dag.py:2931} INFO - Setting next_dagrun for example_bash_operator to 2022-08-18T00:00:00+00:00, run_after=2022-08-19T00:00:00+00:00
[2022-08-19 16:51:15,117] {processor.py:161} INFO - Processing /home/airflow/.local/lib/python3.7/site-packages/airflow/example_dags/example_bash_operator.py took 0.149 seconds
[2022-08-19 16:51:45,349] {processor.py:153} INFO - Started process (PID=331) to work on /home/airflow/.local/lib/python3.7/site-packages/airflow/example_dags/example_bash_operator.py
[2022-08-19 16:51:45,350] {processor.py:641} INFO - Processing file /home/airflow/.local/lib/python3.7/site-packages/airflow/example_dags/example_bash_operator.py for tasks to queue
[2022-08-19 16:51:45,351] {logging_mixin.py:115} INFO - [2022-08-19 16:51:45,351] {dagbag.py:507} INFO - Filling up the DagBag from /home/airflow/.local/lib/python3.7/site-packages/airflow/example_dags/example_bash_operator.py
[2022-08-19 16:51:45,374] {processor.py:651} INFO - DAG(s) dict_keys(['example_bash_operator']) retrieved from /home/airflow/.local/lib/python3.7/site-packages/airflow/example_dags/example_bash_operator.py
[2022-08-19 16:51:45,432] {logging_mixin.py:115} INFO - [2022-08-19 16:51:45,432] {dag.py:2379} INFO - Sync 1 DAGs
[2022-08-19 16:51:45,466] {logging_mixin.py:115} INFO - [2022-08-19 16:51:45,465] {dag.py:2931} INFO - Setting next_dagrun for example_bash_operator to 2022-08-18T00:00:00+00:00, run_after=2022-08-19T00:00:00+00:00
[2022-08-19 16:51:45,484] {processor.py:161} INFO - Processing /home/airflow/.local/lib/python3.7/site-packages/airflow/example_dags/example_bash_operator.py took 0.140 seconds
[2022-08-19 16:52:15,902] {processor.py:153} INFO - Started process (PID=385) to work on /home/airflow/.local/lib/python3.7/site-packages/airflow/example_dags/example_bash_operator.py
[2022-08-19 16:52:15,904] {processor.py:641} INFO - Processing file /home/airflow/.local/lib/python3.7/site-packages/airflow/example_dags/example_bash_operator.py for tasks to queue
[2022-08-19 16:52:15,905] {logging_mixin.py:115} INFO - [2022-08-19 16:52:15,905] {dagbag.py:507} INFO - Filling up the DagBag from /home/airflow/.local/lib/python3.7/site-packages/airflow/example_dags/example_bash_operator.py
[2022-08-19 16:52:15,927] {processor.py:651} INFO - DAG(s) dict_keys(['example_bash_operator']) retrieved from /home/airflow/.local/lib/python3.7/site-packages/airflow/example_dags/example_bash_operator.py
[2022-08-19 16:52:15,959] {logging_mixin.py:115} INFO - [2022-08-19 16:52:15,959] {dag.py:2379} INFO - Sync 1 DAGs
[2022-08-19 16:52:15,988] {logging_mixin.py:115} INFO - [2022-08-19 16:52:15,988] {dag.py:2931} INFO - Setting next_dagrun for example_bash_operator to 2022-08-18T00:00:00+00:00, run_after=2022-08-19T00:00:00+00:00
[2022-08-19 16:52:16,007] {processor.py:161} INFO - Processing /home/airflow/.local/lib/python3.7/site-packages/airflow/example_dags/example_bash_operator.py took 0.115 seconds
[2022-08-19 16:52:46,312] {processor.py:153} INFO - Started process (PID=448) to work on /home/airflow/.local/lib/python3.7/site-packages/airflow/example_dags/example_bash_operator.py
[2022-08-19 16:52:46,319] {processor.py:641} INFO - Processing file /home/airflow/.local/lib/python3.7/site-packages/airflow/example_dags/example_bash_operator.py for tasks to queue
[2022-08-19 16:52:46,321] {logging_mixin.py:115} INFO - [2022-08-19 16:52:46,320] {dagbag.py:507} INFO - Filling up the DagBag from /home/airflow/.local/lib/python3.7/site-packages/airflow/example_dags/example_bash_operator.py
[2022-08-19 16:52:46,350] {processor.py:651} INFO - DAG(s) dict_keys(['example_bash_operator']) retrieved from /home/airflow/.local/lib/python3.7/site-packages/airflow/example_dags/example_bash_operator.py
[2022-08-19 16:52:46,379] {logging_mixin.py:115} INFO - [2022-08-19 16:52:46,379] {dag.py:2379} INFO - Sync 1 DAGs
[2022-08-19 16:52:46,408] {logging_mixin.py:115} INFO - [2022-08-19 16:52:46,408] {dag.py:2931} INFO - Setting next_dagrun for example_bash_operator to 2022-08-18T00:00:00+00:00, run_after=2022-08-19T00:00:00+00:00
[2022-08-19 16:52:46,424] {processor.py:161} INFO - Processing /home/airflow/.local/lib/python3.7/site-packages/airflow/example_dags/example_bash_operator.py took 0.138 seconds
[2022-08-19 16:53:16,947] {processor.py:153} INFO - Started process (PID=511) to work on /home/airflow/.local/lib/python3.7/site-packages/airflow/example_dags/example_bash_operator.py
[2022-08-19 16:53:16,948] {processor.py:641} INFO - Processing file /home/airflow/.local/lib/python3.7/site-packages/airflow/example_dags/example_bash_operator.py for tasks to queue
[2022-08-19 16:53:16,948] {logging_mixin.py:115} INFO - [2022-08-19 16:53:16,948] {dagbag.py:507} INFO - Filling up the DagBag from /home/airflow/.local/lib/python3.7/site-packages/airflow/example_dags/example_bash_operator.py
[2022-08-19 16:53:16,961] {processor.py:651} INFO - DAG(s) dict_keys(['example_bash_operator']) retrieved from /home/airflow/.local/lib/python3.7/site-packages/airflow/example_dags/example_bash_operator.py
[2022-08-19 16:53:16,987] {logging_mixin.py:115} INFO - [2022-08-19 16:53:16,987] {dag.py:2379} INFO - Sync 1 DAGs
[2022-08-19 16:53:17,014] {logging_mixin.py:115} INFO - [2022-08-19 16:53:17,014] {dag.py:2931} INFO - Setting next_dagrun for example_bash_operator to 2022-08-18T00:00:00+00:00, run_after=2022-08-19T00:00:00+00:00
[2022-08-19 16:53:17,030] {processor.py:161} INFO - Processing /home/airflow/.local/lib/python3.7/site-packages/airflow/example_dags/example_bash_operator.py took 0.087 seconds
[2022-08-19 16:53:47,777] {processor.py:153} INFO - Started process (PID=565) to work on /home/airflow/.local/lib/python3.7/site-packages/airflow/example_dags/example_bash_operator.py
[2022-08-19 16:53:47,777] {processor.py:641} INFO - Processing file /home/airflow/.local/lib/python3.7/site-packages/airflow/example_dags/example_bash_operator.py for tasks to queue
[2022-08-19 16:53:47,778] {logging_mixin.py:115} INFO - [2022-08-19 16:53:47,778] {dagbag.py:507} INFO - Filling up the DagBag from /home/airflow/.local/lib/python3.7/site-packages/airflow/example_dags/example_bash_operator.py
[2022-08-19 16:53:47,789] {processor.py:651} INFO - DAG(s) dict_keys(['example_bash_operator']) retrieved from /home/airflow/.local/lib/python3.7/site-packages/airflow/example_dags/example_bash_operator.py
[2022-08-19 16:53:47,815] {logging_mixin.py:115} INFO - [2022-08-19 16:53:47,815] {dag.py:2379} INFO - Sync 1 DAGs
[2022-08-19 16:53:47,841] {logging_mixin.py:115} INFO - [2022-08-19 16:53:47,841] {dag.py:2931} INFO - Setting next_dagrun for example_bash_operator to 2022-08-18T00:00:00+00:00, run_after=2022-08-19T00:00:00+00:00
[2022-08-19 16:53:47,855] {processor.py:161} INFO - Processing /home/airflow/.local/lib/python3.7/site-packages/airflow/example_dags/example_bash_operator.py took 0.091 seconds
