[2022-08-19 00:59:15,452] {processor.py:153} INFO - Started process (PID=47) to work on /home/airflow/.local/lib/python3.7/site-packages/airflow/example_dags/example_branch_python_dop_operator_3.py
[2022-08-19 00:59:15,453] {processor.py:641} INFO - Processing file /home/airflow/.local/lib/python3.7/site-packages/airflow/example_dags/example_branch_python_dop_operator_3.py for tasks to queue
[2022-08-19 00:59:15,454] {logging_mixin.py:115} INFO - [2022-08-19 00:59:15,453] {dagbag.py:507} INFO - Filling up the DagBag from /home/airflow/.local/lib/python3.7/site-packages/airflow/example_dags/example_branch_python_dop_operator_3.py
[2022-08-19 00:59:15,471] {processor.py:651} INFO - DAG(s) dict_keys(['example_branch_dop_operator_v3']) retrieved from /home/airflow/.local/lib/python3.7/site-packages/airflow/example_dags/example_branch_python_dop_operator_3.py
[2022-08-19 00:59:15,559] {logging_mixin.py:115} INFO - [2022-08-19 00:59:15,555] {dag.py:2379} INFO - Sync 1 DAGs
[2022-08-19 00:59:15,658] {logging_mixin.py:115} INFO - [2022-08-19 00:59:15,658] {dag.py:2931} INFO - Setting next_dagrun for example_branch_dop_operator_v3 to 2022-08-19T00:58:00+00:00, run_after=2022-08-19T00:59:00+00:00
[2022-08-19 00:59:15,759] {processor.py:161} INFO - Processing /home/airflow/.local/lib/python3.7/site-packages/airflow/example_dags/example_branch_python_dop_operator_3.py took 0.310 seconds
[2022-08-19 00:59:45,901] {processor.py:153} INFO - Started process (PID=98) to work on /home/airflow/.local/lib/python3.7/site-packages/airflow/example_dags/example_branch_python_dop_operator_3.py
[2022-08-19 00:59:45,902] {processor.py:641} INFO - Processing file /home/airflow/.local/lib/python3.7/site-packages/airflow/example_dags/example_branch_python_dop_operator_3.py for tasks to queue
[2022-08-19 00:59:45,903] {logging_mixin.py:115} INFO - [2022-08-19 00:59:45,903] {dagbag.py:507} INFO - Filling up the DagBag from /home/airflow/.local/lib/python3.7/site-packages/airflow/example_dags/example_branch_python_dop_operator_3.py
[2022-08-19 00:59:45,919] {processor.py:651} INFO - DAG(s) dict_keys(['example_branch_dop_operator_v3']) retrieved from /home/airflow/.local/lib/python3.7/site-packages/airflow/example_dags/example_branch_python_dop_operator_3.py
[2022-08-19 00:59:45,953] {logging_mixin.py:115} INFO - [2022-08-19 00:59:45,953] {dag.py:2379} INFO - Sync 1 DAGs
[2022-08-19 00:59:45,990] {logging_mixin.py:115} INFO - [2022-08-19 00:59:45,990] {dag.py:2931} INFO - Setting next_dagrun for example_branch_dop_operator_v3 to 2022-08-19T00:58:00+00:00, run_after=2022-08-19T00:59:00+00:00
[2022-08-19 00:59:46,005] {processor.py:161} INFO - Processing /home/airflow/.local/lib/python3.7/site-packages/airflow/example_dags/example_branch_python_dop_operator_3.py took 0.110 seconds
[2022-08-19 01:10:15,034] {processor.py:153} INFO - Started process (PID=48) to work on /home/airflow/.local/lib/python3.7/site-packages/airflow/example_dags/example_branch_python_dop_operator_3.py
[2022-08-19 01:10:15,035] {processor.py:641} INFO - Processing file /home/airflow/.local/lib/python3.7/site-packages/airflow/example_dags/example_branch_python_dop_operator_3.py for tasks to queue
[2022-08-19 01:10:15,036] {logging_mixin.py:115} INFO - [2022-08-19 01:10:15,036] {dagbag.py:507} INFO - Filling up the DagBag from /home/airflow/.local/lib/python3.7/site-packages/airflow/example_dags/example_branch_python_dop_operator_3.py
[2022-08-19 01:10:15,052] {processor.py:651} INFO - DAG(s) dict_keys(['example_branch_dop_operator_v3']) retrieved from /home/airflow/.local/lib/python3.7/site-packages/airflow/example_dags/example_branch_python_dop_operator_3.py
[2022-08-19 01:10:15,094] {logging_mixin.py:115} INFO - [2022-08-19 01:10:15,094] {dag.py:2379} INFO - Sync 1 DAGs
[2022-08-19 01:10:15,357] {logging_mixin.py:115} INFO - [2022-08-19 01:10:15,357] {dag.py:2931} INFO - Setting next_dagrun for example_branch_dop_operator_v3 to 2022-08-19T01:09:00+00:00, run_after=2022-08-19T01:10:00+00:00
[2022-08-19 01:10:15,378] {processor.py:161} INFO - Processing /home/airflow/.local/lib/python3.7/site-packages/airflow/example_dags/example_branch_python_dop_operator_3.py took 0.348 seconds
[2022-08-19 01:10:45,588] {processor.py:153} INFO - Started process (PID=99) to work on /home/airflow/.local/lib/python3.7/site-packages/airflow/example_dags/example_branch_python_dop_operator_3.py
[2022-08-19 01:10:45,589] {processor.py:641} INFO - Processing file /home/airflow/.local/lib/python3.7/site-packages/airflow/example_dags/example_branch_python_dop_operator_3.py for tasks to queue
[2022-08-19 01:10:45,591] {logging_mixin.py:115} INFO - [2022-08-19 01:10:45,591] {dagbag.py:507} INFO - Filling up the DagBag from /home/airflow/.local/lib/python3.7/site-packages/airflow/example_dags/example_branch_python_dop_operator_3.py
[2022-08-19 01:10:45,608] {processor.py:651} INFO - DAG(s) dict_keys(['example_branch_dop_operator_v3']) retrieved from /home/airflow/.local/lib/python3.7/site-packages/airflow/example_dags/example_branch_python_dop_operator_3.py
[2022-08-19 01:10:45,662] {logging_mixin.py:115} INFO - [2022-08-19 01:10:45,662] {dag.py:2379} INFO - Sync 1 DAGs
[2022-08-19 01:10:45,890] {logging_mixin.py:115} INFO - [2022-08-19 01:10:45,890] {dag.py:2931} INFO - Setting next_dagrun for example_branch_dop_operator_v3 to 2022-08-19T01:09:00+00:00, run_after=2022-08-19T01:10:00+00:00
[2022-08-19 01:10:45,909] {processor.py:161} INFO - Processing /home/airflow/.local/lib/python3.7/site-packages/airflow/example_dags/example_branch_python_dop_operator_3.py took 0.325 seconds
[2022-08-19 01:11:16,239] {processor.py:153} INFO - Started process (PID=163) to work on /home/airflow/.local/lib/python3.7/site-packages/airflow/example_dags/example_branch_python_dop_operator_3.py
[2022-08-19 01:11:16,240] {processor.py:641} INFO - Processing file /home/airflow/.local/lib/python3.7/site-packages/airflow/example_dags/example_branch_python_dop_operator_3.py for tasks to queue
[2022-08-19 01:11:16,241] {logging_mixin.py:115} INFO - [2022-08-19 01:11:16,241] {dagbag.py:507} INFO - Filling up the DagBag from /home/airflow/.local/lib/python3.7/site-packages/airflow/example_dags/example_branch_python_dop_operator_3.py
[2022-08-19 01:11:16,258] {processor.py:651} INFO - DAG(s) dict_keys(['example_branch_dop_operator_v3']) retrieved from /home/airflow/.local/lib/python3.7/site-packages/airflow/example_dags/example_branch_python_dop_operator_3.py
[2022-08-19 01:11:16,330] {logging_mixin.py:115} INFO - [2022-08-19 01:11:16,329] {dag.py:2379} INFO - Sync 1 DAGs
[2022-08-19 01:11:16,613] {logging_mixin.py:115} INFO - [2022-08-19 01:11:16,612] {dag.py:2931} INFO - Setting next_dagrun for example_branch_dop_operator_v3 to 2022-08-19T01:10:00+00:00, run_after=2022-08-19T01:11:00+00:00
[2022-08-19 01:11:16,637] {processor.py:161} INFO - Processing /home/airflow/.local/lib/python3.7/site-packages/airflow/example_dags/example_branch_python_dop_operator_3.py took 0.402 seconds
[2022-08-19 01:11:47,196] {processor.py:153} INFO - Started process (PID=217) to work on /home/airflow/.local/lib/python3.7/site-packages/airflow/example_dags/example_branch_python_dop_operator_3.py
[2022-08-19 01:11:47,196] {processor.py:641} INFO - Processing file /home/airflow/.local/lib/python3.7/site-packages/airflow/example_dags/example_branch_python_dop_operator_3.py for tasks to queue
[2022-08-19 01:11:47,197] {logging_mixin.py:115} INFO - [2022-08-19 01:11:47,197] {dagbag.py:507} INFO - Filling up the DagBag from /home/airflow/.local/lib/python3.7/site-packages/airflow/example_dags/example_branch_python_dop_operator_3.py
[2022-08-19 01:11:47,206] {processor.py:651} INFO - DAG(s) dict_keys(['example_branch_dop_operator_v3']) retrieved from /home/airflow/.local/lib/python3.7/site-packages/airflow/example_dags/example_branch_python_dop_operator_3.py
[2022-08-19 01:11:47,240] {logging_mixin.py:115} INFO - [2022-08-19 01:11:47,240] {dag.py:2379} INFO - Sync 1 DAGs
[2022-08-19 01:11:47,413] {logging_mixin.py:115} INFO - [2022-08-19 01:11:47,413] {dag.py:2931} INFO - Setting next_dagrun for example_branch_dop_operator_v3 to 2022-08-19T01:10:00+00:00, run_after=2022-08-19T01:11:00+00:00
[2022-08-19 01:11:47,431] {processor.py:161} INFO - Processing /home/airflow/.local/lib/python3.7/site-packages/airflow/example_dags/example_branch_python_dop_operator_3.py took 0.237 seconds
[2022-08-19 01:12:17,631] {processor.py:153} INFO - Started process (PID=281) to work on /home/airflow/.local/lib/python3.7/site-packages/airflow/example_dags/example_branch_python_dop_operator_3.py
[2022-08-19 01:12:17,633] {processor.py:641} INFO - Processing file /home/airflow/.local/lib/python3.7/site-packages/airflow/example_dags/example_branch_python_dop_operator_3.py for tasks to queue
[2022-08-19 01:12:17,634] {logging_mixin.py:115} INFO - [2022-08-19 01:12:17,633] {dagbag.py:507} INFO - Filling up the DagBag from /home/airflow/.local/lib/python3.7/site-packages/airflow/example_dags/example_branch_python_dop_operator_3.py
[2022-08-19 01:12:17,650] {processor.py:651} INFO - DAG(s) dict_keys(['example_branch_dop_operator_v3']) retrieved from /home/airflow/.local/lib/python3.7/site-packages/airflow/example_dags/example_branch_python_dop_operator_3.py
[2022-08-19 01:12:17,680] {logging_mixin.py:115} INFO - [2022-08-19 01:12:17,680] {dag.py:2379} INFO - Sync 1 DAGs
[2022-08-19 01:12:17,830] {logging_mixin.py:115} INFO - [2022-08-19 01:12:17,830] {dag.py:2931} INFO - Setting next_dagrun for example_branch_dop_operator_v3 to 2022-08-19T01:11:00+00:00, run_after=2022-08-19T01:12:00+00:00
[2022-08-19 01:12:17,843] {processor.py:161} INFO - Processing /home/airflow/.local/lib/python3.7/site-packages/airflow/example_dags/example_branch_python_dop_operator_3.py took 0.216 seconds
[2022-08-19 01:12:48,182] {processor.py:153} INFO - Started process (PID=338) to work on /home/airflow/.local/lib/python3.7/site-packages/airflow/example_dags/example_branch_python_dop_operator_3.py
[2022-08-19 01:12:48,183] {processor.py:641} INFO - Processing file /home/airflow/.local/lib/python3.7/site-packages/airflow/example_dags/example_branch_python_dop_operator_3.py for tasks to queue
[2022-08-19 01:12:48,183] {logging_mixin.py:115} INFO - [2022-08-19 01:12:48,183] {dagbag.py:507} INFO - Filling up the DagBag from /home/airflow/.local/lib/python3.7/site-packages/airflow/example_dags/example_branch_python_dop_operator_3.py
[2022-08-19 01:12:48,195] {processor.py:651} INFO - DAG(s) dict_keys(['example_branch_dop_operator_v3']) retrieved from /home/airflow/.local/lib/python3.7/site-packages/airflow/example_dags/example_branch_python_dop_operator_3.py
[2022-08-19 01:12:48,221] {logging_mixin.py:115} INFO - [2022-08-19 01:12:48,221] {dag.py:2379} INFO - Sync 1 DAGs
[2022-08-19 01:12:48,368] {logging_mixin.py:115} INFO - [2022-08-19 01:12:48,368] {dag.py:2931} INFO - Setting next_dagrun for example_branch_dop_operator_v3 to 2022-08-19T01:11:00+00:00, run_after=2022-08-19T01:12:00+00:00
[2022-08-19 01:12:48,382] {processor.py:161} INFO - Processing /home/airflow/.local/lib/python3.7/site-packages/airflow/example_dags/example_branch_python_dop_operator_3.py took 0.206 seconds
[2022-08-19 01:13:19,151] {processor.py:153} INFO - Started process (PID=403) to work on /home/airflow/.local/lib/python3.7/site-packages/airflow/example_dags/example_branch_python_dop_operator_3.py
[2022-08-19 01:13:19,153] {processor.py:641} INFO - Processing file /home/airflow/.local/lib/python3.7/site-packages/airflow/example_dags/example_branch_python_dop_operator_3.py for tasks to queue
[2022-08-19 01:13:19,155] {logging_mixin.py:115} INFO - [2022-08-19 01:13:19,155] {dagbag.py:507} INFO - Filling up the DagBag from /home/airflow/.local/lib/python3.7/site-packages/airflow/example_dags/example_branch_python_dop_operator_3.py
[2022-08-19 01:13:19,203] {processor.py:651} INFO - DAG(s) dict_keys(['example_branch_dop_operator_v3']) retrieved from /home/airflow/.local/lib/python3.7/site-packages/airflow/example_dags/example_branch_python_dop_operator_3.py
[2022-08-19 01:13:19,247] {logging_mixin.py:115} INFO - [2022-08-19 01:13:19,247] {dag.py:2379} INFO - Sync 1 DAGs
[2022-08-19 01:13:19,401] {logging_mixin.py:115} INFO - [2022-08-19 01:13:19,401] {dag.py:2931} INFO - Setting next_dagrun for example_branch_dop_operator_v3 to 2022-08-19T01:12:00+00:00, run_after=2022-08-19T01:13:00+00:00
[2022-08-19 01:13:19,415] {processor.py:161} INFO - Processing /home/airflow/.local/lib/python3.7/site-packages/airflow/example_dags/example_branch_python_dop_operator_3.py took 0.279 seconds
[2022-08-19 01:13:49,849] {processor.py:153} INFO - Started process (PID=458) to work on /home/airflow/.local/lib/python3.7/site-packages/airflow/example_dags/example_branch_python_dop_operator_3.py
[2022-08-19 01:13:49,850] {processor.py:641} INFO - Processing file /home/airflow/.local/lib/python3.7/site-packages/airflow/example_dags/example_branch_python_dop_operator_3.py for tasks to queue
[2022-08-19 01:13:49,852] {logging_mixin.py:115} INFO - [2022-08-19 01:13:49,851] {dagbag.py:507} INFO - Filling up the DagBag from /home/airflow/.local/lib/python3.7/site-packages/airflow/example_dags/example_branch_python_dop_operator_3.py
[2022-08-19 01:13:49,894] {processor.py:651} INFO - DAG(s) dict_keys(['example_branch_dop_operator_v3']) retrieved from /home/airflow/.local/lib/python3.7/site-packages/airflow/example_dags/example_branch_python_dop_operator_3.py
[2022-08-19 01:13:49,953] {logging_mixin.py:115} INFO - [2022-08-19 01:13:49,953] {dag.py:2379} INFO - Sync 1 DAGs
[2022-08-19 01:13:50,100] {logging_mixin.py:115} INFO - [2022-08-19 01:13:50,100] {dag.py:2931} INFO - Setting next_dagrun for example_branch_dop_operator_v3 to 2022-08-19T01:12:00+00:00, run_after=2022-08-19T01:13:00+00:00
[2022-08-19 01:13:50,112] {processor.py:161} INFO - Processing /home/airflow/.local/lib/python3.7/site-packages/airflow/example_dags/example_branch_python_dop_operator_3.py took 0.272 seconds
[2022-08-19 01:14:20,811] {processor.py:153} INFO - Started process (PID=521) to work on /home/airflow/.local/lib/python3.7/site-packages/airflow/example_dags/example_branch_python_dop_operator_3.py
[2022-08-19 01:14:20,811] {processor.py:641} INFO - Processing file /home/airflow/.local/lib/python3.7/site-packages/airflow/example_dags/example_branch_python_dop_operator_3.py for tasks to queue
[2022-08-19 01:14:20,812] {logging_mixin.py:115} INFO - [2022-08-19 01:14:20,812] {dagbag.py:507} INFO - Filling up the DagBag from /home/airflow/.local/lib/python3.7/site-packages/airflow/example_dags/example_branch_python_dop_operator_3.py
[2022-08-19 01:14:20,824] {processor.py:651} INFO - DAG(s) dict_keys(['example_branch_dop_operator_v3']) retrieved from /home/airflow/.local/lib/python3.7/site-packages/airflow/example_dags/example_branch_python_dop_operator_3.py
[2022-08-19 01:14:20,854] {logging_mixin.py:115} INFO - [2022-08-19 01:14:20,854] {dag.py:2379} INFO - Sync 1 DAGs
[2022-08-19 01:14:21,005] {logging_mixin.py:115} INFO - [2022-08-19 01:14:21,005] {dag.py:2931} INFO - Setting next_dagrun for example_branch_dop_operator_v3 to 2022-08-19T01:13:00+00:00, run_after=2022-08-19T01:14:00+00:00
[2022-08-19 01:14:21,021] {processor.py:161} INFO - Processing /home/airflow/.local/lib/python3.7/site-packages/airflow/example_dags/example_branch_python_dop_operator_3.py took 0.214 seconds
[2022-08-19 01:14:51,197] {processor.py:153} INFO - Started process (PID=576) to work on /home/airflow/.local/lib/python3.7/site-packages/airflow/example_dags/example_branch_python_dop_operator_3.py
[2022-08-19 01:14:51,197] {processor.py:641} INFO - Processing file /home/airflow/.local/lib/python3.7/site-packages/airflow/example_dags/example_branch_python_dop_operator_3.py for tasks to queue
[2022-08-19 01:14:51,198] {logging_mixin.py:115} INFO - [2022-08-19 01:14:51,198] {dagbag.py:507} INFO - Filling up the DagBag from /home/airflow/.local/lib/python3.7/site-packages/airflow/example_dags/example_branch_python_dop_operator_3.py
[2022-08-19 01:14:51,207] {processor.py:651} INFO - DAG(s) dict_keys(['example_branch_dop_operator_v3']) retrieved from /home/airflow/.local/lib/python3.7/site-packages/airflow/example_dags/example_branch_python_dop_operator_3.py
[2022-08-19 01:14:51,234] {logging_mixin.py:115} INFO - [2022-08-19 01:14:51,234] {dag.py:2379} INFO - Sync 1 DAGs
[2022-08-19 01:14:51,365] {logging_mixin.py:115} INFO - [2022-08-19 01:14:51,365] {dag.py:2931} INFO - Setting next_dagrun for example_branch_dop_operator_v3 to 2022-08-19T01:13:00+00:00, run_after=2022-08-19T01:14:00+00:00
[2022-08-19 01:14:51,375] {processor.py:161} INFO - Processing /home/airflow/.local/lib/python3.7/site-packages/airflow/example_dags/example_branch_python_dop_operator_3.py took 0.181 seconds
[2022-08-19 01:21:18,818] {processor.py:153} INFO - Started process (PID=47) to work on /home/airflow/.local/lib/python3.7/site-packages/airflow/example_dags/example_branch_python_dop_operator_3.py
[2022-08-19 01:21:18,822] {processor.py:641} INFO - Processing file /home/airflow/.local/lib/python3.7/site-packages/airflow/example_dags/example_branch_python_dop_operator_3.py for tasks to queue
[2022-08-19 01:21:18,823] {logging_mixin.py:115} INFO - [2022-08-19 01:21:18,823] {dagbag.py:507} INFO - Filling up the DagBag from /home/airflow/.local/lib/python3.7/site-packages/airflow/example_dags/example_branch_python_dop_operator_3.py
[2022-08-19 01:21:18,849] {processor.py:651} INFO - DAG(s) dict_keys(['example_branch_dop_operator_v3']) retrieved from /home/airflow/.local/lib/python3.7/site-packages/airflow/example_dags/example_branch_python_dop_operator_3.py
[2022-08-19 01:21:18,929] {logging_mixin.py:115} INFO - [2022-08-19 01:21:18,928] {dag.py:2379} INFO - Sync 1 DAGs
[2022-08-19 01:21:19,041] {logging_mixin.py:115} INFO - [2022-08-19 01:21:19,041] {dag.py:2931} INFO - Setting next_dagrun for example_branch_dop_operator_v3 to 2022-08-19T01:20:00+00:00, run_after=2022-08-19T01:21:00+00:00
[2022-08-19 01:21:19,100] {processor.py:161} INFO - Processing /home/airflow/.local/lib/python3.7/site-packages/airflow/example_dags/example_branch_python_dop_operator_3.py took 0.286 seconds
[2022-08-19 01:21:49,165] {processor.py:153} INFO - Started process (PID=104) to work on /home/airflow/.local/lib/python3.7/site-packages/airflow/example_dags/example_branch_python_dop_operator_3.py
[2022-08-19 01:21:49,166] {processor.py:641} INFO - Processing file /home/airflow/.local/lib/python3.7/site-packages/airflow/example_dags/example_branch_python_dop_operator_3.py for tasks to queue
[2022-08-19 01:21:49,166] {logging_mixin.py:115} INFO - [2022-08-19 01:21:49,166] {dagbag.py:507} INFO - Filling up the DagBag from /home/airflow/.local/lib/python3.7/site-packages/airflow/example_dags/example_branch_python_dop_operator_3.py
[2022-08-19 01:21:49,179] {processor.py:651} INFO - DAG(s) dict_keys(['example_branch_dop_operator_v3']) retrieved from /home/airflow/.local/lib/python3.7/site-packages/airflow/example_dags/example_branch_python_dop_operator_3.py
[2022-08-19 01:21:49,209] {logging_mixin.py:115} INFO - [2022-08-19 01:21:49,208] {dag.py:2379} INFO - Sync 1 DAGs
[2022-08-19 01:21:49,257] {logging_mixin.py:115} INFO - [2022-08-19 01:21:49,256] {dag.py:2931} INFO - Setting next_dagrun for example_branch_dop_operator_v3 to 2022-08-19T01:20:00+00:00, run_after=2022-08-19T01:21:00+00:00
[2022-08-19 01:21:49,270] {processor.py:161} INFO - Processing /home/airflow/.local/lib/python3.7/site-packages/airflow/example_dags/example_branch_python_dop_operator_3.py took 0.107 seconds
[2022-08-19 01:22:19,346] {processor.py:153} INFO - Started process (PID=159) to work on /home/airflow/.local/lib/python3.7/site-packages/airflow/example_dags/example_branch_python_dop_operator_3.py
[2022-08-19 01:22:19,346] {processor.py:641} INFO - Processing file /home/airflow/.local/lib/python3.7/site-packages/airflow/example_dags/example_branch_python_dop_operator_3.py for tasks to queue
[2022-08-19 01:22:19,347] {logging_mixin.py:115} INFO - [2022-08-19 01:22:19,347] {dagbag.py:507} INFO - Filling up the DagBag from /home/airflow/.local/lib/python3.7/site-packages/airflow/example_dags/example_branch_python_dop_operator_3.py
[2022-08-19 01:22:19,356] {processor.py:651} INFO - DAG(s) dict_keys(['example_branch_dop_operator_v3']) retrieved from /home/airflow/.local/lib/python3.7/site-packages/airflow/example_dags/example_branch_python_dop_operator_3.py
[2022-08-19 01:22:19,377] {logging_mixin.py:115} INFO - [2022-08-19 01:22:19,377] {dag.py:2379} INFO - Sync 1 DAGs
[2022-08-19 01:22:19,407] {logging_mixin.py:115} INFO - [2022-08-19 01:22:19,407] {dag.py:2931} INFO - Setting next_dagrun for example_branch_dop_operator_v3 to 2022-08-19T01:21:00+00:00, run_after=2022-08-19T01:22:00+00:00
[2022-08-19 01:22:19,416] {processor.py:161} INFO - Processing /home/airflow/.local/lib/python3.7/site-packages/airflow/example_dags/example_branch_python_dop_operator_3.py took 0.073 seconds
[2022-08-19 01:22:49,539] {processor.py:153} INFO - Started process (PID=227) to work on /home/airflow/.local/lib/python3.7/site-packages/airflow/example_dags/example_branch_python_dop_operator_3.py
[2022-08-19 01:22:49,539] {processor.py:641} INFO - Processing file /home/airflow/.local/lib/python3.7/site-packages/airflow/example_dags/example_branch_python_dop_operator_3.py for tasks to queue
[2022-08-19 01:22:49,540] {logging_mixin.py:115} INFO - [2022-08-19 01:22:49,539] {dagbag.py:507} INFO - Filling up the DagBag from /home/airflow/.local/lib/python3.7/site-packages/airflow/example_dags/example_branch_python_dop_operator_3.py
[2022-08-19 01:22:49,552] {processor.py:651} INFO - DAG(s) dict_keys(['example_branch_dop_operator_v3']) retrieved from /home/airflow/.local/lib/python3.7/site-packages/airflow/example_dags/example_branch_python_dop_operator_3.py
[2022-08-19 01:22:49,585] {logging_mixin.py:115} INFO - [2022-08-19 01:22:49,585] {dag.py:2379} INFO - Sync 1 DAGs
[2022-08-19 01:22:49,628] {logging_mixin.py:115} INFO - [2022-08-19 01:22:49,627] {dag.py:2931} INFO - Setting next_dagrun for example_branch_dop_operator_v3 to 2022-08-19T01:21:00+00:00, run_after=2022-08-19T01:22:00+00:00
[2022-08-19 01:22:49,639] {processor.py:161} INFO - Processing /home/airflow/.local/lib/python3.7/site-packages/airflow/example_dags/example_branch_python_dop_operator_3.py took 0.104 seconds
[2022-08-19 01:23:20,073] {processor.py:153} INFO - Started process (PID=283) to work on /home/airflow/.local/lib/python3.7/site-packages/airflow/example_dags/example_branch_python_dop_operator_3.py
[2022-08-19 01:23:20,073] {processor.py:641} INFO - Processing file /home/airflow/.local/lib/python3.7/site-packages/airflow/example_dags/example_branch_python_dop_operator_3.py for tasks to queue
[2022-08-19 01:23:20,074] {logging_mixin.py:115} INFO - [2022-08-19 01:23:20,074] {dagbag.py:507} INFO - Filling up the DagBag from /home/airflow/.local/lib/python3.7/site-packages/airflow/example_dags/example_branch_python_dop_operator_3.py
[2022-08-19 01:23:20,084] {processor.py:651} INFO - DAG(s) dict_keys(['example_branch_dop_operator_v3']) retrieved from /home/airflow/.local/lib/python3.7/site-packages/airflow/example_dags/example_branch_python_dop_operator_3.py
[2022-08-19 01:23:20,108] {logging_mixin.py:115} INFO - [2022-08-19 01:23:20,107] {dag.py:2379} INFO - Sync 1 DAGs
[2022-08-19 01:23:20,139] {logging_mixin.py:115} INFO - [2022-08-19 01:23:20,139] {dag.py:2931} INFO - Setting next_dagrun for example_branch_dop_operator_v3 to 2022-08-19T01:22:00+00:00, run_after=2022-08-19T01:23:00+00:00
[2022-08-19 01:23:20,150] {processor.py:161} INFO - Processing /home/airflow/.local/lib/python3.7/site-packages/airflow/example_dags/example_branch_python_dop_operator_3.py took 0.080 seconds
[2022-08-19 01:23:50,339] {processor.py:153} INFO - Started process (PID=352) to work on /home/airflow/.local/lib/python3.7/site-packages/airflow/example_dags/example_branch_python_dop_operator_3.py
[2022-08-19 01:23:50,339] {processor.py:641} INFO - Processing file /home/airflow/.local/lib/python3.7/site-packages/airflow/example_dags/example_branch_python_dop_operator_3.py for tasks to queue
[2022-08-19 01:23:50,340] {logging_mixin.py:115} INFO - [2022-08-19 01:23:50,340] {dagbag.py:507} INFO - Filling up the DagBag from /home/airflow/.local/lib/python3.7/site-packages/airflow/example_dags/example_branch_python_dop_operator_3.py
[2022-08-19 01:23:50,383] {processor.py:651} INFO - DAG(s) dict_keys(['example_branch_dop_operator_v3']) retrieved from /home/airflow/.local/lib/python3.7/site-packages/airflow/example_dags/example_branch_python_dop_operator_3.py
[2022-08-19 01:23:50,429] {logging_mixin.py:115} INFO - [2022-08-19 01:23:50,429] {dag.py:2379} INFO - Sync 1 DAGs
[2022-08-19 01:23:50,486] {logging_mixin.py:115} INFO - [2022-08-19 01:23:50,486] {dag.py:2931} INFO - Setting next_dagrun for example_branch_dop_operator_v3 to 2022-08-19T01:22:00+00:00, run_after=2022-08-19T01:23:00+00:00
[2022-08-19 01:23:50,507] {processor.py:161} INFO - Processing /home/airflow/.local/lib/python3.7/site-packages/airflow/example_dags/example_branch_python_dop_operator_3.py took 0.172 seconds
[2022-08-19 01:24:20,866] {processor.py:153} INFO - Started process (PID=407) to work on /home/airflow/.local/lib/python3.7/site-packages/airflow/example_dags/example_branch_python_dop_operator_3.py
[2022-08-19 01:24:20,866] {processor.py:641} INFO - Processing file /home/airflow/.local/lib/python3.7/site-packages/airflow/example_dags/example_branch_python_dop_operator_3.py for tasks to queue
[2022-08-19 01:24:20,867] {logging_mixin.py:115} INFO - [2022-08-19 01:24:20,867] {dagbag.py:507} INFO - Filling up the DagBag from /home/airflow/.local/lib/python3.7/site-packages/airflow/example_dags/example_branch_python_dop_operator_3.py
[2022-08-19 01:24:20,879] {processor.py:651} INFO - DAG(s) dict_keys(['example_branch_dop_operator_v3']) retrieved from /home/airflow/.local/lib/python3.7/site-packages/airflow/example_dags/example_branch_python_dop_operator_3.py
[2022-08-19 01:24:20,903] {logging_mixin.py:115} INFO - [2022-08-19 01:24:20,903] {dag.py:2379} INFO - Sync 1 DAGs
[2022-08-19 01:24:20,939] {logging_mixin.py:115} INFO - [2022-08-19 01:24:20,938] {dag.py:2931} INFO - Setting next_dagrun for example_branch_dop_operator_v3 to 2022-08-19T01:23:00+00:00, run_after=2022-08-19T01:24:00+00:00
[2022-08-19 01:24:20,951] {processor.py:161} INFO - Processing /home/airflow/.local/lib/python3.7/site-packages/airflow/example_dags/example_branch_python_dop_operator_3.py took 0.088 seconds
[2022-08-19 01:24:51,631] {processor.py:153} INFO - Started process (PID=471) to work on /home/airflow/.local/lib/python3.7/site-packages/airflow/example_dags/example_branch_python_dop_operator_3.py
[2022-08-19 01:24:51,632] {processor.py:641} INFO - Processing file /home/airflow/.local/lib/python3.7/site-packages/airflow/example_dags/example_branch_python_dop_operator_3.py for tasks to queue
[2022-08-19 01:24:51,632] {logging_mixin.py:115} INFO - [2022-08-19 01:24:51,632] {dagbag.py:507} INFO - Filling up the DagBag from /home/airflow/.local/lib/python3.7/site-packages/airflow/example_dags/example_branch_python_dop_operator_3.py
[2022-08-19 01:24:51,649] {processor.py:651} INFO - DAG(s) dict_keys(['example_branch_dop_operator_v3']) retrieved from /home/airflow/.local/lib/python3.7/site-packages/airflow/example_dags/example_branch_python_dop_operator_3.py
[2022-08-19 01:24:51,684] {logging_mixin.py:115} INFO - [2022-08-19 01:24:51,684] {dag.py:2379} INFO - Sync 1 DAGs
[2022-08-19 01:24:51,739] {logging_mixin.py:115} INFO - [2022-08-19 01:24:51,738] {dag.py:2931} INFO - Setting next_dagrun for example_branch_dop_operator_v3 to 2022-08-19T01:23:00+00:00, run_after=2022-08-19T01:24:00+00:00
[2022-08-19 01:24:51,759] {processor.py:161} INFO - Processing /home/airflow/.local/lib/python3.7/site-packages/airflow/example_dags/example_branch_python_dop_operator_3.py took 0.132 seconds
[2022-08-19 01:25:22,153] {processor.py:153} INFO - Started process (PID=524) to work on /home/airflow/.local/lib/python3.7/site-packages/airflow/example_dags/example_branch_python_dop_operator_3.py
[2022-08-19 01:25:22,154] {processor.py:641} INFO - Processing file /home/airflow/.local/lib/python3.7/site-packages/airflow/example_dags/example_branch_python_dop_operator_3.py for tasks to queue
[2022-08-19 01:25:22,154] {logging_mixin.py:115} INFO - [2022-08-19 01:25:22,154] {dagbag.py:507} INFO - Filling up the DagBag from /home/airflow/.local/lib/python3.7/site-packages/airflow/example_dags/example_branch_python_dop_operator_3.py
[2022-08-19 01:25:22,162] {processor.py:651} INFO - DAG(s) dict_keys(['example_branch_dop_operator_v3']) retrieved from /home/airflow/.local/lib/python3.7/site-packages/airflow/example_dags/example_branch_python_dop_operator_3.py
[2022-08-19 01:25:22,193] {logging_mixin.py:115} INFO - [2022-08-19 01:25:22,193] {dag.py:2379} INFO - Sync 1 DAGs
[2022-08-19 01:25:22,237] {logging_mixin.py:115} INFO - [2022-08-19 01:25:22,237] {dag.py:2931} INFO - Setting next_dagrun for example_branch_dop_operator_v3 to 2022-08-19T01:24:00+00:00, run_after=2022-08-19T01:25:00+00:00
[2022-08-19 01:25:22,247] {processor.py:161} INFO - Processing /home/airflow/.local/lib/python3.7/site-packages/airflow/example_dags/example_branch_python_dop_operator_3.py took 0.100 seconds
[2022-08-19 01:25:52,309] {processor.py:153} INFO - Started process (PID=592) to work on /home/airflow/.local/lib/python3.7/site-packages/airflow/example_dags/example_branch_python_dop_operator_3.py
[2022-08-19 01:25:52,310] {processor.py:641} INFO - Processing file /home/airflow/.local/lib/python3.7/site-packages/airflow/example_dags/example_branch_python_dop_operator_3.py for tasks to queue
[2022-08-19 01:25:52,310] {logging_mixin.py:115} INFO - [2022-08-19 01:25:52,310] {dagbag.py:507} INFO - Filling up the DagBag from /home/airflow/.local/lib/python3.7/site-packages/airflow/example_dags/example_branch_python_dop_operator_3.py
[2022-08-19 01:25:52,326] {processor.py:651} INFO - DAG(s) dict_keys(['example_branch_dop_operator_v3']) retrieved from /home/airflow/.local/lib/python3.7/site-packages/airflow/example_dags/example_branch_python_dop_operator_3.py
[2022-08-19 01:25:52,361] {logging_mixin.py:115} INFO - [2022-08-19 01:25:52,361] {dag.py:2379} INFO - Sync 1 DAGs
[2022-08-19 01:25:52,411] {logging_mixin.py:115} INFO - [2022-08-19 01:25:52,411] {dag.py:2931} INFO - Setting next_dagrun for example_branch_dop_operator_v3 to 2022-08-19T01:24:00+00:00, run_after=2022-08-19T01:25:00+00:00
[2022-08-19 01:25:52,429] {processor.py:161} INFO - Processing /home/airflow/.local/lib/python3.7/site-packages/airflow/example_dags/example_branch_python_dop_operator_3.py took 0.124 seconds
[2022-08-19 01:26:23,042] {processor.py:153} INFO - Started process (PID=651) to work on /home/airflow/.local/lib/python3.7/site-packages/airflow/example_dags/example_branch_python_dop_operator_3.py
[2022-08-19 01:26:23,042] {processor.py:641} INFO - Processing file /home/airflow/.local/lib/python3.7/site-packages/airflow/example_dags/example_branch_python_dop_operator_3.py for tasks to queue
[2022-08-19 01:26:23,043] {logging_mixin.py:115} INFO - [2022-08-19 01:26:23,042] {dagbag.py:507} INFO - Filling up the DagBag from /home/airflow/.local/lib/python3.7/site-packages/airflow/example_dags/example_branch_python_dop_operator_3.py
[2022-08-19 01:26:23,052] {processor.py:651} INFO - DAG(s) dict_keys(['example_branch_dop_operator_v3']) retrieved from /home/airflow/.local/lib/python3.7/site-packages/airflow/example_dags/example_branch_python_dop_operator_3.py
[2022-08-19 01:26:23,079] {logging_mixin.py:115} INFO - [2022-08-19 01:26:23,079] {dag.py:2379} INFO - Sync 1 DAGs
[2022-08-19 01:26:23,115] {logging_mixin.py:115} INFO - [2022-08-19 01:26:23,115] {dag.py:2931} INFO - Setting next_dagrun for example_branch_dop_operator_v3 to 2022-08-19T01:25:00+00:00, run_after=2022-08-19T01:26:00+00:00
[2022-08-19 01:26:23,235] {processor.py:161} INFO - Processing /home/airflow/.local/lib/python3.7/site-packages/airflow/example_dags/example_branch_python_dop_operator_3.py took 0.196 seconds
[2022-08-19 01:26:53,297] {processor.py:153} INFO - Started process (PID=715) to work on /home/airflow/.local/lib/python3.7/site-packages/airflow/example_dags/example_branch_python_dop_operator_3.py
[2022-08-19 01:26:53,297] {processor.py:641} INFO - Processing file /home/airflow/.local/lib/python3.7/site-packages/airflow/example_dags/example_branch_python_dop_operator_3.py for tasks to queue
[2022-08-19 01:26:53,298] {logging_mixin.py:115} INFO - [2022-08-19 01:26:53,298] {dagbag.py:507} INFO - Filling up the DagBag from /home/airflow/.local/lib/python3.7/site-packages/airflow/example_dags/example_branch_python_dop_operator_3.py
[2022-08-19 01:26:53,307] {processor.py:651} INFO - DAG(s) dict_keys(['example_branch_dop_operator_v3']) retrieved from /home/airflow/.local/lib/python3.7/site-packages/airflow/example_dags/example_branch_python_dop_operator_3.py
[2022-08-19 01:26:53,329] {logging_mixin.py:115} INFO - [2022-08-19 01:26:53,329] {dag.py:2379} INFO - Sync 1 DAGs
[2022-08-19 01:26:53,358] {logging_mixin.py:115} INFO - [2022-08-19 01:26:53,358] {dag.py:2931} INFO - Setting next_dagrun for example_branch_dop_operator_v3 to 2022-08-19T01:25:00+00:00, run_after=2022-08-19T01:26:00+00:00
[2022-08-19 01:26:53,462] {processor.py:161} INFO - Processing /home/airflow/.local/lib/python3.7/site-packages/airflow/example_dags/example_branch_python_dop_operator_3.py took 0.168 seconds
[2022-08-19 01:27:23,734] {processor.py:153} INFO - Started process (PID=770) to work on /home/airflow/.local/lib/python3.7/site-packages/airflow/example_dags/example_branch_python_dop_operator_3.py
[2022-08-19 01:27:23,735] {processor.py:641} INFO - Processing file /home/airflow/.local/lib/python3.7/site-packages/airflow/example_dags/example_branch_python_dop_operator_3.py for tasks to queue
[2022-08-19 01:27:23,735] {logging_mixin.py:115} INFO - [2022-08-19 01:27:23,735] {dagbag.py:507} INFO - Filling up the DagBag from /home/airflow/.local/lib/python3.7/site-packages/airflow/example_dags/example_branch_python_dop_operator_3.py
[2022-08-19 01:27:23,746] {processor.py:651} INFO - DAG(s) dict_keys(['example_branch_dop_operator_v3']) retrieved from /home/airflow/.local/lib/python3.7/site-packages/airflow/example_dags/example_branch_python_dop_operator_3.py
[2022-08-19 01:27:23,769] {logging_mixin.py:115} INFO - [2022-08-19 01:27:23,769] {dag.py:2379} INFO - Sync 1 DAGs
[2022-08-19 01:27:23,799] {logging_mixin.py:115} INFO - [2022-08-19 01:27:23,799] {dag.py:2931} INFO - Setting next_dagrun for example_branch_dop_operator_v3 to 2022-08-19T01:26:00+00:00, run_after=2022-08-19T01:27:00+00:00
[2022-08-19 01:27:23,924] {processor.py:161} INFO - Processing /home/airflow/.local/lib/python3.7/site-packages/airflow/example_dags/example_branch_python_dop_operator_3.py took 0.193 seconds
[2022-08-19 01:27:54,349] {processor.py:153} INFO - Started process (PID=835) to work on /home/airflow/.local/lib/python3.7/site-packages/airflow/example_dags/example_branch_python_dop_operator_3.py
[2022-08-19 01:27:54,358] {processor.py:641} INFO - Processing file /home/airflow/.local/lib/python3.7/site-packages/airflow/example_dags/example_branch_python_dop_operator_3.py for tasks to queue
[2022-08-19 01:27:54,359] {logging_mixin.py:115} INFO - [2022-08-19 01:27:54,359] {dagbag.py:507} INFO - Filling up the DagBag from /home/airflow/.local/lib/python3.7/site-packages/airflow/example_dags/example_branch_python_dop_operator_3.py
[2022-08-19 01:27:54,386] {processor.py:651} INFO - DAG(s) dict_keys(['example_branch_dop_operator_v3']) retrieved from /home/airflow/.local/lib/python3.7/site-packages/airflow/example_dags/example_branch_python_dop_operator_3.py
[2022-08-19 01:27:54,441] {logging_mixin.py:115} INFO - [2022-08-19 01:27:54,441] {dag.py:2379} INFO - Sync 1 DAGs
[2022-08-19 01:27:54,510] {logging_mixin.py:115} INFO - [2022-08-19 01:27:54,510] {dag.py:2931} INFO - Setting next_dagrun for example_branch_dop_operator_v3 to 2022-08-19T01:26:00+00:00, run_after=2022-08-19T01:27:00+00:00
[2022-08-19 01:27:54,674] {processor.py:161} INFO - Processing /home/airflow/.local/lib/python3.7/site-packages/airflow/example_dags/example_branch_python_dop_operator_3.py took 0.341 seconds
[2022-08-19 01:28:25,072] {processor.py:153} INFO - Started process (PID=890) to work on /home/airflow/.local/lib/python3.7/site-packages/airflow/example_dags/example_branch_python_dop_operator_3.py
[2022-08-19 01:28:25,073] {processor.py:641} INFO - Processing file /home/airflow/.local/lib/python3.7/site-packages/airflow/example_dags/example_branch_python_dop_operator_3.py for tasks to queue
[2022-08-19 01:28:25,073] {logging_mixin.py:115} INFO - [2022-08-19 01:28:25,073] {dagbag.py:507} INFO - Filling up the DagBag from /home/airflow/.local/lib/python3.7/site-packages/airflow/example_dags/example_branch_python_dop_operator_3.py
[2022-08-19 01:28:25,090] {processor.py:651} INFO - DAG(s) dict_keys(['example_branch_dop_operator_v3']) retrieved from /home/airflow/.local/lib/python3.7/site-packages/airflow/example_dags/example_branch_python_dop_operator_3.py
[2022-08-19 01:28:25,120] {logging_mixin.py:115} INFO - [2022-08-19 01:28:25,120] {dag.py:2379} INFO - Sync 1 DAGs
[2022-08-19 01:28:25,162] {logging_mixin.py:115} INFO - [2022-08-19 01:28:25,161] {dag.py:2931} INFO - Setting next_dagrun for example_branch_dop_operator_v3 to 2022-08-19T01:27:00+00:00, run_after=2022-08-19T01:28:00+00:00
[2022-08-19 01:28:25,279] {processor.py:161} INFO - Processing /home/airflow/.local/lib/python3.7/site-packages/airflow/example_dags/example_branch_python_dop_operator_3.py took 0.212 seconds
[2022-08-19 01:31:03,720] {processor.py:153} INFO - Started process (PID=47) to work on /home/airflow/.local/lib/python3.7/site-packages/airflow/example_dags/example_branch_python_dop_operator_3.py
[2022-08-19 01:31:03,729] {processor.py:641} INFO - Processing file /home/airflow/.local/lib/python3.7/site-packages/airflow/example_dags/example_branch_python_dop_operator_3.py for tasks to queue
[2022-08-19 01:31:03,730] {logging_mixin.py:115} INFO - [2022-08-19 01:31:03,730] {dagbag.py:507} INFO - Filling up the DagBag from /home/airflow/.local/lib/python3.7/site-packages/airflow/example_dags/example_branch_python_dop_operator_3.py
[2022-08-19 01:31:03,763] {processor.py:651} INFO - DAG(s) dict_keys(['example_branch_dop_operator_v3']) retrieved from /home/airflow/.local/lib/python3.7/site-packages/airflow/example_dags/example_branch_python_dop_operator_3.py
[2022-08-19 01:31:03,829] {logging_mixin.py:115} INFO - [2022-08-19 01:31:03,829] {dag.py:2379} INFO - Sync 1 DAGs
[2022-08-19 01:31:03,941] {logging_mixin.py:115} INFO - [2022-08-19 01:31:03,941] {dag.py:2931} INFO - Setting next_dagrun for example_branch_dop_operator_v3 to 2022-08-19T01:30:00+00:00, run_after=2022-08-19T01:31:00+00:00
[2022-08-19 01:31:03,990] {processor.py:161} INFO - Processing /home/airflow/.local/lib/python3.7/site-packages/airflow/example_dags/example_branch_python_dop_operator_3.py took 0.274 seconds
[2022-08-19 01:31:34,054] {processor.py:153} INFO - Started process (PID=100) to work on /home/airflow/.local/lib/python3.7/site-packages/airflow/example_dags/example_branch_python_dop_operator_3.py
[2022-08-19 01:31:34,055] {processor.py:641} INFO - Processing file /home/airflow/.local/lib/python3.7/site-packages/airflow/example_dags/example_branch_python_dop_operator_3.py for tasks to queue
[2022-08-19 01:31:34,057] {logging_mixin.py:115} INFO - [2022-08-19 01:31:34,057] {dagbag.py:507} INFO - Filling up the DagBag from /home/airflow/.local/lib/python3.7/site-packages/airflow/example_dags/example_branch_python_dop_operator_3.py
[2022-08-19 01:31:34,073] {processor.py:651} INFO - DAG(s) dict_keys(['example_branch_dop_operator_v3']) retrieved from /home/airflow/.local/lib/python3.7/site-packages/airflow/example_dags/example_branch_python_dop_operator_3.py
[2022-08-19 01:31:34,149] {logging_mixin.py:115} INFO - [2022-08-19 01:31:34,149] {dag.py:2379} INFO - Sync 1 DAGs
[2022-08-19 01:31:34,216] {logging_mixin.py:115} INFO - [2022-08-19 01:31:34,215] {dag.py:2931} INFO - Setting next_dagrun for example_branch_dop_operator_v3 to 2022-08-19T01:30:00+00:00, run_after=2022-08-19T01:31:00+00:00
[2022-08-19 01:31:34,251] {processor.py:161} INFO - Processing /home/airflow/.local/lib/python3.7/site-packages/airflow/example_dags/example_branch_python_dop_operator_3.py took 0.202 seconds
[2022-08-19 01:32:05,167] {processor.py:153} INFO - Started process (PID=165) to work on /home/airflow/.local/lib/python3.7/site-packages/airflow/example_dags/example_branch_python_dop_operator_3.py
[2022-08-19 01:32:05,167] {processor.py:641} INFO - Processing file /home/airflow/.local/lib/python3.7/site-packages/airflow/example_dags/example_branch_python_dop_operator_3.py for tasks to queue
[2022-08-19 01:32:05,168] {logging_mixin.py:115} INFO - [2022-08-19 01:32:05,168] {dagbag.py:507} INFO - Filling up the DagBag from /home/airflow/.local/lib/python3.7/site-packages/airflow/example_dags/example_branch_python_dop_operator_3.py
[2022-08-19 01:32:05,180] {processor.py:651} INFO - DAG(s) dict_keys(['example_branch_dop_operator_v3']) retrieved from /home/airflow/.local/lib/python3.7/site-packages/airflow/example_dags/example_branch_python_dop_operator_3.py
[2022-08-19 01:32:05,212] {logging_mixin.py:115} INFO - [2022-08-19 01:32:05,212] {dag.py:2379} INFO - Sync 1 DAGs
[2022-08-19 01:32:05,260] {logging_mixin.py:115} INFO - [2022-08-19 01:32:05,260] {dag.py:2931} INFO - Setting next_dagrun for example_branch_dop_operator_v3 to 2022-08-19T01:31:00+00:00, run_after=2022-08-19T01:32:00+00:00
[2022-08-19 01:32:05,279] {processor.py:161} INFO - Processing /home/airflow/.local/lib/python3.7/site-packages/airflow/example_dags/example_branch_python_dop_operator_3.py took 0.115 seconds
[2022-08-19 01:32:35,508] {processor.py:153} INFO - Started process (PID=222) to work on /home/airflow/.local/lib/python3.7/site-packages/airflow/example_dags/example_branch_python_dop_operator_3.py
[2022-08-19 01:32:35,509] {processor.py:641} INFO - Processing file /home/airflow/.local/lib/python3.7/site-packages/airflow/example_dags/example_branch_python_dop_operator_3.py for tasks to queue
[2022-08-19 01:32:35,509] {logging_mixin.py:115} INFO - [2022-08-19 01:32:35,509] {dagbag.py:507} INFO - Filling up the DagBag from /home/airflow/.local/lib/python3.7/site-packages/airflow/example_dags/example_branch_python_dop_operator_3.py
[2022-08-19 01:32:35,527] {processor.py:651} INFO - DAG(s) dict_keys(['example_branch_dop_operator_v3']) retrieved from /home/airflow/.local/lib/python3.7/site-packages/airflow/example_dags/example_branch_python_dop_operator_3.py
[2022-08-19 01:32:35,564] {logging_mixin.py:115} INFO - [2022-08-19 01:32:35,564] {dag.py:2379} INFO - Sync 1 DAGs
[2022-08-19 01:32:35,616] {logging_mixin.py:115} INFO - [2022-08-19 01:32:35,615] {dag.py:2931} INFO - Setting next_dagrun for example_branch_dop_operator_v3 to 2022-08-19T01:31:00+00:00, run_after=2022-08-19T01:32:00+00:00
[2022-08-19 01:32:35,628] {processor.py:161} INFO - Processing /home/airflow/.local/lib/python3.7/site-packages/airflow/example_dags/example_branch_python_dop_operator_3.py took 0.129 seconds
[2022-08-19 13:48:24,934] {processor.py:153} INFO - Started process (PID=59) to work on /home/airflow/.local/lib/python3.7/site-packages/airflow/example_dags/example_branch_python_dop_operator_3.py
[2022-08-19 13:48:24,956] {processor.py:641} INFO - Processing file /home/airflow/.local/lib/python3.7/site-packages/airflow/example_dags/example_branch_python_dop_operator_3.py for tasks to queue
[2022-08-19 13:48:24,956] {logging_mixin.py:115} INFO - [2022-08-19 13:48:24,956] {dagbag.py:507} INFO - Filling up the DagBag from /home/airflow/.local/lib/python3.7/site-packages/airflow/example_dags/example_branch_python_dop_operator_3.py
[2022-08-19 13:48:25,026] {processor.py:651} INFO - DAG(s) dict_keys(['example_branch_dop_operator_v3']) retrieved from /home/airflow/.local/lib/python3.7/site-packages/airflow/example_dags/example_branch_python_dop_operator_3.py
[2022-08-19 13:48:25,276] {logging_mixin.py:115} INFO - [2022-08-19 13:48:25,276] {dag.py:2379} INFO - Sync 1 DAGs
[2022-08-19 13:48:25,482] {logging_mixin.py:115} INFO - [2022-08-19 13:48:25,482] {dag.py:2931} INFO - Setting next_dagrun for example_branch_dop_operator_v3 to 2022-08-19T13:47:00+00:00, run_after=2022-08-19T13:48:00+00:00
[2022-08-19 13:48:25,552] {processor.py:161} INFO - Processing /home/airflow/.local/lib/python3.7/site-packages/airflow/example_dags/example_branch_python_dop_operator_3.py took 0.653 seconds
[2022-08-19 13:48:56,305] {processor.py:153} INFO - Started process (PID=104) to work on /home/airflow/.local/lib/python3.7/site-packages/airflow/example_dags/example_branch_python_dop_operator_3.py
[2022-08-19 13:48:56,306] {processor.py:641} INFO - Processing file /home/airflow/.local/lib/python3.7/site-packages/airflow/example_dags/example_branch_python_dop_operator_3.py for tasks to queue
[2022-08-19 13:48:56,315] {logging_mixin.py:115} INFO - [2022-08-19 13:48:56,307] {dagbag.py:507} INFO - Filling up the DagBag from /home/airflow/.local/lib/python3.7/site-packages/airflow/example_dags/example_branch_python_dop_operator_3.py
[2022-08-19 13:48:56,357] {processor.py:651} INFO - DAG(s) dict_keys(['example_branch_dop_operator_v3']) retrieved from /home/airflow/.local/lib/python3.7/site-packages/airflow/example_dags/example_branch_python_dop_operator_3.py
[2022-08-19 13:48:56,455] {logging_mixin.py:115} INFO - [2022-08-19 13:48:56,455] {dag.py:2379} INFO - Sync 1 DAGs
[2022-08-19 13:48:56,593] {logging_mixin.py:115} INFO - [2022-08-19 13:48:56,593] {dag.py:2931} INFO - Setting next_dagrun for example_branch_dop_operator_v3 to 2022-08-19T13:47:00+00:00, run_after=2022-08-19T13:48:00+00:00
[2022-08-19 13:48:56,640] {processor.py:161} INFO - Processing /home/airflow/.local/lib/python3.7/site-packages/airflow/example_dags/example_branch_python_dop_operator_3.py took 0.340 seconds
[2022-08-19 13:49:27,427] {processor.py:153} INFO - Started process (PID=155) to work on /home/airflow/.local/lib/python3.7/site-packages/airflow/example_dags/example_branch_python_dop_operator_3.py
[2022-08-19 13:49:27,429] {processor.py:641} INFO - Processing file /home/airflow/.local/lib/python3.7/site-packages/airflow/example_dags/example_branch_python_dop_operator_3.py for tasks to queue
[2022-08-19 13:49:27,429] {logging_mixin.py:115} INFO - [2022-08-19 13:49:27,429] {dagbag.py:507} INFO - Filling up the DagBag from /home/airflow/.local/lib/python3.7/site-packages/airflow/example_dags/example_branch_python_dop_operator_3.py
[2022-08-19 13:49:27,446] {processor.py:651} INFO - DAG(s) dict_keys(['example_branch_dop_operator_v3']) retrieved from /home/airflow/.local/lib/python3.7/site-packages/airflow/example_dags/example_branch_python_dop_operator_3.py
[2022-08-19 13:49:27,502] {logging_mixin.py:115} INFO - [2022-08-19 13:49:27,501] {dag.py:2379} INFO - Sync 1 DAGs
[2022-08-19 13:49:27,564] {logging_mixin.py:115} INFO - [2022-08-19 13:49:27,564] {dag.py:2931} INFO - Setting next_dagrun for example_branch_dop_operator_v3 to 2022-08-19T13:48:00+00:00, run_after=2022-08-19T13:49:00+00:00
[2022-08-19 13:49:27,795] {processor.py:161} INFO - Processing /home/airflow/.local/lib/python3.7/site-packages/airflow/example_dags/example_branch_python_dop_operator_3.py took 0.373 seconds
[2022-08-19 13:49:58,511] {processor.py:153} INFO - Started process (PID=212) to work on /home/airflow/.local/lib/python3.7/site-packages/airflow/example_dags/example_branch_python_dop_operator_3.py
[2022-08-19 13:49:58,512] {processor.py:641} INFO - Processing file /home/airflow/.local/lib/python3.7/site-packages/airflow/example_dags/example_branch_python_dop_operator_3.py for tasks to queue
[2022-08-19 13:49:58,513] {logging_mixin.py:115} INFO - [2022-08-19 13:49:58,513] {dagbag.py:507} INFO - Filling up the DagBag from /home/airflow/.local/lib/python3.7/site-packages/airflow/example_dags/example_branch_python_dop_operator_3.py
[2022-08-19 13:49:58,529] {processor.py:651} INFO - DAG(s) dict_keys(['example_branch_dop_operator_v3']) retrieved from /home/airflow/.local/lib/python3.7/site-packages/airflow/example_dags/example_branch_python_dop_operator_3.py
[2022-08-19 13:49:58,565] {logging_mixin.py:115} INFO - [2022-08-19 13:49:58,565] {dag.py:2379} INFO - Sync 1 DAGs
[2022-08-19 13:49:58,609] {logging_mixin.py:115} INFO - [2022-08-19 13:49:58,608] {dag.py:2931} INFO - Setting next_dagrun for example_branch_dop_operator_v3 to 2022-08-19T13:48:00+00:00, run_after=2022-08-19T13:49:00+00:00
[2022-08-19 13:49:58,627] {processor.py:161} INFO - Processing /home/airflow/.local/lib/python3.7/site-packages/airflow/example_dags/example_branch_python_dop_operator_3.py took 0.120 seconds
