[2022-08-19 15:37:52,467] {processor.py:153} INFO - Started process (PID=65) to work on /home/airflow/.local/lib/python3.7/site-packages/airflow/example_dags/example_xcom.py
[2022-08-19 15:37:52,468] {processor.py:641} INFO - Processing file /home/airflow/.local/lib/python3.7/site-packages/airflow/example_dags/example_xcom.py for tasks to queue
[2022-08-19 15:37:52,469] {logging_mixin.py:115} INFO - [2022-08-19 15:37:52,469] {dagbag.py:507} INFO - Filling up the DagBag from /home/airflow/.local/lib/python3.7/site-packages/airflow/example_dags/example_xcom.py
[2022-08-19 15:37:52,615] {processor.py:651} INFO - DAG(s) dict_keys(['example_xcom']) retrieved from /home/airflow/.local/lib/python3.7/site-packages/airflow/example_dags/example_xcom.py
[2022-08-19 15:37:53,490] {logging_mixin.py:115} INFO - [2022-08-19 15:37:53,490] {dag.py:2379} INFO - Sync 1 DAGs
[2022-08-19 15:37:53,517] {logging_mixin.py:115} INFO - [2022-08-19 15:37:53,517] {dag.py:2931} INFO - Setting next_dagrun for example_xcom to 2021-01-01T00:00:00+00:00, run_after=2021-01-01T00:00:00+00:00
[2022-08-19 15:37:53,586] {processor.py:161} INFO - Processing /home/airflow/.local/lib/python3.7/site-packages/airflow/example_dags/example_xcom.py took 1.133 seconds
[2022-08-19 15:38:24,455] {processor.py:153} INFO - Started process (PID=120) to work on /home/airflow/.local/lib/python3.7/site-packages/airflow/example_dags/example_xcom.py
[2022-08-19 15:38:24,456] {processor.py:641} INFO - Processing file /home/airflow/.local/lib/python3.7/site-packages/airflow/example_dags/example_xcom.py for tasks to queue
[2022-08-19 15:38:24,458] {logging_mixin.py:115} INFO - [2022-08-19 15:38:24,458] {dagbag.py:507} INFO - Filling up the DagBag from /home/airflow/.local/lib/python3.7/site-packages/airflow/example_dags/example_xcom.py
[2022-08-19 15:38:24,499] {processor.py:651} INFO - DAG(s) dict_keys(['example_xcom']) retrieved from /home/airflow/.local/lib/python3.7/site-packages/airflow/example_dags/example_xcom.py
[2022-08-19 15:38:24,736] {logging_mixin.py:115} INFO - [2022-08-19 15:38:24,735] {dag.py:2379} INFO - Sync 1 DAGs
[2022-08-19 15:38:24,767] {logging_mixin.py:115} INFO - [2022-08-19 15:38:24,767] {dag.py:2931} INFO - Setting next_dagrun for example_xcom to 2021-01-01T00:00:00+00:00, run_after=2021-01-01T00:00:00+00:00
[2022-08-19 15:38:24,797] {processor.py:161} INFO - Processing /home/airflow/.local/lib/python3.7/site-packages/airflow/example_dags/example_xcom.py took 0.353 seconds
[2022-08-19 15:38:55,541] {processor.py:153} INFO - Started process (PID=187) to work on /home/airflow/.local/lib/python3.7/site-packages/airflow/example_dags/example_xcom.py
[2022-08-19 15:38:55,541] {processor.py:641} INFO - Processing file /home/airflow/.local/lib/python3.7/site-packages/airflow/example_dags/example_xcom.py for tasks to queue
[2022-08-19 15:38:55,542] {logging_mixin.py:115} INFO - [2022-08-19 15:38:55,542] {dagbag.py:507} INFO - Filling up the DagBag from /home/airflow/.local/lib/python3.7/site-packages/airflow/example_dags/example_xcom.py
[2022-08-19 15:38:55,575] {processor.py:651} INFO - DAG(s) dict_keys(['example_xcom']) retrieved from /home/airflow/.local/lib/python3.7/site-packages/airflow/example_dags/example_xcom.py
[2022-08-19 15:38:55,784] {logging_mixin.py:115} INFO - [2022-08-19 15:38:55,781] {dag.py:2379} INFO - Sync 1 DAGs
[2022-08-19 15:38:55,816] {logging_mixin.py:115} INFO - [2022-08-19 15:38:55,816] {dag.py:2931} INFO - Setting next_dagrun for example_xcom to 2021-01-01T00:00:00+00:00, run_after=2021-01-01T00:00:00+00:00
[2022-08-19 15:38:55,849] {processor.py:161} INFO - Processing /home/airflow/.local/lib/python3.7/site-packages/airflow/example_dags/example_xcom.py took 0.312 seconds
[2022-08-19 15:39:26,714] {processor.py:153} INFO - Started process (PID=240) to work on /home/airflow/.local/lib/python3.7/site-packages/airflow/example_dags/example_xcom.py
[2022-08-19 15:39:26,715] {processor.py:641} INFO - Processing file /home/airflow/.local/lib/python3.7/site-packages/airflow/example_dags/example_xcom.py for tasks to queue
[2022-08-19 15:39:26,716] {logging_mixin.py:115} INFO - [2022-08-19 15:39:26,716] {dagbag.py:507} INFO - Filling up the DagBag from /home/airflow/.local/lib/python3.7/site-packages/airflow/example_dags/example_xcom.py
[2022-08-19 15:39:26,740] {processor.py:651} INFO - DAG(s) dict_keys(['example_xcom']) retrieved from /home/airflow/.local/lib/python3.7/site-packages/airflow/example_dags/example_xcom.py
[2022-08-19 15:39:26,987] {logging_mixin.py:115} INFO - [2022-08-19 15:39:26,987] {dag.py:2379} INFO - Sync 1 DAGs
[2022-08-19 15:39:27,006] {logging_mixin.py:115} INFO - [2022-08-19 15:39:27,006] {dag.py:2931} INFO - Setting next_dagrun for example_xcom to 2021-01-01T00:00:00+00:00, run_after=2021-01-01T00:00:00+00:00
[2022-08-19 15:39:27,023] {processor.py:161} INFO - Processing /home/airflow/.local/lib/python3.7/site-packages/airflow/example_dags/example_xcom.py took 0.312 seconds
[2022-08-19 15:39:57,145] {processor.py:153} INFO - Started process (PID=302) to work on /home/airflow/.local/lib/python3.7/site-packages/airflow/example_dags/example_xcom.py
[2022-08-19 15:39:57,146] {processor.py:641} INFO - Processing file /home/airflow/.local/lib/python3.7/site-packages/airflow/example_dags/example_xcom.py for tasks to queue
[2022-08-19 15:39:57,147] {logging_mixin.py:115} INFO - [2022-08-19 15:39:57,147] {dagbag.py:507} INFO - Filling up the DagBag from /home/airflow/.local/lib/python3.7/site-packages/airflow/example_dags/example_xcom.py
[2022-08-19 15:39:57,171] {processor.py:651} INFO - DAG(s) dict_keys(['example_xcom']) retrieved from /home/airflow/.local/lib/python3.7/site-packages/airflow/example_dags/example_xcom.py
[2022-08-19 15:39:57,350] {logging_mixin.py:115} INFO - [2022-08-19 15:39:57,350] {dag.py:2379} INFO - Sync 1 DAGs
[2022-08-19 15:39:57,370] {logging_mixin.py:115} INFO - [2022-08-19 15:39:57,370] {dag.py:2931} INFO - Setting next_dagrun for example_xcom to 2021-01-01T00:00:00+00:00, run_after=2021-01-01T00:00:00+00:00
[2022-08-19 15:39:57,386] {processor.py:161} INFO - Processing /home/airflow/.local/lib/python3.7/site-packages/airflow/example_dags/example_xcom.py took 0.243 seconds
[2022-08-19 15:40:27,769] {processor.py:153} INFO - Started process (PID=358) to work on /home/airflow/.local/lib/python3.7/site-packages/airflow/example_dags/example_xcom.py
[2022-08-19 15:40:27,770] {processor.py:641} INFO - Processing file /home/airflow/.local/lib/python3.7/site-packages/airflow/example_dags/example_xcom.py for tasks to queue
[2022-08-19 15:40:27,771] {logging_mixin.py:115} INFO - [2022-08-19 15:40:27,771] {dagbag.py:507} INFO - Filling up the DagBag from /home/airflow/.local/lib/python3.7/site-packages/airflow/example_dags/example_xcom.py
[2022-08-19 15:40:27,808] {processor.py:651} INFO - DAG(s) dict_keys(['example_xcom']) retrieved from /home/airflow/.local/lib/python3.7/site-packages/airflow/example_dags/example_xcom.py
[2022-08-19 15:40:27,992] {logging_mixin.py:115} INFO - [2022-08-19 15:40:27,992] {dag.py:2379} INFO - Sync 1 DAGs
[2022-08-19 15:40:28,013] {logging_mixin.py:115} INFO - [2022-08-19 15:40:28,013] {dag.py:2931} INFO - Setting next_dagrun for example_xcom to 2021-01-01T00:00:00+00:00, run_after=2021-01-01T00:00:00+00:00
[2022-08-19 15:40:28,033] {processor.py:161} INFO - Processing /home/airflow/.local/lib/python3.7/site-packages/airflow/example_dags/example_xcom.py took 0.269 seconds
[2022-08-19 15:40:58,132] {processor.py:153} INFO - Started process (PID=421) to work on /home/airflow/.local/lib/python3.7/site-packages/airflow/example_dags/example_xcom.py
[2022-08-19 15:40:58,134] {processor.py:641} INFO - Processing file /home/airflow/.local/lib/python3.7/site-packages/airflow/example_dags/example_xcom.py for tasks to queue
[2022-08-19 15:40:58,136] {logging_mixin.py:115} INFO - [2022-08-19 15:40:58,135] {dagbag.py:507} INFO - Filling up the DagBag from /home/airflow/.local/lib/python3.7/site-packages/airflow/example_dags/example_xcom.py
[2022-08-19 15:40:58,210] {processor.py:651} INFO - DAG(s) dict_keys(['example_xcom']) retrieved from /home/airflow/.local/lib/python3.7/site-packages/airflow/example_dags/example_xcom.py
[2022-08-19 15:40:58,374] {logging_mixin.py:115} INFO - [2022-08-19 15:40:58,373] {dag.py:2379} INFO - Sync 1 DAGs
[2022-08-19 15:40:58,399] {logging_mixin.py:115} INFO - [2022-08-19 15:40:58,399] {dag.py:2931} INFO - Setting next_dagrun for example_xcom to 2021-01-01T00:00:00+00:00, run_after=2021-01-01T00:00:00+00:00
[2022-08-19 15:40:58,413] {processor.py:161} INFO - Processing /home/airflow/.local/lib/python3.7/site-packages/airflow/example_dags/example_xcom.py took 0.293 seconds
[2022-08-19 15:41:28,696] {processor.py:153} INFO - Started process (PID=475) to work on /home/airflow/.local/lib/python3.7/site-packages/airflow/example_dags/example_xcom.py
[2022-08-19 15:41:28,697] {processor.py:641} INFO - Processing file /home/airflow/.local/lib/python3.7/site-packages/airflow/example_dags/example_xcom.py for tasks to queue
[2022-08-19 15:41:28,697] {logging_mixin.py:115} INFO - [2022-08-19 15:41:28,697] {dagbag.py:507} INFO - Filling up the DagBag from /home/airflow/.local/lib/python3.7/site-packages/airflow/example_dags/example_xcom.py
[2022-08-19 15:41:28,720] {processor.py:651} INFO - DAG(s) dict_keys(['example_xcom']) retrieved from /home/airflow/.local/lib/python3.7/site-packages/airflow/example_dags/example_xcom.py
[2022-08-19 15:41:28,893] {logging_mixin.py:115} INFO - [2022-08-19 15:41:28,893] {dag.py:2379} INFO - Sync 1 DAGs
[2022-08-19 15:41:28,913] {logging_mixin.py:115} INFO - [2022-08-19 15:41:28,913] {dag.py:2931} INFO - Setting next_dagrun for example_xcom to 2021-01-01T00:00:00+00:00, run_after=2021-01-01T00:00:00+00:00
[2022-08-19 15:41:28,928] {processor.py:161} INFO - Processing /home/airflow/.local/lib/python3.7/site-packages/airflow/example_dags/example_xcom.py took 0.235 seconds
[2022-08-19 15:41:59,000] {processor.py:153} INFO - Started process (PID=539) to work on /home/airflow/.local/lib/python3.7/site-packages/airflow/example_dags/example_xcom.py
[2022-08-19 15:41:59,001] {processor.py:641} INFO - Processing file /home/airflow/.local/lib/python3.7/site-packages/airflow/example_dags/example_xcom.py for tasks to queue
[2022-08-19 15:41:59,002] {logging_mixin.py:115} INFO - [2022-08-19 15:41:59,001] {dagbag.py:507} INFO - Filling up the DagBag from /home/airflow/.local/lib/python3.7/site-packages/airflow/example_dags/example_xcom.py
[2022-08-19 15:41:59,026] {processor.py:651} INFO - DAG(s) dict_keys(['example_xcom']) retrieved from /home/airflow/.local/lib/python3.7/site-packages/airflow/example_dags/example_xcom.py
[2022-08-19 15:41:59,146] {logging_mixin.py:115} INFO - [2022-08-19 15:41:59,146] {dag.py:2379} INFO - Sync 1 DAGs
[2022-08-19 15:41:59,166] {logging_mixin.py:115} INFO - [2022-08-19 15:41:59,166] {dag.py:2931} INFO - Setting next_dagrun for example_xcom to 2021-01-01T00:00:00+00:00, run_after=2021-01-01T00:00:00+00:00
[2022-08-19 15:41:59,177] {processor.py:161} INFO - Processing /home/airflow/.local/lib/python3.7/site-packages/airflow/example_dags/example_xcom.py took 0.180 seconds
[2022-08-19 15:42:29,298] {processor.py:153} INFO - Started process (PID=602) to work on /home/airflow/.local/lib/python3.7/site-packages/airflow/example_dags/example_xcom.py
[2022-08-19 15:42:29,299] {processor.py:641} INFO - Processing file /home/airflow/.local/lib/python3.7/site-packages/airflow/example_dags/example_xcom.py for tasks to queue
[2022-08-19 15:42:29,300] {logging_mixin.py:115} INFO - [2022-08-19 15:42:29,300] {dagbag.py:507} INFO - Filling up the DagBag from /home/airflow/.local/lib/python3.7/site-packages/airflow/example_dags/example_xcom.py
[2022-08-19 15:42:29,325] {processor.py:651} INFO - DAG(s) dict_keys(['example_xcom']) retrieved from /home/airflow/.local/lib/python3.7/site-packages/airflow/example_dags/example_xcom.py
[2022-08-19 15:42:29,527] {logging_mixin.py:115} INFO - [2022-08-19 15:42:29,527] {dag.py:2379} INFO - Sync 1 DAGs
[2022-08-19 15:42:29,548] {logging_mixin.py:115} INFO - [2022-08-19 15:42:29,548] {dag.py:2931} INFO - Setting next_dagrun for example_xcom to 2021-01-01T00:00:00+00:00, run_after=2021-01-01T00:00:00+00:00
[2022-08-19 15:42:29,565] {processor.py:161} INFO - Processing /home/airflow/.local/lib/python3.7/site-packages/airflow/example_dags/example_xcom.py took 0.270 seconds
[2022-08-19 15:42:59,760] {processor.py:153} INFO - Started process (PID=655) to work on /home/airflow/.local/lib/python3.7/site-packages/airflow/example_dags/example_xcom.py
[2022-08-19 15:42:59,764] {processor.py:641} INFO - Processing file /home/airflow/.local/lib/python3.7/site-packages/airflow/example_dags/example_xcom.py for tasks to queue
[2022-08-19 15:42:59,765] {logging_mixin.py:115} INFO - [2022-08-19 15:42:59,765] {dagbag.py:507} INFO - Filling up the DagBag from /home/airflow/.local/lib/python3.7/site-packages/airflow/example_dags/example_xcom.py
[2022-08-19 15:42:59,961] {processor.py:651} INFO - DAG(s) dict_keys(['example_xcom']) retrieved from /home/airflow/.local/lib/python3.7/site-packages/airflow/example_dags/example_xcom.py
[2022-08-19 15:43:00,052] {logging_mixin.py:115} INFO - [2022-08-19 15:43:00,052] {dag.py:2379} INFO - Sync 1 DAGs
[2022-08-19 15:43:00,080] {logging_mixin.py:115} INFO - [2022-08-19 15:43:00,080] {dag.py:2931} INFO - Setting next_dagrun for example_xcom to 2021-01-01T00:00:00+00:00, run_after=2021-01-01T00:00:00+00:00
[2022-08-19 15:43:00,104] {processor.py:161} INFO - Processing /home/airflow/.local/lib/python3.7/site-packages/airflow/example_dags/example_xcom.py took 0.350 seconds
[2022-08-19 15:44:05,308] {processor.py:153} INFO - Started process (PID=59) to work on /home/airflow/.local/lib/python3.7/site-packages/airflow/example_dags/example_xcom.py
[2022-08-19 15:44:05,309] {processor.py:641} INFO - Processing file /home/airflow/.local/lib/python3.7/site-packages/airflow/example_dags/example_xcom.py for tasks to queue
[2022-08-19 15:44:05,310] {logging_mixin.py:115} INFO - [2022-08-19 15:44:05,310] {dagbag.py:507} INFO - Filling up the DagBag from /home/airflow/.local/lib/python3.7/site-packages/airflow/example_dags/example_xcom.py
[2022-08-19 15:44:05,340] {processor.py:651} INFO - DAG(s) dict_keys(['example_xcom']) retrieved from /home/airflow/.local/lib/python3.7/site-packages/airflow/example_dags/example_xcom.py
[2022-08-19 15:44:05,784] {logging_mixin.py:115} INFO - [2022-08-19 15:44:05,784] {dag.py:2379} INFO - Sync 1 DAGs
[2022-08-19 15:44:05,841] {logging_mixin.py:115} INFO - [2022-08-19 15:44:05,841] {dag.py:2931} INFO - Setting next_dagrun for example_xcom to 2021-01-01T00:00:00+00:00, run_after=2021-01-01T00:00:00+00:00
[2022-08-19 15:44:05,868] {processor.py:161} INFO - Processing /home/airflow/.local/lib/python3.7/site-packages/airflow/example_dags/example_xcom.py took 0.569 seconds
[2022-08-19 15:44:35,931] {processor.py:153} INFO - Started process (PID=113) to work on /home/airflow/.local/lib/python3.7/site-packages/airflow/example_dags/example_xcom.py
[2022-08-19 15:44:35,931] {processor.py:641} INFO - Processing file /home/airflow/.local/lib/python3.7/site-packages/airflow/example_dags/example_xcom.py for tasks to queue
[2022-08-19 15:44:35,932] {logging_mixin.py:115} INFO - [2022-08-19 15:44:35,932] {dagbag.py:507} INFO - Filling up the DagBag from /home/airflow/.local/lib/python3.7/site-packages/airflow/example_dags/example_xcom.py
[2022-08-19 15:44:35,954] {processor.py:651} INFO - DAG(s) dict_keys(['example_xcom']) retrieved from /home/airflow/.local/lib/python3.7/site-packages/airflow/example_dags/example_xcom.py
[2022-08-19 15:44:36,148] {logging_mixin.py:115} INFO - [2022-08-19 15:44:36,148] {dag.py:2379} INFO - Sync 1 DAGs
[2022-08-19 15:44:36,171] {logging_mixin.py:115} INFO - [2022-08-19 15:44:36,170] {dag.py:2931} INFO - Setting next_dagrun for example_xcom to 2021-01-01T00:00:00+00:00, run_after=2021-01-01T00:00:00+00:00
[2022-08-19 15:44:36,187] {processor.py:161} INFO - Processing /home/airflow/.local/lib/python3.7/site-packages/airflow/example_dags/example_xcom.py took 0.260 seconds
[2022-08-19 16:13:54,124] {processor.py:153} INFO - Started process (PID=59) to work on /home/airflow/.local/lib/python3.7/site-packages/airflow/example_dags/example_xcom.py
[2022-08-19 16:13:54,126] {processor.py:641} INFO - Processing file /home/airflow/.local/lib/python3.7/site-packages/airflow/example_dags/example_xcom.py for tasks to queue
[2022-08-19 16:13:54,129] {logging_mixin.py:115} INFO - [2022-08-19 16:13:54,129] {dagbag.py:507} INFO - Filling up the DagBag from /home/airflow/.local/lib/python3.7/site-packages/airflow/example_dags/example_xcom.py
[2022-08-19 16:13:54,158] {processor.py:651} INFO - DAG(s) dict_keys(['example_xcom']) retrieved from /home/airflow/.local/lib/python3.7/site-packages/airflow/example_dags/example_xcom.py
[2022-08-19 16:13:54,420] {logging_mixin.py:115} INFO - [2022-08-19 16:13:54,420] {dag.py:2379} INFO - Sync 1 DAGs
[2022-08-19 16:13:54,461] {logging_mixin.py:115} INFO - [2022-08-19 16:13:54,461] {dag.py:2931} INFO - Setting next_dagrun for example_xcom to 2021-01-01T00:00:00+00:00, run_after=2021-01-01T00:00:00+00:00
[2022-08-19 16:13:54,491] {processor.py:161} INFO - Processing /home/airflow/.local/lib/python3.7/site-packages/airflow/example_dags/example_xcom.py took 0.379 seconds
[2022-08-19 16:14:25,162] {processor.py:153} INFO - Started process (PID=112) to work on /home/airflow/.local/lib/python3.7/site-packages/airflow/example_dags/example_xcom.py
[2022-08-19 16:14:25,163] {processor.py:641} INFO - Processing file /home/airflow/.local/lib/python3.7/site-packages/airflow/example_dags/example_xcom.py for tasks to queue
[2022-08-19 16:14:25,163] {logging_mixin.py:115} INFO - [2022-08-19 16:14:25,163] {dagbag.py:507} INFO - Filling up the DagBag from /home/airflow/.local/lib/python3.7/site-packages/airflow/example_dags/example_xcom.py
[2022-08-19 16:14:25,183] {processor.py:651} INFO - DAG(s) dict_keys(['example_xcom']) retrieved from /home/airflow/.local/lib/python3.7/site-packages/airflow/example_dags/example_xcom.py
[2022-08-19 16:14:25,461] {logging_mixin.py:115} INFO - [2022-08-19 16:14:25,461] {dag.py:2379} INFO - Sync 1 DAGs
[2022-08-19 16:14:25,495] {logging_mixin.py:115} INFO - [2022-08-19 16:14:25,492] {dag.py:2931} INFO - Setting next_dagrun for example_xcom to 2021-01-01T00:00:00+00:00, run_after=2021-01-01T00:00:00+00:00
[2022-08-19 16:14:25,519] {processor.py:161} INFO - Processing /home/airflow/.local/lib/python3.7/site-packages/airflow/example_dags/example_xcom.py took 0.360 seconds
[2022-08-19 16:14:55,553] {processor.py:153} INFO - Started process (PID=174) to work on /home/airflow/.local/lib/python3.7/site-packages/airflow/example_dags/example_xcom.py
[2022-08-19 16:14:55,555] {processor.py:641} INFO - Processing file /home/airflow/.local/lib/python3.7/site-packages/airflow/example_dags/example_xcom.py for tasks to queue
[2022-08-19 16:14:55,555] {logging_mixin.py:115} INFO - [2022-08-19 16:14:55,555] {dagbag.py:507} INFO - Filling up the DagBag from /home/airflow/.local/lib/python3.7/site-packages/airflow/example_dags/example_xcom.py
[2022-08-19 16:14:55,579] {processor.py:651} INFO - DAG(s) dict_keys(['example_xcom']) retrieved from /home/airflow/.local/lib/python3.7/site-packages/airflow/example_dags/example_xcom.py
[2022-08-19 16:14:55,823] {logging_mixin.py:115} INFO - [2022-08-19 16:14:55,823] {dag.py:2379} INFO - Sync 1 DAGs
[2022-08-19 16:14:55,856] {logging_mixin.py:115} INFO - [2022-08-19 16:14:55,855] {dag.py:2931} INFO - Setting next_dagrun for example_xcom to 2021-01-01T00:00:00+00:00, run_after=2021-01-01T00:00:00+00:00
[2022-08-19 16:14:55,890] {processor.py:161} INFO - Processing /home/airflow/.local/lib/python3.7/site-packages/airflow/example_dags/example_xcom.py took 0.340 seconds
[2022-08-19 16:15:26,118] {processor.py:153} INFO - Started process (PID=228) to work on /home/airflow/.local/lib/python3.7/site-packages/airflow/example_dags/example_xcom.py
[2022-08-19 16:15:26,130] {processor.py:641} INFO - Processing file /home/airflow/.local/lib/python3.7/site-packages/airflow/example_dags/example_xcom.py for tasks to queue
[2022-08-19 16:15:26,132] {logging_mixin.py:115} INFO - [2022-08-19 16:15:26,132] {dagbag.py:507} INFO - Filling up the DagBag from /home/airflow/.local/lib/python3.7/site-packages/airflow/example_dags/example_xcom.py
[2022-08-19 16:15:26,159] {processor.py:651} INFO - DAG(s) dict_keys(['example_xcom']) retrieved from /home/airflow/.local/lib/python3.7/site-packages/airflow/example_dags/example_xcom.py
[2022-08-19 16:15:26,333] {logging_mixin.py:115} INFO - [2022-08-19 16:15:26,332] {dag.py:2379} INFO - Sync 1 DAGs
[2022-08-19 16:15:26,351] {logging_mixin.py:115} INFO - [2022-08-19 16:15:26,351] {dag.py:2931} INFO - Setting next_dagrun for example_xcom to 2021-01-01T00:00:00+00:00, run_after=2021-01-01T00:00:00+00:00
[2022-08-19 16:15:26,381] {processor.py:161} INFO - Processing /home/airflow/.local/lib/python3.7/site-packages/airflow/example_dags/example_xcom.py took 0.274 seconds
[2022-08-19 16:15:56,500] {processor.py:153} INFO - Started process (PID=289) to work on /home/airflow/.local/lib/python3.7/site-packages/airflow/example_dags/example_xcom.py
[2022-08-19 16:15:56,500] {processor.py:641} INFO - Processing file /home/airflow/.local/lib/python3.7/site-packages/airflow/example_dags/example_xcom.py for tasks to queue
[2022-08-19 16:15:56,500] {logging_mixin.py:115} INFO - [2022-08-19 16:15:56,500] {dagbag.py:507} INFO - Filling up the DagBag from /home/airflow/.local/lib/python3.7/site-packages/airflow/example_dags/example_xcom.py
[2022-08-19 16:15:56,519] {processor.py:651} INFO - DAG(s) dict_keys(['example_xcom']) retrieved from /home/airflow/.local/lib/python3.7/site-packages/airflow/example_dags/example_xcom.py
[2022-08-19 16:15:56,810] {logging_mixin.py:115} INFO - [2022-08-19 16:15:56,810] {dag.py:2379} INFO - Sync 1 DAGs
[2022-08-19 16:15:56,840] {logging_mixin.py:115} INFO - [2022-08-19 16:15:56,840] {dag.py:2931} INFO - Setting next_dagrun for example_xcom to 2021-01-01T00:00:00+00:00, run_after=2021-01-01T00:00:00+00:00
[2022-08-19 16:15:56,863] {processor.py:161} INFO - Processing /home/airflow/.local/lib/python3.7/site-packages/airflow/example_dags/example_xcom.py took 0.366 seconds
[2022-08-19 16:16:27,061] {processor.py:153} INFO - Started process (PID=344) to work on /home/airflow/.local/lib/python3.7/site-packages/airflow/example_dags/example_xcom.py
[2022-08-19 16:16:27,062] {processor.py:641} INFO - Processing file /home/airflow/.local/lib/python3.7/site-packages/airflow/example_dags/example_xcom.py for tasks to queue
[2022-08-19 16:16:27,065] {logging_mixin.py:115} INFO - [2022-08-19 16:16:27,064] {dagbag.py:507} INFO - Filling up the DagBag from /home/airflow/.local/lib/python3.7/site-packages/airflow/example_dags/example_xcom.py
[2022-08-19 16:16:27,108] {processor.py:651} INFO - DAG(s) dict_keys(['example_xcom']) retrieved from /home/airflow/.local/lib/python3.7/site-packages/airflow/example_dags/example_xcom.py
[2022-08-19 16:16:27,458] {logging_mixin.py:115} INFO - [2022-08-19 16:16:27,458] {dag.py:2379} INFO - Sync 1 DAGs
[2022-08-19 16:16:27,480] {logging_mixin.py:115} INFO - [2022-08-19 16:16:27,479] {dag.py:2931} INFO - Setting next_dagrun for example_xcom to 2021-01-01T00:00:00+00:00, run_after=2021-01-01T00:00:00+00:00
[2022-08-19 16:16:27,503] {processor.py:161} INFO - Processing /home/airflow/.local/lib/python3.7/site-packages/airflow/example_dags/example_xcom.py took 0.452 seconds
[2022-08-19 16:16:58,267] {processor.py:153} INFO - Started process (PID=407) to work on /home/airflow/.local/lib/python3.7/site-packages/airflow/example_dags/example_xcom.py
[2022-08-19 16:16:58,268] {processor.py:641} INFO - Processing file /home/airflow/.local/lib/python3.7/site-packages/airflow/example_dags/example_xcom.py for tasks to queue
[2022-08-19 16:16:58,269] {logging_mixin.py:115} INFO - [2022-08-19 16:16:58,268] {dagbag.py:507} INFO - Filling up the DagBag from /home/airflow/.local/lib/python3.7/site-packages/airflow/example_dags/example_xcom.py
[2022-08-19 16:16:58,292] {processor.py:651} INFO - DAG(s) dict_keys(['example_xcom']) retrieved from /home/airflow/.local/lib/python3.7/site-packages/airflow/example_dags/example_xcom.py
[2022-08-19 16:16:58,549] {logging_mixin.py:115} INFO - [2022-08-19 16:16:58,549] {dag.py:2379} INFO - Sync 1 DAGs
[2022-08-19 16:16:58,585] {logging_mixin.py:115} INFO - [2022-08-19 16:16:58,585] {dag.py:2931} INFO - Setting next_dagrun for example_xcom to 2021-01-01T00:00:00+00:00, run_after=2021-01-01T00:00:00+00:00
[2022-08-19 16:16:58,613] {processor.py:161} INFO - Processing /home/airflow/.local/lib/python3.7/site-packages/airflow/example_dags/example_xcom.py took 0.350 seconds
[2022-08-19 16:17:28,823] {processor.py:153} INFO - Started process (PID=461) to work on /home/airflow/.local/lib/python3.7/site-packages/airflow/example_dags/example_xcom.py
[2022-08-19 16:17:28,823] {processor.py:641} INFO - Processing file /home/airflow/.local/lib/python3.7/site-packages/airflow/example_dags/example_xcom.py for tasks to queue
[2022-08-19 16:17:28,824] {logging_mixin.py:115} INFO - [2022-08-19 16:17:28,824] {dagbag.py:507} INFO - Filling up the DagBag from /home/airflow/.local/lib/python3.7/site-packages/airflow/example_dags/example_xcom.py
[2022-08-19 16:17:28,845] {processor.py:651} INFO - DAG(s) dict_keys(['example_xcom']) retrieved from /home/airflow/.local/lib/python3.7/site-packages/airflow/example_dags/example_xcom.py
[2022-08-19 16:17:29,050] {logging_mixin.py:115} INFO - [2022-08-19 16:17:29,050] {dag.py:2379} INFO - Sync 1 DAGs
[2022-08-19 16:17:29,079] {logging_mixin.py:115} INFO - [2022-08-19 16:17:29,079] {dag.py:2931} INFO - Setting next_dagrun for example_xcom to 2021-01-01T00:00:00+00:00, run_after=2021-01-01T00:00:00+00:00
[2022-08-19 16:17:29,094] {processor.py:161} INFO - Processing /home/airflow/.local/lib/python3.7/site-packages/airflow/example_dags/example_xcom.py took 0.274 seconds
[2022-08-19 16:24:24,534] {processor.py:153} INFO - Started process (PID=59) to work on /home/airflow/.local/lib/python3.7/site-packages/airflow/example_dags/example_xcom.py
[2022-08-19 16:24:24,534] {processor.py:641} INFO - Processing file /home/airflow/.local/lib/python3.7/site-packages/airflow/example_dags/example_xcom.py for tasks to queue
[2022-08-19 16:24:24,535] {logging_mixin.py:115} INFO - [2022-08-19 16:24:24,535] {dagbag.py:507} INFO - Filling up the DagBag from /home/airflow/.local/lib/python3.7/site-packages/airflow/example_dags/example_xcom.py
[2022-08-19 16:24:24,572] {processor.py:651} INFO - DAG(s) dict_keys(['example_xcom']) retrieved from /home/airflow/.local/lib/python3.7/site-packages/airflow/example_dags/example_xcom.py
[2022-08-19 16:24:24,918] {logging_mixin.py:115} INFO - [2022-08-19 16:24:24,918] {dag.py:2379} INFO - Sync 1 DAGs
[2022-08-19 16:24:24,945] {logging_mixin.py:115} INFO - [2022-08-19 16:24:24,945] {dag.py:2931} INFO - Setting next_dagrun for example_xcom to 2021-01-01T00:00:00+00:00, run_after=2021-01-01T00:00:00+00:00
[2022-08-19 16:24:24,973] {processor.py:161} INFO - Processing /home/airflow/.local/lib/python3.7/site-packages/airflow/example_dags/example_xcom.py took 0.447 seconds
[2022-08-19 16:24:55,834] {processor.py:153} INFO - Started process (PID=120) to work on /home/airflow/.local/lib/python3.7/site-packages/airflow/example_dags/example_xcom.py
[2022-08-19 16:24:55,835] {processor.py:641} INFO - Processing file /home/airflow/.local/lib/python3.7/site-packages/airflow/example_dags/example_xcom.py for tasks to queue
[2022-08-19 16:24:55,835] {logging_mixin.py:115} INFO - [2022-08-19 16:24:55,835] {dagbag.py:507} INFO - Filling up the DagBag from /home/airflow/.local/lib/python3.7/site-packages/airflow/example_dags/example_xcom.py
[2022-08-19 16:24:55,853] {processor.py:651} INFO - DAG(s) dict_keys(['example_xcom']) retrieved from /home/airflow/.local/lib/python3.7/site-packages/airflow/example_dags/example_xcom.py
[2022-08-19 16:24:56,120] {logging_mixin.py:115} INFO - [2022-08-19 16:24:56,120] {dag.py:2379} INFO - Sync 1 DAGs
[2022-08-19 16:24:56,162] {logging_mixin.py:115} INFO - [2022-08-19 16:24:56,162] {dag.py:2931} INFO - Setting next_dagrun for example_xcom to 2021-01-01T00:00:00+00:00, run_after=2021-01-01T00:00:00+00:00
[2022-08-19 16:24:56,194] {processor.py:161} INFO - Processing /home/airflow/.local/lib/python3.7/site-packages/airflow/example_dags/example_xcom.py took 0.363 seconds
[2022-08-19 16:25:26,895] {processor.py:153} INFO - Started process (PID=173) to work on /home/airflow/.local/lib/python3.7/site-packages/airflow/example_dags/example_xcom.py
[2022-08-19 16:25:26,896] {processor.py:641} INFO - Processing file /home/airflow/.local/lib/python3.7/site-packages/airflow/example_dags/example_xcom.py for tasks to queue
[2022-08-19 16:25:26,897] {logging_mixin.py:115} INFO - [2022-08-19 16:25:26,897] {dagbag.py:507} INFO - Filling up the DagBag from /home/airflow/.local/lib/python3.7/site-packages/airflow/example_dags/example_xcom.py
[2022-08-19 16:25:26,932] {processor.py:651} INFO - DAG(s) dict_keys(['example_xcom']) retrieved from /home/airflow/.local/lib/python3.7/site-packages/airflow/example_dags/example_xcom.py
[2022-08-19 16:25:27,160] {logging_mixin.py:115} INFO - [2022-08-19 16:25:27,160] {dag.py:2379} INFO - Sync 1 DAGs
[2022-08-19 16:25:27,188] {logging_mixin.py:115} INFO - [2022-08-19 16:25:27,188] {dag.py:2931} INFO - Setting next_dagrun for example_xcom to 2021-01-01T00:00:00+00:00, run_after=2021-01-01T00:00:00+00:00
[2022-08-19 16:25:27,221] {processor.py:161} INFO - Processing /home/airflow/.local/lib/python3.7/site-packages/airflow/example_dags/example_xcom.py took 0.336 seconds
[2022-08-19 16:25:57,282] {processor.py:153} INFO - Started process (PID=237) to work on /home/airflow/.local/lib/python3.7/site-packages/airflow/example_dags/example_xcom.py
[2022-08-19 16:25:57,283] {processor.py:641} INFO - Processing file /home/airflow/.local/lib/python3.7/site-packages/airflow/example_dags/example_xcom.py for tasks to queue
[2022-08-19 16:25:57,283] {logging_mixin.py:115} INFO - [2022-08-19 16:25:57,283] {dagbag.py:507} INFO - Filling up the DagBag from /home/airflow/.local/lib/python3.7/site-packages/airflow/example_dags/example_xcom.py
[2022-08-19 16:25:57,301] {processor.py:651} INFO - DAG(s) dict_keys(['example_xcom']) retrieved from /home/airflow/.local/lib/python3.7/site-packages/airflow/example_dags/example_xcom.py
[2022-08-19 16:25:57,545] {logging_mixin.py:115} INFO - [2022-08-19 16:25:57,545] {dag.py:2379} INFO - Sync 1 DAGs
[2022-08-19 16:25:57,568] {logging_mixin.py:115} INFO - [2022-08-19 16:25:57,568] {dag.py:2931} INFO - Setting next_dagrun for example_xcom to 2021-01-01T00:00:00+00:00, run_after=2021-01-01T00:00:00+00:00
[2022-08-19 16:25:57,587] {processor.py:161} INFO - Processing /home/airflow/.local/lib/python3.7/site-packages/airflow/example_dags/example_xcom.py took 0.309 seconds
[2022-08-19 16:26:27,765] {processor.py:153} INFO - Started process (PID=294) to work on /home/airflow/.local/lib/python3.7/site-packages/airflow/example_dags/example_xcom.py
[2022-08-19 16:26:27,766] {processor.py:641} INFO - Processing file /home/airflow/.local/lib/python3.7/site-packages/airflow/example_dags/example_xcom.py for tasks to queue
[2022-08-19 16:26:27,766] {logging_mixin.py:115} INFO - [2022-08-19 16:26:27,766] {dagbag.py:507} INFO - Filling up the DagBag from /home/airflow/.local/lib/python3.7/site-packages/airflow/example_dags/example_xcom.py
[2022-08-19 16:26:27,784] {processor.py:651} INFO - DAG(s) dict_keys(['example_xcom']) retrieved from /home/airflow/.local/lib/python3.7/site-packages/airflow/example_dags/example_xcom.py
[2022-08-19 16:26:27,967] {logging_mixin.py:115} INFO - [2022-08-19 16:26:27,967] {dag.py:2379} INFO - Sync 1 DAGs
[2022-08-19 16:26:27,987] {logging_mixin.py:115} INFO - [2022-08-19 16:26:27,986] {dag.py:2931} INFO - Setting next_dagrun for example_xcom to 2021-01-01T00:00:00+00:00, run_after=2021-01-01T00:00:00+00:00
[2022-08-19 16:26:28,007] {processor.py:161} INFO - Processing /home/airflow/.local/lib/python3.7/site-packages/airflow/example_dags/example_xcom.py took 0.244 seconds
[2022-08-19 16:31:17,233] {processor.py:153} INFO - Started process (PID=59) to work on /home/airflow/.local/lib/python3.7/site-packages/airflow/example_dags/example_xcom.py
[2022-08-19 16:31:17,236] {processor.py:641} INFO - Processing file /home/airflow/.local/lib/python3.7/site-packages/airflow/example_dags/example_xcom.py for tasks to queue
[2022-08-19 16:31:17,236] {logging_mixin.py:115} INFO - [2022-08-19 16:31:17,236] {dagbag.py:507} INFO - Filling up the DagBag from /home/airflow/.local/lib/python3.7/site-packages/airflow/example_dags/example_xcom.py
[2022-08-19 16:31:17,292] {processor.py:651} INFO - DAG(s) dict_keys(['example_xcom']) retrieved from /home/airflow/.local/lib/python3.7/site-packages/airflow/example_dags/example_xcom.py
[2022-08-19 16:31:17,661] {logging_mixin.py:115} INFO - [2022-08-19 16:31:17,661] {dag.py:2379} INFO - Sync 1 DAGs
[2022-08-19 16:31:17,704] {logging_mixin.py:115} INFO - [2022-08-19 16:31:17,704] {dag.py:2931} INFO - Setting next_dagrun for example_xcom to 2021-01-01T00:00:00+00:00, run_after=2021-01-01T00:00:00+00:00
[2022-08-19 16:31:17,724] {processor.py:161} INFO - Processing /home/airflow/.local/lib/python3.7/site-packages/airflow/example_dags/example_xcom.py took 0.497 seconds
[2022-08-19 16:31:48,003] {processor.py:153} INFO - Started process (PID=112) to work on /home/airflow/.local/lib/python3.7/site-packages/airflow/example_dags/example_xcom.py
[2022-08-19 16:31:48,004] {processor.py:641} INFO - Processing file /home/airflow/.local/lib/python3.7/site-packages/airflow/example_dags/example_xcom.py for tasks to queue
[2022-08-19 16:31:48,005] {logging_mixin.py:115} INFO - [2022-08-19 16:31:48,005] {dagbag.py:507} INFO - Filling up the DagBag from /home/airflow/.local/lib/python3.7/site-packages/airflow/example_dags/example_xcom.py
[2022-08-19 16:31:48,050] {processor.py:651} INFO - DAG(s) dict_keys(['example_xcom']) retrieved from /home/airflow/.local/lib/python3.7/site-packages/airflow/example_dags/example_xcom.py
[2022-08-19 16:31:48,546] {logging_mixin.py:115} INFO - [2022-08-19 16:31:48,546] {dag.py:2379} INFO - Sync 1 DAGs
[2022-08-19 16:31:48,624] {logging_mixin.py:115} INFO - [2022-08-19 16:31:48,623] {dag.py:2931} INFO - Setting next_dagrun for example_xcom to 2021-01-01T00:00:00+00:00, run_after=2021-01-01T00:00:00+00:00
[2022-08-19 16:31:48,681] {processor.py:161} INFO - Processing /home/airflow/.local/lib/python3.7/site-packages/airflow/example_dags/example_xcom.py took 0.681 seconds
[2022-08-19 16:32:19,327] {processor.py:153} INFO - Started process (PID=173) to work on /home/airflow/.local/lib/python3.7/site-packages/airflow/example_dags/example_xcom.py
[2022-08-19 16:32:19,329] {processor.py:641} INFO - Processing file /home/airflow/.local/lib/python3.7/site-packages/airflow/example_dags/example_xcom.py for tasks to queue
[2022-08-19 16:32:19,335] {logging_mixin.py:115} INFO - [2022-08-19 16:32:19,335] {dagbag.py:507} INFO - Filling up the DagBag from /home/airflow/.local/lib/python3.7/site-packages/airflow/example_dags/example_xcom.py
[2022-08-19 16:32:19,360] {processor.py:651} INFO - DAG(s) dict_keys(['example_xcom']) retrieved from /home/airflow/.local/lib/python3.7/site-packages/airflow/example_dags/example_xcom.py
[2022-08-19 16:32:19,645] {logging_mixin.py:115} INFO - [2022-08-19 16:32:19,645] {dag.py:2379} INFO - Sync 1 DAGs
[2022-08-19 16:32:19,689] {logging_mixin.py:115} INFO - [2022-08-19 16:32:19,689] {dag.py:2931} INFO - Setting next_dagrun for example_xcom to 2021-01-01T00:00:00+00:00, run_after=2021-01-01T00:00:00+00:00
[2022-08-19 16:32:19,708] {processor.py:161} INFO - Processing /home/airflow/.local/lib/python3.7/site-packages/airflow/example_dags/example_xcom.py took 0.388 seconds
[2022-08-19 16:32:50,581] {processor.py:153} INFO - Started process (PID=227) to work on /home/airflow/.local/lib/python3.7/site-packages/airflow/example_dags/example_xcom.py
[2022-08-19 16:32:50,582] {processor.py:641} INFO - Processing file /home/airflow/.local/lib/python3.7/site-packages/airflow/example_dags/example_xcom.py for tasks to queue
[2022-08-19 16:32:50,582] {logging_mixin.py:115} INFO - [2022-08-19 16:32:50,582] {dagbag.py:507} INFO - Filling up the DagBag from /home/airflow/.local/lib/python3.7/site-packages/airflow/example_dags/example_xcom.py
[2022-08-19 16:32:50,629] {processor.py:651} INFO - DAG(s) dict_keys(['example_xcom']) retrieved from /home/airflow/.local/lib/python3.7/site-packages/airflow/example_dags/example_xcom.py
[2022-08-19 16:32:50,899] {logging_mixin.py:115} INFO - [2022-08-19 16:32:50,899] {dag.py:2379} INFO - Sync 1 DAGs
[2022-08-19 16:32:50,923] {logging_mixin.py:115} INFO - [2022-08-19 16:32:50,923] {dag.py:2931} INFO - Setting next_dagrun for example_xcom to 2021-01-01T00:00:00+00:00, run_after=2021-01-01T00:00:00+00:00
[2022-08-19 16:32:50,941] {processor.py:161} INFO - Processing /home/airflow/.local/lib/python3.7/site-packages/airflow/example_dags/example_xcom.py took 0.364 seconds
[2022-08-19 16:33:21,494] {processor.py:153} INFO - Started process (PID=290) to work on /home/airflow/.local/lib/python3.7/site-packages/airflow/example_dags/example_xcom.py
[2022-08-19 16:33:21,496] {processor.py:641} INFO - Processing file /home/airflow/.local/lib/python3.7/site-packages/airflow/example_dags/example_xcom.py for tasks to queue
[2022-08-19 16:33:21,498] {logging_mixin.py:115} INFO - [2022-08-19 16:33:21,498] {dagbag.py:507} INFO - Filling up the DagBag from /home/airflow/.local/lib/python3.7/site-packages/airflow/example_dags/example_xcom.py
[2022-08-19 16:33:21,530] {processor.py:651} INFO - DAG(s) dict_keys(['example_xcom']) retrieved from /home/airflow/.local/lib/python3.7/site-packages/airflow/example_dags/example_xcom.py
[2022-08-19 16:33:21,805] {logging_mixin.py:115} INFO - [2022-08-19 16:33:21,804] {dag.py:2379} INFO - Sync 1 DAGs
[2022-08-19 16:33:21,824] {logging_mixin.py:115} INFO - [2022-08-19 16:33:21,824] {dag.py:2931} INFO - Setting next_dagrun for example_xcom to 2021-01-01T00:00:00+00:00, run_after=2021-01-01T00:00:00+00:00
[2022-08-19 16:33:21,841] {processor.py:161} INFO - Processing /home/airflow/.local/lib/python3.7/site-packages/airflow/example_dags/example_xcom.py took 0.352 seconds
[2022-08-19 16:33:51,999] {processor.py:153} INFO - Started process (PID=353) to work on /home/airflow/.local/lib/python3.7/site-packages/airflow/example_dags/example_xcom.py
[2022-08-19 16:33:52,000] {processor.py:641} INFO - Processing file /home/airflow/.local/lib/python3.7/site-packages/airflow/example_dags/example_xcom.py for tasks to queue
[2022-08-19 16:33:52,002] {logging_mixin.py:115} INFO - [2022-08-19 16:33:52,002] {dagbag.py:507} INFO - Filling up the DagBag from /home/airflow/.local/lib/python3.7/site-packages/airflow/example_dags/example_xcom.py
[2022-08-19 16:33:52,049] {processor.py:651} INFO - DAG(s) dict_keys(['example_xcom']) retrieved from /home/airflow/.local/lib/python3.7/site-packages/airflow/example_dags/example_xcom.py
[2022-08-19 16:33:52,253] {logging_mixin.py:115} INFO - [2022-08-19 16:33:52,253] {dag.py:2379} INFO - Sync 1 DAGs
[2022-08-19 16:33:52,284] {logging_mixin.py:115} INFO - [2022-08-19 16:33:52,284] {dag.py:2931} INFO - Setting next_dagrun for example_xcom to 2021-01-01T00:00:00+00:00, run_after=2021-01-01T00:00:00+00:00
[2022-08-19 16:33:52,305] {processor.py:161} INFO - Processing /home/airflow/.local/lib/python3.7/site-packages/airflow/example_dags/example_xcom.py took 0.320 seconds
[2022-08-19 16:36:23,068] {processor.py:153} INFO - Started process (PID=58) to work on /home/airflow/.local/lib/python3.7/site-packages/airflow/example_dags/example_xcom.py
[2022-08-19 16:36:23,069] {processor.py:641} INFO - Processing file /home/airflow/.local/lib/python3.7/site-packages/airflow/example_dags/example_xcom.py for tasks to queue
[2022-08-19 16:36:23,069] {logging_mixin.py:115} INFO - [2022-08-19 16:36:23,069] {dagbag.py:507} INFO - Filling up the DagBag from /home/airflow/.local/lib/python3.7/site-packages/airflow/example_dags/example_xcom.py
[2022-08-19 16:36:23,106] {processor.py:651} INFO - DAG(s) dict_keys(['example_xcom']) retrieved from /home/airflow/.local/lib/python3.7/site-packages/airflow/example_dags/example_xcom.py
[2022-08-19 16:36:23,411] {logging_mixin.py:115} INFO - [2022-08-19 16:36:23,411] {dag.py:2379} INFO - Sync 1 DAGs
[2022-08-19 16:36:23,441] {logging_mixin.py:115} INFO - [2022-08-19 16:36:23,441] {dag.py:2931} INFO - Setting next_dagrun for example_xcom to 2021-01-01T00:00:00+00:00, run_after=2021-01-01T00:00:00+00:00
[2022-08-19 16:36:23,466] {processor.py:161} INFO - Processing /home/airflow/.local/lib/python3.7/site-packages/airflow/example_dags/example_xcom.py took 0.403 seconds
[2022-08-19 16:36:54,229] {processor.py:153} INFO - Started process (PID=122) to work on /home/airflow/.local/lib/python3.7/site-packages/airflow/example_dags/example_xcom.py
[2022-08-19 16:36:54,230] {processor.py:641} INFO - Processing file /home/airflow/.local/lib/python3.7/site-packages/airflow/example_dags/example_xcom.py for tasks to queue
[2022-08-19 16:36:54,236] {logging_mixin.py:115} INFO - [2022-08-19 16:36:54,235] {dagbag.py:507} INFO - Filling up the DagBag from /home/airflow/.local/lib/python3.7/site-packages/airflow/example_dags/example_xcom.py
[2022-08-19 16:36:54,276] {processor.py:651} INFO - DAG(s) dict_keys(['example_xcom']) retrieved from /home/airflow/.local/lib/python3.7/site-packages/airflow/example_dags/example_xcom.py
[2022-08-19 16:36:54,485] {logging_mixin.py:115} INFO - [2022-08-19 16:36:54,484] {dag.py:2379} INFO - Sync 1 DAGs
[2022-08-19 16:36:54,511] {logging_mixin.py:115} INFO - [2022-08-19 16:36:54,511] {dag.py:2931} INFO - Setting next_dagrun for example_xcom to 2021-01-01T00:00:00+00:00, run_after=2021-01-01T00:00:00+00:00
[2022-08-19 16:36:54,528] {processor.py:161} INFO - Processing /home/airflow/.local/lib/python3.7/site-packages/airflow/example_dags/example_xcom.py took 0.307 seconds
[2022-08-19 16:37:25,438] {processor.py:153} INFO - Started process (PID=174) to work on /home/airflow/.local/lib/python3.7/site-packages/airflow/example_dags/example_xcom.py
[2022-08-19 16:37:25,451] {processor.py:641} INFO - Processing file /home/airflow/.local/lib/python3.7/site-packages/airflow/example_dags/example_xcom.py for tasks to queue
[2022-08-19 16:37:25,453] {logging_mixin.py:115} INFO - [2022-08-19 16:37:25,452] {dagbag.py:507} INFO - Filling up the DagBag from /home/airflow/.local/lib/python3.7/site-packages/airflow/example_dags/example_xcom.py
[2022-08-19 16:37:25,513] {processor.py:651} INFO - DAG(s) dict_keys(['example_xcom']) retrieved from /home/airflow/.local/lib/python3.7/site-packages/airflow/example_dags/example_xcom.py
[2022-08-19 16:37:25,746] {logging_mixin.py:115} INFO - [2022-08-19 16:37:25,746] {dag.py:2379} INFO - Sync 1 DAGs
[2022-08-19 16:37:25,771] {logging_mixin.py:115} INFO - [2022-08-19 16:37:25,771] {dag.py:2931} INFO - Setting next_dagrun for example_xcom to 2021-01-01T00:00:00+00:00, run_after=2021-01-01T00:00:00+00:00
[2022-08-19 16:37:25,836] {processor.py:161} INFO - Processing /home/airflow/.local/lib/python3.7/site-packages/airflow/example_dags/example_xcom.py took 0.411 seconds
[2022-08-19 16:37:55,958] {processor.py:153} INFO - Started process (PID=238) to work on /home/airflow/.local/lib/python3.7/site-packages/airflow/example_dags/example_xcom.py
[2022-08-19 16:37:55,959] {processor.py:641} INFO - Processing file /home/airflow/.local/lib/python3.7/site-packages/airflow/example_dags/example_xcom.py for tasks to queue
[2022-08-19 16:37:55,959] {logging_mixin.py:115} INFO - [2022-08-19 16:37:55,959] {dagbag.py:507} INFO - Filling up the DagBag from /home/airflow/.local/lib/python3.7/site-packages/airflow/example_dags/example_xcom.py
[2022-08-19 16:37:55,979] {processor.py:651} INFO - DAG(s) dict_keys(['example_xcom']) retrieved from /home/airflow/.local/lib/python3.7/site-packages/airflow/example_dags/example_xcom.py
[2022-08-19 16:37:56,167] {logging_mixin.py:115} INFO - [2022-08-19 16:37:56,167] {dag.py:2379} INFO - Sync 1 DAGs
[2022-08-19 16:37:56,187] {logging_mixin.py:115} INFO - [2022-08-19 16:37:56,187] {dag.py:2931} INFO - Setting next_dagrun for example_xcom to 2021-01-01T00:00:00+00:00, run_after=2021-01-01T00:00:00+00:00
[2022-08-19 16:37:56,202] {processor.py:161} INFO - Processing /home/airflow/.local/lib/python3.7/site-packages/airflow/example_dags/example_xcom.py took 0.248 seconds
[2022-08-19 16:38:26,897] {processor.py:153} INFO - Started process (PID=290) to work on /home/airflow/.local/lib/python3.7/site-packages/airflow/example_dags/example_xcom.py
[2022-08-19 16:38:26,901] {processor.py:641} INFO - Processing file /home/airflow/.local/lib/python3.7/site-packages/airflow/example_dags/example_xcom.py for tasks to queue
[2022-08-19 16:38:26,903] {logging_mixin.py:115} INFO - [2022-08-19 16:38:26,903] {dagbag.py:507} INFO - Filling up the DagBag from /home/airflow/.local/lib/python3.7/site-packages/airflow/example_dags/example_xcom.py
[2022-08-19 16:38:26,933] {processor.py:651} INFO - DAG(s) dict_keys(['example_xcom']) retrieved from /home/airflow/.local/lib/python3.7/site-packages/airflow/example_dags/example_xcom.py
[2022-08-19 16:38:27,515] {logging_mixin.py:115} INFO - [2022-08-19 16:38:27,515] {dag.py:2379} INFO - Sync 1 DAGs
[2022-08-19 16:38:27,581] {logging_mixin.py:115} INFO - [2022-08-19 16:38:27,581] {dag.py:2931} INFO - Setting next_dagrun for example_xcom to 2021-01-01T00:00:00+00:00, run_after=2021-01-01T00:00:00+00:00
[2022-08-19 16:38:27,623] {processor.py:161} INFO - Processing /home/airflow/.local/lib/python3.7/site-packages/airflow/example_dags/example_xcom.py took 0.732 seconds
[2022-08-19 16:38:58,533] {processor.py:153} INFO - Started process (PID=355) to work on /home/airflow/.local/lib/python3.7/site-packages/airflow/example_dags/example_xcom.py
[2022-08-19 16:38:58,534] {processor.py:641} INFO - Processing file /home/airflow/.local/lib/python3.7/site-packages/airflow/example_dags/example_xcom.py for tasks to queue
[2022-08-19 16:38:58,534] {logging_mixin.py:115} INFO - [2022-08-19 16:38:58,534] {dagbag.py:507} INFO - Filling up the DagBag from /home/airflow/.local/lib/python3.7/site-packages/airflow/example_dags/example_xcom.py
[2022-08-19 16:38:58,555] {processor.py:651} INFO - DAG(s) dict_keys(['example_xcom']) retrieved from /home/airflow/.local/lib/python3.7/site-packages/airflow/example_dags/example_xcom.py
[2022-08-19 16:38:58,853] {logging_mixin.py:115} INFO - [2022-08-19 16:38:58,853] {dag.py:2379} INFO - Sync 1 DAGs
[2022-08-19 16:38:58,877] {logging_mixin.py:115} INFO - [2022-08-19 16:38:58,877] {dag.py:2931} INFO - Setting next_dagrun for example_xcom to 2021-01-01T00:00:00+00:00, run_after=2021-01-01T00:00:00+00:00
[2022-08-19 16:38:58,900] {processor.py:161} INFO - Processing /home/airflow/.local/lib/python3.7/site-packages/airflow/example_dags/example_xcom.py took 0.370 seconds
[2022-08-19 16:39:28,985] {processor.py:153} INFO - Started process (PID=415) to work on /home/airflow/.local/lib/python3.7/site-packages/airflow/example_dags/example_xcom.py
[2022-08-19 16:39:28,986] {processor.py:641} INFO - Processing file /home/airflow/.local/lib/python3.7/site-packages/airflow/example_dags/example_xcom.py for tasks to queue
[2022-08-19 16:39:28,987] {logging_mixin.py:115} INFO - [2022-08-19 16:39:28,987] {dagbag.py:507} INFO - Filling up the DagBag from /home/airflow/.local/lib/python3.7/site-packages/airflow/example_dags/example_xcom.py
[2022-08-19 16:39:29,013] {processor.py:651} INFO - DAG(s) dict_keys(['example_xcom']) retrieved from /home/airflow/.local/lib/python3.7/site-packages/airflow/example_dags/example_xcom.py
[2022-08-19 16:39:29,330] {logging_mixin.py:115} INFO - [2022-08-19 16:39:29,330] {dag.py:2379} INFO - Sync 1 DAGs
[2022-08-19 16:39:29,394] {logging_mixin.py:115} INFO - [2022-08-19 16:39:29,393] {dag.py:2931} INFO - Setting next_dagrun for example_xcom to 2021-01-01T00:00:00+00:00, run_after=2021-01-01T00:00:00+00:00
[2022-08-19 16:39:29,442] {processor.py:161} INFO - Processing /home/airflow/.local/lib/python3.7/site-packages/airflow/example_dags/example_xcom.py took 0.462 seconds
[2022-08-19 16:40:00,109] {processor.py:153} INFO - Started process (PID=468) to work on /home/airflow/.local/lib/python3.7/site-packages/airflow/example_dags/example_xcom.py
[2022-08-19 16:40:00,110] {processor.py:641} INFO - Processing file /home/airflow/.local/lib/python3.7/site-packages/airflow/example_dags/example_xcom.py for tasks to queue
[2022-08-19 16:40:00,111] {logging_mixin.py:115} INFO - [2022-08-19 16:40:00,111] {dagbag.py:507} INFO - Filling up the DagBag from /home/airflow/.local/lib/python3.7/site-packages/airflow/example_dags/example_xcom.py
[2022-08-19 16:40:00,135] {processor.py:651} INFO - DAG(s) dict_keys(['example_xcom']) retrieved from /home/airflow/.local/lib/python3.7/site-packages/airflow/example_dags/example_xcom.py
[2022-08-19 16:40:00,509] {logging_mixin.py:115} INFO - [2022-08-19 16:40:00,508] {dag.py:2379} INFO - Sync 1 DAGs
[2022-08-19 16:40:00,541] {logging_mixin.py:115} INFO - [2022-08-19 16:40:00,541] {dag.py:2931} INFO - Setting next_dagrun for example_xcom to 2021-01-01T00:00:00+00:00, run_after=2021-01-01T00:00:00+00:00
[2022-08-19 16:40:00,563] {processor.py:161} INFO - Processing /home/airflow/.local/lib/python3.7/site-packages/airflow/example_dags/example_xcom.py took 0.458 seconds
[2022-08-19 16:40:30,990] {processor.py:153} INFO - Started process (PID=534) to work on /home/airflow/.local/lib/python3.7/site-packages/airflow/example_dags/example_xcom.py
[2022-08-19 16:40:30,991] {processor.py:641} INFO - Processing file /home/airflow/.local/lib/python3.7/site-packages/airflow/example_dags/example_xcom.py for tasks to queue
[2022-08-19 16:40:30,992] {logging_mixin.py:115} INFO - [2022-08-19 16:40:30,992] {dagbag.py:507} INFO - Filling up the DagBag from /home/airflow/.local/lib/python3.7/site-packages/airflow/example_dags/example_xcom.py
[2022-08-19 16:40:31,012] {processor.py:651} INFO - DAG(s) dict_keys(['example_xcom']) retrieved from /home/airflow/.local/lib/python3.7/site-packages/airflow/example_dags/example_xcom.py
[2022-08-19 16:40:31,223] {logging_mixin.py:115} INFO - [2022-08-19 16:40:31,223] {dag.py:2379} INFO - Sync 1 DAGs
[2022-08-19 16:40:31,244] {logging_mixin.py:115} INFO - [2022-08-19 16:40:31,244] {dag.py:2931} INFO - Setting next_dagrun for example_xcom to 2021-01-01T00:00:00+00:00, run_after=2021-01-01T00:00:00+00:00
[2022-08-19 16:40:31,268] {processor.py:161} INFO - Processing /home/airflow/.local/lib/python3.7/site-packages/airflow/example_dags/example_xcom.py took 0.281 seconds
[2022-08-19 16:41:01,671] {processor.py:153} INFO - Started process (PID=588) to work on /home/airflow/.local/lib/python3.7/site-packages/airflow/example_dags/example_xcom.py
[2022-08-19 16:41:01,681] {processor.py:641} INFO - Processing file /home/airflow/.local/lib/python3.7/site-packages/airflow/example_dags/example_xcom.py for tasks to queue
[2022-08-19 16:41:01,682] {logging_mixin.py:115} INFO - [2022-08-19 16:41:01,682] {dagbag.py:507} INFO - Filling up the DagBag from /home/airflow/.local/lib/python3.7/site-packages/airflow/example_dags/example_xcom.py
[2022-08-19 16:41:01,730] {processor.py:651} INFO - DAG(s) dict_keys(['example_xcom']) retrieved from /home/airflow/.local/lib/python3.7/site-packages/airflow/example_dags/example_xcom.py
[2022-08-19 16:41:02,183] {logging_mixin.py:115} INFO - [2022-08-19 16:41:02,183] {dag.py:2379} INFO - Sync 1 DAGs
[2022-08-19 16:41:02,215] {logging_mixin.py:115} INFO - [2022-08-19 16:41:02,215] {dag.py:2931} INFO - Setting next_dagrun for example_xcom to 2021-01-01T00:00:00+00:00, run_after=2021-01-01T00:00:00+00:00
[2022-08-19 16:41:02,265] {processor.py:161} INFO - Processing /home/airflow/.local/lib/python3.7/site-packages/airflow/example_dags/example_xcom.py took 0.597 seconds
[2022-08-19 16:41:32,384] {processor.py:153} INFO - Started process (PID=651) to work on /home/airflow/.local/lib/python3.7/site-packages/airflow/example_dags/example_xcom.py
[2022-08-19 16:41:32,385] {processor.py:641} INFO - Processing file /home/airflow/.local/lib/python3.7/site-packages/airflow/example_dags/example_xcom.py for tasks to queue
[2022-08-19 16:41:32,386] {logging_mixin.py:115} INFO - [2022-08-19 16:41:32,386] {dagbag.py:507} INFO - Filling up the DagBag from /home/airflow/.local/lib/python3.7/site-packages/airflow/example_dags/example_xcom.py
[2022-08-19 16:41:32,414] {processor.py:651} INFO - DAG(s) dict_keys(['example_xcom']) retrieved from /home/airflow/.local/lib/python3.7/site-packages/airflow/example_dags/example_xcom.py
[2022-08-19 16:41:32,654] {logging_mixin.py:115} INFO - [2022-08-19 16:41:32,654] {dag.py:2379} INFO - Sync 1 DAGs
[2022-08-19 16:41:32,679] {logging_mixin.py:115} INFO - [2022-08-19 16:41:32,679] {dag.py:2931} INFO - Setting next_dagrun for example_xcom to 2021-01-01T00:00:00+00:00, run_after=2021-01-01T00:00:00+00:00
[2022-08-19 16:41:32,713] {processor.py:161} INFO - Processing /home/airflow/.local/lib/python3.7/site-packages/airflow/example_dags/example_xcom.py took 0.332 seconds
[2022-08-19 16:42:03,422] {processor.py:153} INFO - Started process (PID=702) to work on /home/airflow/.local/lib/python3.7/site-packages/airflow/example_dags/example_xcom.py
[2022-08-19 16:42:03,424] {processor.py:641} INFO - Processing file /home/airflow/.local/lib/python3.7/site-packages/airflow/example_dags/example_xcom.py for tasks to queue
[2022-08-19 16:42:03,425] {logging_mixin.py:115} INFO - [2022-08-19 16:42:03,425] {dagbag.py:507} INFO - Filling up the DagBag from /home/airflow/.local/lib/python3.7/site-packages/airflow/example_dags/example_xcom.py
[2022-08-19 16:42:03,490] {processor.py:651} INFO - DAG(s) dict_keys(['example_xcom']) retrieved from /home/airflow/.local/lib/python3.7/site-packages/airflow/example_dags/example_xcom.py
[2022-08-19 16:42:03,887] {logging_mixin.py:115} INFO - [2022-08-19 16:42:03,886] {dag.py:2379} INFO - Sync 1 DAGs
[2022-08-19 16:42:03,916] {logging_mixin.py:115} INFO - [2022-08-19 16:42:03,916] {dag.py:2931} INFO - Setting next_dagrun for example_xcom to 2021-01-01T00:00:00+00:00, run_after=2021-01-01T00:00:00+00:00
[2022-08-19 16:42:03,944] {processor.py:161} INFO - Processing /home/airflow/.local/lib/python3.7/site-packages/airflow/example_dags/example_xcom.py took 0.534 seconds
[2022-08-19 16:42:34,482] {processor.py:153} INFO - Started process (PID=765) to work on /home/airflow/.local/lib/python3.7/site-packages/airflow/example_dags/example_xcom.py
[2022-08-19 16:42:34,483] {processor.py:641} INFO - Processing file /home/airflow/.local/lib/python3.7/site-packages/airflow/example_dags/example_xcom.py for tasks to queue
[2022-08-19 16:42:34,483] {logging_mixin.py:115} INFO - [2022-08-19 16:42:34,483] {dagbag.py:507} INFO - Filling up the DagBag from /home/airflow/.local/lib/python3.7/site-packages/airflow/example_dags/example_xcom.py
[2022-08-19 16:42:34,519] {processor.py:651} INFO - DAG(s) dict_keys(['example_xcom']) retrieved from /home/airflow/.local/lib/python3.7/site-packages/airflow/example_dags/example_xcom.py
[2022-08-19 16:42:34,555] {logging_mixin.py:115} INFO - [2022-08-19 16:42:34,555] {dag.py:2379} INFO - Sync 1 DAGs
[2022-08-19 16:42:34,763] {logging_mixin.py:115} INFO - [2022-08-19 16:42:34,763] {dag.py:2931} INFO - Setting next_dagrun for example_xcom to 2021-01-01T00:00:00+00:00, run_after=2021-01-01T00:00:00+00:00
[2022-08-19 16:42:34,801] {processor.py:161} INFO - Processing /home/airflow/.local/lib/python3.7/site-packages/airflow/example_dags/example_xcom.py took 0.325 seconds
[2022-08-19 16:43:05,784] {processor.py:153} INFO - Started process (PID=826) to work on /home/airflow/.local/lib/python3.7/site-packages/airflow/example_dags/example_xcom.py
[2022-08-19 16:43:05,786] {processor.py:641} INFO - Processing file /home/airflow/.local/lib/python3.7/site-packages/airflow/example_dags/example_xcom.py for tasks to queue
[2022-08-19 16:43:05,788] {logging_mixin.py:115} INFO - [2022-08-19 16:43:05,788] {dagbag.py:507} INFO - Filling up the DagBag from /home/airflow/.local/lib/python3.7/site-packages/airflow/example_dags/example_xcom.py
[2022-08-19 16:43:05,820] {processor.py:651} INFO - DAG(s) dict_keys(['example_xcom']) retrieved from /home/airflow/.local/lib/python3.7/site-packages/airflow/example_dags/example_xcom.py
[2022-08-19 16:43:06,288] {logging_mixin.py:115} INFO - [2022-08-19 16:43:06,288] {dag.py:2379} INFO - Sync 1 DAGs
[2022-08-19 16:43:06,327] {logging_mixin.py:115} INFO - [2022-08-19 16:43:06,326] {dag.py:2931} INFO - Setting next_dagrun for example_xcom to 2021-01-01T00:00:00+00:00, run_after=2021-01-01T00:00:00+00:00
[2022-08-19 16:43:06,349] {processor.py:161} INFO - Processing /home/airflow/.local/lib/python3.7/site-packages/airflow/example_dags/example_xcom.py took 0.570 seconds
[2022-08-19 16:43:36,461] {processor.py:153} INFO - Started process (PID=879) to work on /home/airflow/.local/lib/python3.7/site-packages/airflow/example_dags/example_xcom.py
[2022-08-19 16:43:36,462] {processor.py:641} INFO - Processing file /home/airflow/.local/lib/python3.7/site-packages/airflow/example_dags/example_xcom.py for tasks to queue
[2022-08-19 16:43:36,462] {logging_mixin.py:115} INFO - [2022-08-19 16:43:36,462] {dagbag.py:507} INFO - Filling up the DagBag from /home/airflow/.local/lib/python3.7/site-packages/airflow/example_dags/example_xcom.py
[2022-08-19 16:43:36,491] {processor.py:651} INFO - DAG(s) dict_keys(['example_xcom']) retrieved from /home/airflow/.local/lib/python3.7/site-packages/airflow/example_dags/example_xcom.py
[2022-08-19 16:43:36,702] {logging_mixin.py:115} INFO - [2022-08-19 16:43:36,702] {dag.py:2379} INFO - Sync 1 DAGs
[2022-08-19 16:43:36,721] {logging_mixin.py:115} INFO - [2022-08-19 16:43:36,721] {dag.py:2931} INFO - Setting next_dagrun for example_xcom to 2021-01-01T00:00:00+00:00, run_after=2021-01-01T00:00:00+00:00
[2022-08-19 16:43:36,735] {processor.py:161} INFO - Processing /home/airflow/.local/lib/python3.7/site-packages/airflow/example_dags/example_xcom.py took 0.278 seconds
[2022-08-19 16:44:07,193] {processor.py:153} INFO - Started process (PID=944) to work on /home/airflow/.local/lib/python3.7/site-packages/airflow/example_dags/example_xcom.py
[2022-08-19 16:44:07,195] {processor.py:641} INFO - Processing file /home/airflow/.local/lib/python3.7/site-packages/airflow/example_dags/example_xcom.py for tasks to queue
[2022-08-19 16:44:07,195] {logging_mixin.py:115} INFO - [2022-08-19 16:44:07,195] {dagbag.py:507} INFO - Filling up the DagBag from /home/airflow/.local/lib/python3.7/site-packages/airflow/example_dags/example_xcom.py
[2022-08-19 16:44:07,220] {processor.py:651} INFO - DAG(s) dict_keys(['example_xcom']) retrieved from /home/airflow/.local/lib/python3.7/site-packages/airflow/example_dags/example_xcom.py
[2022-08-19 16:44:07,617] {logging_mixin.py:115} INFO - [2022-08-19 16:44:07,617] {dag.py:2379} INFO - Sync 1 DAGs
[2022-08-19 16:44:07,681] {logging_mixin.py:115} INFO - [2022-08-19 16:44:07,681] {dag.py:2931} INFO - Setting next_dagrun for example_xcom to 2021-01-01T00:00:00+00:00, run_after=2021-01-01T00:00:00+00:00
[2022-08-19 16:44:07,770] {processor.py:161} INFO - Processing /home/airflow/.local/lib/python3.7/site-packages/airflow/example_dags/example_xcom.py took 0.582 seconds
[2022-08-19 16:44:38,354] {processor.py:153} INFO - Started process (PID=998) to work on /home/airflow/.local/lib/python3.7/site-packages/airflow/example_dags/example_xcom.py
[2022-08-19 16:44:38,355] {processor.py:641} INFO - Processing file /home/airflow/.local/lib/python3.7/site-packages/airflow/example_dags/example_xcom.py for tasks to queue
[2022-08-19 16:44:38,355] {logging_mixin.py:115} INFO - [2022-08-19 16:44:38,355] {dagbag.py:507} INFO - Filling up the DagBag from /home/airflow/.local/lib/python3.7/site-packages/airflow/example_dags/example_xcom.py
[2022-08-19 16:44:38,380] {processor.py:651} INFO - DAG(s) dict_keys(['example_xcom']) retrieved from /home/airflow/.local/lib/python3.7/site-packages/airflow/example_dags/example_xcom.py
[2022-08-19 16:44:38,642] {logging_mixin.py:115} INFO - [2022-08-19 16:44:38,642] {dag.py:2379} INFO - Sync 1 DAGs
[2022-08-19 16:44:38,671] {logging_mixin.py:115} INFO - [2022-08-19 16:44:38,671] {dag.py:2931} INFO - Setting next_dagrun for example_xcom to 2021-01-01T00:00:00+00:00, run_after=2021-01-01T00:00:00+00:00
[2022-08-19 16:44:38,700] {processor.py:161} INFO - Processing /home/airflow/.local/lib/python3.7/site-packages/airflow/example_dags/example_xcom.py took 0.349 seconds
[2022-08-19 16:45:09,339] {processor.py:153} INFO - Started process (PID=1060) to work on /home/airflow/.local/lib/python3.7/site-packages/airflow/example_dags/example_xcom.py
[2022-08-19 16:45:09,340] {processor.py:641} INFO - Processing file /home/airflow/.local/lib/python3.7/site-packages/airflow/example_dags/example_xcom.py for tasks to queue
[2022-08-19 16:45:09,341] {logging_mixin.py:115} INFO - [2022-08-19 16:45:09,341] {dagbag.py:507} INFO - Filling up the DagBag from /home/airflow/.local/lib/python3.7/site-packages/airflow/example_dags/example_xcom.py
[2022-08-19 16:45:09,362] {processor.py:651} INFO - DAG(s) dict_keys(['example_xcom']) retrieved from /home/airflow/.local/lib/python3.7/site-packages/airflow/example_dags/example_xcom.py
[2022-08-19 16:45:09,735] {logging_mixin.py:115} INFO - [2022-08-19 16:45:09,735] {dag.py:2379} INFO - Sync 1 DAGs
[2022-08-19 16:45:09,763] {logging_mixin.py:115} INFO - [2022-08-19 16:45:09,763] {dag.py:2931} INFO - Setting next_dagrun for example_xcom to 2021-01-01T00:00:00+00:00, run_after=2021-01-01T00:00:00+00:00
[2022-08-19 16:45:09,787] {processor.py:161} INFO - Processing /home/airflow/.local/lib/python3.7/site-packages/airflow/example_dags/example_xcom.py took 0.452 seconds
[2022-08-19 16:45:40,005] {processor.py:153} INFO - Started process (PID=1113) to work on /home/airflow/.local/lib/python3.7/site-packages/airflow/example_dags/example_xcom.py
[2022-08-19 16:45:40,005] {processor.py:641} INFO - Processing file /home/airflow/.local/lib/python3.7/site-packages/airflow/example_dags/example_xcom.py for tasks to queue
[2022-08-19 16:45:40,006] {logging_mixin.py:115} INFO - [2022-08-19 16:45:40,006] {dagbag.py:507} INFO - Filling up the DagBag from /home/airflow/.local/lib/python3.7/site-packages/airflow/example_dags/example_xcom.py
[2022-08-19 16:45:40,023] {processor.py:651} INFO - DAG(s) dict_keys(['example_xcom']) retrieved from /home/airflow/.local/lib/python3.7/site-packages/airflow/example_dags/example_xcom.py
[2022-08-19 16:45:40,195] {logging_mixin.py:115} INFO - [2022-08-19 16:45:40,195] {dag.py:2379} INFO - Sync 1 DAGs
[2022-08-19 16:45:40,215] {logging_mixin.py:115} INFO - [2022-08-19 16:45:40,215] {dag.py:2931} INFO - Setting next_dagrun for example_xcom to 2021-01-01T00:00:00+00:00, run_after=2021-01-01T00:00:00+00:00
[2022-08-19 16:45:40,232] {processor.py:161} INFO - Processing /home/airflow/.local/lib/python3.7/site-packages/airflow/example_dags/example_xcom.py took 0.230 seconds
[2022-08-19 16:46:10,967] {processor.py:153} INFO - Started process (PID=1176) to work on /home/airflow/.local/lib/python3.7/site-packages/airflow/example_dags/example_xcom.py
[2022-08-19 16:46:10,974] {processor.py:641} INFO - Processing file /home/airflow/.local/lib/python3.7/site-packages/airflow/example_dags/example_xcom.py for tasks to queue
[2022-08-19 16:46:10,974] {logging_mixin.py:115} INFO - [2022-08-19 16:46:10,974] {dagbag.py:507} INFO - Filling up the DagBag from /home/airflow/.local/lib/python3.7/site-packages/airflow/example_dags/example_xcom.py
[2022-08-19 16:46:11,002] {processor.py:651} INFO - DAG(s) dict_keys(['example_xcom']) retrieved from /home/airflow/.local/lib/python3.7/site-packages/airflow/example_dags/example_xcom.py
[2022-08-19 16:46:11,345] {logging_mixin.py:115} INFO - [2022-08-19 16:46:11,345] {dag.py:2379} INFO - Sync 1 DAGs
[2022-08-19 16:46:11,368] {logging_mixin.py:115} INFO - [2022-08-19 16:46:11,368] {dag.py:2931} INFO - Setting next_dagrun for example_xcom to 2021-01-01T00:00:00+00:00, run_after=2021-01-01T00:00:00+00:00
[2022-08-19 16:46:11,387] {processor.py:161} INFO - Processing /home/airflow/.local/lib/python3.7/site-packages/airflow/example_dags/example_xcom.py took 0.423 seconds
[2022-08-19 16:46:42,177] {processor.py:153} INFO - Started process (PID=1239) to work on /home/airflow/.local/lib/python3.7/site-packages/airflow/example_dags/example_xcom.py
[2022-08-19 16:46:42,178] {processor.py:641} INFO - Processing file /home/airflow/.local/lib/python3.7/site-packages/airflow/example_dags/example_xcom.py for tasks to queue
[2022-08-19 16:46:42,179] {logging_mixin.py:115} INFO - [2022-08-19 16:46:42,179] {dagbag.py:507} INFO - Filling up the DagBag from /home/airflow/.local/lib/python3.7/site-packages/airflow/example_dags/example_xcom.py
[2022-08-19 16:46:42,202] {processor.py:651} INFO - DAG(s) dict_keys(['example_xcom']) retrieved from /home/airflow/.local/lib/python3.7/site-packages/airflow/example_dags/example_xcom.py
[2022-08-19 16:46:42,417] {logging_mixin.py:115} INFO - [2022-08-19 16:46:42,416] {dag.py:2379} INFO - Sync 1 DAGs
[2022-08-19 16:46:42,438] {logging_mixin.py:115} INFO - [2022-08-19 16:46:42,438] {dag.py:2931} INFO - Setting next_dagrun for example_xcom to 2021-01-01T00:00:00+00:00, run_after=2021-01-01T00:00:00+00:00
[2022-08-19 16:46:42,452] {processor.py:161} INFO - Processing /home/airflow/.local/lib/python3.7/site-packages/airflow/example_dags/example_xcom.py took 0.283 seconds
[2022-08-19 16:47:30,564] {processor.py:153} INFO - Started process (PID=57) to work on /home/airflow/.local/lib/python3.7/site-packages/airflow/example_dags/example_xcom.py
[2022-08-19 16:47:30,565] {processor.py:641} INFO - Processing file /home/airflow/.local/lib/python3.7/site-packages/airflow/example_dags/example_xcom.py for tasks to queue
[2022-08-19 16:47:30,565] {logging_mixin.py:115} INFO - [2022-08-19 16:47:30,565] {dagbag.py:507} INFO - Filling up the DagBag from /home/airflow/.local/lib/python3.7/site-packages/airflow/example_dags/example_xcom.py
[2022-08-19 16:47:30,592] {processor.py:651} INFO - DAG(s) dict_keys(['example_xcom']) retrieved from /home/airflow/.local/lib/python3.7/site-packages/airflow/example_dags/example_xcom.py
[2022-08-19 16:47:31,016] {logging_mixin.py:115} INFO - [2022-08-19 16:47:31,015] {dag.py:2379} INFO - Sync 1 DAGs
[2022-08-19 16:47:31,048] {logging_mixin.py:115} INFO - [2022-08-19 16:47:31,047] {dag.py:2931} INFO - Setting next_dagrun for example_xcom to 2021-01-01T00:00:00+00:00, run_after=2021-01-01T00:00:00+00:00
[2022-08-19 16:47:31,074] {processor.py:161} INFO - Processing /home/airflow/.local/lib/python3.7/site-packages/airflow/example_dags/example_xcom.py took 0.514 seconds
[2022-08-19 16:48:01,393] {processor.py:153} INFO - Started process (PID=119) to work on /home/airflow/.local/lib/python3.7/site-packages/airflow/example_dags/example_xcom.py
[2022-08-19 16:48:01,394] {processor.py:641} INFO - Processing file /home/airflow/.local/lib/python3.7/site-packages/airflow/example_dags/example_xcom.py for tasks to queue
[2022-08-19 16:48:01,395] {logging_mixin.py:115} INFO - [2022-08-19 16:48:01,394] {dagbag.py:507} INFO - Filling up the DagBag from /home/airflow/.local/lib/python3.7/site-packages/airflow/example_dags/example_xcom.py
[2022-08-19 16:48:01,419] {processor.py:651} INFO - DAG(s) dict_keys(['example_xcom']) retrieved from /home/airflow/.local/lib/python3.7/site-packages/airflow/example_dags/example_xcom.py
[2022-08-19 16:48:01,448] {logging_mixin.py:115} INFO - [2022-08-19 16:48:01,448] {dag.py:2379} INFO - Sync 1 DAGs
[2022-08-19 16:48:01,474] {logging_mixin.py:115} INFO - [2022-08-19 16:48:01,474] {dag.py:2931} INFO - Setting next_dagrun for example_xcom to 2021-01-01T00:00:00+00:00, run_after=2021-01-01T00:00:00+00:00
[2022-08-19 16:48:01,627] {processor.py:161} INFO - Processing /home/airflow/.local/lib/python3.7/site-packages/airflow/example_dags/example_xcom.py took 0.237 seconds
[2022-08-19 16:49:16,902] {processor.py:153} INFO - Started process (PID=58) to work on /home/airflow/.local/lib/python3.7/site-packages/airflow/example_dags/example_xcom.py
[2022-08-19 16:49:16,905] {processor.py:641} INFO - Processing file /home/airflow/.local/lib/python3.7/site-packages/airflow/example_dags/example_xcom.py for tasks to queue
[2022-08-19 16:49:16,905] {logging_mixin.py:115} INFO - [2022-08-19 16:49:16,905] {dagbag.py:507} INFO - Filling up the DagBag from /home/airflow/.local/lib/python3.7/site-packages/airflow/example_dags/example_xcom.py
[2022-08-19 16:49:16,929] {processor.py:651} INFO - DAG(s) dict_keys(['example_xcom']) retrieved from /home/airflow/.local/lib/python3.7/site-packages/airflow/example_dags/example_xcom.py
[2022-08-19 16:49:17,280] {logging_mixin.py:115} INFO - [2022-08-19 16:49:17,280] {dag.py:2379} INFO - Sync 1 DAGs
[2022-08-19 16:49:17,312] {logging_mixin.py:115} INFO - [2022-08-19 16:49:17,312] {dag.py:2931} INFO - Setting next_dagrun for example_xcom to 2021-01-01T00:00:00+00:00, run_after=2021-01-01T00:00:00+00:00
[2022-08-19 16:49:17,332] {processor.py:161} INFO - Processing /home/airflow/.local/lib/python3.7/site-packages/airflow/example_dags/example_xcom.py took 0.438 seconds
[2022-08-19 16:49:50,095] {processor.py:153} INFO - Started process (PID=120) to work on /home/airflow/.local/lib/python3.7/site-packages/airflow/example_dags/example_xcom.py
[2022-08-19 16:49:50,103] {processor.py:641} INFO - Processing file /home/airflow/.local/lib/python3.7/site-packages/airflow/example_dags/example_xcom.py for tasks to queue
[2022-08-19 16:49:50,104] {logging_mixin.py:115} INFO - [2022-08-19 16:49:50,104] {dagbag.py:507} INFO - Filling up the DagBag from /home/airflow/.local/lib/python3.7/site-packages/airflow/example_dags/example_xcom.py
[2022-08-19 16:49:50,195] {processor.py:651} INFO - DAG(s) dict_keys(['example_xcom']) retrieved from /home/airflow/.local/lib/python3.7/site-packages/airflow/example_dags/example_xcom.py
[2022-08-19 16:49:50,430] {logging_mixin.py:115} INFO - [2022-08-19 16:49:50,430] {dag.py:2379} INFO - Sync 1 DAGs
[2022-08-19 16:49:50,877] {logging_mixin.py:115} INFO - [2022-08-19 16:49:50,876] {dag.py:2931} INFO - Setting next_dagrun for example_xcom to 2021-01-01T00:00:00+00:00, run_after=2021-01-01T00:00:00+00:00
[2022-08-19 16:49:51,333] {processor.py:161} INFO - Processing /home/airflow/.local/lib/python3.7/site-packages/airflow/example_dags/example_xcom.py took 1.247 seconds
[2022-08-19 16:50:21,487] {processor.py:153} INFO - Started process (PID=173) to work on /home/airflow/.local/lib/python3.7/site-packages/airflow/example_dags/example_xcom.py
[2022-08-19 16:50:21,487] {processor.py:641} INFO - Processing file /home/airflow/.local/lib/python3.7/site-packages/airflow/example_dags/example_xcom.py for tasks to queue
[2022-08-19 16:50:21,488] {logging_mixin.py:115} INFO - [2022-08-19 16:50:21,488] {dagbag.py:507} INFO - Filling up the DagBag from /home/airflow/.local/lib/python3.7/site-packages/airflow/example_dags/example_xcom.py
[2022-08-19 16:50:21,511] {processor.py:651} INFO - DAG(s) dict_keys(['example_xcom']) retrieved from /home/airflow/.local/lib/python3.7/site-packages/airflow/example_dags/example_xcom.py
[2022-08-19 16:50:21,703] {logging_mixin.py:115} INFO - [2022-08-19 16:50:21,703] {dag.py:2379} INFO - Sync 1 DAGs
[2022-08-19 16:50:21,724] {logging_mixin.py:115} INFO - [2022-08-19 16:50:21,724] {dag.py:2931} INFO - Setting next_dagrun for example_xcom to 2021-01-01T00:00:00+00:00, run_after=2021-01-01T00:00:00+00:00
[2022-08-19 16:50:21,744] {processor.py:161} INFO - Processing /home/airflow/.local/lib/python3.7/site-packages/airflow/example_dags/example_xcom.py took 0.260 seconds
[2022-08-19 16:50:51,924] {processor.py:153} INFO - Started process (PID=225) to work on /home/airflow/.local/lib/python3.7/site-packages/airflow/example_dags/example_xcom.py
[2022-08-19 16:50:51,929] {processor.py:641} INFO - Processing file /home/airflow/.local/lib/python3.7/site-packages/airflow/example_dags/example_xcom.py for tasks to queue
[2022-08-19 16:50:51,930] {logging_mixin.py:115} INFO - [2022-08-19 16:50:51,930] {dagbag.py:507} INFO - Filling up the DagBag from /home/airflow/.local/lib/python3.7/site-packages/airflow/example_dags/example_xcom.py
[2022-08-19 16:50:51,965] {processor.py:651} INFO - DAG(s) dict_keys(['example_xcom']) retrieved from /home/airflow/.local/lib/python3.7/site-packages/airflow/example_dags/example_xcom.py
[2022-08-19 16:50:52,244] {logging_mixin.py:115} INFO - [2022-08-19 16:50:52,244] {dag.py:2379} INFO - Sync 1 DAGs
[2022-08-19 16:50:52,265] {logging_mixin.py:115} INFO - [2022-08-19 16:50:52,264] {dag.py:2931} INFO - Setting next_dagrun for example_xcom to 2021-01-01T00:00:00+00:00, run_after=2021-01-01T00:00:00+00:00
[2022-08-19 16:50:52,283] {processor.py:161} INFO - Processing /home/airflow/.local/lib/python3.7/site-packages/airflow/example_dags/example_xcom.py took 0.363 seconds
[2022-08-19 16:51:22,413] {processor.py:153} INFO - Started process (PID=289) to work on /home/airflow/.local/lib/python3.7/site-packages/airflow/example_dags/example_xcom.py
[2022-08-19 16:51:22,414] {processor.py:641} INFO - Processing file /home/airflow/.local/lib/python3.7/site-packages/airflow/example_dags/example_xcom.py for tasks to queue
[2022-08-19 16:51:22,415] {logging_mixin.py:115} INFO - [2022-08-19 16:51:22,414] {dagbag.py:507} INFO - Filling up the DagBag from /home/airflow/.local/lib/python3.7/site-packages/airflow/example_dags/example_xcom.py
[2022-08-19 16:51:22,441] {processor.py:651} INFO - DAG(s) dict_keys(['example_xcom']) retrieved from /home/airflow/.local/lib/python3.7/site-packages/airflow/example_dags/example_xcom.py
[2022-08-19 16:51:22,660] {logging_mixin.py:115} INFO - [2022-08-19 16:51:22,660] {dag.py:2379} INFO - Sync 1 DAGs
[2022-08-19 16:51:22,690] {logging_mixin.py:115} INFO - [2022-08-19 16:51:22,690] {dag.py:2931} INFO - Setting next_dagrun for example_xcom to 2021-01-01T00:00:00+00:00, run_after=2021-01-01T00:00:00+00:00
[2022-08-19 16:51:22,718] {processor.py:161} INFO - Processing /home/airflow/.local/lib/python3.7/site-packages/airflow/example_dags/example_xcom.py took 0.309 seconds
[2022-08-19 16:51:52,779] {processor.py:153} INFO - Started process (PID=351) to work on /home/airflow/.local/lib/python3.7/site-packages/airflow/example_dags/example_xcom.py
[2022-08-19 16:51:52,779] {processor.py:641} INFO - Processing file /home/airflow/.local/lib/python3.7/site-packages/airflow/example_dags/example_xcom.py for tasks to queue
[2022-08-19 16:51:52,780] {logging_mixin.py:115} INFO - [2022-08-19 16:51:52,780] {dagbag.py:507} INFO - Filling up the DagBag from /home/airflow/.local/lib/python3.7/site-packages/airflow/example_dags/example_xcom.py
[2022-08-19 16:51:52,800] {processor.py:651} INFO - DAG(s) dict_keys(['example_xcom']) retrieved from /home/airflow/.local/lib/python3.7/site-packages/airflow/example_dags/example_xcom.py
[2022-08-19 16:51:53,045] {logging_mixin.py:115} INFO - [2022-08-19 16:51:53,044] {dag.py:2379} INFO - Sync 1 DAGs
[2022-08-19 16:51:53,068] {logging_mixin.py:115} INFO - [2022-08-19 16:51:53,068] {dag.py:2931} INFO - Setting next_dagrun for example_xcom to 2021-01-01T00:00:00+00:00, run_after=2021-01-01T00:00:00+00:00
[2022-08-19 16:51:53,087] {processor.py:161} INFO - Processing /home/airflow/.local/lib/python3.7/site-packages/airflow/example_dags/example_xcom.py took 0.313 seconds
[2022-08-19 16:52:23,223] {processor.py:153} INFO - Started process (PID=406) to work on /home/airflow/.local/lib/python3.7/site-packages/airflow/example_dags/example_xcom.py
[2022-08-19 16:52:23,224] {processor.py:641} INFO - Processing file /home/airflow/.local/lib/python3.7/site-packages/airflow/example_dags/example_xcom.py for tasks to queue
[2022-08-19 16:52:23,225] {logging_mixin.py:115} INFO - [2022-08-19 16:52:23,225] {dagbag.py:507} INFO - Filling up the DagBag from /home/airflow/.local/lib/python3.7/site-packages/airflow/example_dags/example_xcom.py
[2022-08-19 16:52:23,275] {processor.py:651} INFO - DAG(s) dict_keys(['example_xcom']) retrieved from /home/airflow/.local/lib/python3.7/site-packages/airflow/example_dags/example_xcom.py
[2022-08-19 16:52:23,621] {logging_mixin.py:115} INFO - [2022-08-19 16:52:23,620] {dag.py:2379} INFO - Sync 1 DAGs
[2022-08-19 16:52:23,655] {logging_mixin.py:115} INFO - [2022-08-19 16:52:23,655] {dag.py:2931} INFO - Setting next_dagrun for example_xcom to 2021-01-01T00:00:00+00:00, run_after=2021-01-01T00:00:00+00:00
[2022-08-19 16:52:23,684] {processor.py:161} INFO - Processing /home/airflow/.local/lib/python3.7/site-packages/airflow/example_dags/example_xcom.py took 0.464 seconds
[2022-08-19 16:52:53,790] {processor.py:153} INFO - Started process (PID=471) to work on /home/airflow/.local/lib/python3.7/site-packages/airflow/example_dags/example_xcom.py
[2022-08-19 16:52:53,791] {processor.py:641} INFO - Processing file /home/airflow/.local/lib/python3.7/site-packages/airflow/example_dags/example_xcom.py for tasks to queue
[2022-08-19 16:52:53,792] {logging_mixin.py:115} INFO - [2022-08-19 16:52:53,792] {dagbag.py:507} INFO - Filling up the DagBag from /home/airflow/.local/lib/python3.7/site-packages/airflow/example_dags/example_xcom.py
[2022-08-19 16:52:53,811] {processor.py:651} INFO - DAG(s) dict_keys(['example_xcom']) retrieved from /home/airflow/.local/lib/python3.7/site-packages/airflow/example_dags/example_xcom.py
[2022-08-19 16:52:53,986] {logging_mixin.py:115} INFO - [2022-08-19 16:52:53,986] {dag.py:2379} INFO - Sync 1 DAGs
[2022-08-19 16:52:54,005] {logging_mixin.py:115} INFO - [2022-08-19 16:52:54,005] {dag.py:2931} INFO - Setting next_dagrun for example_xcom to 2021-01-01T00:00:00+00:00, run_after=2021-01-01T00:00:00+00:00
[2022-08-19 16:52:54,021] {processor.py:161} INFO - Processing /home/airflow/.local/lib/python3.7/site-packages/airflow/example_dags/example_xcom.py took 0.234 seconds
[2022-08-19 16:53:24,124] {processor.py:153} INFO - Started process (PID=524) to work on /home/airflow/.local/lib/python3.7/site-packages/airflow/example_dags/example_xcom.py
[2022-08-19 16:53:24,125] {processor.py:641} INFO - Processing file /home/airflow/.local/lib/python3.7/site-packages/airflow/example_dags/example_xcom.py for tasks to queue
[2022-08-19 16:53:24,125] {logging_mixin.py:115} INFO - [2022-08-19 16:53:24,125] {dagbag.py:507} INFO - Filling up the DagBag from /home/airflow/.local/lib/python3.7/site-packages/airflow/example_dags/example_xcom.py
[2022-08-19 16:53:24,160] {processor.py:651} INFO - DAG(s) dict_keys(['example_xcom']) retrieved from /home/airflow/.local/lib/python3.7/site-packages/airflow/example_dags/example_xcom.py
[2022-08-19 16:53:24,361] {logging_mixin.py:115} INFO - [2022-08-19 16:53:24,361] {dag.py:2379} INFO - Sync 1 DAGs
[2022-08-19 16:53:24,386] {logging_mixin.py:115} INFO - [2022-08-19 16:53:24,385] {dag.py:2931} INFO - Setting next_dagrun for example_xcom to 2021-01-01T00:00:00+00:00, run_after=2021-01-01T00:00:00+00:00
[2022-08-19 16:53:24,404] {processor.py:161} INFO - Processing /home/airflow/.local/lib/python3.7/site-packages/airflow/example_dags/example_xcom.py took 0.283 seconds
[2022-08-19 16:53:55,283] {processor.py:153} INFO - Started process (PID=586) to work on /home/airflow/.local/lib/python3.7/site-packages/airflow/example_dags/example_xcom.py
[2022-08-19 16:53:55,286] {processor.py:641} INFO - Processing file /home/airflow/.local/lib/python3.7/site-packages/airflow/example_dags/example_xcom.py for tasks to queue
[2022-08-19 16:53:55,286] {logging_mixin.py:115} INFO - [2022-08-19 16:53:55,286] {dagbag.py:507} INFO - Filling up the DagBag from /home/airflow/.local/lib/python3.7/site-packages/airflow/example_dags/example_xcom.py
[2022-08-19 16:53:55,313] {processor.py:651} INFO - DAG(s) dict_keys(['example_xcom']) retrieved from /home/airflow/.local/lib/python3.7/site-packages/airflow/example_dags/example_xcom.py
[2022-08-19 16:53:55,577] {logging_mixin.py:115} INFO - [2022-08-19 16:53:55,577] {dag.py:2379} INFO - Sync 1 DAGs
[2022-08-19 16:53:55,597] {logging_mixin.py:115} INFO - [2022-08-19 16:53:55,596] {dag.py:2931} INFO - Setting next_dagrun for example_xcom to 2021-01-01T00:00:00+00:00, run_after=2021-01-01T00:00:00+00:00
[2022-08-19 16:53:55,615] {processor.py:161} INFO - Processing /home/airflow/.local/lib/python3.7/site-packages/airflow/example_dags/example_xcom.py took 0.338 seconds
