[2022-08-19 00:59:17,306] {processor.py:153} INFO - Started process (PID=52) to work on /home/airflow/.local/lib/python3.7/site-packages/airflow/example_dags/example_branch_labels.py
[2022-08-19 00:59:17,307] {processor.py:641} INFO - Processing file /home/airflow/.local/lib/python3.7/site-packages/airflow/example_dags/example_branch_labels.py for tasks to queue
[2022-08-19 00:59:17,307] {logging_mixin.py:115} INFO - [2022-08-19 00:59:17,307] {dagbag.py:507} INFO - Filling up the DagBag from /home/airflow/.local/lib/python3.7/site-packages/airflow/example_dags/example_branch_labels.py
[2022-08-19 00:59:17,316] {processor.py:651} INFO - DAG(s) dict_keys(['example_branch_labels']) retrieved from /home/airflow/.local/lib/python3.7/site-packages/airflow/example_dags/example_branch_labels.py
[2022-08-19 00:59:17,350] {logging_mixin.py:115} INFO - [2022-08-19 00:59:17,350] {dag.py:2379} INFO - Sync 1 DAGs
[2022-08-19 00:59:17,394] {logging_mixin.py:115} INFO - [2022-08-19 00:59:17,393] {dag.py:2931} INFO - Setting next_dagrun for example_branch_labels to 2022-08-18T00:00:00+00:00, run_after=2022-08-19T00:00:00+00:00
[2022-08-19 00:59:17,418] {processor.py:161} INFO - Processing /home/airflow/.local/lib/python3.7/site-packages/airflow/example_dags/example_branch_labels.py took 0.116 seconds
[2022-08-19 00:59:47,491] {processor.py:153} INFO - Started process (PID=103) to work on /home/airflow/.local/lib/python3.7/site-packages/airflow/example_dags/example_branch_labels.py
[2022-08-19 00:59:47,491] {processor.py:641} INFO - Processing file /home/airflow/.local/lib/python3.7/site-packages/airflow/example_dags/example_branch_labels.py for tasks to queue
[2022-08-19 00:59:47,492] {logging_mixin.py:115} INFO - [2022-08-19 00:59:47,492] {dagbag.py:507} INFO - Filling up the DagBag from /home/airflow/.local/lib/python3.7/site-packages/airflow/example_dags/example_branch_labels.py
[2022-08-19 00:59:47,498] {processor.py:651} INFO - DAG(s) dict_keys(['example_branch_labels']) retrieved from /home/airflow/.local/lib/python3.7/site-packages/airflow/example_dags/example_branch_labels.py
[2022-08-19 00:59:47,527] {logging_mixin.py:115} INFO - [2022-08-19 00:59:47,527] {dag.py:2379} INFO - Sync 1 DAGs
[2022-08-19 00:59:47,557] {logging_mixin.py:115} INFO - [2022-08-19 00:59:47,557] {dag.py:2931} INFO - Setting next_dagrun for example_branch_labels to 2022-08-18T00:00:00+00:00, run_after=2022-08-19T00:00:00+00:00
[2022-08-19 00:59:47,572] {processor.py:161} INFO - Processing /home/airflow/.local/lib/python3.7/site-packages/airflow/example_dags/example_branch_labels.py took 0.084 seconds
[2022-08-19 01:10:17,394] {processor.py:153} INFO - Started process (PID=53) to work on /home/airflow/.local/lib/python3.7/site-packages/airflow/example_dags/example_branch_labels.py
[2022-08-19 01:10:17,400] {processor.py:641} INFO - Processing file /home/airflow/.local/lib/python3.7/site-packages/airflow/example_dags/example_branch_labels.py for tasks to queue
[2022-08-19 01:10:17,401] {logging_mixin.py:115} INFO - [2022-08-19 01:10:17,401] {dagbag.py:507} INFO - Filling up the DagBag from /home/airflow/.local/lib/python3.7/site-packages/airflow/example_dags/example_branch_labels.py
[2022-08-19 01:10:17,411] {processor.py:651} INFO - DAG(s) dict_keys(['example_branch_labels']) retrieved from /home/airflow/.local/lib/python3.7/site-packages/airflow/example_dags/example_branch_labels.py
[2022-08-19 01:10:17,484] {logging_mixin.py:115} INFO - [2022-08-19 01:10:17,484] {dag.py:2379} INFO - Sync 1 DAGs
[2022-08-19 01:10:17,798] {logging_mixin.py:115} INFO - [2022-08-19 01:10:17,798] {dag.py:2931} INFO - Setting next_dagrun for example_branch_labels to 2022-08-18T00:00:00+00:00, run_after=2022-08-19T00:00:00+00:00
[2022-08-19 01:10:17,839] {processor.py:161} INFO - Processing /home/airflow/.local/lib/python3.7/site-packages/airflow/example_dags/example_branch_labels.py took 0.457 seconds
[2022-08-19 01:10:48,705] {processor.py:153} INFO - Started process (PID=113) to work on /home/airflow/.local/lib/python3.7/site-packages/airflow/example_dags/example_branch_labels.py
[2022-08-19 01:10:48,705] {processor.py:641} INFO - Processing file /home/airflow/.local/lib/python3.7/site-packages/airflow/example_dags/example_branch_labels.py for tasks to queue
[2022-08-19 01:10:48,706] {logging_mixin.py:115} INFO - [2022-08-19 01:10:48,706] {dagbag.py:507} INFO - Filling up the DagBag from /home/airflow/.local/lib/python3.7/site-packages/airflow/example_dags/example_branch_labels.py
[2022-08-19 01:10:48,716] {processor.py:651} INFO - DAG(s) dict_keys(['example_branch_labels']) retrieved from /home/airflow/.local/lib/python3.7/site-packages/airflow/example_dags/example_branch_labels.py
[2022-08-19 01:10:48,772] {logging_mixin.py:115} INFO - [2022-08-19 01:10:48,772] {dag.py:2379} INFO - Sync 1 DAGs
[2022-08-19 01:10:49,074] {logging_mixin.py:115} INFO - [2022-08-19 01:10:49,074] {dag.py:2931} INFO - Setting next_dagrun for example_branch_labels to 2022-08-18T00:00:00+00:00, run_after=2022-08-19T00:00:00+00:00
[2022-08-19 01:10:49,113] {processor.py:161} INFO - Processing /home/airflow/.local/lib/python3.7/site-packages/airflow/example_dags/example_branch_labels.py took 0.419 seconds
[2022-08-19 01:11:19,334] {processor.py:153} INFO - Started process (PID=168) to work on /home/airflow/.local/lib/python3.7/site-packages/airflow/example_dags/example_branch_labels.py
[2022-08-19 01:11:19,335] {processor.py:641} INFO - Processing file /home/airflow/.local/lib/python3.7/site-packages/airflow/example_dags/example_branch_labels.py for tasks to queue
[2022-08-19 01:11:19,337] {logging_mixin.py:115} INFO - [2022-08-19 01:11:19,336] {dagbag.py:507} INFO - Filling up the DagBag from /home/airflow/.local/lib/python3.7/site-packages/airflow/example_dags/example_branch_labels.py
[2022-08-19 01:11:19,345] {processor.py:651} INFO - DAG(s) dict_keys(['example_branch_labels']) retrieved from /home/airflow/.local/lib/python3.7/site-packages/airflow/example_dags/example_branch_labels.py
[2022-08-19 01:11:19,377] {logging_mixin.py:115} INFO - [2022-08-19 01:11:19,377] {dag.py:2379} INFO - Sync 1 DAGs
[2022-08-19 01:11:19,529] {logging_mixin.py:115} INFO - [2022-08-19 01:11:19,529] {dag.py:2931} INFO - Setting next_dagrun for example_branch_labels to 2022-08-18T00:00:00+00:00, run_after=2022-08-19T00:00:00+00:00
[2022-08-19 01:11:19,546] {processor.py:161} INFO - Processing /home/airflow/.local/lib/python3.7/site-packages/airflow/example_dags/example_branch_labels.py took 0.218 seconds
[2022-08-19 01:11:49,999] {processor.py:153} INFO - Started process (PID=222) to work on /home/airflow/.local/lib/python3.7/site-packages/airflow/example_dags/example_branch_labels.py
[2022-08-19 01:11:50,000] {processor.py:641} INFO - Processing file /home/airflow/.local/lib/python3.7/site-packages/airflow/example_dags/example_branch_labels.py for tasks to queue
[2022-08-19 01:11:50,000] {logging_mixin.py:115} INFO - [2022-08-19 01:11:50,000] {dagbag.py:507} INFO - Filling up the DagBag from /home/airflow/.local/lib/python3.7/site-packages/airflow/example_dags/example_branch_labels.py
[2022-08-19 01:11:50,007] {processor.py:651} INFO - DAG(s) dict_keys(['example_branch_labels']) retrieved from /home/airflow/.local/lib/python3.7/site-packages/airflow/example_dags/example_branch_labels.py
[2022-08-19 01:11:50,032] {logging_mixin.py:115} INFO - [2022-08-19 01:11:50,032] {dag.py:2379} INFO - Sync 1 DAGs
[2022-08-19 01:11:50,153] {logging_mixin.py:115} INFO - [2022-08-19 01:11:50,153] {dag.py:2931} INFO - Setting next_dagrun for example_branch_labels to 2022-08-18T00:00:00+00:00, run_after=2022-08-19T00:00:00+00:00
[2022-08-19 01:11:50,164] {processor.py:161} INFO - Processing /home/airflow/.local/lib/python3.7/site-packages/airflow/example_dags/example_branch_labels.py took 0.168 seconds
[2022-08-19 01:12:20,342] {processor.py:153} INFO - Started process (PID=286) to work on /home/airflow/.local/lib/python3.7/site-packages/airflow/example_dags/example_branch_labels.py
[2022-08-19 01:12:20,343] {processor.py:641} INFO - Processing file /home/airflow/.local/lib/python3.7/site-packages/airflow/example_dags/example_branch_labels.py for tasks to queue
[2022-08-19 01:12:20,344] {logging_mixin.py:115} INFO - [2022-08-19 01:12:20,343] {dagbag.py:507} INFO - Filling up the DagBag from /home/airflow/.local/lib/python3.7/site-packages/airflow/example_dags/example_branch_labels.py
[2022-08-19 01:12:20,349] {processor.py:651} INFO - DAG(s) dict_keys(['example_branch_labels']) retrieved from /home/airflow/.local/lib/python3.7/site-packages/airflow/example_dags/example_branch_labels.py
[2022-08-19 01:12:20,373] {logging_mixin.py:115} INFO - [2022-08-19 01:12:20,373] {dag.py:2379} INFO - Sync 1 DAGs
[2022-08-19 01:12:20,497] {logging_mixin.py:115} INFO - [2022-08-19 01:12:20,496] {dag.py:2931} INFO - Setting next_dagrun for example_branch_labels to 2022-08-18T00:00:00+00:00, run_after=2022-08-19T00:00:00+00:00
[2022-08-19 01:12:20,509] {processor.py:161} INFO - Processing /home/airflow/.local/lib/python3.7/site-packages/airflow/example_dags/example_branch_labels.py took 0.169 seconds
[2022-08-19 01:12:50,921] {processor.py:153} INFO - Started process (PID=343) to work on /home/airflow/.local/lib/python3.7/site-packages/airflow/example_dags/example_branch_labels.py
[2022-08-19 01:12:50,922] {processor.py:641} INFO - Processing file /home/airflow/.local/lib/python3.7/site-packages/airflow/example_dags/example_branch_labels.py for tasks to queue
[2022-08-19 01:12:50,922] {logging_mixin.py:115} INFO - [2022-08-19 01:12:50,922] {dagbag.py:507} INFO - Filling up the DagBag from /home/airflow/.local/lib/python3.7/site-packages/airflow/example_dags/example_branch_labels.py
[2022-08-19 01:12:50,929] {processor.py:651} INFO - DAG(s) dict_keys(['example_branch_labels']) retrieved from /home/airflow/.local/lib/python3.7/site-packages/airflow/example_dags/example_branch_labels.py
[2022-08-19 01:12:50,953] {logging_mixin.py:115} INFO - [2022-08-19 01:12:50,953] {dag.py:2379} INFO - Sync 1 DAGs
[2022-08-19 01:12:51,090] {logging_mixin.py:115} INFO - [2022-08-19 01:12:51,090] {dag.py:2931} INFO - Setting next_dagrun for example_branch_labels to 2022-08-18T00:00:00+00:00, run_after=2022-08-19T00:00:00+00:00
[2022-08-19 01:12:51,101] {processor.py:161} INFO - Processing /home/airflow/.local/lib/python3.7/site-packages/airflow/example_dags/example_branch_labels.py took 0.183 seconds
[2022-08-19 01:13:21,922] {processor.py:153} INFO - Started process (PID=408) to work on /home/airflow/.local/lib/python3.7/site-packages/airflow/example_dags/example_branch_labels.py
[2022-08-19 01:13:21,923] {processor.py:641} INFO - Processing file /home/airflow/.local/lib/python3.7/site-packages/airflow/example_dags/example_branch_labels.py for tasks to queue
[2022-08-19 01:13:21,923] {logging_mixin.py:115} INFO - [2022-08-19 01:13:21,923] {dagbag.py:507} INFO - Filling up the DagBag from /home/airflow/.local/lib/python3.7/site-packages/airflow/example_dags/example_branch_labels.py
[2022-08-19 01:13:21,932] {processor.py:651} INFO - DAG(s) dict_keys(['example_branch_labels']) retrieved from /home/airflow/.local/lib/python3.7/site-packages/airflow/example_dags/example_branch_labels.py
[2022-08-19 01:13:21,962] {logging_mixin.py:115} INFO - [2022-08-19 01:13:21,962] {dag.py:2379} INFO - Sync 1 DAGs
[2022-08-19 01:13:22,096] {logging_mixin.py:115} INFO - [2022-08-19 01:13:22,096] {dag.py:2931} INFO - Setting next_dagrun for example_branch_labels to 2022-08-18T00:00:00+00:00, run_after=2022-08-19T00:00:00+00:00
[2022-08-19 01:13:22,106] {processor.py:161} INFO - Processing /home/airflow/.local/lib/python3.7/site-packages/airflow/example_dags/example_branch_labels.py took 0.187 seconds
[2022-08-19 01:13:52,597] {processor.py:153} INFO - Started process (PID=472) to work on /home/airflow/.local/lib/python3.7/site-packages/airflow/example_dags/example_branch_labels.py
[2022-08-19 01:13:52,597] {processor.py:641} INFO - Processing file /home/airflow/.local/lib/python3.7/site-packages/airflow/example_dags/example_branch_labels.py for tasks to queue
[2022-08-19 01:13:52,598] {logging_mixin.py:115} INFO - [2022-08-19 01:13:52,598] {dagbag.py:507} INFO - Filling up the DagBag from /home/airflow/.local/lib/python3.7/site-packages/airflow/example_dags/example_branch_labels.py
[2022-08-19 01:13:52,603] {processor.py:651} INFO - DAG(s) dict_keys(['example_branch_labels']) retrieved from /home/airflow/.local/lib/python3.7/site-packages/airflow/example_dags/example_branch_labels.py
[2022-08-19 01:13:52,631] {logging_mixin.py:115} INFO - [2022-08-19 01:13:52,631] {dag.py:2379} INFO - Sync 1 DAGs
[2022-08-19 01:13:52,770] {logging_mixin.py:115} INFO - [2022-08-19 01:13:52,770] {dag.py:2931} INFO - Setting next_dagrun for example_branch_labels to 2022-08-18T00:00:00+00:00, run_after=2022-08-19T00:00:00+00:00
[2022-08-19 01:13:52,782] {processor.py:161} INFO - Processing /home/airflow/.local/lib/python3.7/site-packages/airflow/example_dags/example_branch_labels.py took 0.189 seconds
[2022-08-19 01:14:23,683] {processor.py:153} INFO - Started process (PID=526) to work on /home/airflow/.local/lib/python3.7/site-packages/airflow/example_dags/example_branch_labels.py
[2022-08-19 01:14:23,694] {processor.py:641} INFO - Processing file /home/airflow/.local/lib/python3.7/site-packages/airflow/example_dags/example_branch_labels.py for tasks to queue
[2022-08-19 01:14:23,695] {logging_mixin.py:115} INFO - [2022-08-19 01:14:23,695] {dagbag.py:507} INFO - Filling up the DagBag from /home/airflow/.local/lib/python3.7/site-packages/airflow/example_dags/example_branch_labels.py
[2022-08-19 01:14:23,711] {processor.py:651} INFO - DAG(s) dict_keys(['example_branch_labels']) retrieved from /home/airflow/.local/lib/python3.7/site-packages/airflow/example_dags/example_branch_labels.py
[2022-08-19 01:14:23,767] {logging_mixin.py:115} INFO - [2022-08-19 01:14:23,767] {dag.py:2379} INFO - Sync 1 DAGs
[2022-08-19 01:14:23,999] {logging_mixin.py:115} INFO - [2022-08-19 01:14:23,999] {dag.py:2931} INFO - Setting next_dagrun for example_branch_labels to 2022-08-18T00:00:00+00:00, run_after=2022-08-19T00:00:00+00:00
[2022-08-19 01:14:24,024] {processor.py:161} INFO - Processing /home/airflow/.local/lib/python3.7/site-packages/airflow/example_dags/example_branch_labels.py took 0.357 seconds
[2022-08-19 01:14:54,414] {processor.py:153} INFO - Started process (PID=591) to work on /home/airflow/.local/lib/python3.7/site-packages/airflow/example_dags/example_branch_labels.py
[2022-08-19 01:14:54,415] {processor.py:641} INFO - Processing file /home/airflow/.local/lib/python3.7/site-packages/airflow/example_dags/example_branch_labels.py for tasks to queue
[2022-08-19 01:14:54,416] {logging_mixin.py:115} INFO - [2022-08-19 01:14:54,416] {dagbag.py:507} INFO - Filling up the DagBag from /home/airflow/.local/lib/python3.7/site-packages/airflow/example_dags/example_branch_labels.py
[2022-08-19 01:14:54,423] {processor.py:651} INFO - DAG(s) dict_keys(['example_branch_labels']) retrieved from /home/airflow/.local/lib/python3.7/site-packages/airflow/example_dags/example_branch_labels.py
[2022-08-19 01:14:54,445] {logging_mixin.py:115} INFO - [2022-08-19 01:14:54,445] {dag.py:2379} INFO - Sync 1 DAGs
[2022-08-19 01:14:54,572] {logging_mixin.py:115} INFO - [2022-08-19 01:14:54,572] {dag.py:2931} INFO - Setting next_dagrun for example_branch_labels to 2022-08-18T00:00:00+00:00, run_after=2022-08-19T00:00:00+00:00
[2022-08-19 01:14:54,582] {processor.py:161} INFO - Processing /home/airflow/.local/lib/python3.7/site-packages/airflow/example_dags/example_branch_labels.py took 0.170 seconds
[2022-08-19 01:21:21,036] {processor.py:153} INFO - Started process (PID=52) to work on /home/airflow/.local/lib/python3.7/site-packages/airflow/example_dags/example_branch_labels.py
[2022-08-19 01:21:21,038] {processor.py:641} INFO - Processing file /home/airflow/.local/lib/python3.7/site-packages/airflow/example_dags/example_branch_labels.py for tasks to queue
[2022-08-19 01:21:21,038] {logging_mixin.py:115} INFO - [2022-08-19 01:21:21,038] {dagbag.py:507} INFO - Filling up the DagBag from /home/airflow/.local/lib/python3.7/site-packages/airflow/example_dags/example_branch_labels.py
[2022-08-19 01:21:21,051] {processor.py:651} INFO - DAG(s) dict_keys(['example_branch_labels']) retrieved from /home/airflow/.local/lib/python3.7/site-packages/airflow/example_dags/example_branch_labels.py
[2022-08-19 01:21:21,113] {logging_mixin.py:115} INFO - [2022-08-19 01:21:21,113] {dag.py:2379} INFO - Sync 1 DAGs
[2022-08-19 01:21:21,167] {logging_mixin.py:115} INFO - [2022-08-19 01:21:21,167] {dag.py:2931} INFO - Setting next_dagrun for example_branch_labels to 2022-08-18T00:00:00+00:00, run_after=2022-08-19T00:00:00+00:00
[2022-08-19 01:21:21,199] {processor.py:161} INFO - Processing /home/airflow/.local/lib/python3.7/site-packages/airflow/example_dags/example_branch_labels.py took 0.167 seconds
[2022-08-19 01:21:51,475] {processor.py:153} INFO - Started process (PID=109) to work on /home/airflow/.local/lib/python3.7/site-packages/airflow/example_dags/example_branch_labels.py
[2022-08-19 01:21:51,477] {processor.py:641} INFO - Processing file /home/airflow/.local/lib/python3.7/site-packages/airflow/example_dags/example_branch_labels.py for tasks to queue
[2022-08-19 01:21:51,478] {logging_mixin.py:115} INFO - [2022-08-19 01:21:51,478] {dagbag.py:507} INFO - Filling up the DagBag from /home/airflow/.local/lib/python3.7/site-packages/airflow/example_dags/example_branch_labels.py
[2022-08-19 01:21:51,487] {processor.py:651} INFO - DAG(s) dict_keys(['example_branch_labels']) retrieved from /home/airflow/.local/lib/python3.7/site-packages/airflow/example_dags/example_branch_labels.py
[2022-08-19 01:21:51,536] {logging_mixin.py:115} INFO - [2022-08-19 01:21:51,536] {dag.py:2379} INFO - Sync 1 DAGs
[2022-08-19 01:21:51,618] {logging_mixin.py:115} INFO - [2022-08-19 01:21:51,618] {dag.py:2931} INFO - Setting next_dagrun for example_branch_labels to 2022-08-18T00:00:00+00:00, run_after=2022-08-19T00:00:00+00:00
[2022-08-19 01:21:51,652] {processor.py:161} INFO - Processing /home/airflow/.local/lib/python3.7/site-packages/airflow/example_dags/example_branch_labels.py took 0.184 seconds
[2022-08-19 01:22:22,549] {processor.py:153} INFO - Started process (PID=165) to work on /home/airflow/.local/lib/python3.7/site-packages/airflow/example_dags/example_branch_labels.py
[2022-08-19 01:22:22,550] {processor.py:641} INFO - Processing file /home/airflow/.local/lib/python3.7/site-packages/airflow/example_dags/example_branch_labels.py for tasks to queue
[2022-08-19 01:22:22,550] {logging_mixin.py:115} INFO - [2022-08-19 01:22:22,550] {dagbag.py:507} INFO - Filling up the DagBag from /home/airflow/.local/lib/python3.7/site-packages/airflow/example_dags/example_branch_labels.py
[2022-08-19 01:22:22,559] {processor.py:651} INFO - DAG(s) dict_keys(['example_branch_labels']) retrieved from /home/airflow/.local/lib/python3.7/site-packages/airflow/example_dags/example_branch_labels.py
[2022-08-19 01:22:22,589] {logging_mixin.py:115} INFO - [2022-08-19 01:22:22,589] {dag.py:2379} INFO - Sync 1 DAGs
[2022-08-19 01:22:22,615] {logging_mixin.py:115} INFO - [2022-08-19 01:22:22,615] {dag.py:2931} INFO - Setting next_dagrun for example_branch_labels to 2022-08-18T00:00:00+00:00, run_after=2022-08-19T00:00:00+00:00
[2022-08-19 01:22:22,631] {processor.py:161} INFO - Processing /home/airflow/.local/lib/python3.7/site-packages/airflow/example_dags/example_branch_labels.py took 0.085 seconds
[2022-08-19 01:22:52,754] {processor.py:153} INFO - Started process (PID=232) to work on /home/airflow/.local/lib/python3.7/site-packages/airflow/example_dags/example_branch_labels.py
[2022-08-19 01:22:52,754] {processor.py:641} INFO - Processing file /home/airflow/.local/lib/python3.7/site-packages/airflow/example_dags/example_branch_labels.py for tasks to queue
[2022-08-19 01:22:52,755] {logging_mixin.py:115} INFO - [2022-08-19 01:22:52,755] {dagbag.py:507} INFO - Filling up the DagBag from /home/airflow/.local/lib/python3.7/site-packages/airflow/example_dags/example_branch_labels.py
[2022-08-19 01:22:52,761] {processor.py:651} INFO - DAG(s) dict_keys(['example_branch_labels']) retrieved from /home/airflow/.local/lib/python3.7/site-packages/airflow/example_dags/example_branch_labels.py
[2022-08-19 01:22:52,795] {logging_mixin.py:115} INFO - [2022-08-19 01:22:52,795] {dag.py:2379} INFO - Sync 1 DAGs
[2022-08-19 01:22:52,830] {logging_mixin.py:115} INFO - [2022-08-19 01:22:52,830] {dag.py:2931} INFO - Setting next_dagrun for example_branch_labels to 2022-08-18T00:00:00+00:00, run_after=2022-08-19T00:00:00+00:00
[2022-08-19 01:22:52,844] {processor.py:161} INFO - Processing /home/airflow/.local/lib/python3.7/site-packages/airflow/example_dags/example_branch_labels.py took 0.095 seconds
[2022-08-19 01:23:23,360] {processor.py:153} INFO - Started process (PID=297) to work on /home/airflow/.local/lib/python3.7/site-packages/airflow/example_dags/example_branch_labels.py
[2022-08-19 01:23:23,361] {processor.py:641} INFO - Processing file /home/airflow/.local/lib/python3.7/site-packages/airflow/example_dags/example_branch_labels.py for tasks to queue
[2022-08-19 01:23:23,361] {logging_mixin.py:115} INFO - [2022-08-19 01:23:23,361] {dagbag.py:507} INFO - Filling up the DagBag from /home/airflow/.local/lib/python3.7/site-packages/airflow/example_dags/example_branch_labels.py
[2022-08-19 01:23:23,370] {processor.py:651} INFO - DAG(s) dict_keys(['example_branch_labels']) retrieved from /home/airflow/.local/lib/python3.7/site-packages/airflow/example_dags/example_branch_labels.py
[2022-08-19 01:23:23,408] {logging_mixin.py:115} INFO - [2022-08-19 01:23:23,408] {dag.py:2379} INFO - Sync 1 DAGs
[2022-08-19 01:23:23,485] {logging_mixin.py:115} INFO - [2022-08-19 01:23:23,485] {dag.py:2931} INFO - Setting next_dagrun for example_branch_labels to 2022-08-18T00:00:00+00:00, run_after=2022-08-19T00:00:00+00:00
[2022-08-19 01:23:23,534] {processor.py:161} INFO - Processing /home/airflow/.local/lib/python3.7/site-packages/airflow/example_dags/example_branch_labels.py took 0.178 seconds
[2022-08-19 01:23:53,721] {processor.py:153} INFO - Started process (PID=356) to work on /home/airflow/.local/lib/python3.7/site-packages/airflow/example_dags/example_branch_labels.py
[2022-08-19 01:23:53,722] {processor.py:641} INFO - Processing file /home/airflow/.local/lib/python3.7/site-packages/airflow/example_dags/example_branch_labels.py for tasks to queue
[2022-08-19 01:23:53,722] {logging_mixin.py:115} INFO - [2022-08-19 01:23:53,722] {dagbag.py:507} INFO - Filling up the DagBag from /home/airflow/.local/lib/python3.7/site-packages/airflow/example_dags/example_branch_labels.py
[2022-08-19 01:23:53,734] {processor.py:651} INFO - DAG(s) dict_keys(['example_branch_labels']) retrieved from /home/airflow/.local/lib/python3.7/site-packages/airflow/example_dags/example_branch_labels.py
[2022-08-19 01:23:53,759] {logging_mixin.py:115} INFO - [2022-08-19 01:23:53,759] {dag.py:2379} INFO - Sync 1 DAGs
[2022-08-19 01:23:53,784] {logging_mixin.py:115} INFO - [2022-08-19 01:23:53,784] {dag.py:2931} INFO - Setting next_dagrun for example_branch_labels to 2022-08-18T00:00:00+00:00, run_after=2022-08-19T00:00:00+00:00
[2022-08-19 01:23:53,797] {processor.py:161} INFO - Processing /home/airflow/.local/lib/python3.7/site-packages/airflow/example_dags/example_branch_labels.py took 0.084 seconds
[2022-08-19 01:24:24,118] {processor.py:153} INFO - Started process (PID=421) to work on /home/airflow/.local/lib/python3.7/site-packages/airflow/example_dags/example_branch_labels.py
[2022-08-19 01:24:24,118] {processor.py:641} INFO - Processing file /home/airflow/.local/lib/python3.7/site-packages/airflow/example_dags/example_branch_labels.py for tasks to queue
[2022-08-19 01:24:24,119] {logging_mixin.py:115} INFO - [2022-08-19 01:24:24,119] {dagbag.py:507} INFO - Filling up the DagBag from /home/airflow/.local/lib/python3.7/site-packages/airflow/example_dags/example_branch_labels.py
[2022-08-19 01:24:24,129] {processor.py:651} INFO - DAG(s) dict_keys(['example_branch_labels']) retrieved from /home/airflow/.local/lib/python3.7/site-packages/airflow/example_dags/example_branch_labels.py
[2022-08-19 01:24:24,182] {logging_mixin.py:115} INFO - [2022-08-19 01:24:24,181] {dag.py:2379} INFO - Sync 1 DAGs
[2022-08-19 01:24:24,219] {logging_mixin.py:115} INFO - [2022-08-19 01:24:24,219] {dag.py:2931} INFO - Setting next_dagrun for example_branch_labels to 2022-08-18T00:00:00+00:00, run_after=2022-08-19T00:00:00+00:00
[2022-08-19 01:24:24,237] {processor.py:161} INFO - Processing /home/airflow/.local/lib/python3.7/site-packages/airflow/example_dags/example_branch_labels.py took 0.123 seconds
[2022-08-19 01:24:54,876] {processor.py:153} INFO - Started process (PID=476) to work on /home/airflow/.local/lib/python3.7/site-packages/airflow/example_dags/example_branch_labels.py
[2022-08-19 01:24:54,877] {processor.py:641} INFO - Processing file /home/airflow/.local/lib/python3.7/site-packages/airflow/example_dags/example_branch_labels.py for tasks to queue
[2022-08-19 01:24:54,878] {logging_mixin.py:115} INFO - [2022-08-19 01:24:54,877] {dagbag.py:507} INFO - Filling up the DagBag from /home/airflow/.local/lib/python3.7/site-packages/airflow/example_dags/example_branch_labels.py
[2022-08-19 01:24:54,893] {processor.py:651} INFO - DAG(s) dict_keys(['example_branch_labels']) retrieved from /home/airflow/.local/lib/python3.7/site-packages/airflow/example_dags/example_branch_labels.py
[2022-08-19 01:24:54,949] {logging_mixin.py:115} INFO - [2022-08-19 01:24:54,949] {dag.py:2379} INFO - Sync 1 DAGs
[2022-08-19 01:24:54,979] {logging_mixin.py:115} INFO - [2022-08-19 01:24:54,979] {dag.py:2931} INFO - Setting next_dagrun for example_branch_labels to 2022-08-18T00:00:00+00:00, run_after=2022-08-19T00:00:00+00:00
[2022-08-19 01:24:54,996] {processor.py:161} INFO - Processing /home/airflow/.local/lib/python3.7/site-packages/airflow/example_dags/example_branch_labels.py took 0.132 seconds
[2022-08-19 01:25:25,063] {processor.py:153} INFO - Started process (PID=537) to work on /home/airflow/.local/lib/python3.7/site-packages/airflow/example_dags/example_branch_labels.py
[2022-08-19 01:25:25,064] {processor.py:641} INFO - Processing file /home/airflow/.local/lib/python3.7/site-packages/airflow/example_dags/example_branch_labels.py for tasks to queue
[2022-08-19 01:25:25,065] {logging_mixin.py:115} INFO - [2022-08-19 01:25:25,065] {dagbag.py:507} INFO - Filling up the DagBag from /home/airflow/.local/lib/python3.7/site-packages/airflow/example_dags/example_branch_labels.py
[2022-08-19 01:25:25,097] {processor.py:651} INFO - DAG(s) dict_keys(['example_branch_labels']) retrieved from /home/airflow/.local/lib/python3.7/site-packages/airflow/example_dags/example_branch_labels.py
[2022-08-19 01:25:25,191] {logging_mixin.py:115} INFO - [2022-08-19 01:25:25,191] {dag.py:2379} INFO - Sync 1 DAGs
[2022-08-19 01:25:25,245] {logging_mixin.py:115} INFO - [2022-08-19 01:25:25,245] {dag.py:2931} INFO - Setting next_dagrun for example_branch_labels to 2022-08-18T00:00:00+00:00, run_after=2022-08-19T00:00:00+00:00
[2022-08-19 01:25:25,282] {processor.py:161} INFO - Processing /home/airflow/.local/lib/python3.7/site-packages/airflow/example_dags/example_branch_labels.py took 0.227 seconds
[2022-08-19 01:25:55,747] {processor.py:153} INFO - Started process (PID=597) to work on /home/airflow/.local/lib/python3.7/site-packages/airflow/example_dags/example_branch_labels.py
[2022-08-19 01:25:55,749] {processor.py:641} INFO - Processing file /home/airflow/.local/lib/python3.7/site-packages/airflow/example_dags/example_branch_labels.py for tasks to queue
[2022-08-19 01:25:55,751] {logging_mixin.py:115} INFO - [2022-08-19 01:25:55,750] {dagbag.py:507} INFO - Filling up the DagBag from /home/airflow/.local/lib/python3.7/site-packages/airflow/example_dags/example_branch_labels.py
[2022-08-19 01:25:55,780] {processor.py:651} INFO - DAG(s) dict_keys(['example_branch_labels']) retrieved from /home/airflow/.local/lib/python3.7/site-packages/airflow/example_dags/example_branch_labels.py
[2022-08-19 01:25:55,858] {logging_mixin.py:115} INFO - [2022-08-19 01:25:55,858] {dag.py:2379} INFO - Sync 1 DAGs
[2022-08-19 01:25:55,896] {logging_mixin.py:115} INFO - [2022-08-19 01:25:55,896] {dag.py:2931} INFO - Setting next_dagrun for example_branch_labels to 2022-08-18T00:00:00+00:00, run_after=2022-08-19T00:00:00+00:00
[2022-08-19 01:25:55,924] {processor.py:161} INFO - Processing /home/airflow/.local/lib/python3.7/site-packages/airflow/example_dags/example_branch_labels.py took 0.191 seconds
[2022-08-19 01:26:26,568] {processor.py:153} INFO - Started process (PID=663) to work on /home/airflow/.local/lib/python3.7/site-packages/airflow/example_dags/example_branch_labels.py
[2022-08-19 01:26:26,569] {processor.py:641} INFO - Processing file /home/airflow/.local/lib/python3.7/site-packages/airflow/example_dags/example_branch_labels.py for tasks to queue
[2022-08-19 01:26:26,569] {logging_mixin.py:115} INFO - [2022-08-19 01:26:26,569] {dagbag.py:507} INFO - Filling up the DagBag from /home/airflow/.local/lib/python3.7/site-packages/airflow/example_dags/example_branch_labels.py
[2022-08-19 01:26:26,577] {processor.py:651} INFO - DAG(s) dict_keys(['example_branch_labels']) retrieved from /home/airflow/.local/lib/python3.7/site-packages/airflow/example_dags/example_branch_labels.py
[2022-08-19 01:26:26,615] {logging_mixin.py:115} INFO - [2022-08-19 01:26:26,614] {dag.py:2379} INFO - Sync 1 DAGs
[2022-08-19 01:26:26,653] {logging_mixin.py:115} INFO - [2022-08-19 01:26:26,652] {dag.py:2931} INFO - Setting next_dagrun for example_branch_labels to 2022-08-18T00:00:00+00:00, run_after=2022-08-19T00:00:00+00:00
[2022-08-19 01:26:26,669] {processor.py:161} INFO - Processing /home/airflow/.local/lib/python3.7/site-packages/airflow/example_dags/example_branch_labels.py took 0.104 seconds
[2022-08-19 01:26:57,145] {processor.py:153} INFO - Started process (PID=722) to work on /home/airflow/.local/lib/python3.7/site-packages/airflow/example_dags/example_branch_labels.py
[2022-08-19 01:26:57,146] {processor.py:641} INFO - Processing file /home/airflow/.local/lib/python3.7/site-packages/airflow/example_dags/example_branch_labels.py for tasks to queue
[2022-08-19 01:26:57,146] {logging_mixin.py:115} INFO - [2022-08-19 01:26:57,146] {dagbag.py:507} INFO - Filling up the DagBag from /home/airflow/.local/lib/python3.7/site-packages/airflow/example_dags/example_branch_labels.py
[2022-08-19 01:26:57,151] {processor.py:651} INFO - DAG(s) dict_keys(['example_branch_labels']) retrieved from /home/airflow/.local/lib/python3.7/site-packages/airflow/example_dags/example_branch_labels.py
[2022-08-19 01:26:57,181] {logging_mixin.py:115} INFO - [2022-08-19 01:26:57,181] {dag.py:2379} INFO - Sync 1 DAGs
[2022-08-19 01:26:57,210] {logging_mixin.py:115} INFO - [2022-08-19 01:26:57,210] {dag.py:2931} INFO - Setting next_dagrun for example_branch_labels to 2022-08-18T00:00:00+00:00, run_after=2022-08-19T00:00:00+00:00
[2022-08-19 01:26:57,220] {processor.py:161} INFO - Processing /home/airflow/.local/lib/python3.7/site-packages/airflow/example_dags/example_branch_labels.py took 0.079 seconds
[2022-08-19 01:27:27,432] {processor.py:153} INFO - Started process (PID=785) to work on /home/airflow/.local/lib/python3.7/site-packages/airflow/example_dags/example_branch_labels.py
[2022-08-19 01:27:27,432] {processor.py:641} INFO - Processing file /home/airflow/.local/lib/python3.7/site-packages/airflow/example_dags/example_branch_labels.py for tasks to queue
[2022-08-19 01:27:27,433] {logging_mixin.py:115} INFO - [2022-08-19 01:27:27,433] {dagbag.py:507} INFO - Filling up the DagBag from /home/airflow/.local/lib/python3.7/site-packages/airflow/example_dags/example_branch_labels.py
[2022-08-19 01:27:27,446] {processor.py:651} INFO - DAG(s) dict_keys(['example_branch_labels']) retrieved from /home/airflow/.local/lib/python3.7/site-packages/airflow/example_dags/example_branch_labels.py
[2022-08-19 01:27:27,489] {logging_mixin.py:115} INFO - [2022-08-19 01:27:27,489] {dag.py:2379} INFO - Sync 1 DAGs
[2022-08-19 01:27:27,531] {logging_mixin.py:115} INFO - [2022-08-19 01:27:27,531] {dag.py:2931} INFO - Setting next_dagrun for example_branch_labels to 2022-08-18T00:00:00+00:00, run_after=2022-08-19T00:00:00+00:00
[2022-08-19 01:27:27,545] {processor.py:161} INFO - Processing /home/airflow/.local/lib/python3.7/site-packages/airflow/example_dags/example_branch_labels.py took 0.119 seconds
[2022-08-19 01:27:58,007] {processor.py:153} INFO - Started process (PID=842) to work on /home/airflow/.local/lib/python3.7/site-packages/airflow/example_dags/example_branch_labels.py
[2022-08-19 01:27:58,008] {processor.py:641} INFO - Processing file /home/airflow/.local/lib/python3.7/site-packages/airflow/example_dags/example_branch_labels.py for tasks to queue
[2022-08-19 01:27:58,008] {logging_mixin.py:115} INFO - [2022-08-19 01:27:58,008] {dagbag.py:507} INFO - Filling up the DagBag from /home/airflow/.local/lib/python3.7/site-packages/airflow/example_dags/example_branch_labels.py
[2022-08-19 01:27:58,015] {processor.py:651} INFO - DAG(s) dict_keys(['example_branch_labels']) retrieved from /home/airflow/.local/lib/python3.7/site-packages/airflow/example_dags/example_branch_labels.py
[2022-08-19 01:27:58,053] {logging_mixin.py:115} INFO - [2022-08-19 01:27:58,053] {dag.py:2379} INFO - Sync 1 DAGs
[2022-08-19 01:27:58,100] {logging_mixin.py:115} INFO - [2022-08-19 01:27:58,100] {dag.py:2931} INFO - Setting next_dagrun for example_branch_labels to 2022-08-18T00:00:00+00:00, run_after=2022-08-19T00:00:00+00:00
[2022-08-19 01:27:58,119] {processor.py:161} INFO - Processing /home/airflow/.local/lib/python3.7/site-packages/airflow/example_dags/example_branch_labels.py took 0.118 seconds
[2022-08-19 01:28:29,211] {processor.py:153} INFO - Started process (PID=907) to work on /home/airflow/.local/lib/python3.7/site-packages/airflow/example_dags/example_branch_labels.py
[2022-08-19 01:28:29,211] {processor.py:641} INFO - Processing file /home/airflow/.local/lib/python3.7/site-packages/airflow/example_dags/example_branch_labels.py for tasks to queue
[2022-08-19 01:28:29,212] {logging_mixin.py:115} INFO - [2022-08-19 01:28:29,212] {dagbag.py:507} INFO - Filling up the DagBag from /home/airflow/.local/lib/python3.7/site-packages/airflow/example_dags/example_branch_labels.py
[2022-08-19 01:28:29,223] {processor.py:651} INFO - DAG(s) dict_keys(['example_branch_labels']) retrieved from /home/airflow/.local/lib/python3.7/site-packages/airflow/example_dags/example_branch_labels.py
[2022-08-19 01:28:29,279] {logging_mixin.py:115} INFO - [2022-08-19 01:28:29,279] {dag.py:2379} INFO - Sync 1 DAGs
[2022-08-19 01:28:29,322] {logging_mixin.py:115} INFO - [2022-08-19 01:28:29,322] {dag.py:2931} INFO - Setting next_dagrun for example_branch_labels to 2022-08-18T00:00:00+00:00, run_after=2022-08-19T00:00:00+00:00
[2022-08-19 01:28:29,343] {processor.py:161} INFO - Processing /home/airflow/.local/lib/python3.7/site-packages/airflow/example_dags/example_branch_labels.py took 0.137 seconds
[2022-08-19 01:31:05,445] {processor.py:153} INFO - Started process (PID=52) to work on /home/airflow/.local/lib/python3.7/site-packages/airflow/example_dags/example_branch_labels.py
[2022-08-19 01:31:05,450] {processor.py:641} INFO - Processing file /home/airflow/.local/lib/python3.7/site-packages/airflow/example_dags/example_branch_labels.py for tasks to queue
[2022-08-19 01:31:05,451] {logging_mixin.py:115} INFO - [2022-08-19 01:31:05,451] {dagbag.py:507} INFO - Filling up the DagBag from /home/airflow/.local/lib/python3.7/site-packages/airflow/example_dags/example_branch_labels.py
[2022-08-19 01:31:05,462] {processor.py:651} INFO - DAG(s) dict_keys(['example_branch_labels']) retrieved from /home/airflow/.local/lib/python3.7/site-packages/airflow/example_dags/example_branch_labels.py
[2022-08-19 01:31:05,543] {logging_mixin.py:115} INFO - [2022-08-19 01:31:05,543] {dag.py:2379} INFO - Sync 1 DAGs
[2022-08-19 01:31:05,646] {logging_mixin.py:115} INFO - [2022-08-19 01:31:05,646] {dag.py:2931} INFO - Setting next_dagrun for example_branch_labels to 2022-08-18T00:00:00+00:00, run_after=2022-08-19T00:00:00+00:00
[2022-08-19 01:31:05,694] {processor.py:161} INFO - Processing /home/airflow/.local/lib/python3.7/site-packages/airflow/example_dags/example_branch_labels.py took 0.254 seconds
[2022-08-19 01:31:35,775] {processor.py:153} INFO - Started process (PID=105) to work on /home/airflow/.local/lib/python3.7/site-packages/airflow/example_dags/example_branch_labels.py
[2022-08-19 01:31:35,778] {processor.py:641} INFO - Processing file /home/airflow/.local/lib/python3.7/site-packages/airflow/example_dags/example_branch_labels.py for tasks to queue
[2022-08-19 01:31:35,782] {logging_mixin.py:115} INFO - [2022-08-19 01:31:35,781] {dagbag.py:507} INFO - Filling up the DagBag from /home/airflow/.local/lib/python3.7/site-packages/airflow/example_dags/example_branch_labels.py
[2022-08-19 01:31:35,802] {processor.py:651} INFO - DAG(s) dict_keys(['example_branch_labels']) retrieved from /home/airflow/.local/lib/python3.7/site-packages/airflow/example_dags/example_branch_labels.py
[2022-08-19 01:31:35,864] {logging_mixin.py:115} INFO - [2022-08-19 01:31:35,864] {dag.py:2379} INFO - Sync 1 DAGs
[2022-08-19 01:31:35,901] {logging_mixin.py:115} INFO - [2022-08-19 01:31:35,901] {dag.py:2931} INFO - Setting next_dagrun for example_branch_labels to 2022-08-18T00:00:00+00:00, run_after=2022-08-19T00:00:00+00:00
[2022-08-19 01:31:35,919] {processor.py:161} INFO - Processing /home/airflow/.local/lib/python3.7/site-packages/airflow/example_dags/example_branch_labels.py took 0.154 seconds
[2022-08-19 01:32:06,569] {processor.py:153} INFO - Started process (PID=172) to work on /home/airflow/.local/lib/python3.7/site-packages/airflow/example_dags/example_branch_labels.py
[2022-08-19 01:32:06,570] {processor.py:641} INFO - Processing file /home/airflow/.local/lib/python3.7/site-packages/airflow/example_dags/example_branch_labels.py for tasks to queue
[2022-08-19 01:32:06,571] {logging_mixin.py:115} INFO - [2022-08-19 01:32:06,571] {dagbag.py:507} INFO - Filling up the DagBag from /home/airflow/.local/lib/python3.7/site-packages/airflow/example_dags/example_branch_labels.py
[2022-08-19 01:32:06,581] {processor.py:651} INFO - DAG(s) dict_keys(['example_branch_labels']) retrieved from /home/airflow/.local/lib/python3.7/site-packages/airflow/example_dags/example_branch_labels.py
[2022-08-19 01:32:06,619] {logging_mixin.py:115} INFO - [2022-08-19 01:32:06,619] {dag.py:2379} INFO - Sync 1 DAGs
[2022-08-19 01:32:06,660] {logging_mixin.py:115} INFO - [2022-08-19 01:32:06,660] {dag.py:2931} INFO - Setting next_dagrun for example_branch_labels to 2022-08-18T00:00:00+00:00, run_after=2022-08-19T00:00:00+00:00
[2022-08-19 01:32:06,676] {processor.py:161} INFO - Processing /home/airflow/.local/lib/python3.7/site-packages/airflow/example_dags/example_branch_labels.py took 0.111 seconds
[2022-08-19 01:32:36,994] {processor.py:153} INFO - Started process (PID=227) to work on /home/airflow/.local/lib/python3.7/site-packages/airflow/example_dags/example_branch_labels.py
[2022-08-19 01:32:36,994] {processor.py:641} INFO - Processing file /home/airflow/.local/lib/python3.7/site-packages/airflow/example_dags/example_branch_labels.py for tasks to queue
[2022-08-19 01:32:36,995] {logging_mixin.py:115} INFO - [2022-08-19 01:32:36,995] {dagbag.py:507} INFO - Filling up the DagBag from /home/airflow/.local/lib/python3.7/site-packages/airflow/example_dags/example_branch_labels.py
[2022-08-19 01:32:37,002] {processor.py:651} INFO - DAG(s) dict_keys(['example_branch_labels']) retrieved from /home/airflow/.local/lib/python3.7/site-packages/airflow/example_dags/example_branch_labels.py
[2022-08-19 01:32:37,036] {logging_mixin.py:115} INFO - [2022-08-19 01:32:37,036] {dag.py:2379} INFO - Sync 1 DAGs
[2022-08-19 01:32:37,069] {logging_mixin.py:115} INFO - [2022-08-19 01:32:37,069] {dag.py:2931} INFO - Setting next_dagrun for example_branch_labels to 2022-08-18T00:00:00+00:00, run_after=2022-08-19T00:00:00+00:00
[2022-08-19 01:32:37,084] {processor.py:161} INFO - Processing /home/airflow/.local/lib/python3.7/site-packages/airflow/example_dags/example_branch_labels.py took 0.094 seconds
[2022-08-19 13:48:29,609] {processor.py:153} INFO - Started process (PID=66) to work on /home/airflow/.local/lib/python3.7/site-packages/airflow/example_dags/example_branch_labels.py
[2022-08-19 13:48:29,634] {processor.py:641} INFO - Processing file /home/airflow/.local/lib/python3.7/site-packages/airflow/example_dags/example_branch_labels.py for tasks to queue
[2022-08-19 13:48:29,635] {logging_mixin.py:115} INFO - [2022-08-19 13:48:29,635] {dagbag.py:507} INFO - Filling up the DagBag from /home/airflow/.local/lib/python3.7/site-packages/airflow/example_dags/example_branch_labels.py
[2022-08-19 13:48:29,736] {processor.py:651} INFO - DAG(s) dict_keys(['example_branch_labels']) retrieved from /home/airflow/.local/lib/python3.7/site-packages/airflow/example_dags/example_branch_labels.py
[2022-08-19 13:48:30,098] {logging_mixin.py:115} INFO - [2022-08-19 13:48:30,091] {dag.py:2379} INFO - Sync 1 DAGs
[2022-08-19 13:48:30,440] {logging_mixin.py:115} INFO - [2022-08-19 13:48:30,440] {dag.py:2931} INFO - Setting next_dagrun for example_branch_labels to 2022-08-18T00:00:00+00:00, run_after=2022-08-19T00:00:00+00:00
[2022-08-19 13:48:30,565] {processor.py:161} INFO - Processing /home/airflow/.local/lib/python3.7/site-packages/airflow/example_dags/example_branch_labels.py took 0.980 seconds
[2022-08-19 13:49:01,526] {processor.py:153} INFO - Started process (PID=109) to work on /home/airflow/.local/lib/python3.7/site-packages/airflow/example_dags/example_branch_labels.py
[2022-08-19 13:49:01,527] {processor.py:641} INFO - Processing file /home/airflow/.local/lib/python3.7/site-packages/airflow/example_dags/example_branch_labels.py for tasks to queue
[2022-08-19 13:49:01,528] {logging_mixin.py:115} INFO - [2022-08-19 13:49:01,527] {dagbag.py:507} INFO - Filling up the DagBag from /home/airflow/.local/lib/python3.7/site-packages/airflow/example_dags/example_branch_labels.py
[2022-08-19 13:49:01,556] {processor.py:651} INFO - DAG(s) dict_keys(['example_branch_labels']) retrieved from /home/airflow/.local/lib/python3.7/site-packages/airflow/example_dags/example_branch_labels.py
[2022-08-19 13:49:01,685] {logging_mixin.py:115} INFO - [2022-08-19 13:49:01,685] {dag.py:2379} INFO - Sync 1 DAGs
[2022-08-19 13:49:01,800] {logging_mixin.py:115} INFO - [2022-08-19 13:49:01,800] {dag.py:2931} INFO - Setting next_dagrun for example_branch_labels to 2022-08-18T00:00:00+00:00, run_after=2022-08-19T00:00:00+00:00
[2022-08-19 13:49:01,856] {processor.py:161} INFO - Processing /home/airflow/.local/lib/python3.7/site-packages/airflow/example_dags/example_branch_labels.py took 0.335 seconds
[2022-08-19 13:49:31,924] {processor.py:153} INFO - Started process (PID=163) to work on /home/airflow/.local/lib/python3.7/site-packages/airflow/example_dags/example_branch_labels.py
[2022-08-19 13:49:31,926] {processor.py:641} INFO - Processing file /home/airflow/.local/lib/python3.7/site-packages/airflow/example_dags/example_branch_labels.py for tasks to queue
[2022-08-19 13:49:31,929] {logging_mixin.py:115} INFO - [2022-08-19 13:49:31,928] {dagbag.py:507} INFO - Filling up the DagBag from /home/airflow/.local/lib/python3.7/site-packages/airflow/example_dags/example_branch_labels.py
[2022-08-19 13:49:31,963] {processor.py:651} INFO - DAG(s) dict_keys(['example_branch_labels']) retrieved from /home/airflow/.local/lib/python3.7/site-packages/airflow/example_dags/example_branch_labels.py
[2022-08-19 13:49:32,016] {logging_mixin.py:115} INFO - [2022-08-19 13:49:32,016] {dag.py:2379} INFO - Sync 1 DAGs
[2022-08-19 13:49:32,047] {logging_mixin.py:115} INFO - [2022-08-19 13:49:32,047] {dag.py:2931} INFO - Setting next_dagrun for example_branch_labels to 2022-08-18T00:00:00+00:00, run_after=2022-08-19T00:00:00+00:00
[2022-08-19 13:49:32,063] {processor.py:161} INFO - Processing /home/airflow/.local/lib/python3.7/site-packages/airflow/example_dags/example_branch_labels.py took 0.154 seconds
