[2022-08-19 00:59:29,783] {processor.py:153} INFO - Started process (PID=77) to work on /home/airflow/.local/lib/python3.7/site-packages/airflow/example_dags/example_python_operator.py
[2022-08-19 00:59:29,786] {processor.py:641} INFO - Processing file /home/airflow/.local/lib/python3.7/site-packages/airflow/example_dags/example_python_operator.py for tasks to queue
[2022-08-19 00:59:29,787] {logging_mixin.py:115} INFO - [2022-08-19 00:59:29,787] {dagbag.py:507} INFO - Filling up the DagBag from /home/airflow/.local/lib/python3.7/site-packages/airflow/example_dags/example_python_operator.py
[2022-08-19 00:59:29,920] {processor.py:651} INFO - DAG(s) dict_keys(['example_python_operator']) retrieved from /home/airflow/.local/lib/python3.7/site-packages/airflow/example_dags/example_python_operator.py
[2022-08-19 00:59:30,100] {logging_mixin.py:115} INFO - [2022-08-19 00:59:30,100] {dag.py:2379} INFO - Sync 1 DAGs
[2022-08-19 00:59:30,757] {logging_mixin.py:115} INFO - [2022-08-19 00:59:30,757] {dag.py:2931} INFO - Setting next_dagrun for example_python_operator to None, run_after=None
[2022-08-19 00:59:30,846] {processor.py:161} INFO - Processing /home/airflow/.local/lib/python3.7/site-packages/airflow/example_dags/example_python_operator.py took 1.080 seconds
[2022-08-19 01:10:26,253] {processor.py:153} INFO - Started process (PID=78) to work on /home/airflow/.local/lib/python3.7/site-packages/airflow/example_dags/example_python_operator.py
[2022-08-19 01:10:26,253] {processor.py:641} INFO - Processing file /home/airflow/.local/lib/python3.7/site-packages/airflow/example_dags/example_python_operator.py for tasks to queue
[2022-08-19 01:10:26,255] {logging_mixin.py:115} INFO - [2022-08-19 01:10:26,254] {dagbag.py:507} INFO - Filling up the DagBag from /home/airflow/.local/lib/python3.7/site-packages/airflow/example_dags/example_python_operator.py
[2022-08-19 01:10:26,291] {processor.py:651} INFO - DAG(s) dict_keys(['example_python_operator']) retrieved from /home/airflow/.local/lib/python3.7/site-packages/airflow/example_dags/example_python_operator.py
[2022-08-19 01:10:26,586] {logging_mixin.py:115} INFO - [2022-08-19 01:10:26,585] {dag.py:2379} INFO - Sync 1 DAGs
[2022-08-19 01:10:26,646] {logging_mixin.py:115} INFO - [2022-08-19 01:10:26,646] {dag.py:2931} INFO - Setting next_dagrun for example_python_operator to None, run_after=None
[2022-08-19 01:10:26,670] {processor.py:161} INFO - Processing /home/airflow/.local/lib/python3.7/site-packages/airflow/example_dags/example_python_operator.py took 0.430 seconds
[2022-08-19 01:10:57,189] {processor.py:153} INFO - Started process (PID=131) to work on /home/airflow/.local/lib/python3.7/site-packages/airflow/example_dags/example_python_operator.py
[2022-08-19 01:10:57,190] {processor.py:641} INFO - Processing file /home/airflow/.local/lib/python3.7/site-packages/airflow/example_dags/example_python_operator.py for tasks to queue
[2022-08-19 01:10:57,190] {logging_mixin.py:115} INFO - [2022-08-19 01:10:57,190] {dagbag.py:507} INFO - Filling up the DagBag from /home/airflow/.local/lib/python3.7/site-packages/airflow/example_dags/example_python_operator.py
[2022-08-19 01:10:57,207] {processor.py:651} INFO - DAG(s) dict_keys(['example_python_operator']) retrieved from /home/airflow/.local/lib/python3.7/site-packages/airflow/example_dags/example_python_operator.py
[2022-08-19 01:10:57,351] {logging_mixin.py:115} INFO - [2022-08-19 01:10:57,351] {dag.py:2379} INFO - Sync 1 DAGs
[2022-08-19 01:10:57,387] {logging_mixin.py:115} INFO - [2022-08-19 01:10:57,387] {dag.py:2931} INFO - Setting next_dagrun for example_python_operator to None, run_after=None
[2022-08-19 01:10:57,408] {processor.py:161} INFO - Processing /home/airflow/.local/lib/python3.7/site-packages/airflow/example_dags/example_python_operator.py took 0.221 seconds
[2022-08-19 01:11:27,928] {processor.py:153} INFO - Started process (PID=193) to work on /home/airflow/.local/lib/python3.7/site-packages/airflow/example_dags/example_python_operator.py
[2022-08-19 01:11:27,928] {processor.py:641} INFO - Processing file /home/airflow/.local/lib/python3.7/site-packages/airflow/example_dags/example_python_operator.py for tasks to queue
[2022-08-19 01:11:27,929] {logging_mixin.py:115} INFO - [2022-08-19 01:11:27,929] {dagbag.py:507} INFO - Filling up the DagBag from /home/airflow/.local/lib/python3.7/site-packages/airflow/example_dags/example_python_operator.py
[2022-08-19 01:11:27,976] {processor.py:651} INFO - DAG(s) dict_keys(['example_python_operator']) retrieved from /home/airflow/.local/lib/python3.7/site-packages/airflow/example_dags/example_python_operator.py
[2022-08-19 01:11:28,215] {logging_mixin.py:115} INFO - [2022-08-19 01:11:28,215] {dag.py:2379} INFO - Sync 1 DAGs
[2022-08-19 01:11:28,246] {logging_mixin.py:115} INFO - [2022-08-19 01:11:28,246] {dag.py:2931} INFO - Setting next_dagrun for example_python_operator to None, run_after=None
[2022-08-19 01:11:28,261] {processor.py:161} INFO - Processing /home/airflow/.local/lib/python3.7/site-packages/airflow/example_dags/example_python_operator.py took 0.339 seconds
[2022-08-19 01:11:59,095] {processor.py:153} INFO - Started process (PID=248) to work on /home/airflow/.local/lib/python3.7/site-packages/airflow/example_dags/example_python_operator.py
[2022-08-19 01:11:59,095] {processor.py:641} INFO - Processing file /home/airflow/.local/lib/python3.7/site-packages/airflow/example_dags/example_python_operator.py for tasks to queue
[2022-08-19 01:11:59,097] {logging_mixin.py:115} INFO - [2022-08-19 01:11:59,097] {dagbag.py:507} INFO - Filling up the DagBag from /home/airflow/.local/lib/python3.7/site-packages/airflow/example_dags/example_python_operator.py
[2022-08-19 01:11:59,122] {processor.py:651} INFO - DAG(s) dict_keys(['example_python_operator']) retrieved from /home/airflow/.local/lib/python3.7/site-packages/airflow/example_dags/example_python_operator.py
[2022-08-19 01:11:59,291] {logging_mixin.py:115} INFO - [2022-08-19 01:11:59,290] {dag.py:2379} INFO - Sync 1 DAGs
[2022-08-19 01:11:59,323] {logging_mixin.py:115} INFO - [2022-08-19 01:11:59,323] {dag.py:2931} INFO - Setting next_dagrun for example_python_operator to None, run_after=None
[2022-08-19 01:11:59,342] {processor.py:161} INFO - Processing /home/airflow/.local/lib/python3.7/site-packages/airflow/example_dags/example_python_operator.py took 0.251 seconds
[2022-08-19 01:12:29,456] {processor.py:153} INFO - Started process (PID=314) to work on /home/airflow/.local/lib/python3.7/site-packages/airflow/example_dags/example_python_operator.py
[2022-08-19 01:12:29,457] {processor.py:641} INFO - Processing file /home/airflow/.local/lib/python3.7/site-packages/airflow/example_dags/example_python_operator.py for tasks to queue
[2022-08-19 01:12:29,459] {logging_mixin.py:115} INFO - [2022-08-19 01:12:29,458] {dagbag.py:507} INFO - Filling up the DagBag from /home/airflow/.local/lib/python3.7/site-packages/airflow/example_dags/example_python_operator.py
[2022-08-19 01:12:29,490] {processor.py:651} INFO - DAG(s) dict_keys(['example_python_operator']) retrieved from /home/airflow/.local/lib/python3.7/site-packages/airflow/example_dags/example_python_operator.py
[2022-08-19 01:12:29,720] {logging_mixin.py:115} INFO - [2022-08-19 01:12:29,720] {dag.py:2379} INFO - Sync 1 DAGs
[2022-08-19 01:12:29,751] {logging_mixin.py:115} INFO - [2022-08-19 01:12:29,751] {dag.py:2931} INFO - Setting next_dagrun for example_python_operator to None, run_after=None
[2022-08-19 01:12:29,766] {processor.py:161} INFO - Processing /home/airflow/.local/lib/python3.7/site-packages/airflow/example_dags/example_python_operator.py took 0.314 seconds
[2022-08-19 01:12:59,990] {processor.py:153} INFO - Started process (PID=370) to work on /home/airflow/.local/lib/python3.7/site-packages/airflow/example_dags/example_python_operator.py
[2022-08-19 01:12:59,990] {processor.py:641} INFO - Processing file /home/airflow/.local/lib/python3.7/site-packages/airflow/example_dags/example_python_operator.py for tasks to queue
[2022-08-19 01:12:59,991] {logging_mixin.py:115} INFO - [2022-08-19 01:12:59,991] {dagbag.py:507} INFO - Filling up the DagBag from /home/airflow/.local/lib/python3.7/site-packages/airflow/example_dags/example_python_operator.py
[2022-08-19 01:13:00,014] {processor.py:651} INFO - DAG(s) dict_keys(['example_python_operator']) retrieved from /home/airflow/.local/lib/python3.7/site-packages/airflow/example_dags/example_python_operator.py
[2022-08-19 01:13:00,182] {logging_mixin.py:115} INFO - [2022-08-19 01:13:00,182] {dag.py:2379} INFO - Sync 1 DAGs
[2022-08-19 01:13:00,212] {logging_mixin.py:115} INFO - [2022-08-19 01:13:00,212] {dag.py:2931} INFO - Setting next_dagrun for example_python_operator to None, run_after=None
[2022-08-19 01:13:00,225] {processor.py:161} INFO - Processing /home/airflow/.local/lib/python3.7/site-packages/airflow/example_dags/example_python_operator.py took 0.238 seconds
[2022-08-19 01:13:30,418] {processor.py:153} INFO - Started process (PID=434) to work on /home/airflow/.local/lib/python3.7/site-packages/airflow/example_dags/example_python_operator.py
[2022-08-19 01:13:30,419] {processor.py:641} INFO - Processing file /home/airflow/.local/lib/python3.7/site-packages/airflow/example_dags/example_python_operator.py for tasks to queue
[2022-08-19 01:13:30,421] {logging_mixin.py:115} INFO - [2022-08-19 01:13:30,420] {dagbag.py:507} INFO - Filling up the DagBag from /home/airflow/.local/lib/python3.7/site-packages/airflow/example_dags/example_python_operator.py
[2022-08-19 01:13:30,486] {processor.py:651} INFO - DAG(s) dict_keys(['example_python_operator']) retrieved from /home/airflow/.local/lib/python3.7/site-packages/airflow/example_dags/example_python_operator.py
[2022-08-19 01:13:30,674] {logging_mixin.py:115} INFO - [2022-08-19 01:13:30,673] {dag.py:2379} INFO - Sync 1 DAGs
[2022-08-19 01:13:30,705] {logging_mixin.py:115} INFO - [2022-08-19 01:13:30,705] {dag.py:2931} INFO - Setting next_dagrun for example_python_operator to None, run_after=None
[2022-08-19 01:13:30,716] {processor.py:161} INFO - Processing /home/airflow/.local/lib/python3.7/site-packages/airflow/example_dags/example_python_operator.py took 0.309 seconds
[2022-08-19 01:14:00,907] {processor.py:153} INFO - Started process (PID=489) to work on /home/airflow/.local/lib/python3.7/site-packages/airflow/example_dags/example_python_operator.py
[2022-08-19 01:14:00,907] {processor.py:641} INFO - Processing file /home/airflow/.local/lib/python3.7/site-packages/airflow/example_dags/example_python_operator.py for tasks to queue
[2022-08-19 01:14:00,908] {logging_mixin.py:115} INFO - [2022-08-19 01:14:00,908] {dagbag.py:507} INFO - Filling up the DagBag from /home/airflow/.local/lib/python3.7/site-packages/airflow/example_dags/example_python_operator.py
[2022-08-19 01:14:00,937] {processor.py:651} INFO - DAG(s) dict_keys(['example_python_operator']) retrieved from /home/airflow/.local/lib/python3.7/site-packages/airflow/example_dags/example_python_operator.py
[2022-08-19 01:14:01,140] {logging_mixin.py:115} INFO - [2022-08-19 01:14:01,140] {dag.py:2379} INFO - Sync 1 DAGs
[2022-08-19 01:14:01,169] {logging_mixin.py:115} INFO - [2022-08-19 01:14:01,169] {dag.py:2931} INFO - Setting next_dagrun for example_python_operator to None, run_after=None
[2022-08-19 01:14:01,184] {processor.py:161} INFO - Processing /home/airflow/.local/lib/python3.7/site-packages/airflow/example_dags/example_python_operator.py took 0.280 seconds
[2022-08-19 01:14:31,374] {processor.py:153} INFO - Started process (PID=553) to work on /home/airflow/.local/lib/python3.7/site-packages/airflow/example_dags/example_python_operator.py
[2022-08-19 01:14:31,375] {processor.py:641} INFO - Processing file /home/airflow/.local/lib/python3.7/site-packages/airflow/example_dags/example_python_operator.py for tasks to queue
[2022-08-19 01:14:31,376] {logging_mixin.py:115} INFO - [2022-08-19 01:14:31,376] {dagbag.py:507} INFO - Filling up the DagBag from /home/airflow/.local/lib/python3.7/site-packages/airflow/example_dags/example_python_operator.py
[2022-08-19 01:14:31,407] {processor.py:651} INFO - DAG(s) dict_keys(['example_python_operator']) retrieved from /home/airflow/.local/lib/python3.7/site-packages/airflow/example_dags/example_python_operator.py
[2022-08-19 01:14:31,560] {logging_mixin.py:115} INFO - [2022-08-19 01:14:31,560] {dag.py:2379} INFO - Sync 1 DAGs
[2022-08-19 01:14:31,587] {logging_mixin.py:115} INFO - [2022-08-19 01:14:31,587] {dag.py:2931} INFO - Setting next_dagrun for example_python_operator to None, run_after=None
[2022-08-19 01:14:31,604] {processor.py:161} INFO - Processing /home/airflow/.local/lib/python3.7/site-packages/airflow/example_dags/example_python_operator.py took 0.235 seconds
[2022-08-19 01:15:01,811] {processor.py:153} INFO - Started process (PID=608) to work on /home/airflow/.local/lib/python3.7/site-packages/airflow/example_dags/example_python_operator.py
[2022-08-19 01:15:01,812] {processor.py:641} INFO - Processing file /home/airflow/.local/lib/python3.7/site-packages/airflow/example_dags/example_python_operator.py for tasks to queue
[2022-08-19 01:15:01,812] {logging_mixin.py:115} INFO - [2022-08-19 01:15:01,812] {dagbag.py:507} INFO - Filling up the DagBag from /home/airflow/.local/lib/python3.7/site-packages/airflow/example_dags/example_python_operator.py
[2022-08-19 01:15:01,837] {processor.py:651} INFO - DAG(s) dict_keys(['example_python_operator']) retrieved from /home/airflow/.local/lib/python3.7/site-packages/airflow/example_dags/example_python_operator.py
[2022-08-19 01:15:02,003] {logging_mixin.py:115} INFO - [2022-08-19 01:15:02,002] {dag.py:2379} INFO - Sync 1 DAGs
[2022-08-19 01:15:02,031] {logging_mixin.py:115} INFO - [2022-08-19 01:15:02,031] {dag.py:2931} INFO - Setting next_dagrun for example_python_operator to None, run_after=None
[2022-08-19 01:15:02,044] {processor.py:161} INFO - Processing /home/airflow/.local/lib/python3.7/site-packages/airflow/example_dags/example_python_operator.py took 0.236 seconds
[2022-08-19 01:21:26,676] {processor.py:153} INFO - Started process (PID=69) to work on /home/airflow/.local/lib/python3.7/site-packages/airflow/example_dags/example_python_operator.py
[2022-08-19 01:21:26,678] {processor.py:641} INFO - Processing file /home/airflow/.local/lib/python3.7/site-packages/airflow/example_dags/example_python_operator.py for tasks to queue
[2022-08-19 01:21:26,680] {logging_mixin.py:115} INFO - [2022-08-19 01:21:26,680] {dagbag.py:507} INFO - Filling up the DagBag from /home/airflow/.local/lib/python3.7/site-packages/airflow/example_dags/example_python_operator.py
[2022-08-19 01:21:26,731] {processor.py:651} INFO - DAG(s) dict_keys(['example_python_operator']) retrieved from /home/airflow/.local/lib/python3.7/site-packages/airflow/example_dags/example_python_operator.py
[2022-08-19 01:21:26,782] {logging_mixin.py:115} INFO - [2022-08-19 01:21:26,782] {dag.py:2379} INFO - Sync 1 DAGs
[2022-08-19 01:21:27,127] {logging_mixin.py:115} INFO - [2022-08-19 01:21:27,127] {dag.py:2931} INFO - Setting next_dagrun for example_python_operator to None, run_after=None
[2022-08-19 01:21:27,167] {processor.py:161} INFO - Processing /home/airflow/.local/lib/python3.7/site-packages/airflow/example_dags/example_python_operator.py took 0.496 seconds
[2022-08-19 01:21:59,806] {processor.py:153} INFO - Started process (PID=137) to work on /home/airflow/.local/lib/python3.7/site-packages/airflow/example_dags/example_python_operator.py
[2022-08-19 01:21:59,806] {processor.py:641} INFO - Processing file /home/airflow/.local/lib/python3.7/site-packages/airflow/example_dags/example_python_operator.py for tasks to queue
[2022-08-19 01:21:59,807] {logging_mixin.py:115} INFO - [2022-08-19 01:21:59,807] {dagbag.py:507} INFO - Filling up the DagBag from /home/airflow/.local/lib/python3.7/site-packages/airflow/example_dags/example_python_operator.py
[2022-08-19 01:21:59,851] {processor.py:651} INFO - DAG(s) dict_keys(['example_python_operator']) retrieved from /home/airflow/.local/lib/python3.7/site-packages/airflow/example_dags/example_python_operator.py
[2022-08-19 01:21:59,903] {logging_mixin.py:115} INFO - [2022-08-19 01:21:59,903] {dag.py:2379} INFO - Sync 1 DAGs
[2022-08-19 01:22:00,144] {logging_mixin.py:115} INFO - [2022-08-19 01:22:00,144] {dag.py:2931} INFO - Setting next_dagrun for example_python_operator to None, run_after=None
[2022-08-19 01:22:00,169] {processor.py:161} INFO - Processing /home/airflow/.local/lib/python3.7/site-packages/airflow/example_dags/example_python_operator.py took 0.368 seconds
[2022-08-19 01:22:30,285] {processor.py:153} INFO - Started process (PID=193) to work on /home/airflow/.local/lib/python3.7/site-packages/airflow/example_dags/example_python_operator.py
[2022-08-19 01:22:30,287] {processor.py:641} INFO - Processing file /home/airflow/.local/lib/python3.7/site-packages/airflow/example_dags/example_python_operator.py for tasks to queue
[2022-08-19 01:22:30,288] {logging_mixin.py:115} INFO - [2022-08-19 01:22:30,288] {dagbag.py:507} INFO - Filling up the DagBag from /home/airflow/.local/lib/python3.7/site-packages/airflow/example_dags/example_python_operator.py
[2022-08-19 01:22:30,328] {processor.py:651} INFO - DAG(s) dict_keys(['example_python_operator']) retrieved from /home/airflow/.local/lib/python3.7/site-packages/airflow/example_dags/example_python_operator.py
[2022-08-19 01:22:30,361] {logging_mixin.py:115} INFO - [2022-08-19 01:22:30,361] {dag.py:2379} INFO - Sync 1 DAGs
[2022-08-19 01:22:30,521] {logging_mixin.py:115} INFO - [2022-08-19 01:22:30,520] {dag.py:2931} INFO - Setting next_dagrun for example_python_operator to None, run_after=None
[2022-08-19 01:22:30,536] {processor.py:161} INFO - Processing /home/airflow/.local/lib/python3.7/site-packages/airflow/example_dags/example_python_operator.py took 0.262 seconds
[2022-08-19 01:23:00,593] {processor.py:153} INFO - Started process (PID=258) to work on /home/airflow/.local/lib/python3.7/site-packages/airflow/example_dags/example_python_operator.py
[2022-08-19 01:23:00,593] {processor.py:641} INFO - Processing file /home/airflow/.local/lib/python3.7/site-packages/airflow/example_dags/example_python_operator.py for tasks to queue
[2022-08-19 01:23:00,594] {logging_mixin.py:115} INFO - [2022-08-19 01:23:00,594] {dagbag.py:507} INFO - Filling up the DagBag from /home/airflow/.local/lib/python3.7/site-packages/airflow/example_dags/example_python_operator.py
[2022-08-19 01:23:00,611] {processor.py:651} INFO - DAG(s) dict_keys(['example_python_operator']) retrieved from /home/airflow/.local/lib/python3.7/site-packages/airflow/example_dags/example_python_operator.py
[2022-08-19 01:23:00,640] {logging_mixin.py:115} INFO - [2022-08-19 01:23:00,640] {dag.py:2379} INFO - Sync 1 DAGs
[2022-08-19 01:23:00,803] {logging_mixin.py:115} INFO - [2022-08-19 01:23:00,803] {dag.py:2931} INFO - Setting next_dagrun for example_python_operator to None, run_after=None
[2022-08-19 01:23:00,822] {processor.py:161} INFO - Processing /home/airflow/.local/lib/python3.7/site-packages/airflow/example_dags/example_python_operator.py took 0.232 seconds
[2022-08-19 01:23:31,402] {processor.py:153} INFO - Started process (PID=314) to work on /home/airflow/.local/lib/python3.7/site-packages/airflow/example_dags/example_python_operator.py
[2022-08-19 01:23:31,403] {processor.py:641} INFO - Processing file /home/airflow/.local/lib/python3.7/site-packages/airflow/example_dags/example_python_operator.py for tasks to queue
[2022-08-19 01:23:31,406] {logging_mixin.py:115} INFO - [2022-08-19 01:23:31,405] {dagbag.py:507} INFO - Filling up the DagBag from /home/airflow/.local/lib/python3.7/site-packages/airflow/example_dags/example_python_operator.py
[2022-08-19 01:23:31,469] {processor.py:651} INFO - DAG(s) dict_keys(['example_python_operator']) retrieved from /home/airflow/.local/lib/python3.7/site-packages/airflow/example_dags/example_python_operator.py
[2022-08-19 01:23:31,506] {logging_mixin.py:115} INFO - [2022-08-19 01:23:31,505] {dag.py:2379} INFO - Sync 1 DAGs
[2022-08-19 01:23:31,650] {logging_mixin.py:115} INFO - [2022-08-19 01:23:31,650] {dag.py:2931} INFO - Setting next_dagrun for example_python_operator to None, run_after=None
[2022-08-19 01:23:31,664] {processor.py:161} INFO - Processing /home/airflow/.local/lib/python3.7/site-packages/airflow/example_dags/example_python_operator.py took 0.271 seconds
[2022-08-19 01:24:02,460] {processor.py:153} INFO - Started process (PID=384) to work on /home/airflow/.local/lib/python3.7/site-packages/airflow/example_dags/example_python_operator.py
[2022-08-19 01:24:02,462] {processor.py:641} INFO - Processing file /home/airflow/.local/lib/python3.7/site-packages/airflow/example_dags/example_python_operator.py for tasks to queue
[2022-08-19 01:24:02,470] {logging_mixin.py:115} INFO - [2022-08-19 01:24:02,470] {dagbag.py:507} INFO - Filling up the DagBag from /home/airflow/.local/lib/python3.7/site-packages/airflow/example_dags/example_python_operator.py
[2022-08-19 01:24:02,506] {processor.py:651} INFO - DAG(s) dict_keys(['example_python_operator']) retrieved from /home/airflow/.local/lib/python3.7/site-packages/airflow/example_dags/example_python_operator.py
[2022-08-19 01:24:02,539] {logging_mixin.py:115} INFO - [2022-08-19 01:24:02,539] {dag.py:2379} INFO - Sync 1 DAGs
[2022-08-19 01:24:02,681] {logging_mixin.py:115} INFO - [2022-08-19 01:24:02,681] {dag.py:2931} INFO - Setting next_dagrun for example_python_operator to None, run_after=None
[2022-08-19 01:24:02,693] {processor.py:161} INFO - Processing /home/airflow/.local/lib/python3.7/site-packages/airflow/example_dags/example_python_operator.py took 0.255 seconds
[2022-08-19 01:24:33,183] {processor.py:153} INFO - Started process (PID=438) to work on /home/airflow/.local/lib/python3.7/site-packages/airflow/example_dags/example_python_operator.py
[2022-08-19 01:24:33,184] {processor.py:641} INFO - Processing file /home/airflow/.local/lib/python3.7/site-packages/airflow/example_dags/example_python_operator.py for tasks to queue
[2022-08-19 01:24:33,185] {logging_mixin.py:115} INFO - [2022-08-19 01:24:33,184] {dagbag.py:507} INFO - Filling up the DagBag from /home/airflow/.local/lib/python3.7/site-packages/airflow/example_dags/example_python_operator.py
[2022-08-19 01:24:33,219] {processor.py:651} INFO - DAG(s) dict_keys(['example_python_operator']) retrieved from /home/airflow/.local/lib/python3.7/site-packages/airflow/example_dags/example_python_operator.py
[2022-08-19 01:24:33,284] {logging_mixin.py:115} INFO - [2022-08-19 01:24:33,283] {dag.py:2379} INFO - Sync 1 DAGs
[2022-08-19 01:24:33,486] {logging_mixin.py:115} INFO - [2022-08-19 01:24:33,486] {dag.py:2931} INFO - Setting next_dagrun for example_python_operator to None, run_after=None
[2022-08-19 01:24:33,506] {processor.py:161} INFO - Processing /home/airflow/.local/lib/python3.7/site-packages/airflow/example_dags/example_python_operator.py took 0.328 seconds
[2022-08-19 01:25:03,580] {processor.py:153} INFO - Started process (PID=501) to work on /home/airflow/.local/lib/python3.7/site-packages/airflow/example_dags/example_python_operator.py
[2022-08-19 01:25:03,585] {processor.py:641} INFO - Processing file /home/airflow/.local/lib/python3.7/site-packages/airflow/example_dags/example_python_operator.py for tasks to queue
[2022-08-19 01:25:03,588] {logging_mixin.py:115} INFO - [2022-08-19 01:25:03,588] {dagbag.py:507} INFO - Filling up the DagBag from /home/airflow/.local/lib/python3.7/site-packages/airflow/example_dags/example_python_operator.py
[2022-08-19 01:25:03,653] {processor.py:651} INFO - DAG(s) dict_keys(['example_python_operator']) retrieved from /home/airflow/.local/lib/python3.7/site-packages/airflow/example_dags/example_python_operator.py
[2022-08-19 01:25:03,714] {logging_mixin.py:115} INFO - [2022-08-19 01:25:03,714] {dag.py:2379} INFO - Sync 1 DAGs
[2022-08-19 01:25:03,919] {logging_mixin.py:115} INFO - [2022-08-19 01:25:03,918] {dag.py:2931} INFO - Setting next_dagrun for example_python_operator to None, run_after=None
[2022-08-19 01:25:03,936] {processor.py:161} INFO - Processing /home/airflow/.local/lib/python3.7/site-packages/airflow/example_dags/example_python_operator.py took 0.375 seconds
[2022-08-19 01:25:34,254] {processor.py:153} INFO - Started process (PID=555) to work on /home/airflow/.local/lib/python3.7/site-packages/airflow/example_dags/example_python_operator.py
[2022-08-19 01:25:34,265] {processor.py:641} INFO - Processing file /home/airflow/.local/lib/python3.7/site-packages/airflow/example_dags/example_python_operator.py for tasks to queue
[2022-08-19 01:25:34,266] {logging_mixin.py:115} INFO - [2022-08-19 01:25:34,266] {dagbag.py:507} INFO - Filling up the DagBag from /home/airflow/.local/lib/python3.7/site-packages/airflow/example_dags/example_python_operator.py
[2022-08-19 01:25:34,313] {processor.py:651} INFO - DAG(s) dict_keys(['example_python_operator']) retrieved from /home/airflow/.local/lib/python3.7/site-packages/airflow/example_dags/example_python_operator.py
[2022-08-19 01:25:34,370] {logging_mixin.py:115} INFO - [2022-08-19 01:25:34,370] {dag.py:2379} INFO - Sync 1 DAGs
[2022-08-19 01:25:34,649] {logging_mixin.py:115} INFO - [2022-08-19 01:25:34,649] {dag.py:2931} INFO - Setting next_dagrun for example_python_operator to None, run_after=None
[2022-08-19 01:25:34,677] {processor.py:161} INFO - Processing /home/airflow/.local/lib/python3.7/site-packages/airflow/example_dags/example_python_operator.py took 0.448 seconds
[2022-08-19 01:26:04,930] {processor.py:153} INFO - Started process (PID=627) to work on /home/airflow/.local/lib/python3.7/site-packages/airflow/example_dags/example_python_operator.py
[2022-08-19 01:26:04,931] {processor.py:641} INFO - Processing file /home/airflow/.local/lib/python3.7/site-packages/airflow/example_dags/example_python_operator.py for tasks to queue
[2022-08-19 01:26:04,933] {logging_mixin.py:115} INFO - [2022-08-19 01:26:04,932] {dagbag.py:507} INFO - Filling up the DagBag from /home/airflow/.local/lib/python3.7/site-packages/airflow/example_dags/example_python_operator.py
[2022-08-19 01:26:04,992] {processor.py:651} INFO - DAG(s) dict_keys(['example_python_operator']) retrieved from /home/airflow/.local/lib/python3.7/site-packages/airflow/example_dags/example_python_operator.py
[2022-08-19 01:26:05,053] {logging_mixin.py:115} INFO - [2022-08-19 01:26:05,053] {dag.py:2379} INFO - Sync 1 DAGs
[2022-08-19 01:26:05,233] {logging_mixin.py:115} INFO - [2022-08-19 01:26:05,232] {dag.py:2931} INFO - Setting next_dagrun for example_python_operator to None, run_after=None
[2022-08-19 01:26:05,264] {processor.py:161} INFO - Processing /home/airflow/.local/lib/python3.7/site-packages/airflow/example_dags/example_python_operator.py took 0.341 seconds
[2022-08-19 01:26:35,547] {processor.py:153} INFO - Started process (PID=683) to work on /home/airflow/.local/lib/python3.7/site-packages/airflow/example_dags/example_python_operator.py
[2022-08-19 01:26:35,549] {processor.py:641} INFO - Processing file /home/airflow/.local/lib/python3.7/site-packages/airflow/example_dags/example_python_operator.py for tasks to queue
[2022-08-19 01:26:35,552] {logging_mixin.py:115} INFO - [2022-08-19 01:26:35,552] {dagbag.py:507} INFO - Filling up the DagBag from /home/airflow/.local/lib/python3.7/site-packages/airflow/example_dags/example_python_operator.py
[2022-08-19 01:26:35,626] {processor.py:651} INFO - DAG(s) dict_keys(['example_python_operator']) retrieved from /home/airflow/.local/lib/python3.7/site-packages/airflow/example_dags/example_python_operator.py
[2022-08-19 01:26:35,678] {logging_mixin.py:115} INFO - [2022-08-19 01:26:35,678] {dag.py:2379} INFO - Sync 1 DAGs
[2022-08-19 01:26:35,888] {logging_mixin.py:115} INFO - [2022-08-19 01:26:35,888] {dag.py:2931} INFO - Setting next_dagrun for example_python_operator to None, run_after=None
[2022-08-19 01:26:35,908] {processor.py:161} INFO - Processing /home/airflow/.local/lib/python3.7/site-packages/airflow/example_dags/example_python_operator.py took 0.376 seconds
[2022-08-19 01:27:06,260] {processor.py:153} INFO - Started process (PID=749) to work on /home/airflow/.local/lib/python3.7/site-packages/airflow/example_dags/example_python_operator.py
[2022-08-19 01:27:06,270] {processor.py:641} INFO - Processing file /home/airflow/.local/lib/python3.7/site-packages/airflow/example_dags/example_python_operator.py for tasks to queue
[2022-08-19 01:27:06,270] {logging_mixin.py:115} INFO - [2022-08-19 01:27:06,270] {dagbag.py:507} INFO - Filling up the DagBag from /home/airflow/.local/lib/python3.7/site-packages/airflow/example_dags/example_python_operator.py
[2022-08-19 01:27:06,308] {processor.py:651} INFO - DAG(s) dict_keys(['example_python_operator']) retrieved from /home/airflow/.local/lib/python3.7/site-packages/airflow/example_dags/example_python_operator.py
[2022-08-19 01:27:06,354] {logging_mixin.py:115} INFO - [2022-08-19 01:27:06,353] {dag.py:2379} INFO - Sync 1 DAGs
[2022-08-19 01:27:06,571] {logging_mixin.py:115} INFO - [2022-08-19 01:27:06,571] {dag.py:2931} INFO - Setting next_dagrun for example_python_operator to None, run_after=None
[2022-08-19 01:27:06,591] {processor.py:161} INFO - Processing /home/airflow/.local/lib/python3.7/site-packages/airflow/example_dags/example_python_operator.py took 0.338 seconds
[2022-08-19 01:27:36,990] {processor.py:153} INFO - Started process (PID=804) to work on /home/airflow/.local/lib/python3.7/site-packages/airflow/example_dags/example_python_operator.py
[2022-08-19 01:27:36,991] {processor.py:641} INFO - Processing file /home/airflow/.local/lib/python3.7/site-packages/airflow/example_dags/example_python_operator.py for tasks to queue
[2022-08-19 01:27:36,991] {logging_mixin.py:115} INFO - [2022-08-19 01:27:36,991] {dagbag.py:507} INFO - Filling up the DagBag from /home/airflow/.local/lib/python3.7/site-packages/airflow/example_dags/example_python_operator.py
[2022-08-19 01:27:37,020] {processor.py:651} INFO - DAG(s) dict_keys(['example_python_operator']) retrieved from /home/airflow/.local/lib/python3.7/site-packages/airflow/example_dags/example_python_operator.py
[2022-08-19 01:27:37,055] {logging_mixin.py:115} INFO - [2022-08-19 01:27:37,055] {dag.py:2379} INFO - Sync 1 DAGs
[2022-08-19 01:27:37,202] {logging_mixin.py:115} INFO - [2022-08-19 01:27:37,202] {dag.py:2931} INFO - Setting next_dagrun for example_python_operator to None, run_after=None
[2022-08-19 01:27:37,233] {processor.py:161} INFO - Processing /home/airflow/.local/lib/python3.7/site-packages/airflow/example_dags/example_python_operator.py took 0.248 seconds
[2022-08-19 01:28:07,497] {processor.py:153} INFO - Started process (PID=869) to work on /home/airflow/.local/lib/python3.7/site-packages/airflow/example_dags/example_python_operator.py
[2022-08-19 01:28:07,499] {processor.py:641} INFO - Processing file /home/airflow/.local/lib/python3.7/site-packages/airflow/example_dags/example_python_operator.py for tasks to queue
[2022-08-19 01:28:07,501] {logging_mixin.py:115} INFO - [2022-08-19 01:28:07,500] {dagbag.py:507} INFO - Filling up the DagBag from /home/airflow/.local/lib/python3.7/site-packages/airflow/example_dags/example_python_operator.py
[2022-08-19 01:28:07,550] {processor.py:651} INFO - DAG(s) dict_keys(['example_python_operator']) retrieved from /home/airflow/.local/lib/python3.7/site-packages/airflow/example_dags/example_python_operator.py
[2022-08-19 01:28:07,579] {logging_mixin.py:115} INFO - [2022-08-19 01:28:07,579] {dag.py:2379} INFO - Sync 1 DAGs
[2022-08-19 01:28:07,711] {logging_mixin.py:115} INFO - [2022-08-19 01:28:07,711] {dag.py:2931} INFO - Setting next_dagrun for example_python_operator to None, run_after=None
[2022-08-19 01:28:07,723] {processor.py:161} INFO - Processing /home/airflow/.local/lib/python3.7/site-packages/airflow/example_dags/example_python_operator.py took 0.242 seconds
[2022-08-19 01:31:11,101] {processor.py:153} INFO - Started process (PID=69) to work on /home/airflow/.local/lib/python3.7/site-packages/airflow/example_dags/example_python_operator.py
[2022-08-19 01:31:11,106] {processor.py:641} INFO - Processing file /home/airflow/.local/lib/python3.7/site-packages/airflow/example_dags/example_python_operator.py for tasks to queue
[2022-08-19 01:31:11,107] {logging_mixin.py:115} INFO - [2022-08-19 01:31:11,107] {dagbag.py:507} INFO - Filling up the DagBag from /home/airflow/.local/lib/python3.7/site-packages/airflow/example_dags/example_python_operator.py
[2022-08-19 01:31:11,152] {processor.py:651} INFO - DAG(s) dict_keys(['example_python_operator']) retrieved from /home/airflow/.local/lib/python3.7/site-packages/airflow/example_dags/example_python_operator.py
[2022-08-19 01:31:11,216] {logging_mixin.py:115} INFO - [2022-08-19 01:31:11,216] {dag.py:2379} INFO - Sync 1 DAGs
[2022-08-19 01:31:11,607] {logging_mixin.py:115} INFO - [2022-08-19 01:31:11,607] {dag.py:2931} INFO - Setting next_dagrun for example_python_operator to None, run_after=None
[2022-08-19 01:31:11,638] {processor.py:161} INFO - Processing /home/airflow/.local/lib/python3.7/site-packages/airflow/example_dags/example_python_operator.py took 0.541 seconds
[2022-08-19 01:31:43,971] {processor.py:153} INFO - Started process (PID=133) to work on /home/airflow/.local/lib/python3.7/site-packages/airflow/example_dags/example_python_operator.py
[2022-08-19 01:31:43,975] {processor.py:641} INFO - Processing file /home/airflow/.local/lib/python3.7/site-packages/airflow/example_dags/example_python_operator.py for tasks to queue
[2022-08-19 01:31:43,976] {logging_mixin.py:115} INFO - [2022-08-19 01:31:43,976] {dagbag.py:507} INFO - Filling up the DagBag from /home/airflow/.local/lib/python3.7/site-packages/airflow/example_dags/example_python_operator.py
[2022-08-19 01:31:44,037] {processor.py:651} INFO - DAG(s) dict_keys(['example_python_operator']) retrieved from /home/airflow/.local/lib/python3.7/site-packages/airflow/example_dags/example_python_operator.py
[2022-08-19 01:31:44,100] {logging_mixin.py:115} INFO - [2022-08-19 01:31:44,100] {dag.py:2379} INFO - Sync 1 DAGs
[2022-08-19 01:31:44,345] {logging_mixin.py:115} INFO - [2022-08-19 01:31:44,345] {dag.py:2931} INFO - Setting next_dagrun for example_python_operator to None, run_after=None
[2022-08-19 01:31:44,373] {processor.py:161} INFO - Processing /home/airflow/.local/lib/python3.7/site-packages/airflow/example_dags/example_python_operator.py took 0.420 seconds
[2022-08-19 01:32:14,480] {processor.py:153} INFO - Started process (PID=189) to work on /home/airflow/.local/lib/python3.7/site-packages/airflow/example_dags/example_python_operator.py
[2022-08-19 01:32:14,480] {processor.py:641} INFO - Processing file /home/airflow/.local/lib/python3.7/site-packages/airflow/example_dags/example_python_operator.py for tasks to queue
[2022-08-19 01:32:14,481] {logging_mixin.py:115} INFO - [2022-08-19 01:32:14,481] {dagbag.py:507} INFO - Filling up the DagBag from /home/airflow/.local/lib/python3.7/site-packages/airflow/example_dags/example_python_operator.py
[2022-08-19 01:32:14,506] {processor.py:651} INFO - DAG(s) dict_keys(['example_python_operator']) retrieved from /home/airflow/.local/lib/python3.7/site-packages/airflow/example_dags/example_python_operator.py
[2022-08-19 01:32:14,536] {logging_mixin.py:115} INFO - [2022-08-19 01:32:14,536] {dag.py:2379} INFO - Sync 1 DAGs
[2022-08-19 01:32:14,734] {logging_mixin.py:115} INFO - [2022-08-19 01:32:14,733] {dag.py:2931} INFO - Setting next_dagrun for example_python_operator to None, run_after=None
[2022-08-19 01:32:14,755] {processor.py:161} INFO - Processing /home/airflow/.local/lib/python3.7/site-packages/airflow/example_dags/example_python_operator.py took 0.280 seconds
[2022-08-19 13:48:50,560] {processor.py:153} INFO - Started process (PID=92) to work on /home/airflow/.local/lib/python3.7/site-packages/airflow/example_dags/example_python_operator.py
[2022-08-19 13:48:50,580] {processor.py:641} INFO - Processing file /home/airflow/.local/lib/python3.7/site-packages/airflow/example_dags/example_python_operator.py for tasks to queue
[2022-08-19 13:48:50,595] {logging_mixin.py:115} INFO - [2022-08-19 13:48:50,594] {dagbag.py:507} INFO - Filling up the DagBag from /home/airflow/.local/lib/python3.7/site-packages/airflow/example_dags/example_python_operator.py
[2022-08-19 13:48:50,786] {processor.py:651} INFO - DAG(s) dict_keys(['example_python_operator']) retrieved from /home/airflow/.local/lib/python3.7/site-packages/airflow/example_dags/example_python_operator.py
[2022-08-19 13:48:50,836] {logging_mixin.py:115} INFO - [2022-08-19 13:48:50,836] {dag.py:2379} INFO - Sync 1 DAGs
[2022-08-19 13:48:51,136] {logging_mixin.py:115} INFO - [2022-08-19 13:48:51,135] {dag.py:2931} INFO - Setting next_dagrun for example_python_operator to None, run_after=None
[2022-08-19 13:48:51,194] {processor.py:161} INFO - Processing /home/airflow/.local/lib/python3.7/site-packages/airflow/example_dags/example_python_operator.py took 0.713 seconds
[2022-08-19 13:49:21,814] {processor.py:153} INFO - Started process (PID=144) to work on /home/airflow/.local/lib/python3.7/site-packages/airflow/example_dags/example_python_operator.py
[2022-08-19 13:49:21,815] {processor.py:641} INFO - Processing file /home/airflow/.local/lib/python3.7/site-packages/airflow/example_dags/example_python_operator.py for tasks to queue
[2022-08-19 13:49:21,816] {logging_mixin.py:115} INFO - [2022-08-19 13:49:21,816] {dagbag.py:507} INFO - Filling up the DagBag from /home/airflow/.local/lib/python3.7/site-packages/airflow/example_dags/example_python_operator.py
[2022-08-19 13:49:21,870] {processor.py:651} INFO - DAG(s) dict_keys(['example_python_operator']) retrieved from /home/airflow/.local/lib/python3.7/site-packages/airflow/example_dags/example_python_operator.py
[2022-08-19 13:49:22,022] {logging_mixin.py:115} INFO - [2022-08-19 13:49:22,021] {dag.py:2379} INFO - Sync 1 DAGs
[2022-08-19 13:49:22,419] {logging_mixin.py:115} INFO - [2022-08-19 13:49:22,419] {dag.py:2931} INFO - Setting next_dagrun for example_python_operator to None, run_after=None
[2022-08-19 13:49:22,451] {processor.py:161} INFO - Processing /home/airflow/.local/lib/python3.7/site-packages/airflow/example_dags/example_python_operator.py took 0.642 seconds
[2022-08-19 13:49:52,596] {processor.py:153} INFO - Started process (PID=198) to work on /home/airflow/.local/lib/python3.7/site-packages/airflow/example_dags/example_python_operator.py
[2022-08-19 13:49:52,597] {processor.py:641} INFO - Processing file /home/airflow/.local/lib/python3.7/site-packages/airflow/example_dags/example_python_operator.py for tasks to queue
[2022-08-19 13:49:52,598] {logging_mixin.py:115} INFO - [2022-08-19 13:49:52,598] {dagbag.py:507} INFO - Filling up the DagBag from /home/airflow/.local/lib/python3.7/site-packages/airflow/example_dags/example_python_operator.py
[2022-08-19 13:49:52,627] {processor.py:651} INFO - DAG(s) dict_keys(['example_python_operator']) retrieved from /home/airflow/.local/lib/python3.7/site-packages/airflow/example_dags/example_python_operator.py
[2022-08-19 13:49:52,655] {logging_mixin.py:115} INFO - [2022-08-19 13:49:52,655] {dag.py:2379} INFO - Sync 1 DAGs
[2022-08-19 13:49:52,826] {logging_mixin.py:115} INFO - [2022-08-19 13:49:52,825] {dag.py:2931} INFO - Setting next_dagrun for example_python_operator to None, run_after=None
[2022-08-19 13:49:52,842] {processor.py:161} INFO - Processing /home/airflow/.local/lib/python3.7/site-packages/airflow/example_dags/example_python_operator.py took 0.255 seconds
