[2022-08-19 15:37:55,300] {processor.py:153} INFO - Started process (PID=73) to work on /home/airflow/.local/lib/python3.7/site-packages/airflow/example_dags/example_skip_dag.py
[2022-08-19 15:37:55,301] {processor.py:641} INFO - Processing file /home/airflow/.local/lib/python3.7/site-packages/airflow/example_dags/example_skip_dag.py for tasks to queue
[2022-08-19 15:37:55,302] {logging_mixin.py:115} INFO - [2022-08-19 15:37:55,302] {dagbag.py:507} INFO - Filling up the DagBag from /home/airflow/.local/lib/python3.7/site-packages/airflow/example_dags/example_skip_dag.py
[2022-08-19 15:37:55,318] {processor.py:651} INFO - DAG(s) dict_keys(['example_skip_dag']) retrieved from /home/airflow/.local/lib/python3.7/site-packages/airflow/example_dags/example_skip_dag.py
[2022-08-19 15:37:55,395] {logging_mixin.py:115} INFO - [2022-08-19 15:37:55,395] {dag.py:2379} INFO - Sync 1 DAGs
[2022-08-19 15:37:55,826] {logging_mixin.py:115} INFO - [2022-08-19 15:37:55,826] {dag.py:2931} INFO - Setting next_dagrun for example_skip_dag to 2022-08-18T15:37:55.825800+00:00, run_after=2022-08-19T15:37:55.825800+00:00
[2022-08-19 15:37:55,929] {processor.py:161} INFO - Processing /home/airflow/.local/lib/python3.7/site-packages/airflow/example_dags/example_skip_dag.py took 0.637 seconds
[2022-08-19 15:38:26,314] {processor.py:153} INFO - Started process (PID=125) to work on /home/airflow/.local/lib/python3.7/site-packages/airflow/example_dags/example_skip_dag.py
[2022-08-19 15:38:26,316] {processor.py:641} INFO - Processing file /home/airflow/.local/lib/python3.7/site-packages/airflow/example_dags/example_skip_dag.py for tasks to queue
[2022-08-19 15:38:26,317] {logging_mixin.py:115} INFO - [2022-08-19 15:38:26,317] {dagbag.py:507} INFO - Filling up the DagBag from /home/airflow/.local/lib/python3.7/site-packages/airflow/example_dags/example_skip_dag.py
[2022-08-19 15:38:26,322] {processor.py:651} INFO - DAG(s) dict_keys(['example_skip_dag']) retrieved from /home/airflow/.local/lib/python3.7/site-packages/airflow/example_dags/example_skip_dag.py
[2022-08-19 15:38:26,354] {logging_mixin.py:115} INFO - [2022-08-19 15:38:26,353] {dag.py:2379} INFO - Sync 1 DAGs
[2022-08-19 15:38:26,503] {logging_mixin.py:115} INFO - [2022-08-19 15:38:26,503] {dag.py:2931} INFO - Setting next_dagrun for example_skip_dag to 2022-08-18T15:38:26.503043+00:00, run_after=2022-08-19T15:38:26.503043+00:00
[2022-08-19 15:38:26,516] {processor.py:161} INFO - Processing /home/airflow/.local/lib/python3.7/site-packages/airflow/example_dags/example_skip_dag.py took 0.204 seconds
[2022-08-19 15:38:57,450] {processor.py:153} INFO - Started process (PID=193) to work on /home/airflow/.local/lib/python3.7/site-packages/airflow/example_dags/example_skip_dag.py
[2022-08-19 15:38:57,451] {processor.py:641} INFO - Processing file /home/airflow/.local/lib/python3.7/site-packages/airflow/example_dags/example_skip_dag.py for tasks to queue
[2022-08-19 15:38:57,452] {logging_mixin.py:115} INFO - [2022-08-19 15:38:57,452] {dagbag.py:507} INFO - Filling up the DagBag from /home/airflow/.local/lib/python3.7/site-packages/airflow/example_dags/example_skip_dag.py
[2022-08-19 15:38:57,459] {processor.py:651} INFO - DAG(s) dict_keys(['example_skip_dag']) retrieved from /home/airflow/.local/lib/python3.7/site-packages/airflow/example_dags/example_skip_dag.py
[2022-08-19 15:38:57,503] {logging_mixin.py:115} INFO - [2022-08-19 15:38:57,503] {dag.py:2379} INFO - Sync 1 DAGs
[2022-08-19 15:38:57,672] {logging_mixin.py:115} INFO - [2022-08-19 15:38:57,672] {dag.py:2931} INFO - Setting next_dagrun for example_skip_dag to 2022-08-18T15:38:57.672396+00:00, run_after=2022-08-19T15:38:57.672396+00:00
[2022-08-19 15:38:57,690] {processor.py:161} INFO - Processing /home/airflow/.local/lib/python3.7/site-packages/airflow/example_dags/example_skip_dag.py took 0.244 seconds
[2022-08-19 15:39:28,409] {processor.py:153} INFO - Started process (PID=247) to work on /home/airflow/.local/lib/python3.7/site-packages/airflow/example_dags/example_skip_dag.py
[2022-08-19 15:39:28,410] {processor.py:641} INFO - Processing file /home/airflow/.local/lib/python3.7/site-packages/airflow/example_dags/example_skip_dag.py for tasks to queue
[2022-08-19 15:39:28,410] {logging_mixin.py:115} INFO - [2022-08-19 15:39:28,410] {dagbag.py:507} INFO - Filling up the DagBag from /home/airflow/.local/lib/python3.7/site-packages/airflow/example_dags/example_skip_dag.py
[2022-08-19 15:39:28,416] {processor.py:651} INFO - DAG(s) dict_keys(['example_skip_dag']) retrieved from /home/airflow/.local/lib/python3.7/site-packages/airflow/example_dags/example_skip_dag.py
[2022-08-19 15:39:28,446] {logging_mixin.py:115} INFO - [2022-08-19 15:39:28,446] {dag.py:2379} INFO - Sync 1 DAGs
[2022-08-19 15:39:28,606] {logging_mixin.py:115} INFO - [2022-08-19 15:39:28,605] {dag.py:2931} INFO - Setting next_dagrun for example_skip_dag to 2022-08-18T15:39:28.605769+00:00, run_after=2022-08-19T15:39:28.605769+00:00
[2022-08-19 15:39:28,622] {processor.py:161} INFO - Processing /home/airflow/.local/lib/python3.7/site-packages/airflow/example_dags/example_skip_dag.py took 0.216 seconds
[2022-08-19 15:39:59,121] {processor.py:153} INFO - Started process (PID=308) to work on /home/airflow/.local/lib/python3.7/site-packages/airflow/example_dags/example_skip_dag.py
[2022-08-19 15:39:59,122] {processor.py:641} INFO - Processing file /home/airflow/.local/lib/python3.7/site-packages/airflow/example_dags/example_skip_dag.py for tasks to queue
[2022-08-19 15:39:59,125] {logging_mixin.py:115} INFO - [2022-08-19 15:39:59,124] {dagbag.py:507} INFO - Filling up the DagBag from /home/airflow/.local/lib/python3.7/site-packages/airflow/example_dags/example_skip_dag.py
[2022-08-19 15:39:59,134] {processor.py:651} INFO - DAG(s) dict_keys(['example_skip_dag']) retrieved from /home/airflow/.local/lib/python3.7/site-packages/airflow/example_dags/example_skip_dag.py
[2022-08-19 15:39:59,175] {logging_mixin.py:115} INFO - [2022-08-19 15:39:59,175] {dag.py:2379} INFO - Sync 1 DAGs
[2022-08-19 15:39:59,302] {logging_mixin.py:115} INFO - [2022-08-19 15:39:59,302] {dag.py:2931} INFO - Setting next_dagrun for example_skip_dag to 2022-08-18T15:39:59.302297+00:00, run_after=2022-08-19T15:39:59.302297+00:00
[2022-08-19 15:39:59,314] {processor.py:161} INFO - Processing /home/airflow/.local/lib/python3.7/site-packages/airflow/example_dags/example_skip_dag.py took 0.198 seconds
[2022-08-19 15:40:29,660] {processor.py:153} INFO - Started process (PID=364) to work on /home/airflow/.local/lib/python3.7/site-packages/airflow/example_dags/example_skip_dag.py
[2022-08-19 15:40:29,682] {processor.py:641} INFO - Processing file /home/airflow/.local/lib/python3.7/site-packages/airflow/example_dags/example_skip_dag.py for tasks to queue
[2022-08-19 15:40:29,682] {logging_mixin.py:115} INFO - [2022-08-19 15:40:29,682] {dagbag.py:507} INFO - Filling up the DagBag from /home/airflow/.local/lib/python3.7/site-packages/airflow/example_dags/example_skip_dag.py
[2022-08-19 15:40:29,688] {processor.py:651} INFO - DAG(s) dict_keys(['example_skip_dag']) retrieved from /home/airflow/.local/lib/python3.7/site-packages/airflow/example_dags/example_skip_dag.py
[2022-08-19 15:40:29,734] {logging_mixin.py:115} INFO - [2022-08-19 15:40:29,734] {dag.py:2379} INFO - Sync 1 DAGs
[2022-08-19 15:40:29,931] {logging_mixin.py:115} INFO - [2022-08-19 15:40:29,930] {dag.py:2931} INFO - Setting next_dagrun for example_skip_dag to 2022-08-18T15:40:29.930781+00:00, run_after=2022-08-19T15:40:29.930781+00:00
[2022-08-19 15:40:30,001] {processor.py:161} INFO - Processing /home/airflow/.local/lib/python3.7/site-packages/airflow/example_dags/example_skip_dag.py took 0.344 seconds
[2022-08-19 15:41:00,983] {processor.py:153} INFO - Started process (PID=427) to work on /home/airflow/.local/lib/python3.7/site-packages/airflow/example_dags/example_skip_dag.py
[2022-08-19 15:41:00,984] {processor.py:641} INFO - Processing file /home/airflow/.local/lib/python3.7/site-packages/airflow/example_dags/example_skip_dag.py for tasks to queue
[2022-08-19 15:41:00,985] {logging_mixin.py:115} INFO - [2022-08-19 15:41:00,985] {dagbag.py:507} INFO - Filling up the DagBag from /home/airflow/.local/lib/python3.7/site-packages/airflow/example_dags/example_skip_dag.py
[2022-08-19 15:41:00,992] {processor.py:651} INFO - DAG(s) dict_keys(['example_skip_dag']) retrieved from /home/airflow/.local/lib/python3.7/site-packages/airflow/example_dags/example_skip_dag.py
[2022-08-19 15:41:01,032] {logging_mixin.py:115} INFO - [2022-08-19 15:41:01,032] {dag.py:2379} INFO - Sync 1 DAGs
[2022-08-19 15:41:01,217] {logging_mixin.py:115} INFO - [2022-08-19 15:41:01,217] {dag.py:2931} INFO - Setting next_dagrun for example_skip_dag to 2022-08-18T15:41:01.217190+00:00, run_after=2022-08-19T15:41:01.217190+00:00
[2022-08-19 15:41:01,231] {processor.py:161} INFO - Processing /home/airflow/.local/lib/python3.7/site-packages/airflow/example_dags/example_skip_dag.py took 0.251 seconds
[2022-08-19 15:41:31,793] {processor.py:153} INFO - Started process (PID=491) to work on /home/airflow/.local/lib/python3.7/site-packages/airflow/example_dags/example_skip_dag.py
[2022-08-19 15:41:31,795] {processor.py:641} INFO - Processing file /home/airflow/.local/lib/python3.7/site-packages/airflow/example_dags/example_skip_dag.py for tasks to queue
[2022-08-19 15:41:31,797] {logging_mixin.py:115} INFO - [2022-08-19 15:41:31,796] {dagbag.py:507} INFO - Filling up the DagBag from /home/airflow/.local/lib/python3.7/site-packages/airflow/example_dags/example_skip_dag.py
[2022-08-19 15:41:31,818] {processor.py:651} INFO - DAG(s) dict_keys(['example_skip_dag']) retrieved from /home/airflow/.local/lib/python3.7/site-packages/airflow/example_dags/example_skip_dag.py
[2022-08-19 15:41:31,937] {logging_mixin.py:115} INFO - [2022-08-19 15:41:31,937] {dag.py:2379} INFO - Sync 1 DAGs
[2022-08-19 15:41:32,081] {logging_mixin.py:115} INFO - [2022-08-19 15:41:32,081] {dag.py:2931} INFO - Setting next_dagrun for example_skip_dag to 2022-08-18T15:41:32.081522+00:00, run_after=2022-08-19T15:41:32.081522+00:00
[2022-08-19 15:41:32,093] {processor.py:161} INFO - Processing /home/airflow/.local/lib/python3.7/site-packages/airflow/example_dags/example_skip_dag.py took 0.313 seconds
[2022-08-19 15:42:02,343] {processor.py:153} INFO - Started process (PID=547) to work on /home/airflow/.local/lib/python3.7/site-packages/airflow/example_dags/example_skip_dag.py
[2022-08-19 15:42:02,344] {processor.py:641} INFO - Processing file /home/airflow/.local/lib/python3.7/site-packages/airflow/example_dags/example_skip_dag.py for tasks to queue
[2022-08-19 15:42:02,345] {logging_mixin.py:115} INFO - [2022-08-19 15:42:02,345] {dagbag.py:507} INFO - Filling up the DagBag from /home/airflow/.local/lib/python3.7/site-packages/airflow/example_dags/example_skip_dag.py
[2022-08-19 15:42:02,351] {processor.py:651} INFO - DAG(s) dict_keys(['example_skip_dag']) retrieved from /home/airflow/.local/lib/python3.7/site-packages/airflow/example_dags/example_skip_dag.py
[2022-08-19 15:42:02,386] {logging_mixin.py:115} INFO - [2022-08-19 15:42:02,386] {dag.py:2379} INFO - Sync 1 DAGs
[2022-08-19 15:42:02,517] {logging_mixin.py:115} INFO - [2022-08-19 15:42:02,517] {dag.py:2931} INFO - Setting next_dagrun for example_skip_dag to 2022-08-18T15:42:02.517679+00:00, run_after=2022-08-19T15:42:02.517679+00:00
[2022-08-19 15:42:02,532] {processor.py:161} INFO - Processing /home/airflow/.local/lib/python3.7/site-packages/airflow/example_dags/example_skip_dag.py took 0.192 seconds
[2022-08-19 15:42:33,183] {processor.py:153} INFO - Started process (PID=609) to work on /home/airflow/.local/lib/python3.7/site-packages/airflow/example_dags/example_skip_dag.py
[2022-08-19 15:42:33,184] {processor.py:641} INFO - Processing file /home/airflow/.local/lib/python3.7/site-packages/airflow/example_dags/example_skip_dag.py for tasks to queue
[2022-08-19 15:42:33,185] {logging_mixin.py:115} INFO - [2022-08-19 15:42:33,185] {dagbag.py:507} INFO - Filling up the DagBag from /home/airflow/.local/lib/python3.7/site-packages/airflow/example_dags/example_skip_dag.py
[2022-08-19 15:42:33,193] {processor.py:651} INFO - DAG(s) dict_keys(['example_skip_dag']) retrieved from /home/airflow/.local/lib/python3.7/site-packages/airflow/example_dags/example_skip_dag.py
[2022-08-19 15:42:33,253] {logging_mixin.py:115} INFO - [2022-08-19 15:42:33,253] {dag.py:2379} INFO - Sync 1 DAGs
[2022-08-19 15:42:33,428] {logging_mixin.py:115} INFO - [2022-08-19 15:42:33,428] {dag.py:2931} INFO - Setting next_dagrun for example_skip_dag to 2022-08-18T15:42:33.428522+00:00, run_after=2022-08-19T15:42:33.428522+00:00
[2022-08-19 15:42:33,443] {processor.py:161} INFO - Processing /home/airflow/.local/lib/python3.7/site-packages/airflow/example_dags/example_skip_dag.py took 0.266 seconds
[2022-08-19 15:43:03,815] {processor.py:153} INFO - Started process (PID=670) to work on /home/airflow/.local/lib/python3.7/site-packages/airflow/example_dags/example_skip_dag.py
[2022-08-19 15:43:03,816] {processor.py:641} INFO - Processing file /home/airflow/.local/lib/python3.7/site-packages/airflow/example_dags/example_skip_dag.py for tasks to queue
[2022-08-19 15:43:03,816] {logging_mixin.py:115} INFO - [2022-08-19 15:43:03,816] {dagbag.py:507} INFO - Filling up the DagBag from /home/airflow/.local/lib/python3.7/site-packages/airflow/example_dags/example_skip_dag.py
[2022-08-19 15:43:03,822] {processor.py:651} INFO - DAG(s) dict_keys(['example_skip_dag']) retrieved from /home/airflow/.local/lib/python3.7/site-packages/airflow/example_dags/example_skip_dag.py
[2022-08-19 15:43:04,024] {logging_mixin.py:115} INFO - [2022-08-19 15:43:04,024] {dag.py:2379} INFO - Sync 1 DAGs
[2022-08-19 15:43:04,062] {logging_mixin.py:115} INFO - [2022-08-19 15:43:04,062] {dag.py:2931} INFO - Setting next_dagrun for example_skip_dag to 2022-08-18T15:43:04.062363+00:00, run_after=2022-08-19T15:43:04.062363+00:00
[2022-08-19 15:43:04,089] {processor.py:161} INFO - Processing /home/airflow/.local/lib/python3.7/site-packages/airflow/example_dags/example_skip_dag.py took 0.279 seconds
[2022-08-19 15:44:06,966] {processor.py:153} INFO - Started process (PID=65) to work on /home/airflow/.local/lib/python3.7/site-packages/airflow/example_dags/example_skip_dag.py
[2022-08-19 15:44:06,967] {processor.py:641} INFO - Processing file /home/airflow/.local/lib/python3.7/site-packages/airflow/example_dags/example_skip_dag.py for tasks to queue
[2022-08-19 15:44:06,968] {logging_mixin.py:115} INFO - [2022-08-19 15:44:06,968] {dagbag.py:507} INFO - Filling up the DagBag from /home/airflow/.local/lib/python3.7/site-packages/airflow/example_dags/example_skip_dag.py
[2022-08-19 15:44:06,974] {processor.py:651} INFO - DAG(s) dict_keys(['example_skip_dag']) retrieved from /home/airflow/.local/lib/python3.7/site-packages/airflow/example_dags/example_skip_dag.py
[2022-08-19 15:44:07,025] {logging_mixin.py:115} INFO - [2022-08-19 15:44:07,025] {dag.py:2379} INFO - Sync 1 DAGs
[2022-08-19 15:44:07,074] {logging_mixin.py:115} INFO - [2022-08-19 15:44:07,074] {dag.py:2931} INFO - Setting next_dagrun for example_skip_dag to 2022-08-18T15:44:07.073976+00:00, run_after=2022-08-19T15:44:07.073976+00:00
[2022-08-19 15:44:07,100] {processor.py:161} INFO - Processing /home/airflow/.local/lib/python3.7/site-packages/airflow/example_dags/example_skip_dag.py took 0.137 seconds
[2022-08-19 15:44:37,687] {processor.py:153} INFO - Started process (PID=125) to work on /home/airflow/.local/lib/python3.7/site-packages/airflow/example_dags/example_skip_dag.py
[2022-08-19 15:44:37,689] {processor.py:641} INFO - Processing file /home/airflow/.local/lib/python3.7/site-packages/airflow/example_dags/example_skip_dag.py for tasks to queue
[2022-08-19 15:44:37,690] {logging_mixin.py:115} INFO - [2022-08-19 15:44:37,690] {dagbag.py:507} INFO - Filling up the DagBag from /home/airflow/.local/lib/python3.7/site-packages/airflow/example_dags/example_skip_dag.py
[2022-08-19 15:44:37,696] {processor.py:651} INFO - DAG(s) dict_keys(['example_skip_dag']) retrieved from /home/airflow/.local/lib/python3.7/site-packages/airflow/example_dags/example_skip_dag.py
[2022-08-19 15:44:37,762] {logging_mixin.py:115} INFO - [2022-08-19 15:44:37,762] {dag.py:2379} INFO - Sync 1 DAGs
[2022-08-19 15:44:37,797] {logging_mixin.py:115} INFO - [2022-08-19 15:44:37,797] {dag.py:2931} INFO - Setting next_dagrun for example_skip_dag to 2022-08-18T15:44:37.797505+00:00, run_after=2022-08-19T15:44:37.797505+00:00
[2022-08-19 15:44:37,818] {processor.py:161} INFO - Processing /home/airflow/.local/lib/python3.7/site-packages/airflow/example_dags/example_skip_dag.py took 0.134 seconds
[2022-08-19 16:13:55,127] {processor.py:153} INFO - Started process (PID=65) to work on /home/airflow/.local/lib/python3.7/site-packages/airflow/example_dags/example_skip_dag.py
[2022-08-19 16:13:55,128] {processor.py:641} INFO - Processing file /home/airflow/.local/lib/python3.7/site-packages/airflow/example_dags/example_skip_dag.py for tasks to queue
[2022-08-19 16:13:55,129] {logging_mixin.py:115} INFO - [2022-08-19 16:13:55,128] {dagbag.py:507} INFO - Filling up the DagBag from /home/airflow/.local/lib/python3.7/site-packages/airflow/example_dags/example_skip_dag.py
[2022-08-19 16:13:55,134] {processor.py:651} INFO - DAG(s) dict_keys(['example_skip_dag']) retrieved from /home/airflow/.local/lib/python3.7/site-packages/airflow/example_dags/example_skip_dag.py
[2022-08-19 16:13:55,165] {logging_mixin.py:115} INFO - [2022-08-19 16:13:55,165] {dag.py:2379} INFO - Sync 1 DAGs
[2022-08-19 16:13:55,190] {logging_mixin.py:115} INFO - [2022-08-19 16:13:55,190] {dag.py:2931} INFO - Setting next_dagrun for example_skip_dag to 2022-08-18T16:13:55.190284+00:00, run_after=2022-08-19T16:13:55.190284+00:00
[2022-08-19 16:13:55,205] {processor.py:161} INFO - Processing /home/airflow/.local/lib/python3.7/site-packages/airflow/example_dags/example_skip_dag.py took 0.081 seconds
[2022-08-19 16:14:26,261] {processor.py:153} INFO - Started process (PID=119) to work on /home/airflow/.local/lib/python3.7/site-packages/airflow/example_dags/example_skip_dag.py
[2022-08-19 16:14:26,262] {processor.py:641} INFO - Processing file /home/airflow/.local/lib/python3.7/site-packages/airflow/example_dags/example_skip_dag.py for tasks to queue
[2022-08-19 16:14:26,262] {logging_mixin.py:115} INFO - [2022-08-19 16:14:26,262] {dagbag.py:507} INFO - Filling up the DagBag from /home/airflow/.local/lib/python3.7/site-packages/airflow/example_dags/example_skip_dag.py
[2022-08-19 16:14:26,267] {processor.py:651} INFO - DAG(s) dict_keys(['example_skip_dag']) retrieved from /home/airflow/.local/lib/python3.7/site-packages/airflow/example_dags/example_skip_dag.py
[2022-08-19 16:14:26,309] {logging_mixin.py:115} INFO - [2022-08-19 16:14:26,309] {dag.py:2379} INFO - Sync 1 DAGs
[2022-08-19 16:14:26,333] {logging_mixin.py:115} INFO - [2022-08-19 16:14:26,333] {dag.py:2931} INFO - Setting next_dagrun for example_skip_dag to 2022-08-18T16:14:26.332736+00:00, run_after=2022-08-19T16:14:26.332736+00:00
[2022-08-19 16:14:26,356] {processor.py:161} INFO - Processing /home/airflow/.local/lib/python3.7/site-packages/airflow/example_dags/example_skip_dag.py took 0.098 seconds
[2022-08-19 16:14:56,475] {processor.py:153} INFO - Started process (PID=180) to work on /home/airflow/.local/lib/python3.7/site-packages/airflow/example_dags/example_skip_dag.py
[2022-08-19 16:14:56,477] {processor.py:641} INFO - Processing file /home/airflow/.local/lib/python3.7/site-packages/airflow/example_dags/example_skip_dag.py for tasks to queue
[2022-08-19 16:14:56,478] {logging_mixin.py:115} INFO - [2022-08-19 16:14:56,478] {dagbag.py:507} INFO - Filling up the DagBag from /home/airflow/.local/lib/python3.7/site-packages/airflow/example_dags/example_skip_dag.py
[2022-08-19 16:14:56,485] {processor.py:651} INFO - DAG(s) dict_keys(['example_skip_dag']) retrieved from /home/airflow/.local/lib/python3.7/site-packages/airflow/example_dags/example_skip_dag.py
[2022-08-19 16:14:56,526] {logging_mixin.py:115} INFO - [2022-08-19 16:14:56,526] {dag.py:2379} INFO - Sync 1 DAGs
[2022-08-19 16:14:56,567] {logging_mixin.py:115} INFO - [2022-08-19 16:14:56,566] {dag.py:2931} INFO - Setting next_dagrun for example_skip_dag to 2022-08-18T16:14:56.566689+00:00, run_after=2022-08-19T16:14:56.566689+00:00
[2022-08-19 16:14:56,581] {processor.py:161} INFO - Processing /home/airflow/.local/lib/python3.7/site-packages/airflow/example_dags/example_skip_dag.py took 0.111 seconds
[2022-08-19 16:15:26,811] {processor.py:153} INFO - Started process (PID=234) to work on /home/airflow/.local/lib/python3.7/site-packages/airflow/example_dags/example_skip_dag.py
[2022-08-19 16:15:26,822] {processor.py:641} INFO - Processing file /home/airflow/.local/lib/python3.7/site-packages/airflow/example_dags/example_skip_dag.py for tasks to queue
[2022-08-19 16:15:26,823] {logging_mixin.py:115} INFO - [2022-08-19 16:15:26,823] {dagbag.py:507} INFO - Filling up the DagBag from /home/airflow/.local/lib/python3.7/site-packages/airflow/example_dags/example_skip_dag.py
[2022-08-19 16:15:26,830] {processor.py:651} INFO - DAG(s) dict_keys(['example_skip_dag']) retrieved from /home/airflow/.local/lib/python3.7/site-packages/airflow/example_dags/example_skip_dag.py
[2022-08-19 16:15:26,865] {logging_mixin.py:115} INFO - [2022-08-19 16:15:26,865] {dag.py:2379} INFO - Sync 1 DAGs
[2022-08-19 16:15:26,900] {logging_mixin.py:115} INFO - [2022-08-19 16:15:26,900] {dag.py:2931} INFO - Setting next_dagrun for example_skip_dag to 2022-08-18T16:15:26.899854+00:00, run_after=2022-08-19T16:15:26.899854+00:00
[2022-08-19 16:15:26,935] {processor.py:161} INFO - Processing /home/airflow/.local/lib/python3.7/site-packages/airflow/example_dags/example_skip_dag.py took 0.130 seconds
[2022-08-19 16:15:57,231] {processor.py:153} INFO - Started process (PID=296) to work on /home/airflow/.local/lib/python3.7/site-packages/airflow/example_dags/example_skip_dag.py
[2022-08-19 16:15:57,231] {processor.py:641} INFO - Processing file /home/airflow/.local/lib/python3.7/site-packages/airflow/example_dags/example_skip_dag.py for tasks to queue
[2022-08-19 16:15:57,232] {logging_mixin.py:115} INFO - [2022-08-19 16:15:57,232] {dagbag.py:507} INFO - Filling up the DagBag from /home/airflow/.local/lib/python3.7/site-packages/airflow/example_dags/example_skip_dag.py
[2022-08-19 16:15:57,238] {processor.py:651} INFO - DAG(s) dict_keys(['example_skip_dag']) retrieved from /home/airflow/.local/lib/python3.7/site-packages/airflow/example_dags/example_skip_dag.py
[2022-08-19 16:15:57,269] {logging_mixin.py:115} INFO - [2022-08-19 16:15:57,269] {dag.py:2379} INFO - Sync 1 DAGs
[2022-08-19 16:15:57,297] {logging_mixin.py:115} INFO - [2022-08-19 16:15:57,297] {dag.py:2931} INFO - Setting next_dagrun for example_skip_dag to 2022-08-18T16:15:57.296927+00:00, run_after=2022-08-19T16:15:57.296927+00:00
[2022-08-19 16:15:57,315] {processor.py:161} INFO - Processing /home/airflow/.local/lib/python3.7/site-packages/airflow/example_dags/example_skip_dag.py took 0.088 seconds
[2022-08-19 16:16:27,561] {processor.py:153} INFO - Started process (PID=349) to work on /home/airflow/.local/lib/python3.7/site-packages/airflow/example_dags/example_skip_dag.py
[2022-08-19 16:16:27,562] {processor.py:641} INFO - Processing file /home/airflow/.local/lib/python3.7/site-packages/airflow/example_dags/example_skip_dag.py for tasks to queue
[2022-08-19 16:16:27,562] {logging_mixin.py:115} INFO - [2022-08-19 16:16:27,562] {dagbag.py:507} INFO - Filling up the DagBag from /home/airflow/.local/lib/python3.7/site-packages/airflow/example_dags/example_skip_dag.py
[2022-08-19 16:16:27,570] {processor.py:651} INFO - DAG(s) dict_keys(['example_skip_dag']) retrieved from /home/airflow/.local/lib/python3.7/site-packages/airflow/example_dags/example_skip_dag.py
[2022-08-19 16:16:27,601] {logging_mixin.py:115} INFO - [2022-08-19 16:16:27,601] {dag.py:2379} INFO - Sync 1 DAGs
[2022-08-19 16:16:27,626] {logging_mixin.py:115} INFO - [2022-08-19 16:16:27,626] {dag.py:2931} INFO - Setting next_dagrun for example_skip_dag to 2022-08-18T16:16:27.625405+00:00, run_after=2022-08-19T16:16:27.625405+00:00
[2022-08-19 16:16:27,640] {processor.py:161} INFO - Processing /home/airflow/.local/lib/python3.7/site-packages/airflow/example_dags/example_skip_dag.py took 0.081 seconds
[2022-08-19 16:16:58,648] {processor.py:153} INFO - Started process (PID=411) to work on /home/airflow/.local/lib/python3.7/site-packages/airflow/example_dags/example_skip_dag.py
[2022-08-19 16:16:58,649] {processor.py:641} INFO - Processing file /home/airflow/.local/lib/python3.7/site-packages/airflow/example_dags/example_skip_dag.py for tasks to queue
[2022-08-19 16:16:58,649] {logging_mixin.py:115} INFO - [2022-08-19 16:16:58,649] {dagbag.py:507} INFO - Filling up the DagBag from /home/airflow/.local/lib/python3.7/site-packages/airflow/example_dags/example_skip_dag.py
[2022-08-19 16:16:58,661] {processor.py:651} INFO - DAG(s) dict_keys(['example_skip_dag']) retrieved from /home/airflow/.local/lib/python3.7/site-packages/airflow/example_dags/example_skip_dag.py
[2022-08-19 16:16:58,694] {logging_mixin.py:115} INFO - [2022-08-19 16:16:58,694] {dag.py:2379} INFO - Sync 1 DAGs
[2022-08-19 16:16:58,729] {logging_mixin.py:115} INFO - [2022-08-19 16:16:58,728] {dag.py:2931} INFO - Setting next_dagrun for example_skip_dag to 2022-08-18T16:16:58.727201+00:00, run_after=2022-08-19T16:16:58.727201+00:00
[2022-08-19 16:16:58,751] {processor.py:161} INFO - Processing /home/airflow/.local/lib/python3.7/site-packages/airflow/example_dags/example_skip_dag.py took 0.108 seconds
[2022-08-19 16:17:29,051] {processor.py:153} INFO - Started process (PID=464) to work on /home/airflow/.local/lib/python3.7/site-packages/airflow/example_dags/example_skip_dag.py
[2022-08-19 16:17:29,052] {processor.py:641} INFO - Processing file /home/airflow/.local/lib/python3.7/site-packages/airflow/example_dags/example_skip_dag.py for tasks to queue
[2022-08-19 16:17:29,053] {logging_mixin.py:115} INFO - [2022-08-19 16:17:29,052] {dagbag.py:507} INFO - Filling up the DagBag from /home/airflow/.local/lib/python3.7/site-packages/airflow/example_dags/example_skip_dag.py
[2022-08-19 16:17:29,061] {processor.py:651} INFO - DAG(s) dict_keys(['example_skip_dag']) retrieved from /home/airflow/.local/lib/python3.7/site-packages/airflow/example_dags/example_skip_dag.py
[2022-08-19 16:17:29,091] {logging_mixin.py:115} INFO - [2022-08-19 16:17:29,091] {dag.py:2379} INFO - Sync 1 DAGs
[2022-08-19 16:17:29,115] {logging_mixin.py:115} INFO - [2022-08-19 16:17:29,115] {dag.py:2931} INFO - Setting next_dagrun for example_skip_dag to 2022-08-18T16:17:29.114814+00:00, run_after=2022-08-19T16:17:29.114814+00:00
[2022-08-19 16:17:29,129] {processor.py:161} INFO - Processing /home/airflow/.local/lib/python3.7/site-packages/airflow/example_dags/example_skip_dag.py took 0.082 seconds
[2022-08-19 16:24:25,577] {processor.py:153} INFO - Started process (PID=65) to work on /home/airflow/.local/lib/python3.7/site-packages/airflow/example_dags/example_skip_dag.py
[2022-08-19 16:24:25,578] {processor.py:641} INFO - Processing file /home/airflow/.local/lib/python3.7/site-packages/airflow/example_dags/example_skip_dag.py for tasks to queue
[2022-08-19 16:24:25,579] {logging_mixin.py:115} INFO - [2022-08-19 16:24:25,578] {dagbag.py:507} INFO - Filling up the DagBag from /home/airflow/.local/lib/python3.7/site-packages/airflow/example_dags/example_skip_dag.py
[2022-08-19 16:24:25,600] {processor.py:651} INFO - DAG(s) dict_keys(['example_skip_dag']) retrieved from /home/airflow/.local/lib/python3.7/site-packages/airflow/example_dags/example_skip_dag.py
[2022-08-19 16:24:25,680] {logging_mixin.py:115} INFO - [2022-08-19 16:24:25,679] {dag.py:2379} INFO - Sync 1 DAGs
[2022-08-19 16:24:25,746] {logging_mixin.py:115} INFO - [2022-08-19 16:24:25,746] {dag.py:2931} INFO - Setting next_dagrun for example_skip_dag to 2022-08-18T16:24:25.746061+00:00, run_after=2022-08-19T16:24:25.746061+00:00
[2022-08-19 16:24:25,787] {processor.py:161} INFO - Processing /home/airflow/.local/lib/python3.7/site-packages/airflow/example_dags/example_skip_dag.py took 0.217 seconds
[2022-08-19 16:24:57,342] {processor.py:153} INFO - Started process (PID=127) to work on /home/airflow/.local/lib/python3.7/site-packages/airflow/example_dags/example_skip_dag.py
[2022-08-19 16:24:57,342] {processor.py:641} INFO - Processing file /home/airflow/.local/lib/python3.7/site-packages/airflow/example_dags/example_skip_dag.py for tasks to queue
[2022-08-19 16:24:57,343] {logging_mixin.py:115} INFO - [2022-08-19 16:24:57,343] {dagbag.py:507} INFO - Filling up the DagBag from /home/airflow/.local/lib/python3.7/site-packages/airflow/example_dags/example_skip_dag.py
[2022-08-19 16:24:57,353] {processor.py:651} INFO - DAG(s) dict_keys(['example_skip_dag']) retrieved from /home/airflow/.local/lib/python3.7/site-packages/airflow/example_dags/example_skip_dag.py
[2022-08-19 16:24:57,403] {logging_mixin.py:115} INFO - [2022-08-19 16:24:57,403] {dag.py:2379} INFO - Sync 1 DAGs
[2022-08-19 16:24:57,452] {logging_mixin.py:115} INFO - [2022-08-19 16:24:57,449] {dag.py:2931} INFO - Setting next_dagrun for example_skip_dag to 2022-08-18T16:24:57.448776+00:00, run_after=2022-08-19T16:24:57.448776+00:00
[2022-08-19 16:24:57,476] {processor.py:161} INFO - Processing /home/airflow/.local/lib/python3.7/site-packages/airflow/example_dags/example_skip_dag.py took 0.147 seconds
[2022-08-19 16:25:27,589] {processor.py:153} INFO - Started process (PID=179) to work on /home/airflow/.local/lib/python3.7/site-packages/airflow/example_dags/example_skip_dag.py
[2022-08-19 16:25:27,590] {processor.py:641} INFO - Processing file /home/airflow/.local/lib/python3.7/site-packages/airflow/example_dags/example_skip_dag.py for tasks to queue
[2022-08-19 16:25:27,590] {logging_mixin.py:115} INFO - [2022-08-19 16:25:27,590] {dagbag.py:507} INFO - Filling up the DagBag from /home/airflow/.local/lib/python3.7/site-packages/airflow/example_dags/example_skip_dag.py
[2022-08-19 16:25:27,598] {processor.py:651} INFO - DAG(s) dict_keys(['example_skip_dag']) retrieved from /home/airflow/.local/lib/python3.7/site-packages/airflow/example_dags/example_skip_dag.py
[2022-08-19 16:25:27,634] {logging_mixin.py:115} INFO - [2022-08-19 16:25:27,634] {dag.py:2379} INFO - Sync 1 DAGs
[2022-08-19 16:25:27,659] {logging_mixin.py:115} INFO - [2022-08-19 16:25:27,659] {dag.py:2931} INFO - Setting next_dagrun for example_skip_dag to 2022-08-18T16:25:27.659397+00:00, run_after=2022-08-19T16:25:27.659397+00:00
[2022-08-19 16:25:27,674] {processor.py:161} INFO - Processing /home/airflow/.local/lib/python3.7/site-packages/airflow/example_dags/example_skip_dag.py took 0.089 seconds
[2022-08-19 16:25:57,817] {processor.py:153} INFO - Started process (PID=242) to work on /home/airflow/.local/lib/python3.7/site-packages/airflow/example_dags/example_skip_dag.py
[2022-08-19 16:25:57,818] {processor.py:641} INFO - Processing file /home/airflow/.local/lib/python3.7/site-packages/airflow/example_dags/example_skip_dag.py for tasks to queue
[2022-08-19 16:25:57,818] {logging_mixin.py:115} INFO - [2022-08-19 16:25:57,818] {dagbag.py:507} INFO - Filling up the DagBag from /home/airflow/.local/lib/python3.7/site-packages/airflow/example_dags/example_skip_dag.py
[2022-08-19 16:25:57,825] {processor.py:651} INFO - DAG(s) dict_keys(['example_skip_dag']) retrieved from /home/airflow/.local/lib/python3.7/site-packages/airflow/example_dags/example_skip_dag.py
[2022-08-19 16:25:57,854] {logging_mixin.py:115} INFO - [2022-08-19 16:25:57,854] {dag.py:2379} INFO - Sync 1 DAGs
[2022-08-19 16:25:57,875] {logging_mixin.py:115} INFO - [2022-08-19 16:25:57,875] {dag.py:2931} INFO - Setting next_dagrun for example_skip_dag to 2022-08-18T16:25:57.874893+00:00, run_after=2022-08-19T16:25:57.874893+00:00
[2022-08-19 16:25:57,887] {processor.py:161} INFO - Processing /home/airflow/.local/lib/python3.7/site-packages/airflow/example_dags/example_skip_dag.py took 0.072 seconds
[2022-08-19 16:26:28,078] {processor.py:153} INFO - Started process (PID=297) to work on /home/airflow/.local/lib/python3.7/site-packages/airflow/example_dags/example_skip_dag.py
[2022-08-19 16:26:28,079] {processor.py:641} INFO - Processing file /home/airflow/.local/lib/python3.7/site-packages/airflow/example_dags/example_skip_dag.py for tasks to queue
[2022-08-19 16:26:28,079] {logging_mixin.py:115} INFO - [2022-08-19 16:26:28,079] {dagbag.py:507} INFO - Filling up the DagBag from /home/airflow/.local/lib/python3.7/site-packages/airflow/example_dags/example_skip_dag.py
[2022-08-19 16:26:28,084] {processor.py:651} INFO - DAG(s) dict_keys(['example_skip_dag']) retrieved from /home/airflow/.local/lib/python3.7/site-packages/airflow/example_dags/example_skip_dag.py
[2022-08-19 16:26:28,110] {logging_mixin.py:115} INFO - [2022-08-19 16:26:28,110] {dag.py:2379} INFO - Sync 1 DAGs
[2022-08-19 16:26:28,136] {logging_mixin.py:115} INFO - [2022-08-19 16:26:28,136] {dag.py:2931} INFO - Setting next_dagrun for example_skip_dag to 2022-08-18T16:26:28.136255+00:00, run_after=2022-08-19T16:26:28.136255+00:00
[2022-08-19 16:26:28,158] {processor.py:161} INFO - Processing /home/airflow/.local/lib/python3.7/site-packages/airflow/example_dags/example_skip_dag.py took 0.082 seconds
[2022-08-19 16:31:18,376] {processor.py:153} INFO - Started process (PID=65) to work on /home/airflow/.local/lib/python3.7/site-packages/airflow/example_dags/example_skip_dag.py
[2022-08-19 16:31:18,378] {processor.py:641} INFO - Processing file /home/airflow/.local/lib/python3.7/site-packages/airflow/example_dags/example_skip_dag.py for tasks to queue
[2022-08-19 16:31:18,379] {logging_mixin.py:115} INFO - [2022-08-19 16:31:18,379] {dagbag.py:507} INFO - Filling up the DagBag from /home/airflow/.local/lib/python3.7/site-packages/airflow/example_dags/example_skip_dag.py
[2022-08-19 16:31:18,387] {processor.py:651} INFO - DAG(s) dict_keys(['example_skip_dag']) retrieved from /home/airflow/.local/lib/python3.7/site-packages/airflow/example_dags/example_skip_dag.py
[2022-08-19 16:31:18,439] {logging_mixin.py:115} INFO - [2022-08-19 16:31:18,438] {dag.py:2379} INFO - Sync 1 DAGs
[2022-08-19 16:31:18,492] {logging_mixin.py:115} INFO - [2022-08-19 16:31:18,492] {dag.py:2931} INFO - Setting next_dagrun for example_skip_dag to 2022-08-18T16:31:18.491852+00:00, run_after=2022-08-19T16:31:18.491852+00:00
[2022-08-19 16:31:18,530] {processor.py:161} INFO - Processing /home/airflow/.local/lib/python3.7/site-packages/airflow/example_dags/example_skip_dag.py took 0.159 seconds
[2022-08-19 16:31:50,203] {processor.py:153} INFO - Started process (PID=128) to work on /home/airflow/.local/lib/python3.7/site-packages/airflow/example_dags/example_skip_dag.py
[2022-08-19 16:31:50,209] {processor.py:641} INFO - Processing file /home/airflow/.local/lib/python3.7/site-packages/airflow/example_dags/example_skip_dag.py for tasks to queue
[2022-08-19 16:31:50,209] {logging_mixin.py:115} INFO - [2022-08-19 16:31:50,209] {dagbag.py:507} INFO - Filling up the DagBag from /home/airflow/.local/lib/python3.7/site-packages/airflow/example_dags/example_skip_dag.py
[2022-08-19 16:31:50,221] {processor.py:651} INFO - DAG(s) dict_keys(['example_skip_dag']) retrieved from /home/airflow/.local/lib/python3.7/site-packages/airflow/example_dags/example_skip_dag.py
[2022-08-19 16:31:50,292] {logging_mixin.py:115} INFO - [2022-08-19 16:31:50,292] {dag.py:2379} INFO - Sync 1 DAGs
[2022-08-19 16:31:50,362] {logging_mixin.py:115} INFO - [2022-08-19 16:31:50,361] {dag.py:2931} INFO - Setting next_dagrun for example_skip_dag to 2022-08-18T16:31:50.358663+00:00, run_after=2022-08-19T16:31:50.358663+00:00
[2022-08-19 16:31:50,383] {processor.py:161} INFO - Processing /home/airflow/.local/lib/python3.7/site-packages/airflow/example_dags/example_skip_dag.py took 0.188 seconds
[2022-08-19 16:32:20,941] {processor.py:153} INFO - Started process (PID=179) to work on /home/airflow/.local/lib/python3.7/site-packages/airflow/example_dags/example_skip_dag.py
[2022-08-19 16:32:20,942] {processor.py:641} INFO - Processing file /home/airflow/.local/lib/python3.7/site-packages/airflow/example_dags/example_skip_dag.py for tasks to queue
[2022-08-19 16:32:20,943] {logging_mixin.py:115} INFO - [2022-08-19 16:32:20,943] {dagbag.py:507} INFO - Filling up the DagBag from /home/airflow/.local/lib/python3.7/site-packages/airflow/example_dags/example_skip_dag.py
[2022-08-19 16:32:20,951] {processor.py:651} INFO - DAG(s) dict_keys(['example_skip_dag']) retrieved from /home/airflow/.local/lib/python3.7/site-packages/airflow/example_dags/example_skip_dag.py
[2022-08-19 16:32:21,003] {logging_mixin.py:115} INFO - [2022-08-19 16:32:21,003] {dag.py:2379} INFO - Sync 1 DAGs
[2022-08-19 16:32:21,049] {logging_mixin.py:115} INFO - [2022-08-19 16:32:21,049] {dag.py:2931} INFO - Setting next_dagrun for example_skip_dag to 2022-08-18T16:32:21.049278+00:00, run_after=2022-08-19T16:32:21.049278+00:00
[2022-08-19 16:32:21,070] {processor.py:161} INFO - Processing /home/airflow/.local/lib/python3.7/site-packages/airflow/example_dags/example_skip_dag.py took 0.134 seconds
[2022-08-19 16:32:51,146] {processor.py:153} INFO - Started process (PID=241) to work on /home/airflow/.local/lib/python3.7/site-packages/airflow/example_dags/example_skip_dag.py
[2022-08-19 16:32:51,146] {processor.py:641} INFO - Processing file /home/airflow/.local/lib/python3.7/site-packages/airflow/example_dags/example_skip_dag.py for tasks to queue
[2022-08-19 16:32:51,147] {logging_mixin.py:115} INFO - [2022-08-19 16:32:51,147] {dagbag.py:507} INFO - Filling up the DagBag from /home/airflow/.local/lib/python3.7/site-packages/airflow/example_dags/example_skip_dag.py
[2022-08-19 16:32:51,159] {processor.py:651} INFO - DAG(s) dict_keys(['example_skip_dag']) retrieved from /home/airflow/.local/lib/python3.7/site-packages/airflow/example_dags/example_skip_dag.py
[2022-08-19 16:32:51,191] {logging_mixin.py:115} INFO - [2022-08-19 16:32:51,191] {dag.py:2379} INFO - Sync 1 DAGs
[2022-08-19 16:32:51,221] {logging_mixin.py:115} INFO - [2022-08-19 16:32:51,221] {dag.py:2931} INFO - Setting next_dagrun for example_skip_dag to 2022-08-18T16:32:51.220767+00:00, run_after=2022-08-19T16:32:51.220767+00:00
[2022-08-19 16:32:51,241] {processor.py:161} INFO - Processing /home/airflow/.local/lib/python3.7/site-packages/airflow/example_dags/example_skip_dag.py took 0.102 seconds
[2022-08-19 16:33:22,002] {processor.py:153} INFO - Started process (PID=295) to work on /home/airflow/.local/lib/python3.7/site-packages/airflow/example_dags/example_skip_dag.py
[2022-08-19 16:33:22,003] {processor.py:641} INFO - Processing file /home/airflow/.local/lib/python3.7/site-packages/airflow/example_dags/example_skip_dag.py for tasks to queue
[2022-08-19 16:33:22,003] {logging_mixin.py:115} INFO - [2022-08-19 16:33:22,003] {dagbag.py:507} INFO - Filling up the DagBag from /home/airflow/.local/lib/python3.7/site-packages/airflow/example_dags/example_skip_dag.py
[2022-08-19 16:33:22,008] {processor.py:651} INFO - DAG(s) dict_keys(['example_skip_dag']) retrieved from /home/airflow/.local/lib/python3.7/site-packages/airflow/example_dags/example_skip_dag.py
[2022-08-19 16:33:22,035] {logging_mixin.py:115} INFO - [2022-08-19 16:33:22,034] {dag.py:2379} INFO - Sync 1 DAGs
[2022-08-19 16:33:22,055] {logging_mixin.py:115} INFO - [2022-08-19 16:33:22,055] {dag.py:2931} INFO - Setting next_dagrun for example_skip_dag to 2022-08-18T16:33:22.054935+00:00, run_after=2022-08-19T16:33:22.054935+00:00
[2022-08-19 16:33:22,068] {processor.py:161} INFO - Processing /home/airflow/.local/lib/python3.7/site-packages/airflow/example_dags/example_skip_dag.py took 0.069 seconds
[2022-08-19 16:33:52,496] {processor.py:153} INFO - Started process (PID=358) to work on /home/airflow/.local/lib/python3.7/site-packages/airflow/example_dags/example_skip_dag.py
[2022-08-19 16:33:52,497] {processor.py:641} INFO - Processing file /home/airflow/.local/lib/python3.7/site-packages/airflow/example_dags/example_skip_dag.py for tasks to queue
[2022-08-19 16:33:52,497] {logging_mixin.py:115} INFO - [2022-08-19 16:33:52,497] {dagbag.py:507} INFO - Filling up the DagBag from /home/airflow/.local/lib/python3.7/site-packages/airflow/example_dags/example_skip_dag.py
[2022-08-19 16:33:52,505] {processor.py:651} INFO - DAG(s) dict_keys(['example_skip_dag']) retrieved from /home/airflow/.local/lib/python3.7/site-packages/airflow/example_dags/example_skip_dag.py
[2022-08-19 16:33:52,543] {logging_mixin.py:115} INFO - [2022-08-19 16:33:52,543] {dag.py:2379} INFO - Sync 1 DAGs
[2022-08-19 16:33:52,573] {logging_mixin.py:115} INFO - [2022-08-19 16:33:52,572] {dag.py:2931} INFO - Setting next_dagrun for example_skip_dag to 2022-08-18T16:33:52.572674+00:00, run_after=2022-08-19T16:33:52.572674+00:00
[2022-08-19 16:33:52,591] {processor.py:161} INFO - Processing /home/airflow/.local/lib/python3.7/site-packages/airflow/example_dags/example_skip_dag.py took 0.099 seconds
[2022-08-19 16:36:23,975] {processor.py:153} INFO - Started process (PID=64) to work on /home/airflow/.local/lib/python3.7/site-packages/airflow/example_dags/example_skip_dag.py
[2022-08-19 16:36:23,976] {processor.py:641} INFO - Processing file /home/airflow/.local/lib/python3.7/site-packages/airflow/example_dags/example_skip_dag.py for tasks to queue
[2022-08-19 16:36:23,977] {logging_mixin.py:115} INFO - [2022-08-19 16:36:23,977] {dagbag.py:507} INFO - Filling up the DagBag from /home/airflow/.local/lib/python3.7/site-packages/airflow/example_dags/example_skip_dag.py
[2022-08-19 16:36:23,990] {processor.py:651} INFO - DAG(s) dict_keys(['example_skip_dag']) retrieved from /home/airflow/.local/lib/python3.7/site-packages/airflow/example_dags/example_skip_dag.py
[2022-08-19 16:36:24,036] {logging_mixin.py:115} INFO - [2022-08-19 16:36:24,036] {dag.py:2379} INFO - Sync 1 DAGs
[2022-08-19 16:36:24,076] {logging_mixin.py:115} INFO - [2022-08-19 16:36:24,076] {dag.py:2931} INFO - Setting next_dagrun for example_skip_dag to 2022-08-18T16:36:24.076084+00:00, run_after=2022-08-19T16:36:24.076084+00:00
[2022-08-19 16:36:24,099] {processor.py:161} INFO - Processing /home/airflow/.local/lib/python3.7/site-packages/airflow/example_dags/example_skip_dag.py took 0.130 seconds
[2022-08-19 16:36:55,158] {processor.py:153} INFO - Started process (PID=128) to work on /home/airflow/.local/lib/python3.7/site-packages/airflow/example_dags/example_skip_dag.py
[2022-08-19 16:36:55,159] {processor.py:641} INFO - Processing file /home/airflow/.local/lib/python3.7/site-packages/airflow/example_dags/example_skip_dag.py for tasks to queue
[2022-08-19 16:36:55,160] {logging_mixin.py:115} INFO - [2022-08-19 16:36:55,160] {dagbag.py:507} INFO - Filling up the DagBag from /home/airflow/.local/lib/python3.7/site-packages/airflow/example_dags/example_skip_dag.py
[2022-08-19 16:36:55,165] {processor.py:651} INFO - DAG(s) dict_keys(['example_skip_dag']) retrieved from /home/airflow/.local/lib/python3.7/site-packages/airflow/example_dags/example_skip_dag.py
[2022-08-19 16:36:55,188] {logging_mixin.py:115} INFO - [2022-08-19 16:36:55,188] {dag.py:2379} INFO - Sync 1 DAGs
[2022-08-19 16:36:55,211] {logging_mixin.py:115} INFO - [2022-08-19 16:36:55,211] {dag.py:2931} INFO - Setting next_dagrun for example_skip_dag to 2022-08-18T16:36:55.211063+00:00, run_after=2022-08-19T16:36:55.211063+00:00
[2022-08-19 16:36:55,231] {processor.py:161} INFO - Processing /home/airflow/.local/lib/python3.7/site-packages/airflow/example_dags/example_skip_dag.py took 0.076 seconds
[2022-08-19 16:37:26,089] {processor.py:153} INFO - Started process (PID=180) to work on /home/airflow/.local/lib/python3.7/site-packages/airflow/example_dags/example_skip_dag.py
[2022-08-19 16:37:26,089] {processor.py:641} INFO - Processing file /home/airflow/.local/lib/python3.7/site-packages/airflow/example_dags/example_skip_dag.py for tasks to queue
[2022-08-19 16:37:26,089] {logging_mixin.py:115} INFO - [2022-08-19 16:37:26,089] {dagbag.py:507} INFO - Filling up the DagBag from /home/airflow/.local/lib/python3.7/site-packages/airflow/example_dags/example_skip_dag.py
[2022-08-19 16:37:26,094] {processor.py:651} INFO - DAG(s) dict_keys(['example_skip_dag']) retrieved from /home/airflow/.local/lib/python3.7/site-packages/airflow/example_dags/example_skip_dag.py
[2022-08-19 16:37:26,126] {logging_mixin.py:115} INFO - [2022-08-19 16:37:26,126] {dag.py:2379} INFO - Sync 1 DAGs
[2022-08-19 16:37:26,160] {logging_mixin.py:115} INFO - [2022-08-19 16:37:26,160] {dag.py:2931} INFO - Setting next_dagrun for example_skip_dag to 2022-08-18T16:37:26.159991+00:00, run_after=2022-08-19T16:37:26.159991+00:00
[2022-08-19 16:37:26,203] {processor.py:161} INFO - Processing /home/airflow/.local/lib/python3.7/site-packages/airflow/example_dags/example_skip_dag.py took 0.118 seconds
[2022-08-19 16:37:56,381] {processor.py:153} INFO - Started process (PID=242) to work on /home/airflow/.local/lib/python3.7/site-packages/airflow/example_dags/example_skip_dag.py
[2022-08-19 16:37:56,381] {processor.py:641} INFO - Processing file /home/airflow/.local/lib/python3.7/site-packages/airflow/example_dags/example_skip_dag.py for tasks to queue
[2022-08-19 16:37:56,382] {logging_mixin.py:115} INFO - [2022-08-19 16:37:56,382] {dagbag.py:507} INFO - Filling up the DagBag from /home/airflow/.local/lib/python3.7/site-packages/airflow/example_dags/example_skip_dag.py
[2022-08-19 16:37:56,388] {processor.py:651} INFO - DAG(s) dict_keys(['example_skip_dag']) retrieved from /home/airflow/.local/lib/python3.7/site-packages/airflow/example_dags/example_skip_dag.py
[2022-08-19 16:37:56,415] {logging_mixin.py:115} INFO - [2022-08-19 16:37:56,415] {dag.py:2379} INFO - Sync 1 DAGs
[2022-08-19 16:37:56,443] {logging_mixin.py:115} INFO - [2022-08-19 16:37:56,443] {dag.py:2931} INFO - Setting next_dagrun for example_skip_dag to 2022-08-18T16:37:56.442875+00:00, run_after=2022-08-19T16:37:56.442875+00:00
[2022-08-19 16:37:56,465] {processor.py:161} INFO - Processing /home/airflow/.local/lib/python3.7/site-packages/airflow/example_dags/example_skip_dag.py took 0.088 seconds
[2022-08-19 16:38:27,857] {processor.py:153} INFO - Started process (PID=305) to work on /home/airflow/.local/lib/python3.7/site-packages/airflow/example_dags/example_skip_dag.py
[2022-08-19 16:38:27,857] {processor.py:641} INFO - Processing file /home/airflow/.local/lib/python3.7/site-packages/airflow/example_dags/example_skip_dag.py for tasks to queue
[2022-08-19 16:38:27,858] {logging_mixin.py:115} INFO - [2022-08-19 16:38:27,858] {dagbag.py:507} INFO - Filling up the DagBag from /home/airflow/.local/lib/python3.7/site-packages/airflow/example_dags/example_skip_dag.py
[2022-08-19 16:38:27,862] {processor.py:651} INFO - DAG(s) dict_keys(['example_skip_dag']) retrieved from /home/airflow/.local/lib/python3.7/site-packages/airflow/example_dags/example_skip_dag.py
[2022-08-19 16:38:27,900] {logging_mixin.py:115} INFO - [2022-08-19 16:38:27,899] {dag.py:2379} INFO - Sync 1 DAGs
[2022-08-19 16:38:27,948] {logging_mixin.py:115} INFO - [2022-08-19 16:38:27,948] {dag.py:2931} INFO - Setting next_dagrun for example_skip_dag to 2022-08-18T16:38:27.947751+00:00, run_after=2022-08-19T16:38:27.947751+00:00
[2022-08-19 16:38:27,973] {processor.py:161} INFO - Processing /home/airflow/.local/lib/python3.7/site-packages/airflow/example_dags/example_skip_dag.py took 0.119 seconds
[2022-08-19 16:38:58,938] {processor.py:153} INFO - Started process (PID=358) to work on /home/airflow/.local/lib/python3.7/site-packages/airflow/example_dags/example_skip_dag.py
[2022-08-19 16:38:58,939] {processor.py:641} INFO - Processing file /home/airflow/.local/lib/python3.7/site-packages/airflow/example_dags/example_skip_dag.py for tasks to queue
[2022-08-19 16:38:58,940] {logging_mixin.py:115} INFO - [2022-08-19 16:38:58,940] {dagbag.py:507} INFO - Filling up the DagBag from /home/airflow/.local/lib/python3.7/site-packages/airflow/example_dags/example_skip_dag.py
[2022-08-19 16:38:58,948] {processor.py:651} INFO - DAG(s) dict_keys(['example_skip_dag']) retrieved from /home/airflow/.local/lib/python3.7/site-packages/airflow/example_dags/example_skip_dag.py
[2022-08-19 16:38:58,985] {logging_mixin.py:115} INFO - [2022-08-19 16:38:58,985] {dag.py:2379} INFO - Sync 1 DAGs
[2022-08-19 16:38:59,011] {logging_mixin.py:115} INFO - [2022-08-19 16:38:59,010] {dag.py:2931} INFO - Setting next_dagrun for example_skip_dag to 2022-08-18T16:38:59.010543+00:00, run_after=2022-08-19T16:38:59.010543+00:00
[2022-08-19 16:38:59,036] {processor.py:161} INFO - Processing /home/airflow/.local/lib/python3.7/site-packages/airflow/example_dags/example_skip_dag.py took 0.113 seconds
[2022-08-19 16:39:29,603] {processor.py:153} INFO - Started process (PID=418) to work on /home/airflow/.local/lib/python3.7/site-packages/airflow/example_dags/example_skip_dag.py
[2022-08-19 16:39:29,609] {processor.py:641} INFO - Processing file /home/airflow/.local/lib/python3.7/site-packages/airflow/example_dags/example_skip_dag.py for tasks to queue
[2022-08-19 16:39:29,609] {logging_mixin.py:115} INFO - [2022-08-19 16:39:29,609] {dagbag.py:507} INFO - Filling up the DagBag from /home/airflow/.local/lib/python3.7/site-packages/airflow/example_dags/example_skip_dag.py
[2022-08-19 16:39:29,618] {processor.py:651} INFO - DAG(s) dict_keys(['example_skip_dag']) retrieved from /home/airflow/.local/lib/python3.7/site-packages/airflow/example_dags/example_skip_dag.py
[2022-08-19 16:39:29,693] {logging_mixin.py:115} INFO - [2022-08-19 16:39:29,693] {dag.py:2379} INFO - Sync 1 DAGs
[2022-08-19 16:39:29,741] {logging_mixin.py:115} INFO - [2022-08-19 16:39:29,741] {dag.py:2931} INFO - Setting next_dagrun for example_skip_dag to 2022-08-18T16:39:29.740749+00:00, run_after=2022-08-19T16:39:29.740749+00:00
[2022-08-19 16:39:29,768] {processor.py:161} INFO - Processing /home/airflow/.local/lib/python3.7/site-packages/airflow/example_dags/example_skip_dag.py took 0.168 seconds
[2022-08-19 16:40:00,586] {processor.py:153} INFO - Started process (PID=471) to work on /home/airflow/.local/lib/python3.7/site-packages/airflow/example_dags/example_skip_dag.py
[2022-08-19 16:40:00,587] {processor.py:641} INFO - Processing file /home/airflow/.local/lib/python3.7/site-packages/airflow/example_dags/example_skip_dag.py for tasks to queue
[2022-08-19 16:40:00,587] {logging_mixin.py:115} INFO - [2022-08-19 16:40:00,587] {dagbag.py:507} INFO - Filling up the DagBag from /home/airflow/.local/lib/python3.7/site-packages/airflow/example_dags/example_skip_dag.py
[2022-08-19 16:40:00,593] {processor.py:651} INFO - DAG(s) dict_keys(['example_skip_dag']) retrieved from /home/airflow/.local/lib/python3.7/site-packages/airflow/example_dags/example_skip_dag.py
[2022-08-19 16:40:00,620] {logging_mixin.py:115} INFO - [2022-08-19 16:40:00,620] {dag.py:2379} INFO - Sync 1 DAGs
[2022-08-19 16:40:00,647] {logging_mixin.py:115} INFO - [2022-08-19 16:40:00,647] {dag.py:2931} INFO - Setting next_dagrun for example_skip_dag to 2022-08-18T16:40:00.647427+00:00, run_after=2022-08-19T16:40:00.647427+00:00
[2022-08-19 16:40:00,660] {processor.py:161} INFO - Processing /home/airflow/.local/lib/python3.7/site-packages/airflow/example_dags/example_skip_dag.py took 0.077 seconds
[2022-08-19 16:40:31,304] {processor.py:153} INFO - Started process (PID=537) to work on /home/airflow/.local/lib/python3.7/site-packages/airflow/example_dags/example_skip_dag.py
[2022-08-19 16:40:31,307] {processor.py:641} INFO - Processing file /home/airflow/.local/lib/python3.7/site-packages/airflow/example_dags/example_skip_dag.py for tasks to queue
[2022-08-19 16:40:31,308] {logging_mixin.py:115} INFO - [2022-08-19 16:40:31,308] {dagbag.py:507} INFO - Filling up the DagBag from /home/airflow/.local/lib/python3.7/site-packages/airflow/example_dags/example_skip_dag.py
[2022-08-19 16:40:31,325] {processor.py:651} INFO - DAG(s) dict_keys(['example_skip_dag']) retrieved from /home/airflow/.local/lib/python3.7/site-packages/airflow/example_dags/example_skip_dag.py
[2022-08-19 16:40:31,409] {logging_mixin.py:115} INFO - [2022-08-19 16:40:31,409] {dag.py:2379} INFO - Sync 1 DAGs
[2022-08-19 16:40:31,461] {logging_mixin.py:115} INFO - [2022-08-19 16:40:31,461] {dag.py:2931} INFO - Setting next_dagrun for example_skip_dag to 2022-08-18T16:40:31.461219+00:00, run_after=2022-08-19T16:40:31.461219+00:00
[2022-08-19 16:40:31,483] {processor.py:161} INFO - Processing /home/airflow/.local/lib/python3.7/site-packages/airflow/example_dags/example_skip_dag.py took 0.196 seconds
[2022-08-19 16:41:02,626] {processor.py:153} INFO - Started process (PID=591) to work on /home/airflow/.local/lib/python3.7/site-packages/airflow/example_dags/example_skip_dag.py
[2022-08-19 16:41:02,636] {processor.py:641} INFO - Processing file /home/airflow/.local/lib/python3.7/site-packages/airflow/example_dags/example_skip_dag.py for tasks to queue
[2022-08-19 16:41:02,636] {logging_mixin.py:115} INFO - [2022-08-19 16:41:02,636] {dagbag.py:507} INFO - Filling up the DagBag from /home/airflow/.local/lib/python3.7/site-packages/airflow/example_dags/example_skip_dag.py
[2022-08-19 16:41:02,645] {processor.py:651} INFO - DAG(s) dict_keys(['example_skip_dag']) retrieved from /home/airflow/.local/lib/python3.7/site-packages/airflow/example_dags/example_skip_dag.py
[2022-08-19 16:41:02,692] {logging_mixin.py:115} INFO - [2022-08-19 16:41:02,691] {dag.py:2379} INFO - Sync 1 DAGs
[2022-08-19 16:41:02,726] {logging_mixin.py:115} INFO - [2022-08-19 16:41:02,725] {dag.py:2931} INFO - Setting next_dagrun for example_skip_dag to 2022-08-18T16:41:02.725661+00:00, run_after=2022-08-19T16:41:02.725661+00:00
[2022-08-19 16:41:02,743] {processor.py:161} INFO - Processing /home/airflow/.local/lib/python3.7/site-packages/airflow/example_dags/example_skip_dag.py took 0.123 seconds
[2022-08-19 16:41:33,084] {processor.py:153} INFO - Started process (PID=654) to work on /home/airflow/.local/lib/python3.7/site-packages/airflow/example_dags/example_skip_dag.py
[2022-08-19 16:41:33,084] {processor.py:641} INFO - Processing file /home/airflow/.local/lib/python3.7/site-packages/airflow/example_dags/example_skip_dag.py for tasks to queue
[2022-08-19 16:41:33,085] {logging_mixin.py:115} INFO - [2022-08-19 16:41:33,085] {dagbag.py:507} INFO - Filling up the DagBag from /home/airflow/.local/lib/python3.7/site-packages/airflow/example_dags/example_skip_dag.py
[2022-08-19 16:41:33,093] {processor.py:651} INFO - DAG(s) dict_keys(['example_skip_dag']) retrieved from /home/airflow/.local/lib/python3.7/site-packages/airflow/example_dags/example_skip_dag.py
[2022-08-19 16:41:33,146] {logging_mixin.py:115} INFO - [2022-08-19 16:41:33,146] {dag.py:2379} INFO - Sync 1 DAGs
[2022-08-19 16:41:33,195] {logging_mixin.py:115} INFO - [2022-08-19 16:41:33,195] {dag.py:2931} INFO - Setting next_dagrun for example_skip_dag to 2022-08-18T16:41:33.194934+00:00, run_after=2022-08-19T16:41:33.194934+00:00
[2022-08-19 16:41:33,225] {processor.py:161} INFO - Processing /home/airflow/.local/lib/python3.7/site-packages/airflow/example_dags/example_skip_dag.py took 0.147 seconds
[2022-08-19 16:42:05,001] {processor.py:153} INFO - Started process (PID=714) to work on /home/airflow/.local/lib/python3.7/site-packages/airflow/example_dags/example_skip_dag.py
[2022-08-19 16:42:05,002] {processor.py:641} INFO - Processing file /home/airflow/.local/lib/python3.7/site-packages/airflow/example_dags/example_skip_dag.py for tasks to queue
[2022-08-19 16:42:05,002] {logging_mixin.py:115} INFO - [2022-08-19 16:42:05,002] {dagbag.py:507} INFO - Filling up the DagBag from /home/airflow/.local/lib/python3.7/site-packages/airflow/example_dags/example_skip_dag.py
[2022-08-19 16:42:05,009] {processor.py:651} INFO - DAG(s) dict_keys(['example_skip_dag']) retrieved from /home/airflow/.local/lib/python3.7/site-packages/airflow/example_dags/example_skip_dag.py
[2022-08-19 16:42:05,065] {logging_mixin.py:115} INFO - [2022-08-19 16:42:05,065] {dag.py:2379} INFO - Sync 1 DAGs
[2022-08-19 16:42:05,116] {logging_mixin.py:115} INFO - [2022-08-19 16:42:05,116] {dag.py:2931} INFO - Setting next_dagrun for example_skip_dag to 2022-08-18T16:42:05.116368+00:00, run_after=2022-08-19T16:42:05.116368+00:00
[2022-08-19 16:42:05,143] {processor.py:161} INFO - Processing /home/airflow/.local/lib/python3.7/site-packages/airflow/example_dags/example_skip_dag.py took 0.147 seconds
[2022-08-19 16:42:35,272] {processor.py:153} INFO - Started process (PID=770) to work on /home/airflow/.local/lib/python3.7/site-packages/airflow/example_dags/example_skip_dag.py
[2022-08-19 16:42:35,273] {processor.py:641} INFO - Processing file /home/airflow/.local/lib/python3.7/site-packages/airflow/example_dags/example_skip_dag.py for tasks to queue
[2022-08-19 16:42:35,274] {logging_mixin.py:115} INFO - [2022-08-19 16:42:35,273] {dagbag.py:507} INFO - Filling up the DagBag from /home/airflow/.local/lib/python3.7/site-packages/airflow/example_dags/example_skip_dag.py
[2022-08-19 16:42:35,280] {processor.py:651} INFO - DAG(s) dict_keys(['example_skip_dag']) retrieved from /home/airflow/.local/lib/python3.7/site-packages/airflow/example_dags/example_skip_dag.py
[2022-08-19 16:42:35,325] {logging_mixin.py:115} INFO - [2022-08-19 16:42:35,325] {dag.py:2379} INFO - Sync 1 DAGs
[2022-08-19 16:42:35,348] {logging_mixin.py:115} INFO - [2022-08-19 16:42:35,348] {dag.py:2931} INFO - Setting next_dagrun for example_skip_dag to 2022-08-18T16:42:35.348113+00:00, run_after=2022-08-19T16:42:35.348113+00:00
[2022-08-19 16:42:35,379] {processor.py:161} INFO - Processing /home/airflow/.local/lib/python3.7/site-packages/airflow/example_dags/example_skip_dag.py took 0.109 seconds
[2022-08-19 16:43:06,810] {processor.py:153} INFO - Started process (PID=833) to work on /home/airflow/.local/lib/python3.7/site-packages/airflow/example_dags/example_skip_dag.py
[2022-08-19 16:43:06,812] {processor.py:641} INFO - Processing file /home/airflow/.local/lib/python3.7/site-packages/airflow/example_dags/example_skip_dag.py for tasks to queue
[2022-08-19 16:43:06,813] {logging_mixin.py:115} INFO - [2022-08-19 16:43:06,812] {dagbag.py:507} INFO - Filling up the DagBag from /home/airflow/.local/lib/python3.7/site-packages/airflow/example_dags/example_skip_dag.py
[2022-08-19 16:43:06,830] {processor.py:651} INFO - DAG(s) dict_keys(['example_skip_dag']) retrieved from /home/airflow/.local/lib/python3.7/site-packages/airflow/example_dags/example_skip_dag.py
[2022-08-19 16:43:06,869] {logging_mixin.py:115} INFO - [2022-08-19 16:43:06,869] {dag.py:2379} INFO - Sync 1 DAGs
[2022-08-19 16:43:06,909] {logging_mixin.py:115} INFO - [2022-08-19 16:43:06,909] {dag.py:2931} INFO - Setting next_dagrun for example_skip_dag to 2022-08-18T16:43:06.909524+00:00, run_after=2022-08-19T16:43:06.909524+00:00
[2022-08-19 16:43:06,949] {processor.py:161} INFO - Processing /home/airflow/.local/lib/python3.7/site-packages/airflow/example_dags/example_skip_dag.py took 0.144 seconds
[2022-08-19 16:43:37,501] {processor.py:153} INFO - Started process (PID=886) to work on /home/airflow/.local/lib/python3.7/site-packages/airflow/example_dags/example_skip_dag.py
[2022-08-19 16:43:37,501] {processor.py:641} INFO - Processing file /home/airflow/.local/lib/python3.7/site-packages/airflow/example_dags/example_skip_dag.py for tasks to queue
[2022-08-19 16:43:37,502] {logging_mixin.py:115} INFO - [2022-08-19 16:43:37,502] {dagbag.py:507} INFO - Filling up the DagBag from /home/airflow/.local/lib/python3.7/site-packages/airflow/example_dags/example_skip_dag.py
[2022-08-19 16:43:37,507] {processor.py:651} INFO - DAG(s) dict_keys(['example_skip_dag']) retrieved from /home/airflow/.local/lib/python3.7/site-packages/airflow/example_dags/example_skip_dag.py
[2022-08-19 16:43:37,539] {logging_mixin.py:115} INFO - [2022-08-19 16:43:37,539] {dag.py:2379} INFO - Sync 1 DAGs
[2022-08-19 16:43:37,572] {logging_mixin.py:115} INFO - [2022-08-19 16:43:37,572] {dag.py:2931} INFO - Setting next_dagrun for example_skip_dag to 2022-08-18T16:43:37.568984+00:00, run_after=2022-08-19T16:43:37.568984+00:00
[2022-08-19 16:43:37,610] {processor.py:161} INFO - Processing /home/airflow/.local/lib/python3.7/site-packages/airflow/example_dags/example_skip_dag.py took 0.114 seconds
[2022-08-19 16:44:08,242] {processor.py:153} INFO - Started process (PID=950) to work on /home/airflow/.local/lib/python3.7/site-packages/airflow/example_dags/example_skip_dag.py
[2022-08-19 16:44:08,244] {processor.py:641} INFO - Processing file /home/airflow/.local/lib/python3.7/site-packages/airflow/example_dags/example_skip_dag.py for tasks to queue
[2022-08-19 16:44:08,245] {logging_mixin.py:115} INFO - [2022-08-19 16:44:08,245] {dagbag.py:507} INFO - Filling up the DagBag from /home/airflow/.local/lib/python3.7/site-packages/airflow/example_dags/example_skip_dag.py
[2022-08-19 16:44:08,252] {processor.py:651} INFO - DAG(s) dict_keys(['example_skip_dag']) retrieved from /home/airflow/.local/lib/python3.7/site-packages/airflow/example_dags/example_skip_dag.py
[2022-08-19 16:44:08,282] {logging_mixin.py:115} INFO - [2022-08-19 16:44:08,282] {dag.py:2379} INFO - Sync 1 DAGs
[2022-08-19 16:44:08,305] {logging_mixin.py:115} INFO - [2022-08-19 16:44:08,305] {dag.py:2931} INFO - Setting next_dagrun for example_skip_dag to 2022-08-18T16:44:08.305068+00:00, run_after=2022-08-19T16:44:08.305068+00:00
[2022-08-19 16:44:08,321] {processor.py:161} INFO - Processing /home/airflow/.local/lib/python3.7/site-packages/airflow/example_dags/example_skip_dag.py took 0.084 seconds
[2022-08-19 16:44:39,286] {processor.py:153} INFO - Started process (PID=1004) to work on /home/airflow/.local/lib/python3.7/site-packages/airflow/example_dags/example_skip_dag.py
[2022-08-19 16:44:39,286] {processor.py:641} INFO - Processing file /home/airflow/.local/lib/python3.7/site-packages/airflow/example_dags/example_skip_dag.py for tasks to queue
[2022-08-19 16:44:39,287] {logging_mixin.py:115} INFO - [2022-08-19 16:44:39,287] {dagbag.py:507} INFO - Filling up the DagBag from /home/airflow/.local/lib/python3.7/site-packages/airflow/example_dags/example_skip_dag.py
[2022-08-19 16:44:39,292] {processor.py:651} INFO - DAG(s) dict_keys(['example_skip_dag']) retrieved from /home/airflow/.local/lib/python3.7/site-packages/airflow/example_dags/example_skip_dag.py
[2022-08-19 16:44:39,320] {logging_mixin.py:115} INFO - [2022-08-19 16:44:39,320] {dag.py:2379} INFO - Sync 1 DAGs
[2022-08-19 16:44:39,345] {logging_mixin.py:115} INFO - [2022-08-19 16:44:39,344] {dag.py:2931} INFO - Setting next_dagrun for example_skip_dag to 2022-08-18T16:44:39.344578+00:00, run_after=2022-08-19T16:44:39.344578+00:00
[2022-08-19 16:44:39,370] {processor.py:161} INFO - Processing /home/airflow/.local/lib/python3.7/site-packages/airflow/example_dags/example_skip_dag.py took 0.087 seconds
[2022-08-19 16:45:12,388] {processor.py:153} INFO - Started process (PID=1066) to work on /home/airflow/.local/lib/python3.7/site-packages/airflow/example_dags/example_skip_dag.py
[2022-08-19 16:45:12,390] {processor.py:641} INFO - Processing file /home/airflow/.local/lib/python3.7/site-packages/airflow/example_dags/example_skip_dag.py for tasks to queue
[2022-08-19 16:45:12,390] {logging_mixin.py:115} INFO - [2022-08-19 16:45:12,390] {dagbag.py:507} INFO - Filling up the DagBag from /home/airflow/.local/lib/python3.7/site-packages/airflow/example_dags/example_skip_dag.py
[2022-08-19 16:45:12,408] {processor.py:651} INFO - DAG(s) dict_keys(['example_skip_dag']) retrieved from /home/airflow/.local/lib/python3.7/site-packages/airflow/example_dags/example_skip_dag.py
[2022-08-19 16:45:12,447] {logging_mixin.py:115} INFO - [2022-08-19 16:45:12,447] {dag.py:2379} INFO - Sync 1 DAGs
[2022-08-19 16:45:12,489] {logging_mixin.py:115} INFO - [2022-08-19 16:45:12,489] {dag.py:2931} INFO - Setting next_dagrun for example_skip_dag to 2022-08-18T16:45:12.488737+00:00, run_after=2022-08-19T16:45:12.488737+00:00
[2022-08-19 16:45:12,523] {processor.py:161} INFO - Processing /home/airflow/.local/lib/python3.7/site-packages/airflow/example_dags/example_skip_dag.py took 0.138 seconds
[2022-08-19 16:45:42,732] {processor.py:153} INFO - Started process (PID=1128) to work on /home/airflow/.local/lib/python3.7/site-packages/airflow/example_dags/example_skip_dag.py
[2022-08-19 16:45:42,733] {processor.py:641} INFO - Processing file /home/airflow/.local/lib/python3.7/site-packages/airflow/example_dags/example_skip_dag.py for tasks to queue
[2022-08-19 16:45:42,733] {logging_mixin.py:115} INFO - [2022-08-19 16:45:42,733] {dagbag.py:507} INFO - Filling up the DagBag from /home/airflow/.local/lib/python3.7/site-packages/airflow/example_dags/example_skip_dag.py
[2022-08-19 16:45:42,739] {processor.py:651} INFO - DAG(s) dict_keys(['example_skip_dag']) retrieved from /home/airflow/.local/lib/python3.7/site-packages/airflow/example_dags/example_skip_dag.py
[2022-08-19 16:45:42,775] {logging_mixin.py:115} INFO - [2022-08-19 16:45:42,775] {dag.py:2379} INFO - Sync 1 DAGs
[2022-08-19 16:45:42,812] {logging_mixin.py:115} INFO - [2022-08-19 16:45:42,812] {dag.py:2931} INFO - Setting next_dagrun for example_skip_dag to 2022-08-18T16:45:42.812318+00:00, run_after=2022-08-19T16:45:42.812318+00:00
[2022-08-19 16:45:42,828] {processor.py:161} INFO - Processing /home/airflow/.local/lib/python3.7/site-packages/airflow/example_dags/example_skip_dag.py took 0.100 seconds
[2022-08-19 16:46:13,947] {processor.py:153} INFO - Started process (PID=1182) to work on /home/airflow/.local/lib/python3.7/site-packages/airflow/example_dags/example_skip_dag.py
[2022-08-19 16:46:13,951] {processor.py:641} INFO - Processing file /home/airflow/.local/lib/python3.7/site-packages/airflow/example_dags/example_skip_dag.py for tasks to queue
[2022-08-19 16:46:13,953] {logging_mixin.py:115} INFO - [2022-08-19 16:46:13,953] {dagbag.py:507} INFO - Filling up the DagBag from /home/airflow/.local/lib/python3.7/site-packages/airflow/example_dags/example_skip_dag.py
[2022-08-19 16:46:13,958] {processor.py:651} INFO - DAG(s) dict_keys(['example_skip_dag']) retrieved from /home/airflow/.local/lib/python3.7/site-packages/airflow/example_dags/example_skip_dag.py
[2022-08-19 16:46:14,004] {logging_mixin.py:115} INFO - [2022-08-19 16:46:14,004] {dag.py:2379} INFO - Sync 1 DAGs
[2022-08-19 16:46:14,035] {logging_mixin.py:115} INFO - [2022-08-19 16:46:14,035] {dag.py:2931} INFO - Setting next_dagrun for example_skip_dag to 2022-08-18T16:46:14.035017+00:00, run_after=2022-08-19T16:46:14.035017+00:00
[2022-08-19 16:46:14,059] {processor.py:161} INFO - Processing /home/airflow/.local/lib/python3.7/site-packages/airflow/example_dags/example_skip_dag.py took 0.114 seconds
[2022-08-19 16:47:31,859] {processor.py:153} INFO - Started process (PID=63) to work on /home/airflow/.local/lib/python3.7/site-packages/airflow/example_dags/example_skip_dag.py
[2022-08-19 16:47:31,861] {processor.py:641} INFO - Processing file /home/airflow/.local/lib/python3.7/site-packages/airflow/example_dags/example_skip_dag.py for tasks to queue
[2022-08-19 16:47:31,864] {logging_mixin.py:115} INFO - [2022-08-19 16:47:31,862] {dagbag.py:507} INFO - Filling up the DagBag from /home/airflow/.local/lib/python3.7/site-packages/airflow/example_dags/example_skip_dag.py
[2022-08-19 16:47:31,873] {processor.py:651} INFO - DAG(s) dict_keys(['example_skip_dag']) retrieved from /home/airflow/.local/lib/python3.7/site-packages/airflow/example_dags/example_skip_dag.py
[2022-08-19 16:47:31,980] {logging_mixin.py:115} INFO - [2022-08-19 16:47:31,980] {dag.py:2379} INFO - Sync 1 DAGs
[2022-08-19 16:47:32,057] {logging_mixin.py:115} INFO - [2022-08-19 16:47:32,054] {dag.py:2931} INFO - Setting next_dagrun for example_skip_dag to 2022-08-18T16:47:32.053617+00:00, run_after=2022-08-19T16:47:32.053617+00:00
[2022-08-19 16:47:32,085] {processor.py:161} INFO - Processing /home/airflow/.local/lib/python3.7/site-packages/airflow/example_dags/example_skip_dag.py took 0.233 seconds
[2022-08-19 16:48:02,869] {processor.py:153} INFO - Started process (PID=125) to work on /home/airflow/.local/lib/python3.7/site-packages/airflow/example_dags/example_skip_dag.py
[2022-08-19 16:48:02,871] {processor.py:641} INFO - Processing file /home/airflow/.local/lib/python3.7/site-packages/airflow/example_dags/example_skip_dag.py for tasks to queue
[2022-08-19 16:48:02,871] {logging_mixin.py:115} INFO - [2022-08-19 16:48:02,871] {dagbag.py:507} INFO - Filling up the DagBag from /home/airflow/.local/lib/python3.7/site-packages/airflow/example_dags/example_skip_dag.py
[2022-08-19 16:48:02,879] {processor.py:651} INFO - DAG(s) dict_keys(['example_skip_dag']) retrieved from /home/airflow/.local/lib/python3.7/site-packages/airflow/example_dags/example_skip_dag.py
[2022-08-19 16:48:02,930] {logging_mixin.py:115} INFO - [2022-08-19 16:48:02,930] {dag.py:2379} INFO - Sync 1 DAGs
[2022-08-19 16:48:02,987] {logging_mixin.py:115} INFO - [2022-08-19 16:48:02,987] {dag.py:2931} INFO - Setting next_dagrun for example_skip_dag to 2022-08-18T16:48:02.986486+00:00, run_after=2022-08-19T16:48:02.986486+00:00
[2022-08-19 16:48:03,015] {processor.py:161} INFO - Processing /home/airflow/.local/lib/python3.7/site-packages/airflow/example_dags/example_skip_dag.py took 0.150 seconds
[2022-08-19 16:49:17,932] {processor.py:153} INFO - Started process (PID=64) to work on /home/airflow/.local/lib/python3.7/site-packages/airflow/example_dags/example_skip_dag.py
[2022-08-19 16:49:17,934] {processor.py:641} INFO - Processing file /home/airflow/.local/lib/python3.7/site-packages/airflow/example_dags/example_skip_dag.py for tasks to queue
[2022-08-19 16:49:17,935] {logging_mixin.py:115} INFO - [2022-08-19 16:49:17,935] {dagbag.py:507} INFO - Filling up the DagBag from /home/airflow/.local/lib/python3.7/site-packages/airflow/example_dags/example_skip_dag.py
[2022-08-19 16:49:17,941] {processor.py:651} INFO - DAG(s) dict_keys(['example_skip_dag']) retrieved from /home/airflow/.local/lib/python3.7/site-packages/airflow/example_dags/example_skip_dag.py
[2022-08-19 16:49:18,031] {logging_mixin.py:115} INFO - [2022-08-19 16:49:18,031] {dag.py:2379} INFO - Sync 1 DAGs
[2022-08-19 16:49:18,084] {logging_mixin.py:115} INFO - [2022-08-19 16:49:18,083] {dag.py:2931} INFO - Setting next_dagrun for example_skip_dag to 2022-08-18T16:49:18.083535+00:00, run_after=2022-08-19T16:49:18.083535+00:00
[2022-08-19 16:49:18,110] {processor.py:161} INFO - Processing /home/airflow/.local/lib/python3.7/site-packages/airflow/example_dags/example_skip_dag.py took 0.183 seconds
[2022-08-19 16:49:54,577] {processor.py:153} INFO - Started process (PID=127) to work on /home/airflow/.local/lib/python3.7/site-packages/airflow/example_dags/example_skip_dag.py
[2022-08-19 16:49:54,583] {processor.py:641} INFO - Processing file /home/airflow/.local/lib/python3.7/site-packages/airflow/example_dags/example_skip_dag.py for tasks to queue
[2022-08-19 16:49:54,584] {logging_mixin.py:115} INFO - [2022-08-19 16:49:54,584] {dagbag.py:507} INFO - Filling up the DagBag from /home/airflow/.local/lib/python3.7/site-packages/airflow/example_dags/example_skip_dag.py
[2022-08-19 16:49:54,599] {processor.py:651} INFO - DAG(s) dict_keys(['example_skip_dag']) retrieved from /home/airflow/.local/lib/python3.7/site-packages/airflow/example_dags/example_skip_dag.py
[2022-08-19 16:49:54,630] {logging_mixin.py:115} INFO - [2022-08-19 16:49:54,630] {dag.py:2379} INFO - Sync 1 DAGs
[2022-08-19 16:49:54,656] {logging_mixin.py:115} INFO - [2022-08-19 16:49:54,656] {dag.py:2931} INFO - Setting next_dagrun for example_skip_dag to 2022-08-18T16:49:54.656091+00:00, run_after=2022-08-19T16:49:54.656091+00:00
[2022-08-19 16:49:54,709] {processor.py:161} INFO - Processing /home/airflow/.local/lib/python3.7/site-packages/airflow/example_dags/example_skip_dag.py took 0.136 seconds
[2022-08-19 16:50:25,081] {processor.py:153} INFO - Started process (PID=179) to work on /home/airflow/.local/lib/python3.7/site-packages/airflow/example_dags/example_skip_dag.py
[2022-08-19 16:50:25,082] {processor.py:641} INFO - Processing file /home/airflow/.local/lib/python3.7/site-packages/airflow/example_dags/example_skip_dag.py for tasks to queue
[2022-08-19 16:50:25,082] {logging_mixin.py:115} INFO - [2022-08-19 16:50:25,082] {dagbag.py:507} INFO - Filling up the DagBag from /home/airflow/.local/lib/python3.7/site-packages/airflow/example_dags/example_skip_dag.py
[2022-08-19 16:50:25,088] {processor.py:651} INFO - DAG(s) dict_keys(['example_skip_dag']) retrieved from /home/airflow/.local/lib/python3.7/site-packages/airflow/example_dags/example_skip_dag.py
[2022-08-19 16:50:25,133] {logging_mixin.py:115} INFO - [2022-08-19 16:50:25,133] {dag.py:2379} INFO - Sync 1 DAGs
[2022-08-19 16:50:25,155] {logging_mixin.py:115} INFO - [2022-08-19 16:50:25,155] {dag.py:2931} INFO - Setting next_dagrun for example_skip_dag to 2022-08-18T16:50:25.155394+00:00, run_after=2022-08-19T16:50:25.155394+00:00
[2022-08-19 16:50:25,170] {processor.py:161} INFO - Processing /home/airflow/.local/lib/python3.7/site-packages/airflow/example_dags/example_skip_dag.py took 0.098 seconds
[2022-08-19 16:50:55,326] {processor.py:153} INFO - Started process (PID=240) to work on /home/airflow/.local/lib/python3.7/site-packages/airflow/example_dags/example_skip_dag.py
[2022-08-19 16:50:55,327] {processor.py:641} INFO - Processing file /home/airflow/.local/lib/python3.7/site-packages/airflow/example_dags/example_skip_dag.py for tasks to queue
[2022-08-19 16:50:55,327] {logging_mixin.py:115} INFO - [2022-08-19 16:50:55,327] {dagbag.py:507} INFO - Filling up the DagBag from /home/airflow/.local/lib/python3.7/site-packages/airflow/example_dags/example_skip_dag.py
[2022-08-19 16:50:55,332] {processor.py:651} INFO - DAG(s) dict_keys(['example_skip_dag']) retrieved from /home/airflow/.local/lib/python3.7/site-packages/airflow/example_dags/example_skip_dag.py
[2022-08-19 16:50:55,362] {logging_mixin.py:115} INFO - [2022-08-19 16:50:55,361] {dag.py:2379} INFO - Sync 1 DAGs
[2022-08-19 16:50:55,392] {logging_mixin.py:115} INFO - [2022-08-19 16:50:55,392] {dag.py:2931} INFO - Setting next_dagrun for example_skip_dag to 2022-08-18T16:50:55.392275+00:00, run_after=2022-08-19T16:50:55.392275+00:00
[2022-08-19 16:50:55,419] {processor.py:161} INFO - Processing /home/airflow/.local/lib/python3.7/site-packages/airflow/example_dags/example_skip_dag.py took 0.096 seconds
[2022-08-19 16:51:25,579] {processor.py:153} INFO - Started process (PID=293) to work on /home/airflow/.local/lib/python3.7/site-packages/airflow/example_dags/example_skip_dag.py
[2022-08-19 16:51:25,579] {processor.py:641} INFO - Processing file /home/airflow/.local/lib/python3.7/site-packages/airflow/example_dags/example_skip_dag.py for tasks to queue
[2022-08-19 16:51:25,580] {logging_mixin.py:115} INFO - [2022-08-19 16:51:25,580] {dagbag.py:507} INFO - Filling up the DagBag from /home/airflow/.local/lib/python3.7/site-packages/airflow/example_dags/example_skip_dag.py
[2022-08-19 16:51:25,590] {processor.py:651} INFO - DAG(s) dict_keys(['example_skip_dag']) retrieved from /home/airflow/.local/lib/python3.7/site-packages/airflow/example_dags/example_skip_dag.py
[2022-08-19 16:51:25,623] {logging_mixin.py:115} INFO - [2022-08-19 16:51:25,623] {dag.py:2379} INFO - Sync 1 DAGs
[2022-08-19 16:51:25,658] {logging_mixin.py:115} INFO - [2022-08-19 16:51:25,658] {dag.py:2931} INFO - Setting next_dagrun for example_skip_dag to 2022-08-18T16:51:25.658073+00:00, run_after=2022-08-19T16:51:25.658073+00:00
[2022-08-19 16:51:25,678] {processor.py:161} INFO - Processing /home/airflow/.local/lib/python3.7/site-packages/airflow/example_dags/example_skip_dag.py took 0.106 seconds
[2022-08-19 16:51:56,027] {processor.py:153} INFO - Started process (PID=359) to work on /home/airflow/.local/lib/python3.7/site-packages/airflow/example_dags/example_skip_dag.py
[2022-08-19 16:51:56,028] {processor.py:641} INFO - Processing file /home/airflow/.local/lib/python3.7/site-packages/airflow/example_dags/example_skip_dag.py for tasks to queue
[2022-08-19 16:51:56,029] {logging_mixin.py:115} INFO - [2022-08-19 16:51:56,029] {dagbag.py:507} INFO - Filling up the DagBag from /home/airflow/.local/lib/python3.7/site-packages/airflow/example_dags/example_skip_dag.py
[2022-08-19 16:51:56,034] {processor.py:651} INFO - DAG(s) dict_keys(['example_skip_dag']) retrieved from /home/airflow/.local/lib/python3.7/site-packages/airflow/example_dags/example_skip_dag.py
[2022-08-19 16:51:56,067] {logging_mixin.py:115} INFO - [2022-08-19 16:51:56,067] {dag.py:2379} INFO - Sync 1 DAGs
[2022-08-19 16:51:56,090] {logging_mixin.py:115} INFO - [2022-08-19 16:51:56,090] {dag.py:2931} INFO - Setting next_dagrun for example_skip_dag to 2022-08-18T16:51:56.089932+00:00, run_after=2022-08-19T16:51:56.089932+00:00
[2022-08-19 16:51:56,103] {processor.py:161} INFO - Processing /home/airflow/.local/lib/python3.7/site-packages/airflow/example_dags/example_skip_dag.py took 0.079 seconds
[2022-08-19 16:52:26,870] {processor.py:153} INFO - Started process (PID=412) to work on /home/airflow/.local/lib/python3.7/site-packages/airflow/example_dags/example_skip_dag.py
[2022-08-19 16:52:26,871] {processor.py:641} INFO - Processing file /home/airflow/.local/lib/python3.7/site-packages/airflow/example_dags/example_skip_dag.py for tasks to queue
[2022-08-19 16:52:26,871] {logging_mixin.py:115} INFO - [2022-08-19 16:52:26,871] {dagbag.py:507} INFO - Filling up the DagBag from /home/airflow/.local/lib/python3.7/site-packages/airflow/example_dags/example_skip_dag.py
[2022-08-19 16:52:26,876] {processor.py:651} INFO - DAG(s) dict_keys(['example_skip_dag']) retrieved from /home/airflow/.local/lib/python3.7/site-packages/airflow/example_dags/example_skip_dag.py
[2022-08-19 16:52:26,903] {logging_mixin.py:115} INFO - [2022-08-19 16:52:26,903] {dag.py:2379} INFO - Sync 1 DAGs
[2022-08-19 16:52:26,931] {logging_mixin.py:115} INFO - [2022-08-19 16:52:26,931] {dag.py:2931} INFO - Setting next_dagrun for example_skip_dag to 2022-08-18T16:52:26.931349+00:00, run_after=2022-08-19T16:52:26.931349+00:00
[2022-08-19 16:52:26,946] {processor.py:161} INFO - Processing /home/airflow/.local/lib/python3.7/site-packages/airflow/example_dags/example_skip_dag.py took 0.078 seconds
[2022-08-19 16:52:57,321] {processor.py:153} INFO - Started process (PID=476) to work on /home/airflow/.local/lib/python3.7/site-packages/airflow/example_dags/example_skip_dag.py
[2022-08-19 16:52:57,322] {processor.py:641} INFO - Processing file /home/airflow/.local/lib/python3.7/site-packages/airflow/example_dags/example_skip_dag.py for tasks to queue
[2022-08-19 16:52:57,323] {logging_mixin.py:115} INFO - [2022-08-19 16:52:57,323] {dagbag.py:507} INFO - Filling up the DagBag from /home/airflow/.local/lib/python3.7/site-packages/airflow/example_dags/example_skip_dag.py
[2022-08-19 16:52:57,329] {processor.py:651} INFO - DAG(s) dict_keys(['example_skip_dag']) retrieved from /home/airflow/.local/lib/python3.7/site-packages/airflow/example_dags/example_skip_dag.py
[2022-08-19 16:52:57,362] {logging_mixin.py:115} INFO - [2022-08-19 16:52:57,362] {dag.py:2379} INFO - Sync 1 DAGs
[2022-08-19 16:52:57,394] {logging_mixin.py:115} INFO - [2022-08-19 16:52:57,394] {dag.py:2931} INFO - Setting next_dagrun for example_skip_dag to 2022-08-18T16:52:57.394337+00:00, run_after=2022-08-19T16:52:57.394337+00:00
[2022-08-19 16:52:57,415] {processor.py:161} INFO - Processing /home/airflow/.local/lib/python3.7/site-packages/airflow/example_dags/example_skip_dag.py took 0.101 seconds
[2022-08-19 16:53:27,573] {processor.py:153} INFO - Started process (PID=538) to work on /home/airflow/.local/lib/python3.7/site-packages/airflow/example_dags/example_skip_dag.py
[2022-08-19 16:53:27,574] {processor.py:641} INFO - Processing file /home/airflow/.local/lib/python3.7/site-packages/airflow/example_dags/example_skip_dag.py for tasks to queue
[2022-08-19 16:53:27,574] {logging_mixin.py:115} INFO - [2022-08-19 16:53:27,574] {dagbag.py:507} INFO - Filling up the DagBag from /home/airflow/.local/lib/python3.7/site-packages/airflow/example_dags/example_skip_dag.py
[2022-08-19 16:53:27,580] {processor.py:651} INFO - DAG(s) dict_keys(['example_skip_dag']) retrieved from /home/airflow/.local/lib/python3.7/site-packages/airflow/example_dags/example_skip_dag.py
[2022-08-19 16:53:27,612] {logging_mixin.py:115} INFO - [2022-08-19 16:53:27,612] {dag.py:2379} INFO - Sync 1 DAGs
[2022-08-19 16:53:27,635] {logging_mixin.py:115} INFO - [2022-08-19 16:53:27,635] {dag.py:2931} INFO - Setting next_dagrun for example_skip_dag to 2022-08-18T16:53:27.635248+00:00, run_after=2022-08-19T16:53:27.635248+00:00
[2022-08-19 16:53:27,650] {processor.py:161} INFO - Processing /home/airflow/.local/lib/python3.7/site-packages/airflow/example_dags/example_skip_dag.py took 0.082 seconds
[2022-08-19 16:53:57,894] {processor.py:153} INFO - Started process (PID=591) to work on /home/airflow/.local/lib/python3.7/site-packages/airflow/example_dags/example_skip_dag.py
[2022-08-19 16:53:57,895] {processor.py:641} INFO - Processing file /home/airflow/.local/lib/python3.7/site-packages/airflow/example_dags/example_skip_dag.py for tasks to queue
[2022-08-19 16:53:57,896] {logging_mixin.py:115} INFO - [2022-08-19 16:53:57,896] {dagbag.py:507} INFO - Filling up the DagBag from /home/airflow/.local/lib/python3.7/site-packages/airflow/example_dags/example_skip_dag.py
[2022-08-19 16:53:57,902] {processor.py:651} INFO - DAG(s) dict_keys(['example_skip_dag']) retrieved from /home/airflow/.local/lib/python3.7/site-packages/airflow/example_dags/example_skip_dag.py
[2022-08-19 16:53:57,942] {logging_mixin.py:115} INFO - [2022-08-19 16:53:57,942] {dag.py:2379} INFO - Sync 1 DAGs
[2022-08-19 16:53:57,976] {logging_mixin.py:115} INFO - [2022-08-19 16:53:57,975] {dag.py:2931} INFO - Setting next_dagrun for example_skip_dag to 2022-08-18T16:53:57.975658+00:00, run_after=2022-08-19T16:53:57.975658+00:00
[2022-08-19 16:53:58,012] {processor.py:161} INFO - Processing /home/airflow/.local/lib/python3.7/site-packages/airflow/example_dags/example_skip_dag.py took 0.122 seconds
