[2022-08-19 15:37:50,078] {processor.py:153} INFO - Started process (PID=51) to work on /home/airflow/.local/lib/python3.7/site-packages/airflow/example_dags/example_latest_only_with_trigger.py
[2022-08-19 15:37:50,078] {processor.py:641} INFO - Processing file /home/airflow/.local/lib/python3.7/site-packages/airflow/example_dags/example_latest_only_with_trigger.py for tasks to queue
[2022-08-19 15:37:50,079] {logging_mixin.py:115} INFO - [2022-08-19 15:37:50,079] {dagbag.py:507} INFO - Filling up the DagBag from /home/airflow/.local/lib/python3.7/site-packages/airflow/example_dags/example_latest_only_with_trigger.py
[2022-08-19 15:37:50,112] {processor.py:651} INFO - DAG(s) dict_keys(['latest_only_with_trigger']) retrieved from /home/airflow/.local/lib/python3.7/site-packages/airflow/example_dags/example_latest_only_with_trigger.py
[2022-08-19 15:37:50,173] {logging_mixin.py:115} INFO - [2022-08-19 15:37:50,173] {dag.py:2379} INFO - Sync 1 DAGs
[2022-08-19 15:37:50,588] {logging_mixin.py:115} INFO - [2022-08-19 15:37:50,588] {dag.py:2931} INFO - Setting next_dagrun for latest_only_with_trigger to 2022-08-19T11:37:50.587870+00:00, run_after=2022-08-19T15:37:50.587870+00:00
[2022-08-19 15:37:50,663] {processor.py:161} INFO - Processing /home/airflow/.local/lib/python3.7/site-packages/airflow/example_dags/example_latest_only_with_trigger.py took 0.596 seconds
[2022-08-19 15:38:21,218] {processor.py:153} INFO - Started process (PID=113) to work on /home/airflow/.local/lib/python3.7/site-packages/airflow/example_dags/example_latest_only_with_trigger.py
[2022-08-19 15:38:21,219] {processor.py:641} INFO - Processing file /home/airflow/.local/lib/python3.7/site-packages/airflow/example_dags/example_latest_only_with_trigger.py for tasks to queue
[2022-08-19 15:38:21,219] {logging_mixin.py:115} INFO - [2022-08-19 15:38:21,219] {dagbag.py:507} INFO - Filling up the DagBag from /home/airflow/.local/lib/python3.7/site-packages/airflow/example_dags/example_latest_only_with_trigger.py
[2022-08-19 15:38:21,225] {processor.py:651} INFO - DAG(s) dict_keys(['latest_only_with_trigger']) retrieved from /home/airflow/.local/lib/python3.7/site-packages/airflow/example_dags/example_latest_only_with_trigger.py
[2022-08-19 15:38:21,254] {logging_mixin.py:115} INFO - [2022-08-19 15:38:21,254] {dag.py:2379} INFO - Sync 1 DAGs
[2022-08-19 15:38:21,381] {logging_mixin.py:115} INFO - [2022-08-19 15:38:21,381] {dag.py:2931} INFO - Setting next_dagrun for latest_only_with_trigger to 2022-08-19T11:38:21.381643+00:00, run_after=2022-08-19T15:38:21.381643+00:00
[2022-08-19 15:38:21,395] {processor.py:161} INFO - Processing /home/airflow/.local/lib/python3.7/site-packages/airflow/example_dags/example_latest_only_with_trigger.py took 0.180 seconds
[2022-08-19 15:38:52,225] {processor.py:153} INFO - Started process (PID=169) to work on /home/airflow/.local/lib/python3.7/site-packages/airflow/example_dags/example_latest_only_with_trigger.py
[2022-08-19 15:38:52,226] {processor.py:641} INFO - Processing file /home/airflow/.local/lib/python3.7/site-packages/airflow/example_dags/example_latest_only_with_trigger.py for tasks to queue
[2022-08-19 15:38:52,227] {logging_mixin.py:115} INFO - [2022-08-19 15:38:52,227] {dagbag.py:507} INFO - Filling up the DagBag from /home/airflow/.local/lib/python3.7/site-packages/airflow/example_dags/example_latest_only_with_trigger.py
[2022-08-19 15:38:52,235] {processor.py:651} INFO - DAG(s) dict_keys(['latest_only_with_trigger']) retrieved from /home/airflow/.local/lib/python3.7/site-packages/airflow/example_dags/example_latest_only_with_trigger.py
[2022-08-19 15:38:52,293] {logging_mixin.py:115} INFO - [2022-08-19 15:38:52,293] {dag.py:2379} INFO - Sync 1 DAGs
[2022-08-19 15:38:52,515] {logging_mixin.py:115} INFO - [2022-08-19 15:38:52,515] {dag.py:2931} INFO - Setting next_dagrun for latest_only_with_trigger to 2022-08-19T11:38:52.515339+00:00, run_after=2022-08-19T15:38:52.515339+00:00
[2022-08-19 15:38:52,555] {processor.py:161} INFO - Processing /home/airflow/.local/lib/python3.7/site-packages/airflow/example_dags/example_latest_only_with_trigger.py took 0.334 seconds
[2022-08-19 15:39:23,547] {processor.py:153} INFO - Started process (PID=232) to work on /home/airflow/.local/lib/python3.7/site-packages/airflow/example_dags/example_latest_only_with_trigger.py
[2022-08-19 15:39:23,549] {processor.py:641} INFO - Processing file /home/airflow/.local/lib/python3.7/site-packages/airflow/example_dags/example_latest_only_with_trigger.py for tasks to queue
[2022-08-19 15:39:23,550] {logging_mixin.py:115} INFO - [2022-08-19 15:39:23,550] {dagbag.py:507} INFO - Filling up the DagBag from /home/airflow/.local/lib/python3.7/site-packages/airflow/example_dags/example_latest_only_with_trigger.py
[2022-08-19 15:39:23,559] {processor.py:651} INFO - DAG(s) dict_keys(['latest_only_with_trigger']) retrieved from /home/airflow/.local/lib/python3.7/site-packages/airflow/example_dags/example_latest_only_with_trigger.py
[2022-08-19 15:39:23,604] {logging_mixin.py:115} INFO - [2022-08-19 15:39:23,604] {dag.py:2379} INFO - Sync 1 DAGs
[2022-08-19 15:39:23,746] {logging_mixin.py:115} INFO - [2022-08-19 15:39:23,746] {dag.py:2931} INFO - Setting next_dagrun for latest_only_with_trigger to 2022-08-19T11:39:23.746476+00:00, run_after=2022-08-19T15:39:23.746476+00:00
[2022-08-19 15:39:23,764] {processor.py:161} INFO - Processing /home/airflow/.local/lib/python3.7/site-packages/airflow/example_dags/example_latest_only_with_trigger.py took 0.224 seconds
[2022-08-19 15:39:54,195] {processor.py:153} INFO - Started process (PID=286) to work on /home/airflow/.local/lib/python3.7/site-packages/airflow/example_dags/example_latest_only_with_trigger.py
[2022-08-19 15:39:54,196] {processor.py:641} INFO - Processing file /home/airflow/.local/lib/python3.7/site-packages/airflow/example_dags/example_latest_only_with_trigger.py for tasks to queue
[2022-08-19 15:39:54,197] {logging_mixin.py:115} INFO - [2022-08-19 15:39:54,197] {dagbag.py:507} INFO - Filling up the DagBag from /home/airflow/.local/lib/python3.7/site-packages/airflow/example_dags/example_latest_only_with_trigger.py
[2022-08-19 15:39:54,203] {processor.py:651} INFO - DAG(s) dict_keys(['latest_only_with_trigger']) retrieved from /home/airflow/.local/lib/python3.7/site-packages/airflow/example_dags/example_latest_only_with_trigger.py
[2022-08-19 15:39:54,233] {logging_mixin.py:115} INFO - [2022-08-19 15:39:54,233] {dag.py:2379} INFO - Sync 1 DAGs
[2022-08-19 15:39:54,375] {logging_mixin.py:115} INFO - [2022-08-19 15:39:54,374] {dag.py:2931} INFO - Setting next_dagrun for latest_only_with_trigger to 2022-08-19T11:39:54.373586+00:00, run_after=2022-08-19T15:39:54.373586+00:00
[2022-08-19 15:39:54,395] {processor.py:161} INFO - Processing /home/airflow/.local/lib/python3.7/site-packages/airflow/example_dags/example_latest_only_with_trigger.py took 0.203 seconds
[2022-08-19 15:40:25,023] {processor.py:153} INFO - Started process (PID=351) to work on /home/airflow/.local/lib/python3.7/site-packages/airflow/example_dags/example_latest_only_with_trigger.py
[2022-08-19 15:40:25,025] {processor.py:641} INFO - Processing file /home/airflow/.local/lib/python3.7/site-packages/airflow/example_dags/example_latest_only_with_trigger.py for tasks to queue
[2022-08-19 15:40:25,025] {logging_mixin.py:115} INFO - [2022-08-19 15:40:25,025] {dagbag.py:507} INFO - Filling up the DagBag from /home/airflow/.local/lib/python3.7/site-packages/airflow/example_dags/example_latest_only_with_trigger.py
[2022-08-19 15:40:25,033] {processor.py:651} INFO - DAG(s) dict_keys(['latest_only_with_trigger']) retrieved from /home/airflow/.local/lib/python3.7/site-packages/airflow/example_dags/example_latest_only_with_trigger.py
[2022-08-19 15:40:25,062] {logging_mixin.py:115} INFO - [2022-08-19 15:40:25,062] {dag.py:2379} INFO - Sync 1 DAGs
[2022-08-19 15:40:25,189] {logging_mixin.py:115} INFO - [2022-08-19 15:40:25,189] {dag.py:2931} INFO - Setting next_dagrun for latest_only_with_trigger to 2022-08-19T11:40:25.189295+00:00, run_after=2022-08-19T15:40:25.189295+00:00
[2022-08-19 15:40:25,225] {processor.py:161} INFO - Processing /home/airflow/.local/lib/python3.7/site-packages/airflow/example_dags/example_latest_only_with_trigger.py took 0.205 seconds
[2022-08-19 15:40:55,998] {processor.py:153} INFO - Started process (PID=414) to work on /home/airflow/.local/lib/python3.7/site-packages/airflow/example_dags/example_latest_only_with_trigger.py
[2022-08-19 15:40:55,999] {processor.py:641} INFO - Processing file /home/airflow/.local/lib/python3.7/site-packages/airflow/example_dags/example_latest_only_with_trigger.py for tasks to queue
[2022-08-19 15:40:55,999] {logging_mixin.py:115} INFO - [2022-08-19 15:40:55,999] {dagbag.py:507} INFO - Filling up the DagBag from /home/airflow/.local/lib/python3.7/site-packages/airflow/example_dags/example_latest_only_with_trigger.py
[2022-08-19 15:40:56,004] {processor.py:651} INFO - DAG(s) dict_keys(['latest_only_with_trigger']) retrieved from /home/airflow/.local/lib/python3.7/site-packages/airflow/example_dags/example_latest_only_with_trigger.py
[2022-08-19 15:40:56,036] {logging_mixin.py:115} INFO - [2022-08-19 15:40:56,036] {dag.py:2379} INFO - Sync 1 DAGs
[2022-08-19 15:40:56,167] {logging_mixin.py:115} INFO - [2022-08-19 15:40:56,167] {dag.py:2931} INFO - Setting next_dagrun for latest_only_with_trigger to 2022-08-19T11:40:56.167464+00:00, run_after=2022-08-19T15:40:56.167464+00:00
[2022-08-19 15:40:56,181] {processor.py:161} INFO - Processing /home/airflow/.local/lib/python3.7/site-packages/airflow/example_dags/example_latest_only_with_trigger.py took 0.186 seconds
[2022-08-19 15:41:26,285] {processor.py:153} INFO - Started process (PID=466) to work on /home/airflow/.local/lib/python3.7/site-packages/airflow/example_dags/example_latest_only_with_trigger.py
[2022-08-19 15:41:26,285] {processor.py:641} INFO - Processing file /home/airflow/.local/lib/python3.7/site-packages/airflow/example_dags/example_latest_only_with_trigger.py for tasks to queue
[2022-08-19 15:41:26,286] {logging_mixin.py:115} INFO - [2022-08-19 15:41:26,286] {dagbag.py:507} INFO - Filling up the DagBag from /home/airflow/.local/lib/python3.7/site-packages/airflow/example_dags/example_latest_only_with_trigger.py
[2022-08-19 15:41:26,291] {processor.py:651} INFO - DAG(s) dict_keys(['latest_only_with_trigger']) retrieved from /home/airflow/.local/lib/python3.7/site-packages/airflow/example_dags/example_latest_only_with_trigger.py
[2022-08-19 15:41:26,318] {logging_mixin.py:115} INFO - [2022-08-19 15:41:26,318] {dag.py:2379} INFO - Sync 1 DAGs
[2022-08-19 15:41:26,439] {logging_mixin.py:115} INFO - [2022-08-19 15:41:26,439] {dag.py:2931} INFO - Setting next_dagrun for latest_only_with_trigger to 2022-08-19T11:41:26.439086+00:00, run_after=2022-08-19T15:41:26.439086+00:00
[2022-08-19 15:41:26,452] {processor.py:161} INFO - Processing /home/airflow/.local/lib/python3.7/site-packages/airflow/example_dags/example_latest_only_with_trigger.py took 0.171 seconds
[2022-08-19 15:41:56,615] {processor.py:153} INFO - Started process (PID=532) to work on /home/airflow/.local/lib/python3.7/site-packages/airflow/example_dags/example_latest_only_with_trigger.py
[2022-08-19 15:41:56,616] {processor.py:641} INFO - Processing file /home/airflow/.local/lib/python3.7/site-packages/airflow/example_dags/example_latest_only_with_trigger.py for tasks to queue
[2022-08-19 15:41:56,616] {logging_mixin.py:115} INFO - [2022-08-19 15:41:56,616] {dagbag.py:507} INFO - Filling up the DagBag from /home/airflow/.local/lib/python3.7/site-packages/airflow/example_dags/example_latest_only_with_trigger.py
[2022-08-19 15:41:56,622] {processor.py:651} INFO - DAG(s) dict_keys(['latest_only_with_trigger']) retrieved from /home/airflow/.local/lib/python3.7/site-packages/airflow/example_dags/example_latest_only_with_trigger.py
[2022-08-19 15:41:56,652] {logging_mixin.py:115} INFO - [2022-08-19 15:41:56,652] {dag.py:2379} INFO - Sync 1 DAGs
[2022-08-19 15:41:56,799] {logging_mixin.py:115} INFO - [2022-08-19 15:41:56,799] {dag.py:2931} INFO - Setting next_dagrun for latest_only_with_trigger to 2022-08-19T11:41:56.798783+00:00, run_after=2022-08-19T15:41:56.798783+00:00
[2022-08-19 15:41:56,813] {processor.py:161} INFO - Processing /home/airflow/.local/lib/python3.7/site-packages/airflow/example_dags/example_latest_only_with_trigger.py took 0.201 seconds
[2022-08-19 15:42:27,415] {processor.py:153} INFO - Started process (PID=586) to work on /home/airflow/.local/lib/python3.7/site-packages/airflow/example_dags/example_latest_only_with_trigger.py
[2022-08-19 15:42:27,415] {processor.py:641} INFO - Processing file /home/airflow/.local/lib/python3.7/site-packages/airflow/example_dags/example_latest_only_with_trigger.py for tasks to queue
[2022-08-19 15:42:27,416] {logging_mixin.py:115} INFO - [2022-08-19 15:42:27,416] {dagbag.py:507} INFO - Filling up the DagBag from /home/airflow/.local/lib/python3.7/site-packages/airflow/example_dags/example_latest_only_with_trigger.py
[2022-08-19 15:42:27,421] {processor.py:651} INFO - DAG(s) dict_keys(['latest_only_with_trigger']) retrieved from /home/airflow/.local/lib/python3.7/site-packages/airflow/example_dags/example_latest_only_with_trigger.py
[2022-08-19 15:42:27,448] {logging_mixin.py:115} INFO - [2022-08-19 15:42:27,448] {dag.py:2379} INFO - Sync 1 DAGs
[2022-08-19 15:42:27,596] {logging_mixin.py:115} INFO - [2022-08-19 15:42:27,596] {dag.py:2931} INFO - Setting next_dagrun for latest_only_with_trigger to 2022-08-19T11:42:27.595867+00:00, run_after=2022-08-19T15:42:27.595867+00:00
[2022-08-19 15:42:27,612] {processor.py:161} INFO - Processing /home/airflow/.local/lib/python3.7/site-packages/airflow/example_dags/example_latest_only_with_trigger.py took 0.201 seconds
[2022-08-19 15:42:57,850] {processor.py:153} INFO - Started process (PID=648) to work on /home/airflow/.local/lib/python3.7/site-packages/airflow/example_dags/example_latest_only_with_trigger.py
[2022-08-19 15:42:57,850] {processor.py:641} INFO - Processing file /home/airflow/.local/lib/python3.7/site-packages/airflow/example_dags/example_latest_only_with_trigger.py for tasks to queue
[2022-08-19 15:42:57,851] {logging_mixin.py:115} INFO - [2022-08-19 15:42:57,851] {dagbag.py:507} INFO - Filling up the DagBag from /home/airflow/.local/lib/python3.7/site-packages/airflow/example_dags/example_latest_only_with_trigger.py
[2022-08-19 15:42:57,859] {processor.py:651} INFO - DAG(s) dict_keys(['latest_only_with_trigger']) retrieved from /home/airflow/.local/lib/python3.7/site-packages/airflow/example_dags/example_latest_only_with_trigger.py
[2022-08-19 15:42:58,066] {logging_mixin.py:115} INFO - [2022-08-19 15:42:58,066] {dag.py:2379} INFO - Sync 1 DAGs
[2022-08-19 15:42:58,107] {logging_mixin.py:115} INFO - [2022-08-19 15:42:58,107] {dag.py:2931} INFO - Setting next_dagrun for latest_only_with_trigger to 2022-08-19T11:42:58.107050+00:00, run_after=2022-08-19T15:42:58.107050+00:00
[2022-08-19 15:42:58,129] {processor.py:161} INFO - Processing /home/airflow/.local/lib/python3.7/site-packages/airflow/example_dags/example_latest_only_with_trigger.py took 0.285 seconds
[2022-08-19 15:44:02,558] {processor.py:153} INFO - Started process (PID=52) to work on /home/airflow/.local/lib/python3.7/site-packages/airflow/example_dags/example_latest_only_with_trigger.py
[2022-08-19 15:44:02,562] {processor.py:641} INFO - Processing file /home/airflow/.local/lib/python3.7/site-packages/airflow/example_dags/example_latest_only_with_trigger.py for tasks to queue
[2022-08-19 15:44:02,563] {logging_mixin.py:115} INFO - [2022-08-19 15:44:02,563] {dagbag.py:507} INFO - Filling up the DagBag from /home/airflow/.local/lib/python3.7/site-packages/airflow/example_dags/example_latest_only_with_trigger.py
[2022-08-19 15:44:02,571] {processor.py:651} INFO - DAG(s) dict_keys(['latest_only_with_trigger']) retrieved from /home/airflow/.local/lib/python3.7/site-packages/airflow/example_dags/example_latest_only_with_trigger.py
[2022-08-19 15:44:02,635] {logging_mixin.py:115} INFO - [2022-08-19 15:44:02,635] {dag.py:2379} INFO - Sync 1 DAGs
[2022-08-19 15:44:02,720] {logging_mixin.py:115} INFO - [2022-08-19 15:44:02,708] {dag.py:2931} INFO - Setting next_dagrun for latest_only_with_trigger to 2022-08-19T11:44:02.708592+00:00, run_after=2022-08-19T15:44:02.708592+00:00
[2022-08-19 15:44:02,794] {processor.py:161} INFO - Processing /home/airflow/.local/lib/python3.7/site-packages/airflow/example_dags/example_latest_only_with_trigger.py took 0.244 seconds
[2022-08-19 15:44:33,253] {processor.py:153} INFO - Started process (PID=106) to work on /home/airflow/.local/lib/python3.7/site-packages/airflow/example_dags/example_latest_only_with_trigger.py
[2022-08-19 15:44:33,257] {processor.py:641} INFO - Processing file /home/airflow/.local/lib/python3.7/site-packages/airflow/example_dags/example_latest_only_with_trigger.py for tasks to queue
[2022-08-19 15:44:33,260] {logging_mixin.py:115} INFO - [2022-08-19 15:44:33,259] {dagbag.py:507} INFO - Filling up the DagBag from /home/airflow/.local/lib/python3.7/site-packages/airflow/example_dags/example_latest_only_with_trigger.py
[2022-08-19 15:44:33,281] {processor.py:651} INFO - DAG(s) dict_keys(['latest_only_with_trigger']) retrieved from /home/airflow/.local/lib/python3.7/site-packages/airflow/example_dags/example_latest_only_with_trigger.py
[2022-08-19 15:44:33,327] {logging_mixin.py:115} INFO - [2022-08-19 15:44:33,327] {dag.py:2379} INFO - Sync 1 DAGs
[2022-08-19 15:44:33,353] {logging_mixin.py:115} INFO - [2022-08-19 15:44:33,353] {dag.py:2931} INFO - Setting next_dagrun for latest_only_with_trigger to 2022-08-19T11:44:33.353302+00:00, run_after=2022-08-19T15:44:33.353302+00:00
[2022-08-19 15:44:33,371] {processor.py:161} INFO - Processing /home/airflow/.local/lib/python3.7/site-packages/airflow/example_dags/example_latest_only_with_trigger.py took 0.131 seconds
[2022-08-19 16:13:51,746] {processor.py:153} INFO - Started process (PID=52) to work on /home/airflow/.local/lib/python3.7/site-packages/airflow/example_dags/example_latest_only_with_trigger.py
[2022-08-19 16:13:51,750] {processor.py:641} INFO - Processing file /home/airflow/.local/lib/python3.7/site-packages/airflow/example_dags/example_latest_only_with_trigger.py for tasks to queue
[2022-08-19 16:13:51,750] {logging_mixin.py:115} INFO - [2022-08-19 16:13:51,750] {dagbag.py:507} INFO - Filling up the DagBag from /home/airflow/.local/lib/python3.7/site-packages/airflow/example_dags/example_latest_only_with_trigger.py
[2022-08-19 16:13:51,759] {processor.py:651} INFO - DAG(s) dict_keys(['latest_only_with_trigger']) retrieved from /home/airflow/.local/lib/python3.7/site-packages/airflow/example_dags/example_latest_only_with_trigger.py
[2022-08-19 16:13:51,861] {logging_mixin.py:115} INFO - [2022-08-19 16:13:51,861] {dag.py:2379} INFO - Sync 1 DAGs
[2022-08-19 16:13:51,941] {logging_mixin.py:115} INFO - [2022-08-19 16:13:51,941] {dag.py:2931} INFO - Setting next_dagrun for latest_only_with_trigger to 2022-08-19T12:13:51.941143+00:00, run_after=2022-08-19T16:13:51.941143+00:00
[2022-08-19 16:13:51,966] {processor.py:161} INFO - Processing /home/airflow/.local/lib/python3.7/site-packages/airflow/example_dags/example_latest_only_with_trigger.py took 0.226 seconds
[2022-08-19 16:14:22,197] {processor.py:153} INFO - Started process (PID=104) to work on /home/airflow/.local/lib/python3.7/site-packages/airflow/example_dags/example_latest_only_with_trigger.py
[2022-08-19 16:14:22,198] {processor.py:641} INFO - Processing file /home/airflow/.local/lib/python3.7/site-packages/airflow/example_dags/example_latest_only_with_trigger.py for tasks to queue
[2022-08-19 16:14:22,198] {logging_mixin.py:115} INFO - [2022-08-19 16:14:22,198] {dagbag.py:507} INFO - Filling up the DagBag from /home/airflow/.local/lib/python3.7/site-packages/airflow/example_dags/example_latest_only_with_trigger.py
[2022-08-19 16:14:22,205] {processor.py:651} INFO - DAG(s) dict_keys(['latest_only_with_trigger']) retrieved from /home/airflow/.local/lib/python3.7/site-packages/airflow/example_dags/example_latest_only_with_trigger.py
[2022-08-19 16:14:22,244] {logging_mixin.py:115} INFO - [2022-08-19 16:14:22,243] {dag.py:2379} INFO - Sync 1 DAGs
[2022-08-19 16:14:22,284] {logging_mixin.py:115} INFO - [2022-08-19 16:14:22,284] {dag.py:2931} INFO - Setting next_dagrun for latest_only_with_trigger to 2022-08-19T12:14:22.283825+00:00, run_after=2022-08-19T16:14:22.283825+00:00
[2022-08-19 16:14:22,303] {processor.py:161} INFO - Processing /home/airflow/.local/lib/python3.7/site-packages/airflow/example_dags/example_latest_only_with_trigger.py took 0.112 seconds
[2022-08-19 16:14:52,869] {processor.py:153} INFO - Started process (PID=158) to work on /home/airflow/.local/lib/python3.7/site-packages/airflow/example_dags/example_latest_only_with_trigger.py
[2022-08-19 16:14:52,870] {processor.py:641} INFO - Processing file /home/airflow/.local/lib/python3.7/site-packages/airflow/example_dags/example_latest_only_with_trigger.py for tasks to queue
[2022-08-19 16:14:52,871] {logging_mixin.py:115} INFO - [2022-08-19 16:14:52,870] {dagbag.py:507} INFO - Filling up the DagBag from /home/airflow/.local/lib/python3.7/site-packages/airflow/example_dags/example_latest_only_with_trigger.py
[2022-08-19 16:14:52,876] {processor.py:651} INFO - DAG(s) dict_keys(['latest_only_with_trigger']) retrieved from /home/airflow/.local/lib/python3.7/site-packages/airflow/example_dags/example_latest_only_with_trigger.py
[2022-08-19 16:14:52,925] {logging_mixin.py:115} INFO - [2022-08-19 16:14:52,925] {dag.py:2379} INFO - Sync 1 DAGs
[2022-08-19 16:14:52,951] {logging_mixin.py:115} INFO - [2022-08-19 16:14:52,951] {dag.py:2931} INFO - Setting next_dagrun for latest_only_with_trigger to 2022-08-19T12:14:52.951328+00:00, run_after=2022-08-19T16:14:52.951328+00:00
[2022-08-19 16:14:52,973] {processor.py:161} INFO - Processing /home/airflow/.local/lib/python3.7/site-packages/airflow/example_dags/example_latest_only_with_trigger.py took 0.110 seconds
[2022-08-19 16:15:23,106] {processor.py:153} INFO - Started process (PID=220) to work on /home/airflow/.local/lib/python3.7/site-packages/airflow/example_dags/example_latest_only_with_trigger.py
[2022-08-19 16:15:23,113] {processor.py:641} INFO - Processing file /home/airflow/.local/lib/python3.7/site-packages/airflow/example_dags/example_latest_only_with_trigger.py for tasks to queue
[2022-08-19 16:15:23,114] {logging_mixin.py:115} INFO - [2022-08-19 16:15:23,113] {dagbag.py:507} INFO - Filling up the DagBag from /home/airflow/.local/lib/python3.7/site-packages/airflow/example_dags/example_latest_only_with_trigger.py
[2022-08-19 16:15:23,121] {processor.py:651} INFO - DAG(s) dict_keys(['latest_only_with_trigger']) retrieved from /home/airflow/.local/lib/python3.7/site-packages/airflow/example_dags/example_latest_only_with_trigger.py
[2022-08-19 16:15:23,157] {logging_mixin.py:115} INFO - [2022-08-19 16:15:23,157] {dag.py:2379} INFO - Sync 1 DAGs
[2022-08-19 16:15:23,190] {logging_mixin.py:115} INFO - [2022-08-19 16:15:23,190] {dag.py:2931} INFO - Setting next_dagrun for latest_only_with_trigger to 2022-08-19T12:15:23.190436+00:00, run_after=2022-08-19T16:15:23.190436+00:00
[2022-08-19 16:15:23,414] {processor.py:161} INFO - Processing /home/airflow/.local/lib/python3.7/site-packages/airflow/example_dags/example_latest_only_with_trigger.py took 0.312 seconds
[2022-08-19 16:15:53,591] {processor.py:153} INFO - Started process (PID=273) to work on /home/airflow/.local/lib/python3.7/site-packages/airflow/example_dags/example_latest_only_with_trigger.py
[2022-08-19 16:15:53,591] {processor.py:641} INFO - Processing file /home/airflow/.local/lib/python3.7/site-packages/airflow/example_dags/example_latest_only_with_trigger.py for tasks to queue
[2022-08-19 16:15:53,591] {logging_mixin.py:115} INFO - [2022-08-19 16:15:53,591] {dagbag.py:507} INFO - Filling up the DagBag from /home/airflow/.local/lib/python3.7/site-packages/airflow/example_dags/example_latest_only_with_trigger.py
[2022-08-19 16:15:53,596] {processor.py:651} INFO - DAG(s) dict_keys(['latest_only_with_trigger']) retrieved from /home/airflow/.local/lib/python3.7/site-packages/airflow/example_dags/example_latest_only_with_trigger.py
[2022-08-19 16:15:53,623] {logging_mixin.py:115} INFO - [2022-08-19 16:15:53,623] {dag.py:2379} INFO - Sync 1 DAGs
[2022-08-19 16:15:53,646] {logging_mixin.py:115} INFO - [2022-08-19 16:15:53,646] {dag.py:2931} INFO - Setting next_dagrun for latest_only_with_trigger to 2022-08-19T12:15:53.645830+00:00, run_after=2022-08-19T16:15:53.645830+00:00
[2022-08-19 16:15:53,662] {processor.py:161} INFO - Processing /home/airflow/.local/lib/python3.7/site-packages/airflow/example_dags/example_latest_only_with_trigger.py took 0.074 seconds
[2022-08-19 16:16:24,323] {processor.py:153} INFO - Started process (PID=336) to work on /home/airflow/.local/lib/python3.7/site-packages/airflow/example_dags/example_latest_only_with_trigger.py
[2022-08-19 16:16:24,331] {processor.py:641} INFO - Processing file /home/airflow/.local/lib/python3.7/site-packages/airflow/example_dags/example_latest_only_with_trigger.py for tasks to queue
[2022-08-19 16:16:24,331] {logging_mixin.py:115} INFO - [2022-08-19 16:16:24,331] {dagbag.py:507} INFO - Filling up the DagBag from /home/airflow/.local/lib/python3.7/site-packages/airflow/example_dags/example_latest_only_with_trigger.py
[2022-08-19 16:16:24,337] {processor.py:651} INFO - DAG(s) dict_keys(['latest_only_with_trigger']) retrieved from /home/airflow/.local/lib/python3.7/site-packages/airflow/example_dags/example_latest_only_with_trigger.py
[2022-08-19 16:16:24,371] {logging_mixin.py:115} INFO - [2022-08-19 16:16:24,371] {dag.py:2379} INFO - Sync 1 DAGs
[2022-08-19 16:16:24,401] {logging_mixin.py:115} INFO - [2022-08-19 16:16:24,401] {dag.py:2931} INFO - Setting next_dagrun for latest_only_with_trigger to 2022-08-19T12:16:24.400958+00:00, run_after=2022-08-19T16:16:24.400958+00:00
[2022-08-19 16:16:24,433] {processor.py:161} INFO - Processing /home/airflow/.local/lib/python3.7/site-packages/airflow/example_dags/example_latest_only_with_trigger.py took 0.113 seconds
[2022-08-19 16:16:55,203] {processor.py:153} INFO - Started process (PID=389) to work on /home/airflow/.local/lib/python3.7/site-packages/airflow/example_dags/example_latest_only_with_trigger.py
[2022-08-19 16:16:55,204] {processor.py:641} INFO - Processing file /home/airflow/.local/lib/python3.7/site-packages/airflow/example_dags/example_latest_only_with_trigger.py for tasks to queue
[2022-08-19 16:16:55,205] {logging_mixin.py:115} INFO - [2022-08-19 16:16:55,205] {dagbag.py:507} INFO - Filling up the DagBag from /home/airflow/.local/lib/python3.7/site-packages/airflow/example_dags/example_latest_only_with_trigger.py
[2022-08-19 16:16:55,214] {processor.py:651} INFO - DAG(s) dict_keys(['latest_only_with_trigger']) retrieved from /home/airflow/.local/lib/python3.7/site-packages/airflow/example_dags/example_latest_only_with_trigger.py
[2022-08-19 16:16:55,261] {logging_mixin.py:115} INFO - [2022-08-19 16:16:55,261] {dag.py:2379} INFO - Sync 1 DAGs
[2022-08-19 16:16:55,294] {logging_mixin.py:115} INFO - [2022-08-19 16:16:55,294] {dag.py:2931} INFO - Setting next_dagrun for latest_only_with_trigger to 2022-08-19T12:16:55.294043+00:00, run_after=2022-08-19T16:16:55.294043+00:00
[2022-08-19 16:16:55,317] {processor.py:161} INFO - Processing /home/airflow/.local/lib/python3.7/site-packages/airflow/example_dags/example_latest_only_with_trigger.py took 0.118 seconds
[2022-08-19 16:17:25,695] {processor.py:153} INFO - Started process (PID=452) to work on /home/airflow/.local/lib/python3.7/site-packages/airflow/example_dags/example_latest_only_with_trigger.py
[2022-08-19 16:17:25,696] {processor.py:641} INFO - Processing file /home/airflow/.local/lib/python3.7/site-packages/airflow/example_dags/example_latest_only_with_trigger.py for tasks to queue
[2022-08-19 16:17:25,696] {logging_mixin.py:115} INFO - [2022-08-19 16:17:25,696] {dagbag.py:507} INFO - Filling up the DagBag from /home/airflow/.local/lib/python3.7/site-packages/airflow/example_dags/example_latest_only_with_trigger.py
[2022-08-19 16:17:25,702] {processor.py:651} INFO - DAG(s) dict_keys(['latest_only_with_trigger']) retrieved from /home/airflow/.local/lib/python3.7/site-packages/airflow/example_dags/example_latest_only_with_trigger.py
[2022-08-19 16:17:25,735] {logging_mixin.py:115} INFO - [2022-08-19 16:17:25,735] {dag.py:2379} INFO - Sync 1 DAGs
[2022-08-19 16:17:25,795] {logging_mixin.py:115} INFO - [2022-08-19 16:17:25,795] {dag.py:2931} INFO - Setting next_dagrun for latest_only_with_trigger to 2022-08-19T12:17:25.795209+00:00, run_after=2022-08-19T16:17:25.795209+00:00
[2022-08-19 16:17:25,815] {processor.py:161} INFO - Processing /home/airflow/.local/lib/python3.7/site-packages/airflow/example_dags/example_latest_only_with_trigger.py took 0.123 seconds
[2022-08-19 16:24:22,678] {processor.py:153} INFO - Started process (PID=52) to work on /home/airflow/.local/lib/python3.7/site-packages/airflow/example_dags/example_latest_only_with_trigger.py
[2022-08-19 16:24:22,684] {processor.py:641} INFO - Processing file /home/airflow/.local/lib/python3.7/site-packages/airflow/example_dags/example_latest_only_with_trigger.py for tasks to queue
[2022-08-19 16:24:22,686] {logging_mixin.py:115} INFO - [2022-08-19 16:24:22,686] {dagbag.py:507} INFO - Filling up the DagBag from /home/airflow/.local/lib/python3.7/site-packages/airflow/example_dags/example_latest_only_with_trigger.py
[2022-08-19 16:24:22,704] {processor.py:651} INFO - DAG(s) dict_keys(['latest_only_with_trigger']) retrieved from /home/airflow/.local/lib/python3.7/site-packages/airflow/example_dags/example_latest_only_with_trigger.py
[2022-08-19 16:24:22,780] {logging_mixin.py:115} INFO - [2022-08-19 16:24:22,780] {dag.py:2379} INFO - Sync 1 DAGs
[2022-08-19 16:24:22,857] {logging_mixin.py:115} INFO - [2022-08-19 16:24:22,857] {dag.py:2931} INFO - Setting next_dagrun for latest_only_with_trigger to 2022-08-19T12:24:22.857622+00:00, run_after=2022-08-19T16:24:22.857622+00:00
[2022-08-19 16:24:22,893] {processor.py:161} INFO - Processing /home/airflow/.local/lib/python3.7/site-packages/airflow/example_dags/example_latest_only_with_trigger.py took 0.230 seconds
[2022-08-19 16:24:52,950] {processor.py:153} INFO - Started process (PID=103) to work on /home/airflow/.local/lib/python3.7/site-packages/airflow/example_dags/example_latest_only_with_trigger.py
[2022-08-19 16:24:52,950] {processor.py:641} INFO - Processing file /home/airflow/.local/lib/python3.7/site-packages/airflow/example_dags/example_latest_only_with_trigger.py for tasks to queue
[2022-08-19 16:24:52,951] {logging_mixin.py:115} INFO - [2022-08-19 16:24:52,950] {dagbag.py:507} INFO - Filling up the DagBag from /home/airflow/.local/lib/python3.7/site-packages/airflow/example_dags/example_latest_only_with_trigger.py
[2022-08-19 16:24:52,956] {processor.py:651} INFO - DAG(s) dict_keys(['latest_only_with_trigger']) retrieved from /home/airflow/.local/lib/python3.7/site-packages/airflow/example_dags/example_latest_only_with_trigger.py
[2022-08-19 16:24:52,990] {logging_mixin.py:115} INFO - [2022-08-19 16:24:52,990] {dag.py:2379} INFO - Sync 1 DAGs
[2022-08-19 16:24:53,023] {logging_mixin.py:115} INFO - [2022-08-19 16:24:53,022] {dag.py:2931} INFO - Setting next_dagrun for latest_only_with_trigger to 2022-08-19T12:24:53.022658+00:00, run_after=2022-08-19T16:24:53.022658+00:00
[2022-08-19 16:24:53,040] {processor.py:161} INFO - Processing /home/airflow/.local/lib/python3.7/site-packages/airflow/example_dags/example_latest_only_with_trigger.py took 0.094 seconds
[2022-08-19 16:25:23,181] {processor.py:153} INFO - Started process (PID=166) to work on /home/airflow/.local/lib/python3.7/site-packages/airflow/example_dags/example_latest_only_with_trigger.py
[2022-08-19 16:25:23,182] {processor.py:641} INFO - Processing file /home/airflow/.local/lib/python3.7/site-packages/airflow/example_dags/example_latest_only_with_trigger.py for tasks to queue
[2022-08-19 16:25:23,182] {logging_mixin.py:115} INFO - [2022-08-19 16:25:23,182] {dagbag.py:507} INFO - Filling up the DagBag from /home/airflow/.local/lib/python3.7/site-packages/airflow/example_dags/example_latest_only_with_trigger.py
[2022-08-19 16:25:23,189] {processor.py:651} INFO - DAG(s) dict_keys(['latest_only_with_trigger']) retrieved from /home/airflow/.local/lib/python3.7/site-packages/airflow/example_dags/example_latest_only_with_trigger.py
[2022-08-19 16:25:23,218] {logging_mixin.py:115} INFO - [2022-08-19 16:25:23,218] {dag.py:2379} INFO - Sync 1 DAGs
[2022-08-19 16:25:23,247] {logging_mixin.py:115} INFO - [2022-08-19 16:25:23,246] {dag.py:2931} INFO - Setting next_dagrun for latest_only_with_trigger to 2022-08-19T12:25:23.246110+00:00, run_after=2022-08-19T16:25:23.246110+00:00
[2022-08-19 16:25:23,272] {processor.py:161} INFO - Processing /home/airflow/.local/lib/python3.7/site-packages/airflow/example_dags/example_latest_only_with_trigger.py took 0.096 seconds
[2022-08-19 16:25:53,384] {processor.py:153} INFO - Started process (PID=219) to work on /home/airflow/.local/lib/python3.7/site-packages/airflow/example_dags/example_latest_only_with_trigger.py
[2022-08-19 16:25:53,385] {processor.py:641} INFO - Processing file /home/airflow/.local/lib/python3.7/site-packages/airflow/example_dags/example_latest_only_with_trigger.py for tasks to queue
[2022-08-19 16:25:53,385] {logging_mixin.py:115} INFO - [2022-08-19 16:25:53,385] {dagbag.py:507} INFO - Filling up the DagBag from /home/airflow/.local/lib/python3.7/site-packages/airflow/example_dags/example_latest_only_with_trigger.py
[2022-08-19 16:25:53,390] {processor.py:651} INFO - DAG(s) dict_keys(['latest_only_with_trigger']) retrieved from /home/airflow/.local/lib/python3.7/site-packages/airflow/example_dags/example_latest_only_with_trigger.py
[2022-08-19 16:25:53,419] {logging_mixin.py:115} INFO - [2022-08-19 16:25:53,419] {dag.py:2379} INFO - Sync 1 DAGs
[2022-08-19 16:25:53,446] {logging_mixin.py:115} INFO - [2022-08-19 16:25:53,446] {dag.py:2931} INFO - Setting next_dagrun for latest_only_with_trigger to 2022-08-19T12:25:53.445896+00:00, run_after=2022-08-19T16:25:53.445896+00:00
[2022-08-19 16:25:53,472] {processor.py:161} INFO - Processing /home/airflow/.local/lib/python3.7/site-packages/airflow/example_dags/example_latest_only_with_trigger.py took 0.092 seconds
[2022-08-19 16:26:23,972] {processor.py:153} INFO - Started process (PID=283) to work on /home/airflow/.local/lib/python3.7/site-packages/airflow/example_dags/example_latest_only_with_trigger.py
[2022-08-19 16:26:23,977] {processor.py:641} INFO - Processing file /home/airflow/.local/lib/python3.7/site-packages/airflow/example_dags/example_latest_only_with_trigger.py for tasks to queue
[2022-08-19 16:26:23,978] {logging_mixin.py:115} INFO - [2022-08-19 16:26:23,978] {dagbag.py:507} INFO - Filling up the DagBag from /home/airflow/.local/lib/python3.7/site-packages/airflow/example_dags/example_latest_only_with_trigger.py
[2022-08-19 16:26:24,007] {processor.py:651} INFO - DAG(s) dict_keys(['latest_only_with_trigger']) retrieved from /home/airflow/.local/lib/python3.7/site-packages/airflow/example_dags/example_latest_only_with_trigger.py
[2022-08-19 16:26:24,047] {logging_mixin.py:115} INFO - [2022-08-19 16:26:24,047] {dag.py:2379} INFO - Sync 1 DAGs
[2022-08-19 16:26:24,076] {logging_mixin.py:115} INFO - [2022-08-19 16:26:24,076] {dag.py:2931} INFO - Setting next_dagrun for latest_only_with_trigger to 2022-08-19T12:26:24.076531+00:00, run_after=2022-08-19T16:26:24.076531+00:00
[2022-08-19 16:26:24,098] {processor.py:161} INFO - Processing /home/airflow/.local/lib/python3.7/site-packages/airflow/example_dags/example_latest_only_with_trigger.py took 0.138 seconds
[2022-08-19 16:31:15,139] {processor.py:153} INFO - Started process (PID=52) to work on /home/airflow/.local/lib/python3.7/site-packages/airflow/example_dags/example_latest_only_with_trigger.py
[2022-08-19 16:31:15,146] {processor.py:641} INFO - Processing file /home/airflow/.local/lib/python3.7/site-packages/airflow/example_dags/example_latest_only_with_trigger.py for tasks to queue
[2022-08-19 16:31:15,156] {logging_mixin.py:115} INFO - [2022-08-19 16:31:15,156] {dagbag.py:507} INFO - Filling up the DagBag from /home/airflow/.local/lib/python3.7/site-packages/airflow/example_dags/example_latest_only_with_trigger.py
[2022-08-19 16:31:15,171] {processor.py:651} INFO - DAG(s) dict_keys(['latest_only_with_trigger']) retrieved from /home/airflow/.local/lib/python3.7/site-packages/airflow/example_dags/example_latest_only_with_trigger.py
[2022-08-19 16:31:15,301] {logging_mixin.py:115} INFO - [2022-08-19 16:31:15,301] {dag.py:2379} INFO - Sync 1 DAGs
[2022-08-19 16:31:15,359] {logging_mixin.py:115} INFO - [2022-08-19 16:31:15,359] {dag.py:2931} INFO - Setting next_dagrun for latest_only_with_trigger to 2022-08-19T12:31:15.359132+00:00, run_after=2022-08-19T16:31:15.359132+00:00
[2022-08-19 16:31:15,393] {processor.py:161} INFO - Processing /home/airflow/.local/lib/python3.7/site-packages/airflow/example_dags/example_latest_only_with_trigger.py took 0.265 seconds
[2022-08-19 16:31:46,133] {processor.py:153} INFO - Started process (PID=104) to work on /home/airflow/.local/lib/python3.7/site-packages/airflow/example_dags/example_latest_only_with_trigger.py
[2022-08-19 16:31:46,134] {processor.py:641} INFO - Processing file /home/airflow/.local/lib/python3.7/site-packages/airflow/example_dags/example_latest_only_with_trigger.py for tasks to queue
[2022-08-19 16:31:46,134] {logging_mixin.py:115} INFO - [2022-08-19 16:31:46,134] {dagbag.py:507} INFO - Filling up the DagBag from /home/airflow/.local/lib/python3.7/site-packages/airflow/example_dags/example_latest_only_with_trigger.py
[2022-08-19 16:31:46,150] {processor.py:651} INFO - DAG(s) dict_keys(['latest_only_with_trigger']) retrieved from /home/airflow/.local/lib/python3.7/site-packages/airflow/example_dags/example_latest_only_with_trigger.py
[2022-08-19 16:31:46,216] {logging_mixin.py:115} INFO - [2022-08-19 16:31:46,216] {dag.py:2379} INFO - Sync 1 DAGs
[2022-08-19 16:31:46,277] {logging_mixin.py:115} INFO - [2022-08-19 16:31:46,277] {dag.py:2931} INFO - Setting next_dagrun for latest_only_with_trigger to 2022-08-19T12:31:46.276804+00:00, run_after=2022-08-19T16:31:46.276804+00:00
[2022-08-19 16:31:46,338] {processor.py:161} INFO - Processing /home/airflow/.local/lib/python3.7/site-packages/airflow/example_dags/example_latest_only_with_trigger.py took 0.209 seconds
[2022-08-19 16:32:16,680] {processor.py:153} INFO - Started process (PID=166) to work on /home/airflow/.local/lib/python3.7/site-packages/airflow/example_dags/example_latest_only_with_trigger.py
[2022-08-19 16:32:16,683] {processor.py:641} INFO - Processing file /home/airflow/.local/lib/python3.7/site-packages/airflow/example_dags/example_latest_only_with_trigger.py for tasks to queue
[2022-08-19 16:32:16,684] {logging_mixin.py:115} INFO - [2022-08-19 16:32:16,684] {dagbag.py:507} INFO - Filling up the DagBag from /home/airflow/.local/lib/python3.7/site-packages/airflow/example_dags/example_latest_only_with_trigger.py
[2022-08-19 16:32:16,697] {processor.py:651} INFO - DAG(s) dict_keys(['latest_only_with_trigger']) retrieved from /home/airflow/.local/lib/python3.7/site-packages/airflow/example_dags/example_latest_only_with_trigger.py
[2022-08-19 16:32:16,743] {logging_mixin.py:115} INFO - [2022-08-19 16:32:16,743] {dag.py:2379} INFO - Sync 1 DAGs
[2022-08-19 16:32:16,787] {logging_mixin.py:115} INFO - [2022-08-19 16:32:16,787] {dag.py:2931} INFO - Setting next_dagrun for latest_only_with_trigger to 2022-08-19T12:32:16.787204+00:00, run_after=2022-08-19T16:32:16.787204+00:00
[2022-08-19 16:32:16,808] {processor.py:161} INFO - Processing /home/airflow/.local/lib/python3.7/site-packages/airflow/example_dags/example_latest_only_with_trigger.py took 0.137 seconds
[2022-08-19 16:32:46,969] {processor.py:153} INFO - Started process (PID=219) to work on /home/airflow/.local/lib/python3.7/site-packages/airflow/example_dags/example_latest_only_with_trigger.py
[2022-08-19 16:32:46,970] {processor.py:641} INFO - Processing file /home/airflow/.local/lib/python3.7/site-packages/airflow/example_dags/example_latest_only_with_trigger.py for tasks to queue
[2022-08-19 16:32:46,970] {logging_mixin.py:115} INFO - [2022-08-19 16:32:46,970] {dagbag.py:507} INFO - Filling up the DagBag from /home/airflow/.local/lib/python3.7/site-packages/airflow/example_dags/example_latest_only_with_trigger.py
[2022-08-19 16:32:46,984] {processor.py:651} INFO - DAG(s) dict_keys(['latest_only_with_trigger']) retrieved from /home/airflow/.local/lib/python3.7/site-packages/airflow/example_dags/example_latest_only_with_trigger.py
[2022-08-19 16:32:47,016] {logging_mixin.py:115} INFO - [2022-08-19 16:32:47,016] {dag.py:2379} INFO - Sync 1 DAGs
[2022-08-19 16:32:47,051] {logging_mixin.py:115} INFO - [2022-08-19 16:32:47,051] {dag.py:2931} INFO - Setting next_dagrun for latest_only_with_trigger to 2022-08-19T12:32:47.050900+00:00, run_after=2022-08-19T16:32:47.050900+00:00
[2022-08-19 16:32:47,070] {processor.py:161} INFO - Processing /home/airflow/.local/lib/python3.7/site-packages/airflow/example_dags/example_latest_only_with_trigger.py took 0.112 seconds
[2022-08-19 16:33:17,631] {processor.py:153} INFO - Started process (PID=282) to work on /home/airflow/.local/lib/python3.7/site-packages/airflow/example_dags/example_latest_only_with_trigger.py
[2022-08-19 16:33:17,637] {processor.py:641} INFO - Processing file /home/airflow/.local/lib/python3.7/site-packages/airflow/example_dags/example_latest_only_with_trigger.py for tasks to queue
[2022-08-19 16:33:17,638] {logging_mixin.py:115} INFO - [2022-08-19 16:33:17,637] {dagbag.py:507} INFO - Filling up the DagBag from /home/airflow/.local/lib/python3.7/site-packages/airflow/example_dags/example_latest_only_with_trigger.py
[2022-08-19 16:33:17,650] {processor.py:651} INFO - DAG(s) dict_keys(['latest_only_with_trigger']) retrieved from /home/airflow/.local/lib/python3.7/site-packages/airflow/example_dags/example_latest_only_with_trigger.py
[2022-08-19 16:33:17,689] {logging_mixin.py:115} INFO - [2022-08-19 16:33:17,689] {dag.py:2379} INFO - Sync 1 DAGs
[2022-08-19 16:33:17,725] {logging_mixin.py:115} INFO - [2022-08-19 16:33:17,725] {dag.py:2931} INFO - Setting next_dagrun for latest_only_with_trigger to 2022-08-19T12:33:17.725546+00:00, run_after=2022-08-19T16:33:17.725546+00:00
[2022-08-19 16:33:17,745] {processor.py:161} INFO - Processing /home/airflow/.local/lib/python3.7/site-packages/airflow/example_dags/example_latest_only_with_trigger.py took 0.125 seconds
[2022-08-19 16:33:48,186] {processor.py:153} INFO - Started process (PID=335) to work on /home/airflow/.local/lib/python3.7/site-packages/airflow/example_dags/example_latest_only_with_trigger.py
[2022-08-19 16:33:48,187] {processor.py:641} INFO - Processing file /home/airflow/.local/lib/python3.7/site-packages/airflow/example_dags/example_latest_only_with_trigger.py for tasks to queue
[2022-08-19 16:33:48,187] {logging_mixin.py:115} INFO - [2022-08-19 16:33:48,187] {dagbag.py:507} INFO - Filling up the DagBag from /home/airflow/.local/lib/python3.7/site-packages/airflow/example_dags/example_latest_only_with_trigger.py
[2022-08-19 16:33:48,194] {processor.py:651} INFO - DAG(s) dict_keys(['latest_only_with_trigger']) retrieved from /home/airflow/.local/lib/python3.7/site-packages/airflow/example_dags/example_latest_only_with_trigger.py
[2022-08-19 16:33:48,233] {logging_mixin.py:115} INFO - [2022-08-19 16:33:48,230] {dag.py:2379} INFO - Sync 1 DAGs
[2022-08-19 16:33:48,259] {logging_mixin.py:115} INFO - [2022-08-19 16:33:48,259] {dag.py:2931} INFO - Setting next_dagrun for latest_only_with_trigger to 2022-08-19T12:33:48.259265+00:00, run_after=2022-08-19T16:33:48.259265+00:00
[2022-08-19 16:33:48,273] {processor.py:161} INFO - Processing /home/airflow/.local/lib/python3.7/site-packages/airflow/example_dags/example_latest_only_with_trigger.py took 0.090 seconds
[2022-08-19 16:36:21,999] {processor.py:153} INFO - Started process (PID=51) to work on /home/airflow/.local/lib/python3.7/site-packages/airflow/example_dags/example_latest_only_with_trigger.py
[2022-08-19 16:36:22,001] {processor.py:641} INFO - Processing file /home/airflow/.local/lib/python3.7/site-packages/airflow/example_dags/example_latest_only_with_trigger.py for tasks to queue
[2022-08-19 16:36:22,002] {logging_mixin.py:115} INFO - [2022-08-19 16:36:22,002] {dagbag.py:507} INFO - Filling up the DagBag from /home/airflow/.local/lib/python3.7/site-packages/airflow/example_dags/example_latest_only_with_trigger.py
[2022-08-19 16:36:22,012] {processor.py:651} INFO - DAG(s) dict_keys(['latest_only_with_trigger']) retrieved from /home/airflow/.local/lib/python3.7/site-packages/airflow/example_dags/example_latest_only_with_trigger.py
[2022-08-19 16:36:22,048] {logging_mixin.py:115} INFO - [2022-08-19 16:36:22,048] {dag.py:2379} INFO - Sync 1 DAGs
[2022-08-19 16:36:22,077] {logging_mixin.py:115} INFO - [2022-08-19 16:36:22,077] {dag.py:2931} INFO - Setting next_dagrun for latest_only_with_trigger to 2022-08-19T12:36:22.077276+00:00, run_after=2022-08-19T16:36:22.077276+00:00
[2022-08-19 16:36:22,102] {processor.py:161} INFO - Processing /home/airflow/.local/lib/python3.7/site-packages/airflow/example_dags/example_latest_only_with_trigger.py took 0.109 seconds
[2022-08-19 16:36:53,212] {processor.py:153} INFO - Started process (PID=114) to work on /home/airflow/.local/lib/python3.7/site-packages/airflow/example_dags/example_latest_only_with_trigger.py
[2022-08-19 16:36:53,213] {processor.py:641} INFO - Processing file /home/airflow/.local/lib/python3.7/site-packages/airflow/example_dags/example_latest_only_with_trigger.py for tasks to queue
[2022-08-19 16:36:53,213] {logging_mixin.py:115} INFO - [2022-08-19 16:36:53,213] {dagbag.py:507} INFO - Filling up the DagBag from /home/airflow/.local/lib/python3.7/site-packages/airflow/example_dags/example_latest_only_with_trigger.py
[2022-08-19 16:36:53,219] {processor.py:651} INFO - DAG(s) dict_keys(['latest_only_with_trigger']) retrieved from /home/airflow/.local/lib/python3.7/site-packages/airflow/example_dags/example_latest_only_with_trigger.py
[2022-08-19 16:36:53,257] {logging_mixin.py:115} INFO - [2022-08-19 16:36:53,257] {dag.py:2379} INFO - Sync 1 DAGs
[2022-08-19 16:36:53,286] {logging_mixin.py:115} INFO - [2022-08-19 16:36:53,286] {dag.py:2931} INFO - Setting next_dagrun for latest_only_with_trigger to 2022-08-19T12:36:53.286123+00:00, run_after=2022-08-19T16:36:53.286123+00:00
[2022-08-19 16:36:53,301] {processor.py:161} INFO - Processing /home/airflow/.local/lib/python3.7/site-packages/airflow/example_dags/example_latest_only_with_trigger.py took 0.092 seconds
[2022-08-19 16:37:23,559] {processor.py:153} INFO - Started process (PID=167) to work on /home/airflow/.local/lib/python3.7/site-packages/airflow/example_dags/example_latest_only_with_trigger.py
[2022-08-19 16:37:23,564] {processor.py:641} INFO - Processing file /home/airflow/.local/lib/python3.7/site-packages/airflow/example_dags/example_latest_only_with_trigger.py for tasks to queue
[2022-08-19 16:37:23,565] {logging_mixin.py:115} INFO - [2022-08-19 16:37:23,565] {dagbag.py:507} INFO - Filling up the DagBag from /home/airflow/.local/lib/python3.7/site-packages/airflow/example_dags/example_latest_only_with_trigger.py
[2022-08-19 16:37:23,573] {processor.py:651} INFO - DAG(s) dict_keys(['latest_only_with_trigger']) retrieved from /home/airflow/.local/lib/python3.7/site-packages/airflow/example_dags/example_latest_only_with_trigger.py
[2022-08-19 16:37:23,604] {logging_mixin.py:115} INFO - [2022-08-19 16:37:23,604] {dag.py:2379} INFO - Sync 1 DAGs
[2022-08-19 16:37:23,631] {logging_mixin.py:115} INFO - [2022-08-19 16:37:23,631] {dag.py:2931} INFO - Setting next_dagrun for latest_only_with_trigger to 2022-08-19T12:37:23.630965+00:00, run_after=2022-08-19T16:37:23.630965+00:00
[2022-08-19 16:37:23,659] {processor.py:161} INFO - Processing /home/airflow/.local/lib/python3.7/site-packages/airflow/example_dags/example_latest_only_with_trigger.py took 0.107 seconds
[2022-08-19 16:37:54,393] {processor.py:153} INFO - Started process (PID=229) to work on /home/airflow/.local/lib/python3.7/site-packages/airflow/example_dags/example_latest_only_with_trigger.py
[2022-08-19 16:37:54,393] {processor.py:641} INFO - Processing file /home/airflow/.local/lib/python3.7/site-packages/airflow/example_dags/example_latest_only_with_trigger.py for tasks to queue
[2022-08-19 16:37:54,393] {logging_mixin.py:115} INFO - [2022-08-19 16:37:54,393] {dagbag.py:507} INFO - Filling up the DagBag from /home/airflow/.local/lib/python3.7/site-packages/airflow/example_dags/example_latest_only_with_trigger.py
[2022-08-19 16:37:54,398] {processor.py:651} INFO - DAG(s) dict_keys(['latest_only_with_trigger']) retrieved from /home/airflow/.local/lib/python3.7/site-packages/airflow/example_dags/example_latest_only_with_trigger.py
[2022-08-19 16:37:54,425] {logging_mixin.py:115} INFO - [2022-08-19 16:37:54,425] {dag.py:2379} INFO - Sync 1 DAGs
[2022-08-19 16:37:54,447] {logging_mixin.py:115} INFO - [2022-08-19 16:37:54,446] {dag.py:2931} INFO - Setting next_dagrun for latest_only_with_trigger to 2022-08-19T12:37:54.446653+00:00, run_after=2022-08-19T16:37:54.446653+00:00
[2022-08-19 16:37:54,463] {processor.py:161} INFO - Processing /home/airflow/.local/lib/python3.7/site-packages/airflow/example_dags/example_latest_only_with_trigger.py took 0.074 seconds
[2022-08-19 16:38:25,007] {processor.py:153} INFO - Started process (PID=283) to work on /home/airflow/.local/lib/python3.7/site-packages/airflow/example_dags/example_latest_only_with_trigger.py
[2022-08-19 16:38:25,009] {processor.py:641} INFO - Processing file /home/airflow/.local/lib/python3.7/site-packages/airflow/example_dags/example_latest_only_with_trigger.py for tasks to queue
[2022-08-19 16:38:25,010] {logging_mixin.py:115} INFO - [2022-08-19 16:38:25,009] {dagbag.py:507} INFO - Filling up the DagBag from /home/airflow/.local/lib/python3.7/site-packages/airflow/example_dags/example_latest_only_with_trigger.py
[2022-08-19 16:38:25,020] {processor.py:651} INFO - DAG(s) dict_keys(['latest_only_with_trigger']) retrieved from /home/airflow/.local/lib/python3.7/site-packages/airflow/example_dags/example_latest_only_with_trigger.py
[2022-08-19 16:38:25,071] {logging_mixin.py:115} INFO - [2022-08-19 16:38:25,071] {dag.py:2379} INFO - Sync 1 DAGs
[2022-08-19 16:38:25,100] {logging_mixin.py:115} INFO - [2022-08-19 16:38:25,100] {dag.py:2931} INFO - Setting next_dagrun for latest_only_with_trigger to 2022-08-19T12:38:25.100604+00:00, run_after=2022-08-19T16:38:25.100604+00:00
[2022-08-19 16:38:25,119] {processor.py:161} INFO - Processing /home/airflow/.local/lib/python3.7/site-packages/airflow/example_dags/example_latest_only_with_trigger.py took 0.121 seconds
[2022-08-19 16:38:55,909] {processor.py:153} INFO - Started process (PID=345) to work on /home/airflow/.local/lib/python3.7/site-packages/airflow/example_dags/example_latest_only_with_trigger.py
[2022-08-19 16:38:55,910] {processor.py:641} INFO - Processing file /home/airflow/.local/lib/python3.7/site-packages/airflow/example_dags/example_latest_only_with_trigger.py for tasks to queue
[2022-08-19 16:38:55,910] {logging_mixin.py:115} INFO - [2022-08-19 16:38:55,910] {dagbag.py:507} INFO - Filling up the DagBag from /home/airflow/.local/lib/python3.7/site-packages/airflow/example_dags/example_latest_only_with_trigger.py
[2022-08-19 16:38:55,916] {processor.py:651} INFO - DAG(s) dict_keys(['latest_only_with_trigger']) retrieved from /home/airflow/.local/lib/python3.7/site-packages/airflow/example_dags/example_latest_only_with_trigger.py
[2022-08-19 16:38:55,942] {logging_mixin.py:115} INFO - [2022-08-19 16:38:55,942] {dag.py:2379} INFO - Sync 1 DAGs
[2022-08-19 16:38:55,968] {logging_mixin.py:115} INFO - [2022-08-19 16:38:55,968] {dag.py:2931} INFO - Setting next_dagrun for latest_only_with_trigger to 2022-08-19T12:38:55.967851+00:00, run_after=2022-08-19T16:38:55.967851+00:00
[2022-08-19 16:38:55,981] {processor.py:161} INFO - Processing /home/airflow/.local/lib/python3.7/site-packages/airflow/example_dags/example_latest_only_with_trigger.py took 0.074 seconds
[2022-08-19 16:39:26,889] {processor.py:153} INFO - Started process (PID=397) to work on /home/airflow/.local/lib/python3.7/site-packages/airflow/example_dags/example_latest_only_with_trigger.py
[2022-08-19 16:39:26,891] {processor.py:641} INFO - Processing file /home/airflow/.local/lib/python3.7/site-packages/airflow/example_dags/example_latest_only_with_trigger.py for tasks to queue
[2022-08-19 16:39:26,892] {logging_mixin.py:115} INFO - [2022-08-19 16:39:26,892] {dagbag.py:507} INFO - Filling up the DagBag from /home/airflow/.local/lib/python3.7/site-packages/airflow/example_dags/example_latest_only_with_trigger.py
[2022-08-19 16:39:26,906] {processor.py:651} INFO - DAG(s) dict_keys(['latest_only_with_trigger']) retrieved from /home/airflow/.local/lib/python3.7/site-packages/airflow/example_dags/example_latest_only_with_trigger.py
[2022-08-19 16:39:26,972] {logging_mixin.py:115} INFO - [2022-08-19 16:39:26,972] {dag.py:2379} INFO - Sync 1 DAGs
[2022-08-19 16:39:27,032] {logging_mixin.py:115} INFO - [2022-08-19 16:39:27,032] {dag.py:2931} INFO - Setting next_dagrun for latest_only_with_trigger to 2022-08-19T12:39:27.031702+00:00, run_after=2022-08-19T16:39:27.031702+00:00
[2022-08-19 16:39:27,077] {processor.py:161} INFO - Processing /home/airflow/.local/lib/python3.7/site-packages/airflow/example_dags/example_latest_only_with_trigger.py took 0.201 seconds
[2022-08-19 16:39:58,069] {processor.py:153} INFO - Started process (PID=458) to work on /home/airflow/.local/lib/python3.7/site-packages/airflow/example_dags/example_latest_only_with_trigger.py
[2022-08-19 16:39:58,070] {processor.py:641} INFO - Processing file /home/airflow/.local/lib/python3.7/site-packages/airflow/example_dags/example_latest_only_with_trigger.py for tasks to queue
[2022-08-19 16:39:58,070] {logging_mixin.py:115} INFO - [2022-08-19 16:39:58,070] {dagbag.py:507} INFO - Filling up the DagBag from /home/airflow/.local/lib/python3.7/site-packages/airflow/example_dags/example_latest_only_with_trigger.py
[2022-08-19 16:39:58,082] {processor.py:651} INFO - DAG(s) dict_keys(['latest_only_with_trigger']) retrieved from /home/airflow/.local/lib/python3.7/site-packages/airflow/example_dags/example_latest_only_with_trigger.py
[2022-08-19 16:39:58,127] {logging_mixin.py:115} INFO - [2022-08-19 16:39:58,127] {dag.py:2379} INFO - Sync 1 DAGs
[2022-08-19 16:39:58,163] {logging_mixin.py:115} INFO - [2022-08-19 16:39:58,163] {dag.py:2931} INFO - Setting next_dagrun for latest_only_with_trigger to 2022-08-19T12:39:58.162944+00:00, run_after=2022-08-19T16:39:58.162944+00:00
[2022-08-19 16:39:58,186] {processor.py:161} INFO - Processing /home/airflow/.local/lib/python3.7/site-packages/airflow/example_dags/example_latest_only_with_trigger.py took 0.121 seconds
[2022-08-19 16:40:29,168] {processor.py:153} INFO - Started process (PID=513) to work on /home/airflow/.local/lib/python3.7/site-packages/airflow/example_dags/example_latest_only_with_trigger.py
[2022-08-19 16:40:29,169] {processor.py:641} INFO - Processing file /home/airflow/.local/lib/python3.7/site-packages/airflow/example_dags/example_latest_only_with_trigger.py for tasks to queue
[2022-08-19 16:40:29,169] {logging_mixin.py:115} INFO - [2022-08-19 16:40:29,169] {dagbag.py:507} INFO - Filling up the DagBag from /home/airflow/.local/lib/python3.7/site-packages/airflow/example_dags/example_latest_only_with_trigger.py
[2022-08-19 16:40:29,175] {processor.py:651} INFO - DAG(s) dict_keys(['latest_only_with_trigger']) retrieved from /home/airflow/.local/lib/python3.7/site-packages/airflow/example_dags/example_latest_only_with_trigger.py
[2022-08-19 16:40:29,235] {logging_mixin.py:115} INFO - [2022-08-19 16:40:29,235] {dag.py:2379} INFO - Sync 1 DAGs
[2022-08-19 16:40:29,270] {logging_mixin.py:115} INFO - [2022-08-19 16:40:29,269] {dag.py:2931} INFO - Setting next_dagrun for latest_only_with_trigger to 2022-08-19T12:40:29.269723+00:00, run_after=2022-08-19T16:40:29.269723+00:00
[2022-08-19 16:40:29,282] {processor.py:161} INFO - Processing /home/airflow/.local/lib/python3.7/site-packages/airflow/example_dags/example_latest_only_with_trigger.py took 0.117 seconds
[2022-08-19 16:41:00,363] {processor.py:153} INFO - Started process (PID=578) to work on /home/airflow/.local/lib/python3.7/site-packages/airflow/example_dags/example_latest_only_with_trigger.py
[2022-08-19 16:41:00,366] {processor.py:641} INFO - Processing file /home/airflow/.local/lib/python3.7/site-packages/airflow/example_dags/example_latest_only_with_trigger.py for tasks to queue
[2022-08-19 16:41:00,367] {logging_mixin.py:115} INFO - [2022-08-19 16:41:00,367] {dagbag.py:507} INFO - Filling up the DagBag from /home/airflow/.local/lib/python3.7/site-packages/airflow/example_dags/example_latest_only_with_trigger.py
[2022-08-19 16:41:00,382] {processor.py:651} INFO - DAG(s) dict_keys(['latest_only_with_trigger']) retrieved from /home/airflow/.local/lib/python3.7/site-packages/airflow/example_dags/example_latest_only_with_trigger.py
[2022-08-19 16:41:00,438] {logging_mixin.py:115} INFO - [2022-08-19 16:41:00,438] {dag.py:2379} INFO - Sync 1 DAGs
[2022-08-19 16:41:00,482] {logging_mixin.py:115} INFO - [2022-08-19 16:41:00,482] {dag.py:2931} INFO - Setting next_dagrun for latest_only_with_trigger to 2022-08-19T12:41:00.482016+00:00, run_after=2022-08-19T16:41:00.482016+00:00
[2022-08-19 16:41:00,530] {processor.py:161} INFO - Processing /home/airflow/.local/lib/python3.7/site-packages/airflow/example_dags/example_latest_only_with_trigger.py took 0.170 seconds
[2022-08-19 16:41:31,343] {processor.py:153} INFO - Started process (PID=641) to work on /home/airflow/.local/lib/python3.7/site-packages/airflow/example_dags/example_latest_only_with_trigger.py
[2022-08-19 16:41:31,343] {processor.py:641} INFO - Processing file /home/airflow/.local/lib/python3.7/site-packages/airflow/example_dags/example_latest_only_with_trigger.py for tasks to queue
[2022-08-19 16:41:31,344] {logging_mixin.py:115} INFO - [2022-08-19 16:41:31,344] {dagbag.py:507} INFO - Filling up the DagBag from /home/airflow/.local/lib/python3.7/site-packages/airflow/example_dags/example_latest_only_with_trigger.py
[2022-08-19 16:41:31,350] {processor.py:651} INFO - DAG(s) dict_keys(['latest_only_with_trigger']) retrieved from /home/airflow/.local/lib/python3.7/site-packages/airflow/example_dags/example_latest_only_with_trigger.py
[2022-08-19 16:41:31,380] {logging_mixin.py:115} INFO - [2022-08-19 16:41:31,380] {dag.py:2379} INFO - Sync 1 DAGs
[2022-08-19 16:41:31,413] {logging_mixin.py:115} INFO - [2022-08-19 16:41:31,413] {dag.py:2931} INFO - Setting next_dagrun for latest_only_with_trigger to 2022-08-19T12:41:31.412775+00:00, run_after=2022-08-19T16:41:31.412775+00:00
[2022-08-19 16:41:31,443] {processor.py:161} INFO - Processing /home/airflow/.local/lib/python3.7/site-packages/airflow/example_dags/example_latest_only_with_trigger.py took 0.103 seconds
[2022-08-19 16:42:02,518] {processor.py:153} INFO - Started process (PID=694) to work on /home/airflow/.local/lib/python3.7/site-packages/airflow/example_dags/example_latest_only_with_trigger.py
[2022-08-19 16:42:02,519] {processor.py:641} INFO - Processing file /home/airflow/.local/lib/python3.7/site-packages/airflow/example_dags/example_latest_only_with_trigger.py for tasks to queue
[2022-08-19 16:42:02,520] {logging_mixin.py:115} INFO - [2022-08-19 16:42:02,520] {dagbag.py:507} INFO - Filling up the DagBag from /home/airflow/.local/lib/python3.7/site-packages/airflow/example_dags/example_latest_only_with_trigger.py
[2022-08-19 16:42:02,534] {processor.py:651} INFO - DAG(s) dict_keys(['latest_only_with_trigger']) retrieved from /home/airflow/.local/lib/python3.7/site-packages/airflow/example_dags/example_latest_only_with_trigger.py
[2022-08-19 16:42:02,576] {logging_mixin.py:115} INFO - [2022-08-19 16:42:02,569] {dag.py:2379} INFO - Sync 1 DAGs
[2022-08-19 16:42:02,608] {logging_mixin.py:115} INFO - [2022-08-19 16:42:02,608] {dag.py:2931} INFO - Setting next_dagrun for latest_only_with_trigger to 2022-08-19T12:42:02.607813+00:00, run_after=2022-08-19T16:42:02.607813+00:00
[2022-08-19 16:42:02,651] {processor.py:161} INFO - Processing /home/airflow/.local/lib/python3.7/site-packages/airflow/example_dags/example_latest_only_with_trigger.py took 0.136 seconds
[2022-08-19 16:42:32,995] {processor.py:153} INFO - Started process (PID=757) to work on /home/airflow/.local/lib/python3.7/site-packages/airflow/example_dags/example_latest_only_with_trigger.py
[2022-08-19 16:42:32,995] {processor.py:641} INFO - Processing file /home/airflow/.local/lib/python3.7/site-packages/airflow/example_dags/example_latest_only_with_trigger.py for tasks to queue
[2022-08-19 16:42:32,995] {logging_mixin.py:115} INFO - [2022-08-19 16:42:32,995] {dagbag.py:507} INFO - Filling up the DagBag from /home/airflow/.local/lib/python3.7/site-packages/airflow/example_dags/example_latest_only_with_trigger.py
[2022-08-19 16:42:33,000] {processor.py:651} INFO - DAG(s) dict_keys(['latest_only_with_trigger']) retrieved from /home/airflow/.local/lib/python3.7/site-packages/airflow/example_dags/example_latest_only_with_trigger.py
[2022-08-19 16:42:33,029] {logging_mixin.py:115} INFO - [2022-08-19 16:42:33,028] {dag.py:2379} INFO - Sync 1 DAGs
[2022-08-19 16:42:33,054] {logging_mixin.py:115} INFO - [2022-08-19 16:42:33,053] {dag.py:2931} INFO - Setting next_dagrun for latest_only_with_trigger to 2022-08-19T12:42:33.053637+00:00, run_after=2022-08-19T16:42:33.053637+00:00
[2022-08-19 16:42:33,080] {processor.py:161} INFO - Processing /home/airflow/.local/lib/python3.7/site-packages/airflow/example_dags/example_latest_only_with_trigger.py took 0.089 seconds
[2022-08-19 16:43:04,290] {processor.py:153} INFO - Started process (PID=811) to work on /home/airflow/.local/lib/python3.7/site-packages/airflow/example_dags/example_latest_only_with_trigger.py
[2022-08-19 16:43:04,292] {processor.py:641} INFO - Processing file /home/airflow/.local/lib/python3.7/site-packages/airflow/example_dags/example_latest_only_with_trigger.py for tasks to queue
[2022-08-19 16:43:04,293] {logging_mixin.py:115} INFO - [2022-08-19 16:43:04,293] {dagbag.py:507} INFO - Filling up the DagBag from /home/airflow/.local/lib/python3.7/site-packages/airflow/example_dags/example_latest_only_with_trigger.py
[2022-08-19 16:43:04,300] {processor.py:651} INFO - DAG(s) dict_keys(['latest_only_with_trigger']) retrieved from /home/airflow/.local/lib/python3.7/site-packages/airflow/example_dags/example_latest_only_with_trigger.py
[2022-08-19 16:43:04,334] {logging_mixin.py:115} INFO - [2022-08-19 16:43:04,334] {dag.py:2379} INFO - Sync 1 DAGs
[2022-08-19 16:43:04,363] {logging_mixin.py:115} INFO - [2022-08-19 16:43:04,363] {dag.py:2931} INFO - Setting next_dagrun for latest_only_with_trigger to 2022-08-19T12:43:04.363378+00:00, run_after=2022-08-19T16:43:04.363378+00:00
[2022-08-19 16:43:04,382] {processor.py:161} INFO - Processing /home/airflow/.local/lib/python3.7/site-packages/airflow/example_dags/example_latest_only_with_trigger.py took 0.096 seconds
[2022-08-19 16:43:34,522] {processor.py:153} INFO - Started process (PID=871) to work on /home/airflow/.local/lib/python3.7/site-packages/airflow/example_dags/example_latest_only_with_trigger.py
[2022-08-19 16:43:34,522] {processor.py:641} INFO - Processing file /home/airflow/.local/lib/python3.7/site-packages/airflow/example_dags/example_latest_only_with_trigger.py for tasks to queue
[2022-08-19 16:43:34,523] {logging_mixin.py:115} INFO - [2022-08-19 16:43:34,523] {dagbag.py:507} INFO - Filling up the DagBag from /home/airflow/.local/lib/python3.7/site-packages/airflow/example_dags/example_latest_only_with_trigger.py
[2022-08-19 16:43:34,537] {processor.py:651} INFO - DAG(s) dict_keys(['latest_only_with_trigger']) retrieved from /home/airflow/.local/lib/python3.7/site-packages/airflow/example_dags/example_latest_only_with_trigger.py
[2022-08-19 16:43:34,585] {logging_mixin.py:115} INFO - [2022-08-19 16:43:34,585] {dag.py:2379} INFO - Sync 1 DAGs
[2022-08-19 16:43:34,630] {logging_mixin.py:115} INFO - [2022-08-19 16:43:34,630] {dag.py:2931} INFO - Setting next_dagrun for latest_only_with_trigger to 2022-08-19T12:43:34.629943+00:00, run_after=2022-08-19T16:43:34.629943+00:00
[2022-08-19 16:43:34,662] {processor.py:161} INFO - Processing /home/airflow/.local/lib/python3.7/site-packages/airflow/example_dags/example_latest_only_with_trigger.py took 0.146 seconds
[2022-08-19 16:44:05,625] {processor.py:153} INFO - Started process (PID=928) to work on /home/airflow/.local/lib/python3.7/site-packages/airflow/example_dags/example_latest_only_with_trigger.py
[2022-08-19 16:44:05,625] {processor.py:641} INFO - Processing file /home/airflow/.local/lib/python3.7/site-packages/airflow/example_dags/example_latest_only_with_trigger.py for tasks to queue
[2022-08-19 16:44:05,626] {logging_mixin.py:115} INFO - [2022-08-19 16:44:05,626] {dagbag.py:507} INFO - Filling up the DagBag from /home/airflow/.local/lib/python3.7/site-packages/airflow/example_dags/example_latest_only_with_trigger.py
[2022-08-19 16:44:05,632] {processor.py:651} INFO - DAG(s) dict_keys(['latest_only_with_trigger']) retrieved from /home/airflow/.local/lib/python3.7/site-packages/airflow/example_dags/example_latest_only_with_trigger.py
[2022-08-19 16:44:05,657] {logging_mixin.py:115} INFO - [2022-08-19 16:44:05,657] {dag.py:2379} INFO - Sync 1 DAGs
[2022-08-19 16:44:05,680] {logging_mixin.py:115} INFO - [2022-08-19 16:44:05,680] {dag.py:2931} INFO - Setting next_dagrun for latest_only_with_trigger to 2022-08-19T12:44:05.679821+00:00, run_after=2022-08-19T16:44:05.679821+00:00
[2022-08-19 16:44:05,698] {processor.py:161} INFO - Processing /home/airflow/.local/lib/python3.7/site-packages/airflow/example_dags/example_latest_only_with_trigger.py took 0.076 seconds
[2022-08-19 16:44:36,736] {processor.py:153} INFO - Started process (PID=991) to work on /home/airflow/.local/lib/python3.7/site-packages/airflow/example_dags/example_latest_only_with_trigger.py
[2022-08-19 16:44:36,736] {processor.py:641} INFO - Processing file /home/airflow/.local/lib/python3.7/site-packages/airflow/example_dags/example_latest_only_with_trigger.py for tasks to queue
[2022-08-19 16:44:36,737] {logging_mixin.py:115} INFO - [2022-08-19 16:44:36,737] {dagbag.py:507} INFO - Filling up the DagBag from /home/airflow/.local/lib/python3.7/site-packages/airflow/example_dags/example_latest_only_with_trigger.py
[2022-08-19 16:44:36,744] {processor.py:651} INFO - DAG(s) dict_keys(['latest_only_with_trigger']) retrieved from /home/airflow/.local/lib/python3.7/site-packages/airflow/example_dags/example_latest_only_with_trigger.py
[2022-08-19 16:44:36,777] {logging_mixin.py:115} INFO - [2022-08-19 16:44:36,777] {dag.py:2379} INFO - Sync 1 DAGs
[2022-08-19 16:44:36,803] {logging_mixin.py:115} INFO - [2022-08-19 16:44:36,802] {dag.py:2931} INFO - Setting next_dagrun for latest_only_with_trigger to 2022-08-19T12:44:36.802684+00:00, run_after=2022-08-19T16:44:36.802684+00:00
[2022-08-19 16:44:36,823] {processor.py:161} INFO - Processing /home/airflow/.local/lib/python3.7/site-packages/airflow/example_dags/example_latest_only_with_trigger.py took 0.090 seconds
[2022-08-19 16:45:07,372] {processor.py:153} INFO - Started process (PID=1051) to work on /home/airflow/.local/lib/python3.7/site-packages/airflow/example_dags/example_latest_only_with_trigger.py
[2022-08-19 16:45:07,372] {processor.py:641} INFO - Processing file /home/airflow/.local/lib/python3.7/site-packages/airflow/example_dags/example_latest_only_with_trigger.py for tasks to queue
[2022-08-19 16:45:07,373] {logging_mixin.py:115} INFO - [2022-08-19 16:45:07,373] {dagbag.py:507} INFO - Filling up the DagBag from /home/airflow/.local/lib/python3.7/site-packages/airflow/example_dags/example_latest_only_with_trigger.py
[2022-08-19 16:45:07,380] {processor.py:651} INFO - DAG(s) dict_keys(['latest_only_with_trigger']) retrieved from /home/airflow/.local/lib/python3.7/site-packages/airflow/example_dags/example_latest_only_with_trigger.py
[2022-08-19 16:45:07,422] {logging_mixin.py:115} INFO - [2022-08-19 16:45:07,422] {dag.py:2379} INFO - Sync 1 DAGs
[2022-08-19 16:45:07,468] {logging_mixin.py:115} INFO - [2022-08-19 16:45:07,468] {dag.py:2931} INFO - Setting next_dagrun for latest_only_with_trigger to 2022-08-19T12:45:07.468090+00:00, run_after=2022-08-19T16:45:07.468090+00:00
[2022-08-19 16:45:07,490] {processor.py:161} INFO - Processing /home/airflow/.local/lib/python3.7/site-packages/airflow/example_dags/example_latest_only_with_trigger.py took 0.122 seconds
[2022-08-19 16:45:38,071] {processor.py:153} INFO - Started process (PID=1106) to work on /home/airflow/.local/lib/python3.7/site-packages/airflow/example_dags/example_latest_only_with_trigger.py
[2022-08-19 16:45:38,071] {processor.py:641} INFO - Processing file /home/airflow/.local/lib/python3.7/site-packages/airflow/example_dags/example_latest_only_with_trigger.py for tasks to queue
[2022-08-19 16:45:38,072] {logging_mixin.py:115} INFO - [2022-08-19 16:45:38,072] {dagbag.py:507} INFO - Filling up the DagBag from /home/airflow/.local/lib/python3.7/site-packages/airflow/example_dags/example_latest_only_with_trigger.py
[2022-08-19 16:45:38,083] {processor.py:651} INFO - DAG(s) dict_keys(['latest_only_with_trigger']) retrieved from /home/airflow/.local/lib/python3.7/site-packages/airflow/example_dags/example_latest_only_with_trigger.py
[2022-08-19 16:45:38,138] {logging_mixin.py:115} INFO - [2022-08-19 16:45:38,138] {dag.py:2379} INFO - Sync 1 DAGs
[2022-08-19 16:45:38,168] {logging_mixin.py:115} INFO - [2022-08-19 16:45:38,168] {dag.py:2931} INFO - Setting next_dagrun for latest_only_with_trigger to 2022-08-19T12:45:38.168593+00:00, run_after=2022-08-19T16:45:38.168593+00:00
[2022-08-19 16:45:38,198] {processor.py:161} INFO - Processing /home/airflow/.local/lib/python3.7/site-packages/airflow/example_dags/example_latest_only_with_trigger.py took 0.134 seconds
[2022-08-19 16:46:08,584] {processor.py:153} INFO - Started process (PID=1169) to work on /home/airflow/.local/lib/python3.7/site-packages/airflow/example_dags/example_latest_only_with_trigger.py
[2022-08-19 16:46:08,584] {processor.py:641} INFO - Processing file /home/airflow/.local/lib/python3.7/site-packages/airflow/example_dags/example_latest_only_with_trigger.py for tasks to queue
[2022-08-19 16:46:08,585] {logging_mixin.py:115} INFO - [2022-08-19 16:46:08,584] {dagbag.py:507} INFO - Filling up the DagBag from /home/airflow/.local/lib/python3.7/site-packages/airflow/example_dags/example_latest_only_with_trigger.py
[2022-08-19 16:46:08,591] {processor.py:651} INFO - DAG(s) dict_keys(['latest_only_with_trigger']) retrieved from /home/airflow/.local/lib/python3.7/site-packages/airflow/example_dags/example_latest_only_with_trigger.py
[2022-08-19 16:46:08,619] {logging_mixin.py:115} INFO - [2022-08-19 16:46:08,619] {dag.py:2379} INFO - Sync 1 DAGs
[2022-08-19 16:46:08,642] {logging_mixin.py:115} INFO - [2022-08-19 16:46:08,642] {dag.py:2931} INFO - Setting next_dagrun for latest_only_with_trigger to 2022-08-19T12:46:08.642189+00:00, run_after=2022-08-19T16:46:08.642189+00:00
[2022-08-19 16:46:08,666] {processor.py:161} INFO - Processing /home/airflow/.local/lib/python3.7/site-packages/airflow/example_dags/example_latest_only_with_trigger.py took 0.086 seconds
[2022-08-19 16:46:39,655] {processor.py:153} INFO - Started process (PID=1223) to work on /home/airflow/.local/lib/python3.7/site-packages/airflow/example_dags/example_latest_only_with_trigger.py
[2022-08-19 16:46:39,656] {processor.py:641} INFO - Processing file /home/airflow/.local/lib/python3.7/site-packages/airflow/example_dags/example_latest_only_with_trigger.py for tasks to queue
[2022-08-19 16:46:39,656] {logging_mixin.py:115} INFO - [2022-08-19 16:46:39,656] {dagbag.py:507} INFO - Filling up the DagBag from /home/airflow/.local/lib/python3.7/site-packages/airflow/example_dags/example_latest_only_with_trigger.py
[2022-08-19 16:46:39,664] {processor.py:651} INFO - DAG(s) dict_keys(['latest_only_with_trigger']) retrieved from /home/airflow/.local/lib/python3.7/site-packages/airflow/example_dags/example_latest_only_with_trigger.py
[2022-08-19 16:46:39,702] {logging_mixin.py:115} INFO - [2022-08-19 16:46:39,702] {dag.py:2379} INFO - Sync 1 DAGs
[2022-08-19 16:46:39,731] {logging_mixin.py:115} INFO - [2022-08-19 16:46:39,731] {dag.py:2931} INFO - Setting next_dagrun for latest_only_with_trigger to 2022-08-19T12:46:39.731286+00:00, run_after=2022-08-19T16:46:39.731286+00:00
[2022-08-19 16:46:39,749] {processor.py:161} INFO - Processing /home/airflow/.local/lib/python3.7/site-packages/airflow/example_dags/example_latest_only_with_trigger.py took 0.097 seconds
[2022-08-19 16:47:28,203] {processor.py:153} INFO - Started process (PID=50) to work on /home/airflow/.local/lib/python3.7/site-packages/airflow/example_dags/example_latest_only_with_trigger.py
[2022-08-19 16:47:28,213] {processor.py:641} INFO - Processing file /home/airflow/.local/lib/python3.7/site-packages/airflow/example_dags/example_latest_only_with_trigger.py for tasks to queue
[2022-08-19 16:47:28,214] {logging_mixin.py:115} INFO - [2022-08-19 16:47:28,213] {dagbag.py:507} INFO - Filling up the DagBag from /home/airflow/.local/lib/python3.7/site-packages/airflow/example_dags/example_latest_only_with_trigger.py
[2022-08-19 16:47:28,232] {processor.py:651} INFO - DAG(s) dict_keys(['latest_only_with_trigger']) retrieved from /home/airflow/.local/lib/python3.7/site-packages/airflow/example_dags/example_latest_only_with_trigger.py
[2022-08-19 16:47:28,332] {logging_mixin.py:115} INFO - [2022-08-19 16:47:28,332] {dag.py:2379} INFO - Sync 1 DAGs
[2022-08-19 16:47:28,382] {logging_mixin.py:115} INFO - [2022-08-19 16:47:28,382] {dag.py:2931} INFO - Setting next_dagrun for latest_only_with_trigger to 2022-08-19T12:47:28.382110+00:00, run_after=2022-08-19T16:47:28.382110+00:00
[2022-08-19 16:47:28,407] {processor.py:161} INFO - Processing /home/airflow/.local/lib/python3.7/site-packages/airflow/example_dags/example_latest_only_with_trigger.py took 0.216 seconds
[2022-08-19 16:47:58,597] {processor.py:153} INFO - Started process (PID=102) to work on /home/airflow/.local/lib/python3.7/site-packages/airflow/example_dags/example_latest_only_with_trigger.py
[2022-08-19 16:47:58,598] {processor.py:641} INFO - Processing file /home/airflow/.local/lib/python3.7/site-packages/airflow/example_dags/example_latest_only_with_trigger.py for tasks to queue
[2022-08-19 16:47:58,598] {logging_mixin.py:115} INFO - [2022-08-19 16:47:58,598] {dagbag.py:507} INFO - Filling up the DagBag from /home/airflow/.local/lib/python3.7/site-packages/airflow/example_dags/example_latest_only_with_trigger.py
[2022-08-19 16:47:58,604] {processor.py:651} INFO - DAG(s) dict_keys(['latest_only_with_trigger']) retrieved from /home/airflow/.local/lib/python3.7/site-packages/airflow/example_dags/example_latest_only_with_trigger.py
[2022-08-19 16:47:58,636] {logging_mixin.py:115} INFO - [2022-08-19 16:47:58,636] {dag.py:2379} INFO - Sync 1 DAGs
[2022-08-19 16:47:58,663] {logging_mixin.py:115} INFO - [2022-08-19 16:47:58,663] {dag.py:2931} INFO - Setting next_dagrun for latest_only_with_trigger to 2022-08-19T12:47:58.662970+00:00, run_after=2022-08-19T16:47:58.662970+00:00
[2022-08-19 16:47:58,687] {processor.py:161} INFO - Processing /home/airflow/.local/lib/python3.7/site-packages/airflow/example_dags/example_latest_only_with_trigger.py took 0.093 seconds
[2022-08-19 16:48:29,311] {processor.py:153} INFO - Started process (PID=170) to work on /home/airflow/.local/lib/python3.7/site-packages/airflow/example_dags/example_latest_only_with_trigger.py
[2022-08-19 16:48:29,312] {processor.py:641} INFO - Processing file /home/airflow/.local/lib/python3.7/site-packages/airflow/example_dags/example_latest_only_with_trigger.py for tasks to queue
[2022-08-19 16:48:29,314] {logging_mixin.py:115} INFO - [2022-08-19 16:48:29,313] {dagbag.py:507} INFO - Filling up the DagBag from /home/airflow/.local/lib/python3.7/site-packages/airflow/example_dags/example_latest_only_with_trigger.py
[2022-08-19 16:48:29,323] {processor.py:651} INFO - DAG(s) dict_keys(['latest_only_with_trigger']) retrieved from /home/airflow/.local/lib/python3.7/site-packages/airflow/example_dags/example_latest_only_with_trigger.py
[2022-08-19 16:48:29,360] {logging_mixin.py:115} INFO - [2022-08-19 16:48:29,360] {dag.py:2379} INFO - Sync 1 DAGs
[2022-08-19 16:48:29,388] {logging_mixin.py:115} INFO - [2022-08-19 16:48:29,388] {dag.py:2931} INFO - Setting next_dagrun for latest_only_with_trigger to 2022-08-19T12:48:29.388242+00:00, run_after=2022-08-19T16:48:29.388242+00:00
[2022-08-19 16:48:29,406] {processor.py:161} INFO - Processing /home/airflow/.local/lib/python3.7/site-packages/airflow/example_dags/example_latest_only_with_trigger.py took 0.099 seconds
[2022-08-19 16:49:15,057] {processor.py:153} INFO - Started process (PID=51) to work on /home/airflow/.local/lib/python3.7/site-packages/airflow/example_dags/example_latest_only_with_trigger.py
[2022-08-19 16:49:15,058] {processor.py:641} INFO - Processing file /home/airflow/.local/lib/python3.7/site-packages/airflow/example_dags/example_latest_only_with_trigger.py for tasks to queue
[2022-08-19 16:49:15,059] {logging_mixin.py:115} INFO - [2022-08-19 16:49:15,059] {dagbag.py:507} INFO - Filling up the DagBag from /home/airflow/.local/lib/python3.7/site-packages/airflow/example_dags/example_latest_only_with_trigger.py
[2022-08-19 16:49:15,075] {processor.py:651} INFO - DAG(s) dict_keys(['latest_only_with_trigger']) retrieved from /home/airflow/.local/lib/python3.7/site-packages/airflow/example_dags/example_latest_only_with_trigger.py
[2022-08-19 16:49:15,145] {logging_mixin.py:115} INFO - [2022-08-19 16:49:15,145] {dag.py:2379} INFO - Sync 1 DAGs
[2022-08-19 16:49:15,216] {logging_mixin.py:115} INFO - [2022-08-19 16:49:15,216] {dag.py:2931} INFO - Setting next_dagrun for latest_only_with_trigger to 2022-08-19T12:49:15.216140+00:00, run_after=2022-08-19T16:49:15.216140+00:00
[2022-08-19 16:49:15,244] {processor.py:161} INFO - Processing /home/airflow/.local/lib/python3.7/site-packages/airflow/example_dags/example_latest_only_with_trigger.py took 0.195 seconds
[2022-08-19 16:49:45,536] {processor.py:153} INFO - Started process (PID=103) to work on /home/airflow/.local/lib/python3.7/site-packages/airflow/example_dags/example_latest_only_with_trigger.py
[2022-08-19 16:49:45,542] {processor.py:641} INFO - Processing file /home/airflow/.local/lib/python3.7/site-packages/airflow/example_dags/example_latest_only_with_trigger.py for tasks to queue
[2022-08-19 16:49:45,543] {logging_mixin.py:115} INFO - [2022-08-19 16:49:45,543] {dagbag.py:507} INFO - Filling up the DagBag from /home/airflow/.local/lib/python3.7/site-packages/airflow/example_dags/example_latest_only_with_trigger.py
[2022-08-19 16:49:45,560] {processor.py:651} INFO - DAG(s) dict_keys(['latest_only_with_trigger']) retrieved from /home/airflow/.local/lib/python3.7/site-packages/airflow/example_dags/example_latest_only_with_trigger.py
[2022-08-19 16:49:45,653] {logging_mixin.py:115} INFO - [2022-08-19 16:49:45,653] {dag.py:2379} INFO - Sync 1 DAGs
[2022-08-19 16:49:45,727] {logging_mixin.py:115} INFO - [2022-08-19 16:49:45,725] {dag.py:2931} INFO - Setting next_dagrun for latest_only_with_trigger to 2022-08-19T12:49:45.725065+00:00, run_after=2022-08-19T16:49:45.725065+00:00
[2022-08-19 16:49:45,773] {processor.py:161} INFO - Processing /home/airflow/.local/lib/python3.7/site-packages/airflow/example_dags/example_latest_only_with_trigger.py took 0.241 seconds
[2022-08-19 16:50:15,825] {processor.py:153} INFO - Started process (PID=157) to work on /home/airflow/.local/lib/python3.7/site-packages/airflow/example_dags/example_latest_only_with_trigger.py
[2022-08-19 16:50:15,828] {processor.py:641} INFO - Processing file /home/airflow/.local/lib/python3.7/site-packages/airflow/example_dags/example_latest_only_with_trigger.py for tasks to queue
[2022-08-19 16:50:15,829] {logging_mixin.py:115} INFO - [2022-08-19 16:50:15,829] {dagbag.py:507} INFO - Filling up the DagBag from /home/airflow/.local/lib/python3.7/site-packages/airflow/example_dags/example_latest_only_with_trigger.py
[2022-08-19 16:50:15,835] {processor.py:651} INFO - DAG(s) dict_keys(['latest_only_with_trigger']) retrieved from /home/airflow/.local/lib/python3.7/site-packages/airflow/example_dags/example_latest_only_with_trigger.py
[2022-08-19 16:50:15,859] {logging_mixin.py:115} INFO - [2022-08-19 16:50:15,859] {dag.py:2379} INFO - Sync 1 DAGs
[2022-08-19 16:50:15,886] {logging_mixin.py:115} INFO - [2022-08-19 16:50:15,886] {dag.py:2931} INFO - Setting next_dagrun for latest_only_with_trigger to 2022-08-19T12:50:15.885913+00:00, run_after=2022-08-19T16:50:15.885913+00:00
[2022-08-19 16:50:15,920] {processor.py:161} INFO - Processing /home/airflow/.local/lib/python3.7/site-packages/airflow/example_dags/example_latest_only_with_trigger.py took 0.098 seconds
[2022-08-19 16:50:46,316] {processor.py:153} INFO - Started process (PID=218) to work on /home/airflow/.local/lib/python3.7/site-packages/airflow/example_dags/example_latest_only_with_trigger.py
[2022-08-19 16:50:46,316] {processor.py:641} INFO - Processing file /home/airflow/.local/lib/python3.7/site-packages/airflow/example_dags/example_latest_only_with_trigger.py for tasks to queue
[2022-08-19 16:50:46,317] {logging_mixin.py:115} INFO - [2022-08-19 16:50:46,317] {dagbag.py:507} INFO - Filling up the DagBag from /home/airflow/.local/lib/python3.7/site-packages/airflow/example_dags/example_latest_only_with_trigger.py
[2022-08-19 16:50:46,323] {processor.py:651} INFO - DAG(s) dict_keys(['latest_only_with_trigger']) retrieved from /home/airflow/.local/lib/python3.7/site-packages/airflow/example_dags/example_latest_only_with_trigger.py
[2022-08-19 16:50:46,363] {logging_mixin.py:115} INFO - [2022-08-19 16:50:46,363] {dag.py:2379} INFO - Sync 1 DAGs
[2022-08-19 16:50:46,402] {logging_mixin.py:115} INFO - [2022-08-19 16:50:46,402] {dag.py:2931} INFO - Setting next_dagrun for latest_only_with_trigger to 2022-08-19T12:50:46.401913+00:00, run_after=2022-08-19T16:50:46.401913+00:00
[2022-08-19 16:50:46,423] {processor.py:161} INFO - Processing /home/airflow/.local/lib/python3.7/site-packages/airflow/example_dags/example_latest_only_with_trigger.py took 0.110 seconds
[2022-08-19 16:51:16,723] {processor.py:153} INFO - Started process (PID=278) to work on /home/airflow/.local/lib/python3.7/site-packages/airflow/example_dags/example_latest_only_with_trigger.py
[2022-08-19 16:51:16,724] {processor.py:641} INFO - Processing file /home/airflow/.local/lib/python3.7/site-packages/airflow/example_dags/example_latest_only_with_trigger.py for tasks to queue
[2022-08-19 16:51:16,725] {logging_mixin.py:115} INFO - [2022-08-19 16:51:16,725] {dagbag.py:507} INFO - Filling up the DagBag from /home/airflow/.local/lib/python3.7/site-packages/airflow/example_dags/example_latest_only_with_trigger.py
[2022-08-19 16:51:16,732] {processor.py:651} INFO - DAG(s) dict_keys(['latest_only_with_trigger']) retrieved from /home/airflow/.local/lib/python3.7/site-packages/airflow/example_dags/example_latest_only_with_trigger.py
[2022-08-19 16:51:16,764] {logging_mixin.py:115} INFO - [2022-08-19 16:51:16,764] {dag.py:2379} INFO - Sync 1 DAGs
[2022-08-19 16:51:16,788] {logging_mixin.py:115} INFO - [2022-08-19 16:51:16,788] {dag.py:2931} INFO - Setting next_dagrun for latest_only_with_trigger to 2022-08-19T12:51:16.788140+00:00, run_after=2022-08-19T16:51:16.788140+00:00
[2022-08-19 16:51:16,802] {processor.py:161} INFO - Processing /home/airflow/.local/lib/python3.7/site-packages/airflow/example_dags/example_latest_only_with_trigger.py took 0.085 seconds
[2022-08-19 16:51:47,155] {processor.py:153} INFO - Started process (PID=336) to work on /home/airflow/.local/lib/python3.7/site-packages/airflow/example_dags/example_latest_only_with_trigger.py
[2022-08-19 16:51:47,155] {processor.py:641} INFO - Processing file /home/airflow/.local/lib/python3.7/site-packages/airflow/example_dags/example_latest_only_with_trigger.py for tasks to queue
[2022-08-19 16:51:47,156] {logging_mixin.py:115} INFO - [2022-08-19 16:51:47,156] {dagbag.py:507} INFO - Filling up the DagBag from /home/airflow/.local/lib/python3.7/site-packages/airflow/example_dags/example_latest_only_with_trigger.py
[2022-08-19 16:51:47,164] {processor.py:651} INFO - DAG(s) dict_keys(['latest_only_with_trigger']) retrieved from /home/airflow/.local/lib/python3.7/site-packages/airflow/example_dags/example_latest_only_with_trigger.py
[2022-08-19 16:51:47,202] {logging_mixin.py:115} INFO - [2022-08-19 16:51:47,202] {dag.py:2379} INFO - Sync 1 DAGs
[2022-08-19 16:51:47,238] {logging_mixin.py:115} INFO - [2022-08-19 16:51:47,238] {dag.py:2931} INFO - Setting next_dagrun for latest_only_with_trigger to 2022-08-19T12:51:47.238057+00:00, run_after=2022-08-19T16:51:47.238057+00:00
[2022-08-19 16:51:47,264] {processor.py:161} INFO - Processing /home/airflow/.local/lib/python3.7/site-packages/airflow/example_dags/example_latest_only_with_trigger.py took 0.113 seconds
[2022-08-19 16:52:17,637] {processor.py:153} INFO - Started process (PID=399) to work on /home/airflow/.local/lib/python3.7/site-packages/airflow/example_dags/example_latest_only_with_trigger.py
[2022-08-19 16:52:17,638] {processor.py:641} INFO - Processing file /home/airflow/.local/lib/python3.7/site-packages/airflow/example_dags/example_latest_only_with_trigger.py for tasks to queue
[2022-08-19 16:52:17,640] {logging_mixin.py:115} INFO - [2022-08-19 16:52:17,640] {dagbag.py:507} INFO - Filling up the DagBag from /home/airflow/.local/lib/python3.7/site-packages/airflow/example_dags/example_latest_only_with_trigger.py
[2022-08-19 16:52:17,649] {processor.py:651} INFO - DAG(s) dict_keys(['latest_only_with_trigger']) retrieved from /home/airflow/.local/lib/python3.7/site-packages/airflow/example_dags/example_latest_only_with_trigger.py
[2022-08-19 16:52:17,682] {logging_mixin.py:115} INFO - [2022-08-19 16:52:17,682] {dag.py:2379} INFO - Sync 1 DAGs
[2022-08-19 16:52:17,724] {logging_mixin.py:115} INFO - [2022-08-19 16:52:17,724] {dag.py:2931} INFO - Setting next_dagrun for latest_only_with_trigger to 2022-08-19T12:52:17.724343+00:00, run_after=2022-08-19T16:52:17.724343+00:00
[2022-08-19 16:52:17,741] {processor.py:161} INFO - Processing /home/airflow/.local/lib/python3.7/site-packages/airflow/example_dags/example_latest_only_with_trigger.py took 0.108 seconds
[2022-08-19 16:52:48,134] {processor.py:153} INFO - Started process (PID=453) to work on /home/airflow/.local/lib/python3.7/site-packages/airflow/example_dags/example_latest_only_with_trigger.py
[2022-08-19 16:52:48,135] {processor.py:641} INFO - Processing file /home/airflow/.local/lib/python3.7/site-packages/airflow/example_dags/example_latest_only_with_trigger.py for tasks to queue
[2022-08-19 16:52:48,136] {logging_mixin.py:115} INFO - [2022-08-19 16:52:48,136] {dagbag.py:507} INFO - Filling up the DagBag from /home/airflow/.local/lib/python3.7/site-packages/airflow/example_dags/example_latest_only_with_trigger.py
[2022-08-19 16:52:48,157] {processor.py:651} INFO - DAG(s) dict_keys(['latest_only_with_trigger']) retrieved from /home/airflow/.local/lib/python3.7/site-packages/airflow/example_dags/example_latest_only_with_trigger.py
[2022-08-19 16:52:48,224] {logging_mixin.py:115} INFO - [2022-08-19 16:52:48,224] {dag.py:2379} INFO - Sync 1 DAGs
[2022-08-19 16:52:48,260] {logging_mixin.py:115} INFO - [2022-08-19 16:52:48,260] {dag.py:2931} INFO - Setting next_dagrun for latest_only_with_trigger to 2022-08-19T12:52:48.259977+00:00, run_after=2022-08-19T16:52:48.259977+00:00
[2022-08-19 16:52:48,282] {processor.py:161} INFO - Processing /home/airflow/.local/lib/python3.7/site-packages/airflow/example_dags/example_latest_only_with_trigger.py took 0.151 seconds
[2022-08-19 16:53:18,555] {processor.py:153} INFO - Started process (PID=516) to work on /home/airflow/.local/lib/python3.7/site-packages/airflow/example_dags/example_latest_only_with_trigger.py
[2022-08-19 16:53:18,556] {processor.py:641} INFO - Processing file /home/airflow/.local/lib/python3.7/site-packages/airflow/example_dags/example_latest_only_with_trigger.py for tasks to queue
[2022-08-19 16:53:18,556] {logging_mixin.py:115} INFO - [2022-08-19 16:53:18,556] {dagbag.py:507} INFO - Filling up the DagBag from /home/airflow/.local/lib/python3.7/site-packages/airflow/example_dags/example_latest_only_with_trigger.py
[2022-08-19 16:53:18,562] {processor.py:651} INFO - DAG(s) dict_keys(['latest_only_with_trigger']) retrieved from /home/airflow/.local/lib/python3.7/site-packages/airflow/example_dags/example_latest_only_with_trigger.py
[2022-08-19 16:53:18,590] {logging_mixin.py:115} INFO - [2022-08-19 16:53:18,590] {dag.py:2379} INFO - Sync 1 DAGs
[2022-08-19 16:53:18,614] {logging_mixin.py:115} INFO - [2022-08-19 16:53:18,614] {dag.py:2931} INFO - Setting next_dagrun for latest_only_with_trigger to 2022-08-19T12:53:18.613952+00:00, run_after=2022-08-19T16:53:18.613952+00:00
[2022-08-19 16:53:18,627] {processor.py:161} INFO - Processing /home/airflow/.local/lib/python3.7/site-packages/airflow/example_dags/example_latest_only_with_trigger.py took 0.075 seconds
[2022-08-19 16:53:49,597] {processor.py:153} INFO - Started process (PID=570) to work on /home/airflow/.local/lib/python3.7/site-packages/airflow/example_dags/example_latest_only_with_trigger.py
[2022-08-19 16:53:49,598] {processor.py:641} INFO - Processing file /home/airflow/.local/lib/python3.7/site-packages/airflow/example_dags/example_latest_only_with_trigger.py for tasks to queue
[2022-08-19 16:53:49,600] {logging_mixin.py:115} INFO - [2022-08-19 16:53:49,600] {dagbag.py:507} INFO - Filling up the DagBag from /home/airflow/.local/lib/python3.7/site-packages/airflow/example_dags/example_latest_only_with_trigger.py
[2022-08-19 16:53:49,609] {processor.py:651} INFO - DAG(s) dict_keys(['latest_only_with_trigger']) retrieved from /home/airflow/.local/lib/python3.7/site-packages/airflow/example_dags/example_latest_only_with_trigger.py
[2022-08-19 16:53:49,635] {logging_mixin.py:115} INFO - [2022-08-19 16:53:49,635] {dag.py:2379} INFO - Sync 1 DAGs
[2022-08-19 16:53:49,661] {logging_mixin.py:115} INFO - [2022-08-19 16:53:49,660] {dag.py:2931} INFO - Setting next_dagrun for latest_only_with_trigger to 2022-08-19T12:53:49.660628+00:00, run_after=2022-08-19T16:53:49.660628+00:00
[2022-08-19 16:53:49,677] {processor.py:161} INFO - Processing /home/airflow/.local/lib/python3.7/site-packages/airflow/example_dags/example_latest_only_with_trigger.py took 0.083 seconds
