[2022-08-19 15:37:50,116] {processor.py:153} INFO - Started process (PID=52) to work on /home/airflow/.local/lib/python3.7/site-packages/airflow/example_dags/example_latest_only.py
[2022-08-19 15:37:50,116] {processor.py:641} INFO - Processing file /home/airflow/.local/lib/python3.7/site-packages/airflow/example_dags/example_latest_only.py for tasks to queue
[2022-08-19 15:37:50,120] {logging_mixin.py:115} INFO - [2022-08-19 15:37:50,120] {dagbag.py:507} INFO - Filling up the DagBag from /home/airflow/.local/lib/python3.7/site-packages/airflow/example_dags/example_latest_only.py
[2022-08-19 15:37:50,131] {processor.py:651} INFO - DAG(s) dict_keys(['latest_only']) retrieved from /home/airflow/.local/lib/python3.7/site-packages/airflow/example_dags/example_latest_only.py
[2022-08-19 15:37:50,200] {logging_mixin.py:115} INFO - [2022-08-19 15:37:50,200] {dag.py:2379} INFO - Sync 1 DAGs
[2022-08-19 15:37:50,467] {logging_mixin.py:115} INFO - [2022-08-19 15:37:50,466] {dag.py:2931} INFO - Setting next_dagrun for latest_only to 2022-08-19T11:37:50.466615+00:00, run_after=2022-08-19T15:37:50.466615+00:00
[2022-08-19 15:37:50,598] {processor.py:161} INFO - Processing /home/airflow/.local/lib/python3.7/site-packages/airflow/example_dags/example_latest_only.py took 0.489 seconds
[2022-08-19 15:38:21,424] {processor.py:153} INFO - Started process (PID=114) to work on /home/airflow/.local/lib/python3.7/site-packages/airflow/example_dags/example_latest_only.py
[2022-08-19 15:38:21,428] {processor.py:641} INFO - Processing file /home/airflow/.local/lib/python3.7/site-packages/airflow/example_dags/example_latest_only.py for tasks to queue
[2022-08-19 15:38:21,429] {logging_mixin.py:115} INFO - [2022-08-19 15:38:21,429] {dagbag.py:507} INFO - Filling up the DagBag from /home/airflow/.local/lib/python3.7/site-packages/airflow/example_dags/example_latest_only.py
[2022-08-19 15:38:21,437] {processor.py:651} INFO - DAG(s) dict_keys(['latest_only']) retrieved from /home/airflow/.local/lib/python3.7/site-packages/airflow/example_dags/example_latest_only.py
[2022-08-19 15:38:21,493] {logging_mixin.py:115} INFO - [2022-08-19 15:38:21,493] {dag.py:2379} INFO - Sync 1 DAGs
[2022-08-19 15:38:21,695] {logging_mixin.py:115} INFO - [2022-08-19 15:38:21,695] {dag.py:2931} INFO - Setting next_dagrun for latest_only to 2022-08-19T11:38:21.695377+00:00, run_after=2022-08-19T15:38:21.695377+00:00
[2022-08-19 15:38:21,717] {processor.py:161} INFO - Processing /home/airflow/.local/lib/python3.7/site-packages/airflow/example_dags/example_latest_only.py took 0.299 seconds
[2022-08-19 15:38:52,279] {processor.py:153} INFO - Started process (PID=170) to work on /home/airflow/.local/lib/python3.7/site-packages/airflow/example_dags/example_latest_only.py
[2022-08-19 15:38:52,282] {processor.py:641} INFO - Processing file /home/airflow/.local/lib/python3.7/site-packages/airflow/example_dags/example_latest_only.py for tasks to queue
[2022-08-19 15:38:52,283] {logging_mixin.py:115} INFO - [2022-08-19 15:38:52,283] {dagbag.py:507} INFO - Filling up the DagBag from /home/airflow/.local/lib/python3.7/site-packages/airflow/example_dags/example_latest_only.py
[2022-08-19 15:38:52,288] {processor.py:651} INFO - DAG(s) dict_keys(['latest_only']) retrieved from /home/airflow/.local/lib/python3.7/site-packages/airflow/example_dags/example_latest_only.py
[2022-08-19 15:38:52,330] {logging_mixin.py:115} INFO - [2022-08-19 15:38:52,329] {dag.py:2379} INFO - Sync 1 DAGs
[2022-08-19 15:38:52,586] {logging_mixin.py:115} INFO - [2022-08-19 15:38:52,586] {dag.py:2931} INFO - Setting next_dagrun for latest_only to 2022-08-19T11:38:52.585477+00:00, run_after=2022-08-19T15:38:52.585477+00:00
[2022-08-19 15:38:52,602] {processor.py:161} INFO - Processing /home/airflow/.local/lib/python3.7/site-packages/airflow/example_dags/example_latest_only.py took 0.328 seconds
[2022-08-19 15:39:23,552] {processor.py:153} INFO - Started process (PID=233) to work on /home/airflow/.local/lib/python3.7/site-packages/airflow/example_dags/example_latest_only.py
[2022-08-19 15:39:23,552] {processor.py:641} INFO - Processing file /home/airflow/.local/lib/python3.7/site-packages/airflow/example_dags/example_latest_only.py for tasks to queue
[2022-08-19 15:39:23,553] {logging_mixin.py:115} INFO - [2022-08-19 15:39:23,553] {dagbag.py:507} INFO - Filling up the DagBag from /home/airflow/.local/lib/python3.7/site-packages/airflow/example_dags/example_latest_only.py
[2022-08-19 15:39:23,561] {processor.py:651} INFO - DAG(s) dict_keys(['latest_only']) retrieved from /home/airflow/.local/lib/python3.7/site-packages/airflow/example_dags/example_latest_only.py
[2022-08-19 15:39:23,603] {logging_mixin.py:115} INFO - [2022-08-19 15:39:23,603] {dag.py:2379} INFO - Sync 1 DAGs
[2022-08-19 15:39:23,745] {logging_mixin.py:115} INFO - [2022-08-19 15:39:23,745] {dag.py:2931} INFO - Setting next_dagrun for latest_only to 2022-08-19T11:39:23.745122+00:00, run_after=2022-08-19T15:39:23.745122+00:00
[2022-08-19 15:39:23,758] {processor.py:161} INFO - Processing /home/airflow/.local/lib/python3.7/site-packages/airflow/example_dags/example_latest_only.py took 0.213 seconds
[2022-08-19 15:39:54,225] {processor.py:153} INFO - Started process (PID=287) to work on /home/airflow/.local/lib/python3.7/site-packages/airflow/example_dags/example_latest_only.py
[2022-08-19 15:39:54,225] {processor.py:641} INFO - Processing file /home/airflow/.local/lib/python3.7/site-packages/airflow/example_dags/example_latest_only.py for tasks to queue
[2022-08-19 15:39:54,225] {logging_mixin.py:115} INFO - [2022-08-19 15:39:54,225] {dagbag.py:507} INFO - Filling up the DagBag from /home/airflow/.local/lib/python3.7/site-packages/airflow/example_dags/example_latest_only.py
[2022-08-19 15:39:54,230] {processor.py:651} INFO - DAG(s) dict_keys(['latest_only']) retrieved from /home/airflow/.local/lib/python3.7/site-packages/airflow/example_dags/example_latest_only.py
[2022-08-19 15:39:54,259] {logging_mixin.py:115} INFO - [2022-08-19 15:39:54,259] {dag.py:2379} INFO - Sync 1 DAGs
[2022-08-19 15:39:54,432] {logging_mixin.py:115} INFO - [2022-08-19 15:39:54,432] {dag.py:2931} INFO - Setting next_dagrun for latest_only to 2022-08-19T11:39:54.432474+00:00, run_after=2022-08-19T15:39:54.432474+00:00
[2022-08-19 15:39:54,451] {processor.py:161} INFO - Processing /home/airflow/.local/lib/python3.7/site-packages/airflow/example_dags/example_latest_only.py took 0.231 seconds
[2022-08-19 15:40:25,072] {processor.py:153} INFO - Started process (PID=352) to work on /home/airflow/.local/lib/python3.7/site-packages/airflow/example_dags/example_latest_only.py
[2022-08-19 15:40:25,087] {processor.py:641} INFO - Processing file /home/airflow/.local/lib/python3.7/site-packages/airflow/example_dags/example_latest_only.py for tasks to queue
[2022-08-19 15:40:25,087] {logging_mixin.py:115} INFO - [2022-08-19 15:40:25,087] {dagbag.py:507} INFO - Filling up the DagBag from /home/airflow/.local/lib/python3.7/site-packages/airflow/example_dags/example_latest_only.py
[2022-08-19 15:40:25,092] {processor.py:651} INFO - DAG(s) dict_keys(['latest_only']) retrieved from /home/airflow/.local/lib/python3.7/site-packages/airflow/example_dags/example_latest_only.py
[2022-08-19 15:40:25,123] {logging_mixin.py:115} INFO - [2022-08-19 15:40:25,123] {dag.py:2379} INFO - Sync 1 DAGs
[2022-08-19 15:40:25,263] {logging_mixin.py:115} INFO - [2022-08-19 15:40:25,263] {dag.py:2931} INFO - Setting next_dagrun for latest_only to 2022-08-19T11:40:25.262828+00:00, run_after=2022-08-19T15:40:25.262828+00:00
[2022-08-19 15:40:25,294] {processor.py:161} INFO - Processing /home/airflow/.local/lib/python3.7/site-packages/airflow/example_dags/example_latest_only.py took 0.225 seconds
[2022-08-19 15:40:56,210] {processor.py:153} INFO - Started process (PID=415) to work on /home/airflow/.local/lib/python3.7/site-packages/airflow/example_dags/example_latest_only.py
[2022-08-19 15:40:56,249] {processor.py:641} INFO - Processing file /home/airflow/.local/lib/python3.7/site-packages/airflow/example_dags/example_latest_only.py for tasks to queue
[2022-08-19 15:40:56,250] {logging_mixin.py:115} INFO - [2022-08-19 15:40:56,250] {dagbag.py:507} INFO - Filling up the DagBag from /home/airflow/.local/lib/python3.7/site-packages/airflow/example_dags/example_latest_only.py
[2022-08-19 15:40:56,255] {processor.py:651} INFO - DAG(s) dict_keys(['latest_only']) retrieved from /home/airflow/.local/lib/python3.7/site-packages/airflow/example_dags/example_latest_only.py
[2022-08-19 15:40:56,286] {logging_mixin.py:115} INFO - [2022-08-19 15:40:56,286] {dag.py:2379} INFO - Sync 1 DAGs
[2022-08-19 15:40:56,413] {logging_mixin.py:115} INFO - [2022-08-19 15:40:56,413] {dag.py:2931} INFO - Setting next_dagrun for latest_only to 2022-08-19T11:40:56.413048+00:00, run_after=2022-08-19T15:40:56.413048+00:00
[2022-08-19 15:40:56,426] {processor.py:161} INFO - Processing /home/airflow/.local/lib/python3.7/site-packages/airflow/example_dags/example_latest_only.py took 0.219 seconds
[2022-08-19 15:41:26,473] {processor.py:153} INFO - Started process (PID=467) to work on /home/airflow/.local/lib/python3.7/site-packages/airflow/example_dags/example_latest_only.py
[2022-08-19 15:41:26,474] {processor.py:641} INFO - Processing file /home/airflow/.local/lib/python3.7/site-packages/airflow/example_dags/example_latest_only.py for tasks to queue
[2022-08-19 15:41:26,474] {logging_mixin.py:115} INFO - [2022-08-19 15:41:26,474] {dagbag.py:507} INFO - Filling up the DagBag from /home/airflow/.local/lib/python3.7/site-packages/airflow/example_dags/example_latest_only.py
[2022-08-19 15:41:26,478] {processor.py:651} INFO - DAG(s) dict_keys(['latest_only']) retrieved from /home/airflow/.local/lib/python3.7/site-packages/airflow/example_dags/example_latest_only.py
[2022-08-19 15:41:26,508] {logging_mixin.py:115} INFO - [2022-08-19 15:41:26,508] {dag.py:2379} INFO - Sync 1 DAGs
[2022-08-19 15:41:26,632] {logging_mixin.py:115} INFO - [2022-08-19 15:41:26,632] {dag.py:2931} INFO - Setting next_dagrun for latest_only to 2022-08-19T11:41:26.632125+00:00, run_after=2022-08-19T15:41:26.632125+00:00
[2022-08-19 15:41:26,645] {processor.py:161} INFO - Processing /home/airflow/.local/lib/python3.7/site-packages/airflow/example_dags/example_latest_only.py took 0.175 seconds
[2022-08-19 15:41:56,839] {processor.py:153} INFO - Started process (PID=533) to work on /home/airflow/.local/lib/python3.7/site-packages/airflow/example_dags/example_latest_only.py
[2022-08-19 15:41:56,840] {processor.py:641} INFO - Processing file /home/airflow/.local/lib/python3.7/site-packages/airflow/example_dags/example_latest_only.py for tasks to queue
[2022-08-19 15:41:56,840] {logging_mixin.py:115} INFO - [2022-08-19 15:41:56,840] {dagbag.py:507} INFO - Filling up the DagBag from /home/airflow/.local/lib/python3.7/site-packages/airflow/example_dags/example_latest_only.py
[2022-08-19 15:41:56,848] {processor.py:651} INFO - DAG(s) dict_keys(['latest_only']) retrieved from /home/airflow/.local/lib/python3.7/site-packages/airflow/example_dags/example_latest_only.py
[2022-08-19 15:41:56,883] {logging_mixin.py:115} INFO - [2022-08-19 15:41:56,883] {dag.py:2379} INFO - Sync 1 DAGs
[2022-08-19 15:41:57,031] {logging_mixin.py:115} INFO - [2022-08-19 15:41:57,031] {dag.py:2931} INFO - Setting next_dagrun for latest_only to 2022-08-19T11:41:57.031430+00:00, run_after=2022-08-19T15:41:57.031430+00:00
[2022-08-19 15:41:57,045] {processor.py:161} INFO - Processing /home/airflow/.local/lib/python3.7/site-packages/airflow/example_dags/example_latest_only.py took 0.209 seconds
[2022-08-19 15:42:27,468] {processor.py:153} INFO - Started process (PID=587) to work on /home/airflow/.local/lib/python3.7/site-packages/airflow/example_dags/example_latest_only.py
[2022-08-19 15:42:27,468] {processor.py:641} INFO - Processing file /home/airflow/.local/lib/python3.7/site-packages/airflow/example_dags/example_latest_only.py for tasks to queue
[2022-08-19 15:42:27,469] {logging_mixin.py:115} INFO - [2022-08-19 15:42:27,469] {dagbag.py:507} INFO - Filling up the DagBag from /home/airflow/.local/lib/python3.7/site-packages/airflow/example_dags/example_latest_only.py
[2022-08-19 15:42:27,475] {processor.py:651} INFO - DAG(s) dict_keys(['latest_only']) retrieved from /home/airflow/.local/lib/python3.7/site-packages/airflow/example_dags/example_latest_only.py
[2022-08-19 15:42:27,502] {logging_mixin.py:115} INFO - [2022-08-19 15:42:27,502] {dag.py:2379} INFO - Sync 1 DAGs
[2022-08-19 15:42:27,652] {logging_mixin.py:115} INFO - [2022-08-19 15:42:27,652] {dag.py:2931} INFO - Setting next_dagrun for latest_only to 2022-08-19T11:42:27.652339+00:00, run_after=2022-08-19T15:42:27.652339+00:00
[2022-08-19 15:42:27,667] {processor.py:161} INFO - Processing /home/airflow/.local/lib/python3.7/site-packages/airflow/example_dags/example_latest_only.py took 0.203 seconds
[2022-08-19 15:42:57,943] {processor.py:153} INFO - Started process (PID=649) to work on /home/airflow/.local/lib/python3.7/site-packages/airflow/example_dags/example_latest_only.py
[2022-08-19 15:42:57,944] {processor.py:641} INFO - Processing file /home/airflow/.local/lib/python3.7/site-packages/airflow/example_dags/example_latest_only.py for tasks to queue
[2022-08-19 15:42:57,944] {logging_mixin.py:115} INFO - [2022-08-19 15:42:57,944] {dagbag.py:507} INFO - Filling up the DagBag from /home/airflow/.local/lib/python3.7/site-packages/airflow/example_dags/example_latest_only.py
[2022-08-19 15:42:57,949] {processor.py:651} INFO - DAG(s) dict_keys(['latest_only']) retrieved from /home/airflow/.local/lib/python3.7/site-packages/airflow/example_dags/example_latest_only.py
[2022-08-19 15:42:58,170] {logging_mixin.py:115} INFO - [2022-08-19 15:42:58,170] {dag.py:2379} INFO - Sync 1 DAGs
[2022-08-19 15:42:58,202] {logging_mixin.py:115} INFO - [2022-08-19 15:42:58,202] {dag.py:2931} INFO - Setting next_dagrun for latest_only to 2022-08-19T11:42:58.202544+00:00, run_after=2022-08-19T15:42:58.202544+00:00
[2022-08-19 15:42:58,227] {processor.py:161} INFO - Processing /home/airflow/.local/lib/python3.7/site-packages/airflow/example_dags/example_latest_only.py took 0.290 seconds
[2022-08-19 15:44:02,869] {processor.py:153} INFO - Started process (PID=53) to work on /home/airflow/.local/lib/python3.7/site-packages/airflow/example_dags/example_latest_only.py
[2022-08-19 15:44:02,876] {processor.py:641} INFO - Processing file /home/airflow/.local/lib/python3.7/site-packages/airflow/example_dags/example_latest_only.py for tasks to queue
[2022-08-19 15:44:02,877] {logging_mixin.py:115} INFO - [2022-08-19 15:44:02,877] {dagbag.py:507} INFO - Filling up the DagBag from /home/airflow/.local/lib/python3.7/site-packages/airflow/example_dags/example_latest_only.py
[2022-08-19 15:44:02,892] {processor.py:651} INFO - DAG(s) dict_keys(['latest_only']) retrieved from /home/airflow/.local/lib/python3.7/site-packages/airflow/example_dags/example_latest_only.py
[2022-08-19 15:44:02,994] {logging_mixin.py:115} INFO - [2022-08-19 15:44:02,994] {dag.py:2379} INFO - Sync 1 DAGs
[2022-08-19 15:44:03,096] {logging_mixin.py:115} INFO - [2022-08-19 15:44:03,096] {dag.py:2931} INFO - Setting next_dagrun for latest_only to 2022-08-19T11:44:03.096527+00:00, run_after=2022-08-19T15:44:03.096527+00:00
[2022-08-19 15:44:03,144] {processor.py:161} INFO - Processing /home/airflow/.local/lib/python3.7/site-packages/airflow/example_dags/example_latest_only.py took 0.283 seconds
[2022-08-19 15:44:33,390] {processor.py:153} INFO - Started process (PID=107) to work on /home/airflow/.local/lib/python3.7/site-packages/airflow/example_dags/example_latest_only.py
[2022-08-19 15:44:33,391] {processor.py:641} INFO - Processing file /home/airflow/.local/lib/python3.7/site-packages/airflow/example_dags/example_latest_only.py for tasks to queue
[2022-08-19 15:44:33,391] {logging_mixin.py:115} INFO - [2022-08-19 15:44:33,391] {dagbag.py:507} INFO - Filling up the DagBag from /home/airflow/.local/lib/python3.7/site-packages/airflow/example_dags/example_latest_only.py
[2022-08-19 15:44:33,396] {processor.py:651} INFO - DAG(s) dict_keys(['latest_only']) retrieved from /home/airflow/.local/lib/python3.7/site-packages/airflow/example_dags/example_latest_only.py
[2022-08-19 15:44:33,419] {logging_mixin.py:115} INFO - [2022-08-19 15:44:33,419] {dag.py:2379} INFO - Sync 1 DAGs
[2022-08-19 15:44:33,445] {logging_mixin.py:115} INFO - [2022-08-19 15:44:33,445] {dag.py:2931} INFO - Setting next_dagrun for latest_only to 2022-08-19T11:44:33.444881+00:00, run_after=2022-08-19T15:44:33.444881+00:00
[2022-08-19 15:44:33,459] {processor.py:161} INFO - Processing /home/airflow/.local/lib/python3.7/site-packages/airflow/example_dags/example_latest_only.py took 0.071 seconds
[2022-08-19 16:13:52,032] {processor.py:153} INFO - Started process (PID=53) to work on /home/airflow/.local/lib/python3.7/site-packages/airflow/example_dags/example_latest_only.py
[2022-08-19 16:13:52,034] {processor.py:641} INFO - Processing file /home/airflow/.local/lib/python3.7/site-packages/airflow/example_dags/example_latest_only.py for tasks to queue
[2022-08-19 16:13:52,036] {logging_mixin.py:115} INFO - [2022-08-19 16:13:52,035] {dagbag.py:507} INFO - Filling up the DagBag from /home/airflow/.local/lib/python3.7/site-packages/airflow/example_dags/example_latest_only.py
[2022-08-19 16:13:52,073] {processor.py:651} INFO - DAG(s) dict_keys(['latest_only']) retrieved from /home/airflow/.local/lib/python3.7/site-packages/airflow/example_dags/example_latest_only.py
[2022-08-19 16:13:52,177] {logging_mixin.py:115} INFO - [2022-08-19 16:13:52,177] {dag.py:2379} INFO - Sync 1 DAGs
[2022-08-19 16:13:52,235] {logging_mixin.py:115} INFO - [2022-08-19 16:13:52,235] {dag.py:2931} INFO - Setting next_dagrun for latest_only to 2022-08-19T12:13:52.235166+00:00, run_after=2022-08-19T16:13:52.235166+00:00
[2022-08-19 16:13:52,265] {processor.py:161} INFO - Processing /home/airflow/.local/lib/python3.7/site-packages/airflow/example_dags/example_latest_only.py took 0.258 seconds
[2022-08-19 16:14:22,335] {processor.py:153} INFO - Started process (PID=105) to work on /home/airflow/.local/lib/python3.7/site-packages/airflow/example_dags/example_latest_only.py
[2022-08-19 16:14:22,336] {processor.py:641} INFO - Processing file /home/airflow/.local/lib/python3.7/site-packages/airflow/example_dags/example_latest_only.py for tasks to queue
[2022-08-19 16:14:22,337] {logging_mixin.py:115} INFO - [2022-08-19 16:14:22,337] {dagbag.py:507} INFO - Filling up the DagBag from /home/airflow/.local/lib/python3.7/site-packages/airflow/example_dags/example_latest_only.py
[2022-08-19 16:14:22,344] {processor.py:651} INFO - DAG(s) dict_keys(['latest_only']) retrieved from /home/airflow/.local/lib/python3.7/site-packages/airflow/example_dags/example_latest_only.py
[2022-08-19 16:14:22,391] {logging_mixin.py:115} INFO - [2022-08-19 16:14:22,391] {dag.py:2379} INFO - Sync 1 DAGs
[2022-08-19 16:14:22,467] {logging_mixin.py:115} INFO - [2022-08-19 16:14:22,466] {dag.py:2931} INFO - Setting next_dagrun for latest_only to 2022-08-19T12:14:22.466644+00:00, run_after=2022-08-19T16:14:22.466644+00:00
[2022-08-19 16:14:22,497] {processor.py:161} INFO - Processing /home/airflow/.local/lib/python3.7/site-packages/airflow/example_dags/example_latest_only.py took 0.164 seconds
[2022-08-19 16:14:52,999] {processor.py:153} INFO - Started process (PID=159) to work on /home/airflow/.local/lib/python3.7/site-packages/airflow/example_dags/example_latest_only.py
[2022-08-19 16:14:53,000] {processor.py:641} INFO - Processing file /home/airflow/.local/lib/python3.7/site-packages/airflow/example_dags/example_latest_only.py for tasks to queue
[2022-08-19 16:14:53,000] {logging_mixin.py:115} INFO - [2022-08-19 16:14:53,000] {dagbag.py:507} INFO - Filling up the DagBag from /home/airflow/.local/lib/python3.7/site-packages/airflow/example_dags/example_latest_only.py
[2022-08-19 16:14:53,029] {processor.py:651} INFO - DAG(s) dict_keys(['latest_only']) retrieved from /home/airflow/.local/lib/python3.7/site-packages/airflow/example_dags/example_latest_only.py
[2022-08-19 16:14:53,086] {logging_mixin.py:115} INFO - [2022-08-19 16:14:53,086] {dag.py:2379} INFO - Sync 1 DAGs
[2022-08-19 16:14:53,117] {logging_mixin.py:115} INFO - [2022-08-19 16:14:53,117] {dag.py:2931} INFO - Setting next_dagrun for latest_only to 2022-08-19T12:14:53.116950+00:00, run_after=2022-08-19T16:14:53.116950+00:00
[2022-08-19 16:14:53,138] {processor.py:161} INFO - Processing /home/airflow/.local/lib/python3.7/site-packages/airflow/example_dags/example_latest_only.py took 0.142 seconds
[2022-08-19 16:15:23,447] {processor.py:153} INFO - Started process (PID=222) to work on /home/airflow/.local/lib/python3.7/site-packages/airflow/example_dags/example_latest_only.py
[2022-08-19 16:15:23,448] {processor.py:641} INFO - Processing file /home/airflow/.local/lib/python3.7/site-packages/airflow/example_dags/example_latest_only.py for tasks to queue
[2022-08-19 16:15:23,450] {logging_mixin.py:115} INFO - [2022-08-19 16:15:23,449] {dagbag.py:507} INFO - Filling up the DagBag from /home/airflow/.local/lib/python3.7/site-packages/airflow/example_dags/example_latest_only.py
[2022-08-19 16:15:23,455] {processor.py:651} INFO - DAG(s) dict_keys(['latest_only']) retrieved from /home/airflow/.local/lib/python3.7/site-packages/airflow/example_dags/example_latest_only.py
[2022-08-19 16:15:23,493] {logging_mixin.py:115} INFO - [2022-08-19 16:15:23,493] {dag.py:2379} INFO - Sync 1 DAGs
[2022-08-19 16:15:23,526] {logging_mixin.py:115} INFO - [2022-08-19 16:15:23,526] {dag.py:2931} INFO - Setting next_dagrun for latest_only to 2022-08-19T12:15:23.525950+00:00, run_after=2022-08-19T16:15:23.525950+00:00
[2022-08-19 16:15:23,586] {processor.py:161} INFO - Processing /home/airflow/.local/lib/python3.7/site-packages/airflow/example_dags/example_latest_only.py took 0.142 seconds
[2022-08-19 16:15:53,682] {processor.py:153} INFO - Started process (PID=274) to work on /home/airflow/.local/lib/python3.7/site-packages/airflow/example_dags/example_latest_only.py
[2022-08-19 16:15:53,682] {processor.py:641} INFO - Processing file /home/airflow/.local/lib/python3.7/site-packages/airflow/example_dags/example_latest_only.py for tasks to queue
[2022-08-19 16:15:53,683] {logging_mixin.py:115} INFO - [2022-08-19 16:15:53,683] {dagbag.py:507} INFO - Filling up the DagBag from /home/airflow/.local/lib/python3.7/site-packages/airflow/example_dags/example_latest_only.py
[2022-08-19 16:15:53,687] {processor.py:651} INFO - DAG(s) dict_keys(['latest_only']) retrieved from /home/airflow/.local/lib/python3.7/site-packages/airflow/example_dags/example_latest_only.py
[2022-08-19 16:15:53,713] {logging_mixin.py:115} INFO - [2022-08-19 16:15:53,713] {dag.py:2379} INFO - Sync 1 DAGs
[2022-08-19 16:15:53,737] {logging_mixin.py:115} INFO - [2022-08-19 16:15:53,737] {dag.py:2931} INFO - Setting next_dagrun for latest_only to 2022-08-19T12:15:53.737356+00:00, run_after=2022-08-19T16:15:53.737356+00:00
[2022-08-19 16:15:53,754] {processor.py:161} INFO - Processing /home/airflow/.local/lib/python3.7/site-packages/airflow/example_dags/example_latest_only.py took 0.075 seconds
[2022-08-19 16:16:24,471] {processor.py:153} INFO - Started process (PID=337) to work on /home/airflow/.local/lib/python3.7/site-packages/airflow/example_dags/example_latest_only.py
[2022-08-19 16:16:24,472] {processor.py:641} INFO - Processing file /home/airflow/.local/lib/python3.7/site-packages/airflow/example_dags/example_latest_only.py for tasks to queue
[2022-08-19 16:16:24,472] {logging_mixin.py:115} INFO - [2022-08-19 16:16:24,472] {dagbag.py:507} INFO - Filling up the DagBag from /home/airflow/.local/lib/python3.7/site-packages/airflow/example_dags/example_latest_only.py
[2022-08-19 16:16:24,477] {processor.py:651} INFO - DAG(s) dict_keys(['latest_only']) retrieved from /home/airflow/.local/lib/python3.7/site-packages/airflow/example_dags/example_latest_only.py
[2022-08-19 16:16:24,513] {logging_mixin.py:115} INFO - [2022-08-19 16:16:24,513] {dag.py:2379} INFO - Sync 1 DAGs
[2022-08-19 16:16:24,545] {logging_mixin.py:115} INFO - [2022-08-19 16:16:24,545] {dag.py:2931} INFO - Setting next_dagrun for latest_only to 2022-08-19T12:16:24.545174+00:00, run_after=2022-08-19T16:16:24.545174+00:00
[2022-08-19 16:16:24,559] {processor.py:161} INFO - Processing /home/airflow/.local/lib/python3.7/site-packages/airflow/example_dags/example_latest_only.py took 0.092 seconds
[2022-08-19 16:16:55,339] {processor.py:153} INFO - Started process (PID=390) to work on /home/airflow/.local/lib/python3.7/site-packages/airflow/example_dags/example_latest_only.py
[2022-08-19 16:16:55,339] {processor.py:641} INFO - Processing file /home/airflow/.local/lib/python3.7/site-packages/airflow/example_dags/example_latest_only.py for tasks to queue
[2022-08-19 16:16:55,340] {logging_mixin.py:115} INFO - [2022-08-19 16:16:55,339] {dagbag.py:507} INFO - Filling up the DagBag from /home/airflow/.local/lib/python3.7/site-packages/airflow/example_dags/example_latest_only.py
[2022-08-19 16:16:55,348] {processor.py:651} INFO - DAG(s) dict_keys(['latest_only']) retrieved from /home/airflow/.local/lib/python3.7/site-packages/airflow/example_dags/example_latest_only.py
[2022-08-19 16:16:55,399] {logging_mixin.py:115} INFO - [2022-08-19 16:16:55,398] {dag.py:2379} INFO - Sync 1 DAGs
[2022-08-19 16:16:55,452] {logging_mixin.py:115} INFO - [2022-08-19 16:16:55,452] {dag.py:2931} INFO - Setting next_dagrun for latest_only to 2022-08-19T12:16:55.451595+00:00, run_after=2022-08-19T16:16:55.451595+00:00
[2022-08-19 16:16:55,478] {processor.py:161} INFO - Processing /home/airflow/.local/lib/python3.7/site-packages/airflow/example_dags/example_latest_only.py took 0.142 seconds
[2022-08-19 16:17:25,843] {processor.py:153} INFO - Started process (PID=453) to work on /home/airflow/.local/lib/python3.7/site-packages/airflow/example_dags/example_latest_only.py
[2022-08-19 16:17:25,844] {processor.py:641} INFO - Processing file /home/airflow/.local/lib/python3.7/site-packages/airflow/example_dags/example_latest_only.py for tasks to queue
[2022-08-19 16:17:25,847] {logging_mixin.py:115} INFO - [2022-08-19 16:17:25,847] {dagbag.py:507} INFO - Filling up the DagBag from /home/airflow/.local/lib/python3.7/site-packages/airflow/example_dags/example_latest_only.py
[2022-08-19 16:17:25,852] {processor.py:651} INFO - DAG(s) dict_keys(['latest_only']) retrieved from /home/airflow/.local/lib/python3.7/site-packages/airflow/example_dags/example_latest_only.py
[2022-08-19 16:17:25,884] {logging_mixin.py:115} INFO - [2022-08-19 16:17:25,883] {dag.py:2379} INFO - Sync 1 DAGs
[2022-08-19 16:17:25,907] {logging_mixin.py:115} INFO - [2022-08-19 16:17:25,906] {dag.py:2931} INFO - Setting next_dagrun for latest_only to 2022-08-19T12:17:25.906686+00:00, run_after=2022-08-19T16:17:25.906686+00:00
[2022-08-19 16:17:25,922] {processor.py:161} INFO - Processing /home/airflow/.local/lib/python3.7/site-packages/airflow/example_dags/example_latest_only.py took 0.083 seconds
[2022-08-19 16:24:22,932] {processor.py:153} INFO - Started process (PID=53) to work on /home/airflow/.local/lib/python3.7/site-packages/airflow/example_dags/example_latest_only.py
[2022-08-19 16:24:22,933] {processor.py:641} INFO - Processing file /home/airflow/.local/lib/python3.7/site-packages/airflow/example_dags/example_latest_only.py for tasks to queue
[2022-08-19 16:24:22,934] {logging_mixin.py:115} INFO - [2022-08-19 16:24:22,934] {dagbag.py:507} INFO - Filling up the DagBag from /home/airflow/.local/lib/python3.7/site-packages/airflow/example_dags/example_latest_only.py
[2022-08-19 16:24:22,942] {processor.py:651} INFO - DAG(s) dict_keys(['latest_only']) retrieved from /home/airflow/.local/lib/python3.7/site-packages/airflow/example_dags/example_latest_only.py
[2022-08-19 16:24:23,005] {logging_mixin.py:115} INFO - [2022-08-19 16:24:23,005] {dag.py:2379} INFO - Sync 1 DAGs
[2022-08-19 16:24:23,064] {logging_mixin.py:115} INFO - [2022-08-19 16:24:23,064] {dag.py:2931} INFO - Setting next_dagrun for latest_only to 2022-08-19T12:24:23.063776+00:00, run_after=2022-08-19T16:24:23.063776+00:00
[2022-08-19 16:24:23,098] {processor.py:161} INFO - Processing /home/airflow/.local/lib/python3.7/site-packages/airflow/example_dags/example_latest_only.py took 0.175 seconds
[2022-08-19 16:24:53,964] {processor.py:153} INFO - Started process (PID=111) to work on /home/airflow/.local/lib/python3.7/site-packages/airflow/example_dags/example_latest_only.py
[2022-08-19 16:24:53,970] {processor.py:641} INFO - Processing file /home/airflow/.local/lib/python3.7/site-packages/airflow/example_dags/example_latest_only.py for tasks to queue
[2022-08-19 16:24:53,971] {logging_mixin.py:115} INFO - [2022-08-19 16:24:53,971] {dagbag.py:507} INFO - Filling up the DagBag from /home/airflow/.local/lib/python3.7/site-packages/airflow/example_dags/example_latest_only.py
[2022-08-19 16:24:53,987] {processor.py:651} INFO - DAG(s) dict_keys(['latest_only']) retrieved from /home/airflow/.local/lib/python3.7/site-packages/airflow/example_dags/example_latest_only.py
[2022-08-19 16:24:54,108] {logging_mixin.py:115} INFO - [2022-08-19 16:24:54,108] {dag.py:2379} INFO - Sync 1 DAGs
[2022-08-19 16:24:54,183] {logging_mixin.py:115} INFO - [2022-08-19 16:24:54,181] {dag.py:2931} INFO - Setting next_dagrun for latest_only to 2022-08-19T12:24:54.179814+00:00, run_after=2022-08-19T16:24:54.179814+00:00
[2022-08-19 16:24:54,223] {processor.py:161} INFO - Processing /home/airflow/.local/lib/python3.7/site-packages/airflow/example_dags/example_latest_only.py took 0.267 seconds
[2022-08-19 16:25:24,329] {processor.py:153} INFO - Started process (PID=167) to work on /home/airflow/.local/lib/python3.7/site-packages/airflow/example_dags/example_latest_only.py
[2022-08-19 16:25:24,332] {processor.py:641} INFO - Processing file /home/airflow/.local/lib/python3.7/site-packages/airflow/example_dags/example_latest_only.py for tasks to queue
[2022-08-19 16:25:24,335] {logging_mixin.py:115} INFO - [2022-08-19 16:25:24,334] {dagbag.py:507} INFO - Filling up the DagBag from /home/airflow/.local/lib/python3.7/site-packages/airflow/example_dags/example_latest_only.py
[2022-08-19 16:25:24,356] {processor.py:651} INFO - DAG(s) dict_keys(['latest_only']) retrieved from /home/airflow/.local/lib/python3.7/site-packages/airflow/example_dags/example_latest_only.py
[2022-08-19 16:25:24,408] {logging_mixin.py:115} INFO - [2022-08-19 16:25:24,408] {dag.py:2379} INFO - Sync 1 DAGs
[2022-08-19 16:25:24,431] {logging_mixin.py:115} INFO - [2022-08-19 16:25:24,431] {dag.py:2931} INFO - Setting next_dagrun for latest_only to 2022-08-19T12:25:24.431028+00:00, run_after=2022-08-19T16:25:24.431028+00:00
[2022-08-19 16:25:24,447] {processor.py:161} INFO - Processing /home/airflow/.local/lib/python3.7/site-packages/airflow/example_dags/example_latest_only.py took 0.140 seconds
[2022-08-19 16:25:54,533] {processor.py:153} INFO - Started process (PID=228) to work on /home/airflow/.local/lib/python3.7/site-packages/airflow/example_dags/example_latest_only.py
[2022-08-19 16:25:54,537] {processor.py:641} INFO - Processing file /home/airflow/.local/lib/python3.7/site-packages/airflow/example_dags/example_latest_only.py for tasks to queue
[2022-08-19 16:25:54,538] {logging_mixin.py:115} INFO - [2022-08-19 16:25:54,538] {dagbag.py:507} INFO - Filling up the DagBag from /home/airflow/.local/lib/python3.7/site-packages/airflow/example_dags/example_latest_only.py
[2022-08-19 16:25:54,557] {processor.py:651} INFO - DAG(s) dict_keys(['latest_only']) retrieved from /home/airflow/.local/lib/python3.7/site-packages/airflow/example_dags/example_latest_only.py
[2022-08-19 16:25:54,638] {logging_mixin.py:115} INFO - [2022-08-19 16:25:54,638] {dag.py:2379} INFO - Sync 1 DAGs
[2022-08-19 16:25:54,713] {logging_mixin.py:115} INFO - [2022-08-19 16:25:54,713] {dag.py:2931} INFO - Setting next_dagrun for latest_only to 2022-08-19T12:25:54.712945+00:00, run_after=2022-08-19T16:25:54.712945+00:00
[2022-08-19 16:25:54,745] {processor.py:161} INFO - Processing /home/airflow/.local/lib/python3.7/site-packages/airflow/example_dags/example_latest_only.py took 0.223 seconds
[2022-08-19 16:26:25,152] {processor.py:153} INFO - Started process (PID=285) to work on /home/airflow/.local/lib/python3.7/site-packages/airflow/example_dags/example_latest_only.py
[2022-08-19 16:26:25,153] {processor.py:641} INFO - Processing file /home/airflow/.local/lib/python3.7/site-packages/airflow/example_dags/example_latest_only.py for tasks to queue
[2022-08-19 16:26:25,153] {logging_mixin.py:115} INFO - [2022-08-19 16:26:25,153] {dagbag.py:507} INFO - Filling up the DagBag from /home/airflow/.local/lib/python3.7/site-packages/airflow/example_dags/example_latest_only.py
[2022-08-19 16:26:25,157] {processor.py:651} INFO - DAG(s) dict_keys(['latest_only']) retrieved from /home/airflow/.local/lib/python3.7/site-packages/airflow/example_dags/example_latest_only.py
[2022-08-19 16:26:25,187] {logging_mixin.py:115} INFO - [2022-08-19 16:26:25,187] {dag.py:2379} INFO - Sync 1 DAGs
[2022-08-19 16:26:25,214] {logging_mixin.py:115} INFO - [2022-08-19 16:26:25,213] {dag.py:2931} INFO - Setting next_dagrun for latest_only to 2022-08-19T12:26:25.213761+00:00, run_after=2022-08-19T16:26:25.213761+00:00
[2022-08-19 16:26:25,227] {processor.py:161} INFO - Processing /home/airflow/.local/lib/python3.7/site-packages/airflow/example_dags/example_latest_only.py took 0.078 seconds
[2022-08-19 16:31:15,450] {processor.py:153} INFO - Started process (PID=53) to work on /home/airflow/.local/lib/python3.7/site-packages/airflow/example_dags/example_latest_only.py
[2022-08-19 16:31:15,452] {processor.py:641} INFO - Processing file /home/airflow/.local/lib/python3.7/site-packages/airflow/example_dags/example_latest_only.py for tasks to queue
[2022-08-19 16:31:15,452] {logging_mixin.py:115} INFO - [2022-08-19 16:31:15,452] {dagbag.py:507} INFO - Filling up the DagBag from /home/airflow/.local/lib/python3.7/site-packages/airflow/example_dags/example_latest_only.py
[2022-08-19 16:31:15,462] {processor.py:651} INFO - DAG(s) dict_keys(['latest_only']) retrieved from /home/airflow/.local/lib/python3.7/site-packages/airflow/example_dags/example_latest_only.py
[2022-08-19 16:31:15,543] {logging_mixin.py:115} INFO - [2022-08-19 16:31:15,543] {dag.py:2379} INFO - Sync 1 DAGs
[2022-08-19 16:31:15,625] {logging_mixin.py:115} INFO - [2022-08-19 16:31:15,625] {dag.py:2931} INFO - Setting next_dagrun for latest_only to 2022-08-19T12:31:15.625284+00:00, run_after=2022-08-19T16:31:15.625284+00:00
[2022-08-19 16:31:15,664] {processor.py:161} INFO - Processing /home/airflow/.local/lib/python3.7/site-packages/airflow/example_dags/example_latest_only.py took 0.233 seconds
[2022-08-19 16:31:46,150] {processor.py:153} INFO - Started process (PID=105) to work on /home/airflow/.local/lib/python3.7/site-packages/airflow/example_dags/example_latest_only.py
[2022-08-19 16:31:46,150] {processor.py:641} INFO - Processing file /home/airflow/.local/lib/python3.7/site-packages/airflow/example_dags/example_latest_only.py for tasks to queue
[2022-08-19 16:31:46,151] {logging_mixin.py:115} INFO - [2022-08-19 16:31:46,151] {dagbag.py:507} INFO - Filling up the DagBag from /home/airflow/.local/lib/python3.7/site-packages/airflow/example_dags/example_latest_only.py
[2022-08-19 16:31:46,157] {processor.py:651} INFO - DAG(s) dict_keys(['latest_only']) retrieved from /home/airflow/.local/lib/python3.7/site-packages/airflow/example_dags/example_latest_only.py
[2022-08-19 16:31:46,201] {logging_mixin.py:115} INFO - [2022-08-19 16:31:46,201] {dag.py:2379} INFO - Sync 1 DAGs
[2022-08-19 16:31:46,249] {logging_mixin.py:115} INFO - [2022-08-19 16:31:46,248] {dag.py:2931} INFO - Setting next_dagrun for latest_only to 2022-08-19T12:31:46.246612+00:00, run_after=2022-08-19T16:31:46.246612+00:00
[2022-08-19 16:31:46,275] {processor.py:161} INFO - Processing /home/airflow/.local/lib/python3.7/site-packages/airflow/example_dags/example_latest_only.py took 0.129 seconds
[2022-08-19 16:32:16,698] {processor.py:153} INFO - Started process (PID=167) to work on /home/airflow/.local/lib/python3.7/site-packages/airflow/example_dags/example_latest_only.py
[2022-08-19 16:32:16,702] {processor.py:641} INFO - Processing file /home/airflow/.local/lib/python3.7/site-packages/airflow/example_dags/example_latest_only.py for tasks to queue
[2022-08-19 16:32:16,703] {logging_mixin.py:115} INFO - [2022-08-19 16:32:16,703] {dagbag.py:507} INFO - Filling up the DagBag from /home/airflow/.local/lib/python3.7/site-packages/airflow/example_dags/example_latest_only.py
[2022-08-19 16:32:16,718] {processor.py:651} INFO - DAG(s) dict_keys(['latest_only']) retrieved from /home/airflow/.local/lib/python3.7/site-packages/airflow/example_dags/example_latest_only.py
[2022-08-19 16:32:16,779] {logging_mixin.py:115} INFO - [2022-08-19 16:32:16,779] {dag.py:2379} INFO - Sync 1 DAGs
[2022-08-19 16:32:16,844] {logging_mixin.py:115} INFO - [2022-08-19 16:32:16,844] {dag.py:2931} INFO - Setting next_dagrun for latest_only to 2022-08-19T12:32:16.844030+00:00, run_after=2022-08-19T16:32:16.844030+00:00
[2022-08-19 16:32:16,875] {processor.py:161} INFO - Processing /home/airflow/.local/lib/python3.7/site-packages/airflow/example_dags/example_latest_only.py took 0.184 seconds
[2022-08-19 16:32:46,977] {processor.py:153} INFO - Started process (PID=220) to work on /home/airflow/.local/lib/python3.7/site-packages/airflow/example_dags/example_latest_only.py
[2022-08-19 16:32:46,978] {processor.py:641} INFO - Processing file /home/airflow/.local/lib/python3.7/site-packages/airflow/example_dags/example_latest_only.py for tasks to queue
[2022-08-19 16:32:46,980] {logging_mixin.py:115} INFO - [2022-08-19 16:32:46,979] {dagbag.py:507} INFO - Filling up the DagBag from /home/airflow/.local/lib/python3.7/site-packages/airflow/example_dags/example_latest_only.py
[2022-08-19 16:32:46,988] {processor.py:651} INFO - DAG(s) dict_keys(['latest_only']) retrieved from /home/airflow/.local/lib/python3.7/site-packages/airflow/example_dags/example_latest_only.py
[2022-08-19 16:32:47,021] {logging_mixin.py:115} INFO - [2022-08-19 16:32:47,021] {dag.py:2379} INFO - Sync 1 DAGs
[2022-08-19 16:32:47,049] {logging_mixin.py:115} INFO - [2022-08-19 16:32:47,049] {dag.py:2931} INFO - Setting next_dagrun for latest_only to 2022-08-19T12:32:47.049040+00:00, run_after=2022-08-19T16:32:47.049040+00:00
[2022-08-19 16:32:47,066] {processor.py:161} INFO - Processing /home/airflow/.local/lib/python3.7/site-packages/airflow/example_dags/example_latest_only.py took 0.096 seconds
[2022-08-19 16:33:17,775] {processor.py:153} INFO - Started process (PID=283) to work on /home/airflow/.local/lib/python3.7/site-packages/airflow/example_dags/example_latest_only.py
[2022-08-19 16:33:17,777] {processor.py:641} INFO - Processing file /home/airflow/.local/lib/python3.7/site-packages/airflow/example_dags/example_latest_only.py for tasks to queue
[2022-08-19 16:33:17,777] {logging_mixin.py:115} INFO - [2022-08-19 16:33:17,777] {dagbag.py:507} INFO - Filling up the DagBag from /home/airflow/.local/lib/python3.7/site-packages/airflow/example_dags/example_latest_only.py
[2022-08-19 16:33:17,787] {processor.py:651} INFO - DAG(s) dict_keys(['latest_only']) retrieved from /home/airflow/.local/lib/python3.7/site-packages/airflow/example_dags/example_latest_only.py
[2022-08-19 16:33:17,845] {logging_mixin.py:115} INFO - [2022-08-19 16:33:17,845] {dag.py:2379} INFO - Sync 1 DAGs
[2022-08-19 16:33:17,914] {logging_mixin.py:115} INFO - [2022-08-19 16:33:17,913] {dag.py:2931} INFO - Setting next_dagrun for latest_only to 2022-08-19T12:33:17.913742+00:00, run_after=2022-08-19T16:33:17.913742+00:00
[2022-08-19 16:33:17,931] {processor.py:161} INFO - Processing /home/airflow/.local/lib/python3.7/site-packages/airflow/example_dags/example_latest_only.py took 0.165 seconds
[2022-08-19 16:33:48,294] {processor.py:153} INFO - Started process (PID=337) to work on /home/airflow/.local/lib/python3.7/site-packages/airflow/example_dags/example_latest_only.py
[2022-08-19 16:33:48,295] {processor.py:641} INFO - Processing file /home/airflow/.local/lib/python3.7/site-packages/airflow/example_dags/example_latest_only.py for tasks to queue
[2022-08-19 16:33:48,295] {logging_mixin.py:115} INFO - [2022-08-19 16:33:48,295] {dagbag.py:507} INFO - Filling up the DagBag from /home/airflow/.local/lib/python3.7/site-packages/airflow/example_dags/example_latest_only.py
[2022-08-19 16:33:48,303] {processor.py:651} INFO - DAG(s) dict_keys(['latest_only']) retrieved from /home/airflow/.local/lib/python3.7/site-packages/airflow/example_dags/example_latest_only.py
[2022-08-19 16:33:48,329] {logging_mixin.py:115} INFO - [2022-08-19 16:33:48,329] {dag.py:2379} INFO - Sync 1 DAGs
[2022-08-19 16:33:48,367] {logging_mixin.py:115} INFO - [2022-08-19 16:33:48,367] {dag.py:2931} INFO - Setting next_dagrun for latest_only to 2022-08-19T12:33:48.367293+00:00, run_after=2022-08-19T16:33:48.367293+00:00
[2022-08-19 16:33:48,384] {processor.py:161} INFO - Processing /home/airflow/.local/lib/python3.7/site-packages/airflow/example_dags/example_latest_only.py took 0.093 seconds
[2022-08-19 16:36:22,129] {processor.py:153} INFO - Started process (PID=52) to work on /home/airflow/.local/lib/python3.7/site-packages/airflow/example_dags/example_latest_only.py
[2022-08-19 16:36:22,135] {processor.py:641} INFO - Processing file /home/airflow/.local/lib/python3.7/site-packages/airflow/example_dags/example_latest_only.py for tasks to queue
[2022-08-19 16:36:22,135] {logging_mixin.py:115} INFO - [2022-08-19 16:36:22,135] {dagbag.py:507} INFO - Filling up the DagBag from /home/airflow/.local/lib/python3.7/site-packages/airflow/example_dags/example_latest_only.py
[2022-08-19 16:36:22,141] {processor.py:651} INFO - DAG(s) dict_keys(['latest_only']) retrieved from /home/airflow/.local/lib/python3.7/site-packages/airflow/example_dags/example_latest_only.py
[2022-08-19 16:36:22,178] {logging_mixin.py:115} INFO - [2022-08-19 16:36:22,178] {dag.py:2379} INFO - Sync 1 DAGs
[2022-08-19 16:36:22,201] {logging_mixin.py:115} INFO - [2022-08-19 16:36:22,201] {dag.py:2931} INFO - Setting next_dagrun for latest_only to 2022-08-19T12:36:22.201324+00:00, run_after=2022-08-19T16:36:22.201324+00:00
[2022-08-19 16:36:22,220] {processor.py:161} INFO - Processing /home/airflow/.local/lib/python3.7/site-packages/airflow/example_dags/example_latest_only.py took 0.097 seconds
[2022-08-19 16:36:53,322] {processor.py:153} INFO - Started process (PID=116) to work on /home/airflow/.local/lib/python3.7/site-packages/airflow/example_dags/example_latest_only.py
[2022-08-19 16:36:53,322] {processor.py:641} INFO - Processing file /home/airflow/.local/lib/python3.7/site-packages/airflow/example_dags/example_latest_only.py for tasks to queue
[2022-08-19 16:36:53,323] {logging_mixin.py:115} INFO - [2022-08-19 16:36:53,323] {dagbag.py:507} INFO - Filling up the DagBag from /home/airflow/.local/lib/python3.7/site-packages/airflow/example_dags/example_latest_only.py
[2022-08-19 16:36:53,327] {processor.py:651} INFO - DAG(s) dict_keys(['latest_only']) retrieved from /home/airflow/.local/lib/python3.7/site-packages/airflow/example_dags/example_latest_only.py
[2022-08-19 16:36:53,358] {logging_mixin.py:115} INFO - [2022-08-19 16:36:53,357] {dag.py:2379} INFO - Sync 1 DAGs
[2022-08-19 16:36:53,388] {logging_mixin.py:115} INFO - [2022-08-19 16:36:53,388] {dag.py:2931} INFO - Setting next_dagrun for latest_only to 2022-08-19T12:36:53.388329+00:00, run_after=2022-08-19T16:36:53.388329+00:00
[2022-08-19 16:36:53,405] {processor.py:161} INFO - Processing /home/airflow/.local/lib/python3.7/site-packages/airflow/example_dags/example_latest_only.py took 0.086 seconds
[2022-08-19 16:37:23,674] {processor.py:153} INFO - Started process (PID=168) to work on /home/airflow/.local/lib/python3.7/site-packages/airflow/example_dags/example_latest_only.py
[2022-08-19 16:37:23,685] {processor.py:641} INFO - Processing file /home/airflow/.local/lib/python3.7/site-packages/airflow/example_dags/example_latest_only.py for tasks to queue
[2022-08-19 16:37:23,685] {logging_mixin.py:115} INFO - [2022-08-19 16:37:23,685] {dagbag.py:507} INFO - Filling up the DagBag from /home/airflow/.local/lib/python3.7/site-packages/airflow/example_dags/example_latest_only.py
[2022-08-19 16:37:23,690] {processor.py:651} INFO - DAG(s) dict_keys(['latest_only']) retrieved from /home/airflow/.local/lib/python3.7/site-packages/airflow/example_dags/example_latest_only.py
[2022-08-19 16:37:23,724] {logging_mixin.py:115} INFO - [2022-08-19 16:37:23,724] {dag.py:2379} INFO - Sync 1 DAGs
[2022-08-19 16:37:23,746] {logging_mixin.py:115} INFO - [2022-08-19 16:37:23,746] {dag.py:2931} INFO - Setting next_dagrun for latest_only to 2022-08-19T12:37:23.746343+00:00, run_after=2022-08-19T16:37:23.746343+00:00
[2022-08-19 16:37:23,823] {processor.py:161} INFO - Processing /home/airflow/.local/lib/python3.7/site-packages/airflow/example_dags/example_latest_only.py took 0.152 seconds
[2022-08-19 16:37:54,435] {processor.py:153} INFO - Started process (PID=230) to work on /home/airflow/.local/lib/python3.7/site-packages/airflow/example_dags/example_latest_only.py
[2022-08-19 16:37:54,436] {processor.py:641} INFO - Processing file /home/airflow/.local/lib/python3.7/site-packages/airflow/example_dags/example_latest_only.py for tasks to queue
[2022-08-19 16:37:54,436] {logging_mixin.py:115} INFO - [2022-08-19 16:37:54,436] {dagbag.py:507} INFO - Filling up the DagBag from /home/airflow/.local/lib/python3.7/site-packages/airflow/example_dags/example_latest_only.py
[2022-08-19 16:37:54,440] {processor.py:651} INFO - DAG(s) dict_keys(['latest_only']) retrieved from /home/airflow/.local/lib/python3.7/site-packages/airflow/example_dags/example_latest_only.py
[2022-08-19 16:37:54,463] {logging_mixin.py:115} INFO - [2022-08-19 16:37:54,463] {dag.py:2379} INFO - Sync 1 DAGs
[2022-08-19 16:37:54,487] {logging_mixin.py:115} INFO - [2022-08-19 16:37:54,487] {dag.py:2931} INFO - Setting next_dagrun for latest_only to 2022-08-19T12:37:54.487474+00:00, run_after=2022-08-19T16:37:54.487474+00:00
[2022-08-19 16:37:54,503] {processor.py:161} INFO - Processing /home/airflow/.local/lib/python3.7/site-packages/airflow/example_dags/example_latest_only.py took 0.071 seconds
[2022-08-19 16:38:25,068] {processor.py:153} INFO - Started process (PID=284) to work on /home/airflow/.local/lib/python3.7/site-packages/airflow/example_dags/example_latest_only.py
[2022-08-19 16:38:25,069] {processor.py:641} INFO - Processing file /home/airflow/.local/lib/python3.7/site-packages/airflow/example_dags/example_latest_only.py for tasks to queue
[2022-08-19 16:38:25,070] {logging_mixin.py:115} INFO - [2022-08-19 16:38:25,070] {dagbag.py:507} INFO - Filling up the DagBag from /home/airflow/.local/lib/python3.7/site-packages/airflow/example_dags/example_latest_only.py
[2022-08-19 16:38:25,075] {processor.py:651} INFO - DAG(s) dict_keys(['latest_only']) retrieved from /home/airflow/.local/lib/python3.7/site-packages/airflow/example_dags/example_latest_only.py
[2022-08-19 16:38:25,118] {logging_mixin.py:115} INFO - [2022-08-19 16:38:25,118] {dag.py:2379} INFO - Sync 1 DAGs
[2022-08-19 16:38:25,149] {logging_mixin.py:115} INFO - [2022-08-19 16:38:25,148] {dag.py:2931} INFO - Setting next_dagrun for latest_only to 2022-08-19T12:38:25.148537+00:00, run_after=2022-08-19T16:38:25.148537+00:00
[2022-08-19 16:38:25,172] {processor.py:161} INFO - Processing /home/airflow/.local/lib/python3.7/site-packages/airflow/example_dags/example_latest_only.py took 0.111 seconds
[2022-08-19 16:38:55,979] {processor.py:153} INFO - Started process (PID=346) to work on /home/airflow/.local/lib/python3.7/site-packages/airflow/example_dags/example_latest_only.py
[2022-08-19 16:38:55,979] {processor.py:641} INFO - Processing file /home/airflow/.local/lib/python3.7/site-packages/airflow/example_dags/example_latest_only.py for tasks to queue
[2022-08-19 16:38:55,980] {logging_mixin.py:115} INFO - [2022-08-19 16:38:55,980] {dagbag.py:507} INFO - Filling up the DagBag from /home/airflow/.local/lib/python3.7/site-packages/airflow/example_dags/example_latest_only.py
[2022-08-19 16:38:55,984] {processor.py:651} INFO - DAG(s) dict_keys(['latest_only']) retrieved from /home/airflow/.local/lib/python3.7/site-packages/airflow/example_dags/example_latest_only.py
[2022-08-19 16:38:56,009] {logging_mixin.py:115} INFO - [2022-08-19 16:38:56,009] {dag.py:2379} INFO - Sync 1 DAGs
[2022-08-19 16:38:56,034] {logging_mixin.py:115} INFO - [2022-08-19 16:38:56,034] {dag.py:2931} INFO - Setting next_dagrun for latest_only to 2022-08-19T12:38:56.033719+00:00, run_after=2022-08-19T16:38:56.033719+00:00
[2022-08-19 16:38:56,060] {processor.py:161} INFO - Processing /home/airflow/.local/lib/python3.7/site-packages/airflow/example_dags/example_latest_only.py took 0.085 seconds
[2022-08-19 16:39:26,900] {processor.py:153} INFO - Started process (PID=398) to work on /home/airflow/.local/lib/python3.7/site-packages/airflow/example_dags/example_latest_only.py
[2022-08-19 16:39:26,902] {processor.py:641} INFO - Processing file /home/airflow/.local/lib/python3.7/site-packages/airflow/example_dags/example_latest_only.py for tasks to queue
[2022-08-19 16:39:26,903] {logging_mixin.py:115} INFO - [2022-08-19 16:39:26,903] {dagbag.py:507} INFO - Filling up the DagBag from /home/airflow/.local/lib/python3.7/site-packages/airflow/example_dags/example_latest_only.py
[2022-08-19 16:39:26,910] {processor.py:651} INFO - DAG(s) dict_keys(['latest_only']) retrieved from /home/airflow/.local/lib/python3.7/site-packages/airflow/example_dags/example_latest_only.py
[2022-08-19 16:39:26,968] {logging_mixin.py:115} INFO - [2022-08-19 16:39:26,968] {dag.py:2379} INFO - Sync 1 DAGs
[2022-08-19 16:39:27,016] {logging_mixin.py:115} INFO - [2022-08-19 16:39:27,015] {dag.py:2931} INFO - Setting next_dagrun for latest_only to 2022-08-19T12:39:27.015603+00:00, run_after=2022-08-19T16:39:27.015603+00:00
[2022-08-19 16:39:27,039] {processor.py:161} INFO - Processing /home/airflow/.local/lib/python3.7/site-packages/airflow/example_dags/example_latest_only.py took 0.143 seconds
[2022-08-19 16:39:58,232] {processor.py:153} INFO - Started process (PID=459) to work on /home/airflow/.local/lib/python3.7/site-packages/airflow/example_dags/example_latest_only.py
[2022-08-19 16:39:58,235] {processor.py:641} INFO - Processing file /home/airflow/.local/lib/python3.7/site-packages/airflow/example_dags/example_latest_only.py for tasks to queue
[2022-08-19 16:39:58,236] {logging_mixin.py:115} INFO - [2022-08-19 16:39:58,236] {dagbag.py:507} INFO - Filling up the DagBag from /home/airflow/.local/lib/python3.7/site-packages/airflow/example_dags/example_latest_only.py
[2022-08-19 16:39:58,244] {processor.py:651} INFO - DAG(s) dict_keys(['latest_only']) retrieved from /home/airflow/.local/lib/python3.7/site-packages/airflow/example_dags/example_latest_only.py
[2022-08-19 16:39:58,295] {logging_mixin.py:115} INFO - [2022-08-19 16:39:58,295] {dag.py:2379} INFO - Sync 1 DAGs
[2022-08-19 16:39:58,366] {logging_mixin.py:115} INFO - [2022-08-19 16:39:58,365] {dag.py:2931} INFO - Setting next_dagrun for latest_only to 2022-08-19T12:39:58.365725+00:00, run_after=2022-08-19T16:39:58.365725+00:00
[2022-08-19 16:39:58,398] {processor.py:161} INFO - Processing /home/airflow/.local/lib/python3.7/site-packages/airflow/example_dags/example_latest_only.py took 0.173 seconds
[2022-08-19 16:40:29,242] {processor.py:153} INFO - Started process (PID=514) to work on /home/airflow/.local/lib/python3.7/site-packages/airflow/example_dags/example_latest_only.py
[2022-08-19 16:40:29,243] {processor.py:641} INFO - Processing file /home/airflow/.local/lib/python3.7/site-packages/airflow/example_dags/example_latest_only.py for tasks to queue
[2022-08-19 16:40:29,243] {logging_mixin.py:115} INFO - [2022-08-19 16:40:29,243] {dagbag.py:507} INFO - Filling up the DagBag from /home/airflow/.local/lib/python3.7/site-packages/airflow/example_dags/example_latest_only.py
[2022-08-19 16:40:29,252] {processor.py:651} INFO - DAG(s) dict_keys(['latest_only']) retrieved from /home/airflow/.local/lib/python3.7/site-packages/airflow/example_dags/example_latest_only.py
[2022-08-19 16:40:29,314] {logging_mixin.py:115} INFO - [2022-08-19 16:40:29,314] {dag.py:2379} INFO - Sync 1 DAGs
[2022-08-19 16:40:29,344] {logging_mixin.py:115} INFO - [2022-08-19 16:40:29,343] {dag.py:2931} INFO - Setting next_dagrun for latest_only to 2022-08-19T12:40:29.343716+00:00, run_after=2022-08-19T16:40:29.343716+00:00
[2022-08-19 16:40:29,378] {processor.py:161} INFO - Processing /home/airflow/.local/lib/python3.7/site-packages/airflow/example_dags/example_latest_only.py took 0.140 seconds
[2022-08-19 16:41:00,554] {processor.py:153} INFO - Started process (PID=579) to work on /home/airflow/.local/lib/python3.7/site-packages/airflow/example_dags/example_latest_only.py
[2022-08-19 16:41:00,557] {processor.py:641} INFO - Processing file /home/airflow/.local/lib/python3.7/site-packages/airflow/example_dags/example_latest_only.py for tasks to queue
[2022-08-19 16:41:00,558] {logging_mixin.py:115} INFO - [2022-08-19 16:41:00,558] {dagbag.py:507} INFO - Filling up the DagBag from /home/airflow/.local/lib/python3.7/site-packages/airflow/example_dags/example_latest_only.py
[2022-08-19 16:41:00,578] {processor.py:651} INFO - DAG(s) dict_keys(['latest_only']) retrieved from /home/airflow/.local/lib/python3.7/site-packages/airflow/example_dags/example_latest_only.py
[2022-08-19 16:41:00,632] {logging_mixin.py:115} INFO - [2022-08-19 16:41:00,632] {dag.py:2379} INFO - Sync 1 DAGs
[2022-08-19 16:41:00,666] {logging_mixin.py:115} INFO - [2022-08-19 16:41:00,666] {dag.py:2931} INFO - Setting next_dagrun for latest_only to 2022-08-19T12:41:00.665912+00:00, run_after=2022-08-19T16:41:00.665912+00:00
[2022-08-19 16:41:00,714] {processor.py:161} INFO - Processing /home/airflow/.local/lib/python3.7/site-packages/airflow/example_dags/example_latest_only.py took 0.164 seconds
[2022-08-19 16:41:31,406] {processor.py:153} INFO - Started process (PID=642) to work on /home/airflow/.local/lib/python3.7/site-packages/airflow/example_dags/example_latest_only.py
[2022-08-19 16:41:31,406] {processor.py:641} INFO - Processing file /home/airflow/.local/lib/python3.7/site-packages/airflow/example_dags/example_latest_only.py for tasks to queue
[2022-08-19 16:41:31,408] {logging_mixin.py:115} INFO - [2022-08-19 16:41:31,408] {dagbag.py:507} INFO - Filling up the DagBag from /home/airflow/.local/lib/python3.7/site-packages/airflow/example_dags/example_latest_only.py
[2022-08-19 16:41:31,416] {processor.py:651} INFO - DAG(s) dict_keys(['latest_only']) retrieved from /home/airflow/.local/lib/python3.7/site-packages/airflow/example_dags/example_latest_only.py
[2022-08-19 16:41:31,465] {logging_mixin.py:115} INFO - [2022-08-19 16:41:31,464] {dag.py:2379} INFO - Sync 1 DAGs
[2022-08-19 16:41:31,509] {logging_mixin.py:115} INFO - [2022-08-19 16:41:31,509] {dag.py:2931} INFO - Setting next_dagrun for latest_only to 2022-08-19T12:41:31.509428+00:00, run_after=2022-08-19T16:41:31.509428+00:00
[2022-08-19 16:41:31,551] {processor.py:161} INFO - Processing /home/airflow/.local/lib/python3.7/site-packages/airflow/example_dags/example_latest_only.py took 0.151 seconds
[2022-08-19 16:42:02,534] {processor.py:153} INFO - Started process (PID=695) to work on /home/airflow/.local/lib/python3.7/site-packages/airflow/example_dags/example_latest_only.py
[2022-08-19 16:42:02,534] {processor.py:641} INFO - Processing file /home/airflow/.local/lib/python3.7/site-packages/airflow/example_dags/example_latest_only.py for tasks to queue
[2022-08-19 16:42:02,535] {logging_mixin.py:115} INFO - [2022-08-19 16:42:02,535] {dagbag.py:507} INFO - Filling up the DagBag from /home/airflow/.local/lib/python3.7/site-packages/airflow/example_dags/example_latest_only.py
[2022-08-19 16:42:02,542] {processor.py:651} INFO - DAG(s) dict_keys(['latest_only']) retrieved from /home/airflow/.local/lib/python3.7/site-packages/airflow/example_dags/example_latest_only.py
[2022-08-19 16:42:02,571] {logging_mixin.py:115} INFO - [2022-08-19 16:42:02,571] {dag.py:2379} INFO - Sync 1 DAGs
[2022-08-19 16:42:02,599] {logging_mixin.py:115} INFO - [2022-08-19 16:42:02,599] {dag.py:2931} INFO - Setting next_dagrun for latest_only to 2022-08-19T12:42:02.599641+00:00, run_after=2022-08-19T16:42:02.599641+00:00
[2022-08-19 16:42:02,626] {processor.py:161} INFO - Processing /home/airflow/.local/lib/python3.7/site-packages/airflow/example_dags/example_latest_only.py took 0.096 seconds
[2022-08-19 16:42:33,033] {processor.py:153} INFO - Started process (PID=758) to work on /home/airflow/.local/lib/python3.7/site-packages/airflow/example_dags/example_latest_only.py
[2022-08-19 16:42:33,034] {processor.py:641} INFO - Processing file /home/airflow/.local/lib/python3.7/site-packages/airflow/example_dags/example_latest_only.py for tasks to queue
[2022-08-19 16:42:33,034] {logging_mixin.py:115} INFO - [2022-08-19 16:42:33,034] {dagbag.py:507} INFO - Filling up the DagBag from /home/airflow/.local/lib/python3.7/site-packages/airflow/example_dags/example_latest_only.py
[2022-08-19 16:42:33,040] {processor.py:651} INFO - DAG(s) dict_keys(['latest_only']) retrieved from /home/airflow/.local/lib/python3.7/site-packages/airflow/example_dags/example_latest_only.py
[2022-08-19 16:42:33,072] {logging_mixin.py:115} INFO - [2022-08-19 16:42:33,072] {dag.py:2379} INFO - Sync 1 DAGs
[2022-08-19 16:42:33,099] {logging_mixin.py:115} INFO - [2022-08-19 16:42:33,098] {dag.py:2931} INFO - Setting next_dagrun for latest_only to 2022-08-19T12:42:33.098731+00:00, run_after=2022-08-19T16:42:33.098731+00:00
[2022-08-19 16:42:33,128] {processor.py:161} INFO - Processing /home/airflow/.local/lib/python3.7/site-packages/airflow/example_dags/example_latest_only.py took 0.098 seconds
[2022-08-19 16:43:04,403] {processor.py:153} INFO - Started process (PID=812) to work on /home/airflow/.local/lib/python3.7/site-packages/airflow/example_dags/example_latest_only.py
[2022-08-19 16:43:04,407] {processor.py:641} INFO - Processing file /home/airflow/.local/lib/python3.7/site-packages/airflow/example_dags/example_latest_only.py for tasks to queue
[2022-08-19 16:43:04,408] {logging_mixin.py:115} INFO - [2022-08-19 16:43:04,408] {dagbag.py:507} INFO - Filling up the DagBag from /home/airflow/.local/lib/python3.7/site-packages/airflow/example_dags/example_latest_only.py
[2022-08-19 16:43:04,413] {processor.py:651} INFO - DAG(s) dict_keys(['latest_only']) retrieved from /home/airflow/.local/lib/python3.7/site-packages/airflow/example_dags/example_latest_only.py
[2022-08-19 16:43:04,445] {logging_mixin.py:115} INFO - [2022-08-19 16:43:04,445] {dag.py:2379} INFO - Sync 1 DAGs
[2022-08-19 16:43:04,475] {logging_mixin.py:115} INFO - [2022-08-19 16:43:04,475] {dag.py:2931} INFO - Setting next_dagrun for latest_only to 2022-08-19T12:43:04.475300+00:00, run_after=2022-08-19T16:43:04.475300+00:00
[2022-08-19 16:43:04,498] {processor.py:161} INFO - Processing /home/airflow/.local/lib/python3.7/site-packages/airflow/example_dags/example_latest_only.py took 0.098 seconds
[2022-08-19 16:43:34,691] {processor.py:153} INFO - Started process (PID=872) to work on /home/airflow/.local/lib/python3.7/site-packages/airflow/example_dags/example_latest_only.py
[2022-08-19 16:43:34,692] {processor.py:641} INFO - Processing file /home/airflow/.local/lib/python3.7/site-packages/airflow/example_dags/example_latest_only.py for tasks to queue
[2022-08-19 16:43:34,692] {logging_mixin.py:115} INFO - [2022-08-19 16:43:34,692] {dagbag.py:507} INFO - Filling up the DagBag from /home/airflow/.local/lib/python3.7/site-packages/airflow/example_dags/example_latest_only.py
[2022-08-19 16:43:34,696] {processor.py:651} INFO - DAG(s) dict_keys(['latest_only']) retrieved from /home/airflow/.local/lib/python3.7/site-packages/airflow/example_dags/example_latest_only.py
[2022-08-19 16:43:34,741] {logging_mixin.py:115} INFO - [2022-08-19 16:43:34,741] {dag.py:2379} INFO - Sync 1 DAGs
[2022-08-19 16:43:34,775] {logging_mixin.py:115} INFO - [2022-08-19 16:43:34,775] {dag.py:2931} INFO - Setting next_dagrun for latest_only to 2022-08-19T12:43:34.774879+00:00, run_after=2022-08-19T16:43:34.774879+00:00
[2022-08-19 16:43:34,803] {processor.py:161} INFO - Processing /home/airflow/.local/lib/python3.7/site-packages/airflow/example_dags/example_latest_only.py took 0.118 seconds
[2022-08-19 16:44:05,714] {processor.py:153} INFO - Started process (PID=929) to work on /home/airflow/.local/lib/python3.7/site-packages/airflow/example_dags/example_latest_only.py
[2022-08-19 16:44:05,714] {processor.py:641} INFO - Processing file /home/airflow/.local/lib/python3.7/site-packages/airflow/example_dags/example_latest_only.py for tasks to queue
[2022-08-19 16:44:05,715] {logging_mixin.py:115} INFO - [2022-08-19 16:44:05,715] {dagbag.py:507} INFO - Filling up the DagBag from /home/airflow/.local/lib/python3.7/site-packages/airflow/example_dags/example_latest_only.py
[2022-08-19 16:44:05,720] {processor.py:651} INFO - DAG(s) dict_keys(['latest_only']) retrieved from /home/airflow/.local/lib/python3.7/site-packages/airflow/example_dags/example_latest_only.py
[2022-08-19 16:44:05,745] {logging_mixin.py:115} INFO - [2022-08-19 16:44:05,745] {dag.py:2379} INFO - Sync 1 DAGs
[2022-08-19 16:44:05,789] {logging_mixin.py:115} INFO - [2022-08-19 16:44:05,788] {dag.py:2931} INFO - Setting next_dagrun for latest_only to 2022-08-19T12:44:05.788720+00:00, run_after=2022-08-19T16:44:05.788720+00:00
[2022-08-19 16:44:05,813] {processor.py:161} INFO - Processing /home/airflow/.local/lib/python3.7/site-packages/airflow/example_dags/example_latest_only.py took 0.102 seconds
[2022-08-19 16:44:36,839] {processor.py:153} INFO - Started process (PID=992) to work on /home/airflow/.local/lib/python3.7/site-packages/airflow/example_dags/example_latest_only.py
[2022-08-19 16:44:36,839] {processor.py:641} INFO - Processing file /home/airflow/.local/lib/python3.7/site-packages/airflow/example_dags/example_latest_only.py for tasks to queue
[2022-08-19 16:44:36,840] {logging_mixin.py:115} INFO - [2022-08-19 16:44:36,839] {dagbag.py:507} INFO - Filling up the DagBag from /home/airflow/.local/lib/python3.7/site-packages/airflow/example_dags/example_latest_only.py
[2022-08-19 16:44:36,844] {processor.py:651} INFO - DAG(s) dict_keys(['latest_only']) retrieved from /home/airflow/.local/lib/python3.7/site-packages/airflow/example_dags/example_latest_only.py
[2022-08-19 16:44:36,868] {logging_mixin.py:115} INFO - [2022-08-19 16:44:36,868] {dag.py:2379} INFO - Sync 1 DAGs
[2022-08-19 16:44:36,891] {logging_mixin.py:115} INFO - [2022-08-19 16:44:36,891] {dag.py:2931} INFO - Setting next_dagrun for latest_only to 2022-08-19T12:44:36.890947+00:00, run_after=2022-08-19T16:44:36.890947+00:00
[2022-08-19 16:44:36,907] {processor.py:161} INFO - Processing /home/airflow/.local/lib/python3.7/site-packages/airflow/example_dags/example_latest_only.py took 0.072 seconds
[2022-08-19 16:45:07,400] {processor.py:153} INFO - Started process (PID=1052) to work on /home/airflow/.local/lib/python3.7/site-packages/airflow/example_dags/example_latest_only.py
[2022-08-19 16:45:07,400] {processor.py:641} INFO - Processing file /home/airflow/.local/lib/python3.7/site-packages/airflow/example_dags/example_latest_only.py for tasks to queue
[2022-08-19 16:45:07,401] {logging_mixin.py:115} INFO - [2022-08-19 16:45:07,401] {dagbag.py:507} INFO - Filling up the DagBag from /home/airflow/.local/lib/python3.7/site-packages/airflow/example_dags/example_latest_only.py
[2022-08-19 16:45:07,406] {processor.py:651} INFO - DAG(s) dict_keys(['latest_only']) retrieved from /home/airflow/.local/lib/python3.7/site-packages/airflow/example_dags/example_latest_only.py
[2022-08-19 16:45:07,446] {logging_mixin.py:115} INFO - [2022-08-19 16:45:07,446] {dag.py:2379} INFO - Sync 1 DAGs
[2022-08-19 16:45:07,477] {logging_mixin.py:115} INFO - [2022-08-19 16:45:07,477] {dag.py:2931} INFO - Setting next_dagrun for latest_only to 2022-08-19T12:45:07.476942+00:00, run_after=2022-08-19T16:45:07.476942+00:00
[2022-08-19 16:45:07,500] {processor.py:161} INFO - Processing /home/airflow/.local/lib/python3.7/site-packages/airflow/example_dags/example_latest_only.py took 0.105 seconds
[2022-08-19 16:45:38,183] {processor.py:153} INFO - Started process (PID=1107) to work on /home/airflow/.local/lib/python3.7/site-packages/airflow/example_dags/example_latest_only.py
[2022-08-19 16:45:38,183] {processor.py:641} INFO - Processing file /home/airflow/.local/lib/python3.7/site-packages/airflow/example_dags/example_latest_only.py for tasks to queue
[2022-08-19 16:45:38,184] {logging_mixin.py:115} INFO - [2022-08-19 16:45:38,184] {dagbag.py:507} INFO - Filling up the DagBag from /home/airflow/.local/lib/python3.7/site-packages/airflow/example_dags/example_latest_only.py
[2022-08-19 16:45:38,190] {processor.py:651} INFO - DAG(s) dict_keys(['latest_only']) retrieved from /home/airflow/.local/lib/python3.7/site-packages/airflow/example_dags/example_latest_only.py
[2022-08-19 16:45:38,229] {logging_mixin.py:115} INFO - [2022-08-19 16:45:38,229] {dag.py:2379} INFO - Sync 1 DAGs
[2022-08-19 16:45:38,259] {logging_mixin.py:115} INFO - [2022-08-19 16:45:38,259] {dag.py:2931} INFO - Setting next_dagrun for latest_only to 2022-08-19T12:45:38.259297+00:00, run_after=2022-08-19T16:45:38.259297+00:00
[2022-08-19 16:45:38,300] {processor.py:161} INFO - Processing /home/airflow/.local/lib/python3.7/site-packages/airflow/example_dags/example_latest_only.py took 0.120 seconds
[2022-08-19 16:46:08,624] {processor.py:153} INFO - Started process (PID=1170) to work on /home/airflow/.local/lib/python3.7/site-packages/airflow/example_dags/example_latest_only.py
[2022-08-19 16:46:08,633] {processor.py:641} INFO - Processing file /home/airflow/.local/lib/python3.7/site-packages/airflow/example_dags/example_latest_only.py for tasks to queue
[2022-08-19 16:46:08,633] {logging_mixin.py:115} INFO - [2022-08-19 16:46:08,633] {dagbag.py:507} INFO - Filling up the DagBag from /home/airflow/.local/lib/python3.7/site-packages/airflow/example_dags/example_latest_only.py
[2022-08-19 16:46:08,638] {processor.py:651} INFO - DAG(s) dict_keys(['latest_only']) retrieved from /home/airflow/.local/lib/python3.7/site-packages/airflow/example_dags/example_latest_only.py
[2022-08-19 16:46:08,676] {logging_mixin.py:115} INFO - [2022-08-19 16:46:08,676] {dag.py:2379} INFO - Sync 1 DAGs
[2022-08-19 16:46:08,701] {logging_mixin.py:115} INFO - [2022-08-19 16:46:08,701] {dag.py:2931} INFO - Setting next_dagrun for latest_only to 2022-08-19T12:46:08.701167+00:00, run_after=2022-08-19T16:46:08.701167+00:00
[2022-08-19 16:46:08,722] {processor.py:161} INFO - Processing /home/airflow/.local/lib/python3.7/site-packages/airflow/example_dags/example_latest_only.py took 0.101 seconds
[2022-08-19 16:46:39,679] {processor.py:153} INFO - Started process (PID=1224) to work on /home/airflow/.local/lib/python3.7/site-packages/airflow/example_dags/example_latest_only.py
[2022-08-19 16:46:39,680] {processor.py:641} INFO - Processing file /home/airflow/.local/lib/python3.7/site-packages/airflow/example_dags/example_latest_only.py for tasks to queue
[2022-08-19 16:46:39,682] {logging_mixin.py:115} INFO - [2022-08-19 16:46:39,682] {dagbag.py:507} INFO - Filling up the DagBag from /home/airflow/.local/lib/python3.7/site-packages/airflow/example_dags/example_latest_only.py
[2022-08-19 16:46:39,691] {processor.py:651} INFO - DAG(s) dict_keys(['latest_only']) retrieved from /home/airflow/.local/lib/python3.7/site-packages/airflow/example_dags/example_latest_only.py
[2022-08-19 16:46:39,749] {logging_mixin.py:115} INFO - [2022-08-19 16:46:39,749] {dag.py:2379} INFO - Sync 1 DAGs
[2022-08-19 16:46:39,807] {logging_mixin.py:115} INFO - [2022-08-19 16:46:39,807] {dag.py:2931} INFO - Setting next_dagrun for latest_only to 2022-08-19T12:46:39.806790+00:00, run_after=2022-08-19T16:46:39.806790+00:00
[2022-08-19 16:46:39,835] {processor.py:161} INFO - Processing /home/airflow/.local/lib/python3.7/site-packages/airflow/example_dags/example_latest_only.py took 0.163 seconds
[2022-08-19 16:47:28,442] {processor.py:153} INFO - Started process (PID=51) to work on /home/airflow/.local/lib/python3.7/site-packages/airflow/example_dags/example_latest_only.py
[2022-08-19 16:47:28,442] {processor.py:641} INFO - Processing file /home/airflow/.local/lib/python3.7/site-packages/airflow/example_dags/example_latest_only.py for tasks to queue
[2022-08-19 16:47:28,443] {logging_mixin.py:115} INFO - [2022-08-19 16:47:28,443] {dagbag.py:507} INFO - Filling up the DagBag from /home/airflow/.local/lib/python3.7/site-packages/airflow/example_dags/example_latest_only.py
[2022-08-19 16:47:28,456] {processor.py:651} INFO - DAG(s) dict_keys(['latest_only']) retrieved from /home/airflow/.local/lib/python3.7/site-packages/airflow/example_dags/example_latest_only.py
[2022-08-19 16:47:28,507] {logging_mixin.py:115} INFO - [2022-08-19 16:47:28,507] {dag.py:2379} INFO - Sync 1 DAGs
[2022-08-19 16:47:28,559] {logging_mixin.py:115} INFO - [2022-08-19 16:47:28,559] {dag.py:2931} INFO - Setting next_dagrun for latest_only to 2022-08-19T12:47:28.559316+00:00, run_after=2022-08-19T16:47:28.559316+00:00
[2022-08-19 16:47:28,594] {processor.py:161} INFO - Processing /home/airflow/.local/lib/python3.7/site-packages/airflow/example_dags/example_latest_only.py took 0.160 seconds
[2022-08-19 16:47:58,714] {processor.py:153} INFO - Started process (PID=103) to work on /home/airflow/.local/lib/python3.7/site-packages/airflow/example_dags/example_latest_only.py
[2022-08-19 16:47:58,715] {processor.py:641} INFO - Processing file /home/airflow/.local/lib/python3.7/site-packages/airflow/example_dags/example_latest_only.py for tasks to queue
[2022-08-19 16:47:58,716] {logging_mixin.py:115} INFO - [2022-08-19 16:47:58,716] {dagbag.py:507} INFO - Filling up the DagBag from /home/airflow/.local/lib/python3.7/site-packages/airflow/example_dags/example_latest_only.py
[2022-08-19 16:47:58,731] {processor.py:651} INFO - DAG(s) dict_keys(['latest_only']) retrieved from /home/airflow/.local/lib/python3.7/site-packages/airflow/example_dags/example_latest_only.py
[2022-08-19 16:47:58,762] {logging_mixin.py:115} INFO - [2022-08-19 16:47:58,761] {dag.py:2379} INFO - Sync 1 DAGs
[2022-08-19 16:47:58,788] {logging_mixin.py:115} INFO - [2022-08-19 16:47:58,788] {dag.py:2931} INFO - Setting next_dagrun for latest_only to 2022-08-19T12:47:58.788208+00:00, run_after=2022-08-19T16:47:58.788208+00:00
[2022-08-19 16:47:58,805] {processor.py:161} INFO - Processing /home/airflow/.local/lib/python3.7/site-packages/airflow/example_dags/example_latest_only.py took 0.098 seconds
[2022-08-19 16:48:29,429] {processor.py:153} INFO - Started process (PID=171) to work on /home/airflow/.local/lib/python3.7/site-packages/airflow/example_dags/example_latest_only.py
[2022-08-19 16:48:29,430] {processor.py:641} INFO - Processing file /home/airflow/.local/lib/python3.7/site-packages/airflow/example_dags/example_latest_only.py for tasks to queue
[2022-08-19 16:48:29,430] {logging_mixin.py:115} INFO - [2022-08-19 16:48:29,430] {dagbag.py:507} INFO - Filling up the DagBag from /home/airflow/.local/lib/python3.7/site-packages/airflow/example_dags/example_latest_only.py
[2022-08-19 16:48:29,437] {processor.py:651} INFO - DAG(s) dict_keys(['latest_only']) retrieved from /home/airflow/.local/lib/python3.7/site-packages/airflow/example_dags/example_latest_only.py
[2022-08-19 16:48:29,472] {logging_mixin.py:115} INFO - [2022-08-19 16:48:29,472] {dag.py:2379} INFO - Sync 1 DAGs
[2022-08-19 16:48:29,498] {logging_mixin.py:115} INFO - [2022-08-19 16:48:29,498] {dag.py:2931} INFO - Setting next_dagrun for latest_only to 2022-08-19T12:48:29.498147+00:00, run_after=2022-08-19T16:48:29.498147+00:00
[2022-08-19 16:48:29,513] {processor.py:161} INFO - Processing /home/airflow/.local/lib/python3.7/site-packages/airflow/example_dags/example_latest_only.py took 0.088 seconds
[2022-08-19 16:49:15,281] {processor.py:153} INFO - Started process (PID=52) to work on /home/airflow/.local/lib/python3.7/site-packages/airflow/example_dags/example_latest_only.py
[2022-08-19 16:49:15,283] {processor.py:641} INFO - Processing file /home/airflow/.local/lib/python3.7/site-packages/airflow/example_dags/example_latest_only.py for tasks to queue
[2022-08-19 16:49:15,284] {logging_mixin.py:115} INFO - [2022-08-19 16:49:15,284] {dagbag.py:507} INFO - Filling up the DagBag from /home/airflow/.local/lib/python3.7/site-packages/airflow/example_dags/example_latest_only.py
[2022-08-19 16:49:15,290] {processor.py:651} INFO - DAG(s) dict_keys(['latest_only']) retrieved from /home/airflow/.local/lib/python3.7/site-packages/airflow/example_dags/example_latest_only.py
[2022-08-19 16:49:15,358] {logging_mixin.py:115} INFO - [2022-08-19 16:49:15,358] {dag.py:2379} INFO - Sync 1 DAGs
[2022-08-19 16:49:15,417] {logging_mixin.py:115} INFO - [2022-08-19 16:49:15,413] {dag.py:2931} INFO - Setting next_dagrun for latest_only to 2022-08-19T12:49:15.412738+00:00, run_after=2022-08-19T16:49:15.412738+00:00
[2022-08-19 16:49:15,441] {processor.py:161} INFO - Processing /home/airflow/.local/lib/python3.7/site-packages/airflow/example_dags/example_latest_only.py took 0.172 seconds
[2022-08-19 16:49:45,544] {processor.py:153} INFO - Started process (PID=104) to work on /home/airflow/.local/lib/python3.7/site-packages/airflow/example_dags/example_latest_only.py
[2022-08-19 16:49:45,545] {processor.py:641} INFO - Processing file /home/airflow/.local/lib/python3.7/site-packages/airflow/example_dags/example_latest_only.py for tasks to queue
[2022-08-19 16:49:45,545] {logging_mixin.py:115} INFO - [2022-08-19 16:49:45,545] {dagbag.py:507} INFO - Filling up the DagBag from /home/airflow/.local/lib/python3.7/site-packages/airflow/example_dags/example_latest_only.py
[2022-08-19 16:49:45,552] {processor.py:651} INFO - DAG(s) dict_keys(['latest_only']) retrieved from /home/airflow/.local/lib/python3.7/site-packages/airflow/example_dags/example_latest_only.py
[2022-08-19 16:49:45,601] {logging_mixin.py:115} INFO - [2022-08-19 16:49:45,601] {dag.py:2379} INFO - Sync 1 DAGs
[2022-08-19 16:49:45,660] {logging_mixin.py:115} INFO - [2022-08-19 16:49:45,660] {dag.py:2931} INFO - Setting next_dagrun for latest_only to 2022-08-19T12:49:45.660202+00:00, run_after=2022-08-19T16:49:45.660202+00:00
[2022-08-19 16:49:45,680] {processor.py:161} INFO - Processing /home/airflow/.local/lib/python3.7/site-packages/airflow/example_dags/example_latest_only.py took 0.141 seconds
[2022-08-19 16:50:15,829] {processor.py:153} INFO - Started process (PID=158) to work on /home/airflow/.local/lib/python3.7/site-packages/airflow/example_dags/example_latest_only.py
[2022-08-19 16:50:15,829] {processor.py:641} INFO - Processing file /home/airflow/.local/lib/python3.7/site-packages/airflow/example_dags/example_latest_only.py for tasks to queue
[2022-08-19 16:50:15,830] {logging_mixin.py:115} INFO - [2022-08-19 16:50:15,830] {dagbag.py:507} INFO - Filling up the DagBag from /home/airflow/.local/lib/python3.7/site-packages/airflow/example_dags/example_latest_only.py
[2022-08-19 16:50:15,835] {processor.py:651} INFO - DAG(s) dict_keys(['latest_only']) retrieved from /home/airflow/.local/lib/python3.7/site-packages/airflow/example_dags/example_latest_only.py
[2022-08-19 16:50:15,859] {logging_mixin.py:115} INFO - [2022-08-19 16:50:15,859] {dag.py:2379} INFO - Sync 1 DAGs
[2022-08-19 16:50:15,890] {logging_mixin.py:115} INFO - [2022-08-19 16:50:15,889] {dag.py:2931} INFO - Setting next_dagrun for latest_only to 2022-08-19T12:50:15.889615+00:00, run_after=2022-08-19T16:50:15.889615+00:00
[2022-08-19 16:50:15,912] {processor.py:161} INFO - Processing /home/airflow/.local/lib/python3.7/site-packages/airflow/example_dags/example_latest_only.py took 0.086 seconds
[2022-08-19 16:50:46,327] {processor.py:153} INFO - Started process (PID=219) to work on /home/airflow/.local/lib/python3.7/site-packages/airflow/example_dags/example_latest_only.py
[2022-08-19 16:50:46,328] {processor.py:641} INFO - Processing file /home/airflow/.local/lib/python3.7/site-packages/airflow/example_dags/example_latest_only.py for tasks to queue
[2022-08-19 16:50:46,328] {logging_mixin.py:115} INFO - [2022-08-19 16:50:46,328] {dagbag.py:507} INFO - Filling up the DagBag from /home/airflow/.local/lib/python3.7/site-packages/airflow/example_dags/example_latest_only.py
[2022-08-19 16:50:46,339] {processor.py:651} INFO - DAG(s) dict_keys(['latest_only']) retrieved from /home/airflow/.local/lib/python3.7/site-packages/airflow/example_dags/example_latest_only.py
[2022-08-19 16:50:46,414] {logging_mixin.py:115} INFO - [2022-08-19 16:50:46,414] {dag.py:2379} INFO - Sync 1 DAGs
[2022-08-19 16:50:46,499] {logging_mixin.py:115} INFO - [2022-08-19 16:50:46,499] {dag.py:2931} INFO - Setting next_dagrun for latest_only to 2022-08-19T12:50:46.499434+00:00, run_after=2022-08-19T16:50:46.499434+00:00
[2022-08-19 16:50:46,529] {processor.py:161} INFO - Processing /home/airflow/.local/lib/python3.7/site-packages/airflow/example_dags/example_latest_only.py took 0.211 seconds
[2022-08-19 16:51:16,819] {processor.py:153} INFO - Started process (PID=280) to work on /home/airflow/.local/lib/python3.7/site-packages/airflow/example_dags/example_latest_only.py
[2022-08-19 16:51:16,820] {processor.py:641} INFO - Processing file /home/airflow/.local/lib/python3.7/site-packages/airflow/example_dags/example_latest_only.py for tasks to queue
[2022-08-19 16:51:16,821] {logging_mixin.py:115} INFO - [2022-08-19 16:51:16,821] {dagbag.py:507} INFO - Filling up the DagBag from /home/airflow/.local/lib/python3.7/site-packages/airflow/example_dags/example_latest_only.py
[2022-08-19 16:51:16,828] {processor.py:651} INFO - DAG(s) dict_keys(['latest_only']) retrieved from /home/airflow/.local/lib/python3.7/site-packages/airflow/example_dags/example_latest_only.py
[2022-08-19 16:51:16,873] {logging_mixin.py:115} INFO - [2022-08-19 16:51:16,873] {dag.py:2379} INFO - Sync 1 DAGs
[2022-08-19 16:51:16,902] {logging_mixin.py:115} INFO - [2022-08-19 16:51:16,902] {dag.py:2931} INFO - Setting next_dagrun for latest_only to 2022-08-19T12:51:16.902347+00:00, run_after=2022-08-19T16:51:16.902347+00:00
[2022-08-19 16:51:16,917] {processor.py:161} INFO - Processing /home/airflow/.local/lib/python3.7/site-packages/airflow/example_dags/example_latest_only.py took 0.100 seconds
[2022-08-19 16:51:47,177] {processor.py:153} INFO - Started process (PID=337) to work on /home/airflow/.local/lib/python3.7/site-packages/airflow/example_dags/example_latest_only.py
[2022-08-19 16:51:47,178] {processor.py:641} INFO - Processing file /home/airflow/.local/lib/python3.7/site-packages/airflow/example_dags/example_latest_only.py for tasks to queue
[2022-08-19 16:51:47,179] {logging_mixin.py:115} INFO - [2022-08-19 16:51:47,179] {dagbag.py:507} INFO - Filling up the DagBag from /home/airflow/.local/lib/python3.7/site-packages/airflow/example_dags/example_latest_only.py
[2022-08-19 16:51:47,185] {processor.py:651} INFO - DAG(s) dict_keys(['latest_only']) retrieved from /home/airflow/.local/lib/python3.7/site-packages/airflow/example_dags/example_latest_only.py
[2022-08-19 16:51:47,227] {logging_mixin.py:115} INFO - [2022-08-19 16:51:47,227] {dag.py:2379} INFO - Sync 1 DAGs
[2022-08-19 16:51:47,269] {logging_mixin.py:115} INFO - [2022-08-19 16:51:47,269] {dag.py:2931} INFO - Setting next_dagrun for latest_only to 2022-08-19T12:51:47.269031+00:00, run_after=2022-08-19T16:51:47.269031+00:00
[2022-08-19 16:51:47,285] {processor.py:161} INFO - Processing /home/airflow/.local/lib/python3.7/site-packages/airflow/example_dags/example_latest_only.py took 0.112 seconds
[2022-08-19 16:52:17,668] {processor.py:153} INFO - Started process (PID=400) to work on /home/airflow/.local/lib/python3.7/site-packages/airflow/example_dags/example_latest_only.py
[2022-08-19 16:52:17,671] {processor.py:641} INFO - Processing file /home/airflow/.local/lib/python3.7/site-packages/airflow/example_dags/example_latest_only.py for tasks to queue
[2022-08-19 16:52:17,671] {logging_mixin.py:115} INFO - [2022-08-19 16:52:17,671] {dagbag.py:507} INFO - Filling up the DagBag from /home/airflow/.local/lib/python3.7/site-packages/airflow/example_dags/example_latest_only.py
[2022-08-19 16:52:17,678] {processor.py:651} INFO - DAG(s) dict_keys(['latest_only']) retrieved from /home/airflow/.local/lib/python3.7/site-packages/airflow/example_dags/example_latest_only.py
[2022-08-19 16:52:17,715] {logging_mixin.py:115} INFO - [2022-08-19 16:52:17,715] {dag.py:2379} INFO - Sync 1 DAGs
[2022-08-19 16:52:17,757] {logging_mixin.py:115} INFO - [2022-08-19 16:52:17,757] {dag.py:2931} INFO - Setting next_dagrun for latest_only to 2022-08-19T12:52:17.757480+00:00, run_after=2022-08-19T16:52:17.757480+00:00
[2022-08-19 16:52:17,776] {processor.py:161} INFO - Processing /home/airflow/.local/lib/python3.7/site-packages/airflow/example_dags/example_latest_only.py took 0.120 seconds
[2022-08-19 16:52:48,198] {processor.py:153} INFO - Started process (PID=454) to work on /home/airflow/.local/lib/python3.7/site-packages/airflow/example_dags/example_latest_only.py
[2022-08-19 16:52:48,199] {processor.py:641} INFO - Processing file /home/airflow/.local/lib/python3.7/site-packages/airflow/example_dags/example_latest_only.py for tasks to queue
[2022-08-19 16:52:48,201] {logging_mixin.py:115} INFO - [2022-08-19 16:52:48,201] {dagbag.py:507} INFO - Filling up the DagBag from /home/airflow/.local/lib/python3.7/site-packages/airflow/example_dags/example_latest_only.py
[2022-08-19 16:52:48,209] {processor.py:651} INFO - DAG(s) dict_keys(['latest_only']) retrieved from /home/airflow/.local/lib/python3.7/site-packages/airflow/example_dags/example_latest_only.py
[2022-08-19 16:52:48,262] {logging_mixin.py:115} INFO - [2022-08-19 16:52:48,262] {dag.py:2379} INFO - Sync 1 DAGs
[2022-08-19 16:52:48,309] {logging_mixin.py:115} INFO - [2022-08-19 16:52:48,309] {dag.py:2931} INFO - Setting next_dagrun for latest_only to 2022-08-19T12:52:48.308715+00:00, run_after=2022-08-19T16:52:48.308715+00:00
[2022-08-19 16:52:48,328] {processor.py:161} INFO - Processing /home/airflow/.local/lib/python3.7/site-packages/airflow/example_dags/example_latest_only.py took 0.132 seconds
[2022-08-19 16:53:18,588] {processor.py:153} INFO - Started process (PID=517) to work on /home/airflow/.local/lib/python3.7/site-packages/airflow/example_dags/example_latest_only.py
[2022-08-19 16:53:18,589] {processor.py:641} INFO - Processing file /home/airflow/.local/lib/python3.7/site-packages/airflow/example_dags/example_latest_only.py for tasks to queue
[2022-08-19 16:53:18,589] {logging_mixin.py:115} INFO - [2022-08-19 16:53:18,589] {dagbag.py:507} INFO - Filling up the DagBag from /home/airflow/.local/lib/python3.7/site-packages/airflow/example_dags/example_latest_only.py
[2022-08-19 16:53:18,594] {processor.py:651} INFO - DAG(s) dict_keys(['latest_only']) retrieved from /home/airflow/.local/lib/python3.7/site-packages/airflow/example_dags/example_latest_only.py
[2022-08-19 16:53:18,621] {logging_mixin.py:115} INFO - [2022-08-19 16:53:18,621] {dag.py:2379} INFO - Sync 1 DAGs
[2022-08-19 16:53:18,654] {logging_mixin.py:115} INFO - [2022-08-19 16:53:18,654] {dag.py:2931} INFO - Setting next_dagrun for latest_only to 2022-08-19T12:53:18.654170+00:00, run_after=2022-08-19T16:53:18.654170+00:00
[2022-08-19 16:53:18,668] {processor.py:161} INFO - Processing /home/airflow/.local/lib/python3.7/site-packages/airflow/example_dags/example_latest_only.py took 0.083 seconds
[2022-08-19 16:53:49,617] {processor.py:153} INFO - Started process (PID=571) to work on /home/airflow/.local/lib/python3.7/site-packages/airflow/example_dags/example_latest_only.py
[2022-08-19 16:53:49,618] {processor.py:641} INFO - Processing file /home/airflow/.local/lib/python3.7/site-packages/airflow/example_dags/example_latest_only.py for tasks to queue
[2022-08-19 16:53:49,618] {logging_mixin.py:115} INFO - [2022-08-19 16:53:49,618] {dagbag.py:507} INFO - Filling up the DagBag from /home/airflow/.local/lib/python3.7/site-packages/airflow/example_dags/example_latest_only.py
[2022-08-19 16:53:49,623] {processor.py:651} INFO - DAG(s) dict_keys(['latest_only']) retrieved from /home/airflow/.local/lib/python3.7/site-packages/airflow/example_dags/example_latest_only.py
[2022-08-19 16:53:49,649] {logging_mixin.py:115} INFO - [2022-08-19 16:53:49,649] {dag.py:2379} INFO - Sync 1 DAGs
[2022-08-19 16:53:49,672] {logging_mixin.py:115} INFO - [2022-08-19 16:53:49,672] {dag.py:2931} INFO - Setting next_dagrun for latest_only to 2022-08-19T12:53:49.671699+00:00, run_after=2022-08-19T16:53:49.671699+00:00
[2022-08-19 16:53:49,687] {processor.py:161} INFO - Processing /home/airflow/.local/lib/python3.7/site-packages/airflow/example_dags/example_latest_only.py took 0.073 seconds
