[2022-08-19 00:59:33,691] {processor.py:153} INFO - Started process (PID=81) to work on /home/airflow/.local/lib/python3.7/site-packages/airflow/example_dags/example_branch_day_of_week_operator.py
[2022-08-19 00:59:33,692] {processor.py:641} INFO - Processing file /home/airflow/.local/lib/python3.7/site-packages/airflow/example_dags/example_branch_day_of_week_operator.py for tasks to queue
[2022-08-19 00:59:33,693] {logging_mixin.py:115} INFO - [2022-08-19 00:59:33,692] {dagbag.py:507} INFO - Filling up the DagBag from /home/airflow/.local/lib/python3.7/site-packages/airflow/example_dags/example_branch_day_of_week_operator.py
[2022-08-19 00:59:33,734] {processor.py:651} INFO - DAG(s) dict_keys(['example_weekday_branch_operator']) retrieved from /home/airflow/.local/lib/python3.7/site-packages/airflow/example_dags/example_branch_day_of_week_operator.py
[2022-08-19 00:59:33,807] {logging_mixin.py:115} INFO - [2022-08-19 00:59:33,807] {dag.py:2379} INFO - Sync 1 DAGs
[2022-08-19 00:59:33,895] {logging_mixin.py:115} INFO - [2022-08-19 00:59:33,895] {dag.py:2931} INFO - Setting next_dagrun for example_weekday_branch_operator to 2022-08-18T00:00:00+00:00, run_after=2022-08-19T00:00:00+00:00
[2022-08-19 00:59:33,972] {processor.py:161} INFO - Processing /home/airflow/.local/lib/python3.7/site-packages/airflow/example_dags/example_branch_day_of_week_operator.py took 0.297 seconds
[2022-08-19 01:10:27,417] {processor.py:153} INFO - Started process (PID=82) to work on /home/airflow/.local/lib/python3.7/site-packages/airflow/example_dags/example_branch_day_of_week_operator.py
[2022-08-19 01:10:27,422] {processor.py:641} INFO - Processing file /home/airflow/.local/lib/python3.7/site-packages/airflow/example_dags/example_branch_day_of_week_operator.py for tasks to queue
[2022-08-19 01:10:27,423] {logging_mixin.py:115} INFO - [2022-08-19 01:10:27,423] {dagbag.py:507} INFO - Filling up the DagBag from /home/airflow/.local/lib/python3.7/site-packages/airflow/example_dags/example_branch_day_of_week_operator.py
[2022-08-19 01:10:27,445] {processor.py:651} INFO - DAG(s) dict_keys(['example_weekday_branch_operator']) retrieved from /home/airflow/.local/lib/python3.7/site-packages/airflow/example_dags/example_branch_day_of_week_operator.py
[2022-08-19 01:10:27,498] {logging_mixin.py:115} INFO - [2022-08-19 01:10:27,498] {dag.py:2379} INFO - Sync 1 DAGs
[2022-08-19 01:10:27,834] {logging_mixin.py:115} INFO - [2022-08-19 01:10:27,834] {dag.py:2931} INFO - Setting next_dagrun for example_weekday_branch_operator to 2022-08-18T00:00:00+00:00, run_after=2022-08-19T00:00:00+00:00
[2022-08-19 01:10:27,878] {processor.py:161} INFO - Processing /home/airflow/.local/lib/python3.7/site-packages/airflow/example_dags/example_branch_day_of_week_operator.py took 0.464 seconds
[2022-08-19 01:10:58,178] {processor.py:153} INFO - Started process (PID=136) to work on /home/airflow/.local/lib/python3.7/site-packages/airflow/example_dags/example_branch_day_of_week_operator.py
[2022-08-19 01:10:58,179] {processor.py:641} INFO - Processing file /home/airflow/.local/lib/python3.7/site-packages/airflow/example_dags/example_branch_day_of_week_operator.py for tasks to queue
[2022-08-19 01:10:58,180] {logging_mixin.py:115} INFO - [2022-08-19 01:10:58,179] {dagbag.py:507} INFO - Filling up the DagBag from /home/airflow/.local/lib/python3.7/site-packages/airflow/example_dags/example_branch_day_of_week_operator.py
[2022-08-19 01:10:58,192] {processor.py:651} INFO - DAG(s) dict_keys(['example_weekday_branch_operator']) retrieved from /home/airflow/.local/lib/python3.7/site-packages/airflow/example_dags/example_branch_day_of_week_operator.py
[2022-08-19 01:10:58,235] {logging_mixin.py:115} INFO - [2022-08-19 01:10:58,234] {dag.py:2379} INFO - Sync 1 DAGs
[2022-08-19 01:10:58,416] {logging_mixin.py:115} INFO - [2022-08-19 01:10:58,415] {dag.py:2931} INFO - Setting next_dagrun for example_weekday_branch_operator to 2022-08-18T00:00:00+00:00, run_after=2022-08-19T00:00:00+00:00
[2022-08-19 01:10:58,431] {processor.py:161} INFO - Processing /home/airflow/.local/lib/python3.7/site-packages/airflow/example_dags/example_branch_day_of_week_operator.py took 0.258 seconds
[2022-08-19 01:11:31,076] {processor.py:153} INFO - Started process (PID=199) to work on /home/airflow/.local/lib/python3.7/site-packages/airflow/example_dags/example_branch_day_of_week_operator.py
[2022-08-19 01:11:31,087] {processor.py:641} INFO - Processing file /home/airflow/.local/lib/python3.7/site-packages/airflow/example_dags/example_branch_day_of_week_operator.py for tasks to queue
[2022-08-19 01:11:31,090] {logging_mixin.py:115} INFO - [2022-08-19 01:11:31,089] {dagbag.py:507} INFO - Filling up the DagBag from /home/airflow/.local/lib/python3.7/site-packages/airflow/example_dags/example_branch_day_of_week_operator.py
[2022-08-19 01:11:31,128] {processor.py:651} INFO - DAG(s) dict_keys(['example_weekday_branch_operator']) retrieved from /home/airflow/.local/lib/python3.7/site-packages/airflow/example_dags/example_branch_day_of_week_operator.py
[2022-08-19 01:11:31,198] {logging_mixin.py:115} INFO - [2022-08-19 01:11:31,198] {dag.py:2379} INFO - Sync 1 DAGs
[2022-08-19 01:11:31,507] {logging_mixin.py:115} INFO - [2022-08-19 01:11:31,507] {dag.py:2931} INFO - Setting next_dagrun for example_weekday_branch_operator to 2022-08-18T00:00:00+00:00, run_after=2022-08-19T00:00:00+00:00
[2022-08-19 01:11:31,570] {processor.py:161} INFO - Processing /home/airflow/.local/lib/python3.7/site-packages/airflow/example_dags/example_branch_day_of_week_operator.py took 0.505 seconds
[2022-08-19 01:12:01,651] {processor.py:153} INFO - Started process (PID=252) to work on /home/airflow/.local/lib/python3.7/site-packages/airflow/example_dags/example_branch_day_of_week_operator.py
[2022-08-19 01:12:01,652] {processor.py:641} INFO - Processing file /home/airflow/.local/lib/python3.7/site-packages/airflow/example_dags/example_branch_day_of_week_operator.py for tasks to queue
[2022-08-19 01:12:01,652] {logging_mixin.py:115} INFO - [2022-08-19 01:12:01,652] {dagbag.py:507} INFO - Filling up the DagBag from /home/airflow/.local/lib/python3.7/site-packages/airflow/example_dags/example_branch_day_of_week_operator.py
[2022-08-19 01:12:01,659] {processor.py:651} INFO - DAG(s) dict_keys(['example_weekday_branch_operator']) retrieved from /home/airflow/.local/lib/python3.7/site-packages/airflow/example_dags/example_branch_day_of_week_operator.py
[2022-08-19 01:12:01,686] {logging_mixin.py:115} INFO - [2022-08-19 01:12:01,685] {dag.py:2379} INFO - Sync 1 DAGs
[2022-08-19 01:12:01,823] {logging_mixin.py:115} INFO - [2022-08-19 01:12:01,823] {dag.py:2931} INFO - Setting next_dagrun for example_weekday_branch_operator to 2022-08-18T00:00:00+00:00, run_after=2022-08-19T00:00:00+00:00
[2022-08-19 01:12:01,835] {processor.py:161} INFO - Processing /home/airflow/.local/lib/python3.7/site-packages/airflow/example_dags/example_branch_day_of_week_operator.py took 0.187 seconds
[2022-08-19 01:12:32,041] {processor.py:153} INFO - Started process (PID=318) to work on /home/airflow/.local/lib/python3.7/site-packages/airflow/example_dags/example_branch_day_of_week_operator.py
[2022-08-19 01:12:32,042] {processor.py:641} INFO - Processing file /home/airflow/.local/lib/python3.7/site-packages/airflow/example_dags/example_branch_day_of_week_operator.py for tasks to queue
[2022-08-19 01:12:32,042] {logging_mixin.py:115} INFO - [2022-08-19 01:12:32,042] {dagbag.py:507} INFO - Filling up the DagBag from /home/airflow/.local/lib/python3.7/site-packages/airflow/example_dags/example_branch_day_of_week_operator.py
[2022-08-19 01:12:32,049] {processor.py:651} INFO - DAG(s) dict_keys(['example_weekday_branch_operator']) retrieved from /home/airflow/.local/lib/python3.7/site-packages/airflow/example_dags/example_branch_day_of_week_operator.py
[2022-08-19 01:12:32,077] {logging_mixin.py:115} INFO - [2022-08-19 01:12:32,077] {dag.py:2379} INFO - Sync 1 DAGs
[2022-08-19 01:12:32,226] {logging_mixin.py:115} INFO - [2022-08-19 01:12:32,225] {dag.py:2931} INFO - Setting next_dagrun for example_weekday_branch_operator to 2022-08-18T00:00:00+00:00, run_after=2022-08-19T00:00:00+00:00
[2022-08-19 01:12:32,237] {processor.py:161} INFO - Processing /home/airflow/.local/lib/python3.7/site-packages/airflow/example_dags/example_branch_day_of_week_operator.py took 0.200 seconds
[2022-08-19 01:13:02,444] {processor.py:153} INFO - Started process (PID=374) to work on /home/airflow/.local/lib/python3.7/site-packages/airflow/example_dags/example_branch_day_of_week_operator.py
[2022-08-19 01:13:02,444] {processor.py:641} INFO - Processing file /home/airflow/.local/lib/python3.7/site-packages/airflow/example_dags/example_branch_day_of_week_operator.py for tasks to queue
[2022-08-19 01:13:02,444] {logging_mixin.py:115} INFO - [2022-08-19 01:13:02,444] {dagbag.py:507} INFO - Filling up the DagBag from /home/airflow/.local/lib/python3.7/site-packages/airflow/example_dags/example_branch_day_of_week_operator.py
[2022-08-19 01:13:02,451] {processor.py:651} INFO - DAG(s) dict_keys(['example_weekday_branch_operator']) retrieved from /home/airflow/.local/lib/python3.7/site-packages/airflow/example_dags/example_branch_day_of_week_operator.py
[2022-08-19 01:13:02,477] {logging_mixin.py:115} INFO - [2022-08-19 01:13:02,477] {dag.py:2379} INFO - Sync 1 DAGs
[2022-08-19 01:13:02,630] {logging_mixin.py:115} INFO - [2022-08-19 01:13:02,630] {dag.py:2931} INFO - Setting next_dagrun for example_weekday_branch_operator to 2022-08-18T00:00:00+00:00, run_after=2022-08-19T00:00:00+00:00
[2022-08-19 01:13:02,646] {processor.py:161} INFO - Processing /home/airflow/.local/lib/python3.7/site-packages/airflow/example_dags/example_branch_day_of_week_operator.py took 0.205 seconds
[2022-08-19 01:13:32,951] {processor.py:153} INFO - Started process (PID=438) to work on /home/airflow/.local/lib/python3.7/site-packages/airflow/example_dags/example_branch_day_of_week_operator.py
[2022-08-19 01:13:32,952] {processor.py:641} INFO - Processing file /home/airflow/.local/lib/python3.7/site-packages/airflow/example_dags/example_branch_day_of_week_operator.py for tasks to queue
[2022-08-19 01:13:32,952] {logging_mixin.py:115} INFO - [2022-08-19 01:13:32,952] {dagbag.py:507} INFO - Filling up the DagBag from /home/airflow/.local/lib/python3.7/site-packages/airflow/example_dags/example_branch_day_of_week_operator.py
[2022-08-19 01:13:32,962] {processor.py:651} INFO - DAG(s) dict_keys(['example_weekday_branch_operator']) retrieved from /home/airflow/.local/lib/python3.7/site-packages/airflow/example_dags/example_branch_day_of_week_operator.py
[2022-08-19 01:13:32,999] {logging_mixin.py:115} INFO - [2022-08-19 01:13:32,999] {dag.py:2379} INFO - Sync 1 DAGs
[2022-08-19 01:13:33,159] {logging_mixin.py:115} INFO - [2022-08-19 01:13:33,159] {dag.py:2931} INFO - Setting next_dagrun for example_weekday_branch_operator to 2022-08-18T00:00:00+00:00, run_after=2022-08-19T00:00:00+00:00
[2022-08-19 01:13:33,173] {processor.py:161} INFO - Processing /home/airflow/.local/lib/python3.7/site-packages/airflow/example_dags/example_branch_day_of_week_operator.py took 0.226 seconds
[2022-08-19 01:14:03,469] {processor.py:153} INFO - Started process (PID=502) to work on /home/airflow/.local/lib/python3.7/site-packages/airflow/example_dags/example_branch_day_of_week_operator.py
[2022-08-19 01:14:03,470] {processor.py:641} INFO - Processing file /home/airflow/.local/lib/python3.7/site-packages/airflow/example_dags/example_branch_day_of_week_operator.py for tasks to queue
[2022-08-19 01:14:03,470] {logging_mixin.py:115} INFO - [2022-08-19 01:14:03,470] {dagbag.py:507} INFO - Filling up the DagBag from /home/airflow/.local/lib/python3.7/site-packages/airflow/example_dags/example_branch_day_of_week_operator.py
[2022-08-19 01:14:03,482] {processor.py:651} INFO - DAG(s) dict_keys(['example_weekday_branch_operator']) retrieved from /home/airflow/.local/lib/python3.7/site-packages/airflow/example_dags/example_branch_day_of_week_operator.py
[2022-08-19 01:14:03,518] {logging_mixin.py:115} INFO - [2022-08-19 01:14:03,518] {dag.py:2379} INFO - Sync 1 DAGs
[2022-08-19 01:14:03,720] {logging_mixin.py:115} INFO - [2022-08-19 01:14:03,720] {dag.py:2931} INFO - Setting next_dagrun for example_weekday_branch_operator to 2022-08-18T00:00:00+00:00, run_after=2022-08-19T00:00:00+00:00
[2022-08-19 01:14:03,733] {processor.py:161} INFO - Processing /home/airflow/.local/lib/python3.7/site-packages/airflow/example_dags/example_branch_day_of_week_operator.py took 0.268 seconds
[2022-08-19 01:14:33,931] {processor.py:153} INFO - Started process (PID=557) to work on /home/airflow/.local/lib/python3.7/site-packages/airflow/example_dags/example_branch_day_of_week_operator.py
[2022-08-19 01:14:33,933] {processor.py:641} INFO - Processing file /home/airflow/.local/lib/python3.7/site-packages/airflow/example_dags/example_branch_day_of_week_operator.py for tasks to queue
[2022-08-19 01:14:33,935] {logging_mixin.py:115} INFO - [2022-08-19 01:14:33,935] {dagbag.py:507} INFO - Filling up the DagBag from /home/airflow/.local/lib/python3.7/site-packages/airflow/example_dags/example_branch_day_of_week_operator.py
[2022-08-19 01:14:33,965] {processor.py:651} INFO - DAG(s) dict_keys(['example_weekday_branch_operator']) retrieved from /home/airflow/.local/lib/python3.7/site-packages/airflow/example_dags/example_branch_day_of_week_operator.py
[2022-08-19 01:14:34,005] {logging_mixin.py:115} INFO - [2022-08-19 01:14:34,005] {dag.py:2379} INFO - Sync 1 DAGs
[2022-08-19 01:14:34,145] {logging_mixin.py:115} INFO - [2022-08-19 01:14:34,145] {dag.py:2931} INFO - Setting next_dagrun for example_weekday_branch_operator to 2022-08-18T00:00:00+00:00, run_after=2022-08-19T00:00:00+00:00
[2022-08-19 01:14:34,155] {processor.py:161} INFO - Processing /home/airflow/.local/lib/python3.7/site-packages/airflow/example_dags/example_branch_day_of_week_operator.py took 0.238 seconds
[2022-08-19 01:15:04,285] {processor.py:153} INFO - Started process (PID=622) to work on /home/airflow/.local/lib/python3.7/site-packages/airflow/example_dags/example_branch_day_of_week_operator.py
[2022-08-19 01:15:04,285] {processor.py:641} INFO - Processing file /home/airflow/.local/lib/python3.7/site-packages/airflow/example_dags/example_branch_day_of_week_operator.py for tasks to queue
[2022-08-19 01:15:04,286] {logging_mixin.py:115} INFO - [2022-08-19 01:15:04,286] {dagbag.py:507} INFO - Filling up the DagBag from /home/airflow/.local/lib/python3.7/site-packages/airflow/example_dags/example_branch_day_of_week_operator.py
[2022-08-19 01:15:04,297] {processor.py:651} INFO - DAG(s) dict_keys(['example_weekday_branch_operator']) retrieved from /home/airflow/.local/lib/python3.7/site-packages/airflow/example_dags/example_branch_day_of_week_operator.py
[2022-08-19 01:15:04,365] {logging_mixin.py:115} INFO - [2022-08-19 01:15:04,365] {dag.py:2379} INFO - Sync 1 DAGs
[2022-08-19 01:15:04,514] {logging_mixin.py:115} INFO - [2022-08-19 01:15:04,514] {dag.py:2931} INFO - Setting next_dagrun for example_weekday_branch_operator to 2022-08-18T00:00:00+00:00, run_after=2022-08-19T00:00:00+00:00
[2022-08-19 01:15:04,527] {processor.py:161} INFO - Processing /home/airflow/.local/lib/python3.7/site-packages/airflow/example_dags/example_branch_day_of_week_operator.py took 0.247 seconds
[2022-08-19 01:21:28,465] {processor.py:153} INFO - Started process (PID=85) to work on /home/airflow/.local/lib/python3.7/site-packages/airflow/example_dags/example_branch_day_of_week_operator.py
[2022-08-19 01:21:28,468] {processor.py:641} INFO - Processing file /home/airflow/.local/lib/python3.7/site-packages/airflow/example_dags/example_branch_day_of_week_operator.py for tasks to queue
[2022-08-19 01:21:28,469] {logging_mixin.py:115} INFO - [2022-08-19 01:21:28,469] {dagbag.py:507} INFO - Filling up the DagBag from /home/airflow/.local/lib/python3.7/site-packages/airflow/example_dags/example_branch_day_of_week_operator.py
[2022-08-19 01:21:28,495] {processor.py:651} INFO - DAG(s) dict_keys(['example_weekday_branch_operator']) retrieved from /home/airflow/.local/lib/python3.7/site-packages/airflow/example_dags/example_branch_day_of_week_operator.py
[2022-08-19 01:21:28,584] {logging_mixin.py:115} INFO - [2022-08-19 01:21:28,584] {dag.py:2379} INFO - Sync 1 DAGs
[2022-08-19 01:21:28,707] {logging_mixin.py:115} INFO - [2022-08-19 01:21:28,706] {dag.py:2931} INFO - Setting next_dagrun for example_weekday_branch_operator to 2022-08-18T00:00:00+00:00, run_after=2022-08-19T00:00:00+00:00
[2022-08-19 01:21:28,768] {processor.py:161} INFO - Processing /home/airflow/.local/lib/python3.7/site-packages/airflow/example_dags/example_branch_day_of_week_operator.py took 0.310 seconds
[2022-08-19 01:22:01,645] {processor.py:153} INFO - Started process (PID=141) to work on /home/airflow/.local/lib/python3.7/site-packages/airflow/example_dags/example_branch_day_of_week_operator.py
[2022-08-19 01:22:01,645] {processor.py:641} INFO - Processing file /home/airflow/.local/lib/python3.7/site-packages/airflow/example_dags/example_branch_day_of_week_operator.py for tasks to queue
[2022-08-19 01:22:01,646] {logging_mixin.py:115} INFO - [2022-08-19 01:22:01,646] {dagbag.py:507} INFO - Filling up the DagBag from /home/airflow/.local/lib/python3.7/site-packages/airflow/example_dags/example_branch_day_of_week_operator.py
[2022-08-19 01:22:01,655] {processor.py:651} INFO - DAG(s) dict_keys(['example_weekday_branch_operator']) retrieved from /home/airflow/.local/lib/python3.7/site-packages/airflow/example_dags/example_branch_day_of_week_operator.py
[2022-08-19 01:22:01,698] {logging_mixin.py:115} INFO - [2022-08-19 01:22:01,698] {dag.py:2379} INFO - Sync 1 DAGs
[2022-08-19 01:22:01,753] {logging_mixin.py:115} INFO - [2022-08-19 01:22:01,753] {dag.py:2931} INFO - Setting next_dagrun for example_weekday_branch_operator to 2022-08-18T00:00:00+00:00, run_after=2022-08-19T00:00:00+00:00
[2022-08-19 01:22:01,770] {processor.py:161} INFO - Processing /home/airflow/.local/lib/python3.7/site-packages/airflow/example_dags/example_branch_day_of_week_operator.py took 0.129 seconds
[2022-08-19 01:22:31,927] {processor.py:153} INFO - Started process (PID=197) to work on /home/airflow/.local/lib/python3.7/site-packages/airflow/example_dags/example_branch_day_of_week_operator.py
[2022-08-19 01:22:31,928] {processor.py:641} INFO - Processing file /home/airflow/.local/lib/python3.7/site-packages/airflow/example_dags/example_branch_day_of_week_operator.py for tasks to queue
[2022-08-19 01:22:31,928] {logging_mixin.py:115} INFO - [2022-08-19 01:22:31,928] {dagbag.py:507} INFO - Filling up the DagBag from /home/airflow/.local/lib/python3.7/site-packages/airflow/example_dags/example_branch_day_of_week_operator.py
[2022-08-19 01:22:31,936] {processor.py:651} INFO - DAG(s) dict_keys(['example_weekday_branch_operator']) retrieved from /home/airflow/.local/lib/python3.7/site-packages/airflow/example_dags/example_branch_day_of_week_operator.py
[2022-08-19 01:22:31,967] {logging_mixin.py:115} INFO - [2022-08-19 01:22:31,967] {dag.py:2379} INFO - Sync 1 DAGs
[2022-08-19 01:22:31,996] {logging_mixin.py:115} INFO - [2022-08-19 01:22:31,995] {dag.py:2931} INFO - Setting next_dagrun for example_weekday_branch_operator to 2022-08-18T00:00:00+00:00, run_after=2022-08-19T00:00:00+00:00
[2022-08-19 01:22:32,009] {processor.py:161} INFO - Processing /home/airflow/.local/lib/python3.7/site-packages/airflow/example_dags/example_branch_day_of_week_operator.py took 0.087 seconds
[2022-08-19 01:23:02,220] {processor.py:153} INFO - Started process (PID=263) to work on /home/airflow/.local/lib/python3.7/site-packages/airflow/example_dags/example_branch_day_of_week_operator.py
[2022-08-19 01:23:02,223] {processor.py:641} INFO - Processing file /home/airflow/.local/lib/python3.7/site-packages/airflow/example_dags/example_branch_day_of_week_operator.py for tasks to queue
[2022-08-19 01:23:02,223] {logging_mixin.py:115} INFO - [2022-08-19 01:23:02,223] {dagbag.py:507} INFO - Filling up the DagBag from /home/airflow/.local/lib/python3.7/site-packages/airflow/example_dags/example_branch_day_of_week_operator.py
[2022-08-19 01:23:02,234] {processor.py:651} INFO - DAG(s) dict_keys(['example_weekday_branch_operator']) retrieved from /home/airflow/.local/lib/python3.7/site-packages/airflow/example_dags/example_branch_day_of_week_operator.py
[2022-08-19 01:23:02,274] {logging_mixin.py:115} INFO - [2022-08-19 01:23:02,274] {dag.py:2379} INFO - Sync 1 DAGs
[2022-08-19 01:23:02,324] {logging_mixin.py:115} INFO - [2022-08-19 01:23:02,323] {dag.py:2931} INFO - Setting next_dagrun for example_weekday_branch_operator to 2022-08-18T00:00:00+00:00, run_after=2022-08-19T00:00:00+00:00
[2022-08-19 01:23:02,343] {processor.py:161} INFO - Processing /home/airflow/.local/lib/python3.7/site-packages/airflow/example_dags/example_branch_day_of_week_operator.py took 0.128 seconds
[2022-08-19 01:23:33,278] {processor.py:153} INFO - Started process (PID=318) to work on /home/airflow/.local/lib/python3.7/site-packages/airflow/example_dags/example_branch_day_of_week_operator.py
[2022-08-19 01:23:33,279] {processor.py:641} INFO - Processing file /home/airflow/.local/lib/python3.7/site-packages/airflow/example_dags/example_branch_day_of_week_operator.py for tasks to queue
[2022-08-19 01:23:33,280] {logging_mixin.py:115} INFO - [2022-08-19 01:23:33,279] {dagbag.py:507} INFO - Filling up the DagBag from /home/airflow/.local/lib/python3.7/site-packages/airflow/example_dags/example_branch_day_of_week_operator.py
[2022-08-19 01:23:33,309] {processor.py:651} INFO - DAG(s) dict_keys(['example_weekday_branch_operator']) retrieved from /home/airflow/.local/lib/python3.7/site-packages/airflow/example_dags/example_branch_day_of_week_operator.py
[2022-08-19 01:23:33,356] {logging_mixin.py:115} INFO - [2022-08-19 01:23:33,356] {dag.py:2379} INFO - Sync 1 DAGs
[2022-08-19 01:23:33,399] {logging_mixin.py:115} INFO - [2022-08-19 01:23:33,399] {dag.py:2931} INFO - Setting next_dagrun for example_weekday_branch_operator to 2022-08-18T00:00:00+00:00, run_after=2022-08-19T00:00:00+00:00
[2022-08-19 01:23:33,419] {processor.py:161} INFO - Processing /home/airflow/.local/lib/python3.7/site-packages/airflow/example_dags/example_branch_day_of_week_operator.py took 0.148 seconds
[2022-08-19 01:24:04,136] {processor.py:153} INFO - Started process (PID=388) to work on /home/airflow/.local/lib/python3.7/site-packages/airflow/example_dags/example_branch_day_of_week_operator.py
[2022-08-19 01:24:04,137] {processor.py:641} INFO - Processing file /home/airflow/.local/lib/python3.7/site-packages/airflow/example_dags/example_branch_day_of_week_operator.py for tasks to queue
[2022-08-19 01:24:04,138] {logging_mixin.py:115} INFO - [2022-08-19 01:24:04,137] {dagbag.py:507} INFO - Filling up the DagBag from /home/airflow/.local/lib/python3.7/site-packages/airflow/example_dags/example_branch_day_of_week_operator.py
[2022-08-19 01:24:04,163] {processor.py:651} INFO - DAG(s) dict_keys(['example_weekday_branch_operator']) retrieved from /home/airflow/.local/lib/python3.7/site-packages/airflow/example_dags/example_branch_day_of_week_operator.py
[2022-08-19 01:24:04,297] {logging_mixin.py:115} INFO - [2022-08-19 01:24:04,296] {dag.py:2379} INFO - Sync 1 DAGs
[2022-08-19 01:24:04,339] {logging_mixin.py:115} INFO - [2022-08-19 01:24:04,338] {dag.py:2931} INFO - Setting next_dagrun for example_weekday_branch_operator to 2022-08-18T00:00:00+00:00, run_after=2022-08-19T00:00:00+00:00
[2022-08-19 01:24:04,354] {processor.py:161} INFO - Processing /home/airflow/.local/lib/python3.7/site-packages/airflow/example_dags/example_branch_day_of_week_operator.py took 0.229 seconds
[2022-08-19 01:24:34,939] {processor.py:153} INFO - Started process (PID=451) to work on /home/airflow/.local/lib/python3.7/site-packages/airflow/example_dags/example_branch_day_of_week_operator.py
[2022-08-19 01:24:34,940] {processor.py:641} INFO - Processing file /home/airflow/.local/lib/python3.7/site-packages/airflow/example_dags/example_branch_day_of_week_operator.py for tasks to queue
[2022-08-19 01:24:34,941] {logging_mixin.py:115} INFO - [2022-08-19 01:24:34,941] {dagbag.py:507} INFO - Filling up the DagBag from /home/airflow/.local/lib/python3.7/site-packages/airflow/example_dags/example_branch_day_of_week_operator.py
[2022-08-19 01:24:34,952] {processor.py:651} INFO - DAG(s) dict_keys(['example_weekday_branch_operator']) retrieved from /home/airflow/.local/lib/python3.7/site-packages/airflow/example_dags/example_branch_day_of_week_operator.py
[2022-08-19 01:24:34,987] {logging_mixin.py:115} INFO - [2022-08-19 01:24:34,987] {dag.py:2379} INFO - Sync 1 DAGs
[2022-08-19 01:24:35,033] {logging_mixin.py:115} INFO - [2022-08-19 01:24:35,033] {dag.py:2931} INFO - Setting next_dagrun for example_weekday_branch_operator to 2022-08-18T00:00:00+00:00, run_after=2022-08-19T00:00:00+00:00
[2022-08-19 01:24:35,050] {processor.py:161} INFO - Processing /home/airflow/.local/lib/python3.7/site-packages/airflow/example_dags/example_branch_day_of_week_operator.py took 0.115 seconds
[2022-08-19 01:25:05,641] {processor.py:153} INFO - Started process (PID=506) to work on /home/airflow/.local/lib/python3.7/site-packages/airflow/example_dags/example_branch_day_of_week_operator.py
[2022-08-19 01:25:05,650] {processor.py:641} INFO - Processing file /home/airflow/.local/lib/python3.7/site-packages/airflow/example_dags/example_branch_day_of_week_operator.py for tasks to queue
[2022-08-19 01:25:05,651] {logging_mixin.py:115} INFO - [2022-08-19 01:25:05,651] {dagbag.py:507} INFO - Filling up the DagBag from /home/airflow/.local/lib/python3.7/site-packages/airflow/example_dags/example_branch_day_of_week_operator.py
[2022-08-19 01:25:05,673] {processor.py:651} INFO - DAG(s) dict_keys(['example_weekday_branch_operator']) retrieved from /home/airflow/.local/lib/python3.7/site-packages/airflow/example_dags/example_branch_day_of_week_operator.py
[2022-08-19 01:25:05,755] {logging_mixin.py:115} INFO - [2022-08-19 01:25:05,755] {dag.py:2379} INFO - Sync 1 DAGs
[2022-08-19 01:25:05,821] {logging_mixin.py:115} INFO - [2022-08-19 01:25:05,821] {dag.py:2931} INFO - Setting next_dagrun for example_weekday_branch_operator to 2022-08-18T00:00:00+00:00, run_after=2022-08-19T00:00:00+00:00
[2022-08-19 01:25:05,845] {processor.py:161} INFO - Processing /home/airflow/.local/lib/python3.7/site-packages/airflow/example_dags/example_branch_day_of_week_operator.py took 0.222 seconds
[2022-08-19 01:25:36,151] {processor.py:153} INFO - Started process (PID=570) to work on /home/airflow/.local/lib/python3.7/site-packages/airflow/example_dags/example_branch_day_of_week_operator.py
[2022-08-19 01:25:36,152] {processor.py:641} INFO - Processing file /home/airflow/.local/lib/python3.7/site-packages/airflow/example_dags/example_branch_day_of_week_operator.py for tasks to queue
[2022-08-19 01:25:36,153] {logging_mixin.py:115} INFO - [2022-08-19 01:25:36,153] {dagbag.py:507} INFO - Filling up the DagBag from /home/airflow/.local/lib/python3.7/site-packages/airflow/example_dags/example_branch_day_of_week_operator.py
[2022-08-19 01:25:36,174] {processor.py:651} INFO - DAG(s) dict_keys(['example_weekday_branch_operator']) retrieved from /home/airflow/.local/lib/python3.7/site-packages/airflow/example_dags/example_branch_day_of_week_operator.py
[2022-08-19 01:25:36,231] {logging_mixin.py:115} INFO - [2022-08-19 01:25:36,230] {dag.py:2379} INFO - Sync 1 DAGs
[2022-08-19 01:25:36,279] {logging_mixin.py:115} INFO - [2022-08-19 01:25:36,279] {dag.py:2931} INFO - Setting next_dagrun for example_weekday_branch_operator to 2022-08-18T00:00:00+00:00, run_after=2022-08-19T00:00:00+00:00
[2022-08-19 01:25:36,296] {processor.py:161} INFO - Processing /home/airflow/.local/lib/python3.7/site-packages/airflow/example_dags/example_branch_day_of_week_operator.py took 0.174 seconds
[2022-08-19 01:26:06,717] {processor.py:153} INFO - Started process (PID=631) to work on /home/airflow/.local/lib/python3.7/site-packages/airflow/example_dags/example_branch_day_of_week_operator.py
[2022-08-19 01:26:06,717] {processor.py:641} INFO - Processing file /home/airflow/.local/lib/python3.7/site-packages/airflow/example_dags/example_branch_day_of_week_operator.py for tasks to queue
[2022-08-19 01:26:06,718] {logging_mixin.py:115} INFO - [2022-08-19 01:26:06,718] {dagbag.py:507} INFO - Filling up the DagBag from /home/airflow/.local/lib/python3.7/site-packages/airflow/example_dags/example_branch_day_of_week_operator.py
[2022-08-19 01:26:06,735] {processor.py:651} INFO - DAG(s) dict_keys(['example_weekday_branch_operator']) retrieved from /home/airflow/.local/lib/python3.7/site-packages/airflow/example_dags/example_branch_day_of_week_operator.py
[2022-08-19 01:26:06,793] {logging_mixin.py:115} INFO - [2022-08-19 01:26:06,793] {dag.py:2379} INFO - Sync 1 DAGs
[2022-08-19 01:26:06,846] {logging_mixin.py:115} INFO - [2022-08-19 01:26:06,846] {dag.py:2931} INFO - Setting next_dagrun for example_weekday_branch_operator to 2022-08-18T00:00:00+00:00, run_after=2022-08-19T00:00:00+00:00
[2022-08-19 01:26:06,865] {processor.py:161} INFO - Processing /home/airflow/.local/lib/python3.7/site-packages/airflow/example_dags/example_branch_day_of_week_operator.py took 0.152 seconds
[2022-08-19 01:26:37,248] {processor.py:153} INFO - Started process (PID=687) to work on /home/airflow/.local/lib/python3.7/site-packages/airflow/example_dags/example_branch_day_of_week_operator.py
[2022-08-19 01:26:37,249] {processor.py:641} INFO - Processing file /home/airflow/.local/lib/python3.7/site-packages/airflow/example_dags/example_branch_day_of_week_operator.py for tasks to queue
[2022-08-19 01:26:37,251] {logging_mixin.py:115} INFO - [2022-08-19 01:26:37,251] {dagbag.py:507} INFO - Filling up the DagBag from /home/airflow/.local/lib/python3.7/site-packages/airflow/example_dags/example_branch_day_of_week_operator.py
[2022-08-19 01:26:37,260] {processor.py:651} INFO - DAG(s) dict_keys(['example_weekday_branch_operator']) retrieved from /home/airflow/.local/lib/python3.7/site-packages/airflow/example_dags/example_branch_day_of_week_operator.py
[2022-08-19 01:26:37,309] {logging_mixin.py:115} INFO - [2022-08-19 01:26:37,309] {dag.py:2379} INFO - Sync 1 DAGs
[2022-08-19 01:26:37,360] {logging_mixin.py:115} INFO - [2022-08-19 01:26:37,360] {dag.py:2931} INFO - Setting next_dagrun for example_weekday_branch_operator to 2022-08-18T00:00:00+00:00, run_after=2022-08-19T00:00:00+00:00
[2022-08-19 01:26:37,489] {processor.py:161} INFO - Processing /home/airflow/.local/lib/python3.7/site-packages/airflow/example_dags/example_branch_day_of_week_operator.py took 0.245 seconds
[2022-08-19 01:27:07,957] {processor.py:153} INFO - Started process (PID=753) to work on /home/airflow/.local/lib/python3.7/site-packages/airflow/example_dags/example_branch_day_of_week_operator.py
[2022-08-19 01:27:07,957] {processor.py:641} INFO - Processing file /home/airflow/.local/lib/python3.7/site-packages/airflow/example_dags/example_branch_day_of_week_operator.py for tasks to queue
[2022-08-19 01:27:07,958] {logging_mixin.py:115} INFO - [2022-08-19 01:27:07,958] {dagbag.py:507} INFO - Filling up the DagBag from /home/airflow/.local/lib/python3.7/site-packages/airflow/example_dags/example_branch_day_of_week_operator.py
[2022-08-19 01:27:07,965] {processor.py:651} INFO - DAG(s) dict_keys(['example_weekday_branch_operator']) retrieved from /home/airflow/.local/lib/python3.7/site-packages/airflow/example_dags/example_branch_day_of_week_operator.py
[2022-08-19 01:27:07,991] {logging_mixin.py:115} INFO - [2022-08-19 01:27:07,991] {dag.py:2379} INFO - Sync 1 DAGs
[2022-08-19 01:27:08,026] {logging_mixin.py:115} INFO - [2022-08-19 01:27:08,026] {dag.py:2931} INFO - Setting next_dagrun for example_weekday_branch_operator to 2022-08-18T00:00:00+00:00, run_after=2022-08-19T00:00:00+00:00
[2022-08-19 01:27:08,154] {processor.py:161} INFO - Processing /home/airflow/.local/lib/python3.7/site-packages/airflow/example_dags/example_branch_day_of_week_operator.py took 0.200 seconds
[2022-08-19 01:27:38,562] {processor.py:153} INFO - Started process (PID=808) to work on /home/airflow/.local/lib/python3.7/site-packages/airflow/example_dags/example_branch_day_of_week_operator.py
[2022-08-19 01:27:38,562] {processor.py:641} INFO - Processing file /home/airflow/.local/lib/python3.7/site-packages/airflow/example_dags/example_branch_day_of_week_operator.py for tasks to queue
[2022-08-19 01:27:38,564] {logging_mixin.py:115} INFO - [2022-08-19 01:27:38,563] {dagbag.py:507} INFO - Filling up the DagBag from /home/airflow/.local/lib/python3.7/site-packages/airflow/example_dags/example_branch_day_of_week_operator.py
[2022-08-19 01:27:38,573] {processor.py:651} INFO - DAG(s) dict_keys(['example_weekday_branch_operator']) retrieved from /home/airflow/.local/lib/python3.7/site-packages/airflow/example_dags/example_branch_day_of_week_operator.py
[2022-08-19 01:27:38,610] {logging_mixin.py:115} INFO - [2022-08-19 01:27:38,610] {dag.py:2379} INFO - Sync 1 DAGs
[2022-08-19 01:27:38,649] {logging_mixin.py:115} INFO - [2022-08-19 01:27:38,649] {dag.py:2931} INFO - Setting next_dagrun for example_weekday_branch_operator to 2022-08-18T00:00:00+00:00, run_after=2022-08-19T00:00:00+00:00
[2022-08-19 01:27:38,784] {processor.py:161} INFO - Processing /home/airflow/.local/lib/python3.7/site-packages/airflow/example_dags/example_branch_day_of_week_operator.py took 0.227 seconds
[2022-08-19 01:28:09,051] {processor.py:153} INFO - Started process (PID=873) to work on /home/airflow/.local/lib/python3.7/site-packages/airflow/example_dags/example_branch_day_of_week_operator.py
[2022-08-19 01:28:09,051] {processor.py:641} INFO - Processing file /home/airflow/.local/lib/python3.7/site-packages/airflow/example_dags/example_branch_day_of_week_operator.py for tasks to queue
[2022-08-19 01:28:09,052] {logging_mixin.py:115} INFO - [2022-08-19 01:28:09,052] {dagbag.py:507} INFO - Filling up the DagBag from /home/airflow/.local/lib/python3.7/site-packages/airflow/example_dags/example_branch_day_of_week_operator.py
[2022-08-19 01:28:09,060] {processor.py:651} INFO - DAG(s) dict_keys(['example_weekday_branch_operator']) retrieved from /home/airflow/.local/lib/python3.7/site-packages/airflow/example_dags/example_branch_day_of_week_operator.py
[2022-08-19 01:28:09,096] {logging_mixin.py:115} INFO - [2022-08-19 01:28:09,096] {dag.py:2379} INFO - Sync 1 DAGs
[2022-08-19 01:28:09,132] {logging_mixin.py:115} INFO - [2022-08-19 01:28:09,132] {dag.py:2931} INFO - Setting next_dagrun for example_weekday_branch_operator to 2022-08-18T00:00:00+00:00, run_after=2022-08-19T00:00:00+00:00
[2022-08-19 01:28:09,275] {processor.py:161} INFO - Processing /home/airflow/.local/lib/python3.7/site-packages/airflow/example_dags/example_branch_day_of_week_operator.py took 0.227 seconds
[2022-08-19 01:31:12,533] {processor.py:153} INFO - Started process (PID=80) to work on /home/airflow/.local/lib/python3.7/site-packages/airflow/example_dags/example_branch_day_of_week_operator.py
[2022-08-19 01:31:12,546] {processor.py:641} INFO - Processing file /home/airflow/.local/lib/python3.7/site-packages/airflow/example_dags/example_branch_day_of_week_operator.py for tasks to queue
[2022-08-19 01:31:12,549] {logging_mixin.py:115} INFO - [2022-08-19 01:31:12,548] {dagbag.py:507} INFO - Filling up the DagBag from /home/airflow/.local/lib/python3.7/site-packages/airflow/example_dags/example_branch_day_of_week_operator.py
[2022-08-19 01:31:12,594] {processor.py:651} INFO - DAG(s) dict_keys(['example_weekday_branch_operator']) retrieved from /home/airflow/.local/lib/python3.7/site-packages/airflow/example_dags/example_branch_day_of_week_operator.py
[2022-08-19 01:31:12,726] {logging_mixin.py:115} INFO - [2022-08-19 01:31:12,726] {dag.py:2379} INFO - Sync 1 DAGs
[2022-08-19 01:31:12,852] {logging_mixin.py:115} INFO - [2022-08-19 01:31:12,852] {dag.py:2931} INFO - Setting next_dagrun for example_weekday_branch_operator to 2022-08-18T00:00:00+00:00, run_after=2022-08-19T00:00:00+00:00
[2022-08-19 01:31:12,910] {processor.py:161} INFO - Processing /home/airflow/.local/lib/python3.7/site-packages/airflow/example_dags/example_branch_day_of_week_operator.py took 0.384 seconds
[2022-08-19 01:31:45,793] {processor.py:153} INFO - Started process (PID=137) to work on /home/airflow/.local/lib/python3.7/site-packages/airflow/example_dags/example_branch_day_of_week_operator.py
[2022-08-19 01:31:45,798] {processor.py:641} INFO - Processing file /home/airflow/.local/lib/python3.7/site-packages/airflow/example_dags/example_branch_day_of_week_operator.py for tasks to queue
[2022-08-19 01:31:45,800] {logging_mixin.py:115} INFO - [2022-08-19 01:31:45,799] {dagbag.py:507} INFO - Filling up the DagBag from /home/airflow/.local/lib/python3.7/site-packages/airflow/example_dags/example_branch_day_of_week_operator.py
[2022-08-19 01:31:45,812] {processor.py:651} INFO - DAG(s) dict_keys(['example_weekday_branch_operator']) retrieved from /home/airflow/.local/lib/python3.7/site-packages/airflow/example_dags/example_branch_day_of_week_operator.py
[2022-08-19 01:31:45,867] {logging_mixin.py:115} INFO - [2022-08-19 01:31:45,867] {dag.py:2379} INFO - Sync 1 DAGs
[2022-08-19 01:31:45,944] {logging_mixin.py:115} INFO - [2022-08-19 01:31:45,943] {dag.py:2931} INFO - Setting next_dagrun for example_weekday_branch_operator to 2022-08-18T00:00:00+00:00, run_after=2022-08-19T00:00:00+00:00
[2022-08-19 01:31:45,973] {processor.py:161} INFO - Processing /home/airflow/.local/lib/python3.7/site-packages/airflow/example_dags/example_branch_day_of_week_operator.py took 0.184 seconds
[2022-08-19 01:32:16,208] {processor.py:153} INFO - Started process (PID=193) to work on /home/airflow/.local/lib/python3.7/site-packages/airflow/example_dags/example_branch_day_of_week_operator.py
[2022-08-19 01:32:16,209] {processor.py:641} INFO - Processing file /home/airflow/.local/lib/python3.7/site-packages/airflow/example_dags/example_branch_day_of_week_operator.py for tasks to queue
[2022-08-19 01:32:16,210] {logging_mixin.py:115} INFO - [2022-08-19 01:32:16,210] {dagbag.py:507} INFO - Filling up the DagBag from /home/airflow/.local/lib/python3.7/site-packages/airflow/example_dags/example_branch_day_of_week_operator.py
[2022-08-19 01:32:16,219] {processor.py:651} INFO - DAG(s) dict_keys(['example_weekday_branch_operator']) retrieved from /home/airflow/.local/lib/python3.7/site-packages/airflow/example_dags/example_branch_day_of_week_operator.py
[2022-08-19 01:32:16,243] {logging_mixin.py:115} INFO - [2022-08-19 01:32:16,243] {dag.py:2379} INFO - Sync 1 DAGs
[2022-08-19 01:32:16,267] {logging_mixin.py:115} INFO - [2022-08-19 01:32:16,267] {dag.py:2931} INFO - Setting next_dagrun for example_weekday_branch_operator to 2022-08-18T00:00:00+00:00, run_after=2022-08-19T00:00:00+00:00
[2022-08-19 01:32:16,279] {processor.py:161} INFO - Processing /home/airflow/.local/lib/python3.7/site-packages/airflow/example_dags/example_branch_day_of_week_operator.py took 0.075 seconds
[2022-08-19 13:48:54,133] {processor.py:153} INFO - Started process (PID=96) to work on /home/airflow/.local/lib/python3.7/site-packages/airflow/example_dags/example_branch_day_of_week_operator.py
[2022-08-19 13:48:54,148] {processor.py:641} INFO - Processing file /home/airflow/.local/lib/python3.7/site-packages/airflow/example_dags/example_branch_day_of_week_operator.py for tasks to queue
[2022-08-19 13:48:54,148] {logging_mixin.py:115} INFO - [2022-08-19 13:48:54,148] {dagbag.py:507} INFO - Filling up the DagBag from /home/airflow/.local/lib/python3.7/site-packages/airflow/example_dags/example_branch_day_of_week_operator.py
[2022-08-19 13:48:54,195] {processor.py:651} INFO - DAG(s) dict_keys(['example_weekday_branch_operator']) retrieved from /home/airflow/.local/lib/python3.7/site-packages/airflow/example_dags/example_branch_day_of_week_operator.py
[2022-08-19 13:48:54,264] {logging_mixin.py:115} INFO - [2022-08-19 13:48:54,263] {dag.py:2379} INFO - Sync 1 DAGs
[2022-08-19 13:48:54,340] {logging_mixin.py:115} INFO - [2022-08-19 13:48:54,339] {dag.py:2931} INFO - Setting next_dagrun for example_weekday_branch_operator to 2022-08-18T00:00:00+00:00, run_after=2022-08-19T00:00:00+00:00
[2022-08-19 13:48:54,375] {processor.py:161} INFO - Processing /home/airflow/.local/lib/python3.7/site-packages/airflow/example_dags/example_branch_day_of_week_operator.py took 0.278 seconds
[2022-08-19 13:49:24,567] {processor.py:153} INFO - Started process (PID=148) to work on /home/airflow/.local/lib/python3.7/site-packages/airflow/example_dags/example_branch_day_of_week_operator.py
[2022-08-19 13:49:24,567] {processor.py:641} INFO - Processing file /home/airflow/.local/lib/python3.7/site-packages/airflow/example_dags/example_branch_day_of_week_operator.py for tasks to queue
[2022-08-19 13:49:24,568] {logging_mixin.py:115} INFO - [2022-08-19 13:49:24,568] {dagbag.py:507} INFO - Filling up the DagBag from /home/airflow/.local/lib/python3.7/site-packages/airflow/example_dags/example_branch_day_of_week_operator.py
[2022-08-19 13:49:24,577] {processor.py:651} INFO - DAG(s) dict_keys(['example_weekday_branch_operator']) retrieved from /home/airflow/.local/lib/python3.7/site-packages/airflow/example_dags/example_branch_day_of_week_operator.py
[2022-08-19 13:49:24,622] {logging_mixin.py:115} INFO - [2022-08-19 13:49:24,622] {dag.py:2379} INFO - Sync 1 DAGs
[2022-08-19 13:49:24,685] {logging_mixin.py:115} INFO - [2022-08-19 13:49:24,685] {dag.py:2931} INFO - Setting next_dagrun for example_weekday_branch_operator to 2022-08-18T00:00:00+00:00, run_after=2022-08-19T00:00:00+00:00
[2022-08-19 13:49:24,722] {processor.py:161} INFO - Processing /home/airflow/.local/lib/python3.7/site-packages/airflow/example_dags/example_branch_day_of_week_operator.py took 0.159 seconds
[2022-08-19 13:49:54,874] {processor.py:153} INFO - Started process (PID=201) to work on /home/airflow/.local/lib/python3.7/site-packages/airflow/example_dags/example_branch_day_of_week_operator.py
[2022-08-19 13:49:54,875] {processor.py:641} INFO - Processing file /home/airflow/.local/lib/python3.7/site-packages/airflow/example_dags/example_branch_day_of_week_operator.py for tasks to queue
[2022-08-19 13:49:54,875] {logging_mixin.py:115} INFO - [2022-08-19 13:49:54,875] {dagbag.py:507} INFO - Filling up the DagBag from /home/airflow/.local/lib/python3.7/site-packages/airflow/example_dags/example_branch_day_of_week_operator.py
[2022-08-19 13:49:54,886] {processor.py:651} INFO - DAG(s) dict_keys(['example_weekday_branch_operator']) retrieved from /home/airflow/.local/lib/python3.7/site-packages/airflow/example_dags/example_branch_day_of_week_operator.py
[2022-08-19 13:49:54,924] {logging_mixin.py:115} INFO - [2022-08-19 13:49:54,924] {dag.py:2379} INFO - Sync 1 DAGs
[2022-08-19 13:49:54,962] {logging_mixin.py:115} INFO - [2022-08-19 13:49:54,962] {dag.py:2931} INFO - Setting next_dagrun for example_weekday_branch_operator to 2022-08-18T00:00:00+00:00, run_after=2022-08-19T00:00:00+00:00
[2022-08-19 13:49:54,976] {processor.py:161} INFO - Processing /home/airflow/.local/lib/python3.7/site-packages/airflow/example_dags/example_branch_day_of_week_operator.py took 0.109 seconds
