[2022-08-19 15:37:47,158] {processor.py:153} INFO - Started process (PID=43) to work on /home/airflow/.local/lib/python3.7/site-packages/airflow/example_dags/example_short_circuit_operator.py
[2022-08-19 15:37:47,159] {processor.py:641} INFO - Processing file /home/airflow/.local/lib/python3.7/site-packages/airflow/example_dags/example_short_circuit_operator.py for tasks to queue
[2022-08-19 15:37:47,160] {logging_mixin.py:115} INFO - [2022-08-19 15:37:47,160] {dagbag.py:507} INFO - Filling up the DagBag from /home/airflow/.local/lib/python3.7/site-packages/airflow/example_dags/example_short_circuit_operator.py
[2022-08-19 15:37:47,207] {processor.py:651} INFO - DAG(s) dict_keys(['example_short_circuit_operator']) retrieved from /home/airflow/.local/lib/python3.7/site-packages/airflow/example_dags/example_short_circuit_operator.py
[2022-08-19 15:37:47,270] {logging_mixin.py:115} INFO - [2022-08-19 15:37:47,270] {dag.py:2379} INFO - Sync 1 DAGs
[2022-08-19 15:37:47,474] {logging_mixin.py:115} INFO - [2022-08-19 15:37:47,474] {dag.py:2931} INFO - Setting next_dagrun for example_short_circuit_operator to 2022-08-18T15:37:47.474277+00:00, run_after=2022-08-19T15:37:47.474277+00:00
[2022-08-19 15:37:47,499] {processor.py:161} INFO - Processing /home/airflow/.local/lib/python3.7/site-packages/airflow/example_dags/example_short_circuit_operator.py took 0.345 seconds
[2022-08-19 15:38:18,007] {processor.py:153} INFO - Started process (PID=96) to work on /home/airflow/.local/lib/python3.7/site-packages/airflow/example_dags/example_short_circuit_operator.py
[2022-08-19 15:38:18,008] {processor.py:641} INFO - Processing file /home/airflow/.local/lib/python3.7/site-packages/airflow/example_dags/example_short_circuit_operator.py for tasks to queue
[2022-08-19 15:38:18,009] {logging_mixin.py:115} INFO - [2022-08-19 15:38:18,009] {dagbag.py:507} INFO - Filling up the DagBag from /home/airflow/.local/lib/python3.7/site-packages/airflow/example_dags/example_short_circuit_operator.py
[2022-08-19 15:38:18,024] {processor.py:651} INFO - DAG(s) dict_keys(['example_short_circuit_operator']) retrieved from /home/airflow/.local/lib/python3.7/site-packages/airflow/example_dags/example_short_circuit_operator.py
[2022-08-19 15:38:18,215] {logging_mixin.py:115} INFO - [2022-08-19 15:38:18,215] {dag.py:2379} INFO - Sync 1 DAGs
[2022-08-19 15:38:18,247] {logging_mixin.py:115} INFO - [2022-08-19 15:38:18,247] {dag.py:2931} INFO - Setting next_dagrun for example_short_circuit_operator to 2022-08-18T15:38:18.247113+00:00, run_after=2022-08-19T15:38:18.247113+00:00
[2022-08-19 15:38:18,269] {processor.py:161} INFO - Processing /home/airflow/.local/lib/python3.7/site-packages/airflow/example_dags/example_short_circuit_operator.py took 0.267 seconds
[2022-08-19 15:38:48,900] {processor.py:153} INFO - Started process (PID=161) to work on /home/airflow/.local/lib/python3.7/site-packages/airflow/example_dags/example_short_circuit_operator.py
[2022-08-19 15:38:48,901] {processor.py:641} INFO - Processing file /home/airflow/.local/lib/python3.7/site-packages/airflow/example_dags/example_short_circuit_operator.py for tasks to queue
[2022-08-19 15:38:48,902] {logging_mixin.py:115} INFO - [2022-08-19 15:38:48,901] {dagbag.py:507} INFO - Filling up the DagBag from /home/airflow/.local/lib/python3.7/site-packages/airflow/example_dags/example_short_circuit_operator.py
[2022-08-19 15:38:48,922] {processor.py:651} INFO - DAG(s) dict_keys(['example_short_circuit_operator']) retrieved from /home/airflow/.local/lib/python3.7/site-packages/airflow/example_dags/example_short_circuit_operator.py
[2022-08-19 15:38:49,143] {logging_mixin.py:115} INFO - [2022-08-19 15:38:49,143] {dag.py:2379} INFO - Sync 1 DAGs
[2022-08-19 15:38:49,171] {logging_mixin.py:115} INFO - [2022-08-19 15:38:49,171] {dag.py:2931} INFO - Setting next_dagrun for example_short_circuit_operator to 2022-08-18T15:38:49.171099+00:00, run_after=2022-08-19T15:38:49.171099+00:00
[2022-08-19 15:38:49,192] {processor.py:161} INFO - Processing /home/airflow/.local/lib/python3.7/site-packages/airflow/example_dags/example_short_circuit_operator.py took 0.295 seconds
[2022-08-19 15:39:19,397] {processor.py:153} INFO - Started process (PID=224) to work on /home/airflow/.local/lib/python3.7/site-packages/airflow/example_dags/example_short_circuit_operator.py
[2022-08-19 15:39:19,398] {processor.py:641} INFO - Processing file /home/airflow/.local/lib/python3.7/site-packages/airflow/example_dags/example_short_circuit_operator.py for tasks to queue
[2022-08-19 15:39:19,401] {logging_mixin.py:115} INFO - [2022-08-19 15:39:19,401] {dagbag.py:507} INFO - Filling up the DagBag from /home/airflow/.local/lib/python3.7/site-packages/airflow/example_dags/example_short_circuit_operator.py
[2022-08-19 15:39:19,462] {processor.py:651} INFO - DAG(s) dict_keys(['example_short_circuit_operator']) retrieved from /home/airflow/.local/lib/python3.7/site-packages/airflow/example_dags/example_short_circuit_operator.py
[2022-08-19 15:39:19,687] {logging_mixin.py:115} INFO - [2022-08-19 15:39:19,687] {dag.py:2379} INFO - Sync 1 DAGs
[2022-08-19 15:39:19,709] {logging_mixin.py:115} INFO - [2022-08-19 15:39:19,709] {dag.py:2931} INFO - Setting next_dagrun for example_short_circuit_operator to 2022-08-18T15:39:19.708856+00:00, run_after=2022-08-19T15:39:19.708856+00:00
[2022-08-19 15:39:19,725] {processor.py:161} INFO - Processing /home/airflow/.local/lib/python3.7/site-packages/airflow/example_dags/example_short_circuit_operator.py took 0.340 seconds
[2022-08-19 15:39:50,349] {processor.py:153} INFO - Started process (PID=278) to work on /home/airflow/.local/lib/python3.7/site-packages/airflow/example_dags/example_short_circuit_operator.py
[2022-08-19 15:39:50,353] {processor.py:641} INFO - Processing file /home/airflow/.local/lib/python3.7/site-packages/airflow/example_dags/example_short_circuit_operator.py for tasks to queue
[2022-08-19 15:39:50,354] {logging_mixin.py:115} INFO - [2022-08-19 15:39:50,354] {dagbag.py:507} INFO - Filling up the DagBag from /home/airflow/.local/lib/python3.7/site-packages/airflow/example_dags/example_short_circuit_operator.py
[2022-08-19 15:39:50,376] {processor.py:651} INFO - DAG(s) dict_keys(['example_short_circuit_operator']) retrieved from /home/airflow/.local/lib/python3.7/site-packages/airflow/example_dags/example_short_circuit_operator.py
[2022-08-19 15:39:50,691] {logging_mixin.py:115} INFO - [2022-08-19 15:39:50,690] {dag.py:2379} INFO - Sync 1 DAGs
[2022-08-19 15:39:50,728] {logging_mixin.py:115} INFO - [2022-08-19 15:39:50,728] {dag.py:2931} INFO - Setting next_dagrun for example_short_circuit_operator to 2022-08-18T15:39:50.728631+00:00, run_after=2022-08-19T15:39:50.728631+00:00
[2022-08-19 15:39:50,753] {processor.py:161} INFO - Processing /home/airflow/.local/lib/python3.7/site-packages/airflow/example_dags/example_short_circuit_operator.py took 0.411 seconds
[2022-08-19 15:40:21,567] {processor.py:153} INFO - Started process (PID=343) to work on /home/airflow/.local/lib/python3.7/site-packages/airflow/example_dags/example_short_circuit_operator.py
[2022-08-19 15:40:21,568] {processor.py:641} INFO - Processing file /home/airflow/.local/lib/python3.7/site-packages/airflow/example_dags/example_short_circuit_operator.py for tasks to queue
[2022-08-19 15:40:21,568] {logging_mixin.py:115} INFO - [2022-08-19 15:40:21,568] {dagbag.py:507} INFO - Filling up the DagBag from /home/airflow/.local/lib/python3.7/site-packages/airflow/example_dags/example_short_circuit_operator.py
[2022-08-19 15:40:21,581] {processor.py:651} INFO - DAG(s) dict_keys(['example_short_circuit_operator']) retrieved from /home/airflow/.local/lib/python3.7/site-packages/airflow/example_dags/example_short_circuit_operator.py
[2022-08-19 15:40:21,891] {logging_mixin.py:115} INFO - [2022-08-19 15:40:21,891] {dag.py:2379} INFO - Sync 1 DAGs
[2022-08-19 15:40:21,919] {logging_mixin.py:115} INFO - [2022-08-19 15:40:21,918] {dag.py:2931} INFO - Setting next_dagrun for example_short_circuit_operator to 2022-08-18T15:40:21.918773+00:00, run_after=2022-08-19T15:40:21.918773+00:00
[2022-08-19 15:40:21,946] {processor.py:161} INFO - Processing /home/airflow/.local/lib/python3.7/site-packages/airflow/example_dags/example_short_circuit_operator.py took 0.384 seconds
[2022-08-19 15:40:52,623] {processor.py:153} INFO - Started process (PID=395) to work on /home/airflow/.local/lib/python3.7/site-packages/airflow/example_dags/example_short_circuit_operator.py
[2022-08-19 15:40:52,631] {processor.py:641} INFO - Processing file /home/airflow/.local/lib/python3.7/site-packages/airflow/example_dags/example_short_circuit_operator.py for tasks to queue
[2022-08-19 15:40:52,632] {logging_mixin.py:115} INFO - [2022-08-19 15:40:52,632] {dagbag.py:507} INFO - Filling up the DagBag from /home/airflow/.local/lib/python3.7/site-packages/airflow/example_dags/example_short_circuit_operator.py
[2022-08-19 15:40:52,663] {processor.py:651} INFO - DAG(s) dict_keys(['example_short_circuit_operator']) retrieved from /home/airflow/.local/lib/python3.7/site-packages/airflow/example_dags/example_short_circuit_operator.py
[2022-08-19 15:40:52,876] {logging_mixin.py:115} INFO - [2022-08-19 15:40:52,876] {dag.py:2379} INFO - Sync 1 DAGs
[2022-08-19 15:40:52,900] {logging_mixin.py:115} INFO - [2022-08-19 15:40:52,900] {dag.py:2931} INFO - Setting next_dagrun for example_short_circuit_operator to 2022-08-18T15:40:52.900226+00:00, run_after=2022-08-19T15:40:52.900226+00:00
[2022-08-19 15:40:53,055] {processor.py:161} INFO - Processing /home/airflow/.local/lib/python3.7/site-packages/airflow/example_dags/example_short_circuit_operator.py took 0.442 seconds
[2022-08-19 15:41:23,907] {processor.py:153} INFO - Started process (PID=458) to work on /home/airflow/.local/lib/python3.7/site-packages/airflow/example_dags/example_short_circuit_operator.py
[2022-08-19 15:41:23,908] {processor.py:641} INFO - Processing file /home/airflow/.local/lib/python3.7/site-packages/airflow/example_dags/example_short_circuit_operator.py for tasks to queue
[2022-08-19 15:41:23,908] {logging_mixin.py:115} INFO - [2022-08-19 15:41:23,908] {dagbag.py:507} INFO - Filling up the DagBag from /home/airflow/.local/lib/python3.7/site-packages/airflow/example_dags/example_short_circuit_operator.py
[2022-08-19 15:41:23,917] {processor.py:651} INFO - DAG(s) dict_keys(['example_short_circuit_operator']) retrieved from /home/airflow/.local/lib/python3.7/site-packages/airflow/example_dags/example_short_circuit_operator.py
[2022-08-19 15:41:24,088] {logging_mixin.py:115} INFO - [2022-08-19 15:41:24,088] {dag.py:2379} INFO - Sync 1 DAGs
[2022-08-19 15:41:24,117] {logging_mixin.py:115} INFO - [2022-08-19 15:41:24,117] {dag.py:2931} INFO - Setting next_dagrun for example_short_circuit_operator to 2022-08-18T15:41:24.117133+00:00, run_after=2022-08-19T15:41:24.117133+00:00
[2022-08-19 15:41:24,135] {processor.py:161} INFO - Processing /home/airflow/.local/lib/python3.7/site-packages/airflow/example_dags/example_short_circuit_operator.py took 0.231 seconds
[2022-08-19 15:41:54,248] {processor.py:153} INFO - Started process (PID=524) to work on /home/airflow/.local/lib/python3.7/site-packages/airflow/example_dags/example_short_circuit_operator.py
[2022-08-19 15:41:54,249] {processor.py:641} INFO - Processing file /home/airflow/.local/lib/python3.7/site-packages/airflow/example_dags/example_short_circuit_operator.py for tasks to queue
[2022-08-19 15:41:54,250] {logging_mixin.py:115} INFO - [2022-08-19 15:41:54,250] {dagbag.py:507} INFO - Filling up the DagBag from /home/airflow/.local/lib/python3.7/site-packages/airflow/example_dags/example_short_circuit_operator.py
[2022-08-19 15:41:54,262] {processor.py:651} INFO - DAG(s) dict_keys(['example_short_circuit_operator']) retrieved from /home/airflow/.local/lib/python3.7/site-packages/airflow/example_dags/example_short_circuit_operator.py
[2022-08-19 15:41:54,398] {logging_mixin.py:115} INFO - [2022-08-19 15:41:54,398] {dag.py:2379} INFO - Sync 1 DAGs
[2022-08-19 15:41:54,417] {logging_mixin.py:115} INFO - [2022-08-19 15:41:54,417] {dag.py:2931} INFO - Setting next_dagrun for example_short_circuit_operator to 2022-08-18T15:41:54.416987+00:00, run_after=2022-08-19T15:41:54.416987+00:00
[2022-08-19 15:41:54,429] {processor.py:161} INFO - Processing /home/airflow/.local/lib/python3.7/site-packages/airflow/example_dags/example_short_circuit_operator.py took 0.183 seconds
[2022-08-19 15:42:25,082] {processor.py:153} INFO - Started process (PID=578) to work on /home/airflow/.local/lib/python3.7/site-packages/airflow/example_dags/example_short_circuit_operator.py
[2022-08-19 15:42:25,082] {processor.py:641} INFO - Processing file /home/airflow/.local/lib/python3.7/site-packages/airflow/example_dags/example_short_circuit_operator.py for tasks to queue
[2022-08-19 15:42:25,083] {logging_mixin.py:115} INFO - [2022-08-19 15:42:25,083] {dagbag.py:507} INFO - Filling up the DagBag from /home/airflow/.local/lib/python3.7/site-packages/airflow/example_dags/example_short_circuit_operator.py
[2022-08-19 15:42:25,094] {processor.py:651} INFO - DAG(s) dict_keys(['example_short_circuit_operator']) retrieved from /home/airflow/.local/lib/python3.7/site-packages/airflow/example_dags/example_short_circuit_operator.py
[2022-08-19 15:42:25,284] {logging_mixin.py:115} INFO - [2022-08-19 15:42:25,283] {dag.py:2379} INFO - Sync 1 DAGs
[2022-08-19 15:42:25,319] {logging_mixin.py:115} INFO - [2022-08-19 15:42:25,319] {dag.py:2931} INFO - Setting next_dagrun for example_short_circuit_operator to 2022-08-18T15:42:25.318449+00:00, run_after=2022-08-19T15:42:25.318449+00:00
[2022-08-19 15:42:25,340] {processor.py:161} INFO - Processing /home/airflow/.local/lib/python3.7/site-packages/airflow/example_dags/example_short_circuit_operator.py took 0.262 seconds
[2022-08-19 15:42:55,462] {processor.py:153} INFO - Started process (PID=640) to work on /home/airflow/.local/lib/python3.7/site-packages/airflow/example_dags/example_short_circuit_operator.py
[2022-08-19 15:42:55,462] {processor.py:641} INFO - Processing file /home/airflow/.local/lib/python3.7/site-packages/airflow/example_dags/example_short_circuit_operator.py for tasks to queue
[2022-08-19 15:42:55,463] {logging_mixin.py:115} INFO - [2022-08-19 15:42:55,463] {dagbag.py:507} INFO - Filling up the DagBag from /home/airflow/.local/lib/python3.7/site-packages/airflow/example_dags/example_short_circuit_operator.py
[2022-08-19 15:42:55,479] {processor.py:651} INFO - DAG(s) dict_keys(['example_short_circuit_operator']) retrieved from /home/airflow/.local/lib/python3.7/site-packages/airflow/example_dags/example_short_circuit_operator.py
[2022-08-19 15:42:55,653] {logging_mixin.py:115} INFO - [2022-08-19 15:42:55,653] {dag.py:2379} INFO - Sync 1 DAGs
[2022-08-19 15:42:55,678] {logging_mixin.py:115} INFO - [2022-08-19 15:42:55,678] {dag.py:2931} INFO - Setting next_dagrun for example_short_circuit_operator to 2022-08-18T15:42:55.678349+00:00, run_after=2022-08-19T15:42:55.678349+00:00
[2022-08-19 15:42:55,696] {processor.py:161} INFO - Processing /home/airflow/.local/lib/python3.7/site-packages/airflow/example_dags/example_short_circuit_operator.py took 0.242 seconds
[2022-08-19 15:43:57,596] {processor.py:153} INFO - Started process (PID=41) to work on /home/airflow/.local/lib/python3.7/site-packages/airflow/example_dags/example_short_circuit_operator.py
[2022-08-19 15:43:57,596] {processor.py:641} INFO - Processing file /home/airflow/.local/lib/python3.7/site-packages/airflow/example_dags/example_short_circuit_operator.py for tasks to queue
[2022-08-19 15:43:57,597] {logging_mixin.py:115} INFO - [2022-08-19 15:43:57,597] {dagbag.py:507} INFO - Filling up the DagBag from /home/airflow/.local/lib/python3.7/site-packages/airflow/example_dags/example_short_circuit_operator.py
[2022-08-19 15:43:57,608] {processor.py:651} INFO - DAG(s) dict_keys(['example_short_circuit_operator']) retrieved from /home/airflow/.local/lib/python3.7/site-packages/airflow/example_dags/example_short_circuit_operator.py
[2022-08-19 15:43:57,643] {logging_mixin.py:115} INFO - [2022-08-19 15:43:57,643] {dag.py:2379} INFO - Sync 1 DAGs
[2022-08-19 15:43:57,673] {logging_mixin.py:115} INFO - [2022-08-19 15:43:57,672] {dag.py:2931} INFO - Setting next_dagrun for example_short_circuit_operator to 2022-08-18T15:43:57.672745+00:00, run_after=2022-08-19T15:43:57.672745+00:00
[2022-08-19 15:43:57,704] {processor.py:161} INFO - Processing /home/airflow/.local/lib/python3.7/site-packages/airflow/example_dags/example_short_circuit_operator.py took 0.115 seconds
[2022-08-19 15:44:28,400] {processor.py:153} INFO - Started process (PID=98) to work on /home/airflow/.local/lib/python3.7/site-packages/airflow/example_dags/example_short_circuit_operator.py
[2022-08-19 15:44:28,401] {processor.py:641} INFO - Processing file /home/airflow/.local/lib/python3.7/site-packages/airflow/example_dags/example_short_circuit_operator.py for tasks to queue
[2022-08-19 15:44:28,403] {logging_mixin.py:115} INFO - [2022-08-19 15:44:28,403] {dagbag.py:507} INFO - Filling up the DagBag from /home/airflow/.local/lib/python3.7/site-packages/airflow/example_dags/example_short_circuit_operator.py
[2022-08-19 15:44:28,443] {processor.py:651} INFO - DAG(s) dict_keys(['example_short_circuit_operator']) retrieved from /home/airflow/.local/lib/python3.7/site-packages/airflow/example_dags/example_short_circuit_operator.py
[2022-08-19 15:44:28,491] {logging_mixin.py:115} INFO - [2022-08-19 15:44:28,490] {dag.py:2379} INFO - Sync 1 DAGs
[2022-08-19 15:44:28,523] {logging_mixin.py:115} INFO - [2022-08-19 15:44:28,523] {dag.py:2931} INFO - Setting next_dagrun for example_short_circuit_operator to 2022-08-18T15:44:28.522928+00:00, run_after=2022-08-19T15:44:28.522928+00:00
[2022-08-19 15:44:28,546] {processor.py:161} INFO - Processing /home/airflow/.local/lib/python3.7/site-packages/airflow/example_dags/example_short_circuit_operator.py took 0.159 seconds
[2022-08-19 16:13:48,059] {processor.py:153} INFO - Started process (PID=34) to work on /home/airflow/.local/lib/python3.7/site-packages/airflow/example_dags/example_short_circuit_operator.py
[2022-08-19 16:13:48,074] {processor.py:641} INFO - Processing file /home/airflow/.local/lib/python3.7/site-packages/airflow/example_dags/example_short_circuit_operator.py for tasks to queue
[2022-08-19 16:13:48,075] {logging_mixin.py:115} INFO - [2022-08-19 16:13:48,075] {dagbag.py:507} INFO - Filling up the DagBag from /home/airflow/.local/lib/python3.7/site-packages/airflow/example_dags/example_short_circuit_operator.py
[2022-08-19 16:13:48,085] {processor.py:651} INFO - DAG(s) dict_keys(['example_short_circuit_operator']) retrieved from /home/airflow/.local/lib/python3.7/site-packages/airflow/example_dags/example_short_circuit_operator.py
[2022-08-19 16:13:48,154] {logging_mixin.py:115} INFO - [2022-08-19 16:13:48,154] {dag.py:2379} INFO - Sync 1 DAGs
[2022-08-19 16:13:48,197] {logging_mixin.py:115} INFO - [2022-08-19 16:13:48,197] {dag.py:2931} INFO - Setting next_dagrun for example_short_circuit_operator to 2022-08-18T16:13:48.197375+00:00, run_after=2022-08-19T16:13:48.197375+00:00
[2022-08-19 16:13:48,216] {processor.py:161} INFO - Processing /home/airflow/.local/lib/python3.7/site-packages/airflow/example_dags/example_short_circuit_operator.py took 0.164 seconds
[2022-08-19 16:14:18,404] {processor.py:153} INFO - Started process (PID=96) to work on /home/airflow/.local/lib/python3.7/site-packages/airflow/example_dags/example_short_circuit_operator.py
[2022-08-19 16:14:18,405] {processor.py:641} INFO - Processing file /home/airflow/.local/lib/python3.7/site-packages/airflow/example_dags/example_short_circuit_operator.py for tasks to queue
[2022-08-19 16:14:18,406] {logging_mixin.py:115} INFO - [2022-08-19 16:14:18,406] {dagbag.py:507} INFO - Filling up the DagBag from /home/airflow/.local/lib/python3.7/site-packages/airflow/example_dags/example_short_circuit_operator.py
[2022-08-19 16:14:18,434] {processor.py:651} INFO - DAG(s) dict_keys(['example_short_circuit_operator']) retrieved from /home/airflow/.local/lib/python3.7/site-packages/airflow/example_dags/example_short_circuit_operator.py
[2022-08-19 16:14:18,463] {logging_mixin.py:115} INFO - [2022-08-19 16:14:18,463] {dag.py:2379} INFO - Sync 1 DAGs
[2022-08-19 16:14:18,489] {logging_mixin.py:115} INFO - [2022-08-19 16:14:18,489] {dag.py:2931} INFO - Setting next_dagrun for example_short_circuit_operator to 2022-08-18T16:14:18.489563+00:00, run_after=2022-08-19T16:14:18.489563+00:00
[2022-08-19 16:14:18,508] {processor.py:161} INFO - Processing /home/airflow/.local/lib/python3.7/site-packages/airflow/example_dags/example_short_circuit_operator.py took 0.107 seconds
[2022-08-19 16:14:48,687] {processor.py:153} INFO - Started process (PID=150) to work on /home/airflow/.local/lib/python3.7/site-packages/airflow/example_dags/example_short_circuit_operator.py
[2022-08-19 16:14:48,688] {processor.py:641} INFO - Processing file /home/airflow/.local/lib/python3.7/site-packages/airflow/example_dags/example_short_circuit_operator.py for tasks to queue
[2022-08-19 16:14:48,689] {logging_mixin.py:115} INFO - [2022-08-19 16:14:48,688] {dagbag.py:507} INFO - Filling up the DagBag from /home/airflow/.local/lib/python3.7/site-packages/airflow/example_dags/example_short_circuit_operator.py
[2022-08-19 16:14:48,703] {processor.py:651} INFO - DAG(s) dict_keys(['example_short_circuit_operator']) retrieved from /home/airflow/.local/lib/python3.7/site-packages/airflow/example_dags/example_short_circuit_operator.py
[2022-08-19 16:14:48,744] {logging_mixin.py:115} INFO - [2022-08-19 16:14:48,744] {dag.py:2379} INFO - Sync 1 DAGs
[2022-08-19 16:14:48,777] {logging_mixin.py:115} INFO - [2022-08-19 16:14:48,777] {dag.py:2931} INFO - Setting next_dagrun for example_short_circuit_operator to 2022-08-18T16:14:48.776872+00:00, run_after=2022-08-19T16:14:48.776872+00:00
[2022-08-19 16:14:48,799] {processor.py:161} INFO - Processing /home/airflow/.local/lib/python3.7/site-packages/airflow/example_dags/example_short_circuit_operator.py took 0.116 seconds
[2022-08-19 16:15:19,520] {processor.py:153} INFO - Started process (PID=213) to work on /home/airflow/.local/lib/python3.7/site-packages/airflow/example_dags/example_short_circuit_operator.py
[2022-08-19 16:15:19,520] {processor.py:641} INFO - Processing file /home/airflow/.local/lib/python3.7/site-packages/airflow/example_dags/example_short_circuit_operator.py for tasks to queue
[2022-08-19 16:15:19,530] {logging_mixin.py:115} INFO - [2022-08-19 16:15:19,530] {dagbag.py:507} INFO - Filling up the DagBag from /home/airflow/.local/lib/python3.7/site-packages/airflow/example_dags/example_short_circuit_operator.py
[2022-08-19 16:15:19,581] {processor.py:651} INFO - DAG(s) dict_keys(['example_short_circuit_operator']) retrieved from /home/airflow/.local/lib/python3.7/site-packages/airflow/example_dags/example_short_circuit_operator.py
[2022-08-19 16:15:19,679] {logging_mixin.py:115} INFO - [2022-08-19 16:15:19,678] {dag.py:2379} INFO - Sync 1 DAGs
[2022-08-19 16:15:19,749] {logging_mixin.py:115} INFO - [2022-08-19 16:15:19,749] {dag.py:2931} INFO - Setting next_dagrun for example_short_circuit_operator to 2022-08-18T16:15:19.749059+00:00, run_after=2022-08-19T16:15:19.749059+00:00
[2022-08-19 16:15:19,808] {processor.py:161} INFO - Processing /home/airflow/.local/lib/python3.7/site-packages/airflow/example_dags/example_short_circuit_operator.py took 0.292 seconds
[2022-08-19 16:15:49,971] {processor.py:153} INFO - Started process (PID=266) to work on /home/airflow/.local/lib/python3.7/site-packages/airflow/example_dags/example_short_circuit_operator.py
[2022-08-19 16:15:49,973] {processor.py:641} INFO - Processing file /home/airflow/.local/lib/python3.7/site-packages/airflow/example_dags/example_short_circuit_operator.py for tasks to queue
[2022-08-19 16:15:49,974] {logging_mixin.py:115} INFO - [2022-08-19 16:15:49,974] {dagbag.py:507} INFO - Filling up the DagBag from /home/airflow/.local/lib/python3.7/site-packages/airflow/example_dags/example_short_circuit_operator.py
[2022-08-19 16:15:50,011] {processor.py:651} INFO - DAG(s) dict_keys(['example_short_circuit_operator']) retrieved from /home/airflow/.local/lib/python3.7/site-packages/airflow/example_dags/example_short_circuit_operator.py
[2022-08-19 16:15:50,125] {logging_mixin.py:115} INFO - [2022-08-19 16:15:50,124] {dag.py:2379} INFO - Sync 1 DAGs
[2022-08-19 16:15:50,187] {logging_mixin.py:115} INFO - [2022-08-19 16:15:50,187] {dag.py:2931} INFO - Setting next_dagrun for example_short_circuit_operator to 2022-08-18T16:15:50.187479+00:00, run_after=2022-08-19T16:15:50.187479+00:00
[2022-08-19 16:15:50,206] {processor.py:161} INFO - Processing /home/airflow/.local/lib/python3.7/site-packages/airflow/example_dags/example_short_circuit_operator.py took 0.246 seconds
[2022-08-19 16:16:20,451] {processor.py:153} INFO - Started process (PID=327) to work on /home/airflow/.local/lib/python3.7/site-packages/airflow/example_dags/example_short_circuit_operator.py
[2022-08-19 16:16:20,452] {processor.py:641} INFO - Processing file /home/airflow/.local/lib/python3.7/site-packages/airflow/example_dags/example_short_circuit_operator.py for tasks to queue
[2022-08-19 16:16:20,452] {logging_mixin.py:115} INFO - [2022-08-19 16:16:20,452] {dagbag.py:507} INFO - Filling up the DagBag from /home/airflow/.local/lib/python3.7/site-packages/airflow/example_dags/example_short_circuit_operator.py
[2022-08-19 16:16:20,462] {processor.py:651} INFO - DAG(s) dict_keys(['example_short_circuit_operator']) retrieved from /home/airflow/.local/lib/python3.7/site-packages/airflow/example_dags/example_short_circuit_operator.py
[2022-08-19 16:16:20,487] {logging_mixin.py:115} INFO - [2022-08-19 16:16:20,487] {dag.py:2379} INFO - Sync 1 DAGs
[2022-08-19 16:16:20,510] {logging_mixin.py:115} INFO - [2022-08-19 16:16:20,510] {dag.py:2931} INFO - Setting next_dagrun for example_short_circuit_operator to 2022-08-18T16:16:20.510130+00:00, run_after=2022-08-19T16:16:20.510130+00:00
[2022-08-19 16:16:20,530] {processor.py:161} INFO - Processing /home/airflow/.local/lib/python3.7/site-packages/airflow/example_dags/example_short_circuit_operator.py took 0.082 seconds
[2022-08-19 16:16:51,216] {processor.py:153} INFO - Started process (PID=382) to work on /home/airflow/.local/lib/python3.7/site-packages/airflow/example_dags/example_short_circuit_operator.py
[2022-08-19 16:16:51,217] {processor.py:641} INFO - Processing file /home/airflow/.local/lib/python3.7/site-packages/airflow/example_dags/example_short_circuit_operator.py for tasks to queue
[2022-08-19 16:16:51,217] {logging_mixin.py:115} INFO - [2022-08-19 16:16:51,217] {dagbag.py:507} INFO - Filling up the DagBag from /home/airflow/.local/lib/python3.7/site-packages/airflow/example_dags/example_short_circuit_operator.py
[2022-08-19 16:16:51,233] {processor.py:651} INFO - DAG(s) dict_keys(['example_short_circuit_operator']) retrieved from /home/airflow/.local/lib/python3.7/site-packages/airflow/example_dags/example_short_circuit_operator.py
[2022-08-19 16:16:51,262] {logging_mixin.py:115} INFO - [2022-08-19 16:16:51,262] {dag.py:2379} INFO - Sync 1 DAGs
[2022-08-19 16:16:51,307] {logging_mixin.py:115} INFO - [2022-08-19 16:16:51,306] {dag.py:2931} INFO - Setting next_dagrun for example_short_circuit_operator to 2022-08-18T16:16:51.306716+00:00, run_after=2022-08-19T16:16:51.306716+00:00
[2022-08-19 16:16:51,324] {processor.py:161} INFO - Processing /home/airflow/.local/lib/python3.7/site-packages/airflow/example_dags/example_short_circuit_operator.py took 0.111 seconds
[2022-08-19 16:17:21,824] {processor.py:153} INFO - Started process (PID=445) to work on /home/airflow/.local/lib/python3.7/site-packages/airflow/example_dags/example_short_circuit_operator.py
[2022-08-19 16:17:21,824] {processor.py:641} INFO - Processing file /home/airflow/.local/lib/python3.7/site-packages/airflow/example_dags/example_short_circuit_operator.py for tasks to queue
[2022-08-19 16:17:21,825] {logging_mixin.py:115} INFO - [2022-08-19 16:17:21,825] {dagbag.py:507} INFO - Filling up the DagBag from /home/airflow/.local/lib/python3.7/site-packages/airflow/example_dags/example_short_circuit_operator.py
[2022-08-19 16:17:21,833] {processor.py:651} INFO - DAG(s) dict_keys(['example_short_circuit_operator']) retrieved from /home/airflow/.local/lib/python3.7/site-packages/airflow/example_dags/example_short_circuit_operator.py
[2022-08-19 16:17:21,876] {logging_mixin.py:115} INFO - [2022-08-19 16:17:21,876] {dag.py:2379} INFO - Sync 1 DAGs
[2022-08-19 16:17:21,898] {logging_mixin.py:115} INFO - [2022-08-19 16:17:21,898] {dag.py:2931} INFO - Setting next_dagrun for example_short_circuit_operator to 2022-08-18T16:17:21.898488+00:00, run_after=2022-08-19T16:17:21.898488+00:00
[2022-08-19 16:17:21,914] {processor.py:161} INFO - Processing /home/airflow/.local/lib/python3.7/site-packages/airflow/example_dags/example_short_circuit_operator.py took 0.094 seconds
[2022-08-19 16:24:18,190] {processor.py:153} INFO - Started process (PID=43) to work on /home/airflow/.local/lib/python3.7/site-packages/airflow/example_dags/example_short_circuit_operator.py
[2022-08-19 16:24:18,213] {processor.py:641} INFO - Processing file /home/airflow/.local/lib/python3.7/site-packages/airflow/example_dags/example_short_circuit_operator.py for tasks to queue
[2022-08-19 16:24:18,221] {logging_mixin.py:115} INFO - [2022-08-19 16:24:18,220] {dagbag.py:507} INFO - Filling up the DagBag from /home/airflow/.local/lib/python3.7/site-packages/airflow/example_dags/example_short_circuit_operator.py
[2022-08-19 16:24:18,271] {processor.py:651} INFO - DAG(s) dict_keys(['example_short_circuit_operator']) retrieved from /home/airflow/.local/lib/python3.7/site-packages/airflow/example_dags/example_short_circuit_operator.py
[2022-08-19 16:24:18,332] {logging_mixin.py:115} INFO - [2022-08-19 16:24:18,332] {dag.py:2379} INFO - Sync 1 DAGs
[2022-08-19 16:24:18,384] {logging_mixin.py:115} INFO - [2022-08-19 16:24:18,384] {dag.py:2931} INFO - Setting next_dagrun for example_short_circuit_operator to 2022-08-18T16:24:18.383932+00:00, run_after=2022-08-19T16:24:18.383932+00:00
[2022-08-19 16:24:18,421] {processor.py:161} INFO - Processing /home/airflow/.local/lib/python3.7/site-packages/airflow/example_dags/example_short_circuit_operator.py took 0.238 seconds
[2022-08-19 16:24:48,663] {processor.py:153} INFO - Started process (PID=95) to work on /home/airflow/.local/lib/python3.7/site-packages/airflow/example_dags/example_short_circuit_operator.py
[2022-08-19 16:24:48,664] {processor.py:641} INFO - Processing file /home/airflow/.local/lib/python3.7/site-packages/airflow/example_dags/example_short_circuit_operator.py for tasks to queue
[2022-08-19 16:24:48,664] {logging_mixin.py:115} INFO - [2022-08-19 16:24:48,664] {dagbag.py:507} INFO - Filling up the DagBag from /home/airflow/.local/lib/python3.7/site-packages/airflow/example_dags/example_short_circuit_operator.py
[2022-08-19 16:24:48,683] {processor.py:651} INFO - DAG(s) dict_keys(['example_short_circuit_operator']) retrieved from /home/airflow/.local/lib/python3.7/site-packages/airflow/example_dags/example_short_circuit_operator.py
[2022-08-19 16:24:48,738] {logging_mixin.py:115} INFO - [2022-08-19 16:24:48,738] {dag.py:2379} INFO - Sync 1 DAGs
[2022-08-19 16:24:48,782] {logging_mixin.py:115} INFO - [2022-08-19 16:24:48,782] {dag.py:2931} INFO - Setting next_dagrun for example_short_circuit_operator to 2022-08-18T16:24:48.782304+00:00, run_after=2022-08-19T16:24:48.782304+00:00
[2022-08-19 16:24:48,809] {processor.py:161} INFO - Processing /home/airflow/.local/lib/python3.7/site-packages/airflow/example_dags/example_short_circuit_operator.py took 0.151 seconds
[2022-08-19 16:25:19,208] {processor.py:153} INFO - Started process (PID=158) to work on /home/airflow/.local/lib/python3.7/site-packages/airflow/example_dags/example_short_circuit_operator.py
[2022-08-19 16:25:19,210] {processor.py:641} INFO - Processing file /home/airflow/.local/lib/python3.7/site-packages/airflow/example_dags/example_short_circuit_operator.py for tasks to queue
[2022-08-19 16:25:19,211] {logging_mixin.py:115} INFO - [2022-08-19 16:25:19,211] {dagbag.py:507} INFO - Filling up the DagBag from /home/airflow/.local/lib/python3.7/site-packages/airflow/example_dags/example_short_circuit_operator.py
[2022-08-19 16:25:19,224] {processor.py:651} INFO - DAG(s) dict_keys(['example_short_circuit_operator']) retrieved from /home/airflow/.local/lib/python3.7/site-packages/airflow/example_dags/example_short_circuit_operator.py
[2022-08-19 16:25:19,258] {logging_mixin.py:115} INFO - [2022-08-19 16:25:19,258] {dag.py:2379} INFO - Sync 1 DAGs
[2022-08-19 16:25:19,295] {logging_mixin.py:115} INFO - [2022-08-19 16:25:19,294] {dag.py:2931} INFO - Setting next_dagrun for example_short_circuit_operator to 2022-08-18T16:25:19.294510+00:00, run_after=2022-08-19T16:25:19.294510+00:00
[2022-08-19 16:25:19,322] {processor.py:161} INFO - Processing /home/airflow/.local/lib/python3.7/site-packages/airflow/example_dags/example_short_circuit_operator.py took 0.117 seconds
[2022-08-19 16:25:49,422] {processor.py:153} INFO - Started process (PID=212) to work on /home/airflow/.local/lib/python3.7/site-packages/airflow/example_dags/example_short_circuit_operator.py
[2022-08-19 16:25:49,422] {processor.py:641} INFO - Processing file /home/airflow/.local/lib/python3.7/site-packages/airflow/example_dags/example_short_circuit_operator.py for tasks to queue
[2022-08-19 16:25:49,423] {logging_mixin.py:115} INFO - [2022-08-19 16:25:49,423] {dagbag.py:507} INFO - Filling up the DagBag from /home/airflow/.local/lib/python3.7/site-packages/airflow/example_dags/example_short_circuit_operator.py
[2022-08-19 16:25:49,432] {processor.py:651} INFO - DAG(s) dict_keys(['example_short_circuit_operator']) retrieved from /home/airflow/.local/lib/python3.7/site-packages/airflow/example_dags/example_short_circuit_operator.py
[2022-08-19 16:25:49,472] {logging_mixin.py:115} INFO - [2022-08-19 16:25:49,472] {dag.py:2379} INFO - Sync 1 DAGs
[2022-08-19 16:25:49,498] {logging_mixin.py:115} INFO - [2022-08-19 16:25:49,498] {dag.py:2931} INFO - Setting next_dagrun for example_short_circuit_operator to 2022-08-18T16:25:49.498029+00:00, run_after=2022-08-19T16:25:49.498029+00:00
[2022-08-19 16:25:49,515] {processor.py:161} INFO - Processing /home/airflow/.local/lib/python3.7/site-packages/airflow/example_dags/example_short_circuit_operator.py took 0.097 seconds
[2022-08-19 16:26:19,995] {processor.py:153} INFO - Started process (PID=276) to work on /home/airflow/.local/lib/python3.7/site-packages/airflow/example_dags/example_short_circuit_operator.py
[2022-08-19 16:26:19,996] {processor.py:641} INFO - Processing file /home/airflow/.local/lib/python3.7/site-packages/airflow/example_dags/example_short_circuit_operator.py for tasks to queue
[2022-08-19 16:26:19,996] {logging_mixin.py:115} INFO - [2022-08-19 16:26:19,996] {dagbag.py:507} INFO - Filling up the DagBag from /home/airflow/.local/lib/python3.7/site-packages/airflow/example_dags/example_short_circuit_operator.py
[2022-08-19 16:26:20,006] {processor.py:651} INFO - DAG(s) dict_keys(['example_short_circuit_operator']) retrieved from /home/airflow/.local/lib/python3.7/site-packages/airflow/example_dags/example_short_circuit_operator.py
[2022-08-19 16:26:20,038] {logging_mixin.py:115} INFO - [2022-08-19 16:26:20,038] {dag.py:2379} INFO - Sync 1 DAGs
[2022-08-19 16:26:20,066] {logging_mixin.py:115} INFO - [2022-08-19 16:26:20,066] {dag.py:2931} INFO - Setting next_dagrun for example_short_circuit_operator to 2022-08-18T16:26:20.066274+00:00, run_after=2022-08-19T16:26:20.066274+00:00
[2022-08-19 16:26:20,085] {processor.py:161} INFO - Processing /home/airflow/.local/lib/python3.7/site-packages/airflow/example_dags/example_short_circuit_operator.py took 0.093 seconds
[2022-08-19 16:31:09,186] {processor.py:153} INFO - Started process (PID=41) to work on /home/airflow/.local/lib/python3.7/site-packages/airflow/example_dags/example_short_circuit_operator.py
[2022-08-19 16:31:09,195] {processor.py:641} INFO - Processing file /home/airflow/.local/lib/python3.7/site-packages/airflow/example_dags/example_short_circuit_operator.py for tasks to queue
[2022-08-19 16:31:09,218] {logging_mixin.py:115} INFO - [2022-08-19 16:31:09,218] {dagbag.py:507} INFO - Filling up the DagBag from /home/airflow/.local/lib/python3.7/site-packages/airflow/example_dags/example_short_circuit_operator.py
[2022-08-19 16:31:09,300] {processor.py:651} INFO - DAG(s) dict_keys(['example_short_circuit_operator']) retrieved from /home/airflow/.local/lib/python3.7/site-packages/airflow/example_dags/example_short_circuit_operator.py
[2022-08-19 16:31:09,439] {logging_mixin.py:115} INFO - [2022-08-19 16:31:09,439] {dag.py:2379} INFO - Sync 1 DAGs
[2022-08-19 16:31:09,543] {logging_mixin.py:115} INFO - [2022-08-19 16:31:09,542] {dag.py:2931} INFO - Setting next_dagrun for example_short_circuit_operator to 2022-08-18T16:31:09.542749+00:00, run_after=2022-08-19T16:31:09.542749+00:00
[2022-08-19 16:31:09,600] {processor.py:161} INFO - Processing /home/airflow/.local/lib/python3.7/site-packages/airflow/example_dags/example_short_circuit_operator.py took 0.426 seconds
[2022-08-19 16:31:40,189] {processor.py:153} INFO - Started process (PID=96) to work on /home/airflow/.local/lib/python3.7/site-packages/airflow/example_dags/example_short_circuit_operator.py
[2022-08-19 16:31:40,190] {processor.py:641} INFO - Processing file /home/airflow/.local/lib/python3.7/site-packages/airflow/example_dags/example_short_circuit_operator.py for tasks to queue
[2022-08-19 16:31:40,190] {logging_mixin.py:115} INFO - [2022-08-19 16:31:40,190] {dagbag.py:507} INFO - Filling up the DagBag from /home/airflow/.local/lib/python3.7/site-packages/airflow/example_dags/example_short_circuit_operator.py
[2022-08-19 16:31:40,199] {processor.py:651} INFO - DAG(s) dict_keys(['example_short_circuit_operator']) retrieved from /home/airflow/.local/lib/python3.7/site-packages/airflow/example_dags/example_short_circuit_operator.py
[2022-08-19 16:31:40,225] {logging_mixin.py:115} INFO - [2022-08-19 16:31:40,225] {dag.py:2379} INFO - Sync 1 DAGs
[2022-08-19 16:31:40,249] {logging_mixin.py:115} INFO - [2022-08-19 16:31:40,249] {dag.py:2931} INFO - Setting next_dagrun for example_short_circuit_operator to 2022-08-18T16:31:40.248937+00:00, run_after=2022-08-19T16:31:40.248937+00:00
[2022-08-19 16:31:40,270] {processor.py:161} INFO - Processing /home/airflow/.local/lib/python3.7/site-packages/airflow/example_dags/example_short_circuit_operator.py took 0.083 seconds
[2022-08-19 16:32:10,473] {processor.py:153} INFO - Started process (PID=149) to work on /home/airflow/.local/lib/python3.7/site-packages/airflow/example_dags/example_short_circuit_operator.py
[2022-08-19 16:32:10,474] {processor.py:641} INFO - Processing file /home/airflow/.local/lib/python3.7/site-packages/airflow/example_dags/example_short_circuit_operator.py for tasks to queue
[2022-08-19 16:32:10,475] {logging_mixin.py:115} INFO - [2022-08-19 16:32:10,475] {dagbag.py:507} INFO - Filling up the DagBag from /home/airflow/.local/lib/python3.7/site-packages/airflow/example_dags/example_short_circuit_operator.py
[2022-08-19 16:32:10,490] {processor.py:651} INFO - DAG(s) dict_keys(['example_short_circuit_operator']) retrieved from /home/airflow/.local/lib/python3.7/site-packages/airflow/example_dags/example_short_circuit_operator.py
[2022-08-19 16:32:10,534] {logging_mixin.py:115} INFO - [2022-08-19 16:32:10,534] {dag.py:2379} INFO - Sync 1 DAGs
[2022-08-19 16:32:10,568] {logging_mixin.py:115} INFO - [2022-08-19 16:32:10,568] {dag.py:2931} INFO - Setting next_dagrun for example_short_circuit_operator to 2022-08-18T16:32:10.568154+00:00, run_after=2022-08-19T16:32:10.568154+00:00
[2022-08-19 16:32:10,591] {processor.py:161} INFO - Processing /home/airflow/.local/lib/python3.7/site-packages/airflow/example_dags/example_short_circuit_operator.py took 0.126 seconds
[2022-08-19 16:32:40,705] {processor.py:153} INFO - Started process (PID=211) to work on /home/airflow/.local/lib/python3.7/site-packages/airflow/example_dags/example_short_circuit_operator.py
[2022-08-19 16:32:40,706] {processor.py:641} INFO - Processing file /home/airflow/.local/lib/python3.7/site-packages/airflow/example_dags/example_short_circuit_operator.py for tasks to queue
[2022-08-19 16:32:40,708] {logging_mixin.py:115} INFO - [2022-08-19 16:32:40,708] {dagbag.py:507} INFO - Filling up the DagBag from /home/airflow/.local/lib/python3.7/site-packages/airflow/example_dags/example_short_circuit_operator.py
[2022-08-19 16:32:40,734] {processor.py:651} INFO - DAG(s) dict_keys(['example_short_circuit_operator']) retrieved from /home/airflow/.local/lib/python3.7/site-packages/airflow/example_dags/example_short_circuit_operator.py
[2022-08-19 16:32:40,772] {logging_mixin.py:115} INFO - [2022-08-19 16:32:40,772] {dag.py:2379} INFO - Sync 1 DAGs
[2022-08-19 16:32:40,805] {logging_mixin.py:115} INFO - [2022-08-19 16:32:40,805] {dag.py:2931} INFO - Setting next_dagrun for example_short_circuit_operator to 2022-08-18T16:32:40.805131+00:00, run_after=2022-08-19T16:32:40.805131+00:00
[2022-08-19 16:32:40,824] {processor.py:161} INFO - Processing /home/airflow/.local/lib/python3.7/site-packages/airflow/example_dags/example_short_circuit_operator.py took 0.132 seconds
[2022-08-19 16:33:11,803] {processor.py:153} INFO - Started process (PID=265) to work on /home/airflow/.local/lib/python3.7/site-packages/airflow/example_dags/example_short_circuit_operator.py
[2022-08-19 16:33:11,805] {processor.py:641} INFO - Processing file /home/airflow/.local/lib/python3.7/site-packages/airflow/example_dags/example_short_circuit_operator.py for tasks to queue
[2022-08-19 16:33:11,805] {logging_mixin.py:115} INFO - [2022-08-19 16:33:11,805] {dagbag.py:507} INFO - Filling up the DagBag from /home/airflow/.local/lib/python3.7/site-packages/airflow/example_dags/example_short_circuit_operator.py
[2022-08-19 16:33:11,818] {processor.py:651} INFO - DAG(s) dict_keys(['example_short_circuit_operator']) retrieved from /home/airflow/.local/lib/python3.7/site-packages/airflow/example_dags/example_short_circuit_operator.py
[2022-08-19 16:33:11,851] {logging_mixin.py:115} INFO - [2022-08-19 16:33:11,851] {dag.py:2379} INFO - Sync 1 DAGs
[2022-08-19 16:33:11,880] {logging_mixin.py:115} INFO - [2022-08-19 16:33:11,880] {dag.py:2931} INFO - Setting next_dagrun for example_short_circuit_operator to 2022-08-18T16:33:11.880291+00:00, run_after=2022-08-19T16:33:11.880291+00:00
[2022-08-19 16:33:11,900] {processor.py:161} INFO - Processing /home/airflow/.local/lib/python3.7/site-packages/airflow/example_dags/example_short_circuit_operator.py took 0.102 seconds
[2022-08-19 16:33:42,328] {processor.py:153} INFO - Started process (PID=328) to work on /home/airflow/.local/lib/python3.7/site-packages/airflow/example_dags/example_short_circuit_operator.py
[2022-08-19 16:33:42,328] {processor.py:641} INFO - Processing file /home/airflow/.local/lib/python3.7/site-packages/airflow/example_dags/example_short_circuit_operator.py for tasks to queue
[2022-08-19 16:33:42,329] {logging_mixin.py:115} INFO - [2022-08-19 16:33:42,329] {dagbag.py:507} INFO - Filling up the DagBag from /home/airflow/.local/lib/python3.7/site-packages/airflow/example_dags/example_short_circuit_operator.py
[2022-08-19 16:33:42,338] {processor.py:651} INFO - DAG(s) dict_keys(['example_short_circuit_operator']) retrieved from /home/airflow/.local/lib/python3.7/site-packages/airflow/example_dags/example_short_circuit_operator.py
[2022-08-19 16:33:42,373] {logging_mixin.py:115} INFO - [2022-08-19 16:33:42,373] {dag.py:2379} INFO - Sync 1 DAGs
[2022-08-19 16:33:42,395] {logging_mixin.py:115} INFO - [2022-08-19 16:33:42,395] {dag.py:2931} INFO - Setting next_dagrun for example_short_circuit_operator to 2022-08-18T16:33:42.395472+00:00, run_after=2022-08-19T16:33:42.395472+00:00
[2022-08-19 16:33:42,414] {processor.py:161} INFO - Processing /home/airflow/.local/lib/python3.7/site-packages/airflow/example_dags/example_short_circuit_operator.py took 0.090 seconds
[2022-08-19 16:36:16,535] {processor.py:153} INFO - Started process (PID=42) to work on /home/airflow/.local/lib/python3.7/site-packages/airflow/example_dags/example_short_circuit_operator.py
[2022-08-19 16:36:16,538] {processor.py:641} INFO - Processing file /home/airflow/.local/lib/python3.7/site-packages/airflow/example_dags/example_short_circuit_operator.py for tasks to queue
[2022-08-19 16:36:16,538] {logging_mixin.py:115} INFO - [2022-08-19 16:36:16,538] {dagbag.py:507} INFO - Filling up the DagBag from /home/airflow/.local/lib/python3.7/site-packages/airflow/example_dags/example_short_circuit_operator.py
[2022-08-19 16:36:16,593] {processor.py:651} INFO - DAG(s) dict_keys(['example_short_circuit_operator']) retrieved from /home/airflow/.local/lib/python3.7/site-packages/airflow/example_dags/example_short_circuit_operator.py
[2022-08-19 16:36:16,775] {logging_mixin.py:115} INFO - [2022-08-19 16:36:16,775] {dag.py:2379} INFO - Sync 1 DAGs
[2022-08-19 16:36:16,955] {logging_mixin.py:115} INFO - [2022-08-19 16:36:16,955] {dag.py:2931} INFO - Setting next_dagrun for example_short_circuit_operator to 2022-08-18T16:36:16.955396+00:00, run_after=2022-08-19T16:36:16.955396+00:00
[2022-08-19 16:36:16,997] {processor.py:161} INFO - Processing /home/airflow/.local/lib/python3.7/site-packages/airflow/example_dags/example_short_circuit_operator.py took 0.486 seconds
[2022-08-19 16:36:47,995] {processor.py:153} INFO - Started process (PID=96) to work on /home/airflow/.local/lib/python3.7/site-packages/airflow/example_dags/example_short_circuit_operator.py
[2022-08-19 16:36:47,995] {processor.py:641} INFO - Processing file /home/airflow/.local/lib/python3.7/site-packages/airflow/example_dags/example_short_circuit_operator.py for tasks to queue
[2022-08-19 16:36:47,995] {logging_mixin.py:115} INFO - [2022-08-19 16:36:47,995] {dagbag.py:507} INFO - Filling up the DagBag from /home/airflow/.local/lib/python3.7/site-packages/airflow/example_dags/example_short_circuit_operator.py
[2022-08-19 16:36:48,009] {processor.py:651} INFO - DAG(s) dict_keys(['example_short_circuit_operator']) retrieved from /home/airflow/.local/lib/python3.7/site-packages/airflow/example_dags/example_short_circuit_operator.py
[2022-08-19 16:36:48,041] {logging_mixin.py:115} INFO - [2022-08-19 16:36:48,040] {dag.py:2379} INFO - Sync 1 DAGs
[2022-08-19 16:36:48,069] {logging_mixin.py:115} INFO - [2022-08-19 16:36:48,068] {dag.py:2931} INFO - Setting next_dagrun for example_short_circuit_operator to 2022-08-18T16:36:48.068567+00:00, run_after=2022-08-19T16:36:48.068567+00:00
[2022-08-19 16:36:48,088] {processor.py:161} INFO - Processing /home/airflow/.local/lib/python3.7/site-packages/airflow/example_dags/example_short_circuit_operator.py took 0.096 seconds
[2022-08-19 16:37:18,921] {processor.py:153} INFO - Started process (PID=159) to work on /home/airflow/.local/lib/python3.7/site-packages/airflow/example_dags/example_short_circuit_operator.py
[2022-08-19 16:37:18,922] {processor.py:641} INFO - Processing file /home/airflow/.local/lib/python3.7/site-packages/airflow/example_dags/example_short_circuit_operator.py for tasks to queue
[2022-08-19 16:37:18,922] {logging_mixin.py:115} INFO - [2022-08-19 16:37:18,922] {dagbag.py:507} INFO - Filling up the DagBag from /home/airflow/.local/lib/python3.7/site-packages/airflow/example_dags/example_short_circuit_operator.py
[2022-08-19 16:37:18,933] {processor.py:651} INFO - DAG(s) dict_keys(['example_short_circuit_operator']) retrieved from /home/airflow/.local/lib/python3.7/site-packages/airflow/example_dags/example_short_circuit_operator.py
[2022-08-19 16:37:18,977] {logging_mixin.py:115} INFO - [2022-08-19 16:37:18,977] {dag.py:2379} INFO - Sync 1 DAGs
[2022-08-19 16:37:19,003] {logging_mixin.py:115} INFO - [2022-08-19 16:37:19,003] {dag.py:2931} INFO - Setting next_dagrun for example_short_circuit_operator to 2022-08-18T16:37:19.003084+00:00, run_after=2022-08-19T16:37:19.003084+00:00
[2022-08-19 16:37:19,019] {processor.py:161} INFO - Processing /home/airflow/.local/lib/python3.7/site-packages/airflow/example_dags/example_short_circuit_operator.py took 0.102 seconds
[2022-08-19 16:37:49,537] {processor.py:153} INFO - Started process (PID=212) to work on /home/airflow/.local/lib/python3.7/site-packages/airflow/example_dags/example_short_circuit_operator.py
[2022-08-19 16:37:49,537] {processor.py:641} INFO - Processing file /home/airflow/.local/lib/python3.7/site-packages/airflow/example_dags/example_short_circuit_operator.py for tasks to queue
[2022-08-19 16:37:49,538] {logging_mixin.py:115} INFO - [2022-08-19 16:37:49,538] {dagbag.py:507} INFO - Filling up the DagBag from /home/airflow/.local/lib/python3.7/site-packages/airflow/example_dags/example_short_circuit_operator.py
[2022-08-19 16:37:49,550] {processor.py:651} INFO - DAG(s) dict_keys(['example_short_circuit_operator']) retrieved from /home/airflow/.local/lib/python3.7/site-packages/airflow/example_dags/example_short_circuit_operator.py
[2022-08-19 16:37:49,585] {logging_mixin.py:115} INFO - [2022-08-19 16:37:49,585] {dag.py:2379} INFO - Sync 1 DAGs
[2022-08-19 16:37:49,611] {logging_mixin.py:115} INFO - [2022-08-19 16:37:49,611] {dag.py:2931} INFO - Setting next_dagrun for example_short_circuit_operator to 2022-08-18T16:37:49.611607+00:00, run_after=2022-08-19T16:37:49.611607+00:00
[2022-08-19 16:37:49,633] {processor.py:161} INFO - Processing /home/airflow/.local/lib/python3.7/site-packages/airflow/example_dags/example_short_circuit_operator.py took 0.099 seconds
[2022-08-19 16:38:19,817] {processor.py:153} INFO - Started process (PID=275) to work on /home/airflow/.local/lib/python3.7/site-packages/airflow/example_dags/example_short_circuit_operator.py
[2022-08-19 16:38:19,818] {processor.py:641} INFO - Processing file /home/airflow/.local/lib/python3.7/site-packages/airflow/example_dags/example_short_circuit_operator.py for tasks to queue
[2022-08-19 16:38:19,819] {logging_mixin.py:115} INFO - [2022-08-19 16:38:19,819] {dagbag.py:507} INFO - Filling up the DagBag from /home/airflow/.local/lib/python3.7/site-packages/airflow/example_dags/example_short_circuit_operator.py
[2022-08-19 16:38:19,834] {processor.py:651} INFO - DAG(s) dict_keys(['example_short_circuit_operator']) retrieved from /home/airflow/.local/lib/python3.7/site-packages/airflow/example_dags/example_short_circuit_operator.py
[2022-08-19 16:38:19,876] {logging_mixin.py:115} INFO - [2022-08-19 16:38:19,875] {dag.py:2379} INFO - Sync 1 DAGs
[2022-08-19 16:38:19,908] {logging_mixin.py:115} INFO - [2022-08-19 16:38:19,908] {dag.py:2931} INFO - Setting next_dagrun for example_short_circuit_operator to 2022-08-18T16:38:19.907737+00:00, run_after=2022-08-19T16:38:19.907737+00:00
[2022-08-19 16:38:19,934] {processor.py:161} INFO - Processing /home/airflow/.local/lib/python3.7/site-packages/airflow/example_dags/example_short_circuit_operator.py took 0.128 seconds
[2022-08-19 16:38:49,988] {processor.py:153} INFO - Started process (PID=329) to work on /home/airflow/.local/lib/python3.7/site-packages/airflow/example_dags/example_short_circuit_operator.py
[2022-08-19 16:38:49,989] {processor.py:641} INFO - Processing file /home/airflow/.local/lib/python3.7/site-packages/airflow/example_dags/example_short_circuit_operator.py for tasks to queue
[2022-08-19 16:38:49,990] {logging_mixin.py:115} INFO - [2022-08-19 16:38:49,989] {dagbag.py:507} INFO - Filling up the DagBag from /home/airflow/.local/lib/python3.7/site-packages/airflow/example_dags/example_short_circuit_operator.py
[2022-08-19 16:38:50,006] {processor.py:651} INFO - DAG(s) dict_keys(['example_short_circuit_operator']) retrieved from /home/airflow/.local/lib/python3.7/site-packages/airflow/example_dags/example_short_circuit_operator.py
[2022-08-19 16:38:50,041] {logging_mixin.py:115} INFO - [2022-08-19 16:38:50,041] {dag.py:2379} INFO - Sync 1 DAGs
[2022-08-19 16:38:50,068] {logging_mixin.py:115} INFO - [2022-08-19 16:38:50,068] {dag.py:2931} INFO - Setting next_dagrun for example_short_circuit_operator to 2022-08-18T16:38:50.067954+00:00, run_after=2022-08-19T16:38:50.067954+00:00
[2022-08-19 16:38:50,085] {processor.py:161} INFO - Processing /home/airflow/.local/lib/python3.7/site-packages/airflow/example_dags/example_short_circuit_operator.py took 0.102 seconds
[2022-08-19 16:39:20,479] {processor.py:153} INFO - Started process (PID=389) to work on /home/airflow/.local/lib/python3.7/site-packages/airflow/example_dags/example_short_circuit_operator.py
[2022-08-19 16:39:20,480] {processor.py:641} INFO - Processing file /home/airflow/.local/lib/python3.7/site-packages/airflow/example_dags/example_short_circuit_operator.py for tasks to queue
[2022-08-19 16:39:20,480] {logging_mixin.py:115} INFO - [2022-08-19 16:39:20,480] {dagbag.py:507} INFO - Filling up the DagBag from /home/airflow/.local/lib/python3.7/site-packages/airflow/example_dags/example_short_circuit_operator.py
[2022-08-19 16:39:20,491] {processor.py:651} INFO - DAG(s) dict_keys(['example_short_circuit_operator']) retrieved from /home/airflow/.local/lib/python3.7/site-packages/airflow/example_dags/example_short_circuit_operator.py
[2022-08-19 16:39:20,526] {logging_mixin.py:115} INFO - [2022-08-19 16:39:20,526] {dag.py:2379} INFO - Sync 1 DAGs
[2022-08-19 16:39:20,566] {logging_mixin.py:115} INFO - [2022-08-19 16:39:20,566] {dag.py:2931} INFO - Setting next_dagrun for example_short_circuit_operator to 2022-08-18T16:39:20.565907+00:00, run_after=2022-08-19T16:39:20.565907+00:00
[2022-08-19 16:39:20,589] {processor.py:161} INFO - Processing /home/airflow/.local/lib/python3.7/site-packages/airflow/example_dags/example_short_circuit_operator.py took 0.113 seconds
[2022-08-19 16:39:50,860] {processor.py:153} INFO - Started process (PID=442) to work on /home/airflow/.local/lib/python3.7/site-packages/airflow/example_dags/example_short_circuit_operator.py
[2022-08-19 16:39:50,861] {processor.py:641} INFO - Processing file /home/airflow/.local/lib/python3.7/site-packages/airflow/example_dags/example_short_circuit_operator.py for tasks to queue
[2022-08-19 16:39:50,862] {logging_mixin.py:115} INFO - [2022-08-19 16:39:50,862] {dagbag.py:507} INFO - Filling up the DagBag from /home/airflow/.local/lib/python3.7/site-packages/airflow/example_dags/example_short_circuit_operator.py
[2022-08-19 16:39:50,872] {processor.py:651} INFO - DAG(s) dict_keys(['example_short_circuit_operator']) retrieved from /home/airflow/.local/lib/python3.7/site-packages/airflow/example_dags/example_short_circuit_operator.py
[2022-08-19 16:39:50,914] {logging_mixin.py:115} INFO - [2022-08-19 16:39:50,914] {dag.py:2379} INFO - Sync 1 DAGs
[2022-08-19 16:39:50,945] {logging_mixin.py:115} INFO - [2022-08-19 16:39:50,945] {dag.py:2931} INFO - Setting next_dagrun for example_short_circuit_operator to 2022-08-18T16:39:50.945356+00:00, run_after=2022-08-19T16:39:50.945356+00:00
[2022-08-19 16:39:50,968] {processor.py:161} INFO - Processing /home/airflow/.local/lib/python3.7/site-packages/airflow/example_dags/example_short_circuit_operator.py took 0.112 seconds
[2022-08-19 16:40:21,866] {processor.py:153} INFO - Started process (PID=505) to work on /home/airflow/.local/lib/python3.7/site-packages/airflow/example_dags/example_short_circuit_operator.py
[2022-08-19 16:40:21,867] {processor.py:641} INFO - Processing file /home/airflow/.local/lib/python3.7/site-packages/airflow/example_dags/example_short_circuit_operator.py for tasks to queue
[2022-08-19 16:40:21,868] {logging_mixin.py:115} INFO - [2022-08-19 16:40:21,868] {dagbag.py:507} INFO - Filling up the DagBag from /home/airflow/.local/lib/python3.7/site-packages/airflow/example_dags/example_short_circuit_operator.py
[2022-08-19 16:40:21,883] {processor.py:651} INFO - DAG(s) dict_keys(['example_short_circuit_operator']) retrieved from /home/airflow/.local/lib/python3.7/site-packages/airflow/example_dags/example_short_circuit_operator.py
[2022-08-19 16:40:21,913] {logging_mixin.py:115} INFO - [2022-08-19 16:40:21,913] {dag.py:2379} INFO - Sync 1 DAGs
[2022-08-19 16:40:21,942] {logging_mixin.py:115} INFO - [2022-08-19 16:40:21,942] {dag.py:2931} INFO - Setting next_dagrun for example_short_circuit_operator to 2022-08-18T16:40:21.941811+00:00, run_after=2022-08-19T16:40:21.941811+00:00
[2022-08-19 16:40:21,964] {processor.py:161} INFO - Processing /home/airflow/.local/lib/python3.7/site-packages/airflow/example_dags/example_short_circuit_operator.py took 0.104 seconds
[2022-08-19 16:40:52,159] {processor.py:153} INFO - Started process (PID=561) to work on /home/airflow/.local/lib/python3.7/site-packages/airflow/example_dags/example_short_circuit_operator.py
[2022-08-19 16:40:52,160] {processor.py:641} INFO - Processing file /home/airflow/.local/lib/python3.7/site-packages/airflow/example_dags/example_short_circuit_operator.py for tasks to queue
[2022-08-19 16:40:52,160] {logging_mixin.py:115} INFO - [2022-08-19 16:40:52,160] {dagbag.py:507} INFO - Filling up the DagBag from /home/airflow/.local/lib/python3.7/site-packages/airflow/example_dags/example_short_circuit_operator.py
[2022-08-19 16:40:52,171] {processor.py:651} INFO - DAG(s) dict_keys(['example_short_circuit_operator']) retrieved from /home/airflow/.local/lib/python3.7/site-packages/airflow/example_dags/example_short_circuit_operator.py
[2022-08-19 16:40:52,204] {logging_mixin.py:115} INFO - [2022-08-19 16:40:52,204] {dag.py:2379} INFO - Sync 1 DAGs
[2022-08-19 16:40:52,239] {logging_mixin.py:115} INFO - [2022-08-19 16:40:52,238] {dag.py:2931} INFO - Setting next_dagrun for example_short_circuit_operator to 2022-08-18T16:40:52.238725+00:00, run_after=2022-08-19T16:40:52.238725+00:00
[2022-08-19 16:40:52,268] {processor.py:161} INFO - Processing /home/airflow/.local/lib/python3.7/site-packages/airflow/example_dags/example_short_circuit_operator.py took 0.112 seconds
[2022-08-19 16:41:23,078] {processor.py:153} INFO - Started process (PID=624) to work on /home/airflow/.local/lib/python3.7/site-packages/airflow/example_dags/example_short_circuit_operator.py
[2022-08-19 16:41:23,078] {processor.py:641} INFO - Processing file /home/airflow/.local/lib/python3.7/site-packages/airflow/example_dags/example_short_circuit_operator.py for tasks to queue
[2022-08-19 16:41:23,079] {logging_mixin.py:115} INFO - [2022-08-19 16:41:23,079] {dagbag.py:507} INFO - Filling up the DagBag from /home/airflow/.local/lib/python3.7/site-packages/airflow/example_dags/example_short_circuit_operator.py
[2022-08-19 16:41:23,087] {processor.py:651} INFO - DAG(s) dict_keys(['example_short_circuit_operator']) retrieved from /home/airflow/.local/lib/python3.7/site-packages/airflow/example_dags/example_short_circuit_operator.py
[2022-08-19 16:41:23,119] {logging_mixin.py:115} INFO - [2022-08-19 16:41:23,119] {dag.py:2379} INFO - Sync 1 DAGs
[2022-08-19 16:41:23,149] {logging_mixin.py:115} INFO - [2022-08-19 16:41:23,149] {dag.py:2931} INFO - Setting next_dagrun for example_short_circuit_operator to 2022-08-18T16:41:23.148766+00:00, run_after=2022-08-19T16:41:23.148766+00:00
[2022-08-19 16:41:23,166] {processor.py:161} INFO - Processing /home/airflow/.local/lib/python3.7/site-packages/airflow/example_dags/example_short_circuit_operator.py took 0.092 seconds
[2022-08-19 16:41:53,535] {processor.py:153} INFO - Started process (PID=684) to work on /home/airflow/.local/lib/python3.7/site-packages/airflow/example_dags/example_short_circuit_operator.py
[2022-08-19 16:41:53,536] {processor.py:641} INFO - Processing file /home/airflow/.local/lib/python3.7/site-packages/airflow/example_dags/example_short_circuit_operator.py for tasks to queue
[2022-08-19 16:41:53,537] {logging_mixin.py:115} INFO - [2022-08-19 16:41:53,537] {dagbag.py:507} INFO - Filling up the DagBag from /home/airflow/.local/lib/python3.7/site-packages/airflow/example_dags/example_short_circuit_operator.py
[2022-08-19 16:41:53,552] {processor.py:651} INFO - DAG(s) dict_keys(['example_short_circuit_operator']) retrieved from /home/airflow/.local/lib/python3.7/site-packages/airflow/example_dags/example_short_circuit_operator.py
[2022-08-19 16:41:53,581] {logging_mixin.py:115} INFO - [2022-08-19 16:41:53,581] {dag.py:2379} INFO - Sync 1 DAGs
[2022-08-19 16:41:53,610] {logging_mixin.py:115} INFO - [2022-08-19 16:41:53,610] {dag.py:2931} INFO - Setting next_dagrun for example_short_circuit_operator to 2022-08-18T16:41:53.610500+00:00, run_after=2022-08-19T16:41:53.610500+00:00
[2022-08-19 16:41:53,625] {processor.py:161} INFO - Processing /home/airflow/.local/lib/python3.7/site-packages/airflow/example_dags/example_short_circuit_operator.py took 0.094 seconds
[2022-08-19 16:42:24,379] {processor.py:153} INFO - Started process (PID=738) to work on /home/airflow/.local/lib/python3.7/site-packages/airflow/example_dags/example_short_circuit_operator.py
[2022-08-19 16:42:24,380] {processor.py:641} INFO - Processing file /home/airflow/.local/lib/python3.7/site-packages/airflow/example_dags/example_short_circuit_operator.py for tasks to queue
[2022-08-19 16:42:24,381] {logging_mixin.py:115} INFO - [2022-08-19 16:42:24,381] {dagbag.py:507} INFO - Filling up the DagBag from /home/airflow/.local/lib/python3.7/site-packages/airflow/example_dags/example_short_circuit_operator.py
[2022-08-19 16:42:24,398] {processor.py:651} INFO - DAG(s) dict_keys(['example_short_circuit_operator']) retrieved from /home/airflow/.local/lib/python3.7/site-packages/airflow/example_dags/example_short_circuit_operator.py
[2022-08-19 16:42:24,456] {logging_mixin.py:115} INFO - [2022-08-19 16:42:24,456] {dag.py:2379} INFO - Sync 1 DAGs
[2022-08-19 16:42:24,494] {logging_mixin.py:115} INFO - [2022-08-19 16:42:24,494] {dag.py:2931} INFO - Setting next_dagrun for example_short_circuit_operator to 2022-08-18T16:42:24.493949+00:00, run_after=2022-08-19T16:42:24.493949+00:00
[2022-08-19 16:42:24,515] {processor.py:161} INFO - Processing /home/airflow/.local/lib/python3.7/site-packages/airflow/example_dags/example_short_circuit_operator.py took 0.141 seconds
[2022-08-19 16:42:54,660] {processor.py:153} INFO - Started process (PID=801) to work on /home/airflow/.local/lib/python3.7/site-packages/airflow/example_dags/example_short_circuit_operator.py
[2022-08-19 16:42:54,662] {processor.py:641} INFO - Processing file /home/airflow/.local/lib/python3.7/site-packages/airflow/example_dags/example_short_circuit_operator.py for tasks to queue
[2022-08-19 16:42:54,663] {logging_mixin.py:115} INFO - [2022-08-19 16:42:54,663] {dagbag.py:507} INFO - Filling up the DagBag from /home/airflow/.local/lib/python3.7/site-packages/airflow/example_dags/example_short_circuit_operator.py
[2022-08-19 16:42:54,684] {processor.py:651} INFO - DAG(s) dict_keys(['example_short_circuit_operator']) retrieved from /home/airflow/.local/lib/python3.7/site-packages/airflow/example_dags/example_short_circuit_operator.py
[2022-08-19 16:42:54,720] {logging_mixin.py:115} INFO - [2022-08-19 16:42:54,720] {dag.py:2379} INFO - Sync 1 DAGs
[2022-08-19 16:42:54,759] {logging_mixin.py:115} INFO - [2022-08-19 16:42:54,758] {dag.py:2931} INFO - Setting next_dagrun for example_short_circuit_operator to 2022-08-18T16:42:54.758571+00:00, run_after=2022-08-19T16:42:54.758571+00:00
[2022-08-19 16:42:54,791] {processor.py:161} INFO - Processing /home/airflow/.local/lib/python3.7/site-packages/airflow/example_dags/example_short_circuit_operator.py took 0.136 seconds
[2022-08-19 16:43:25,197] {processor.py:153} INFO - Started process (PID=854) to work on /home/airflow/.local/lib/python3.7/site-packages/airflow/example_dags/example_short_circuit_operator.py
[2022-08-19 16:43:25,199] {processor.py:641} INFO - Processing file /home/airflow/.local/lib/python3.7/site-packages/airflow/example_dags/example_short_circuit_operator.py for tasks to queue
[2022-08-19 16:43:25,201] {logging_mixin.py:115} INFO - [2022-08-19 16:43:25,200] {dagbag.py:507} INFO - Filling up the DagBag from /home/airflow/.local/lib/python3.7/site-packages/airflow/example_dags/example_short_circuit_operator.py
[2022-08-19 16:43:25,235] {processor.py:651} INFO - DAG(s) dict_keys(['example_short_circuit_operator']) retrieved from /home/airflow/.local/lib/python3.7/site-packages/airflow/example_dags/example_short_circuit_operator.py
[2022-08-19 16:43:25,338] {logging_mixin.py:115} INFO - [2022-08-19 16:43:25,338] {dag.py:2379} INFO - Sync 1 DAGs
[2022-08-19 16:43:25,375] {logging_mixin.py:115} INFO - [2022-08-19 16:43:25,375] {dag.py:2931} INFO - Setting next_dagrun for example_short_circuit_operator to 2022-08-18T16:43:25.375211+00:00, run_after=2022-08-19T16:43:25.375211+00:00
[2022-08-19 16:43:25,395] {processor.py:161} INFO - Processing /home/airflow/.local/lib/python3.7/site-packages/airflow/example_dags/example_short_circuit_operator.py took 0.209 seconds
[2022-08-19 16:43:56,065] {processor.py:153} INFO - Started process (PID=918) to work on /home/airflow/.local/lib/python3.7/site-packages/airflow/example_dags/example_short_circuit_operator.py
[2022-08-19 16:43:56,066] {processor.py:641} INFO - Processing file /home/airflow/.local/lib/python3.7/site-packages/airflow/example_dags/example_short_circuit_operator.py for tasks to queue
[2022-08-19 16:43:56,067] {logging_mixin.py:115} INFO - [2022-08-19 16:43:56,067] {dagbag.py:507} INFO - Filling up the DagBag from /home/airflow/.local/lib/python3.7/site-packages/airflow/example_dags/example_short_circuit_operator.py
[2022-08-19 16:43:56,092] {processor.py:651} INFO - DAG(s) dict_keys(['example_short_circuit_operator']) retrieved from /home/airflow/.local/lib/python3.7/site-packages/airflow/example_dags/example_short_circuit_operator.py
[2022-08-19 16:43:56,124] {logging_mixin.py:115} INFO - [2022-08-19 16:43:56,124] {dag.py:2379} INFO - Sync 1 DAGs
[2022-08-19 16:43:56,153] {logging_mixin.py:115} INFO - [2022-08-19 16:43:56,152] {dag.py:2931} INFO - Setting next_dagrun for example_short_circuit_operator to 2022-08-18T16:43:56.152541+00:00, run_after=2022-08-19T16:43:56.152541+00:00
[2022-08-19 16:43:56,168] {processor.py:161} INFO - Processing /home/airflow/.local/lib/python3.7/site-packages/airflow/example_dags/example_short_circuit_operator.py took 0.110 seconds
[2022-08-19 16:44:26,282] {processor.py:153} INFO - Started process (PID=972) to work on /home/airflow/.local/lib/python3.7/site-packages/airflow/example_dags/example_short_circuit_operator.py
[2022-08-19 16:44:26,282] {processor.py:641} INFO - Processing file /home/airflow/.local/lib/python3.7/site-packages/airflow/example_dags/example_short_circuit_operator.py for tasks to queue
[2022-08-19 16:44:26,283] {logging_mixin.py:115} INFO - [2022-08-19 16:44:26,283] {dagbag.py:507} INFO - Filling up the DagBag from /home/airflow/.local/lib/python3.7/site-packages/airflow/example_dags/example_short_circuit_operator.py
[2022-08-19 16:44:26,293] {processor.py:651} INFO - DAG(s) dict_keys(['example_short_circuit_operator']) retrieved from /home/airflow/.local/lib/python3.7/site-packages/airflow/example_dags/example_short_circuit_operator.py
[2022-08-19 16:44:26,334] {logging_mixin.py:115} INFO - [2022-08-19 16:44:26,334] {dag.py:2379} INFO - Sync 1 DAGs
[2022-08-19 16:44:26,367] {logging_mixin.py:115} INFO - [2022-08-19 16:44:26,367] {dag.py:2931} INFO - Setting next_dagrun for example_short_circuit_operator to 2022-08-18T16:44:26.367152+00:00, run_after=2022-08-19T16:44:26.367152+00:00
[2022-08-19 16:44:26,386] {processor.py:161} INFO - Processing /home/airflow/.local/lib/python3.7/site-packages/airflow/example_dags/example_short_circuit_operator.py took 0.107 seconds
[2022-08-19 16:44:56,427] {processor.py:153} INFO - Started process (PID=1034) to work on /home/airflow/.local/lib/python3.7/site-packages/airflow/example_dags/example_short_circuit_operator.py
[2022-08-19 16:44:56,428] {processor.py:641} INFO - Processing file /home/airflow/.local/lib/python3.7/site-packages/airflow/example_dags/example_short_circuit_operator.py for tasks to queue
[2022-08-19 16:44:56,429] {logging_mixin.py:115} INFO - [2022-08-19 16:44:56,428] {dagbag.py:507} INFO - Filling up the DagBag from /home/airflow/.local/lib/python3.7/site-packages/airflow/example_dags/example_short_circuit_operator.py
[2022-08-19 16:44:56,438] {processor.py:651} INFO - DAG(s) dict_keys(['example_short_circuit_operator']) retrieved from /home/airflow/.local/lib/python3.7/site-packages/airflow/example_dags/example_short_circuit_operator.py
[2022-08-19 16:44:56,464] {logging_mixin.py:115} INFO - [2022-08-19 16:44:56,464] {dag.py:2379} INFO - Sync 1 DAGs
[2022-08-19 16:44:56,488] {logging_mixin.py:115} INFO - [2022-08-19 16:44:56,487] {dag.py:2931} INFO - Setting next_dagrun for example_short_circuit_operator to 2022-08-18T16:44:56.487682+00:00, run_after=2022-08-19T16:44:56.487682+00:00
[2022-08-19 16:44:56,503] {processor.py:161} INFO - Processing /home/airflow/.local/lib/python3.7/site-packages/airflow/example_dags/example_short_circuit_operator.py took 0.078 seconds
[2022-08-19 16:45:26,951] {processor.py:153} INFO - Started process (PID=1089) to work on /home/airflow/.local/lib/python3.7/site-packages/airflow/example_dags/example_short_circuit_operator.py
[2022-08-19 16:45:26,953] {processor.py:641} INFO - Processing file /home/airflow/.local/lib/python3.7/site-packages/airflow/example_dags/example_short_circuit_operator.py for tasks to queue
[2022-08-19 16:45:26,953] {logging_mixin.py:115} INFO - [2022-08-19 16:45:26,953] {dagbag.py:507} INFO - Filling up the DagBag from /home/airflow/.local/lib/python3.7/site-packages/airflow/example_dags/example_short_circuit_operator.py
[2022-08-19 16:45:26,964] {processor.py:651} INFO - DAG(s) dict_keys(['example_short_circuit_operator']) retrieved from /home/airflow/.local/lib/python3.7/site-packages/airflow/example_dags/example_short_circuit_operator.py
[2022-08-19 16:45:26,995] {logging_mixin.py:115} INFO - [2022-08-19 16:45:26,995] {dag.py:2379} INFO - Sync 1 DAGs
[2022-08-19 16:45:27,025] {logging_mixin.py:115} INFO - [2022-08-19 16:45:27,025] {dag.py:2931} INFO - Setting next_dagrun for example_short_circuit_operator to 2022-08-18T16:45:27.025652+00:00, run_after=2022-08-19T16:45:27.025652+00:00
[2022-08-19 16:45:27,041] {processor.py:161} INFO - Processing /home/airflow/.local/lib/python3.7/site-packages/airflow/example_dags/example_short_circuit_operator.py took 0.092 seconds
[2022-08-19 16:45:57,391] {processor.py:153} INFO - Started process (PID=1152) to work on /home/airflow/.local/lib/python3.7/site-packages/airflow/example_dags/example_short_circuit_operator.py
[2022-08-19 16:45:57,393] {processor.py:641} INFO - Processing file /home/airflow/.local/lib/python3.7/site-packages/airflow/example_dags/example_short_circuit_operator.py for tasks to queue
[2022-08-19 16:45:57,395] {logging_mixin.py:115} INFO - [2022-08-19 16:45:57,395] {dagbag.py:507} INFO - Filling up the DagBag from /home/airflow/.local/lib/python3.7/site-packages/airflow/example_dags/example_short_circuit_operator.py
[2022-08-19 16:45:57,437] {processor.py:651} INFO - DAG(s) dict_keys(['example_short_circuit_operator']) retrieved from /home/airflow/.local/lib/python3.7/site-packages/airflow/example_dags/example_short_circuit_operator.py
[2022-08-19 16:45:57,481] {logging_mixin.py:115} INFO - [2022-08-19 16:45:57,481] {dag.py:2379} INFO - Sync 1 DAGs
[2022-08-19 16:45:57,508] {logging_mixin.py:115} INFO - [2022-08-19 16:45:57,508] {dag.py:2931} INFO - Setting next_dagrun for example_short_circuit_operator to 2022-08-18T16:45:57.508243+00:00, run_after=2022-08-19T16:45:57.508243+00:00
[2022-08-19 16:45:57,523] {processor.py:161} INFO - Processing /home/airflow/.local/lib/python3.7/site-packages/airflow/example_dags/example_short_circuit_operator.py took 0.144 seconds
[2022-08-19 16:46:28,289] {processor.py:153} INFO - Started process (PID=1205) to work on /home/airflow/.local/lib/python3.7/site-packages/airflow/example_dags/example_short_circuit_operator.py
[2022-08-19 16:46:28,291] {processor.py:641} INFO - Processing file /home/airflow/.local/lib/python3.7/site-packages/airflow/example_dags/example_short_circuit_operator.py for tasks to queue
[2022-08-19 16:46:28,293] {logging_mixin.py:115} INFO - [2022-08-19 16:46:28,293] {dagbag.py:507} INFO - Filling up the DagBag from /home/airflow/.local/lib/python3.7/site-packages/airflow/example_dags/example_short_circuit_operator.py
[2022-08-19 16:46:28,317] {processor.py:651} INFO - DAG(s) dict_keys(['example_short_circuit_operator']) retrieved from /home/airflow/.local/lib/python3.7/site-packages/airflow/example_dags/example_short_circuit_operator.py
[2022-08-19 16:46:28,365] {logging_mixin.py:115} INFO - [2022-08-19 16:46:28,365] {dag.py:2379} INFO - Sync 1 DAGs
[2022-08-19 16:46:28,396] {logging_mixin.py:115} INFO - [2022-08-19 16:46:28,396] {dag.py:2931} INFO - Setting next_dagrun for example_short_circuit_operator to 2022-08-18T16:46:28.396179+00:00, run_after=2022-08-19T16:46:28.396179+00:00
[2022-08-19 16:46:28,412] {processor.py:161} INFO - Processing /home/airflow/.local/lib/python3.7/site-packages/airflow/example_dags/example_short_circuit_operator.py took 0.137 seconds
[2022-08-19 16:47:21,985] {processor.py:153} INFO - Started process (PID=41) to work on /home/airflow/.local/lib/python3.7/site-packages/airflow/example_dags/example_short_circuit_operator.py
[2022-08-19 16:47:21,990] {processor.py:641} INFO - Processing file /home/airflow/.local/lib/python3.7/site-packages/airflow/example_dags/example_short_circuit_operator.py for tasks to queue
[2022-08-19 16:47:21,991] {logging_mixin.py:115} INFO - [2022-08-19 16:47:21,991] {dagbag.py:507} INFO - Filling up the DagBag from /home/airflow/.local/lib/python3.7/site-packages/airflow/example_dags/example_short_circuit_operator.py
[2022-08-19 16:47:22,040] {processor.py:651} INFO - DAG(s) dict_keys(['example_short_circuit_operator']) retrieved from /home/airflow/.local/lib/python3.7/site-packages/airflow/example_dags/example_short_circuit_operator.py
[2022-08-19 16:47:22,096] {logging_mixin.py:115} INFO - [2022-08-19 16:47:22,096] {dag.py:2379} INFO - Sync 1 DAGs
[2022-08-19 16:47:22,162] {logging_mixin.py:115} INFO - [2022-08-19 16:47:22,162] {dag.py:2931} INFO - Setting next_dagrun for example_short_circuit_operator to 2022-08-18T16:47:22.162295+00:00, run_after=2022-08-19T16:47:22.162295+00:00
[2022-08-19 16:47:22,207] {processor.py:161} INFO - Processing /home/airflow/.local/lib/python3.7/site-packages/airflow/example_dags/example_short_circuit_operator.py took 0.235 seconds
[2022-08-19 16:47:52,807] {processor.py:153} INFO - Started process (PID=94) to work on /home/airflow/.local/lib/python3.7/site-packages/airflow/example_dags/example_short_circuit_operator.py
[2022-08-19 16:47:52,808] {processor.py:641} INFO - Processing file /home/airflow/.local/lib/python3.7/site-packages/airflow/example_dags/example_short_circuit_operator.py for tasks to queue
[2022-08-19 16:47:52,809] {logging_mixin.py:115} INFO - [2022-08-19 16:47:52,809] {dagbag.py:507} INFO - Filling up the DagBag from /home/airflow/.local/lib/python3.7/site-packages/airflow/example_dags/example_short_circuit_operator.py
[2022-08-19 16:47:52,822] {processor.py:651} INFO - DAG(s) dict_keys(['example_short_circuit_operator']) retrieved from /home/airflow/.local/lib/python3.7/site-packages/airflow/example_dags/example_short_circuit_operator.py
[2022-08-19 16:47:52,855] {logging_mixin.py:115} INFO - [2022-08-19 16:47:52,855] {dag.py:2379} INFO - Sync 1 DAGs
[2022-08-19 16:47:52,884] {logging_mixin.py:115} INFO - [2022-08-19 16:47:52,884] {dag.py:2931} INFO - Setting next_dagrun for example_short_circuit_operator to 2022-08-18T16:47:52.883918+00:00, run_after=2022-08-19T16:47:52.883918+00:00
[2022-08-19 16:47:52,908] {processor.py:161} INFO - Processing /home/airflow/.local/lib/python3.7/site-packages/airflow/example_dags/example_short_circuit_operator.py took 0.106 seconds
[2022-08-19 16:48:23,073] {processor.py:153} INFO - Started process (PID=151) to work on /home/airflow/.local/lib/python3.7/site-packages/airflow/example_dags/example_short_circuit_operator.py
[2022-08-19 16:48:23,076] {processor.py:641} INFO - Processing file /home/airflow/.local/lib/python3.7/site-packages/airflow/example_dags/example_short_circuit_operator.py for tasks to queue
[2022-08-19 16:48:23,081] {logging_mixin.py:115} INFO - [2022-08-19 16:48:23,081] {dagbag.py:507} INFO - Filling up the DagBag from /home/airflow/.local/lib/python3.7/site-packages/airflow/example_dags/example_short_circuit_operator.py
[2022-08-19 16:48:23,095] {processor.py:651} INFO - DAG(s) dict_keys(['example_short_circuit_operator']) retrieved from /home/airflow/.local/lib/python3.7/site-packages/airflow/example_dags/example_short_circuit_operator.py
[2022-08-19 16:48:23,129] {logging_mixin.py:115} INFO - [2022-08-19 16:48:23,129] {dag.py:2379} INFO - Sync 1 DAGs
[2022-08-19 16:48:23,168] {logging_mixin.py:115} INFO - [2022-08-19 16:48:23,168] {dag.py:2931} INFO - Setting next_dagrun for example_short_circuit_operator to 2022-08-18T16:48:23.167793+00:00, run_after=2022-08-19T16:48:23.167793+00:00
[2022-08-19 16:48:23,194] {processor.py:161} INFO - Processing /home/airflow/.local/lib/python3.7/site-packages/airflow/example_dags/example_short_circuit_operator.py took 0.125 seconds
[2022-08-19 16:49:10,781] {processor.py:153} INFO - Started process (PID=42) to work on /home/airflow/.local/lib/python3.7/site-packages/airflow/example_dags/example_short_circuit_operator.py
[2022-08-19 16:49:11,156] {processor.py:641} INFO - Processing file /home/airflow/.local/lib/python3.7/site-packages/airflow/example_dags/example_short_circuit_operator.py for tasks to queue
[2022-08-19 16:49:11,157] {logging_mixin.py:115} INFO - [2022-08-19 16:49:11,157] {dagbag.py:507} INFO - Filling up the DagBag from /home/airflow/.local/lib/python3.7/site-packages/airflow/example_dags/example_short_circuit_operator.py
[2022-08-19 16:49:11,170] {processor.py:651} INFO - DAG(s) dict_keys(['example_short_circuit_operator']) retrieved from /home/airflow/.local/lib/python3.7/site-packages/airflow/example_dags/example_short_circuit_operator.py
[2022-08-19 16:49:11,216] {logging_mixin.py:115} INFO - [2022-08-19 16:49:11,216] {dag.py:2379} INFO - Sync 1 DAGs
[2022-08-19 16:49:11,278] {logging_mixin.py:115} INFO - [2022-08-19 16:49:11,278] {dag.py:2931} INFO - Setting next_dagrun for example_short_circuit_operator to 2022-08-18T16:49:11.277959+00:00, run_after=2022-08-19T16:49:11.277959+00:00
[2022-08-19 16:49:11,308] {processor.py:161} INFO - Processing /home/airflow/.local/lib/python3.7/site-packages/airflow/example_dags/example_short_circuit_operator.py took 0.552 seconds
[2022-08-19 16:49:42,182] {processor.py:153} INFO - Started process (PID=95) to work on /home/airflow/.local/lib/python3.7/site-packages/airflow/example_dags/example_short_circuit_operator.py
[2022-08-19 16:49:42,186] {processor.py:641} INFO - Processing file /home/airflow/.local/lib/python3.7/site-packages/airflow/example_dags/example_short_circuit_operator.py for tasks to queue
[2022-08-19 16:49:42,187] {logging_mixin.py:115} INFO - [2022-08-19 16:49:42,186] {dagbag.py:507} INFO - Filling up the DagBag from /home/airflow/.local/lib/python3.7/site-packages/airflow/example_dags/example_short_circuit_operator.py
[2022-08-19 16:49:42,199] {processor.py:651} INFO - DAG(s) dict_keys(['example_short_circuit_operator']) retrieved from /home/airflow/.local/lib/python3.7/site-packages/airflow/example_dags/example_short_circuit_operator.py
[2022-08-19 16:49:42,237] {logging_mixin.py:115} INFO - [2022-08-19 16:49:42,237] {dag.py:2379} INFO - Sync 1 DAGs
[2022-08-19 16:49:42,270] {logging_mixin.py:115} INFO - [2022-08-19 16:49:42,270] {dag.py:2931} INFO - Setting next_dagrun for example_short_circuit_operator to 2022-08-18T16:49:42.269736+00:00, run_after=2022-08-19T16:49:42.269736+00:00
[2022-08-19 16:49:42,298] {processor.py:161} INFO - Processing /home/airflow/.local/lib/python3.7/site-packages/airflow/example_dags/example_short_circuit_operator.py took 0.120 seconds
[2022-08-19 16:50:12,612] {processor.py:153} INFO - Started process (PID=149) to work on /home/airflow/.local/lib/python3.7/site-packages/airflow/example_dags/example_short_circuit_operator.py
[2022-08-19 16:50:12,617] {processor.py:641} INFO - Processing file /home/airflow/.local/lib/python3.7/site-packages/airflow/example_dags/example_short_circuit_operator.py for tasks to queue
[2022-08-19 16:50:12,617] {logging_mixin.py:115} INFO - [2022-08-19 16:50:12,617] {dagbag.py:507} INFO - Filling up the DagBag from /home/airflow/.local/lib/python3.7/site-packages/airflow/example_dags/example_short_circuit_operator.py
[2022-08-19 16:50:12,629] {processor.py:651} INFO - DAG(s) dict_keys(['example_short_circuit_operator']) retrieved from /home/airflow/.local/lib/python3.7/site-packages/airflow/example_dags/example_short_circuit_operator.py
[2022-08-19 16:50:12,669] {logging_mixin.py:115} INFO - [2022-08-19 16:50:12,669] {dag.py:2379} INFO - Sync 1 DAGs
[2022-08-19 16:50:12,698] {logging_mixin.py:115} INFO - [2022-08-19 16:50:12,698] {dag.py:2931} INFO - Setting next_dagrun for example_short_circuit_operator to 2022-08-18T16:50:12.698209+00:00, run_after=2022-08-19T16:50:12.698209+00:00
[2022-08-19 16:50:12,715] {processor.py:161} INFO - Processing /home/airflow/.local/lib/python3.7/site-packages/airflow/example_dags/example_short_circuit_operator.py took 0.106 seconds
[2022-08-19 16:50:43,201] {processor.py:153} INFO - Started process (PID=210) to work on /home/airflow/.local/lib/python3.7/site-packages/airflow/example_dags/example_short_circuit_operator.py
[2022-08-19 16:50:43,202] {processor.py:641} INFO - Processing file /home/airflow/.local/lib/python3.7/site-packages/airflow/example_dags/example_short_circuit_operator.py for tasks to queue
[2022-08-19 16:50:43,203] {logging_mixin.py:115} INFO - [2022-08-19 16:50:43,203] {dagbag.py:507} INFO - Filling up the DagBag from /home/airflow/.local/lib/python3.7/site-packages/airflow/example_dags/example_short_circuit_operator.py
[2022-08-19 16:50:43,221] {processor.py:651} INFO - DAG(s) dict_keys(['example_short_circuit_operator']) retrieved from /home/airflow/.local/lib/python3.7/site-packages/airflow/example_dags/example_short_circuit_operator.py
[2022-08-19 16:50:43,269] {logging_mixin.py:115} INFO - [2022-08-19 16:50:43,269] {dag.py:2379} INFO - Sync 1 DAGs
[2022-08-19 16:50:43,307] {logging_mixin.py:115} INFO - [2022-08-19 16:50:43,307] {dag.py:2931} INFO - Setting next_dagrun for example_short_circuit_operator to 2022-08-18T16:50:43.307196+00:00, run_after=2022-08-19T16:50:43.307196+00:00
[2022-08-19 16:50:43,327] {processor.py:161} INFO - Processing /home/airflow/.local/lib/python3.7/site-packages/airflow/example_dags/example_short_circuit_operator.py took 0.131 seconds
[2022-08-19 16:51:13,740] {processor.py:153} INFO - Started process (PID=264) to work on /home/airflow/.local/lib/python3.7/site-packages/airflow/example_dags/example_short_circuit_operator.py
[2022-08-19 16:51:13,742] {processor.py:641} INFO - Processing file /home/airflow/.local/lib/python3.7/site-packages/airflow/example_dags/example_short_circuit_operator.py for tasks to queue
[2022-08-19 16:51:13,745] {logging_mixin.py:115} INFO - [2022-08-19 16:51:13,744] {dagbag.py:507} INFO - Filling up the DagBag from /home/airflow/.local/lib/python3.7/site-packages/airflow/example_dags/example_short_circuit_operator.py
[2022-08-19 16:51:13,794] {processor.py:651} INFO - DAG(s) dict_keys(['example_short_circuit_operator']) retrieved from /home/airflow/.local/lib/python3.7/site-packages/airflow/example_dags/example_short_circuit_operator.py
[2022-08-19 16:51:13,861] {logging_mixin.py:115} INFO - [2022-08-19 16:51:13,860] {dag.py:2379} INFO - Sync 1 DAGs
[2022-08-19 16:51:13,893] {logging_mixin.py:115} INFO - [2022-08-19 16:51:13,892] {dag.py:2931} INFO - Setting next_dagrun for example_short_circuit_operator to 2022-08-18T16:51:13.892567+00:00, run_after=2022-08-19T16:51:13.892567+00:00
[2022-08-19 16:51:13,915] {processor.py:161} INFO - Processing /home/airflow/.local/lib/python3.7/site-packages/airflow/example_dags/example_short_circuit_operator.py took 0.184 seconds
[2022-08-19 16:51:44,131] {processor.py:153} INFO - Started process (PID=328) to work on /home/airflow/.local/lib/python3.7/site-packages/airflow/example_dags/example_short_circuit_operator.py
[2022-08-19 16:51:44,133] {processor.py:641} INFO - Processing file /home/airflow/.local/lib/python3.7/site-packages/airflow/example_dags/example_short_circuit_operator.py for tasks to queue
[2022-08-19 16:51:44,136] {logging_mixin.py:115} INFO - [2022-08-19 16:51:44,135] {dagbag.py:507} INFO - Filling up the DagBag from /home/airflow/.local/lib/python3.7/site-packages/airflow/example_dags/example_short_circuit_operator.py
[2022-08-19 16:51:44,173] {processor.py:651} INFO - DAG(s) dict_keys(['example_short_circuit_operator']) retrieved from /home/airflow/.local/lib/python3.7/site-packages/airflow/example_dags/example_short_circuit_operator.py
[2022-08-19 16:51:44,240] {logging_mixin.py:115} INFO - [2022-08-19 16:51:44,240] {dag.py:2379} INFO - Sync 1 DAGs
[2022-08-19 16:51:44,275] {logging_mixin.py:115} INFO - [2022-08-19 16:51:44,275] {dag.py:2931} INFO - Setting next_dagrun for example_short_circuit_operator to 2022-08-18T16:51:44.274981+00:00, run_after=2022-08-19T16:51:44.274981+00:00
[2022-08-19 16:51:44,300] {processor.py:161} INFO - Processing /home/airflow/.local/lib/python3.7/site-packages/airflow/example_dags/example_short_circuit_operator.py took 0.182 seconds
[2022-08-19 16:52:14,689] {processor.py:153} INFO - Started process (PID=382) to work on /home/airflow/.local/lib/python3.7/site-packages/airflow/example_dags/example_short_circuit_operator.py
[2022-08-19 16:52:14,692] {processor.py:641} INFO - Processing file /home/airflow/.local/lib/python3.7/site-packages/airflow/example_dags/example_short_circuit_operator.py for tasks to queue
[2022-08-19 16:52:14,694] {logging_mixin.py:115} INFO - [2022-08-19 16:52:14,694] {dagbag.py:507} INFO - Filling up the DagBag from /home/airflow/.local/lib/python3.7/site-packages/airflow/example_dags/example_short_circuit_operator.py
[2022-08-19 16:52:14,741] {processor.py:651} INFO - DAG(s) dict_keys(['example_short_circuit_operator']) retrieved from /home/airflow/.local/lib/python3.7/site-packages/airflow/example_dags/example_short_circuit_operator.py
[2022-08-19 16:52:14,787] {logging_mixin.py:115} INFO - [2022-08-19 16:52:14,787] {dag.py:2379} INFO - Sync 1 DAGs
[2022-08-19 16:52:14,814] {logging_mixin.py:115} INFO - [2022-08-19 16:52:14,814] {dag.py:2931} INFO - Setting next_dagrun for example_short_circuit_operator to 2022-08-18T16:52:14.814302+00:00, run_after=2022-08-19T16:52:14.814302+00:00
[2022-08-19 16:52:14,838] {processor.py:161} INFO - Processing /home/airflow/.local/lib/python3.7/site-packages/airflow/example_dags/example_short_circuit_operator.py took 0.161 seconds
[2022-08-19 16:52:45,126] {processor.py:153} INFO - Started process (PID=445) to work on /home/airflow/.local/lib/python3.7/site-packages/airflow/example_dags/example_short_circuit_operator.py
[2022-08-19 16:52:45,128] {processor.py:641} INFO - Processing file /home/airflow/.local/lib/python3.7/site-packages/airflow/example_dags/example_short_circuit_operator.py for tasks to queue
[2022-08-19 16:52:45,129] {logging_mixin.py:115} INFO - [2022-08-19 16:52:45,129] {dagbag.py:507} INFO - Filling up the DagBag from /home/airflow/.local/lib/python3.7/site-packages/airflow/example_dags/example_short_circuit_operator.py
[2022-08-19 16:52:45,149] {processor.py:651} INFO - DAG(s) dict_keys(['example_short_circuit_operator']) retrieved from /home/airflow/.local/lib/python3.7/site-packages/airflow/example_dags/example_short_circuit_operator.py
[2022-08-19 16:52:45,185] {logging_mixin.py:115} INFO - [2022-08-19 16:52:45,184] {dag.py:2379} INFO - Sync 1 DAGs
[2022-08-19 16:52:45,213] {logging_mixin.py:115} INFO - [2022-08-19 16:52:45,212] {dag.py:2931} INFO - Setting next_dagrun for example_short_circuit_operator to 2022-08-18T16:52:45.212344+00:00, run_after=2022-08-19T16:52:45.212344+00:00
[2022-08-19 16:52:45,232] {processor.py:161} INFO - Processing /home/airflow/.local/lib/python3.7/site-packages/airflow/example_dags/example_short_circuit_operator.py took 0.119 seconds
[2022-08-19 16:53:15,749] {processor.py:153} INFO - Started process (PID=508) to work on /home/airflow/.local/lib/python3.7/site-packages/airflow/example_dags/example_short_circuit_operator.py
[2022-08-19 16:53:15,751] {processor.py:641} INFO - Processing file /home/airflow/.local/lib/python3.7/site-packages/airflow/example_dags/example_short_circuit_operator.py for tasks to queue
[2022-08-19 16:53:15,752] {logging_mixin.py:115} INFO - [2022-08-19 16:53:15,751] {dagbag.py:507} INFO - Filling up the DagBag from /home/airflow/.local/lib/python3.7/site-packages/airflow/example_dags/example_short_circuit_operator.py
[2022-08-19 16:53:15,764] {processor.py:651} INFO - DAG(s) dict_keys(['example_short_circuit_operator']) retrieved from /home/airflow/.local/lib/python3.7/site-packages/airflow/example_dags/example_short_circuit_operator.py
[2022-08-19 16:53:15,807] {logging_mixin.py:115} INFO - [2022-08-19 16:53:15,806] {dag.py:2379} INFO - Sync 1 DAGs
[2022-08-19 16:53:15,837] {logging_mixin.py:115} INFO - [2022-08-19 16:53:15,837] {dag.py:2931} INFO - Setting next_dagrun for example_short_circuit_operator to 2022-08-18T16:53:15.836814+00:00, run_after=2022-08-19T16:53:15.836814+00:00
[2022-08-19 16:53:15,880] {processor.py:161} INFO - Processing /home/airflow/.local/lib/python3.7/site-packages/airflow/example_dags/example_short_circuit_operator.py took 0.134 seconds
[2022-08-19 16:53:46,661] {processor.py:153} INFO - Started process (PID=562) to work on /home/airflow/.local/lib/python3.7/site-packages/airflow/example_dags/example_short_circuit_operator.py
[2022-08-19 16:53:46,662] {processor.py:641} INFO - Processing file /home/airflow/.local/lib/python3.7/site-packages/airflow/example_dags/example_short_circuit_operator.py for tasks to queue
[2022-08-19 16:53:46,662] {logging_mixin.py:115} INFO - [2022-08-19 16:53:46,662] {dagbag.py:507} INFO - Filling up the DagBag from /home/airflow/.local/lib/python3.7/site-packages/airflow/example_dags/example_short_circuit_operator.py
[2022-08-19 16:53:46,671] {processor.py:651} INFO - DAG(s) dict_keys(['example_short_circuit_operator']) retrieved from /home/airflow/.local/lib/python3.7/site-packages/airflow/example_dags/example_short_circuit_operator.py
[2022-08-19 16:53:46,700] {logging_mixin.py:115} INFO - [2022-08-19 16:53:46,700] {dag.py:2379} INFO - Sync 1 DAGs
[2022-08-19 16:53:46,725] {logging_mixin.py:115} INFO - [2022-08-19 16:53:46,725] {dag.py:2931} INFO - Setting next_dagrun for example_short_circuit_operator to 2022-08-18T16:53:46.724986+00:00, run_after=2022-08-19T16:53:46.724986+00:00
[2022-08-19 16:53:46,740] {processor.py:161} INFO - Processing /home/airflow/.local/lib/python3.7/site-packages/airflow/example_dags/example_short_circuit_operator.py took 0.082 seconds
