[2022-08-19 00:59:28,059] {processor.py:153} INFO - Started process (PID=73) to work on /home/airflow/.local/lib/python3.7/site-packages/airflow/example_dags/example_external_task_marker_dag.py
[2022-08-19 00:59:28,061] {processor.py:641} INFO - Processing file /home/airflow/.local/lib/python3.7/site-packages/airflow/example_dags/example_external_task_marker_dag.py for tasks to queue
[2022-08-19 00:59:28,062] {logging_mixin.py:115} INFO - [2022-08-19 00:59:28,062] {dagbag.py:507} INFO - Filling up the DagBag from /home/airflow/.local/lib/python3.7/site-packages/airflow/example_dags/example_external_task_marker_dag.py
[2022-08-19 00:59:28,074] {processor.py:651} INFO - DAG(s) dict_keys(['example_external_task_marker_parent', 'example_external_task_marker_child']) retrieved from /home/airflow/.local/lib/python3.7/site-packages/airflow/example_dags/example_external_task_marker_dag.py
[2022-08-19 00:59:28,210] {logging_mixin.py:115} INFO - [2022-08-19 00:59:28,210] {dag.py:2379} INFO - Sync 2 DAGs
[2022-08-19 00:59:28,251] {logging_mixin.py:115} INFO - [2022-08-19 00:59:28,251] {dag.py:2931} INFO - Setting next_dagrun for example_external_task_marker_child to None, run_after=None
[2022-08-19 00:59:28,252] {logging_mixin.py:115} INFO - [2022-08-19 00:59:28,252] {dag.py:2931} INFO - Setting next_dagrun for example_external_task_marker_parent to None, run_after=None
[2022-08-19 00:59:28,295] {processor.py:161} INFO - Processing /home/airflow/.local/lib/python3.7/site-packages/airflow/example_dags/example_external_task_marker_dag.py took 0.246 seconds
[2022-08-19 00:59:58,509] {processor.py:153} INFO - Started process (PID=126) to work on /home/airflow/.local/lib/python3.7/site-packages/airflow/example_dags/example_external_task_marker_dag.py
[2022-08-19 00:59:58,510] {processor.py:641} INFO - Processing file /home/airflow/.local/lib/python3.7/site-packages/airflow/example_dags/example_external_task_marker_dag.py for tasks to queue
[2022-08-19 00:59:58,512] {logging_mixin.py:115} INFO - [2022-08-19 00:59:58,512] {dagbag.py:507} INFO - Filling up the DagBag from /home/airflow/.local/lib/python3.7/site-packages/airflow/example_dags/example_external_task_marker_dag.py
[2022-08-19 00:59:58,517] {processor.py:651} INFO - DAG(s) dict_keys(['example_external_task_marker_parent', 'example_external_task_marker_child']) retrieved from /home/airflow/.local/lib/python3.7/site-packages/airflow/example_dags/example_external_task_marker_dag.py
[2022-08-19 00:59:58,586] {logging_mixin.py:115} INFO - [2022-08-19 00:59:58,586] {dag.py:2379} INFO - Sync 2 DAGs
[2022-08-19 00:59:58,628] {logging_mixin.py:115} INFO - [2022-08-19 00:59:58,627] {dag.py:2931} INFO - Setting next_dagrun for example_external_task_marker_child to None, run_after=None
[2022-08-19 00:59:58,628] {logging_mixin.py:115} INFO - [2022-08-19 00:59:58,628] {dag.py:2931} INFO - Setting next_dagrun for example_external_task_marker_parent to None, run_after=None
[2022-08-19 00:59:58,650] {processor.py:161} INFO - Processing /home/airflow/.local/lib/python3.7/site-packages/airflow/example_dags/example_external_task_marker_dag.py took 0.146 seconds
[2022-08-19 01:10:25,315] {processor.py:153} INFO - Started process (PID=74) to work on /home/airflow/.local/lib/python3.7/site-packages/airflow/example_dags/example_external_task_marker_dag.py
[2022-08-19 01:10:25,320] {processor.py:641} INFO - Processing file /home/airflow/.local/lib/python3.7/site-packages/airflow/example_dags/example_external_task_marker_dag.py for tasks to queue
[2022-08-19 01:10:25,322] {logging_mixin.py:115} INFO - [2022-08-19 01:10:25,322] {dagbag.py:507} INFO - Filling up the DagBag from /home/airflow/.local/lib/python3.7/site-packages/airflow/example_dags/example_external_task_marker_dag.py
[2022-08-19 01:10:25,336] {processor.py:651} INFO - DAG(s) dict_keys(['example_external_task_marker_parent', 'example_external_task_marker_child']) retrieved from /home/airflow/.local/lib/python3.7/site-packages/airflow/example_dags/example_external_task_marker_dag.py
[2022-08-19 01:10:25,469] {logging_mixin.py:115} INFO - [2022-08-19 01:10:25,469] {dag.py:2379} INFO - Sync 2 DAGs
[2022-08-19 01:10:25,794] {logging_mixin.py:115} INFO - [2022-08-19 01:10:25,794] {dag.py:2931} INFO - Setting next_dagrun for example_external_task_marker_child to None, run_after=None
[2022-08-19 01:10:25,795] {logging_mixin.py:115} INFO - [2022-08-19 01:10:25,795] {dag.py:2931} INFO - Setting next_dagrun for example_external_task_marker_parent to None, run_after=None
[2022-08-19 01:10:25,814] {processor.py:161} INFO - Processing /home/airflow/.local/lib/python3.7/site-packages/airflow/example_dags/example_external_task_marker_dag.py took 0.508 seconds
[2022-08-19 01:10:56,464] {processor.py:153} INFO - Started process (PID=128) to work on /home/airflow/.local/lib/python3.7/site-packages/airflow/example_dags/example_external_task_marker_dag.py
[2022-08-19 01:10:56,464] {processor.py:641} INFO - Processing file /home/airflow/.local/lib/python3.7/site-packages/airflow/example_dags/example_external_task_marker_dag.py for tasks to queue
[2022-08-19 01:10:56,465] {logging_mixin.py:115} INFO - [2022-08-19 01:10:56,465] {dagbag.py:507} INFO - Filling up the DagBag from /home/airflow/.local/lib/python3.7/site-packages/airflow/example_dags/example_external_task_marker_dag.py
[2022-08-19 01:10:56,469] {processor.py:651} INFO - DAG(s) dict_keys(['example_external_task_marker_parent', 'example_external_task_marker_child']) retrieved from /home/airflow/.local/lib/python3.7/site-packages/airflow/example_dags/example_external_task_marker_dag.py
[2022-08-19 01:10:56,522] {logging_mixin.py:115} INFO - [2022-08-19 01:10:56,522] {dag.py:2379} INFO - Sync 2 DAGs
[2022-08-19 01:10:56,680] {logging_mixin.py:115} INFO - [2022-08-19 01:10:56,680] {dag.py:2931} INFO - Setting next_dagrun for example_external_task_marker_child to None, run_after=None
[2022-08-19 01:10:56,681] {logging_mixin.py:115} INFO - [2022-08-19 01:10:56,680] {dag.py:2931} INFO - Setting next_dagrun for example_external_task_marker_parent to None, run_after=None
[2022-08-19 01:10:56,708] {processor.py:161} INFO - Processing /home/airflow/.local/lib/python3.7/site-packages/airflow/example_dags/example_external_task_marker_dag.py took 0.246 seconds
[2022-08-19 01:11:26,826] {processor.py:153} INFO - Started process (PID=187) to work on /home/airflow/.local/lib/python3.7/site-packages/airflow/example_dags/example_external_task_marker_dag.py
[2022-08-19 01:11:26,827] {processor.py:641} INFO - Processing file /home/airflow/.local/lib/python3.7/site-packages/airflow/example_dags/example_external_task_marker_dag.py for tasks to queue
[2022-08-19 01:11:26,828] {logging_mixin.py:115} INFO - [2022-08-19 01:11:26,828] {dagbag.py:507} INFO - Filling up the DagBag from /home/airflow/.local/lib/python3.7/site-packages/airflow/example_dags/example_external_task_marker_dag.py
[2022-08-19 01:11:26,842] {processor.py:651} INFO - DAG(s) dict_keys(['example_external_task_marker_parent', 'example_external_task_marker_child']) retrieved from /home/airflow/.local/lib/python3.7/site-packages/airflow/example_dags/example_external_task_marker_dag.py
[2022-08-19 01:11:26,949] {logging_mixin.py:115} INFO - [2022-08-19 01:11:26,949] {dag.py:2379} INFO - Sync 2 DAGs
[2022-08-19 01:11:27,282] {logging_mixin.py:115} INFO - [2022-08-19 01:11:27,282] {dag.py:2931} INFO - Setting next_dagrun for example_external_task_marker_child to None, run_after=None
[2022-08-19 01:11:27,283] {logging_mixin.py:115} INFO - [2022-08-19 01:11:27,282] {dag.py:2931} INFO - Setting next_dagrun for example_external_task_marker_parent to None, run_after=None
[2022-08-19 01:11:27,317] {processor.py:161} INFO - Processing /home/airflow/.local/lib/python3.7/site-packages/airflow/example_dags/example_external_task_marker_dag.py took 0.494 seconds
[2022-08-19 01:11:57,369] {processor.py:153} INFO - Started process (PID=243) to work on /home/airflow/.local/lib/python3.7/site-packages/airflow/example_dags/example_external_task_marker_dag.py
[2022-08-19 01:11:57,369] {processor.py:641} INFO - Processing file /home/airflow/.local/lib/python3.7/site-packages/airflow/example_dags/example_external_task_marker_dag.py for tasks to queue
[2022-08-19 01:11:57,369] {logging_mixin.py:115} INFO - [2022-08-19 01:11:57,369] {dagbag.py:507} INFO - Filling up the DagBag from /home/airflow/.local/lib/python3.7/site-packages/airflow/example_dags/example_external_task_marker_dag.py
[2022-08-19 01:11:57,373] {processor.py:651} INFO - DAG(s) dict_keys(['example_external_task_marker_parent', 'example_external_task_marker_child']) retrieved from /home/airflow/.local/lib/python3.7/site-packages/airflow/example_dags/example_external_task_marker_dag.py
[2022-08-19 01:11:57,453] {logging_mixin.py:115} INFO - [2022-08-19 01:11:57,453] {dag.py:2379} INFO - Sync 2 DAGs
[2022-08-19 01:11:57,604] {logging_mixin.py:115} INFO - [2022-08-19 01:11:57,604] {dag.py:2931} INFO - Setting next_dagrun for example_external_task_marker_child to None, run_after=None
[2022-08-19 01:11:57,605] {logging_mixin.py:115} INFO - [2022-08-19 01:11:57,604] {dag.py:2931} INFO - Setting next_dagrun for example_external_task_marker_parent to None, run_after=None
[2022-08-19 01:11:57,618] {processor.py:161} INFO - Processing /home/airflow/.local/lib/python3.7/site-packages/airflow/example_dags/example_external_task_marker_dag.py took 0.252 seconds
[2022-08-19 01:12:27,815] {processor.py:153} INFO - Started process (PID=298) to work on /home/airflow/.local/lib/python3.7/site-packages/airflow/example_dags/example_external_task_marker_dag.py
[2022-08-19 01:12:27,816] {processor.py:641} INFO - Processing file /home/airflow/.local/lib/python3.7/site-packages/airflow/example_dags/example_external_task_marker_dag.py for tasks to queue
[2022-08-19 01:12:27,816] {logging_mixin.py:115} INFO - [2022-08-19 01:12:27,816] {dagbag.py:507} INFO - Filling up the DagBag from /home/airflow/.local/lib/python3.7/site-packages/airflow/example_dags/example_external_task_marker_dag.py
[2022-08-19 01:12:27,820] {processor.py:651} INFO - DAG(s) dict_keys(['example_external_task_marker_parent', 'example_external_task_marker_child']) retrieved from /home/airflow/.local/lib/python3.7/site-packages/airflow/example_dags/example_external_task_marker_dag.py
[2022-08-19 01:12:27,883] {logging_mixin.py:115} INFO - [2022-08-19 01:12:27,883] {dag.py:2379} INFO - Sync 2 DAGs
[2022-08-19 01:12:28,079] {logging_mixin.py:115} INFO - [2022-08-19 01:12:28,079] {dag.py:2931} INFO - Setting next_dagrun for example_external_task_marker_child to None, run_after=None
[2022-08-19 01:12:28,079] {logging_mixin.py:115} INFO - [2022-08-19 01:12:28,079] {dag.py:2931} INFO - Setting next_dagrun for example_external_task_marker_parent to None, run_after=None
[2022-08-19 01:12:28,093] {processor.py:161} INFO - Processing /home/airflow/.local/lib/python3.7/site-packages/airflow/example_dags/example_external_task_marker_dag.py took 0.281 seconds
[2022-08-19 01:12:58,256] {processor.py:153} INFO - Started process (PID=365) to work on /home/airflow/.local/lib/python3.7/site-packages/airflow/example_dags/example_external_task_marker_dag.py
[2022-08-19 01:12:58,257] {processor.py:641} INFO - Processing file /home/airflow/.local/lib/python3.7/site-packages/airflow/example_dags/example_external_task_marker_dag.py for tasks to queue
[2022-08-19 01:12:58,258] {logging_mixin.py:115} INFO - [2022-08-19 01:12:58,258] {dagbag.py:507} INFO - Filling up the DagBag from /home/airflow/.local/lib/python3.7/site-packages/airflow/example_dags/example_external_task_marker_dag.py
[2022-08-19 01:12:58,263] {processor.py:651} INFO - DAG(s) dict_keys(['example_external_task_marker_parent', 'example_external_task_marker_child']) retrieved from /home/airflow/.local/lib/python3.7/site-packages/airflow/example_dags/example_external_task_marker_dag.py
[2022-08-19 01:12:58,361] {logging_mixin.py:115} INFO - [2022-08-19 01:12:58,361] {dag.py:2379} INFO - Sync 2 DAGs
[2022-08-19 01:12:58,624] {logging_mixin.py:115} INFO - [2022-08-19 01:12:58,624] {dag.py:2931} INFO - Setting next_dagrun for example_external_task_marker_child to None, run_after=None
[2022-08-19 01:12:58,625] {logging_mixin.py:115} INFO - [2022-08-19 01:12:58,625] {dag.py:2931} INFO - Setting next_dagrun for example_external_task_marker_parent to None, run_after=None
[2022-08-19 01:12:58,645] {processor.py:161} INFO - Processing /home/airflow/.local/lib/python3.7/site-packages/airflow/example_dags/example_external_task_marker_dag.py took 0.397 seconds
[2022-08-19 01:13:28,761] {processor.py:153} INFO - Started process (PID=429) to work on /home/airflow/.local/lib/python3.7/site-packages/airflow/example_dags/example_external_task_marker_dag.py
[2022-08-19 01:13:28,770] {processor.py:641} INFO - Processing file /home/airflow/.local/lib/python3.7/site-packages/airflow/example_dags/example_external_task_marker_dag.py for tasks to queue
[2022-08-19 01:13:28,771] {logging_mixin.py:115} INFO - [2022-08-19 01:13:28,770] {dagbag.py:507} INFO - Filling up the DagBag from /home/airflow/.local/lib/python3.7/site-packages/airflow/example_dags/example_external_task_marker_dag.py
[2022-08-19 01:13:28,775] {processor.py:651} INFO - DAG(s) dict_keys(['example_external_task_marker_parent', 'example_external_task_marker_child']) retrieved from /home/airflow/.local/lib/python3.7/site-packages/airflow/example_dags/example_external_task_marker_dag.py
[2022-08-19 01:13:28,880] {logging_mixin.py:115} INFO - [2022-08-19 01:13:28,880] {dag.py:2379} INFO - Sync 2 DAGs
[2022-08-19 01:13:29,013] {logging_mixin.py:115} INFO - [2022-08-19 01:13:29,013] {dag.py:2931} INFO - Setting next_dagrun for example_external_task_marker_child to None, run_after=None
[2022-08-19 01:13:29,014] {logging_mixin.py:115} INFO - [2022-08-19 01:13:29,014] {dag.py:2931} INFO - Setting next_dagrun for example_external_task_marker_parent to None, run_after=None
[2022-08-19 01:13:29,025] {processor.py:161} INFO - Processing /home/airflow/.local/lib/python3.7/site-packages/airflow/example_dags/example_external_task_marker_dag.py took 0.267 seconds
[2022-08-19 01:13:59,105] {processor.py:153} INFO - Started process (PID=484) to work on /home/airflow/.local/lib/python3.7/site-packages/airflow/example_dags/example_external_task_marker_dag.py
[2022-08-19 01:13:59,106] {processor.py:641} INFO - Processing file /home/airflow/.local/lib/python3.7/site-packages/airflow/example_dags/example_external_task_marker_dag.py for tasks to queue
[2022-08-19 01:13:59,106] {logging_mixin.py:115} INFO - [2022-08-19 01:13:59,106] {dagbag.py:507} INFO - Filling up the DagBag from /home/airflow/.local/lib/python3.7/site-packages/airflow/example_dags/example_external_task_marker_dag.py
[2022-08-19 01:13:59,115] {processor.py:651} INFO - DAG(s) dict_keys(['example_external_task_marker_parent', 'example_external_task_marker_child']) retrieved from /home/airflow/.local/lib/python3.7/site-packages/airflow/example_dags/example_external_task_marker_dag.py
[2022-08-19 01:13:59,220] {logging_mixin.py:115} INFO - [2022-08-19 01:13:59,220] {dag.py:2379} INFO - Sync 2 DAGs
[2022-08-19 01:13:59,362] {logging_mixin.py:115} INFO - [2022-08-19 01:13:59,362] {dag.py:2931} INFO - Setting next_dagrun for example_external_task_marker_child to None, run_after=None
[2022-08-19 01:13:59,362] {logging_mixin.py:115} INFO - [2022-08-19 01:13:59,362] {dag.py:2931} INFO - Setting next_dagrun for example_external_task_marker_parent to None, run_after=None
[2022-08-19 01:13:59,376] {processor.py:161} INFO - Processing /home/airflow/.local/lib/python3.7/site-packages/airflow/example_dags/example_external_task_marker_dag.py took 0.276 seconds
[2022-08-19 01:14:29,591] {processor.py:153} INFO - Started process (PID=548) to work on /home/airflow/.local/lib/python3.7/site-packages/airflow/example_dags/example_external_task_marker_dag.py
[2022-08-19 01:14:29,592] {processor.py:641} INFO - Processing file /home/airflow/.local/lib/python3.7/site-packages/airflow/example_dags/example_external_task_marker_dag.py for tasks to queue
[2022-08-19 01:14:29,592] {logging_mixin.py:115} INFO - [2022-08-19 01:14:29,592] {dagbag.py:507} INFO - Filling up the DagBag from /home/airflow/.local/lib/python3.7/site-packages/airflow/example_dags/example_external_task_marker_dag.py
[2022-08-19 01:14:29,596] {processor.py:651} INFO - DAG(s) dict_keys(['example_external_task_marker_parent', 'example_external_task_marker_child']) retrieved from /home/airflow/.local/lib/python3.7/site-packages/airflow/example_dags/example_external_task_marker_dag.py
[2022-08-19 01:14:29,645] {logging_mixin.py:115} INFO - [2022-08-19 01:14:29,645] {dag.py:2379} INFO - Sync 2 DAGs
[2022-08-19 01:14:29,815] {logging_mixin.py:115} INFO - [2022-08-19 01:14:29,815] {dag.py:2931} INFO - Setting next_dagrun for example_external_task_marker_child to None, run_after=None
[2022-08-19 01:14:29,815] {logging_mixin.py:115} INFO - [2022-08-19 01:14:29,815] {dag.py:2931} INFO - Setting next_dagrun for example_external_task_marker_parent to None, run_after=None
[2022-08-19 01:14:29,832] {processor.py:161} INFO - Processing /home/airflow/.local/lib/python3.7/site-packages/airflow/example_dags/example_external_task_marker_dag.py took 0.244 seconds
[2022-08-19 01:15:00,217] {processor.py:153} INFO - Started process (PID=603) to work on /home/airflow/.local/lib/python3.7/site-packages/airflow/example_dags/example_external_task_marker_dag.py
[2022-08-19 01:15:00,217] {processor.py:641} INFO - Processing file /home/airflow/.local/lib/python3.7/site-packages/airflow/example_dags/example_external_task_marker_dag.py for tasks to queue
[2022-08-19 01:15:00,219] {logging_mixin.py:115} INFO - [2022-08-19 01:15:00,219] {dagbag.py:507} INFO - Filling up the DagBag from /home/airflow/.local/lib/python3.7/site-packages/airflow/example_dags/example_external_task_marker_dag.py
[2022-08-19 01:15:00,225] {processor.py:651} INFO - DAG(s) dict_keys(['example_external_task_marker_parent', 'example_external_task_marker_child']) retrieved from /home/airflow/.local/lib/python3.7/site-packages/airflow/example_dags/example_external_task_marker_dag.py
[2022-08-19 01:15:00,305] {logging_mixin.py:115} INFO - [2022-08-19 01:15:00,305] {dag.py:2379} INFO - Sync 2 DAGs
[2022-08-19 01:15:00,492] {logging_mixin.py:115} INFO - [2022-08-19 01:15:00,492] {dag.py:2931} INFO - Setting next_dagrun for example_external_task_marker_child to None, run_after=None
[2022-08-19 01:15:00,492] {logging_mixin.py:115} INFO - [2022-08-19 01:15:00,492] {dag.py:2931} INFO - Setting next_dagrun for example_external_task_marker_parent to None, run_after=None
[2022-08-19 01:15:00,509] {processor.py:161} INFO - Processing /home/airflow/.local/lib/python3.7/site-packages/airflow/example_dags/example_external_task_marker_dag.py took 0.295 seconds
[2022-08-19 01:21:25,860] {processor.py:153} INFO - Started process (PID=65) to work on /home/airflow/.local/lib/python3.7/site-packages/airflow/example_dags/example_external_task_marker_dag.py
[2022-08-19 01:21:25,865] {processor.py:641} INFO - Processing file /home/airflow/.local/lib/python3.7/site-packages/airflow/example_dags/example_external_task_marker_dag.py for tasks to queue
[2022-08-19 01:21:25,869] {logging_mixin.py:115} INFO - [2022-08-19 01:21:25,869] {dagbag.py:507} INFO - Filling up the DagBag from /home/airflow/.local/lib/python3.7/site-packages/airflow/example_dags/example_external_task_marker_dag.py
[2022-08-19 01:21:25,893] {processor.py:651} INFO - DAG(s) dict_keys(['example_external_task_marker_parent', 'example_external_task_marker_child']) retrieved from /home/airflow/.local/lib/python3.7/site-packages/airflow/example_dags/example_external_task_marker_dag.py
[2022-08-19 01:21:26,091] {logging_mixin.py:115} INFO - [2022-08-19 01:21:26,090] {dag.py:2379} INFO - Sync 2 DAGs
[2022-08-19 01:21:26,163] {logging_mixin.py:115} INFO - [2022-08-19 01:21:26,163] {dag.py:2931} INFO - Setting next_dagrun for example_external_task_marker_child to None, run_after=None
[2022-08-19 01:21:26,170] {logging_mixin.py:115} INFO - [2022-08-19 01:21:26,170] {dag.py:2931} INFO - Setting next_dagrun for example_external_task_marker_parent to None, run_after=None
[2022-08-19 01:21:26,214] {processor.py:161} INFO - Processing /home/airflow/.local/lib/python3.7/site-packages/airflow/example_dags/example_external_task_marker_dag.py took 0.365 seconds
[2022-08-19 01:21:58,121] {processor.py:153} INFO - Started process (PID=133) to work on /home/airflow/.local/lib/python3.7/site-packages/airflow/example_dags/example_external_task_marker_dag.py
[2022-08-19 01:21:58,129] {processor.py:641} INFO - Processing file /home/airflow/.local/lib/python3.7/site-packages/airflow/example_dags/example_external_task_marker_dag.py for tasks to queue
[2022-08-19 01:21:58,131] {logging_mixin.py:115} INFO - [2022-08-19 01:21:58,131] {dagbag.py:507} INFO - Filling up the DagBag from /home/airflow/.local/lib/python3.7/site-packages/airflow/example_dags/example_external_task_marker_dag.py
[2022-08-19 01:21:58,136] {processor.py:651} INFO - DAG(s) dict_keys(['example_external_task_marker_parent', 'example_external_task_marker_child']) retrieved from /home/airflow/.local/lib/python3.7/site-packages/airflow/example_dags/example_external_task_marker_dag.py
[2022-08-19 01:21:58,360] {logging_mixin.py:115} INFO - [2022-08-19 01:21:58,360] {dag.py:2379} INFO - Sync 2 DAGs
[2022-08-19 01:21:58,415] {logging_mixin.py:115} INFO - [2022-08-19 01:21:58,415] {dag.py:2931} INFO - Setting next_dagrun for example_external_task_marker_child to None, run_after=None
[2022-08-19 01:21:58,416] {logging_mixin.py:115} INFO - [2022-08-19 01:21:58,416] {dag.py:2931} INFO - Setting next_dagrun for example_external_task_marker_parent to None, run_after=None
[2022-08-19 01:21:58,456] {processor.py:161} INFO - Processing /home/airflow/.local/lib/python3.7/site-packages/airflow/example_dags/example_external_task_marker_dag.py took 0.338 seconds
[2022-08-19 01:22:28,966] {processor.py:153} INFO - Started process (PID=189) to work on /home/airflow/.local/lib/python3.7/site-packages/airflow/example_dags/example_external_task_marker_dag.py
[2022-08-19 01:22:28,966] {processor.py:641} INFO - Processing file /home/airflow/.local/lib/python3.7/site-packages/airflow/example_dags/example_external_task_marker_dag.py for tasks to queue
[2022-08-19 01:22:28,967] {logging_mixin.py:115} INFO - [2022-08-19 01:22:28,966] {dagbag.py:507} INFO - Filling up the DagBag from /home/airflow/.local/lib/python3.7/site-packages/airflow/example_dags/example_external_task_marker_dag.py
[2022-08-19 01:22:28,972] {processor.py:651} INFO - DAG(s) dict_keys(['example_external_task_marker_parent', 'example_external_task_marker_child']) retrieved from /home/airflow/.local/lib/python3.7/site-packages/airflow/example_dags/example_external_task_marker_dag.py
[2022-08-19 01:22:29,033] {logging_mixin.py:115} INFO - [2022-08-19 01:22:29,033] {dag.py:2379} INFO - Sync 2 DAGs
[2022-08-19 01:22:29,070] {logging_mixin.py:115} INFO - [2022-08-19 01:22:29,070] {dag.py:2931} INFO - Setting next_dagrun for example_external_task_marker_child to None, run_after=None
[2022-08-19 01:22:29,070] {logging_mixin.py:115} INFO - [2022-08-19 01:22:29,070] {dag.py:2931} INFO - Setting next_dagrun for example_external_task_marker_parent to None, run_after=None
[2022-08-19 01:22:29,086] {processor.py:161} INFO - Processing /home/airflow/.local/lib/python3.7/site-packages/airflow/example_dags/example_external_task_marker_dag.py took 0.123 seconds
[2022-08-19 01:22:59,283] {processor.py:153} INFO - Started process (PID=255) to work on /home/airflow/.local/lib/python3.7/site-packages/airflow/example_dags/example_external_task_marker_dag.py
[2022-08-19 01:22:59,284] {processor.py:641} INFO - Processing file /home/airflow/.local/lib/python3.7/site-packages/airflow/example_dags/example_external_task_marker_dag.py for tasks to queue
[2022-08-19 01:22:59,285] {logging_mixin.py:115} INFO - [2022-08-19 01:22:59,284] {dagbag.py:507} INFO - Filling up the DagBag from /home/airflow/.local/lib/python3.7/site-packages/airflow/example_dags/example_external_task_marker_dag.py
[2022-08-19 01:22:59,290] {processor.py:651} INFO - DAG(s) dict_keys(['example_external_task_marker_parent', 'example_external_task_marker_child']) retrieved from /home/airflow/.local/lib/python3.7/site-packages/airflow/example_dags/example_external_task_marker_dag.py
[2022-08-19 01:22:59,355] {logging_mixin.py:115} INFO - [2022-08-19 01:22:59,355] {dag.py:2379} INFO - Sync 2 DAGs
[2022-08-19 01:22:59,399] {logging_mixin.py:115} INFO - [2022-08-19 01:22:59,399] {dag.py:2931} INFO - Setting next_dagrun for example_external_task_marker_child to None, run_after=None
[2022-08-19 01:22:59,400] {logging_mixin.py:115} INFO - [2022-08-19 01:22:59,399] {dag.py:2931} INFO - Setting next_dagrun for example_external_task_marker_parent to None, run_after=None
[2022-08-19 01:22:59,416] {processor.py:161} INFO - Processing /home/airflow/.local/lib/python3.7/site-packages/airflow/example_dags/example_external_task_marker_dag.py took 0.136 seconds
[2022-08-19 01:23:30,025] {processor.py:153} INFO - Started process (PID=310) to work on /home/airflow/.local/lib/python3.7/site-packages/airflow/example_dags/example_external_task_marker_dag.py
[2022-08-19 01:23:30,025] {processor.py:641} INFO - Processing file /home/airflow/.local/lib/python3.7/site-packages/airflow/example_dags/example_external_task_marker_dag.py for tasks to queue
[2022-08-19 01:23:30,026] {logging_mixin.py:115} INFO - [2022-08-19 01:23:30,026] {dagbag.py:507} INFO - Filling up the DagBag from /home/airflow/.local/lib/python3.7/site-packages/airflow/example_dags/example_external_task_marker_dag.py
[2022-08-19 01:23:30,035] {processor.py:651} INFO - DAG(s) dict_keys(['example_external_task_marker_parent', 'example_external_task_marker_child']) retrieved from /home/airflow/.local/lib/python3.7/site-packages/airflow/example_dags/example_external_task_marker_dag.py
[2022-08-19 01:23:30,114] {logging_mixin.py:115} INFO - [2022-08-19 01:23:30,114] {dag.py:2379} INFO - Sync 2 DAGs
[2022-08-19 01:23:30,151] {logging_mixin.py:115} INFO - [2022-08-19 01:23:30,150] {dag.py:2931} INFO - Setting next_dagrun for example_external_task_marker_child to None, run_after=None
[2022-08-19 01:23:30,151] {logging_mixin.py:115} INFO - [2022-08-19 01:23:30,151] {dag.py:2931} INFO - Setting next_dagrun for example_external_task_marker_parent to None, run_after=None
[2022-08-19 01:23:30,169] {processor.py:161} INFO - Processing /home/airflow/.local/lib/python3.7/site-packages/airflow/example_dags/example_external_task_marker_dag.py took 0.149 seconds
[2022-08-19 01:24:00,972] {processor.py:153} INFO - Started process (PID=380) to work on /home/airflow/.local/lib/python3.7/site-packages/airflow/example_dags/example_external_task_marker_dag.py
[2022-08-19 01:24:00,974] {processor.py:641} INFO - Processing file /home/airflow/.local/lib/python3.7/site-packages/airflow/example_dags/example_external_task_marker_dag.py for tasks to queue
[2022-08-19 01:24:00,976] {logging_mixin.py:115} INFO - [2022-08-19 01:24:00,976] {dagbag.py:507} INFO - Filling up the DagBag from /home/airflow/.local/lib/python3.7/site-packages/airflow/example_dags/example_external_task_marker_dag.py
[2022-08-19 01:24:00,997] {processor.py:651} INFO - DAG(s) dict_keys(['example_external_task_marker_parent', 'example_external_task_marker_child']) retrieved from /home/airflow/.local/lib/python3.7/site-packages/airflow/example_dags/example_external_task_marker_dag.py
[2022-08-19 01:24:01,115] {logging_mixin.py:115} INFO - [2022-08-19 01:24:01,115] {dag.py:2379} INFO - Sync 2 DAGs
[2022-08-19 01:24:01,157] {logging_mixin.py:115} INFO - [2022-08-19 01:24:01,156] {dag.py:2931} INFO - Setting next_dagrun for example_external_task_marker_child to None, run_after=None
[2022-08-19 01:24:01,157] {logging_mixin.py:115} INFO - [2022-08-19 01:24:01,157] {dag.py:2931} INFO - Setting next_dagrun for example_external_task_marker_parent to None, run_after=None
[2022-08-19 01:24:01,174] {processor.py:161} INFO - Processing /home/airflow/.local/lib/python3.7/site-packages/airflow/example_dags/example_external_task_marker_dag.py took 0.217 seconds
[2022-08-19 01:24:31,530] {processor.py:153} INFO - Started process (PID=434) to work on /home/airflow/.local/lib/python3.7/site-packages/airflow/example_dags/example_external_task_marker_dag.py
[2022-08-19 01:24:31,531] {processor.py:641} INFO - Processing file /home/airflow/.local/lib/python3.7/site-packages/airflow/example_dags/example_external_task_marker_dag.py for tasks to queue
[2022-08-19 01:24:31,533] {logging_mixin.py:115} INFO - [2022-08-19 01:24:31,532] {dagbag.py:507} INFO - Filling up the DagBag from /home/airflow/.local/lib/python3.7/site-packages/airflow/example_dags/example_external_task_marker_dag.py
[2022-08-19 01:24:31,540] {processor.py:651} INFO - DAG(s) dict_keys(['example_external_task_marker_parent', 'example_external_task_marker_child']) retrieved from /home/airflow/.local/lib/python3.7/site-packages/airflow/example_dags/example_external_task_marker_dag.py
[2022-08-19 01:24:31,689] {logging_mixin.py:115} INFO - [2022-08-19 01:24:31,688] {dag.py:2379} INFO - Sync 2 DAGs
[2022-08-19 01:24:31,738] {logging_mixin.py:115} INFO - [2022-08-19 01:24:31,738] {dag.py:2931} INFO - Setting next_dagrun for example_external_task_marker_child to None, run_after=None
[2022-08-19 01:24:31,738] {logging_mixin.py:115} INFO - [2022-08-19 01:24:31,738] {dag.py:2931} INFO - Setting next_dagrun for example_external_task_marker_parent to None, run_after=None
[2022-08-19 01:24:31,807] {processor.py:161} INFO - Processing /home/airflow/.local/lib/python3.7/site-packages/airflow/example_dags/example_external_task_marker_dag.py took 0.283 seconds
[2022-08-19 01:25:02,067] {processor.py:153} INFO - Started process (PID=497) to work on /home/airflow/.local/lib/python3.7/site-packages/airflow/example_dags/example_external_task_marker_dag.py
[2022-08-19 01:25:02,068] {processor.py:641} INFO - Processing file /home/airflow/.local/lib/python3.7/site-packages/airflow/example_dags/example_external_task_marker_dag.py for tasks to queue
[2022-08-19 01:25:02,070] {logging_mixin.py:115} INFO - [2022-08-19 01:25:02,069] {dagbag.py:507} INFO - Filling up the DagBag from /home/airflow/.local/lib/python3.7/site-packages/airflow/example_dags/example_external_task_marker_dag.py
[2022-08-19 01:25:02,088] {processor.py:651} INFO - DAG(s) dict_keys(['example_external_task_marker_parent', 'example_external_task_marker_child']) retrieved from /home/airflow/.local/lib/python3.7/site-packages/airflow/example_dags/example_external_task_marker_dag.py
[2022-08-19 01:25:02,171] {logging_mixin.py:115} INFO - [2022-08-19 01:25:02,171] {dag.py:2379} INFO - Sync 2 DAGs
[2022-08-19 01:25:02,204] {logging_mixin.py:115} INFO - [2022-08-19 01:25:02,204] {dag.py:2931} INFO - Setting next_dagrun for example_external_task_marker_child to None, run_after=None
[2022-08-19 01:25:02,205] {logging_mixin.py:115} INFO - [2022-08-19 01:25:02,204] {dag.py:2931} INFO - Setting next_dagrun for example_external_task_marker_parent to None, run_after=None
[2022-08-19 01:25:02,219] {processor.py:161} INFO - Processing /home/airflow/.local/lib/python3.7/site-packages/airflow/example_dags/example_external_task_marker_dag.py took 0.169 seconds
[2022-08-19 01:25:32,367] {processor.py:153} INFO - Started process (PID=550) to work on /home/airflow/.local/lib/python3.7/site-packages/airflow/example_dags/example_external_task_marker_dag.py
[2022-08-19 01:25:32,368] {processor.py:641} INFO - Processing file /home/airflow/.local/lib/python3.7/site-packages/airflow/example_dags/example_external_task_marker_dag.py for tasks to queue
[2022-08-19 01:25:32,368] {logging_mixin.py:115} INFO - [2022-08-19 01:25:32,368] {dagbag.py:507} INFO - Filling up the DagBag from /home/airflow/.local/lib/python3.7/site-packages/airflow/example_dags/example_external_task_marker_dag.py
[2022-08-19 01:25:32,375] {processor.py:651} INFO - DAG(s) dict_keys(['example_external_task_marker_parent', 'example_external_task_marker_child']) retrieved from /home/airflow/.local/lib/python3.7/site-packages/airflow/example_dags/example_external_task_marker_dag.py
[2022-08-19 01:25:32,448] {logging_mixin.py:115} INFO - [2022-08-19 01:25:32,448] {dag.py:2379} INFO - Sync 2 DAGs
[2022-08-19 01:25:32,492] {logging_mixin.py:115} INFO - [2022-08-19 01:25:32,491] {dag.py:2931} INFO - Setting next_dagrun for example_external_task_marker_child to None, run_after=None
[2022-08-19 01:25:32,492] {logging_mixin.py:115} INFO - [2022-08-19 01:25:32,492] {dag.py:2931} INFO - Setting next_dagrun for example_external_task_marker_parent to None, run_after=None
[2022-08-19 01:25:32,514] {processor.py:161} INFO - Processing /home/airflow/.local/lib/python3.7/site-packages/airflow/example_dags/example_external_task_marker_dag.py took 0.150 seconds
[2022-08-19 01:26:02,977] {processor.py:153} INFO - Started process (PID=622) to work on /home/airflow/.local/lib/python3.7/site-packages/airflow/example_dags/example_external_task_marker_dag.py
[2022-08-19 01:26:02,983] {processor.py:641} INFO - Processing file /home/airflow/.local/lib/python3.7/site-packages/airflow/example_dags/example_external_task_marker_dag.py for tasks to queue
[2022-08-19 01:26:02,985] {logging_mixin.py:115} INFO - [2022-08-19 01:26:02,985] {dagbag.py:507} INFO - Filling up the DagBag from /home/airflow/.local/lib/python3.7/site-packages/airflow/example_dags/example_external_task_marker_dag.py
[2022-08-19 01:26:03,003] {processor.py:651} INFO - DAG(s) dict_keys(['example_external_task_marker_parent', 'example_external_task_marker_child']) retrieved from /home/airflow/.local/lib/python3.7/site-packages/airflow/example_dags/example_external_task_marker_dag.py
[2022-08-19 01:26:03,210] {logging_mixin.py:115} INFO - [2022-08-19 01:26:03,209] {dag.py:2379} INFO - Sync 2 DAGs
[2022-08-19 01:26:03,294] {logging_mixin.py:115} INFO - [2022-08-19 01:26:03,294] {dag.py:2931} INFO - Setting next_dagrun for example_external_task_marker_child to None, run_after=None
[2022-08-19 01:26:03,295] {logging_mixin.py:115} INFO - [2022-08-19 01:26:03,295] {dag.py:2931} INFO - Setting next_dagrun for example_external_task_marker_parent to None, run_after=None
[2022-08-19 01:26:03,332] {processor.py:161} INFO - Processing /home/airflow/.local/lib/python3.7/site-packages/airflow/example_dags/example_external_task_marker_dag.py took 0.366 seconds
[2022-08-19 01:26:34,145] {processor.py:153} INFO - Started process (PID=679) to work on /home/airflow/.local/lib/python3.7/site-packages/airflow/example_dags/example_external_task_marker_dag.py
[2022-08-19 01:26:34,146] {processor.py:641} INFO - Processing file /home/airflow/.local/lib/python3.7/site-packages/airflow/example_dags/example_external_task_marker_dag.py for tasks to queue
[2022-08-19 01:26:34,146] {logging_mixin.py:115} INFO - [2022-08-19 01:26:34,146] {dagbag.py:507} INFO - Filling up the DagBag from /home/airflow/.local/lib/python3.7/site-packages/airflow/example_dags/example_external_task_marker_dag.py
[2022-08-19 01:26:34,152] {processor.py:651} INFO - DAG(s) dict_keys(['example_external_task_marker_parent', 'example_external_task_marker_child']) retrieved from /home/airflow/.local/lib/python3.7/site-packages/airflow/example_dags/example_external_task_marker_dag.py
[2022-08-19 01:26:34,216] {logging_mixin.py:115} INFO - [2022-08-19 01:26:34,215] {dag.py:2379} INFO - Sync 2 DAGs
[2022-08-19 01:26:34,242] {logging_mixin.py:115} INFO - [2022-08-19 01:26:34,242] {dag.py:2931} INFO - Setting next_dagrun for example_external_task_marker_child to None, run_after=None
[2022-08-19 01:26:34,242] {logging_mixin.py:115} INFO - [2022-08-19 01:26:34,242] {dag.py:2931} INFO - Setting next_dagrun for example_external_task_marker_parent to None, run_after=None
[2022-08-19 01:26:34,257] {processor.py:161} INFO - Processing /home/airflow/.local/lib/python3.7/site-packages/airflow/example_dags/example_external_task_marker_dag.py took 0.115 seconds
[2022-08-19 01:27:04,857] {processor.py:153} INFO - Started process (PID=745) to work on /home/airflow/.local/lib/python3.7/site-packages/airflow/example_dags/example_external_task_marker_dag.py
[2022-08-19 01:27:04,859] {processor.py:641} INFO - Processing file /home/airflow/.local/lib/python3.7/site-packages/airflow/example_dags/example_external_task_marker_dag.py for tasks to queue
[2022-08-19 01:27:04,860] {logging_mixin.py:115} INFO - [2022-08-19 01:27:04,860] {dagbag.py:507} INFO - Filling up the DagBag from /home/airflow/.local/lib/python3.7/site-packages/airflow/example_dags/example_external_task_marker_dag.py
[2022-08-19 01:27:04,874] {processor.py:651} INFO - DAG(s) dict_keys(['example_external_task_marker_parent', 'example_external_task_marker_child']) retrieved from /home/airflow/.local/lib/python3.7/site-packages/airflow/example_dags/example_external_task_marker_dag.py
[2022-08-19 01:27:04,960] {logging_mixin.py:115} INFO - [2022-08-19 01:27:04,960] {dag.py:2379} INFO - Sync 2 DAGs
[2022-08-19 01:27:04,988] {logging_mixin.py:115} INFO - [2022-08-19 01:27:04,987] {dag.py:2931} INFO - Setting next_dagrun for example_external_task_marker_child to None, run_after=None
[2022-08-19 01:27:04,988] {logging_mixin.py:115} INFO - [2022-08-19 01:27:04,988] {dag.py:2931} INFO - Setting next_dagrun for example_external_task_marker_parent to None, run_after=None
[2022-08-19 01:27:05,003] {processor.py:161} INFO - Processing /home/airflow/.local/lib/python3.7/site-packages/airflow/example_dags/example_external_task_marker_dag.py took 0.156 seconds
[2022-08-19 01:27:35,595] {processor.py:153} INFO - Started process (PID=800) to work on /home/airflow/.local/lib/python3.7/site-packages/airflow/example_dags/example_external_task_marker_dag.py
[2022-08-19 01:27:35,598] {processor.py:641} INFO - Processing file /home/airflow/.local/lib/python3.7/site-packages/airflow/example_dags/example_external_task_marker_dag.py for tasks to queue
[2022-08-19 01:27:35,601] {logging_mixin.py:115} INFO - [2022-08-19 01:27:35,600] {dagbag.py:507} INFO - Filling up the DagBag from /home/airflow/.local/lib/python3.7/site-packages/airflow/example_dags/example_external_task_marker_dag.py
[2022-08-19 01:27:35,615] {processor.py:651} INFO - DAG(s) dict_keys(['example_external_task_marker_parent', 'example_external_task_marker_child']) retrieved from /home/airflow/.local/lib/python3.7/site-packages/airflow/example_dags/example_external_task_marker_dag.py
[2022-08-19 01:27:35,673] {logging_mixin.py:115} INFO - [2022-08-19 01:27:35,673] {dag.py:2379} INFO - Sync 2 DAGs
[2022-08-19 01:27:35,699] {logging_mixin.py:115} INFO - [2022-08-19 01:27:35,699] {dag.py:2931} INFO - Setting next_dagrun for example_external_task_marker_child to None, run_after=None
[2022-08-19 01:27:35,699] {logging_mixin.py:115} INFO - [2022-08-19 01:27:35,699] {dag.py:2931} INFO - Setting next_dagrun for example_external_task_marker_parent to None, run_after=None
[2022-08-19 01:27:35,713] {processor.py:161} INFO - Processing /home/airflow/.local/lib/python3.7/site-packages/airflow/example_dags/example_external_task_marker_dag.py took 0.133 seconds
[2022-08-19 01:28:05,772] {processor.py:153} INFO - Started process (PID=864) to work on /home/airflow/.local/lib/python3.7/site-packages/airflow/example_dags/example_external_task_marker_dag.py
[2022-08-19 01:28:05,772] {processor.py:641} INFO - Processing file /home/airflow/.local/lib/python3.7/site-packages/airflow/example_dags/example_external_task_marker_dag.py for tasks to queue
[2022-08-19 01:28:05,773] {logging_mixin.py:115} INFO - [2022-08-19 01:28:05,773] {dagbag.py:507} INFO - Filling up the DagBag from /home/airflow/.local/lib/python3.7/site-packages/airflow/example_dags/example_external_task_marker_dag.py
[2022-08-19 01:28:05,782] {processor.py:651} INFO - DAG(s) dict_keys(['example_external_task_marker_parent', 'example_external_task_marker_child']) retrieved from /home/airflow/.local/lib/python3.7/site-packages/airflow/example_dags/example_external_task_marker_dag.py
[2022-08-19 01:28:05,847] {logging_mixin.py:115} INFO - [2022-08-19 01:28:05,846] {dag.py:2379} INFO - Sync 2 DAGs
[2022-08-19 01:28:05,882] {logging_mixin.py:115} INFO - [2022-08-19 01:28:05,882] {dag.py:2931} INFO - Setting next_dagrun for example_external_task_marker_child to None, run_after=None
[2022-08-19 01:28:05,883] {logging_mixin.py:115} INFO - [2022-08-19 01:28:05,882] {dag.py:2931} INFO - Setting next_dagrun for example_external_task_marker_parent to None, run_after=None
[2022-08-19 01:28:05,905] {processor.py:161} INFO - Processing /home/airflow/.local/lib/python3.7/site-packages/airflow/example_dags/example_external_task_marker_dag.py took 0.137 seconds
[2022-08-19 01:31:10,508] {processor.py:153} INFO - Started process (PID=65) to work on /home/airflow/.local/lib/python3.7/site-packages/airflow/example_dags/example_external_task_marker_dag.py
[2022-08-19 01:31:10,522] {processor.py:641} INFO - Processing file /home/airflow/.local/lib/python3.7/site-packages/airflow/example_dags/example_external_task_marker_dag.py for tasks to queue
[2022-08-19 01:31:10,523] {logging_mixin.py:115} INFO - [2022-08-19 01:31:10,523] {dagbag.py:507} INFO - Filling up the DagBag from /home/airflow/.local/lib/python3.7/site-packages/airflow/example_dags/example_external_task_marker_dag.py
[2022-08-19 01:31:10,529] {processor.py:651} INFO - DAG(s) dict_keys(['example_external_task_marker_parent', 'example_external_task_marker_child']) retrieved from /home/airflow/.local/lib/python3.7/site-packages/airflow/example_dags/example_external_task_marker_dag.py
[2022-08-19 01:31:10,670] {logging_mixin.py:115} INFO - [2022-08-19 01:31:10,670] {dag.py:2379} INFO - Sync 2 DAGs
[2022-08-19 01:31:10,754] {logging_mixin.py:115} INFO - [2022-08-19 01:31:10,754] {dag.py:2931} INFO - Setting next_dagrun for example_external_task_marker_child to None, run_after=None
[2022-08-19 01:31:10,755] {logging_mixin.py:115} INFO - [2022-08-19 01:31:10,754] {dag.py:2931} INFO - Setting next_dagrun for example_external_task_marker_parent to None, run_after=None
[2022-08-19 01:31:10,783] {processor.py:161} INFO - Processing /home/airflow/.local/lib/python3.7/site-packages/airflow/example_dags/example_external_task_marker_dag.py took 0.279 seconds
[2022-08-19 01:31:42,309] {processor.py:153} INFO - Started process (PID=129) to work on /home/airflow/.local/lib/python3.7/site-packages/airflow/example_dags/example_external_task_marker_dag.py
[2022-08-19 01:31:42,310] {processor.py:641} INFO - Processing file /home/airflow/.local/lib/python3.7/site-packages/airflow/example_dags/example_external_task_marker_dag.py for tasks to queue
[2022-08-19 01:31:42,311] {logging_mixin.py:115} INFO - [2022-08-19 01:31:42,311] {dagbag.py:507} INFO - Filling up the DagBag from /home/airflow/.local/lib/python3.7/site-packages/airflow/example_dags/example_external_task_marker_dag.py
[2022-08-19 01:31:42,319] {processor.py:651} INFO - DAG(s) dict_keys(['example_external_task_marker_parent', 'example_external_task_marker_child']) retrieved from /home/airflow/.local/lib/python3.7/site-packages/airflow/example_dags/example_external_task_marker_dag.py
[2022-08-19 01:31:42,506] {logging_mixin.py:115} INFO - [2022-08-19 01:31:42,506] {dag.py:2379} INFO - Sync 2 DAGs
[2022-08-19 01:31:42,600] {logging_mixin.py:115} INFO - [2022-08-19 01:31:42,600] {dag.py:2931} INFO - Setting next_dagrun for example_external_task_marker_child to None, run_after=None
[2022-08-19 01:31:42,600] {logging_mixin.py:115} INFO - [2022-08-19 01:31:42,600] {dag.py:2931} INFO - Setting next_dagrun for example_external_task_marker_parent to None, run_after=None
[2022-08-19 01:31:42,640] {processor.py:161} INFO - Processing /home/airflow/.local/lib/python3.7/site-packages/airflow/example_dags/example_external_task_marker_dag.py took 0.335 seconds
[2022-08-19 01:32:13,325] {processor.py:153} INFO - Started process (PID=185) to work on /home/airflow/.local/lib/python3.7/site-packages/airflow/example_dags/example_external_task_marker_dag.py
[2022-08-19 01:32:13,327] {processor.py:641} INFO - Processing file /home/airflow/.local/lib/python3.7/site-packages/airflow/example_dags/example_external_task_marker_dag.py for tasks to queue
[2022-08-19 01:32:13,327] {logging_mixin.py:115} INFO - [2022-08-19 01:32:13,327] {dagbag.py:507} INFO - Filling up the DagBag from /home/airflow/.local/lib/python3.7/site-packages/airflow/example_dags/example_external_task_marker_dag.py
[2022-08-19 01:32:13,335] {processor.py:651} INFO - DAG(s) dict_keys(['example_external_task_marker_parent', 'example_external_task_marker_child']) retrieved from /home/airflow/.local/lib/python3.7/site-packages/airflow/example_dags/example_external_task_marker_dag.py
[2022-08-19 01:32:13,406] {logging_mixin.py:115} INFO - [2022-08-19 01:32:13,406] {dag.py:2379} INFO - Sync 2 DAGs
[2022-08-19 01:32:13,440] {logging_mixin.py:115} INFO - [2022-08-19 01:32:13,440] {dag.py:2931} INFO - Setting next_dagrun for example_external_task_marker_child to None, run_after=None
[2022-08-19 01:32:13,441] {logging_mixin.py:115} INFO - [2022-08-19 01:32:13,441] {dag.py:2931} INFO - Setting next_dagrun for example_external_task_marker_parent to None, run_after=None
[2022-08-19 01:32:13,452] {processor.py:161} INFO - Processing /home/airflow/.local/lib/python3.7/site-packages/airflow/example_dags/example_external_task_marker_dag.py took 0.131 seconds
[2022-08-19 01:32:44,147] {processor.py:153} INFO - Started process (PID=251) to work on /home/airflow/.local/lib/python3.7/site-packages/airflow/example_dags/example_external_task_marker_dag.py
[2022-08-19 01:32:44,152] {processor.py:641} INFO - Processing file /home/airflow/.local/lib/python3.7/site-packages/airflow/example_dags/example_external_task_marker_dag.py for tasks to queue
[2022-08-19 01:32:44,152] {logging_mixin.py:115} INFO - [2022-08-19 01:32:44,152] {dagbag.py:507} INFO - Filling up the DagBag from /home/airflow/.local/lib/python3.7/site-packages/airflow/example_dags/example_external_task_marker_dag.py
[2022-08-19 01:32:44,165] {processor.py:651} INFO - DAG(s) dict_keys(['example_external_task_marker_parent', 'example_external_task_marker_child']) retrieved from /home/airflow/.local/lib/python3.7/site-packages/airflow/example_dags/example_external_task_marker_dag.py
[2022-08-19 01:32:44,350] {logging_mixin.py:115} INFO - [2022-08-19 01:32:44,350] {dag.py:2379} INFO - Sync 2 DAGs
[2022-08-19 01:32:44,452] {logging_mixin.py:115} INFO - [2022-08-19 01:32:44,452] {dag.py:2931} INFO - Setting next_dagrun for example_external_task_marker_child to None, run_after=None
[2022-08-19 01:32:44,454] {logging_mixin.py:115} INFO - [2022-08-19 01:32:44,454] {dag.py:2931} INFO - Setting next_dagrun for example_external_task_marker_parent to None, run_after=None
[2022-08-19 01:32:44,495] {processor.py:161} INFO - Processing /home/airflow/.local/lib/python3.7/site-packages/airflow/example_dags/example_external_task_marker_dag.py took 0.356 seconds
[2022-08-19 13:48:46,259] {processor.py:153} INFO - Started process (PID=86) to work on /home/airflow/.local/lib/python3.7/site-packages/airflow/example_dags/example_external_task_marker_dag.py
[2022-08-19 13:48:46,270] {processor.py:641} INFO - Processing file /home/airflow/.local/lib/python3.7/site-packages/airflow/example_dags/example_external_task_marker_dag.py for tasks to queue
[2022-08-19 13:48:46,273] {logging_mixin.py:115} INFO - [2022-08-19 13:48:46,273] {dagbag.py:507} INFO - Filling up the DagBag from /home/airflow/.local/lib/python3.7/site-packages/airflow/example_dags/example_external_task_marker_dag.py
[2022-08-19 13:48:46,304] {processor.py:651} INFO - DAG(s) dict_keys(['example_external_task_marker_parent', 'example_external_task_marker_child']) retrieved from /home/airflow/.local/lib/python3.7/site-packages/airflow/example_dags/example_external_task_marker_dag.py
[2022-08-19 13:48:46,900] {logging_mixin.py:115} INFO - [2022-08-19 13:48:46,900] {dag.py:2379} INFO - Sync 2 DAGs
[2022-08-19 13:48:47,112] {logging_mixin.py:115} INFO - [2022-08-19 13:48:47,112] {dag.py:2931} INFO - Setting next_dagrun for example_external_task_marker_child to None, run_after=None
[2022-08-19 13:48:47,113] {logging_mixin.py:115} INFO - [2022-08-19 13:48:47,113] {dag.py:2931} INFO - Setting next_dagrun for example_external_task_marker_parent to None, run_after=None
[2022-08-19 13:48:47,215] {processor.py:161} INFO - Processing /home/airflow/.local/lib/python3.7/site-packages/airflow/example_dags/example_external_task_marker_dag.py took 1.001 seconds
[2022-08-19 13:49:17,616] {processor.py:153} INFO - Started process (PID=131) to work on /home/airflow/.local/lib/python3.7/site-packages/airflow/example_dags/example_external_task_marker_dag.py
[2022-08-19 13:49:17,617] {processor.py:641} INFO - Processing file /home/airflow/.local/lib/python3.7/site-packages/airflow/example_dags/example_external_task_marker_dag.py for tasks to queue
[2022-08-19 13:49:17,619] {logging_mixin.py:115} INFO - [2022-08-19 13:49:17,619] {dagbag.py:507} INFO - Filling up the DagBag from /home/airflow/.local/lib/python3.7/site-packages/airflow/example_dags/example_external_task_marker_dag.py
[2022-08-19 13:49:17,638] {processor.py:651} INFO - DAG(s) dict_keys(['example_external_task_marker_parent', 'example_external_task_marker_child']) retrieved from /home/airflow/.local/lib/python3.7/site-packages/airflow/example_dags/example_external_task_marker_dag.py
[2022-08-19 13:49:17,717] {logging_mixin.py:115} INFO - [2022-08-19 13:49:17,717] {dag.py:2379} INFO - Sync 2 DAGs
[2022-08-19 13:49:17,746] {logging_mixin.py:115} INFO - [2022-08-19 13:49:17,745] {dag.py:2931} INFO - Setting next_dagrun for example_external_task_marker_child to None, run_after=None
[2022-08-19 13:49:17,746] {logging_mixin.py:115} INFO - [2022-08-19 13:49:17,746] {dag.py:2931} INFO - Setting next_dagrun for example_external_task_marker_parent to None, run_after=None
[2022-08-19 13:49:17,762] {processor.py:161} INFO - Processing /home/airflow/.local/lib/python3.7/site-packages/airflow/example_dags/example_external_task_marker_dag.py took 0.163 seconds
[2022-08-19 13:49:48,045] {processor.py:153} INFO - Started process (PID=194) to work on /home/airflow/.local/lib/python3.7/site-packages/airflow/example_dags/example_external_task_marker_dag.py
[2022-08-19 13:49:48,046] {processor.py:641} INFO - Processing file /home/airflow/.local/lib/python3.7/site-packages/airflow/example_dags/example_external_task_marker_dag.py for tasks to queue
[2022-08-19 13:49:48,046] {logging_mixin.py:115} INFO - [2022-08-19 13:49:48,046] {dagbag.py:507} INFO - Filling up the DagBag from /home/airflow/.local/lib/python3.7/site-packages/airflow/example_dags/example_external_task_marker_dag.py
[2022-08-19 13:49:48,050] {processor.py:651} INFO - DAG(s) dict_keys(['example_external_task_marker_parent', 'example_external_task_marker_child']) retrieved from /home/airflow/.local/lib/python3.7/site-packages/airflow/example_dags/example_external_task_marker_dag.py
[2022-08-19 13:49:48,108] {logging_mixin.py:115} INFO - [2022-08-19 13:49:48,107] {dag.py:2379} INFO - Sync 2 DAGs
[2022-08-19 13:49:48,135] {logging_mixin.py:115} INFO - [2022-08-19 13:49:48,135] {dag.py:2931} INFO - Setting next_dagrun for example_external_task_marker_child to None, run_after=None
[2022-08-19 13:49:48,136] {logging_mixin.py:115} INFO - [2022-08-19 13:49:48,136] {dag.py:2931} INFO - Setting next_dagrun for example_external_task_marker_parent to None, run_after=None
[2022-08-19 13:49:48,148] {processor.py:161} INFO - Processing /home/airflow/.local/lib/python3.7/site-packages/airflow/example_dags/example_external_task_marker_dag.py took 0.107 seconds
