[2022-08-19 15:37:58,755] {processor.py:153} INFO - Started process (PID=82) to work on /home/airflow/.local/lib/python3.7/site-packages/airflow/example_dags/example_branch_operator_decorator.py
[2022-08-19 15:37:58,756] {processor.py:641} INFO - Processing file /home/airflow/.local/lib/python3.7/site-packages/airflow/example_dags/example_branch_operator_decorator.py for tasks to queue
[2022-08-19 15:37:58,757] {logging_mixin.py:115} INFO - [2022-08-19 15:37:58,757] {dagbag.py:507} INFO - Filling up the DagBag from /home/airflow/.local/lib/python3.7/site-packages/airflow/example_dags/example_branch_operator_decorator.py
[2022-08-19 15:37:58,789] {processor.py:651} INFO - DAG(s) dict_keys(['example_branch_python_operator_decorator']) retrieved from /home/airflow/.local/lib/python3.7/site-packages/airflow/example_dags/example_branch_operator_decorator.py
[2022-08-19 15:37:59,231] {logging_mixin.py:115} INFO - [2022-08-19 15:37:59,231] {dag.py:2379} INFO - Sync 1 DAGs
[2022-08-19 15:37:59,289] {logging_mixin.py:115} INFO - [2022-08-19 15:37:59,289] {dag.py:2931} INFO - Setting next_dagrun for example_branch_python_operator_decorator to 2022-08-18T00:00:00+00:00, run_after=2022-08-19T00:00:00+00:00
[2022-08-19 15:37:59,852] {processor.py:161} INFO - Processing /home/airflow/.local/lib/python3.7/site-packages/airflow/example_dags/example_branch_operator_decorator.py took 1.102 seconds
[2022-08-19 15:38:30,708] {processor.py:153} INFO - Started process (PID=135) to work on /home/airflow/.local/lib/python3.7/site-packages/airflow/example_dags/example_branch_operator_decorator.py
[2022-08-19 15:38:30,709] {processor.py:641} INFO - Processing file /home/airflow/.local/lib/python3.7/site-packages/airflow/example_dags/example_branch_operator_decorator.py for tasks to queue
[2022-08-19 15:38:30,711] {logging_mixin.py:115} INFO - [2022-08-19 15:38:30,711] {dagbag.py:507} INFO - Filling up the DagBag from /home/airflow/.local/lib/python3.7/site-packages/airflow/example_dags/example_branch_operator_decorator.py
[2022-08-19 15:38:30,759] {processor.py:651} INFO - DAG(s) dict_keys(['example_branch_python_operator_decorator']) retrieved from /home/airflow/.local/lib/python3.7/site-packages/airflow/example_dags/example_branch_operator_decorator.py
[2022-08-19 15:38:30,892] {logging_mixin.py:115} INFO - [2022-08-19 15:38:30,892] {dag.py:2379} INFO - Sync 1 DAGs
[2022-08-19 15:38:30,915] {logging_mixin.py:115} INFO - [2022-08-19 15:38:30,914] {dag.py:2931} INFO - Setting next_dagrun for example_branch_python_operator_decorator to 2022-08-18T00:00:00+00:00, run_after=2022-08-19T00:00:00+00:00
[2022-08-19 15:38:30,927] {processor.py:161} INFO - Processing /home/airflow/.local/lib/python3.7/site-packages/airflow/example_dags/example_branch_operator_decorator.py took 0.230 seconds
[2022-08-19 15:39:00,956] {processor.py:153} INFO - Started process (PID=202) to work on /home/airflow/.local/lib/python3.7/site-packages/airflow/example_dags/example_branch_operator_decorator.py
[2022-08-19 15:39:00,956] {processor.py:641} INFO - Processing file /home/airflow/.local/lib/python3.7/site-packages/airflow/example_dags/example_branch_operator_decorator.py for tasks to queue
[2022-08-19 15:39:00,957] {logging_mixin.py:115} INFO - [2022-08-19 15:39:00,957] {dagbag.py:507} INFO - Filling up the DagBag from /home/airflow/.local/lib/python3.7/site-packages/airflow/example_dags/example_branch_operator_decorator.py
[2022-08-19 15:39:00,982] {processor.py:651} INFO - DAG(s) dict_keys(['example_branch_python_operator_decorator']) retrieved from /home/airflow/.local/lib/python3.7/site-packages/airflow/example_dags/example_branch_operator_decorator.py
[2022-08-19 15:39:01,135] {logging_mixin.py:115} INFO - [2022-08-19 15:39:01,135] {dag.py:2379} INFO - Sync 1 DAGs
[2022-08-19 15:39:01,162] {logging_mixin.py:115} INFO - [2022-08-19 15:39:01,161] {dag.py:2931} INFO - Setting next_dagrun for example_branch_python_operator_decorator to 2022-08-18T00:00:00+00:00, run_after=2022-08-19T00:00:00+00:00
[2022-08-19 15:39:01,179] {processor.py:161} INFO - Processing /home/airflow/.local/lib/python3.7/site-packages/airflow/example_dags/example_branch_operator_decorator.py took 0.226 seconds
[2022-08-19 15:39:31,826] {processor.py:153} INFO - Started process (PID=265) to work on /home/airflow/.local/lib/python3.7/site-packages/airflow/example_dags/example_branch_operator_decorator.py
[2022-08-19 15:39:31,826] {processor.py:641} INFO - Processing file /home/airflow/.local/lib/python3.7/site-packages/airflow/example_dags/example_branch_operator_decorator.py for tasks to queue
[2022-08-19 15:39:31,828] {logging_mixin.py:115} INFO - [2022-08-19 15:39:31,827] {dagbag.py:507} INFO - Filling up the DagBag from /home/airflow/.local/lib/python3.7/site-packages/airflow/example_dags/example_branch_operator_decorator.py
[2022-08-19 15:39:31,871] {processor.py:651} INFO - DAG(s) dict_keys(['example_branch_python_operator_decorator']) retrieved from /home/airflow/.local/lib/python3.7/site-packages/airflow/example_dags/example_branch_operator_decorator.py
[2022-08-19 15:39:32,085] {logging_mixin.py:115} INFO - [2022-08-19 15:39:32,085] {dag.py:2379} INFO - Sync 1 DAGs
[2022-08-19 15:39:32,115] {logging_mixin.py:115} INFO - [2022-08-19 15:39:32,115] {dag.py:2931} INFO - Setting next_dagrun for example_branch_python_operator_decorator to 2022-08-18T00:00:00+00:00, run_after=2022-08-19T00:00:00+00:00
[2022-08-19 15:39:32,137] {processor.py:161} INFO - Processing /home/airflow/.local/lib/python3.7/site-packages/airflow/example_dags/example_branch_operator_decorator.py took 0.315 seconds
[2022-08-19 15:40:03,018] {processor.py:153} INFO - Started process (PID=319) to work on /home/airflow/.local/lib/python3.7/site-packages/airflow/example_dags/example_branch_operator_decorator.py
[2022-08-19 15:40:03,025] {processor.py:641} INFO - Processing file /home/airflow/.local/lib/python3.7/site-packages/airflow/example_dags/example_branch_operator_decorator.py for tasks to queue
[2022-08-19 15:40:03,026] {logging_mixin.py:115} INFO - [2022-08-19 15:40:03,026] {dagbag.py:507} INFO - Filling up the DagBag from /home/airflow/.local/lib/python3.7/site-packages/airflow/example_dags/example_branch_operator_decorator.py
[2022-08-19 15:40:03,070] {processor.py:651} INFO - DAG(s) dict_keys(['example_branch_python_operator_decorator']) retrieved from /home/airflow/.local/lib/python3.7/site-packages/airflow/example_dags/example_branch_operator_decorator.py
[2022-08-19 15:40:03,328] {logging_mixin.py:115} INFO - [2022-08-19 15:40:03,328] {dag.py:2379} INFO - Sync 1 DAGs
[2022-08-19 15:40:03,368] {logging_mixin.py:115} INFO - [2022-08-19 15:40:03,368] {dag.py:2931} INFO - Setting next_dagrun for example_branch_python_operator_decorator to 2022-08-18T00:00:00+00:00, run_after=2022-08-19T00:00:00+00:00
[2022-08-19 15:40:03,389] {processor.py:161} INFO - Processing /home/airflow/.local/lib/python3.7/site-packages/airflow/example_dags/example_branch_operator_decorator.py took 0.375 seconds
[2022-08-19 15:40:34,224] {processor.py:153} INFO - Started process (PID=382) to work on /home/airflow/.local/lib/python3.7/site-packages/airflow/example_dags/example_branch_operator_decorator.py
[2022-08-19 15:40:34,226] {processor.py:641} INFO - Processing file /home/airflow/.local/lib/python3.7/site-packages/airflow/example_dags/example_branch_operator_decorator.py for tasks to queue
[2022-08-19 15:40:34,227] {logging_mixin.py:115} INFO - [2022-08-19 15:40:34,227] {dagbag.py:507} INFO - Filling up the DagBag from /home/airflow/.local/lib/python3.7/site-packages/airflow/example_dags/example_branch_operator_decorator.py
[2022-08-19 15:40:34,299] {processor.py:651} INFO - DAG(s) dict_keys(['example_branch_python_operator_decorator']) retrieved from /home/airflow/.local/lib/python3.7/site-packages/airflow/example_dags/example_branch_operator_decorator.py
[2022-08-19 15:40:34,439] {logging_mixin.py:115} INFO - [2022-08-19 15:40:34,439] {dag.py:2379} INFO - Sync 1 DAGs
[2022-08-19 15:40:34,460] {logging_mixin.py:115} INFO - [2022-08-19 15:40:34,460] {dag.py:2931} INFO - Setting next_dagrun for example_branch_python_operator_decorator to 2022-08-18T00:00:00+00:00, run_after=2022-08-19T00:00:00+00:00
[2022-08-19 15:40:34,487] {processor.py:161} INFO - Processing /home/airflow/.local/lib/python3.7/site-packages/airflow/example_dags/example_branch_operator_decorator.py took 0.273 seconds
[2022-08-19 15:41:04,527] {processor.py:153} INFO - Started process (PID=436) to work on /home/airflow/.local/lib/python3.7/site-packages/airflow/example_dags/example_branch_operator_decorator.py
[2022-08-19 15:41:04,528] {processor.py:641} INFO - Processing file /home/airflow/.local/lib/python3.7/site-packages/airflow/example_dags/example_branch_operator_decorator.py for tasks to queue
[2022-08-19 15:41:04,529] {logging_mixin.py:115} INFO - [2022-08-19 15:41:04,529] {dagbag.py:507} INFO - Filling up the DagBag from /home/airflow/.local/lib/python3.7/site-packages/airflow/example_dags/example_branch_operator_decorator.py
[2022-08-19 15:41:04,552] {processor.py:651} INFO - DAG(s) dict_keys(['example_branch_python_operator_decorator']) retrieved from /home/airflow/.local/lib/python3.7/site-packages/airflow/example_dags/example_branch_operator_decorator.py
[2022-08-19 15:41:04,711] {logging_mixin.py:115} INFO - [2022-08-19 15:41:04,711] {dag.py:2379} INFO - Sync 1 DAGs
[2022-08-19 15:41:04,748] {logging_mixin.py:115} INFO - [2022-08-19 15:41:04,742] {dag.py:2931} INFO - Setting next_dagrun for example_branch_python_operator_decorator to 2022-08-18T00:00:00+00:00, run_after=2022-08-19T00:00:00+00:00
[2022-08-19 15:41:04,763] {processor.py:161} INFO - Processing /home/airflow/.local/lib/python3.7/site-packages/airflow/example_dags/example_branch_operator_decorator.py took 0.239 seconds
[2022-08-19 15:41:34,880] {processor.py:153} INFO - Started process (PID=500) to work on /home/airflow/.local/lib/python3.7/site-packages/airflow/example_dags/example_branch_operator_decorator.py
[2022-08-19 15:41:34,881] {processor.py:641} INFO - Processing file /home/airflow/.local/lib/python3.7/site-packages/airflow/example_dags/example_branch_operator_decorator.py for tasks to queue
[2022-08-19 15:41:34,882] {logging_mixin.py:115} INFO - [2022-08-19 15:41:34,882] {dagbag.py:507} INFO - Filling up the DagBag from /home/airflow/.local/lib/python3.7/site-packages/airflow/example_dags/example_branch_operator_decorator.py
[2022-08-19 15:41:34,909] {processor.py:651} INFO - DAG(s) dict_keys(['example_branch_python_operator_decorator']) retrieved from /home/airflow/.local/lib/python3.7/site-packages/airflow/example_dags/example_branch_operator_decorator.py
[2022-08-19 15:41:35,069] {logging_mixin.py:115} INFO - [2022-08-19 15:41:35,068] {dag.py:2379} INFO - Sync 1 DAGs
[2022-08-19 15:41:35,090] {logging_mixin.py:115} INFO - [2022-08-19 15:41:35,090] {dag.py:2931} INFO - Setting next_dagrun for example_branch_python_operator_decorator to 2022-08-18T00:00:00+00:00, run_after=2022-08-19T00:00:00+00:00
[2022-08-19 15:41:35,103] {processor.py:161} INFO - Processing /home/airflow/.local/lib/python3.7/site-packages/airflow/example_dags/example_branch_operator_decorator.py took 0.230 seconds
[2022-08-19 15:42:05,700] {processor.py:153} INFO - Started process (PID=565) to work on /home/airflow/.local/lib/python3.7/site-packages/airflow/example_dags/example_branch_operator_decorator.py
[2022-08-19 15:42:05,701] {processor.py:641} INFO - Processing file /home/airflow/.local/lib/python3.7/site-packages/airflow/example_dags/example_branch_operator_decorator.py for tasks to queue
[2022-08-19 15:42:05,702] {logging_mixin.py:115} INFO - [2022-08-19 15:42:05,702] {dagbag.py:507} INFO - Filling up the DagBag from /home/airflow/.local/lib/python3.7/site-packages/airflow/example_dags/example_branch_operator_decorator.py
[2022-08-19 15:42:05,732] {processor.py:651} INFO - DAG(s) dict_keys(['example_branch_python_operator_decorator']) retrieved from /home/airflow/.local/lib/python3.7/site-packages/airflow/example_dags/example_branch_operator_decorator.py
[2022-08-19 15:42:05,908] {logging_mixin.py:115} INFO - [2022-08-19 15:42:05,908] {dag.py:2379} INFO - Sync 1 DAGs
[2022-08-19 15:42:05,939] {logging_mixin.py:115} INFO - [2022-08-19 15:42:05,939] {dag.py:2931} INFO - Setting next_dagrun for example_branch_python_operator_decorator to 2022-08-18T00:00:00+00:00, run_after=2022-08-19T00:00:00+00:00
[2022-08-19 15:42:05,955] {processor.py:161} INFO - Processing /home/airflow/.local/lib/python3.7/site-packages/airflow/example_dags/example_branch_operator_decorator.py took 0.259 seconds
[2022-08-19 15:42:36,191] {processor.py:153} INFO - Started process (PID=620) to work on /home/airflow/.local/lib/python3.7/site-packages/airflow/example_dags/example_branch_operator_decorator.py
[2022-08-19 15:42:36,191] {processor.py:641} INFO - Processing file /home/airflow/.local/lib/python3.7/site-packages/airflow/example_dags/example_branch_operator_decorator.py for tasks to queue
[2022-08-19 15:42:36,192] {logging_mixin.py:115} INFO - [2022-08-19 15:42:36,192] {dagbag.py:507} INFO - Filling up the DagBag from /home/airflow/.local/lib/python3.7/site-packages/airflow/example_dags/example_branch_operator_decorator.py
[2022-08-19 15:42:36,215] {processor.py:651} INFO - DAG(s) dict_keys(['example_branch_python_operator_decorator']) retrieved from /home/airflow/.local/lib/python3.7/site-packages/airflow/example_dags/example_branch_operator_decorator.py
[2022-08-19 15:42:36,359] {logging_mixin.py:115} INFO - [2022-08-19 15:42:36,359] {dag.py:2379} INFO - Sync 1 DAGs
[2022-08-19 15:42:36,396] {logging_mixin.py:115} INFO - [2022-08-19 15:42:36,396] {dag.py:2931} INFO - Setting next_dagrun for example_branch_python_operator_decorator to 2022-08-18T00:00:00+00:00, run_after=2022-08-19T00:00:00+00:00
[2022-08-19 15:42:36,412] {processor.py:161} INFO - Processing /home/airflow/.local/lib/python3.7/site-packages/airflow/example_dags/example_branch_operator_decorator.py took 0.224 seconds
[2022-08-19 15:43:06,736] {processor.py:153} INFO - Started process (PID=684) to work on /home/airflow/.local/lib/python3.7/site-packages/airflow/example_dags/example_branch_operator_decorator.py
[2022-08-19 15:43:06,736] {processor.py:641} INFO - Processing file /home/airflow/.local/lib/python3.7/site-packages/airflow/example_dags/example_branch_operator_decorator.py for tasks to queue
[2022-08-19 15:43:06,737] {logging_mixin.py:115} INFO - [2022-08-19 15:43:06,736] {dagbag.py:507} INFO - Filling up the DagBag from /home/airflow/.local/lib/python3.7/site-packages/airflow/example_dags/example_branch_operator_decorator.py
[2022-08-19 15:43:06,864] {processor.py:651} INFO - DAG(s) dict_keys(['example_branch_python_operator_decorator']) retrieved from /home/airflow/.local/lib/python3.7/site-packages/airflow/example_dags/example_branch_operator_decorator.py
[2022-08-19 15:43:06,885] {logging_mixin.py:115} INFO - [2022-08-19 15:43:06,885] {dag.py:2379} INFO - Sync 1 DAGs
[2022-08-19 15:43:06,907] {logging_mixin.py:115} INFO - [2022-08-19 15:43:06,907] {dag.py:2931} INFO - Setting next_dagrun for example_branch_python_operator_decorator to 2022-08-18T00:00:00+00:00, run_after=2022-08-19T00:00:00+00:00
[2022-08-19 15:43:06,920] {processor.py:161} INFO - Processing /home/airflow/.local/lib/python3.7/site-packages/airflow/example_dags/example_branch_operator_decorator.py took 0.187 seconds
[2022-08-19 15:44:08,156] {processor.py:153} INFO - Started process (PID=74) to work on /home/airflow/.local/lib/python3.7/site-packages/airflow/example_dags/example_branch_operator_decorator.py
[2022-08-19 15:44:08,157] {processor.py:641} INFO - Processing file /home/airflow/.local/lib/python3.7/site-packages/airflow/example_dags/example_branch_operator_decorator.py for tasks to queue
[2022-08-19 15:44:08,162] {logging_mixin.py:115} INFO - [2022-08-19 15:44:08,162] {dagbag.py:507} INFO - Filling up the DagBag from /home/airflow/.local/lib/python3.7/site-packages/airflow/example_dags/example_branch_operator_decorator.py
[2022-08-19 15:44:08,191] {processor.py:651} INFO - DAG(s) dict_keys(['example_branch_python_operator_decorator']) retrieved from /home/airflow/.local/lib/python3.7/site-packages/airflow/example_dags/example_branch_operator_decorator.py
[2022-08-19 15:44:08,228] {logging_mixin.py:115} INFO - [2022-08-19 15:44:08,227] {dag.py:2379} INFO - Sync 1 DAGs
[2022-08-19 15:44:08,277] {logging_mixin.py:115} INFO - [2022-08-19 15:44:08,277] {dag.py:2931} INFO - Setting next_dagrun for example_branch_python_operator_decorator to 2022-08-18T00:00:00+00:00, run_after=2022-08-19T00:00:00+00:00
[2022-08-19 15:44:08,440] {processor.py:161} INFO - Processing /home/airflow/.local/lib/python3.7/site-packages/airflow/example_dags/example_branch_operator_decorator.py took 0.288 seconds
[2022-08-19 15:44:38,721] {processor.py:153} INFO - Started process (PID=136) to work on /home/airflow/.local/lib/python3.7/site-packages/airflow/example_dags/example_branch_operator_decorator.py
[2022-08-19 15:44:38,722] {processor.py:641} INFO - Processing file /home/airflow/.local/lib/python3.7/site-packages/airflow/example_dags/example_branch_operator_decorator.py for tasks to queue
[2022-08-19 15:44:38,723] {logging_mixin.py:115} INFO - [2022-08-19 15:44:38,722] {dagbag.py:507} INFO - Filling up the DagBag from /home/airflow/.local/lib/python3.7/site-packages/airflow/example_dags/example_branch_operator_decorator.py
[2022-08-19 15:44:38,775] {processor.py:651} INFO - DAG(s) dict_keys(['example_branch_python_operator_decorator']) retrieved from /home/airflow/.local/lib/python3.7/site-packages/airflow/example_dags/example_branch_operator_decorator.py
[2022-08-19 15:44:38,833] {logging_mixin.py:115} INFO - [2022-08-19 15:44:38,833] {dag.py:2379} INFO - Sync 1 DAGs
[2022-08-19 15:44:38,974] {logging_mixin.py:115} INFO - [2022-08-19 15:44:38,973] {dag.py:2931} INFO - Setting next_dagrun for example_branch_python_operator_decorator to 2022-08-18T00:00:00+00:00, run_after=2022-08-19T00:00:00+00:00
[2022-08-19 15:44:39,275] {processor.py:161} INFO - Processing /home/airflow/.local/lib/python3.7/site-packages/airflow/example_dags/example_branch_operator_decorator.py took 0.559 seconds
[2022-08-19 16:13:56,090] {processor.py:153} INFO - Started process (PID=74) to work on /home/airflow/.local/lib/python3.7/site-packages/airflow/example_dags/example_branch_operator_decorator.py
[2022-08-19 16:13:56,091] {processor.py:641} INFO - Processing file /home/airflow/.local/lib/python3.7/site-packages/airflow/example_dags/example_branch_operator_decorator.py for tasks to queue
[2022-08-19 16:13:56,092] {logging_mixin.py:115} INFO - [2022-08-19 16:13:56,092] {dagbag.py:507} INFO - Filling up the DagBag from /home/airflow/.local/lib/python3.7/site-packages/airflow/example_dags/example_branch_operator_decorator.py
[2022-08-19 16:13:56,114] {processor.py:651} INFO - DAG(s) dict_keys(['example_branch_python_operator_decorator']) retrieved from /home/airflow/.local/lib/python3.7/site-packages/airflow/example_dags/example_branch_operator_decorator.py
[2022-08-19 16:13:56,161] {logging_mixin.py:115} INFO - [2022-08-19 16:13:56,161] {dag.py:2379} INFO - Sync 1 DAGs
[2022-08-19 16:13:56,190] {logging_mixin.py:115} INFO - [2022-08-19 16:13:56,190] {dag.py:2931} INFO - Setting next_dagrun for example_branch_python_operator_decorator to 2022-08-18T00:00:00+00:00, run_after=2022-08-19T00:00:00+00:00
[2022-08-19 16:13:56,327] {processor.py:161} INFO - Processing /home/airflow/.local/lib/python3.7/site-packages/airflow/example_dags/example_branch_operator_decorator.py took 0.240 seconds
[2022-08-19 16:14:29,500] {processor.py:153} INFO - Started process (PID=135) to work on /home/airflow/.local/lib/python3.7/site-packages/airflow/example_dags/example_branch_operator_decorator.py
[2022-08-19 16:14:29,505] {processor.py:641} INFO - Processing file /home/airflow/.local/lib/python3.7/site-packages/airflow/example_dags/example_branch_operator_decorator.py for tasks to queue
[2022-08-19 16:14:29,505] {logging_mixin.py:115} INFO - [2022-08-19 16:14:29,505] {dagbag.py:507} INFO - Filling up the DagBag from /home/airflow/.local/lib/python3.7/site-packages/airflow/example_dags/example_branch_operator_decorator.py
[2022-08-19 16:14:29,596] {processor.py:651} INFO - DAG(s) dict_keys(['example_branch_python_operator_decorator']) retrieved from /home/airflow/.local/lib/python3.7/site-packages/airflow/example_dags/example_branch_operator_decorator.py
[2022-08-19 16:14:29,656] {logging_mixin.py:115} INFO - [2022-08-19 16:14:29,656] {dag.py:2379} INFO - Sync 1 DAGs
[2022-08-19 16:14:29,736] {logging_mixin.py:115} INFO - [2022-08-19 16:14:29,736] {dag.py:2931} INFO - Setting next_dagrun for example_branch_python_operator_decorator to 2022-08-18T00:00:00+00:00, run_after=2022-08-19T00:00:00+00:00
[2022-08-19 16:14:30,091] {processor.py:161} INFO - Processing /home/airflow/.local/lib/python3.7/site-packages/airflow/example_dags/example_branch_operator_decorator.py took 0.604 seconds
[2022-08-19 16:15:00,476] {processor.py:153} INFO - Started process (PID=189) to work on /home/airflow/.local/lib/python3.7/site-packages/airflow/example_dags/example_branch_operator_decorator.py
[2022-08-19 16:15:00,478] {processor.py:641} INFO - Processing file /home/airflow/.local/lib/python3.7/site-packages/airflow/example_dags/example_branch_operator_decorator.py for tasks to queue
[2022-08-19 16:15:00,478] {logging_mixin.py:115} INFO - [2022-08-19 16:15:00,478] {dagbag.py:507} INFO - Filling up the DagBag from /home/airflow/.local/lib/python3.7/site-packages/airflow/example_dags/example_branch_operator_decorator.py
[2022-08-19 16:15:00,496] {processor.py:651} INFO - DAG(s) dict_keys(['example_branch_python_operator_decorator']) retrieved from /home/airflow/.local/lib/python3.7/site-packages/airflow/example_dags/example_branch_operator_decorator.py
[2022-08-19 16:15:00,522] {logging_mixin.py:115} INFO - [2022-08-19 16:15:00,522] {dag.py:2379} INFO - Sync 1 DAGs
[2022-08-19 16:15:00,553] {logging_mixin.py:115} INFO - [2022-08-19 16:15:00,553] {dag.py:2931} INFO - Setting next_dagrun for example_branch_python_operator_decorator to 2022-08-18T00:00:00+00:00, run_after=2022-08-19T00:00:00+00:00
[2022-08-19 16:15:00,682] {processor.py:161} INFO - Processing /home/airflow/.local/lib/python3.7/site-packages/airflow/example_dags/example_branch_operator_decorator.py took 0.208 seconds
[2022-08-19 16:15:31,402] {processor.py:153} INFO - Started process (PID=243) to work on /home/airflow/.local/lib/python3.7/site-packages/airflow/example_dags/example_branch_operator_decorator.py
[2022-08-19 16:15:31,403] {processor.py:641} INFO - Processing file /home/airflow/.local/lib/python3.7/site-packages/airflow/example_dags/example_branch_operator_decorator.py for tasks to queue
[2022-08-19 16:15:31,403] {logging_mixin.py:115} INFO - [2022-08-19 16:15:31,403] {dagbag.py:507} INFO - Filling up the DagBag from /home/airflow/.local/lib/python3.7/site-packages/airflow/example_dags/example_branch_operator_decorator.py
[2022-08-19 16:15:31,438] {processor.py:651} INFO - DAG(s) dict_keys(['example_branch_python_operator_decorator']) retrieved from /home/airflow/.local/lib/python3.7/site-packages/airflow/example_dags/example_branch_operator_decorator.py
[2022-08-19 16:15:31,481] {logging_mixin.py:115} INFO - [2022-08-19 16:15:31,481] {dag.py:2379} INFO - Sync 1 DAGs
[2022-08-19 16:15:31,522] {logging_mixin.py:115} INFO - [2022-08-19 16:15:31,521] {dag.py:2931} INFO - Setting next_dagrun for example_branch_python_operator_decorator to 2022-08-18T00:00:00+00:00, run_after=2022-08-19T00:00:00+00:00
[2022-08-19 16:15:31,848] {processor.py:161} INFO - Processing /home/airflow/.local/lib/python3.7/site-packages/airflow/example_dags/example_branch_operator_decorator.py took 0.450 seconds
[2022-08-19 16:16:02,121] {processor.py:153} INFO - Started process (PID=306) to work on /home/airflow/.local/lib/python3.7/site-packages/airflow/example_dags/example_branch_operator_decorator.py
[2022-08-19 16:16:02,121] {processor.py:641} INFO - Processing file /home/airflow/.local/lib/python3.7/site-packages/airflow/example_dags/example_branch_operator_decorator.py for tasks to queue
[2022-08-19 16:16:02,122] {logging_mixin.py:115} INFO - [2022-08-19 16:16:02,122] {dagbag.py:507} INFO - Filling up the DagBag from /home/airflow/.local/lib/python3.7/site-packages/airflow/example_dags/example_branch_operator_decorator.py
[2022-08-19 16:16:02,146] {processor.py:651} INFO - DAG(s) dict_keys(['example_branch_python_operator_decorator']) retrieved from /home/airflow/.local/lib/python3.7/site-packages/airflow/example_dags/example_branch_operator_decorator.py
[2022-08-19 16:16:02,183] {logging_mixin.py:115} INFO - [2022-08-19 16:16:02,183] {dag.py:2379} INFO - Sync 1 DAGs
[2022-08-19 16:16:02,211] {logging_mixin.py:115} INFO - [2022-08-19 16:16:02,211] {dag.py:2931} INFO - Setting next_dagrun for example_branch_python_operator_decorator to 2022-08-18T00:00:00+00:00, run_after=2022-08-19T00:00:00+00:00
[2022-08-19 16:16:02,337] {processor.py:161} INFO - Processing /home/airflow/.local/lib/python3.7/site-packages/airflow/example_dags/example_branch_operator_decorator.py took 0.220 seconds
[2022-08-19 16:16:32,738] {processor.py:153} INFO - Started process (PID=367) to work on /home/airflow/.local/lib/python3.7/site-packages/airflow/example_dags/example_branch_operator_decorator.py
[2022-08-19 16:16:32,739] {processor.py:641} INFO - Processing file /home/airflow/.local/lib/python3.7/site-packages/airflow/example_dags/example_branch_operator_decorator.py for tasks to queue
[2022-08-19 16:16:32,740] {logging_mixin.py:115} INFO - [2022-08-19 16:16:32,739] {dagbag.py:507} INFO - Filling up the DagBag from /home/airflow/.local/lib/python3.7/site-packages/airflow/example_dags/example_branch_operator_decorator.py
[2022-08-19 16:16:32,764] {processor.py:651} INFO - DAG(s) dict_keys(['example_branch_python_operator_decorator']) retrieved from /home/airflow/.local/lib/python3.7/site-packages/airflow/example_dags/example_branch_operator_decorator.py
[2022-08-19 16:16:32,816] {logging_mixin.py:115} INFO - [2022-08-19 16:16:32,816] {dag.py:2379} INFO - Sync 1 DAGs
[2022-08-19 16:16:32,865] {logging_mixin.py:115} INFO - [2022-08-19 16:16:32,864] {dag.py:2931} INFO - Setting next_dagrun for example_branch_python_operator_decorator to 2022-08-18T00:00:00+00:00, run_after=2022-08-19T00:00:00+00:00
[2022-08-19 16:16:33,121] {processor.py:161} INFO - Processing /home/airflow/.local/lib/python3.7/site-packages/airflow/example_dags/example_branch_operator_decorator.py took 0.387 seconds
[2022-08-19 16:17:03,512] {processor.py:153} INFO - Started process (PID=421) to work on /home/airflow/.local/lib/python3.7/site-packages/airflow/example_dags/example_branch_operator_decorator.py
[2022-08-19 16:17:03,512] {processor.py:641} INFO - Processing file /home/airflow/.local/lib/python3.7/site-packages/airflow/example_dags/example_branch_operator_decorator.py for tasks to queue
[2022-08-19 16:17:03,513] {logging_mixin.py:115} INFO - [2022-08-19 16:17:03,513] {dagbag.py:507} INFO - Filling up the DagBag from /home/airflow/.local/lib/python3.7/site-packages/airflow/example_dags/example_branch_operator_decorator.py
[2022-08-19 16:17:03,530] {processor.py:651} INFO - DAG(s) dict_keys(['example_branch_python_operator_decorator']) retrieved from /home/airflow/.local/lib/python3.7/site-packages/airflow/example_dags/example_branch_operator_decorator.py
[2022-08-19 16:17:03,556] {logging_mixin.py:115} INFO - [2022-08-19 16:17:03,556] {dag.py:2379} INFO - Sync 1 DAGs
[2022-08-19 16:17:03,590] {logging_mixin.py:115} INFO - [2022-08-19 16:17:03,590] {dag.py:2931} INFO - Setting next_dagrun for example_branch_python_operator_decorator to 2022-08-18T00:00:00+00:00, run_after=2022-08-19T00:00:00+00:00
[2022-08-19 16:17:03,787] {processor.py:161} INFO - Processing /home/airflow/.local/lib/python3.7/site-packages/airflow/example_dags/example_branch_operator_decorator.py took 0.278 seconds
[2022-08-19 16:17:34,187] {processor.py:153} INFO - Started process (PID=484) to work on /home/airflow/.local/lib/python3.7/site-packages/airflow/example_dags/example_branch_operator_decorator.py
[2022-08-19 16:17:34,189] {processor.py:641} INFO - Processing file /home/airflow/.local/lib/python3.7/site-packages/airflow/example_dags/example_branch_operator_decorator.py for tasks to queue
[2022-08-19 16:17:34,191] {logging_mixin.py:115} INFO - [2022-08-19 16:17:34,191] {dagbag.py:507} INFO - Filling up the DagBag from /home/airflow/.local/lib/python3.7/site-packages/airflow/example_dags/example_branch_operator_decorator.py
[2022-08-19 16:17:34,226] {processor.py:651} INFO - DAG(s) dict_keys(['example_branch_python_operator_decorator']) retrieved from /home/airflow/.local/lib/python3.7/site-packages/airflow/example_dags/example_branch_operator_decorator.py
[2022-08-19 16:17:34,267] {logging_mixin.py:115} INFO - [2022-08-19 16:17:34,267] {dag.py:2379} INFO - Sync 1 DAGs
[2022-08-19 16:17:34,305] {logging_mixin.py:115} INFO - [2022-08-19 16:17:34,305] {dag.py:2931} INFO - Setting next_dagrun for example_branch_python_operator_decorator to 2022-08-18T00:00:00+00:00, run_after=2022-08-19T00:00:00+00:00
[2022-08-19 16:17:34,465] {processor.py:161} INFO - Processing /home/airflow/.local/lib/python3.7/site-packages/airflow/example_dags/example_branch_operator_decorator.py took 0.291 seconds
[2022-08-19 16:24:26,828] {processor.py:153} INFO - Started process (PID=74) to work on /home/airflow/.local/lib/python3.7/site-packages/airflow/example_dags/example_branch_operator_decorator.py
[2022-08-19 16:24:26,830] {processor.py:641} INFO - Processing file /home/airflow/.local/lib/python3.7/site-packages/airflow/example_dags/example_branch_operator_decorator.py for tasks to queue
[2022-08-19 16:24:26,832] {logging_mixin.py:115} INFO - [2022-08-19 16:24:26,831] {dagbag.py:507} INFO - Filling up the DagBag from /home/airflow/.local/lib/python3.7/site-packages/airflow/example_dags/example_branch_operator_decorator.py
[2022-08-19 16:24:26,894] {processor.py:651} INFO - DAG(s) dict_keys(['example_branch_python_operator_decorator']) retrieved from /home/airflow/.local/lib/python3.7/site-packages/airflow/example_dags/example_branch_operator_decorator.py
[2022-08-19 16:24:27,009] {logging_mixin.py:115} INFO - [2022-08-19 16:24:27,009] {dag.py:2379} INFO - Sync 1 DAGs
[2022-08-19 16:24:27,107] {logging_mixin.py:115} INFO - [2022-08-19 16:24:27,107] {dag.py:2931} INFO - Setting next_dagrun for example_branch_python_operator_decorator to 2022-08-18T00:00:00+00:00, run_after=2022-08-19T00:00:00+00:00
[2022-08-19 16:24:27,615] {processor.py:161} INFO - Processing /home/airflow/.local/lib/python3.7/site-packages/airflow/example_dags/example_branch_operator_decorator.py took 0.789 seconds
[2022-08-19 16:24:59,771] {processor.py:153} INFO - Started process (PID=138) to work on /home/airflow/.local/lib/python3.7/site-packages/airflow/example_dags/example_branch_operator_decorator.py
[2022-08-19 16:24:59,771] {processor.py:641} INFO - Processing file /home/airflow/.local/lib/python3.7/site-packages/airflow/example_dags/example_branch_operator_decorator.py for tasks to queue
[2022-08-19 16:24:59,772] {logging_mixin.py:115} INFO - [2022-08-19 16:24:59,772] {dagbag.py:507} INFO - Filling up the DagBag from /home/airflow/.local/lib/python3.7/site-packages/airflow/example_dags/example_branch_operator_decorator.py
[2022-08-19 16:24:59,799] {processor.py:651} INFO - DAG(s) dict_keys(['example_branch_python_operator_decorator']) retrieved from /home/airflow/.local/lib/python3.7/site-packages/airflow/example_dags/example_branch_operator_decorator.py
[2022-08-19 16:24:59,841] {logging_mixin.py:115} INFO - [2022-08-19 16:24:59,841] {dag.py:2379} INFO - Sync 1 DAGs
[2022-08-19 16:24:59,888] {logging_mixin.py:115} INFO - [2022-08-19 16:24:59,888] {dag.py:2931} INFO - Setting next_dagrun for example_branch_python_operator_decorator to 2022-08-18T00:00:00+00:00, run_after=2022-08-19T00:00:00+00:00
[2022-08-19 16:25:00,077] {processor.py:161} INFO - Processing /home/airflow/.local/lib/python3.7/site-packages/airflow/example_dags/example_branch_operator_decorator.py took 0.310 seconds
[2022-08-19 16:25:30,301] {processor.py:153} INFO - Started process (PID=197) to work on /home/airflow/.local/lib/python3.7/site-packages/airflow/example_dags/example_branch_operator_decorator.py
[2022-08-19 16:25:30,302] {processor.py:641} INFO - Processing file /home/airflow/.local/lib/python3.7/site-packages/airflow/example_dags/example_branch_operator_decorator.py for tasks to queue
[2022-08-19 16:25:30,302] {logging_mixin.py:115} INFO - [2022-08-19 16:25:30,302] {dagbag.py:507} INFO - Filling up the DagBag from /home/airflow/.local/lib/python3.7/site-packages/airflow/example_dags/example_branch_operator_decorator.py
[2022-08-19 16:25:30,341] {processor.py:651} INFO - DAG(s) dict_keys(['example_branch_python_operator_decorator']) retrieved from /home/airflow/.local/lib/python3.7/site-packages/airflow/example_dags/example_branch_operator_decorator.py
[2022-08-19 16:25:30,373] {logging_mixin.py:115} INFO - [2022-08-19 16:25:30,373] {dag.py:2379} INFO - Sync 1 DAGs
[2022-08-19 16:25:30,401] {logging_mixin.py:115} INFO - [2022-08-19 16:25:30,401] {dag.py:2931} INFO - Setting next_dagrun for example_branch_python_operator_decorator to 2022-08-18T00:00:00+00:00, run_after=2022-08-19T00:00:00+00:00
[2022-08-19 16:25:30,553] {processor.py:161} INFO - Processing /home/airflow/.local/lib/python3.7/site-packages/airflow/example_dags/example_branch_operator_decorator.py took 0.259 seconds
[2022-08-19 16:26:00,707] {processor.py:153} INFO - Started process (PID=251) to work on /home/airflow/.local/lib/python3.7/site-packages/airflow/example_dags/example_branch_operator_decorator.py
[2022-08-19 16:26:00,708] {processor.py:641} INFO - Processing file /home/airflow/.local/lib/python3.7/site-packages/airflow/example_dags/example_branch_operator_decorator.py for tasks to queue
[2022-08-19 16:26:00,709] {logging_mixin.py:115} INFO - [2022-08-19 16:26:00,709] {dagbag.py:507} INFO - Filling up the DagBag from /home/airflow/.local/lib/python3.7/site-packages/airflow/example_dags/example_branch_operator_decorator.py
[2022-08-19 16:26:00,729] {processor.py:651} INFO - DAG(s) dict_keys(['example_branch_python_operator_decorator']) retrieved from /home/airflow/.local/lib/python3.7/site-packages/airflow/example_dags/example_branch_operator_decorator.py
[2022-08-19 16:26:00,754] {logging_mixin.py:115} INFO - [2022-08-19 16:26:00,754] {dag.py:2379} INFO - Sync 1 DAGs
[2022-08-19 16:26:00,781] {logging_mixin.py:115} INFO - [2022-08-19 16:26:00,780] {dag.py:2931} INFO - Setting next_dagrun for example_branch_python_operator_decorator to 2022-08-18T00:00:00+00:00, run_after=2022-08-19T00:00:00+00:00
[2022-08-19 16:26:00,901] {processor.py:161} INFO - Processing /home/airflow/.local/lib/python3.7/site-packages/airflow/example_dags/example_branch_operator_decorator.py took 0.197 seconds
[2022-08-19 16:26:31,034] {processor.py:153} INFO - Started process (PID=314) to work on /home/airflow/.local/lib/python3.7/site-packages/airflow/example_dags/example_branch_operator_decorator.py
[2022-08-19 16:26:31,035] {processor.py:641} INFO - Processing file /home/airflow/.local/lib/python3.7/site-packages/airflow/example_dags/example_branch_operator_decorator.py for tasks to queue
[2022-08-19 16:26:31,036] {logging_mixin.py:115} INFO - [2022-08-19 16:26:31,036] {dagbag.py:507} INFO - Filling up the DagBag from /home/airflow/.local/lib/python3.7/site-packages/airflow/example_dags/example_branch_operator_decorator.py
[2022-08-19 16:26:31,060] {processor.py:651} INFO - DAG(s) dict_keys(['example_branch_python_operator_decorator']) retrieved from /home/airflow/.local/lib/python3.7/site-packages/airflow/example_dags/example_branch_operator_decorator.py
[2022-08-19 16:26:31,088] {logging_mixin.py:115} INFO - [2022-08-19 16:26:31,088] {dag.py:2379} INFO - Sync 1 DAGs
[2022-08-19 16:26:31,119] {logging_mixin.py:115} INFO - [2022-08-19 16:26:31,119] {dag.py:2931} INFO - Setting next_dagrun for example_branch_python_operator_decorator to 2022-08-18T00:00:00+00:00, run_after=2022-08-19T00:00:00+00:00
[2022-08-19 16:26:31,245] {processor.py:161} INFO - Processing /home/airflow/.local/lib/python3.7/site-packages/airflow/example_dags/example_branch_operator_decorator.py took 0.214 seconds
[2022-08-19 16:31:19,710] {processor.py:153} INFO - Started process (PID=74) to work on /home/airflow/.local/lib/python3.7/site-packages/airflow/example_dags/example_branch_operator_decorator.py
[2022-08-19 16:31:19,712] {processor.py:641} INFO - Processing file /home/airflow/.local/lib/python3.7/site-packages/airflow/example_dags/example_branch_operator_decorator.py for tasks to queue
[2022-08-19 16:31:19,712] {logging_mixin.py:115} INFO - [2022-08-19 16:31:19,712] {dagbag.py:507} INFO - Filling up the DagBag from /home/airflow/.local/lib/python3.7/site-packages/airflow/example_dags/example_branch_operator_decorator.py
[2022-08-19 16:31:19,754] {processor.py:651} INFO - DAG(s) dict_keys(['example_branch_python_operator_decorator']) retrieved from /home/airflow/.local/lib/python3.7/site-packages/airflow/example_dags/example_branch_operator_decorator.py
[2022-08-19 16:31:19,786] {logging_mixin.py:115} INFO - [2022-08-19 16:31:19,786] {dag.py:2379} INFO - Sync 1 DAGs
[2022-08-19 16:31:19,816] {logging_mixin.py:115} INFO - [2022-08-19 16:31:19,816] {dag.py:2931} INFO - Setting next_dagrun for example_branch_python_operator_decorator to 2022-08-18T00:00:00+00:00, run_after=2022-08-19T00:00:00+00:00
[2022-08-19 16:31:19,970] {processor.py:161} INFO - Processing /home/airflow/.local/lib/python3.7/site-packages/airflow/example_dags/example_branch_operator_decorator.py took 0.266 seconds
[2022-08-19 16:31:53,860] {processor.py:153} INFO - Started process (PID=137) to work on /home/airflow/.local/lib/python3.7/site-packages/airflow/example_dags/example_branch_operator_decorator.py
[2022-08-19 16:31:53,861] {processor.py:641} INFO - Processing file /home/airflow/.local/lib/python3.7/site-packages/airflow/example_dags/example_branch_operator_decorator.py for tasks to queue
[2022-08-19 16:31:53,861] {logging_mixin.py:115} INFO - [2022-08-19 16:31:53,861] {dagbag.py:507} INFO - Filling up the DagBag from /home/airflow/.local/lib/python3.7/site-packages/airflow/example_dags/example_branch_operator_decorator.py
[2022-08-19 16:31:53,901] {processor.py:651} INFO - DAG(s) dict_keys(['example_branch_python_operator_decorator']) retrieved from /home/airflow/.local/lib/python3.7/site-packages/airflow/example_dags/example_branch_operator_decorator.py
[2022-08-19 16:31:53,960] {logging_mixin.py:115} INFO - [2022-08-19 16:31:53,960] {dag.py:2379} INFO - Sync 1 DAGs
[2022-08-19 16:31:54,005] {logging_mixin.py:115} INFO - [2022-08-19 16:31:54,005] {dag.py:2931} INFO - Setting next_dagrun for example_branch_python_operator_decorator to 2022-08-18T00:00:00+00:00, run_after=2022-08-19T00:00:00+00:00
[2022-08-19 16:31:54,190] {processor.py:161} INFO - Processing /home/airflow/.local/lib/python3.7/site-packages/airflow/example_dags/example_branch_operator_decorator.py took 0.336 seconds
[2022-08-19 16:32:25,074] {processor.py:153} INFO - Started process (PID=189) to work on /home/airflow/.local/lib/python3.7/site-packages/airflow/example_dags/example_branch_operator_decorator.py
[2022-08-19 16:32:25,082] {processor.py:641} INFO - Processing file /home/airflow/.local/lib/python3.7/site-packages/airflow/example_dags/example_branch_operator_decorator.py for tasks to queue
[2022-08-19 16:32:25,085] {logging_mixin.py:115} INFO - [2022-08-19 16:32:25,085] {dagbag.py:507} INFO - Filling up the DagBag from /home/airflow/.local/lib/python3.7/site-packages/airflow/example_dags/example_branch_operator_decorator.py
[2022-08-19 16:32:25,117] {processor.py:651} INFO - DAG(s) dict_keys(['example_branch_python_operator_decorator']) retrieved from /home/airflow/.local/lib/python3.7/site-packages/airflow/example_dags/example_branch_operator_decorator.py
[2022-08-19 16:32:25,166] {logging_mixin.py:115} INFO - [2022-08-19 16:32:25,166] {dag.py:2379} INFO - Sync 1 DAGs
[2022-08-19 16:32:25,209] {logging_mixin.py:115} INFO - [2022-08-19 16:32:25,209] {dag.py:2931} INFO - Setting next_dagrun for example_branch_python_operator_decorator to 2022-08-18T00:00:00+00:00, run_after=2022-08-19T00:00:00+00:00
[2022-08-19 16:32:25,357] {processor.py:161} INFO - Processing /home/airflow/.local/lib/python3.7/site-packages/airflow/example_dags/example_branch_operator_decorator.py took 0.290 seconds
[2022-08-19 16:32:55,429] {processor.py:153} INFO - Started process (PID=250) to work on /home/airflow/.local/lib/python3.7/site-packages/airflow/example_dags/example_branch_operator_decorator.py
[2022-08-19 16:32:55,429] {processor.py:641} INFO - Processing file /home/airflow/.local/lib/python3.7/site-packages/airflow/example_dags/example_branch_operator_decorator.py for tasks to queue
[2022-08-19 16:32:55,430] {logging_mixin.py:115} INFO - [2022-08-19 16:32:55,430] {dagbag.py:507} INFO - Filling up the DagBag from /home/airflow/.local/lib/python3.7/site-packages/airflow/example_dags/example_branch_operator_decorator.py
[2022-08-19 16:32:55,454] {processor.py:651} INFO - DAG(s) dict_keys(['example_branch_python_operator_decorator']) retrieved from /home/airflow/.local/lib/python3.7/site-packages/airflow/example_dags/example_branch_operator_decorator.py
[2022-08-19 16:32:55,491] {logging_mixin.py:115} INFO - [2022-08-19 16:32:55,491] {dag.py:2379} INFO - Sync 1 DAGs
[2022-08-19 16:32:55,526] {logging_mixin.py:115} INFO - [2022-08-19 16:32:55,526] {dag.py:2931} INFO - Setting next_dagrun for example_branch_python_operator_decorator to 2022-08-18T00:00:00+00:00, run_after=2022-08-19T00:00:00+00:00
[2022-08-19 16:32:55,679] {processor.py:161} INFO - Processing /home/airflow/.local/lib/python3.7/site-packages/airflow/example_dags/example_branch_operator_decorator.py took 0.254 seconds
[2022-08-19 16:33:25,900] {processor.py:153} INFO - Started process (PID=304) to work on /home/airflow/.local/lib/python3.7/site-packages/airflow/example_dags/example_branch_operator_decorator.py
[2022-08-19 16:33:25,901] {processor.py:641} INFO - Processing file /home/airflow/.local/lib/python3.7/site-packages/airflow/example_dags/example_branch_operator_decorator.py for tasks to queue
[2022-08-19 16:33:25,902] {logging_mixin.py:115} INFO - [2022-08-19 16:33:25,902] {dagbag.py:507} INFO - Filling up the DagBag from /home/airflow/.local/lib/python3.7/site-packages/airflow/example_dags/example_branch_operator_decorator.py
[2022-08-19 16:33:25,930] {processor.py:651} INFO - DAG(s) dict_keys(['example_branch_python_operator_decorator']) retrieved from /home/airflow/.local/lib/python3.7/site-packages/airflow/example_dags/example_branch_operator_decorator.py
[2022-08-19 16:33:25,973] {logging_mixin.py:115} INFO - [2022-08-19 16:33:25,973] {dag.py:2379} INFO - Sync 1 DAGs
[2022-08-19 16:33:26,034] {logging_mixin.py:115} INFO - [2022-08-19 16:33:26,034] {dag.py:2931} INFO - Setting next_dagrun for example_branch_python_operator_decorator to 2022-08-18T00:00:00+00:00, run_after=2022-08-19T00:00:00+00:00
[2022-08-19 16:33:26,220] {processor.py:161} INFO - Processing /home/airflow/.local/lib/python3.7/site-packages/airflow/example_dags/example_branch_operator_decorator.py took 0.331 seconds
[2022-08-19 16:33:56,252] {processor.py:153} INFO - Started process (PID=369) to work on /home/airflow/.local/lib/python3.7/site-packages/airflow/example_dags/example_branch_operator_decorator.py
[2022-08-19 16:33:56,253] {processor.py:641} INFO - Processing file /home/airflow/.local/lib/python3.7/site-packages/airflow/example_dags/example_branch_operator_decorator.py for tasks to queue
[2022-08-19 16:33:56,254] {logging_mixin.py:115} INFO - [2022-08-19 16:33:56,254] {dagbag.py:507} INFO - Filling up the DagBag from /home/airflow/.local/lib/python3.7/site-packages/airflow/example_dags/example_branch_operator_decorator.py
[2022-08-19 16:33:56,273] {processor.py:651} INFO - DAG(s) dict_keys(['example_branch_python_operator_decorator']) retrieved from /home/airflow/.local/lib/python3.7/site-packages/airflow/example_dags/example_branch_operator_decorator.py
[2022-08-19 16:33:56,308] {logging_mixin.py:115} INFO - [2022-08-19 16:33:56,307] {dag.py:2379} INFO - Sync 1 DAGs
[2022-08-19 16:33:56,335] {logging_mixin.py:115} INFO - [2022-08-19 16:33:56,335] {dag.py:2931} INFO - Setting next_dagrun for example_branch_python_operator_decorator to 2022-08-18T00:00:00+00:00, run_after=2022-08-19T00:00:00+00:00
[2022-08-19 16:33:56,457] {processor.py:161} INFO - Processing /home/airflow/.local/lib/python3.7/site-packages/airflow/example_dags/example_branch_operator_decorator.py took 0.208 seconds
[2022-08-19 16:36:25,343] {processor.py:153} INFO - Started process (PID=73) to work on /home/airflow/.local/lib/python3.7/site-packages/airflow/example_dags/example_branch_operator_decorator.py
[2022-08-19 16:36:25,350] {processor.py:641} INFO - Processing file /home/airflow/.local/lib/python3.7/site-packages/airflow/example_dags/example_branch_operator_decorator.py for tasks to queue
[2022-08-19 16:36:25,350] {logging_mixin.py:115} INFO - [2022-08-19 16:36:25,350] {dagbag.py:507} INFO - Filling up the DagBag from /home/airflow/.local/lib/python3.7/site-packages/airflow/example_dags/example_branch_operator_decorator.py
[2022-08-19 16:36:25,400] {processor.py:651} INFO - DAG(s) dict_keys(['example_branch_python_operator_decorator']) retrieved from /home/airflow/.local/lib/python3.7/site-packages/airflow/example_dags/example_branch_operator_decorator.py
[2022-08-19 16:36:25,487] {logging_mixin.py:115} INFO - [2022-08-19 16:36:25,486] {dag.py:2379} INFO - Sync 1 DAGs
[2022-08-19 16:36:25,558] {logging_mixin.py:115} INFO - [2022-08-19 16:36:25,558] {dag.py:2931} INFO - Setting next_dagrun for example_branch_python_operator_decorator to 2022-08-18T00:00:00+00:00, run_after=2022-08-19T00:00:00+00:00
[2022-08-19 16:36:25,784] {processor.py:161} INFO - Processing /home/airflow/.local/lib/python3.7/site-packages/airflow/example_dags/example_branch_operator_decorator.py took 0.450 seconds
[2022-08-19 16:36:56,497] {processor.py:153} INFO - Started process (PID=137) to work on /home/airflow/.local/lib/python3.7/site-packages/airflow/example_dags/example_branch_operator_decorator.py
[2022-08-19 16:36:56,499] {processor.py:641} INFO - Processing file /home/airflow/.local/lib/python3.7/site-packages/airflow/example_dags/example_branch_operator_decorator.py for tasks to queue
[2022-08-19 16:36:56,500] {logging_mixin.py:115} INFO - [2022-08-19 16:36:56,500] {dagbag.py:507} INFO - Filling up the DagBag from /home/airflow/.local/lib/python3.7/site-packages/airflow/example_dags/example_branch_operator_decorator.py
[2022-08-19 16:36:56,538] {processor.py:651} INFO - DAG(s) dict_keys(['example_branch_python_operator_decorator']) retrieved from /home/airflow/.local/lib/python3.7/site-packages/airflow/example_dags/example_branch_operator_decorator.py
[2022-08-19 16:36:56,639] {logging_mixin.py:115} INFO - [2022-08-19 16:36:56,639] {dag.py:2379} INFO - Sync 1 DAGs
[2022-08-19 16:36:56,693] {logging_mixin.py:115} INFO - [2022-08-19 16:36:56,692] {dag.py:2931} INFO - Setting next_dagrun for example_branch_python_operator_decorator to 2022-08-18T00:00:00+00:00, run_after=2022-08-19T00:00:00+00:00
[2022-08-19 16:36:56,859] {processor.py:161} INFO - Processing /home/airflow/.local/lib/python3.7/site-packages/airflow/example_dags/example_branch_operator_decorator.py took 0.371 seconds
[2022-08-19 16:37:28,060] {processor.py:153} INFO - Started process (PID=195) to work on /home/airflow/.local/lib/python3.7/site-packages/airflow/example_dags/example_branch_operator_decorator.py
[2022-08-19 16:37:28,072] {processor.py:641} INFO - Processing file /home/airflow/.local/lib/python3.7/site-packages/airflow/example_dags/example_branch_operator_decorator.py for tasks to queue
[2022-08-19 16:37:28,073] {logging_mixin.py:115} INFO - [2022-08-19 16:37:28,072] {dagbag.py:507} INFO - Filling up the DagBag from /home/airflow/.local/lib/python3.7/site-packages/airflow/example_dags/example_branch_operator_decorator.py
[2022-08-19 16:37:28,096] {processor.py:651} INFO - DAG(s) dict_keys(['example_branch_python_operator_decorator']) retrieved from /home/airflow/.local/lib/python3.7/site-packages/airflow/example_dags/example_branch_operator_decorator.py
[2022-08-19 16:37:28,125] {logging_mixin.py:115} INFO - [2022-08-19 16:37:28,125] {dag.py:2379} INFO - Sync 1 DAGs
[2022-08-19 16:37:28,153] {logging_mixin.py:115} INFO - [2022-08-19 16:37:28,153] {dag.py:2931} INFO - Setting next_dagrun for example_branch_python_operator_decorator to 2022-08-18T00:00:00+00:00, run_after=2022-08-19T00:00:00+00:00
[2022-08-19 16:37:28,295] {processor.py:161} INFO - Processing /home/airflow/.local/lib/python3.7/site-packages/airflow/example_dags/example_branch_operator_decorator.py took 0.238 seconds
[2022-08-19 16:37:58,330] {processor.py:153} INFO - Started process (PID=251) to work on /home/airflow/.local/lib/python3.7/site-packages/airflow/example_dags/example_branch_operator_decorator.py
[2022-08-19 16:37:58,330] {processor.py:641} INFO - Processing file /home/airflow/.local/lib/python3.7/site-packages/airflow/example_dags/example_branch_operator_decorator.py for tasks to queue
[2022-08-19 16:37:58,331] {logging_mixin.py:115} INFO - [2022-08-19 16:37:58,331] {dagbag.py:507} INFO - Filling up the DagBag from /home/airflow/.local/lib/python3.7/site-packages/airflow/example_dags/example_branch_operator_decorator.py
[2022-08-19 16:37:58,359] {processor.py:651} INFO - DAG(s) dict_keys(['example_branch_python_operator_decorator']) retrieved from /home/airflow/.local/lib/python3.7/site-packages/airflow/example_dags/example_branch_operator_decorator.py
[2022-08-19 16:37:58,386] {logging_mixin.py:115} INFO - [2022-08-19 16:37:58,386] {dag.py:2379} INFO - Sync 1 DAGs
[2022-08-19 16:37:58,415] {logging_mixin.py:115} INFO - [2022-08-19 16:37:58,415] {dag.py:2931} INFO - Setting next_dagrun for example_branch_python_operator_decorator to 2022-08-18T00:00:00+00:00, run_after=2022-08-19T00:00:00+00:00
[2022-08-19 16:37:58,549] {processor.py:161} INFO - Processing /home/airflow/.local/lib/python3.7/site-packages/airflow/example_dags/example_branch_operator_decorator.py took 0.223 seconds
[2022-08-19 16:38:29,292] {processor.py:153} INFO - Started process (PID=314) to work on /home/airflow/.local/lib/python3.7/site-packages/airflow/example_dags/example_branch_operator_decorator.py
[2022-08-19 16:38:29,293] {processor.py:641} INFO - Processing file /home/airflow/.local/lib/python3.7/site-packages/airflow/example_dags/example_branch_operator_decorator.py for tasks to queue
[2022-08-19 16:38:29,294] {logging_mixin.py:115} INFO - [2022-08-19 16:38:29,294] {dagbag.py:507} INFO - Filling up the DagBag from /home/airflow/.local/lib/python3.7/site-packages/airflow/example_dags/example_branch_operator_decorator.py
[2022-08-19 16:38:29,326] {processor.py:651} INFO - DAG(s) dict_keys(['example_branch_python_operator_decorator']) retrieved from /home/airflow/.local/lib/python3.7/site-packages/airflow/example_dags/example_branch_operator_decorator.py
[2022-08-19 16:38:29,370] {logging_mixin.py:115} INFO - [2022-08-19 16:38:29,370] {dag.py:2379} INFO - Sync 1 DAGs
[2022-08-19 16:38:29,418] {logging_mixin.py:115} INFO - [2022-08-19 16:38:29,418] {dag.py:2931} INFO - Setting next_dagrun for example_branch_python_operator_decorator to 2022-08-18T00:00:00+00:00, run_after=2022-08-19T00:00:00+00:00
[2022-08-19 16:38:29,746] {processor.py:161} INFO - Processing /home/airflow/.local/lib/python3.7/site-packages/airflow/example_dags/example_branch_operator_decorator.py took 0.461 seconds
[2022-08-19 16:39:00,074] {processor.py:153} INFO - Started process (PID=367) to work on /home/airflow/.local/lib/python3.7/site-packages/airflow/example_dags/example_branch_operator_decorator.py
[2022-08-19 16:39:00,075] {processor.py:641} INFO - Processing file /home/airflow/.local/lib/python3.7/site-packages/airflow/example_dags/example_branch_operator_decorator.py for tasks to queue
[2022-08-19 16:39:00,076] {logging_mixin.py:115} INFO - [2022-08-19 16:39:00,076] {dagbag.py:507} INFO - Filling up the DagBag from /home/airflow/.local/lib/python3.7/site-packages/airflow/example_dags/example_branch_operator_decorator.py
[2022-08-19 16:39:00,097] {processor.py:651} INFO - DAG(s) dict_keys(['example_branch_python_operator_decorator']) retrieved from /home/airflow/.local/lib/python3.7/site-packages/airflow/example_dags/example_branch_operator_decorator.py
[2022-08-19 16:39:00,181] {logging_mixin.py:115} INFO - [2022-08-19 16:39:00,181] {dag.py:2379} INFO - Sync 1 DAGs
[2022-08-19 16:39:00,235] {logging_mixin.py:115} INFO - [2022-08-19 16:39:00,235] {dag.py:2931} INFO - Setting next_dagrun for example_branch_python_operator_decorator to 2022-08-18T00:00:00+00:00, run_after=2022-08-19T00:00:00+00:00
[2022-08-19 16:39:00,397] {processor.py:161} INFO - Processing /home/airflow/.local/lib/python3.7/site-packages/airflow/example_dags/example_branch_operator_decorator.py took 0.330 seconds
[2022-08-19 16:39:31,090] {processor.py:153} INFO - Started process (PID=427) to work on /home/airflow/.local/lib/python3.7/site-packages/airflow/example_dags/example_branch_operator_decorator.py
[2022-08-19 16:39:31,091] {processor.py:641} INFO - Processing file /home/airflow/.local/lib/python3.7/site-packages/airflow/example_dags/example_branch_operator_decorator.py for tasks to queue
[2022-08-19 16:39:31,092] {logging_mixin.py:115} INFO - [2022-08-19 16:39:31,092] {dagbag.py:507} INFO - Filling up the DagBag from /home/airflow/.local/lib/python3.7/site-packages/airflow/example_dags/example_branch_operator_decorator.py
[2022-08-19 16:39:31,145] {processor.py:651} INFO - DAG(s) dict_keys(['example_branch_python_operator_decorator']) retrieved from /home/airflow/.local/lib/python3.7/site-packages/airflow/example_dags/example_branch_operator_decorator.py
[2022-08-19 16:39:31,184] {logging_mixin.py:115} INFO - [2022-08-19 16:39:31,184] {dag.py:2379} INFO - Sync 1 DAGs
[2022-08-19 16:39:31,234] {logging_mixin.py:115} INFO - [2022-08-19 16:39:31,234] {dag.py:2931} INFO - Setting next_dagrun for example_branch_python_operator_decorator to 2022-08-18T00:00:00+00:00, run_after=2022-08-19T00:00:00+00:00
[2022-08-19 16:39:31,412] {processor.py:161} INFO - Processing /home/airflow/.local/lib/python3.7/site-packages/airflow/example_dags/example_branch_operator_decorator.py took 0.328 seconds
[2022-08-19 16:40:01,476] {processor.py:153} INFO - Started process (PID=480) to work on /home/airflow/.local/lib/python3.7/site-packages/airflow/example_dags/example_branch_operator_decorator.py
[2022-08-19 16:40:01,479] {processor.py:641} INFO - Processing file /home/airflow/.local/lib/python3.7/site-packages/airflow/example_dags/example_branch_operator_decorator.py for tasks to queue
[2022-08-19 16:40:01,480] {logging_mixin.py:115} INFO - [2022-08-19 16:40:01,479] {dagbag.py:507} INFO - Filling up the DagBag from /home/airflow/.local/lib/python3.7/site-packages/airflow/example_dags/example_branch_operator_decorator.py
[2022-08-19 16:40:01,505] {processor.py:651} INFO - DAG(s) dict_keys(['example_branch_python_operator_decorator']) retrieved from /home/airflow/.local/lib/python3.7/site-packages/airflow/example_dags/example_branch_operator_decorator.py
[2022-08-19 16:40:01,537] {logging_mixin.py:115} INFO - [2022-08-19 16:40:01,537] {dag.py:2379} INFO - Sync 1 DAGs
[2022-08-19 16:40:01,569] {logging_mixin.py:115} INFO - [2022-08-19 16:40:01,569] {dag.py:2931} INFO - Setting next_dagrun for example_branch_python_operator_decorator to 2022-08-18T00:00:00+00:00, run_after=2022-08-19T00:00:00+00:00
[2022-08-19 16:40:01,805] {processor.py:161} INFO - Processing /home/airflow/.local/lib/python3.7/site-packages/airflow/example_dags/example_branch_operator_decorator.py took 0.342 seconds
[2022-08-19 16:40:32,184] {processor.py:153} INFO - Started process (PID=546) to work on /home/airflow/.local/lib/python3.7/site-packages/airflow/example_dags/example_branch_operator_decorator.py
[2022-08-19 16:40:32,185] {processor.py:641} INFO - Processing file /home/airflow/.local/lib/python3.7/site-packages/airflow/example_dags/example_branch_operator_decorator.py for tasks to queue
[2022-08-19 16:40:32,185] {logging_mixin.py:115} INFO - [2022-08-19 16:40:32,185] {dagbag.py:507} INFO - Filling up the DagBag from /home/airflow/.local/lib/python3.7/site-packages/airflow/example_dags/example_branch_operator_decorator.py
[2022-08-19 16:40:32,204] {processor.py:651} INFO - DAG(s) dict_keys(['example_branch_python_operator_decorator']) retrieved from /home/airflow/.local/lib/python3.7/site-packages/airflow/example_dags/example_branch_operator_decorator.py
[2022-08-19 16:40:32,232] {logging_mixin.py:115} INFO - [2022-08-19 16:40:32,232] {dag.py:2379} INFO - Sync 1 DAGs
[2022-08-19 16:40:32,258] {logging_mixin.py:115} INFO - [2022-08-19 16:40:32,258] {dag.py:2931} INFO - Setting next_dagrun for example_branch_python_operator_decorator to 2022-08-18T00:00:00+00:00, run_after=2022-08-19T00:00:00+00:00
[2022-08-19 16:40:32,381] {processor.py:161} INFO - Processing /home/airflow/.local/lib/python3.7/site-packages/airflow/example_dags/example_branch_operator_decorator.py took 0.204 seconds
[2022-08-19 16:41:03,714] {processor.py:153} INFO - Started process (PID=600) to work on /home/airflow/.local/lib/python3.7/site-packages/airflow/example_dags/example_branch_operator_decorator.py
[2022-08-19 16:41:03,714] {processor.py:641} INFO - Processing file /home/airflow/.local/lib/python3.7/site-packages/airflow/example_dags/example_branch_operator_decorator.py for tasks to queue
[2022-08-19 16:41:03,715] {logging_mixin.py:115} INFO - [2022-08-19 16:41:03,715] {dagbag.py:507} INFO - Filling up the DagBag from /home/airflow/.local/lib/python3.7/site-packages/airflow/example_dags/example_branch_operator_decorator.py
[2022-08-19 16:41:03,738] {processor.py:651} INFO - DAG(s) dict_keys(['example_branch_python_operator_decorator']) retrieved from /home/airflow/.local/lib/python3.7/site-packages/airflow/example_dags/example_branch_operator_decorator.py
[2022-08-19 16:41:03,764] {logging_mixin.py:115} INFO - [2022-08-19 16:41:03,764] {dag.py:2379} INFO - Sync 1 DAGs
[2022-08-19 16:41:03,791] {logging_mixin.py:115} INFO - [2022-08-19 16:41:03,791] {dag.py:2931} INFO - Setting next_dagrun for example_branch_python_operator_decorator to 2022-08-18T00:00:00+00:00, run_after=2022-08-19T00:00:00+00:00
[2022-08-19 16:41:03,919] {processor.py:161} INFO - Processing /home/airflow/.local/lib/python3.7/site-packages/airflow/example_dags/example_branch_operator_decorator.py took 0.209 seconds
[2022-08-19 16:41:34,131] {processor.py:153} INFO - Started process (PID=663) to work on /home/airflow/.local/lib/python3.7/site-packages/airflow/example_dags/example_branch_operator_decorator.py
[2022-08-19 16:41:34,132] {processor.py:641} INFO - Processing file /home/airflow/.local/lib/python3.7/site-packages/airflow/example_dags/example_branch_operator_decorator.py for tasks to queue
[2022-08-19 16:41:34,132] {logging_mixin.py:115} INFO - [2022-08-19 16:41:34,132] {dagbag.py:507} INFO - Filling up the DagBag from /home/airflow/.local/lib/python3.7/site-packages/airflow/example_dags/example_branch_operator_decorator.py
[2022-08-19 16:41:34,161] {processor.py:651} INFO - DAG(s) dict_keys(['example_branch_python_operator_decorator']) retrieved from /home/airflow/.local/lib/python3.7/site-packages/airflow/example_dags/example_branch_operator_decorator.py
[2022-08-19 16:41:34,188] {logging_mixin.py:115} INFO - [2022-08-19 16:41:34,188] {dag.py:2379} INFO - Sync 1 DAGs
[2022-08-19 16:41:34,373] {logging_mixin.py:115} INFO - [2022-08-19 16:41:34,372] {dag.py:2931} INFO - Setting next_dagrun for example_branch_python_operator_decorator to 2022-08-18T00:00:00+00:00, run_after=2022-08-19T00:00:00+00:00
[2022-08-19 16:41:34,405] {processor.py:161} INFO - Processing /home/airflow/.local/lib/python3.7/site-packages/airflow/example_dags/example_branch_operator_decorator.py took 0.277 seconds
[2022-08-19 16:42:05,958] {processor.py:153} INFO - Started process (PID=725) to work on /home/airflow/.local/lib/python3.7/site-packages/airflow/example_dags/example_branch_operator_decorator.py
[2022-08-19 16:42:05,958] {processor.py:641} INFO - Processing file /home/airflow/.local/lib/python3.7/site-packages/airflow/example_dags/example_branch_operator_decorator.py for tasks to queue
[2022-08-19 16:42:05,959] {logging_mixin.py:115} INFO - [2022-08-19 16:42:05,959] {dagbag.py:507} INFO - Filling up the DagBag from /home/airflow/.local/lib/python3.7/site-packages/airflow/example_dags/example_branch_operator_decorator.py
[2022-08-19 16:42:06,001] {processor.py:651} INFO - DAG(s) dict_keys(['example_branch_python_operator_decorator']) retrieved from /home/airflow/.local/lib/python3.7/site-packages/airflow/example_dags/example_branch_operator_decorator.py
[2022-08-19 16:42:06,046] {logging_mixin.py:115} INFO - [2022-08-19 16:42:06,046] {dag.py:2379} INFO - Sync 1 DAGs
[2022-08-19 16:42:06,333] {logging_mixin.py:115} INFO - [2022-08-19 16:42:06,333] {dag.py:2931} INFO - Setting next_dagrun for example_branch_python_operator_decorator to 2022-08-18T00:00:00+00:00, run_after=2022-08-19T00:00:00+00:00
[2022-08-19 16:42:06,357] {processor.py:161} INFO - Processing /home/airflow/.local/lib/python3.7/site-packages/airflow/example_dags/example_branch_operator_decorator.py took 0.407 seconds
[2022-08-19 16:42:36,503] {processor.py:153} INFO - Started process (PID=781) to work on /home/airflow/.local/lib/python3.7/site-packages/airflow/example_dags/example_branch_operator_decorator.py
[2022-08-19 16:42:36,520] {processor.py:641} INFO - Processing file /home/airflow/.local/lib/python3.7/site-packages/airflow/example_dags/example_branch_operator_decorator.py for tasks to queue
[2022-08-19 16:42:36,521] {logging_mixin.py:115} INFO - [2022-08-19 16:42:36,520] {dagbag.py:507} INFO - Filling up the DagBag from /home/airflow/.local/lib/python3.7/site-packages/airflow/example_dags/example_branch_operator_decorator.py
[2022-08-19 16:42:36,546] {processor.py:651} INFO - DAG(s) dict_keys(['example_branch_python_operator_decorator']) retrieved from /home/airflow/.local/lib/python3.7/site-packages/airflow/example_dags/example_branch_operator_decorator.py
[2022-08-19 16:42:36,571] {logging_mixin.py:115} INFO - [2022-08-19 16:42:36,571] {dag.py:2379} INFO - Sync 1 DAGs
[2022-08-19 16:42:36,703] {logging_mixin.py:115} INFO - [2022-08-19 16:42:36,703] {dag.py:2931} INFO - Setting next_dagrun for example_branch_python_operator_decorator to 2022-08-18T00:00:00+00:00, run_after=2022-08-19T00:00:00+00:00
[2022-08-19 16:42:36,721] {processor.py:161} INFO - Processing /home/airflow/.local/lib/python3.7/site-packages/airflow/example_dags/example_branch_operator_decorator.py took 0.224 seconds
[2022-08-19 16:43:08,066] {processor.py:153} INFO - Started process (PID=845) to work on /home/airflow/.local/lib/python3.7/site-packages/airflow/example_dags/example_branch_operator_decorator.py
[2022-08-19 16:43:08,073] {processor.py:641} INFO - Processing file /home/airflow/.local/lib/python3.7/site-packages/airflow/example_dags/example_branch_operator_decorator.py for tasks to queue
[2022-08-19 16:43:08,074] {logging_mixin.py:115} INFO - [2022-08-19 16:43:08,074] {dagbag.py:507} INFO - Filling up the DagBag from /home/airflow/.local/lib/python3.7/site-packages/airflow/example_dags/example_branch_operator_decorator.py
[2022-08-19 16:43:08,099] {processor.py:651} INFO - DAG(s) dict_keys(['example_branch_python_operator_decorator']) retrieved from /home/airflow/.local/lib/python3.7/site-packages/airflow/example_dags/example_branch_operator_decorator.py
[2022-08-19 16:43:08,128] {logging_mixin.py:115} INFO - [2022-08-19 16:43:08,127] {dag.py:2379} INFO - Sync 1 DAGs
[2022-08-19 16:43:08,247] {logging_mixin.py:115} INFO - [2022-08-19 16:43:08,247] {dag.py:2931} INFO - Setting next_dagrun for example_branch_python_operator_decorator to 2022-08-18T00:00:00+00:00, run_after=2022-08-19T00:00:00+00:00
[2022-08-19 16:43:08,261] {processor.py:161} INFO - Processing /home/airflow/.local/lib/python3.7/site-packages/airflow/example_dags/example_branch_operator_decorator.py took 0.198 seconds
[2022-08-19 16:43:39,167] {processor.py:153} INFO - Started process (PID=895) to work on /home/airflow/.local/lib/python3.7/site-packages/airflow/example_dags/example_branch_operator_decorator.py
[2022-08-19 16:43:39,168] {processor.py:641} INFO - Processing file /home/airflow/.local/lib/python3.7/site-packages/airflow/example_dags/example_branch_operator_decorator.py for tasks to queue
[2022-08-19 16:43:39,168] {logging_mixin.py:115} INFO - [2022-08-19 16:43:39,168] {dagbag.py:507} INFO - Filling up the DagBag from /home/airflow/.local/lib/python3.7/site-packages/airflow/example_dags/example_branch_operator_decorator.py
[2022-08-19 16:43:39,207] {processor.py:651} INFO - DAG(s) dict_keys(['example_branch_python_operator_decorator']) retrieved from /home/airflow/.local/lib/python3.7/site-packages/airflow/example_dags/example_branch_operator_decorator.py
[2022-08-19 16:43:39,240] {logging_mixin.py:115} INFO - [2022-08-19 16:43:39,240] {dag.py:2379} INFO - Sync 1 DAGs
[2022-08-19 16:43:39,410] {logging_mixin.py:115} INFO - [2022-08-19 16:43:39,410] {dag.py:2931} INFO - Setting next_dagrun for example_branch_python_operator_decorator to 2022-08-18T00:00:00+00:00, run_after=2022-08-19T00:00:00+00:00
[2022-08-19 16:43:39,429] {processor.py:161} INFO - Processing /home/airflow/.local/lib/python3.7/site-packages/airflow/example_dags/example_branch_operator_decorator.py took 0.271 seconds
[2022-08-19 16:44:09,930] {processor.py:153} INFO - Started process (PID=959) to work on /home/airflow/.local/lib/python3.7/site-packages/airflow/example_dags/example_branch_operator_decorator.py
[2022-08-19 16:44:09,932] {processor.py:641} INFO - Processing file /home/airflow/.local/lib/python3.7/site-packages/airflow/example_dags/example_branch_operator_decorator.py for tasks to queue
[2022-08-19 16:44:09,933] {logging_mixin.py:115} INFO - [2022-08-19 16:44:09,933] {dagbag.py:507} INFO - Filling up the DagBag from /home/airflow/.local/lib/python3.7/site-packages/airflow/example_dags/example_branch_operator_decorator.py
[2022-08-19 16:44:09,955] {processor.py:651} INFO - DAG(s) dict_keys(['example_branch_python_operator_decorator']) retrieved from /home/airflow/.local/lib/python3.7/site-packages/airflow/example_dags/example_branch_operator_decorator.py
[2022-08-19 16:44:09,987] {logging_mixin.py:115} INFO - [2022-08-19 16:44:09,987] {dag.py:2379} INFO - Sync 1 DAGs
[2022-08-19 16:44:10,123] {logging_mixin.py:115} INFO - [2022-08-19 16:44:10,123] {dag.py:2931} INFO - Setting next_dagrun for example_branch_python_operator_decorator to 2022-08-18T00:00:00+00:00, run_after=2022-08-19T00:00:00+00:00
[2022-08-19 16:44:10,136] {processor.py:161} INFO - Processing /home/airflow/.local/lib/python3.7/site-packages/airflow/example_dags/example_branch_operator_decorator.py took 0.209 seconds
[2022-08-19 16:44:40,972] {processor.py:153} INFO - Started process (PID=1013) to work on /home/airflow/.local/lib/python3.7/site-packages/airflow/example_dags/example_branch_operator_decorator.py
[2022-08-19 16:44:40,974] {processor.py:641} INFO - Processing file /home/airflow/.local/lib/python3.7/site-packages/airflow/example_dags/example_branch_operator_decorator.py for tasks to queue
[2022-08-19 16:44:40,975] {logging_mixin.py:115} INFO - [2022-08-19 16:44:40,975] {dagbag.py:507} INFO - Filling up the DagBag from /home/airflow/.local/lib/python3.7/site-packages/airflow/example_dags/example_branch_operator_decorator.py
[2022-08-19 16:44:41,029] {processor.py:651} INFO - DAG(s) dict_keys(['example_branch_python_operator_decorator']) retrieved from /home/airflow/.local/lib/python3.7/site-packages/airflow/example_dags/example_branch_operator_decorator.py
[2022-08-19 16:44:41,061] {logging_mixin.py:115} INFO - [2022-08-19 16:44:41,061] {dag.py:2379} INFO - Sync 1 DAGs
[2022-08-19 16:44:41,202] {logging_mixin.py:115} INFO - [2022-08-19 16:44:41,202] {dag.py:2931} INFO - Setting next_dagrun for example_branch_python_operator_decorator to 2022-08-18T00:00:00+00:00, run_after=2022-08-19T00:00:00+00:00
[2022-08-19 16:44:41,215] {processor.py:161} INFO - Processing /home/airflow/.local/lib/python3.7/site-packages/airflow/example_dags/example_branch_operator_decorator.py took 0.254 seconds
[2022-08-19 16:45:15,642] {processor.py:153} INFO - Started process (PID=1075) to work on /home/airflow/.local/lib/python3.7/site-packages/airflow/example_dags/example_branch_operator_decorator.py
[2022-08-19 16:45:15,642] {processor.py:641} INFO - Processing file /home/airflow/.local/lib/python3.7/site-packages/airflow/example_dags/example_branch_operator_decorator.py for tasks to queue
[2022-08-19 16:45:15,643] {logging_mixin.py:115} INFO - [2022-08-19 16:45:15,643] {dagbag.py:507} INFO - Filling up the DagBag from /home/airflow/.local/lib/python3.7/site-packages/airflow/example_dags/example_branch_operator_decorator.py
[2022-08-19 16:45:15,669] {processor.py:651} INFO - DAG(s) dict_keys(['example_branch_python_operator_decorator']) retrieved from /home/airflow/.local/lib/python3.7/site-packages/airflow/example_dags/example_branch_operator_decorator.py
[2022-08-19 16:45:15,704] {logging_mixin.py:115} INFO - [2022-08-19 16:45:15,704] {dag.py:2379} INFO - Sync 1 DAGs
[2022-08-19 16:45:15,847] {logging_mixin.py:115} INFO - [2022-08-19 16:45:15,847] {dag.py:2931} INFO - Setting next_dagrun for example_branch_python_operator_decorator to 2022-08-18T00:00:00+00:00, run_after=2022-08-19T00:00:00+00:00
[2022-08-19 16:45:15,862] {processor.py:161} INFO - Processing /home/airflow/.local/lib/python3.7/site-packages/airflow/example_dags/example_branch_operator_decorator.py took 0.223 seconds
[2022-08-19 16:45:47,080] {processor.py:153} INFO - Started process (PID=1139) to work on /home/airflow/.local/lib/python3.7/site-packages/airflow/example_dags/example_branch_operator_decorator.py
[2022-08-19 16:45:47,081] {processor.py:641} INFO - Processing file /home/airflow/.local/lib/python3.7/site-packages/airflow/example_dags/example_branch_operator_decorator.py for tasks to queue
[2022-08-19 16:45:47,082] {logging_mixin.py:115} INFO - [2022-08-19 16:45:47,081] {dagbag.py:507} INFO - Filling up the DagBag from /home/airflow/.local/lib/python3.7/site-packages/airflow/example_dags/example_branch_operator_decorator.py
[2022-08-19 16:45:47,110] {processor.py:651} INFO - DAG(s) dict_keys(['example_branch_python_operator_decorator']) retrieved from /home/airflow/.local/lib/python3.7/site-packages/airflow/example_dags/example_branch_operator_decorator.py
[2022-08-19 16:45:47,149] {logging_mixin.py:115} INFO - [2022-08-19 16:45:47,149] {dag.py:2379} INFO - Sync 1 DAGs
[2022-08-19 16:45:47,411] {logging_mixin.py:115} INFO - [2022-08-19 16:45:47,411] {dag.py:2931} INFO - Setting next_dagrun for example_branch_python_operator_decorator to 2022-08-18T00:00:00+00:00, run_after=2022-08-19T00:00:00+00:00
[2022-08-19 16:45:47,443] {processor.py:161} INFO - Processing /home/airflow/.local/lib/python3.7/site-packages/airflow/example_dags/example_branch_operator_decorator.py took 0.367 seconds
[2022-08-19 16:46:17,695] {processor.py:153} INFO - Started process (PID=1191) to work on /home/airflow/.local/lib/python3.7/site-packages/airflow/example_dags/example_branch_operator_decorator.py
[2022-08-19 16:46:17,696] {processor.py:641} INFO - Processing file /home/airflow/.local/lib/python3.7/site-packages/airflow/example_dags/example_branch_operator_decorator.py for tasks to queue
[2022-08-19 16:46:17,699] {logging_mixin.py:115} INFO - [2022-08-19 16:46:17,699] {dagbag.py:507} INFO - Filling up the DagBag from /home/airflow/.local/lib/python3.7/site-packages/airflow/example_dags/example_branch_operator_decorator.py
[2022-08-19 16:46:17,758] {processor.py:651} INFO - DAG(s) dict_keys(['example_branch_python_operator_decorator']) retrieved from /home/airflow/.local/lib/python3.7/site-packages/airflow/example_dags/example_branch_operator_decorator.py
[2022-08-19 16:46:17,811] {logging_mixin.py:115} INFO - [2022-08-19 16:46:17,810] {dag.py:2379} INFO - Sync 1 DAGs
[2022-08-19 16:46:17,985] {logging_mixin.py:115} INFO - [2022-08-19 16:46:17,984] {dag.py:2931} INFO - Setting next_dagrun for example_branch_python_operator_decorator to 2022-08-18T00:00:00+00:00, run_after=2022-08-19T00:00:00+00:00
[2022-08-19 16:46:18,013] {processor.py:161} INFO - Processing /home/airflow/.local/lib/python3.7/site-packages/airflow/example_dags/example_branch_operator_decorator.py took 0.330 seconds
[2022-08-19 16:47:33,280] {processor.py:153} INFO - Started process (PID=72) to work on /home/airflow/.local/lib/python3.7/site-packages/airflow/example_dags/example_branch_operator_decorator.py
[2022-08-19 16:47:33,282] {processor.py:641} INFO - Processing file /home/airflow/.local/lib/python3.7/site-packages/airflow/example_dags/example_branch_operator_decorator.py for tasks to queue
[2022-08-19 16:47:33,283] {logging_mixin.py:115} INFO - [2022-08-19 16:47:33,282] {dagbag.py:507} INFO - Filling up the DagBag from /home/airflow/.local/lib/python3.7/site-packages/airflow/example_dags/example_branch_operator_decorator.py
[2022-08-19 16:47:33,322] {processor.py:651} INFO - DAG(s) dict_keys(['example_branch_python_operator_decorator']) retrieved from /home/airflow/.local/lib/python3.7/site-packages/airflow/example_dags/example_branch_operator_decorator.py
[2022-08-19 16:47:33,376] {logging_mixin.py:115} INFO - [2022-08-19 16:47:33,376] {dag.py:2379} INFO - Sync 1 DAGs
[2022-08-19 16:47:33,444] {logging_mixin.py:115} INFO - [2022-08-19 16:47:33,444] {dag.py:2931} INFO - Setting next_dagrun for example_branch_python_operator_decorator to 2022-08-18T00:00:00+00:00, run_after=2022-08-19T00:00:00+00:00
[2022-08-19 16:47:33,697] {processor.py:161} INFO - Processing /home/airflow/.local/lib/python3.7/site-packages/airflow/example_dags/example_branch_operator_decorator.py took 0.423 seconds
[2022-08-19 16:48:04,731] {processor.py:153} INFO - Started process (PID=134) to work on /home/airflow/.local/lib/python3.7/site-packages/airflow/example_dags/example_branch_operator_decorator.py
[2022-08-19 16:48:04,732] {processor.py:641} INFO - Processing file /home/airflow/.local/lib/python3.7/site-packages/airflow/example_dags/example_branch_operator_decorator.py for tasks to queue
[2022-08-19 16:48:04,732] {logging_mixin.py:115} INFO - [2022-08-19 16:48:04,732] {dagbag.py:507} INFO - Filling up the DagBag from /home/airflow/.local/lib/python3.7/site-packages/airflow/example_dags/example_branch_operator_decorator.py
[2022-08-19 16:48:04,758] {processor.py:651} INFO - DAG(s) dict_keys(['example_branch_python_operator_decorator']) retrieved from /home/airflow/.local/lib/python3.7/site-packages/airflow/example_dags/example_branch_operator_decorator.py
[2022-08-19 16:48:04,813] {logging_mixin.py:115} INFO - [2022-08-19 16:48:04,812] {dag.py:2379} INFO - Sync 1 DAGs
[2022-08-19 16:48:04,862] {logging_mixin.py:115} INFO - [2022-08-19 16:48:04,862] {dag.py:2931} INFO - Setting next_dagrun for example_branch_python_operator_decorator to 2022-08-18T00:00:00+00:00, run_after=2022-08-19T00:00:00+00:00
[2022-08-19 16:48:05,007] {processor.py:161} INFO - Processing /home/airflow/.local/lib/python3.7/site-packages/airflow/example_dags/example_branch_operator_decorator.py took 0.279 seconds
[2022-08-19 16:49:19,357] {processor.py:153} INFO - Started process (PID=73) to work on /home/airflow/.local/lib/python3.7/site-packages/airflow/example_dags/example_branch_operator_decorator.py
[2022-08-19 16:49:19,361] {processor.py:641} INFO - Processing file /home/airflow/.local/lib/python3.7/site-packages/airflow/example_dags/example_branch_operator_decorator.py for tasks to queue
[2022-08-19 16:49:19,362] {logging_mixin.py:115} INFO - [2022-08-19 16:49:19,362] {dagbag.py:507} INFO - Filling up the DagBag from /home/airflow/.local/lib/python3.7/site-packages/airflow/example_dags/example_branch_operator_decorator.py
[2022-08-19 16:49:19,408] {processor.py:651} INFO - DAG(s) dict_keys(['example_branch_python_operator_decorator']) retrieved from /home/airflow/.local/lib/python3.7/site-packages/airflow/example_dags/example_branch_operator_decorator.py
[2022-08-19 16:49:19,517] {logging_mixin.py:115} INFO - [2022-08-19 16:49:19,517] {dag.py:2379} INFO - Sync 1 DAGs
[2022-08-19 16:49:19,603] {logging_mixin.py:115} INFO - [2022-08-19 16:49:19,603] {dag.py:2931} INFO - Setting next_dagrun for example_branch_python_operator_decorator to 2022-08-18T00:00:00+00:00, run_after=2022-08-19T00:00:00+00:00
[2022-08-19 16:49:20,001] {processor.py:161} INFO - Processing /home/airflow/.local/lib/python3.7/site-packages/airflow/example_dags/example_branch_operator_decorator.py took 0.652 seconds
[2022-08-19 16:49:57,172] {processor.py:153} INFO - Started process (PID=136) to work on /home/airflow/.local/lib/python3.7/site-packages/airflow/example_dags/example_branch_operator_decorator.py
[2022-08-19 16:49:57,176] {processor.py:641} INFO - Processing file /home/airflow/.local/lib/python3.7/site-packages/airflow/example_dags/example_branch_operator_decorator.py for tasks to queue
[2022-08-19 16:49:57,177] {logging_mixin.py:115} INFO - [2022-08-19 16:49:57,177] {dagbag.py:507} INFO - Filling up the DagBag from /home/airflow/.local/lib/python3.7/site-packages/airflow/example_dags/example_branch_operator_decorator.py
[2022-08-19 16:49:57,218] {processor.py:651} INFO - DAG(s) dict_keys(['example_branch_python_operator_decorator']) retrieved from /home/airflow/.local/lib/python3.7/site-packages/airflow/example_dags/example_branch_operator_decorator.py
[2022-08-19 16:49:57,258] {logging_mixin.py:115} INFO - [2022-08-19 16:49:57,258] {dag.py:2379} INFO - Sync 1 DAGs
[2022-08-19 16:49:57,308] {logging_mixin.py:115} INFO - [2022-08-19 16:49:57,308] {dag.py:2931} INFO - Setting next_dagrun for example_branch_python_operator_decorator to 2022-08-18T00:00:00+00:00, run_after=2022-08-19T00:00:00+00:00
[2022-08-19 16:49:57,543] {processor.py:161} INFO - Processing /home/airflow/.local/lib/python3.7/site-packages/airflow/example_dags/example_branch_operator_decorator.py took 0.375 seconds
[2022-08-19 16:50:27,817] {processor.py:153} INFO - Started process (PID=188) to work on /home/airflow/.local/lib/python3.7/site-packages/airflow/example_dags/example_branch_operator_decorator.py
[2022-08-19 16:50:27,818] {processor.py:641} INFO - Processing file /home/airflow/.local/lib/python3.7/site-packages/airflow/example_dags/example_branch_operator_decorator.py for tasks to queue
[2022-08-19 16:50:27,818] {logging_mixin.py:115} INFO - [2022-08-19 16:50:27,818] {dagbag.py:507} INFO - Filling up the DagBag from /home/airflow/.local/lib/python3.7/site-packages/airflow/example_dags/example_branch_operator_decorator.py
[2022-08-19 16:50:27,837] {processor.py:651} INFO - DAG(s) dict_keys(['example_branch_python_operator_decorator']) retrieved from /home/airflow/.local/lib/python3.7/site-packages/airflow/example_dags/example_branch_operator_decorator.py
[2022-08-19 16:50:27,866] {logging_mixin.py:115} INFO - [2022-08-19 16:50:27,866] {dag.py:2379} INFO - Sync 1 DAGs
[2022-08-19 16:50:27,893] {logging_mixin.py:115} INFO - [2022-08-19 16:50:27,893] {dag.py:2931} INFO - Setting next_dagrun for example_branch_python_operator_decorator to 2022-08-18T00:00:00+00:00, run_after=2022-08-19T00:00:00+00:00
[2022-08-19 16:50:28,026] {processor.py:161} INFO - Processing /home/airflow/.local/lib/python3.7/site-packages/airflow/example_dags/example_branch_operator_decorator.py took 0.212 seconds
[2022-08-19 16:50:58,340] {processor.py:153} INFO - Started process (PID=249) to work on /home/airflow/.local/lib/python3.7/site-packages/airflow/example_dags/example_branch_operator_decorator.py
[2022-08-19 16:50:58,341] {processor.py:641} INFO - Processing file /home/airflow/.local/lib/python3.7/site-packages/airflow/example_dags/example_branch_operator_decorator.py for tasks to queue
[2022-08-19 16:50:58,341] {logging_mixin.py:115} INFO - [2022-08-19 16:50:58,341] {dagbag.py:507} INFO - Filling up the DagBag from /home/airflow/.local/lib/python3.7/site-packages/airflow/example_dags/example_branch_operator_decorator.py
[2022-08-19 16:50:58,363] {processor.py:651} INFO - DAG(s) dict_keys(['example_branch_python_operator_decorator']) retrieved from /home/airflow/.local/lib/python3.7/site-packages/airflow/example_dags/example_branch_operator_decorator.py
[2022-08-19 16:50:58,393] {logging_mixin.py:115} INFO - [2022-08-19 16:50:58,393] {dag.py:2379} INFO - Sync 1 DAGs
[2022-08-19 16:50:58,430] {logging_mixin.py:115} INFO - [2022-08-19 16:50:58,429] {dag.py:2931} INFO - Setting next_dagrun for example_branch_python_operator_decorator to 2022-08-18T00:00:00+00:00, run_after=2022-08-19T00:00:00+00:00
[2022-08-19 16:50:58,614] {processor.py:161} INFO - Processing /home/airflow/.local/lib/python3.7/site-packages/airflow/example_dags/example_branch_operator_decorator.py took 0.277 seconds
[2022-08-19 16:51:28,707] {processor.py:153} INFO - Started process (PID=310) to work on /home/airflow/.local/lib/python3.7/site-packages/airflow/example_dags/example_branch_operator_decorator.py
[2022-08-19 16:51:28,708] {processor.py:641} INFO - Processing file /home/airflow/.local/lib/python3.7/site-packages/airflow/example_dags/example_branch_operator_decorator.py for tasks to queue
[2022-08-19 16:51:28,708] {logging_mixin.py:115} INFO - [2022-08-19 16:51:28,708] {dagbag.py:507} INFO - Filling up the DagBag from /home/airflow/.local/lib/python3.7/site-packages/airflow/example_dags/example_branch_operator_decorator.py
[2022-08-19 16:51:28,736] {processor.py:651} INFO - DAG(s) dict_keys(['example_branch_python_operator_decorator']) retrieved from /home/airflow/.local/lib/python3.7/site-packages/airflow/example_dags/example_branch_operator_decorator.py
[2022-08-19 16:51:28,771] {logging_mixin.py:115} INFO - [2022-08-19 16:51:28,771] {dag.py:2379} INFO - Sync 1 DAGs
[2022-08-19 16:51:28,809] {logging_mixin.py:115} INFO - [2022-08-19 16:51:28,809] {dag.py:2931} INFO - Setting next_dagrun for example_branch_python_operator_decorator to 2022-08-18T00:00:00+00:00, run_after=2022-08-19T00:00:00+00:00
[2022-08-19 16:51:28,970] {processor.py:161} INFO - Processing /home/airflow/.local/lib/python3.7/site-packages/airflow/example_dags/example_branch_operator_decorator.py took 0.268 seconds
[2022-08-19 16:51:59,187] {processor.py:153} INFO - Started process (PID=369) to work on /home/airflow/.local/lib/python3.7/site-packages/airflow/example_dags/example_branch_operator_decorator.py
[2022-08-19 16:51:59,188] {processor.py:641} INFO - Processing file /home/airflow/.local/lib/python3.7/site-packages/airflow/example_dags/example_branch_operator_decorator.py for tasks to queue
[2022-08-19 16:51:59,188] {logging_mixin.py:115} INFO - [2022-08-19 16:51:59,188] {dagbag.py:507} INFO - Filling up the DagBag from /home/airflow/.local/lib/python3.7/site-packages/airflow/example_dags/example_branch_operator_decorator.py
[2022-08-19 16:51:59,210] {processor.py:651} INFO - DAG(s) dict_keys(['example_branch_python_operator_decorator']) retrieved from /home/airflow/.local/lib/python3.7/site-packages/airflow/example_dags/example_branch_operator_decorator.py
[2022-08-19 16:51:59,244] {logging_mixin.py:115} INFO - [2022-08-19 16:51:59,244] {dag.py:2379} INFO - Sync 1 DAGs
[2022-08-19 16:51:59,275] {logging_mixin.py:115} INFO - [2022-08-19 16:51:59,275] {dag.py:2931} INFO - Setting next_dagrun for example_branch_python_operator_decorator to 2022-08-18T00:00:00+00:00, run_after=2022-08-19T00:00:00+00:00
[2022-08-19 16:51:59,495] {processor.py:161} INFO - Processing /home/airflow/.local/lib/python3.7/site-packages/airflow/example_dags/example_branch_operator_decorator.py took 0.314 seconds
[2022-08-19 16:52:30,054] {processor.py:153} INFO - Started process (PID=432) to work on /home/airflow/.local/lib/python3.7/site-packages/airflow/example_dags/example_branch_operator_decorator.py
[2022-08-19 16:52:30,055] {processor.py:641} INFO - Processing file /home/airflow/.local/lib/python3.7/site-packages/airflow/example_dags/example_branch_operator_decorator.py for tasks to queue
[2022-08-19 16:52:30,055] {logging_mixin.py:115} INFO - [2022-08-19 16:52:30,055] {dagbag.py:507} INFO - Filling up the DagBag from /home/airflow/.local/lib/python3.7/site-packages/airflow/example_dags/example_branch_operator_decorator.py
[2022-08-19 16:52:30,075] {processor.py:651} INFO - DAG(s) dict_keys(['example_branch_python_operator_decorator']) retrieved from /home/airflow/.local/lib/python3.7/site-packages/airflow/example_dags/example_branch_operator_decorator.py
[2022-08-19 16:52:30,105] {logging_mixin.py:115} INFO - [2022-08-19 16:52:30,104] {dag.py:2379} INFO - Sync 1 DAGs
[2022-08-19 16:52:30,132] {logging_mixin.py:115} INFO - [2022-08-19 16:52:30,132] {dag.py:2931} INFO - Setting next_dagrun for example_branch_python_operator_decorator to 2022-08-18T00:00:00+00:00, run_after=2022-08-19T00:00:00+00:00
[2022-08-19 16:52:30,254] {processor.py:161} INFO - Processing /home/airflow/.local/lib/python3.7/site-packages/airflow/example_dags/example_branch_operator_decorator.py took 0.203 seconds
[2022-08-19 16:53:00,331] {processor.py:153} INFO - Started process (PID=485) to work on /home/airflow/.local/lib/python3.7/site-packages/airflow/example_dags/example_branch_operator_decorator.py
[2022-08-19 16:53:00,333] {processor.py:641} INFO - Processing file /home/airflow/.local/lib/python3.7/site-packages/airflow/example_dags/example_branch_operator_decorator.py for tasks to queue
[2022-08-19 16:53:00,333] {logging_mixin.py:115} INFO - [2022-08-19 16:53:00,333] {dagbag.py:507} INFO - Filling up the DagBag from /home/airflow/.local/lib/python3.7/site-packages/airflow/example_dags/example_branch_operator_decorator.py
[2022-08-19 16:53:00,354] {processor.py:651} INFO - DAG(s) dict_keys(['example_branch_python_operator_decorator']) retrieved from /home/airflow/.local/lib/python3.7/site-packages/airflow/example_dags/example_branch_operator_decorator.py
[2022-08-19 16:53:00,386] {logging_mixin.py:115} INFO - [2022-08-19 16:53:00,386] {dag.py:2379} INFO - Sync 1 DAGs
[2022-08-19 16:53:00,418] {logging_mixin.py:115} INFO - [2022-08-19 16:53:00,418] {dag.py:2931} INFO - Setting next_dagrun for example_branch_python_operator_decorator to 2022-08-18T00:00:00+00:00, run_after=2022-08-19T00:00:00+00:00
[2022-08-19 16:53:00,583] {processor.py:161} INFO - Processing /home/airflow/.local/lib/python3.7/site-packages/airflow/example_dags/example_branch_operator_decorator.py took 0.255 seconds
[2022-08-19 16:53:31,307] {processor.py:153} INFO - Started process (PID=547) to work on /home/airflow/.local/lib/python3.7/site-packages/airflow/example_dags/example_branch_operator_decorator.py
[2022-08-19 16:53:31,307] {processor.py:641} INFO - Processing file /home/airflow/.local/lib/python3.7/site-packages/airflow/example_dags/example_branch_operator_decorator.py for tasks to queue
[2022-08-19 16:53:31,308] {logging_mixin.py:115} INFO - [2022-08-19 16:53:31,308] {dagbag.py:507} INFO - Filling up the DagBag from /home/airflow/.local/lib/python3.7/site-packages/airflow/example_dags/example_branch_operator_decorator.py
[2022-08-19 16:53:31,327] {processor.py:651} INFO - DAG(s) dict_keys(['example_branch_python_operator_decorator']) retrieved from /home/airflow/.local/lib/python3.7/site-packages/airflow/example_dags/example_branch_operator_decorator.py
[2022-08-19 16:53:31,355] {logging_mixin.py:115} INFO - [2022-08-19 16:53:31,355] {dag.py:2379} INFO - Sync 1 DAGs
[2022-08-19 16:53:31,382] {logging_mixin.py:115} INFO - [2022-08-19 16:53:31,382] {dag.py:2931} INFO - Setting next_dagrun for example_branch_python_operator_decorator to 2022-08-18T00:00:00+00:00, run_after=2022-08-19T00:00:00+00:00
[2022-08-19 16:53:31,509] {processor.py:161} INFO - Processing /home/airflow/.local/lib/python3.7/site-packages/airflow/example_dags/example_branch_operator_decorator.py took 0.206 seconds
[2022-08-19 16:54:01,609] {processor.py:153} INFO - Started process (PID=600) to work on /home/airflow/.local/lib/python3.7/site-packages/airflow/example_dags/example_branch_operator_decorator.py
[2022-08-19 16:54:01,610] {processor.py:641} INFO - Processing file /home/airflow/.local/lib/python3.7/site-packages/airflow/example_dags/example_branch_operator_decorator.py for tasks to queue
[2022-08-19 16:54:01,610] {logging_mixin.py:115} INFO - [2022-08-19 16:54:01,610] {dagbag.py:507} INFO - Filling up the DagBag from /home/airflow/.local/lib/python3.7/site-packages/airflow/example_dags/example_branch_operator_decorator.py
[2022-08-19 16:54:01,632] {processor.py:651} INFO - DAG(s) dict_keys(['example_branch_python_operator_decorator']) retrieved from /home/airflow/.local/lib/python3.7/site-packages/airflow/example_dags/example_branch_operator_decorator.py
[2022-08-19 16:54:01,659] {logging_mixin.py:115} INFO - [2022-08-19 16:54:01,659] {dag.py:2379} INFO - Sync 1 DAGs
[2022-08-19 16:54:01,687] {logging_mixin.py:115} INFO - [2022-08-19 16:54:01,687] {dag.py:2931} INFO - Setting next_dagrun for example_branch_python_operator_decorator to 2022-08-18T00:00:00+00:00, run_after=2022-08-19T00:00:00+00:00
[2022-08-19 16:54:01,808] {processor.py:161} INFO - Processing /home/airflow/.local/lib/python3.7/site-packages/airflow/example_dags/example_branch_operator_decorator.py took 0.202 seconds
