[2022-08-19 15:37:48,046] {processor.py:153} INFO - Started process (PID=47) to work on /home/airflow/.local/lib/python3.7/site-packages/airflow/example_dags/example_dag_decorator.py
[2022-08-19 15:37:48,047] {processor.py:641} INFO - Processing file /home/airflow/.local/lib/python3.7/site-packages/airflow/example_dags/example_dag_decorator.py for tasks to queue
[2022-08-19 15:37:48,047] {logging_mixin.py:115} INFO - [2022-08-19 15:37:48,047] {dagbag.py:507} INFO - Filling up the DagBag from /home/airflow/.local/lib/python3.7/site-packages/airflow/example_dags/example_dag_decorator.py
[2022-08-19 15:37:48,514] {processor.py:651} INFO - DAG(s) dict_keys(['example_dag_decorator']) retrieved from /home/airflow/.local/lib/python3.7/site-packages/airflow/example_dags/example_dag_decorator.py
[2022-08-19 15:37:48,725] {logging_mixin.py:115} INFO - [2022-08-19 15:37:48,724] {dag.py:2379} INFO - Sync 1 DAGs
[2022-08-19 15:37:48,768] {logging_mixin.py:115} INFO - [2022-08-19 15:37:48,768] {dag.py:2931} INFO - Setting next_dagrun for example_dag_decorator to None, run_after=None
[2022-08-19 15:37:48,881] {processor.py:161} INFO - Processing /home/airflow/.local/lib/python3.7/site-packages/airflow/example_dags/example_dag_decorator.py took 0.844 seconds
[2022-08-19 15:38:19,615] {processor.py:153} INFO - Started process (PID=109) to work on /home/airflow/.local/lib/python3.7/site-packages/airflow/example_dags/example_dag_decorator.py
[2022-08-19 15:38:19,616] {processor.py:641} INFO - Processing file /home/airflow/.local/lib/python3.7/site-packages/airflow/example_dags/example_dag_decorator.py for tasks to queue
[2022-08-19 15:38:19,617] {logging_mixin.py:115} INFO - [2022-08-19 15:38:19,617] {dagbag.py:507} INFO - Filling up the DagBag from /home/airflow/.local/lib/python3.7/site-packages/airflow/example_dags/example_dag_decorator.py
[2022-08-19 15:38:19,779] {processor.py:651} INFO - DAG(s) dict_keys(['example_dag_decorator']) retrieved from /home/airflow/.local/lib/python3.7/site-packages/airflow/example_dags/example_dag_decorator.py
[2022-08-19 15:38:19,853] {logging_mixin.py:115} INFO - [2022-08-19 15:38:19,853] {dag.py:2379} INFO - Sync 1 DAGs
[2022-08-19 15:38:19,882] {logging_mixin.py:115} INFO - [2022-08-19 15:38:19,882] {dag.py:2931} INFO - Setting next_dagrun for example_dag_decorator to None, run_after=None
[2022-08-19 15:38:19,904] {processor.py:161} INFO - Processing /home/airflow/.local/lib/python3.7/site-packages/airflow/example_dags/example_dag_decorator.py took 0.292 seconds
[2022-08-19 15:38:50,584] {processor.py:153} INFO - Started process (PID=165) to work on /home/airflow/.local/lib/python3.7/site-packages/airflow/example_dags/example_dag_decorator.py
[2022-08-19 15:38:50,589] {processor.py:641} INFO - Processing file /home/airflow/.local/lib/python3.7/site-packages/airflow/example_dags/example_dag_decorator.py for tasks to queue
[2022-08-19 15:38:50,591] {logging_mixin.py:115} INFO - [2022-08-19 15:38:50,591] {dagbag.py:507} INFO - Filling up the DagBag from /home/airflow/.local/lib/python3.7/site-packages/airflow/example_dags/example_dag_decorator.py
[2022-08-19 15:38:50,802] {processor.py:651} INFO - DAG(s) dict_keys(['example_dag_decorator']) retrieved from /home/airflow/.local/lib/python3.7/site-packages/airflow/example_dags/example_dag_decorator.py
[2022-08-19 15:38:50,900] {logging_mixin.py:115} INFO - [2022-08-19 15:38:50,900] {dag.py:2379} INFO - Sync 1 DAGs
[2022-08-19 15:38:50,928] {logging_mixin.py:115} INFO - [2022-08-19 15:38:50,928] {dag.py:2931} INFO - Setting next_dagrun for example_dag_decorator to None, run_after=None
[2022-08-19 15:38:50,949] {processor.py:161} INFO - Processing /home/airflow/.local/lib/python3.7/site-packages/airflow/example_dags/example_dag_decorator.py took 0.378 seconds
[2022-08-19 15:39:21,000] {processor.py:153} INFO - Started process (PID=228) to work on /home/airflow/.local/lib/python3.7/site-packages/airflow/example_dags/example_dag_decorator.py
[2022-08-19 15:39:21,002] {processor.py:641} INFO - Processing file /home/airflow/.local/lib/python3.7/site-packages/airflow/example_dags/example_dag_decorator.py for tasks to queue
[2022-08-19 15:39:21,003] {logging_mixin.py:115} INFO - [2022-08-19 15:39:21,003] {dagbag.py:507} INFO - Filling up the DagBag from /home/airflow/.local/lib/python3.7/site-packages/airflow/example_dags/example_dag_decorator.py
[2022-08-19 15:39:21,141] {processor.py:651} INFO - DAG(s) dict_keys(['example_dag_decorator']) retrieved from /home/airflow/.local/lib/python3.7/site-packages/airflow/example_dags/example_dag_decorator.py
[2022-08-19 15:39:21,203] {logging_mixin.py:115} INFO - [2022-08-19 15:39:21,203] {dag.py:2379} INFO - Sync 1 DAGs
[2022-08-19 15:39:21,220] {logging_mixin.py:115} INFO - [2022-08-19 15:39:21,220] {dag.py:2931} INFO - Setting next_dagrun for example_dag_decorator to None, run_after=None
[2022-08-19 15:39:21,235] {processor.py:161} INFO - Processing /home/airflow/.local/lib/python3.7/site-packages/airflow/example_dags/example_dag_decorator.py took 0.238 seconds
[2022-08-19 15:39:51,500] {processor.py:153} INFO - Started process (PID=282) to work on /home/airflow/.local/lib/python3.7/site-packages/airflow/example_dags/example_dag_decorator.py
[2022-08-19 15:39:51,501] {processor.py:641} INFO - Processing file /home/airflow/.local/lib/python3.7/site-packages/airflow/example_dags/example_dag_decorator.py for tasks to queue
[2022-08-19 15:39:51,504] {logging_mixin.py:115} INFO - [2022-08-19 15:39:51,502] {dagbag.py:507} INFO - Filling up the DagBag from /home/airflow/.local/lib/python3.7/site-packages/airflow/example_dags/example_dag_decorator.py
[2022-08-19 15:39:51,757] {processor.py:651} INFO - DAG(s) dict_keys(['example_dag_decorator']) retrieved from /home/airflow/.local/lib/python3.7/site-packages/airflow/example_dags/example_dag_decorator.py
[2022-08-19 15:39:51,897] {logging_mixin.py:115} INFO - [2022-08-19 15:39:51,897] {dag.py:2379} INFO - Sync 1 DAGs
[2022-08-19 15:39:51,935] {logging_mixin.py:115} INFO - [2022-08-19 15:39:51,935] {dag.py:2931} INFO - Setting next_dagrun for example_dag_decorator to None, run_after=None
[2022-08-19 15:39:51,962] {processor.py:161} INFO - Processing /home/airflow/.local/lib/python3.7/site-packages/airflow/example_dags/example_dag_decorator.py took 0.466 seconds
[2022-08-19 15:40:22,872] {processor.py:153} INFO - Started process (PID=347) to work on /home/airflow/.local/lib/python3.7/site-packages/airflow/example_dags/example_dag_decorator.py
[2022-08-19 15:40:22,873] {processor.py:641} INFO - Processing file /home/airflow/.local/lib/python3.7/site-packages/airflow/example_dags/example_dag_decorator.py for tasks to queue
[2022-08-19 15:40:22,873] {logging_mixin.py:115} INFO - [2022-08-19 15:40:22,873] {dagbag.py:507} INFO - Filling up the DagBag from /home/airflow/.local/lib/python3.7/site-packages/airflow/example_dags/example_dag_decorator.py
[2022-08-19 15:40:23,018] {processor.py:651} INFO - DAG(s) dict_keys(['example_dag_decorator']) retrieved from /home/airflow/.local/lib/python3.7/site-packages/airflow/example_dags/example_dag_decorator.py
[2022-08-19 15:40:23,092] {logging_mixin.py:115} INFO - [2022-08-19 15:40:23,092] {dag.py:2379} INFO - Sync 1 DAGs
[2022-08-19 15:40:23,132] {logging_mixin.py:115} INFO - [2022-08-19 15:40:23,132] {dag.py:2931} INFO - Setting next_dagrun for example_dag_decorator to None, run_after=None
[2022-08-19 15:40:23,156] {processor.py:161} INFO - Processing /home/airflow/.local/lib/python3.7/site-packages/airflow/example_dags/example_dag_decorator.py took 0.287 seconds
[2022-08-19 15:40:54,119] {processor.py:153} INFO - Started process (PID=410) to work on /home/airflow/.local/lib/python3.7/site-packages/airflow/example_dags/example_dag_decorator.py
[2022-08-19 15:40:54,120] {processor.py:641} INFO - Processing file /home/airflow/.local/lib/python3.7/site-packages/airflow/example_dags/example_dag_decorator.py for tasks to queue
[2022-08-19 15:40:54,122] {logging_mixin.py:115} INFO - [2022-08-19 15:40:54,122] {dagbag.py:507} INFO - Filling up the DagBag from /home/airflow/.local/lib/python3.7/site-packages/airflow/example_dags/example_dag_decorator.py
[2022-08-19 15:40:54,369] {processor.py:651} INFO - DAG(s) dict_keys(['example_dag_decorator']) retrieved from /home/airflow/.local/lib/python3.7/site-packages/airflow/example_dags/example_dag_decorator.py
[2022-08-19 15:40:54,406] {logging_mixin.py:115} INFO - [2022-08-19 15:40:54,405] {dag.py:2379} INFO - Sync 1 DAGs
[2022-08-19 15:40:54,430] {logging_mixin.py:115} INFO - [2022-08-19 15:40:54,430] {dag.py:2931} INFO - Setting next_dagrun for example_dag_decorator to None, run_after=None
[2022-08-19 15:40:54,446] {processor.py:161} INFO - Processing /home/airflow/.local/lib/python3.7/site-packages/airflow/example_dags/example_dag_decorator.py took 0.338 seconds
[2022-08-19 15:41:24,534] {processor.py:153} INFO - Started process (PID=462) to work on /home/airflow/.local/lib/python3.7/site-packages/airflow/example_dags/example_dag_decorator.py
[2022-08-19 15:41:24,534] {processor.py:641} INFO - Processing file /home/airflow/.local/lib/python3.7/site-packages/airflow/example_dags/example_dag_decorator.py for tasks to queue
[2022-08-19 15:41:24,535] {logging_mixin.py:115} INFO - [2022-08-19 15:41:24,535] {dagbag.py:507} INFO - Filling up the DagBag from /home/airflow/.local/lib/python3.7/site-packages/airflow/example_dags/example_dag_decorator.py
[2022-08-19 15:41:24,719] {processor.py:651} INFO - DAG(s) dict_keys(['example_dag_decorator']) retrieved from /home/airflow/.local/lib/python3.7/site-packages/airflow/example_dags/example_dag_decorator.py
[2022-08-19 15:41:24,786] {logging_mixin.py:115} INFO - [2022-08-19 15:41:24,786] {dag.py:2379} INFO - Sync 1 DAGs
[2022-08-19 15:41:24,807] {logging_mixin.py:115} INFO - [2022-08-19 15:41:24,807] {dag.py:2931} INFO - Setting next_dagrun for example_dag_decorator to None, run_after=None
[2022-08-19 15:41:24,826] {processor.py:161} INFO - Processing /home/airflow/.local/lib/python3.7/site-packages/airflow/example_dags/example_dag_decorator.py took 0.295 seconds
[2022-08-19 15:41:54,862] {processor.py:153} INFO - Started process (PID=528) to work on /home/airflow/.local/lib/python3.7/site-packages/airflow/example_dags/example_dag_decorator.py
[2022-08-19 15:41:54,863] {processor.py:641} INFO - Processing file /home/airflow/.local/lib/python3.7/site-packages/airflow/example_dags/example_dag_decorator.py for tasks to queue
[2022-08-19 15:41:54,863] {logging_mixin.py:115} INFO - [2022-08-19 15:41:54,863] {dagbag.py:507} INFO - Filling up the DagBag from /home/airflow/.local/lib/python3.7/site-packages/airflow/example_dags/example_dag_decorator.py
[2022-08-19 15:41:54,986] {processor.py:651} INFO - DAG(s) dict_keys(['example_dag_decorator']) retrieved from /home/airflow/.local/lib/python3.7/site-packages/airflow/example_dags/example_dag_decorator.py
[2022-08-19 15:41:55,046] {logging_mixin.py:115} INFO - [2022-08-19 15:41:55,046] {dag.py:2379} INFO - Sync 1 DAGs
[2022-08-19 15:41:55,064] {logging_mixin.py:115} INFO - [2022-08-19 15:41:55,064] {dag.py:2931} INFO - Setting next_dagrun for example_dag_decorator to None, run_after=None
[2022-08-19 15:41:55,097] {processor.py:161} INFO - Processing /home/airflow/.local/lib/python3.7/site-packages/airflow/example_dags/example_dag_decorator.py took 0.237 seconds
[2022-08-19 15:42:25,745] {processor.py:153} INFO - Started process (PID=582) to work on /home/airflow/.local/lib/python3.7/site-packages/airflow/example_dags/example_dag_decorator.py
[2022-08-19 15:42:25,746] {processor.py:641} INFO - Processing file /home/airflow/.local/lib/python3.7/site-packages/airflow/example_dags/example_dag_decorator.py for tasks to queue
[2022-08-19 15:42:25,751] {logging_mixin.py:115} INFO - [2022-08-19 15:42:25,751] {dagbag.py:507} INFO - Filling up the DagBag from /home/airflow/.local/lib/python3.7/site-packages/airflow/example_dags/example_dag_decorator.py
[2022-08-19 15:42:25,944] {processor.py:651} INFO - DAG(s) dict_keys(['example_dag_decorator']) retrieved from /home/airflow/.local/lib/python3.7/site-packages/airflow/example_dags/example_dag_decorator.py
[2022-08-19 15:42:26,023] {logging_mixin.py:115} INFO - [2022-08-19 15:42:26,023] {dag.py:2379} INFO - Sync 1 DAGs
[2022-08-19 15:42:26,059] {logging_mixin.py:115} INFO - [2022-08-19 15:42:26,059] {dag.py:2931} INFO - Setting next_dagrun for example_dag_decorator to None, run_after=None
[2022-08-19 15:42:26,082] {processor.py:161} INFO - Processing /home/airflow/.local/lib/python3.7/site-packages/airflow/example_dags/example_dag_decorator.py took 0.348 seconds
[2022-08-19 15:42:56,252] {processor.py:153} INFO - Started process (PID=644) to work on /home/airflow/.local/lib/python3.7/site-packages/airflow/example_dags/example_dag_decorator.py
[2022-08-19 15:42:56,253] {processor.py:641} INFO - Processing file /home/airflow/.local/lib/python3.7/site-packages/airflow/example_dags/example_dag_decorator.py for tasks to queue
[2022-08-19 15:42:56,254] {logging_mixin.py:115} INFO - [2022-08-19 15:42:56,253] {dagbag.py:507} INFO - Filling up the DagBag from /home/airflow/.local/lib/python3.7/site-packages/airflow/example_dags/example_dag_decorator.py
[2022-08-19 15:42:56,393] {processor.py:651} INFO - DAG(s) dict_keys(['example_dag_decorator']) retrieved from /home/airflow/.local/lib/python3.7/site-packages/airflow/example_dags/example_dag_decorator.py
[2022-08-19 15:42:56,455] {logging_mixin.py:115} INFO - [2022-08-19 15:42:56,455] {dag.py:2379} INFO - Sync 1 DAGs
[2022-08-19 15:42:56,473] {logging_mixin.py:115} INFO - [2022-08-19 15:42:56,472] {dag.py:2931} INFO - Setting next_dagrun for example_dag_decorator to None, run_after=None
[2022-08-19 15:42:56,487] {processor.py:161} INFO - Processing /home/airflow/.local/lib/python3.7/site-packages/airflow/example_dags/example_dag_decorator.py took 0.238 seconds
[2022-08-19 15:43:59,498] {processor.py:153} INFO - Started process (PID=48) to work on /home/airflow/.local/lib/python3.7/site-packages/airflow/example_dags/example_dag_decorator.py
[2022-08-19 15:43:59,505] {processor.py:641} INFO - Processing file /home/airflow/.local/lib/python3.7/site-packages/airflow/example_dags/example_dag_decorator.py for tasks to queue
[2022-08-19 15:43:59,520] {logging_mixin.py:115} INFO - [2022-08-19 15:43:59,520] {dagbag.py:507} INFO - Filling up the DagBag from /home/airflow/.local/lib/python3.7/site-packages/airflow/example_dags/example_dag_decorator.py
[2022-08-19 15:43:59,668] {processor.py:651} INFO - DAG(s) dict_keys(['example_dag_decorator']) retrieved from /home/airflow/.local/lib/python3.7/site-packages/airflow/example_dags/example_dag_decorator.py
[2022-08-19 15:44:00,409] {logging_mixin.py:115} INFO - [2022-08-19 15:44:00,408] {dag.py:2379} INFO - Sync 1 DAGs
[2022-08-19 15:44:00,468] {logging_mixin.py:115} INFO - [2022-08-19 15:44:00,468] {dag.py:2931} INFO - Setting next_dagrun for example_dag_decorator to None, run_after=None
[2022-08-19 15:44:00,517] {processor.py:161} INFO - Processing /home/airflow/.local/lib/python3.7/site-packages/airflow/example_dags/example_dag_decorator.py took 1.041 seconds
[2022-08-19 15:44:30,806] {processor.py:153} INFO - Started process (PID=102) to work on /home/airflow/.local/lib/python3.7/site-packages/airflow/example_dags/example_dag_decorator.py
[2022-08-19 15:44:30,808] {processor.py:641} INFO - Processing file /home/airflow/.local/lib/python3.7/site-packages/airflow/example_dags/example_dag_decorator.py for tasks to queue
[2022-08-19 15:44:30,810] {logging_mixin.py:115} INFO - [2022-08-19 15:44:30,810] {dagbag.py:507} INFO - Filling up the DagBag from /home/airflow/.local/lib/python3.7/site-packages/airflow/example_dags/example_dag_decorator.py
[2022-08-19 15:44:30,878] {processor.py:651} INFO - DAG(s) dict_keys(['example_dag_decorator']) retrieved from /home/airflow/.local/lib/python3.7/site-packages/airflow/example_dags/example_dag_decorator.py
[2022-08-19 15:44:31,051] {logging_mixin.py:115} INFO - [2022-08-19 15:44:31,051] {dag.py:2379} INFO - Sync 1 DAGs
[2022-08-19 15:44:31,070] {logging_mixin.py:115} INFO - [2022-08-19 15:44:31,070] {dag.py:2931} INFO - Setting next_dagrun for example_dag_decorator to None, run_after=None
[2022-08-19 15:44:31,083] {processor.py:161} INFO - Processing /home/airflow/.local/lib/python3.7/site-packages/airflow/example_dags/example_dag_decorator.py took 0.288 seconds
[2022-08-19 16:13:48,996] {processor.py:153} INFO - Started process (PID=39) to work on /home/airflow/.local/lib/python3.7/site-packages/airflow/example_dags/example_dag_decorator.py
[2022-08-19 16:13:48,997] {processor.py:641} INFO - Processing file /home/airflow/.local/lib/python3.7/site-packages/airflow/example_dags/example_dag_decorator.py for tasks to queue
[2022-08-19 16:13:48,998] {logging_mixin.py:115} INFO - [2022-08-19 16:13:48,998] {dagbag.py:507} INFO - Filling up the DagBag from /home/airflow/.local/lib/python3.7/site-packages/airflow/example_dags/example_dag_decorator.py
[2022-08-19 16:13:49,024] {processor.py:651} INFO - DAG(s) dict_keys(['example_dag_decorator']) retrieved from /home/airflow/.local/lib/python3.7/site-packages/airflow/example_dags/example_dag_decorator.py
[2022-08-19 16:13:49,545] {logging_mixin.py:115} INFO - [2022-08-19 16:13:49,545] {dag.py:2379} INFO - Sync 1 DAGs
[2022-08-19 16:13:49,597] {logging_mixin.py:115} INFO - [2022-08-19 16:13:49,597] {dag.py:2931} INFO - Setting next_dagrun for example_dag_decorator to None, run_after=None
[2022-08-19 16:13:49,645] {processor.py:161} INFO - Processing /home/airflow/.local/lib/python3.7/site-packages/airflow/example_dags/example_dag_decorator.py took 0.652 seconds
[2022-08-19 16:14:19,855] {processor.py:153} INFO - Started process (PID=100) to work on /home/airflow/.local/lib/python3.7/site-packages/airflow/example_dags/example_dag_decorator.py
[2022-08-19 16:14:19,857] {processor.py:641} INFO - Processing file /home/airflow/.local/lib/python3.7/site-packages/airflow/example_dags/example_dag_decorator.py for tasks to queue
[2022-08-19 16:14:19,858] {logging_mixin.py:115} INFO - [2022-08-19 16:14:19,857] {dagbag.py:507} INFO - Filling up the DagBag from /home/airflow/.local/lib/python3.7/site-packages/airflow/example_dags/example_dag_decorator.py
[2022-08-19 16:14:19,887] {processor.py:651} INFO - DAG(s) dict_keys(['example_dag_decorator']) retrieved from /home/airflow/.local/lib/python3.7/site-packages/airflow/example_dags/example_dag_decorator.py
[2022-08-19 16:14:20,069] {logging_mixin.py:115} INFO - [2022-08-19 16:14:20,069] {dag.py:2379} INFO - Sync 1 DAGs
[2022-08-19 16:14:20,089] {logging_mixin.py:115} INFO - [2022-08-19 16:14:20,089] {dag.py:2931} INFO - Setting next_dagrun for example_dag_decorator to None, run_after=None
[2022-08-19 16:14:20,124] {processor.py:161} INFO - Processing /home/airflow/.local/lib/python3.7/site-packages/airflow/example_dags/example_dag_decorator.py took 0.272 seconds
[2022-08-19 16:14:50,332] {processor.py:153} INFO - Started process (PID=154) to work on /home/airflow/.local/lib/python3.7/site-packages/airflow/example_dags/example_dag_decorator.py
[2022-08-19 16:14:50,333] {processor.py:641} INFO - Processing file /home/airflow/.local/lib/python3.7/site-packages/airflow/example_dags/example_dag_decorator.py for tasks to queue
[2022-08-19 16:14:50,334] {logging_mixin.py:115} INFO - [2022-08-19 16:14:50,333] {dagbag.py:507} INFO - Filling up the DagBag from /home/airflow/.local/lib/python3.7/site-packages/airflow/example_dags/example_dag_decorator.py
[2022-08-19 16:14:50,368] {processor.py:651} INFO - DAG(s) dict_keys(['example_dag_decorator']) retrieved from /home/airflow/.local/lib/python3.7/site-packages/airflow/example_dags/example_dag_decorator.py
[2022-08-19 16:14:50,613] {logging_mixin.py:115} INFO - [2022-08-19 16:14:50,613] {dag.py:2379} INFO - Sync 1 DAGs
[2022-08-19 16:14:50,640] {logging_mixin.py:115} INFO - [2022-08-19 16:14:50,640] {dag.py:2931} INFO - Setting next_dagrun for example_dag_decorator to None, run_after=None
[2022-08-19 16:14:50,654] {processor.py:161} INFO - Processing /home/airflow/.local/lib/python3.7/site-packages/airflow/example_dags/example_dag_decorator.py took 0.326 seconds
[2022-08-19 16:15:21,685] {processor.py:153} INFO - Started process (PID=217) to work on /home/airflow/.local/lib/python3.7/site-packages/airflow/example_dags/example_dag_decorator.py
[2022-08-19 16:15:21,708] {processor.py:641} INFO - Processing file /home/airflow/.local/lib/python3.7/site-packages/airflow/example_dags/example_dag_decorator.py for tasks to queue
[2022-08-19 16:15:21,708] {logging_mixin.py:115} INFO - [2022-08-19 16:15:21,708] {dagbag.py:507} INFO - Filling up the DagBag from /home/airflow/.local/lib/python3.7/site-packages/airflow/example_dags/example_dag_decorator.py
[2022-08-19 16:15:21,805] {processor.py:651} INFO - DAG(s) dict_keys(['example_dag_decorator']) retrieved from /home/airflow/.local/lib/python3.7/site-packages/airflow/example_dags/example_dag_decorator.py
[2022-08-19 16:15:22,565] {logging_mixin.py:115} INFO - [2022-08-19 16:15:22,565] {dag.py:2379} INFO - Sync 1 DAGs
[2022-08-19 16:15:22,639] {logging_mixin.py:115} INFO - [2022-08-19 16:15:22,639] {dag.py:2931} INFO - Setting next_dagrun for example_dag_decorator to None, run_after=None
[2022-08-19 16:15:22,728] {processor.py:161} INFO - Processing /home/airflow/.local/lib/python3.7/site-packages/airflow/example_dags/example_dag_decorator.py took 1.052 seconds
[2022-08-19 16:15:53,307] {processor.py:153} INFO - Started process (PID=270) to work on /home/airflow/.local/lib/python3.7/site-packages/airflow/example_dags/example_dag_decorator.py
[2022-08-19 16:15:53,308] {processor.py:641} INFO - Processing file /home/airflow/.local/lib/python3.7/site-packages/airflow/example_dags/example_dag_decorator.py for tasks to queue
[2022-08-19 16:15:53,309] {logging_mixin.py:115} INFO - [2022-08-19 16:15:53,309] {dagbag.py:507} INFO - Filling up the DagBag from /home/airflow/.local/lib/python3.7/site-packages/airflow/example_dags/example_dag_decorator.py
[2022-08-19 16:15:53,334] {processor.py:651} INFO - DAG(s) dict_keys(['example_dag_decorator']) retrieved from /home/airflow/.local/lib/python3.7/site-packages/airflow/example_dags/example_dag_decorator.py
[2022-08-19 16:15:53,534] {logging_mixin.py:115} INFO - [2022-08-19 16:15:53,534] {dag.py:2379} INFO - Sync 1 DAGs
[2022-08-19 16:15:53,553] {logging_mixin.py:115} INFO - [2022-08-19 16:15:53,552] {dag.py:2931} INFO - Setting next_dagrun for example_dag_decorator to None, run_after=None
[2022-08-19 16:15:53,567] {processor.py:161} INFO - Processing /home/airflow/.local/lib/python3.7/site-packages/airflow/example_dags/example_dag_decorator.py took 0.263 seconds
[2022-08-19 16:16:23,918] {processor.py:153} INFO - Started process (PID=333) to work on /home/airflow/.local/lib/python3.7/site-packages/airflow/example_dags/example_dag_decorator.py
[2022-08-19 16:16:23,918] {processor.py:641} INFO - Processing file /home/airflow/.local/lib/python3.7/site-packages/airflow/example_dags/example_dag_decorator.py for tasks to queue
[2022-08-19 16:16:23,919] {logging_mixin.py:115} INFO - [2022-08-19 16:16:23,919] {dagbag.py:507} INFO - Filling up the DagBag from /home/airflow/.local/lib/python3.7/site-packages/airflow/example_dags/example_dag_decorator.py
[2022-08-19 16:16:23,947] {processor.py:651} INFO - DAG(s) dict_keys(['example_dag_decorator']) retrieved from /home/airflow/.local/lib/python3.7/site-packages/airflow/example_dags/example_dag_decorator.py
[2022-08-19 16:16:24,212] {logging_mixin.py:115} INFO - [2022-08-19 16:16:24,212] {dag.py:2379} INFO - Sync 1 DAGs
[2022-08-19 16:16:24,255] {logging_mixin.py:115} INFO - [2022-08-19 16:16:24,255] {dag.py:2931} INFO - Setting next_dagrun for example_dag_decorator to None, run_after=None
[2022-08-19 16:16:24,278] {processor.py:161} INFO - Processing /home/airflow/.local/lib/python3.7/site-packages/airflow/example_dags/example_dag_decorator.py took 0.363 seconds
[2022-08-19 16:16:54,722] {processor.py:153} INFO - Started process (PID=386) to work on /home/airflow/.local/lib/python3.7/site-packages/airflow/example_dags/example_dag_decorator.py
[2022-08-19 16:16:54,727] {processor.py:641} INFO - Processing file /home/airflow/.local/lib/python3.7/site-packages/airflow/example_dags/example_dag_decorator.py for tasks to queue
[2022-08-19 16:16:54,729] {logging_mixin.py:115} INFO - [2022-08-19 16:16:54,729] {dagbag.py:507} INFO - Filling up the DagBag from /home/airflow/.local/lib/python3.7/site-packages/airflow/example_dags/example_dag_decorator.py
[2022-08-19 16:16:54,804] {processor.py:651} INFO - DAG(s) dict_keys(['example_dag_decorator']) retrieved from /home/airflow/.local/lib/python3.7/site-packages/airflow/example_dags/example_dag_decorator.py
[2022-08-19 16:16:55,111] {logging_mixin.py:115} INFO - [2022-08-19 16:16:55,111] {dag.py:2379} INFO - Sync 1 DAGs
[2022-08-19 16:16:55,133] {logging_mixin.py:115} INFO - [2022-08-19 16:16:55,132] {dag.py:2931} INFO - Setting next_dagrun for example_dag_decorator to None, run_after=None
[2022-08-19 16:16:55,158] {processor.py:161} INFO - Processing /home/airflow/.local/lib/python3.7/site-packages/airflow/example_dags/example_dag_decorator.py took 0.454 seconds
[2022-08-19 16:17:25,237] {processor.py:153} INFO - Started process (PID=449) to work on /home/airflow/.local/lib/python3.7/site-packages/airflow/example_dags/example_dag_decorator.py
[2022-08-19 16:17:25,238] {processor.py:641} INFO - Processing file /home/airflow/.local/lib/python3.7/site-packages/airflow/example_dags/example_dag_decorator.py for tasks to queue
[2022-08-19 16:17:25,239] {logging_mixin.py:115} INFO - [2022-08-19 16:17:25,238] {dagbag.py:507} INFO - Filling up the DagBag from /home/airflow/.local/lib/python3.7/site-packages/airflow/example_dags/example_dag_decorator.py
[2022-08-19 16:17:25,277] {processor.py:651} INFO - DAG(s) dict_keys(['example_dag_decorator']) retrieved from /home/airflow/.local/lib/python3.7/site-packages/airflow/example_dags/example_dag_decorator.py
[2022-08-19 16:17:25,342] {logging_mixin.py:115} INFO - [2022-08-19 16:17:25,342] {dag.py:2379} INFO - Sync 1 DAGs
[2022-08-19 16:17:25,630] {logging_mixin.py:115} INFO - [2022-08-19 16:17:25,629] {dag.py:2931} INFO - Setting next_dagrun for example_dag_decorator to None, run_after=None
[2022-08-19 16:17:25,656] {processor.py:161} INFO - Processing /home/airflow/.local/lib/python3.7/site-packages/airflow/example_dags/example_dag_decorator.py took 0.422 seconds
[2022-08-19 16:24:20,010] {processor.py:153} INFO - Started process (PID=48) to work on /home/airflow/.local/lib/python3.7/site-packages/airflow/example_dags/example_dag_decorator.py
[2022-08-19 16:24:20,013] {processor.py:641} INFO - Processing file /home/airflow/.local/lib/python3.7/site-packages/airflow/example_dags/example_dag_decorator.py for tasks to queue
[2022-08-19 16:24:20,014] {logging_mixin.py:115} INFO - [2022-08-19 16:24:20,014] {dagbag.py:507} INFO - Filling up the DagBag from /home/airflow/.local/lib/python3.7/site-packages/airflow/example_dags/example_dag_decorator.py
[2022-08-19 16:24:20,089] {processor.py:651} INFO - DAG(s) dict_keys(['example_dag_decorator']) retrieved from /home/airflow/.local/lib/python3.7/site-packages/airflow/example_dags/example_dag_decorator.py
[2022-08-19 16:24:20,716] {logging_mixin.py:115} INFO - [2022-08-19 16:24:20,716] {dag.py:2379} INFO - Sync 1 DAGs
[2022-08-19 16:24:20,757] {logging_mixin.py:115} INFO - [2022-08-19 16:24:20,757] {dag.py:2931} INFO - Setting next_dagrun for example_dag_decorator to None, run_after=None
[2022-08-19 16:24:20,796] {processor.py:161} INFO - Processing /home/airflow/.local/lib/python3.7/site-packages/airflow/example_dags/example_dag_decorator.py took 0.794 seconds
[2022-08-19 16:24:51,119] {processor.py:153} INFO - Started process (PID=99) to work on /home/airflow/.local/lib/python3.7/site-packages/airflow/example_dags/example_dag_decorator.py
[2022-08-19 16:24:51,120] {processor.py:641} INFO - Processing file /home/airflow/.local/lib/python3.7/site-packages/airflow/example_dags/example_dag_decorator.py for tasks to queue
[2022-08-19 16:24:51,121] {logging_mixin.py:115} INFO - [2022-08-19 16:24:51,120] {dagbag.py:507} INFO - Filling up the DagBag from /home/airflow/.local/lib/python3.7/site-packages/airflow/example_dags/example_dag_decorator.py
[2022-08-19 16:24:51,155] {processor.py:651} INFO - DAG(s) dict_keys(['example_dag_decorator']) retrieved from /home/airflow/.local/lib/python3.7/site-packages/airflow/example_dags/example_dag_decorator.py
[2022-08-19 16:24:51,352] {logging_mixin.py:115} INFO - [2022-08-19 16:24:51,352] {dag.py:2379} INFO - Sync 1 DAGs
[2022-08-19 16:24:51,372] {logging_mixin.py:115} INFO - [2022-08-19 16:24:51,372] {dag.py:2931} INFO - Setting next_dagrun for example_dag_decorator to None, run_after=None
[2022-08-19 16:24:51,385] {processor.py:161} INFO - Processing /home/airflow/.local/lib/python3.7/site-packages/airflow/example_dags/example_dag_decorator.py took 0.272 seconds
[2022-08-19 16:25:21,577] {processor.py:153} INFO - Started process (PID=162) to work on /home/airflow/.local/lib/python3.7/site-packages/airflow/example_dags/example_dag_decorator.py
[2022-08-19 16:25:21,581] {processor.py:641} INFO - Processing file /home/airflow/.local/lib/python3.7/site-packages/airflow/example_dags/example_dag_decorator.py for tasks to queue
[2022-08-19 16:25:21,586] {logging_mixin.py:115} INFO - [2022-08-19 16:25:21,586] {dagbag.py:507} INFO - Filling up the DagBag from /home/airflow/.local/lib/python3.7/site-packages/airflow/example_dags/example_dag_decorator.py
[2022-08-19 16:25:21,632] {processor.py:651} INFO - DAG(s) dict_keys(['example_dag_decorator']) retrieved from /home/airflow/.local/lib/python3.7/site-packages/airflow/example_dags/example_dag_decorator.py
[2022-08-19 16:25:21,826] {logging_mixin.py:115} INFO - [2022-08-19 16:25:21,826] {dag.py:2379} INFO - Sync 1 DAGs
[2022-08-19 16:25:21,846] {logging_mixin.py:115} INFO - [2022-08-19 16:25:21,846] {dag.py:2931} INFO - Setting next_dagrun for example_dag_decorator to None, run_after=None
[2022-08-19 16:25:21,862] {processor.py:161} INFO - Processing /home/airflow/.local/lib/python3.7/site-packages/airflow/example_dags/example_dag_decorator.py took 0.292 seconds
[2022-08-19 16:25:51,938] {processor.py:153} INFO - Started process (PID=216) to work on /home/airflow/.local/lib/python3.7/site-packages/airflow/example_dags/example_dag_decorator.py
[2022-08-19 16:25:51,939] {processor.py:641} INFO - Processing file /home/airflow/.local/lib/python3.7/site-packages/airflow/example_dags/example_dag_decorator.py for tasks to queue
[2022-08-19 16:25:51,939] {logging_mixin.py:115} INFO - [2022-08-19 16:25:51,939] {dagbag.py:507} INFO - Filling up the DagBag from /home/airflow/.local/lib/python3.7/site-packages/airflow/example_dags/example_dag_decorator.py
[2022-08-19 16:25:51,963] {processor.py:651} INFO - DAG(s) dict_keys(['example_dag_decorator']) retrieved from /home/airflow/.local/lib/python3.7/site-packages/airflow/example_dags/example_dag_decorator.py
[2022-08-19 16:25:52,139] {logging_mixin.py:115} INFO - [2022-08-19 16:25:52,139] {dag.py:2379} INFO - Sync 1 DAGs
[2022-08-19 16:25:52,160] {logging_mixin.py:115} INFO - [2022-08-19 16:25:52,160] {dag.py:2931} INFO - Setting next_dagrun for example_dag_decorator to None, run_after=None
[2022-08-19 16:25:52,174] {processor.py:161} INFO - Processing /home/airflow/.local/lib/python3.7/site-packages/airflow/example_dags/example_dag_decorator.py took 0.239 seconds
[2022-08-19 16:26:22,438] {processor.py:153} INFO - Started process (PID=280) to work on /home/airflow/.local/lib/python3.7/site-packages/airflow/example_dags/example_dag_decorator.py
[2022-08-19 16:26:22,439] {processor.py:641} INFO - Processing file /home/airflow/.local/lib/python3.7/site-packages/airflow/example_dags/example_dag_decorator.py for tasks to queue
[2022-08-19 16:26:22,440] {logging_mixin.py:115} INFO - [2022-08-19 16:26:22,439] {dagbag.py:507} INFO - Filling up the DagBag from /home/airflow/.local/lib/python3.7/site-packages/airflow/example_dags/example_dag_decorator.py
[2022-08-19 16:26:22,467] {processor.py:651} INFO - DAG(s) dict_keys(['example_dag_decorator']) retrieved from /home/airflow/.local/lib/python3.7/site-packages/airflow/example_dags/example_dag_decorator.py
[2022-08-19 16:26:22,694] {logging_mixin.py:115} INFO - [2022-08-19 16:26:22,694] {dag.py:2379} INFO - Sync 1 DAGs
[2022-08-19 16:26:22,716] {logging_mixin.py:115} INFO - [2022-08-19 16:26:22,716] {dag.py:2931} INFO - Setting next_dagrun for example_dag_decorator to None, run_after=None
[2022-08-19 16:26:22,733] {processor.py:161} INFO - Processing /home/airflow/.local/lib/python3.7/site-packages/airflow/example_dags/example_dag_decorator.py took 0.299 seconds
[2022-08-19 16:31:11,888] {processor.py:153} INFO - Started process (PID=48) to work on /home/airflow/.local/lib/python3.7/site-packages/airflow/example_dags/example_dag_decorator.py
[2022-08-19 16:31:11,900] {processor.py:641} INFO - Processing file /home/airflow/.local/lib/python3.7/site-packages/airflow/example_dags/example_dag_decorator.py for tasks to queue
[2022-08-19 16:31:11,900] {logging_mixin.py:115} INFO - [2022-08-19 16:31:11,900] {dagbag.py:507} INFO - Filling up the DagBag from /home/airflow/.local/lib/python3.7/site-packages/airflow/example_dags/example_dag_decorator.py
[2022-08-19 16:31:12,053] {processor.py:651} INFO - DAG(s) dict_keys(['example_dag_decorator']) retrieved from /home/airflow/.local/lib/python3.7/site-packages/airflow/example_dags/example_dag_decorator.py
[2022-08-19 16:31:12,887] {logging_mixin.py:115} INFO - [2022-08-19 16:31:12,887] {dag.py:2379} INFO - Sync 1 DAGs
[2022-08-19 16:31:12,998] {logging_mixin.py:115} INFO - [2022-08-19 16:31:12,998] {dag.py:2931} INFO - Setting next_dagrun for example_dag_decorator to None, run_after=None
[2022-08-19 16:31:13,044] {processor.py:161} INFO - Processing /home/airflow/.local/lib/python3.7/site-packages/airflow/example_dags/example_dag_decorator.py took 1.174 seconds
[2022-08-19 16:31:43,600] {processor.py:153} INFO - Started process (PID=100) to work on /home/airflow/.local/lib/python3.7/site-packages/airflow/example_dags/example_dag_decorator.py
[2022-08-19 16:31:43,601] {processor.py:641} INFO - Processing file /home/airflow/.local/lib/python3.7/site-packages/airflow/example_dags/example_dag_decorator.py for tasks to queue
[2022-08-19 16:31:43,602] {logging_mixin.py:115} INFO - [2022-08-19 16:31:43,602] {dagbag.py:507} INFO - Filling up the DagBag from /home/airflow/.local/lib/python3.7/site-packages/airflow/example_dags/example_dag_decorator.py
[2022-08-19 16:31:43,643] {processor.py:651} INFO - DAG(s) dict_keys(['example_dag_decorator']) retrieved from /home/airflow/.local/lib/python3.7/site-packages/airflow/example_dags/example_dag_decorator.py
[2022-08-19 16:31:43,677] {logging_mixin.py:115} INFO - [2022-08-19 16:31:43,677] {dag.py:2379} INFO - Sync 1 DAGs
[2022-08-19 16:31:43,819] {logging_mixin.py:115} INFO - [2022-08-19 16:31:43,819] {dag.py:2931} INFO - Setting next_dagrun for example_dag_decorator to None, run_after=None
[2022-08-19 16:31:43,832] {processor.py:161} INFO - Processing /home/airflow/.local/lib/python3.7/site-packages/airflow/example_dags/example_dag_decorator.py took 0.244 seconds
[2022-08-19 16:32:13,993] {processor.py:153} INFO - Started process (PID=153) to work on /home/airflow/.local/lib/python3.7/site-packages/airflow/example_dags/example_dag_decorator.py
[2022-08-19 16:32:13,995] {processor.py:641} INFO - Processing file /home/airflow/.local/lib/python3.7/site-packages/airflow/example_dags/example_dag_decorator.py for tasks to queue
[2022-08-19 16:32:13,997] {logging_mixin.py:115} INFO - [2022-08-19 16:32:13,996] {dagbag.py:507} INFO - Filling up the DagBag from /home/airflow/.local/lib/python3.7/site-packages/airflow/example_dags/example_dag_decorator.py
[2022-08-19 16:32:14,076] {processor.py:651} INFO - DAG(s) dict_keys(['example_dag_decorator']) retrieved from /home/airflow/.local/lib/python3.7/site-packages/airflow/example_dags/example_dag_decorator.py
[2022-08-19 16:32:14,262] {logging_mixin.py:115} INFO - [2022-08-19 16:32:14,262] {dag.py:2379} INFO - Sync 1 DAGs
[2022-08-19 16:32:14,282] {logging_mixin.py:115} INFO - [2022-08-19 16:32:14,282] {dag.py:2931} INFO - Setting next_dagrun for example_dag_decorator to None, run_after=None
[2022-08-19 16:32:14,296] {processor.py:161} INFO - Processing /home/airflow/.local/lib/python3.7/site-packages/airflow/example_dags/example_dag_decorator.py took 0.315 seconds
[2022-08-19 16:32:45,098] {processor.py:153} INFO - Started process (PID=215) to work on /home/airflow/.local/lib/python3.7/site-packages/airflow/example_dags/example_dag_decorator.py
[2022-08-19 16:32:45,098] {processor.py:641} INFO - Processing file /home/airflow/.local/lib/python3.7/site-packages/airflow/example_dags/example_dag_decorator.py for tasks to queue
[2022-08-19 16:32:45,099] {logging_mixin.py:115} INFO - [2022-08-19 16:32:45,099] {dagbag.py:507} INFO - Filling up the DagBag from /home/airflow/.local/lib/python3.7/site-packages/airflow/example_dags/example_dag_decorator.py
[2022-08-19 16:32:45,136] {processor.py:651} INFO - DAG(s) dict_keys(['example_dag_decorator']) retrieved from /home/airflow/.local/lib/python3.7/site-packages/airflow/example_dags/example_dag_decorator.py
[2022-08-19 16:32:45,388] {logging_mixin.py:115} INFO - [2022-08-19 16:32:45,388] {dag.py:2379} INFO - Sync 1 DAGs
[2022-08-19 16:32:45,419] {logging_mixin.py:115} INFO - [2022-08-19 16:32:45,419] {dag.py:2931} INFO - Setting next_dagrun for example_dag_decorator to None, run_after=None
[2022-08-19 16:32:45,450] {processor.py:161} INFO - Processing /home/airflow/.local/lib/python3.7/site-packages/airflow/example_dags/example_dag_decorator.py took 0.359 seconds
[2022-08-19 16:33:16,115] {processor.py:153} INFO - Started process (PID=278) to work on /home/airflow/.local/lib/python3.7/site-packages/airflow/example_dags/example_dag_decorator.py
[2022-08-19 16:33:16,116] {processor.py:641} INFO - Processing file /home/airflow/.local/lib/python3.7/site-packages/airflow/example_dags/example_dag_decorator.py for tasks to queue
[2022-08-19 16:33:16,116] {logging_mixin.py:115} INFO - [2022-08-19 16:33:16,116] {dagbag.py:507} INFO - Filling up the DagBag from /home/airflow/.local/lib/python3.7/site-packages/airflow/example_dags/example_dag_decorator.py
[2022-08-19 16:33:16,138] {processor.py:651} INFO - DAG(s) dict_keys(['example_dag_decorator']) retrieved from /home/airflow/.local/lib/python3.7/site-packages/airflow/example_dags/example_dag_decorator.py
[2022-08-19 16:33:16,322] {logging_mixin.py:115} INFO - [2022-08-19 16:33:16,322] {dag.py:2379} INFO - Sync 1 DAGs
[2022-08-19 16:33:16,343] {logging_mixin.py:115} INFO - [2022-08-19 16:33:16,343] {dag.py:2931} INFO - Setting next_dagrun for example_dag_decorator to None, run_after=None
[2022-08-19 16:33:16,359] {processor.py:161} INFO - Processing /home/airflow/.local/lib/python3.7/site-packages/airflow/example_dags/example_dag_decorator.py took 0.248 seconds
[2022-08-19 16:33:46,814] {processor.py:153} INFO - Started process (PID=332) to work on /home/airflow/.local/lib/python3.7/site-packages/airflow/example_dags/example_dag_decorator.py
[2022-08-19 16:33:46,815] {processor.py:641} INFO - Processing file /home/airflow/.local/lib/python3.7/site-packages/airflow/example_dags/example_dag_decorator.py for tasks to queue
[2022-08-19 16:33:46,815] {logging_mixin.py:115} INFO - [2022-08-19 16:33:46,815] {dagbag.py:507} INFO - Filling up the DagBag from /home/airflow/.local/lib/python3.7/site-packages/airflow/example_dags/example_dag_decorator.py
[2022-08-19 16:33:46,841] {processor.py:651} INFO - DAG(s) dict_keys(['example_dag_decorator']) retrieved from /home/airflow/.local/lib/python3.7/site-packages/airflow/example_dags/example_dag_decorator.py
[2022-08-19 16:33:47,012] {logging_mixin.py:115} INFO - [2022-08-19 16:33:47,011] {dag.py:2379} INFO - Sync 1 DAGs
[2022-08-19 16:33:47,030] {logging_mixin.py:115} INFO - [2022-08-19 16:33:47,030] {dag.py:2931} INFO - Setting next_dagrun for example_dag_decorator to None, run_after=None
[2022-08-19 16:33:47,045] {processor.py:161} INFO - Processing /home/airflow/.local/lib/python3.7/site-packages/airflow/example_dags/example_dag_decorator.py took 0.234 seconds
[2022-08-19 16:36:19,261] {processor.py:153} INFO - Started process (PID=47) to work on /home/airflow/.local/lib/python3.7/site-packages/airflow/example_dags/example_dag_decorator.py
[2022-08-19 16:36:19,265] {processor.py:641} INFO - Processing file /home/airflow/.local/lib/python3.7/site-packages/airflow/example_dags/example_dag_decorator.py for tasks to queue
[2022-08-19 16:36:19,266] {logging_mixin.py:115} INFO - [2022-08-19 16:36:19,266] {dagbag.py:507} INFO - Filling up the DagBag from /home/airflow/.local/lib/python3.7/site-packages/airflow/example_dags/example_dag_decorator.py
[2022-08-19 16:36:19,304] {processor.py:651} INFO - DAG(s) dict_keys(['example_dag_decorator']) retrieved from /home/airflow/.local/lib/python3.7/site-packages/airflow/example_dags/example_dag_decorator.py
[2022-08-19 16:36:19,808] {logging_mixin.py:115} INFO - [2022-08-19 16:36:19,808] {dag.py:2379} INFO - Sync 1 DAGs
[2022-08-19 16:36:19,842] {logging_mixin.py:115} INFO - [2022-08-19 16:36:19,842] {dag.py:2931} INFO - Setting next_dagrun for example_dag_decorator to None, run_after=None
[2022-08-19 16:36:19,860] {processor.py:161} INFO - Processing /home/airflow/.local/lib/python3.7/site-packages/airflow/example_dags/example_dag_decorator.py took 0.607 seconds
[2022-08-19 16:36:50,382] {processor.py:153} INFO - Started process (PID=100) to work on /home/airflow/.local/lib/python3.7/site-packages/airflow/example_dags/example_dag_decorator.py
[2022-08-19 16:36:50,382] {processor.py:641} INFO - Processing file /home/airflow/.local/lib/python3.7/site-packages/airflow/example_dags/example_dag_decorator.py for tasks to queue
[2022-08-19 16:36:50,383] {logging_mixin.py:115} INFO - [2022-08-19 16:36:50,383] {dagbag.py:507} INFO - Filling up the DagBag from /home/airflow/.local/lib/python3.7/site-packages/airflow/example_dags/example_dag_decorator.py
[2022-08-19 16:36:50,414] {processor.py:651} INFO - DAG(s) dict_keys(['example_dag_decorator']) retrieved from /home/airflow/.local/lib/python3.7/site-packages/airflow/example_dags/example_dag_decorator.py
[2022-08-19 16:36:50,646] {logging_mixin.py:115} INFO - [2022-08-19 16:36:50,646] {dag.py:2379} INFO - Sync 1 DAGs
[2022-08-19 16:36:50,668] {logging_mixin.py:115} INFO - [2022-08-19 16:36:50,668] {dag.py:2931} INFO - Setting next_dagrun for example_dag_decorator to None, run_after=None
[2022-08-19 16:36:50,684] {processor.py:161} INFO - Processing /home/airflow/.local/lib/python3.7/site-packages/airflow/example_dags/example_dag_decorator.py took 0.310 seconds
[2022-08-19 16:37:21,243] {processor.py:153} INFO - Started process (PID=163) to work on /home/airflow/.local/lib/python3.7/site-packages/airflow/example_dags/example_dag_decorator.py
[2022-08-19 16:37:21,244] {processor.py:641} INFO - Processing file /home/airflow/.local/lib/python3.7/site-packages/airflow/example_dags/example_dag_decorator.py for tasks to queue
[2022-08-19 16:37:21,245] {logging_mixin.py:115} INFO - [2022-08-19 16:37:21,245] {dagbag.py:507} INFO - Filling up the DagBag from /home/airflow/.local/lib/python3.7/site-packages/airflow/example_dags/example_dag_decorator.py
[2022-08-19 16:37:21,270] {processor.py:651} INFO - DAG(s) dict_keys(['example_dag_decorator']) retrieved from /home/airflow/.local/lib/python3.7/site-packages/airflow/example_dags/example_dag_decorator.py
[2022-08-19 16:37:21,513] {logging_mixin.py:115} INFO - [2022-08-19 16:37:21,513] {dag.py:2379} INFO - Sync 1 DAGs
[2022-08-19 16:37:21,541] {logging_mixin.py:115} INFO - [2022-08-19 16:37:21,541] {dag.py:2931} INFO - Setting next_dagrun for example_dag_decorator to None, run_after=None
[2022-08-19 16:37:21,569] {processor.py:161} INFO - Processing /home/airflow/.local/lib/python3.7/site-packages/airflow/example_dags/example_dag_decorator.py took 0.329 seconds
[2022-08-19 16:37:51,886] {processor.py:153} INFO - Started process (PID=223) to work on /home/airflow/.local/lib/python3.7/site-packages/airflow/example_dags/example_dag_decorator.py
[2022-08-19 16:37:51,886] {processor.py:641} INFO - Processing file /home/airflow/.local/lib/python3.7/site-packages/airflow/example_dags/example_dag_decorator.py for tasks to queue
[2022-08-19 16:37:51,887] {logging_mixin.py:115} INFO - [2022-08-19 16:37:51,887] {dagbag.py:507} INFO - Filling up the DagBag from /home/airflow/.local/lib/python3.7/site-packages/airflow/example_dags/example_dag_decorator.py
[2022-08-19 16:37:51,909] {processor.py:651} INFO - DAG(s) dict_keys(['example_dag_decorator']) retrieved from /home/airflow/.local/lib/python3.7/site-packages/airflow/example_dags/example_dag_decorator.py
[2022-08-19 16:37:52,112] {logging_mixin.py:115} INFO - [2022-08-19 16:37:52,111] {dag.py:2379} INFO - Sync 1 DAGs
[2022-08-19 16:37:52,131] {logging_mixin.py:115} INFO - [2022-08-19 16:37:52,131] {dag.py:2931} INFO - Setting next_dagrun for example_dag_decorator to None, run_after=None
[2022-08-19 16:37:52,145] {processor.py:161} INFO - Processing /home/airflow/.local/lib/python3.7/site-packages/airflow/example_dags/example_dag_decorator.py took 0.262 seconds
[2022-08-19 16:38:22,370] {processor.py:153} INFO - Started process (PID=279) to work on /home/airflow/.local/lib/python3.7/site-packages/airflow/example_dags/example_dag_decorator.py
[2022-08-19 16:38:22,371] {processor.py:641} INFO - Processing file /home/airflow/.local/lib/python3.7/site-packages/airflow/example_dags/example_dag_decorator.py for tasks to queue
[2022-08-19 16:38:22,373] {logging_mixin.py:115} INFO - [2022-08-19 16:38:22,373] {dagbag.py:507} INFO - Filling up the DagBag from /home/airflow/.local/lib/python3.7/site-packages/airflow/example_dags/example_dag_decorator.py
[2022-08-19 16:38:22,420] {processor.py:651} INFO - DAG(s) dict_keys(['example_dag_decorator']) retrieved from /home/airflow/.local/lib/python3.7/site-packages/airflow/example_dags/example_dag_decorator.py
[2022-08-19 16:38:22,674] {logging_mixin.py:115} INFO - [2022-08-19 16:38:22,674] {dag.py:2379} INFO - Sync 1 DAGs
[2022-08-19 16:38:22,697] {logging_mixin.py:115} INFO - [2022-08-19 16:38:22,697] {dag.py:2931} INFO - Setting next_dagrun for example_dag_decorator to None, run_after=None
[2022-08-19 16:38:22,717] {processor.py:161} INFO - Processing /home/airflow/.local/lib/python3.7/site-packages/airflow/example_dags/example_dag_decorator.py took 0.351 seconds
[2022-08-19 16:38:53,398] {processor.py:153} INFO - Started process (PID=341) to work on /home/airflow/.local/lib/python3.7/site-packages/airflow/example_dags/example_dag_decorator.py
[2022-08-19 16:38:53,398] {processor.py:641} INFO - Processing file /home/airflow/.local/lib/python3.7/site-packages/airflow/example_dags/example_dag_decorator.py for tasks to queue
[2022-08-19 16:38:53,399] {logging_mixin.py:115} INFO - [2022-08-19 16:38:53,398] {dagbag.py:507} INFO - Filling up the DagBag from /home/airflow/.local/lib/python3.7/site-packages/airflow/example_dags/example_dag_decorator.py
[2022-08-19 16:38:53,431] {processor.py:651} INFO - DAG(s) dict_keys(['example_dag_decorator']) retrieved from /home/airflow/.local/lib/python3.7/site-packages/airflow/example_dags/example_dag_decorator.py
[2022-08-19 16:38:53,675] {logging_mixin.py:115} INFO - [2022-08-19 16:38:53,675] {dag.py:2379} INFO - Sync 1 DAGs
[2022-08-19 16:38:53,698] {logging_mixin.py:115} INFO - [2022-08-19 16:38:53,698] {dag.py:2931} INFO - Setting next_dagrun for example_dag_decorator to None, run_after=None
[2022-08-19 16:38:53,711] {processor.py:161} INFO - Processing /home/airflow/.local/lib/python3.7/site-packages/airflow/example_dags/example_dag_decorator.py took 0.319 seconds
[2022-08-19 16:39:23,997] {processor.py:153} INFO - Started process (PID=393) to work on /home/airflow/.local/lib/python3.7/site-packages/airflow/example_dags/example_dag_decorator.py
[2022-08-19 16:39:23,998] {processor.py:641} INFO - Processing file /home/airflow/.local/lib/python3.7/site-packages/airflow/example_dags/example_dag_decorator.py for tasks to queue
[2022-08-19 16:39:23,999] {logging_mixin.py:115} INFO - [2022-08-19 16:39:23,999] {dagbag.py:507} INFO - Filling up the DagBag from /home/airflow/.local/lib/python3.7/site-packages/airflow/example_dags/example_dag_decorator.py
[2022-08-19 16:39:24,037] {processor.py:651} INFO - DAG(s) dict_keys(['example_dag_decorator']) retrieved from /home/airflow/.local/lib/python3.7/site-packages/airflow/example_dags/example_dag_decorator.py
[2022-08-19 16:39:24,280] {logging_mixin.py:115} INFO - [2022-08-19 16:39:24,279] {dag.py:2379} INFO - Sync 1 DAGs
[2022-08-19 16:39:24,308] {logging_mixin.py:115} INFO - [2022-08-19 16:39:24,308] {dag.py:2931} INFO - Setting next_dagrun for example_dag_decorator to None, run_after=None
[2022-08-19 16:39:24,328] {processor.py:161} INFO - Processing /home/airflow/.local/lib/python3.7/site-packages/airflow/example_dags/example_dag_decorator.py took 0.348 seconds
[2022-08-19 16:39:54,403] {processor.py:153} INFO - Started process (PID=454) to work on /home/airflow/.local/lib/python3.7/site-packages/airflow/example_dags/example_dag_decorator.py
[2022-08-19 16:39:54,405] {processor.py:641} INFO - Processing file /home/airflow/.local/lib/python3.7/site-packages/airflow/example_dags/example_dag_decorator.py for tasks to queue
[2022-08-19 16:39:54,406] {logging_mixin.py:115} INFO - [2022-08-19 16:39:54,406] {dagbag.py:507} INFO - Filling up the DagBag from /home/airflow/.local/lib/python3.7/site-packages/airflow/example_dags/example_dag_decorator.py
[2022-08-19 16:39:54,450] {processor.py:651} INFO - DAG(s) dict_keys(['example_dag_decorator']) retrieved from /home/airflow/.local/lib/python3.7/site-packages/airflow/example_dags/example_dag_decorator.py
[2022-08-19 16:39:54,484] {logging_mixin.py:115} INFO - [2022-08-19 16:39:54,483] {dag.py:2379} INFO - Sync 1 DAGs
[2022-08-19 16:39:54,695] {logging_mixin.py:115} INFO - [2022-08-19 16:39:54,695] {dag.py:2931} INFO - Setting next_dagrun for example_dag_decorator to None, run_after=None
[2022-08-19 16:39:54,713] {processor.py:161} INFO - Processing /home/airflow/.local/lib/python3.7/site-packages/airflow/example_dags/example_dag_decorator.py took 0.312 seconds
[2022-08-19 16:40:25,420] {processor.py:153} INFO - Started process (PID=509) to work on /home/airflow/.local/lib/python3.7/site-packages/airflow/example_dags/example_dag_decorator.py
[2022-08-19 16:40:25,420] {processor.py:641} INFO - Processing file /home/airflow/.local/lib/python3.7/site-packages/airflow/example_dags/example_dag_decorator.py for tasks to queue
[2022-08-19 16:40:25,421] {logging_mixin.py:115} INFO - [2022-08-19 16:40:25,421] {dagbag.py:507} INFO - Filling up the DagBag from /home/airflow/.local/lib/python3.7/site-packages/airflow/example_dags/example_dag_decorator.py
[2022-08-19 16:40:25,452] {processor.py:651} INFO - DAG(s) dict_keys(['example_dag_decorator']) retrieved from /home/airflow/.local/lib/python3.7/site-packages/airflow/example_dags/example_dag_decorator.py
[2022-08-19 16:40:25,707] {logging_mixin.py:115} INFO - [2022-08-19 16:40:25,705] {dag.py:2379} INFO - Sync 1 DAGs
[2022-08-19 16:40:25,753] {logging_mixin.py:115} INFO - [2022-08-19 16:40:25,752] {dag.py:2931} INFO - Setting next_dagrun for example_dag_decorator to None, run_after=None
[2022-08-19 16:40:25,791] {processor.py:161} INFO - Processing /home/airflow/.local/lib/python3.7/site-packages/airflow/example_dags/example_dag_decorator.py took 0.375 seconds
[2022-08-19 16:40:56,616] {processor.py:153} INFO - Started process (PID=574) to work on /home/airflow/.local/lib/python3.7/site-packages/airflow/example_dags/example_dag_decorator.py
[2022-08-19 16:40:56,619] {processor.py:641} INFO - Processing file /home/airflow/.local/lib/python3.7/site-packages/airflow/example_dags/example_dag_decorator.py for tasks to queue
[2022-08-19 16:40:56,622] {logging_mixin.py:115} INFO - [2022-08-19 16:40:56,621] {dagbag.py:507} INFO - Filling up the DagBag from /home/airflow/.local/lib/python3.7/site-packages/airflow/example_dags/example_dag_decorator.py
[2022-08-19 16:40:56,699] {processor.py:651} INFO - DAG(s) dict_keys(['example_dag_decorator']) retrieved from /home/airflow/.local/lib/python3.7/site-packages/airflow/example_dags/example_dag_decorator.py
[2022-08-19 16:40:56,943] {logging_mixin.py:115} INFO - [2022-08-19 16:40:56,943] {dag.py:2379} INFO - Sync 1 DAGs
[2022-08-19 16:40:56,969] {logging_mixin.py:115} INFO - [2022-08-19 16:40:56,969] {dag.py:2931} INFO - Setting next_dagrun for example_dag_decorator to None, run_after=None
[2022-08-19 16:40:56,992] {processor.py:161} INFO - Processing /home/airflow/.local/lib/python3.7/site-packages/airflow/example_dags/example_dag_decorator.py took 0.387 seconds
[2022-08-19 16:41:27,756] {processor.py:153} INFO - Started process (PID=628) to work on /home/airflow/.local/lib/python3.7/site-packages/airflow/example_dags/example_dag_decorator.py
[2022-08-19 16:41:27,758] {processor.py:641} INFO - Processing file /home/airflow/.local/lib/python3.7/site-packages/airflow/example_dags/example_dag_decorator.py for tasks to queue
[2022-08-19 16:41:27,760] {logging_mixin.py:115} INFO - [2022-08-19 16:41:27,760] {dagbag.py:507} INFO - Filling up the DagBag from /home/airflow/.local/lib/python3.7/site-packages/airflow/example_dags/example_dag_decorator.py
[2022-08-19 16:41:27,799] {processor.py:651} INFO - DAG(s) dict_keys(['example_dag_decorator']) retrieved from /home/airflow/.local/lib/python3.7/site-packages/airflow/example_dags/example_dag_decorator.py
[2022-08-19 16:41:28,000] {logging_mixin.py:115} INFO - [2022-08-19 16:41:28,000] {dag.py:2379} INFO - Sync 1 DAGs
[2022-08-19 16:41:28,025] {logging_mixin.py:115} INFO - [2022-08-19 16:41:28,025] {dag.py:2931} INFO - Setting next_dagrun for example_dag_decorator to None, run_after=None
[2022-08-19 16:41:28,057] {processor.py:161} INFO - Processing /home/airflow/.local/lib/python3.7/site-packages/airflow/example_dags/example_dag_decorator.py took 0.312 seconds
[2022-08-19 16:41:58,293] {processor.py:153} INFO - Started process (PID=690) to work on /home/airflow/.local/lib/python3.7/site-packages/airflow/example_dags/example_dag_decorator.py
[2022-08-19 16:41:58,294] {processor.py:641} INFO - Processing file /home/airflow/.local/lib/python3.7/site-packages/airflow/example_dags/example_dag_decorator.py for tasks to queue
[2022-08-19 16:41:58,295] {logging_mixin.py:115} INFO - [2022-08-19 16:41:58,295] {dagbag.py:507} INFO - Filling up the DagBag from /home/airflow/.local/lib/python3.7/site-packages/airflow/example_dags/example_dag_decorator.py
[2022-08-19 16:41:58,327] {processor.py:651} INFO - DAG(s) dict_keys(['example_dag_decorator']) retrieved from /home/airflow/.local/lib/python3.7/site-packages/airflow/example_dags/example_dag_decorator.py
[2022-08-19 16:41:58,642] {logging_mixin.py:115} INFO - [2022-08-19 16:41:58,642] {dag.py:2379} INFO - Sync 1 DAGs
[2022-08-19 16:41:58,668] {logging_mixin.py:115} INFO - [2022-08-19 16:41:58,668] {dag.py:2931} INFO - Setting next_dagrun for example_dag_decorator to None, run_after=None
[2022-08-19 16:41:58,685] {processor.py:161} INFO - Processing /home/airflow/.local/lib/python3.7/site-packages/airflow/example_dags/example_dag_decorator.py took 0.397 seconds
[2022-08-19 16:42:29,441] {processor.py:153} INFO - Started process (PID=752) to work on /home/airflow/.local/lib/python3.7/site-packages/airflow/example_dags/example_dag_decorator.py
[2022-08-19 16:42:29,972] {processor.py:641} INFO - Processing file /home/airflow/.local/lib/python3.7/site-packages/airflow/example_dags/example_dag_decorator.py for tasks to queue
[2022-08-19 16:42:29,981] {logging_mixin.py:115} INFO - [2022-08-19 16:42:29,981] {dagbag.py:507} INFO - Filling up the DagBag from /home/airflow/.local/lib/python3.7/site-packages/airflow/example_dags/example_dag_decorator.py
[2022-08-19 16:42:30,014] {processor.py:651} INFO - DAG(s) dict_keys(['example_dag_decorator']) retrieved from /home/airflow/.local/lib/python3.7/site-packages/airflow/example_dags/example_dag_decorator.py
[2022-08-19 16:42:30,329] {logging_mixin.py:115} INFO - [2022-08-19 16:42:30,329] {dag.py:2379} INFO - Sync 1 DAGs
[2022-08-19 16:42:30,351] {logging_mixin.py:115} INFO - [2022-08-19 16:42:30,351] {dag.py:2931} INFO - Setting next_dagrun for example_dag_decorator to None, run_after=None
[2022-08-19 16:42:30,385] {processor.py:161} INFO - Processing /home/airflow/.local/lib/python3.7/site-packages/airflow/example_dags/example_dag_decorator.py took 0.948 seconds
[2022-08-19 16:43:01,341] {processor.py:153} INFO - Started process (PID=805) to work on /home/airflow/.local/lib/python3.7/site-packages/airflow/example_dags/example_dag_decorator.py
[2022-08-19 16:43:01,344] {processor.py:641} INFO - Processing file /home/airflow/.local/lib/python3.7/site-packages/airflow/example_dags/example_dag_decorator.py for tasks to queue
[2022-08-19 16:43:01,346] {logging_mixin.py:115} INFO - [2022-08-19 16:43:01,346] {dagbag.py:507} INFO - Filling up the DagBag from /home/airflow/.local/lib/python3.7/site-packages/airflow/example_dags/example_dag_decorator.py
[2022-08-19 16:43:01,424] {processor.py:651} INFO - DAG(s) dict_keys(['example_dag_decorator']) retrieved from /home/airflow/.local/lib/python3.7/site-packages/airflow/example_dags/example_dag_decorator.py
[2022-08-19 16:43:01,678] {logging_mixin.py:115} INFO - [2022-08-19 16:43:01,678] {dag.py:2379} INFO - Sync 1 DAGs
[2022-08-19 16:43:01,700] {logging_mixin.py:115} INFO - [2022-08-19 16:43:01,700] {dag.py:2931} INFO - Setting next_dagrun for example_dag_decorator to None, run_after=None
[2022-08-19 16:43:01,716] {processor.py:161} INFO - Processing /home/airflow/.local/lib/python3.7/site-packages/airflow/example_dags/example_dag_decorator.py took 0.391 seconds
[2022-08-19 16:43:31,830] {processor.py:153} INFO - Started process (PID=867) to work on /home/airflow/.local/lib/python3.7/site-packages/airflow/example_dags/example_dag_decorator.py
[2022-08-19 16:43:31,830] {processor.py:641} INFO - Processing file /home/airflow/.local/lib/python3.7/site-packages/airflow/example_dags/example_dag_decorator.py for tasks to queue
[2022-08-19 16:43:31,831] {logging_mixin.py:115} INFO - [2022-08-19 16:43:31,831] {dagbag.py:507} INFO - Filling up the DagBag from /home/airflow/.local/lib/python3.7/site-packages/airflow/example_dags/example_dag_decorator.py
[2022-08-19 16:43:31,860] {processor.py:651} INFO - DAG(s) dict_keys(['example_dag_decorator']) retrieved from /home/airflow/.local/lib/python3.7/site-packages/airflow/example_dags/example_dag_decorator.py
[2022-08-19 16:43:32,090] {logging_mixin.py:115} INFO - [2022-08-19 16:43:32,090] {dag.py:2379} INFO - Sync 1 DAGs
[2022-08-19 16:43:32,110] {logging_mixin.py:115} INFO - [2022-08-19 16:43:32,110] {dag.py:2931} INFO - Setting next_dagrun for example_dag_decorator to None, run_after=None
[2022-08-19 16:43:32,124] {processor.py:161} INFO - Processing /home/airflow/.local/lib/python3.7/site-packages/airflow/example_dags/example_dag_decorator.py took 0.298 seconds
[2022-08-19 16:44:02,959] {processor.py:153} INFO - Started process (PID=924) to work on /home/airflow/.local/lib/python3.7/site-packages/airflow/example_dags/example_dag_decorator.py
[2022-08-19 16:44:02,960] {processor.py:641} INFO - Processing file /home/airflow/.local/lib/python3.7/site-packages/airflow/example_dags/example_dag_decorator.py for tasks to queue
[2022-08-19 16:44:02,961] {logging_mixin.py:115} INFO - [2022-08-19 16:44:02,961] {dagbag.py:507} INFO - Filling up the DagBag from /home/airflow/.local/lib/python3.7/site-packages/airflow/example_dags/example_dag_decorator.py
[2022-08-19 16:44:02,985] {processor.py:651} INFO - DAG(s) dict_keys(['example_dag_decorator']) retrieved from /home/airflow/.local/lib/python3.7/site-packages/airflow/example_dags/example_dag_decorator.py
[2022-08-19 16:44:03,239] {logging_mixin.py:115} INFO - [2022-08-19 16:44:03,239] {dag.py:2379} INFO - Sync 1 DAGs
[2022-08-19 16:44:03,262] {logging_mixin.py:115} INFO - [2022-08-19 16:44:03,261] {dag.py:2931} INFO - Setting next_dagrun for example_dag_decorator to None, run_after=None
[2022-08-19 16:44:03,278] {processor.py:161} INFO - Processing /home/airflow/.local/lib/python3.7/site-packages/airflow/example_dags/example_dag_decorator.py took 0.322 seconds
[2022-08-19 16:44:33,842] {processor.py:153} INFO - Started process (PID=985) to work on /home/airflow/.local/lib/python3.7/site-packages/airflow/example_dags/example_dag_decorator.py
[2022-08-19 16:44:33,843] {processor.py:641} INFO - Processing file /home/airflow/.local/lib/python3.7/site-packages/airflow/example_dags/example_dag_decorator.py for tasks to queue
[2022-08-19 16:44:33,844] {logging_mixin.py:115} INFO - [2022-08-19 16:44:33,844] {dagbag.py:507} INFO - Filling up the DagBag from /home/airflow/.local/lib/python3.7/site-packages/airflow/example_dags/example_dag_decorator.py
[2022-08-19 16:44:33,871] {processor.py:651} INFO - DAG(s) dict_keys(['example_dag_decorator']) retrieved from /home/airflow/.local/lib/python3.7/site-packages/airflow/example_dags/example_dag_decorator.py
[2022-08-19 16:44:34,154] {logging_mixin.py:115} INFO - [2022-08-19 16:44:34,154] {dag.py:2379} INFO - Sync 1 DAGs
[2022-08-19 16:44:34,188] {logging_mixin.py:115} INFO - [2022-08-19 16:44:34,188] {dag.py:2931} INFO - Setting next_dagrun for example_dag_decorator to None, run_after=None
[2022-08-19 16:44:34,209] {processor.py:161} INFO - Processing /home/airflow/.local/lib/python3.7/site-packages/airflow/example_dags/example_dag_decorator.py took 0.370 seconds
[2022-08-19 16:45:04,861] {processor.py:153} INFO - Started process (PID=1038) to work on /home/airflow/.local/lib/python3.7/site-packages/airflow/example_dags/example_dag_decorator.py
[2022-08-19 16:45:04,862] {processor.py:641} INFO - Processing file /home/airflow/.local/lib/python3.7/site-packages/airflow/example_dags/example_dag_decorator.py for tasks to queue
[2022-08-19 16:45:04,863] {logging_mixin.py:115} INFO - [2022-08-19 16:45:04,863] {dagbag.py:507} INFO - Filling up the DagBag from /home/airflow/.local/lib/python3.7/site-packages/airflow/example_dags/example_dag_decorator.py
[2022-08-19 16:45:04,900] {processor.py:651} INFO - DAG(s) dict_keys(['example_dag_decorator']) retrieved from /home/airflow/.local/lib/python3.7/site-packages/airflow/example_dags/example_dag_decorator.py
[2022-08-19 16:45:05,087] {logging_mixin.py:115} INFO - [2022-08-19 16:45:05,087] {dag.py:2379} INFO - Sync 1 DAGs
[2022-08-19 16:45:05,106] {logging_mixin.py:115} INFO - [2022-08-19 16:45:05,106] {dag.py:2931} INFO - Setting next_dagrun for example_dag_decorator to None, run_after=None
[2022-08-19 16:45:05,124] {processor.py:161} INFO - Processing /home/airflow/.local/lib/python3.7/site-packages/airflow/example_dags/example_dag_decorator.py took 0.266 seconds
[2022-08-19 16:45:35,250] {processor.py:153} INFO - Started process (PID=1102) to work on /home/airflow/.local/lib/python3.7/site-packages/airflow/example_dags/example_dag_decorator.py
[2022-08-19 16:45:35,251] {processor.py:641} INFO - Processing file /home/airflow/.local/lib/python3.7/site-packages/airflow/example_dags/example_dag_decorator.py for tasks to queue
[2022-08-19 16:45:35,251] {logging_mixin.py:115} INFO - [2022-08-19 16:45:35,251] {dagbag.py:507} INFO - Filling up the DagBag from /home/airflow/.local/lib/python3.7/site-packages/airflow/example_dags/example_dag_decorator.py
[2022-08-19 16:45:35,335] {processor.py:651} INFO - DAG(s) dict_keys(['example_dag_decorator']) retrieved from /home/airflow/.local/lib/python3.7/site-packages/airflow/example_dags/example_dag_decorator.py
[2022-08-19 16:45:35,399] {logging_mixin.py:115} INFO - [2022-08-19 16:45:35,399] {dag.py:2379} INFO - Sync 1 DAGs
[2022-08-19 16:45:35,696] {logging_mixin.py:115} INFO - [2022-08-19 16:45:35,695] {dag.py:2931} INFO - Setting next_dagrun for example_dag_decorator to None, run_after=None
[2022-08-19 16:45:35,721] {processor.py:161} INFO - Processing /home/airflow/.local/lib/python3.7/site-packages/airflow/example_dags/example_dag_decorator.py took 0.479 seconds
[2022-08-19 16:46:05,887] {processor.py:153} INFO - Started process (PID=1165) to work on /home/airflow/.local/lib/python3.7/site-packages/airflow/example_dags/example_dag_decorator.py
[2022-08-19 16:46:05,888] {processor.py:641} INFO - Processing file /home/airflow/.local/lib/python3.7/site-packages/airflow/example_dags/example_dag_decorator.py for tasks to queue
[2022-08-19 16:46:05,888] {logging_mixin.py:115} INFO - [2022-08-19 16:46:05,888] {dagbag.py:507} INFO - Filling up the DagBag from /home/airflow/.local/lib/python3.7/site-packages/airflow/example_dags/example_dag_decorator.py
[2022-08-19 16:46:05,926] {processor.py:651} INFO - DAG(s) dict_keys(['example_dag_decorator']) retrieved from /home/airflow/.local/lib/python3.7/site-packages/airflow/example_dags/example_dag_decorator.py
[2022-08-19 16:46:06,229] {logging_mixin.py:115} INFO - [2022-08-19 16:46:06,229] {dag.py:2379} INFO - Sync 1 DAGs
[2022-08-19 16:46:06,253] {logging_mixin.py:115} INFO - [2022-08-19 16:46:06,253] {dag.py:2931} INFO - Setting next_dagrun for example_dag_decorator to None, run_after=None
[2022-08-19 16:46:06,273] {processor.py:161} INFO - Processing /home/airflow/.local/lib/python3.7/site-packages/airflow/example_dags/example_dag_decorator.py took 0.390 seconds
[2022-08-19 16:46:36,924] {processor.py:153} INFO - Started process (PID=1219) to work on /home/airflow/.local/lib/python3.7/site-packages/airflow/example_dags/example_dag_decorator.py
[2022-08-19 16:46:36,925] {processor.py:641} INFO - Processing file /home/airflow/.local/lib/python3.7/site-packages/airflow/example_dags/example_dag_decorator.py for tasks to queue
[2022-08-19 16:46:36,926] {logging_mixin.py:115} INFO - [2022-08-19 16:46:36,926] {dagbag.py:507} INFO - Filling up the DagBag from /home/airflow/.local/lib/python3.7/site-packages/airflow/example_dags/example_dag_decorator.py
[2022-08-19 16:46:36,950] {processor.py:651} INFO - DAG(s) dict_keys(['example_dag_decorator']) retrieved from /home/airflow/.local/lib/python3.7/site-packages/airflow/example_dags/example_dag_decorator.py
[2022-08-19 16:46:37,175] {logging_mixin.py:115} INFO - [2022-08-19 16:46:37,175] {dag.py:2379} INFO - Sync 1 DAGs
[2022-08-19 16:46:37,198] {logging_mixin.py:115} INFO - [2022-08-19 16:46:37,198] {dag.py:2931} INFO - Setting next_dagrun for example_dag_decorator to None, run_after=None
[2022-08-19 16:46:37,217] {processor.py:161} INFO - Processing /home/airflow/.local/lib/python3.7/site-packages/airflow/example_dags/example_dag_decorator.py took 0.297 seconds
[2022-08-19 16:47:24,811] {processor.py:153} INFO - Started process (PID=46) to work on /home/airflow/.local/lib/python3.7/site-packages/airflow/example_dags/example_dag_decorator.py
[2022-08-19 16:47:24,819] {processor.py:641} INFO - Processing file /home/airflow/.local/lib/python3.7/site-packages/airflow/example_dags/example_dag_decorator.py for tasks to queue
[2022-08-19 16:47:24,826] {logging_mixin.py:115} INFO - [2022-08-19 16:47:24,826] {dagbag.py:507} INFO - Filling up the DagBag from /home/airflow/.local/lib/python3.7/site-packages/airflow/example_dags/example_dag_decorator.py
[2022-08-19 16:47:24,921] {processor.py:651} INFO - DAG(s) dict_keys(['example_dag_decorator']) retrieved from /home/airflow/.local/lib/python3.7/site-packages/airflow/example_dags/example_dag_decorator.py
[2022-08-19 16:47:25,829] {logging_mixin.py:115} INFO - [2022-08-19 16:47:25,829] {dag.py:2379} INFO - Sync 1 DAGs
[2022-08-19 16:47:25,908] {logging_mixin.py:115} INFO - [2022-08-19 16:47:25,908] {dag.py:2931} INFO - Setting next_dagrun for example_dag_decorator to None, run_after=None
[2022-08-19 16:47:25,989] {processor.py:161} INFO - Processing /home/airflow/.local/lib/python3.7/site-packages/airflow/example_dags/example_dag_decorator.py took 1.185 seconds
[2022-08-19 16:47:56,172] {processor.py:153} INFO - Started process (PID=98) to work on /home/airflow/.local/lib/python3.7/site-packages/airflow/example_dags/example_dag_decorator.py
[2022-08-19 16:47:56,175] {processor.py:641} INFO - Processing file /home/airflow/.local/lib/python3.7/site-packages/airflow/example_dags/example_dag_decorator.py for tasks to queue
[2022-08-19 16:47:56,177] {logging_mixin.py:115} INFO - [2022-08-19 16:47:56,177] {dagbag.py:507} INFO - Filling up the DagBag from /home/airflow/.local/lib/python3.7/site-packages/airflow/example_dags/example_dag_decorator.py
[2022-08-19 16:47:56,249] {processor.py:651} INFO - DAG(s) dict_keys(['example_dag_decorator']) retrieved from /home/airflow/.local/lib/python3.7/site-packages/airflow/example_dags/example_dag_decorator.py
[2022-08-19 16:47:56,432] {logging_mixin.py:115} INFO - [2022-08-19 16:47:56,432] {dag.py:2379} INFO - Sync 1 DAGs
[2022-08-19 16:47:56,455] {logging_mixin.py:115} INFO - [2022-08-19 16:47:56,455] {dag.py:2931} INFO - Setting next_dagrun for example_dag_decorator to None, run_after=None
[2022-08-19 16:47:56,482] {processor.py:161} INFO - Processing /home/airflow/.local/lib/python3.7/site-packages/airflow/example_dags/example_dag_decorator.py took 0.324 seconds
[2022-08-19 16:48:27,302] {processor.py:153} INFO - Started process (PID=166) to work on /home/airflow/.local/lib/python3.7/site-packages/airflow/example_dags/example_dag_decorator.py
[2022-08-19 16:48:27,303] {processor.py:641} INFO - Processing file /home/airflow/.local/lib/python3.7/site-packages/airflow/example_dags/example_dag_decorator.py for tasks to queue
[2022-08-19 16:48:27,303] {logging_mixin.py:115} INFO - [2022-08-19 16:48:27,303] {dagbag.py:507} INFO - Filling up the DagBag from /home/airflow/.local/lib/python3.7/site-packages/airflow/example_dags/example_dag_decorator.py
[2022-08-19 16:48:27,329] {processor.py:651} INFO - DAG(s) dict_keys(['example_dag_decorator']) retrieved from /home/airflow/.local/lib/python3.7/site-packages/airflow/example_dags/example_dag_decorator.py
[2022-08-19 16:48:27,625] {logging_mixin.py:115} INFO - [2022-08-19 16:48:27,625] {dag.py:2379} INFO - Sync 1 DAGs
[2022-08-19 16:48:27,664] {logging_mixin.py:115} INFO - [2022-08-19 16:48:27,664] {dag.py:2931} INFO - Setting next_dagrun for example_dag_decorator to None, run_after=None
[2022-08-19 16:48:27,691] {processor.py:161} INFO - Processing /home/airflow/.local/lib/python3.7/site-packages/airflow/example_dags/example_dag_decorator.py took 0.394 seconds
[2022-08-19 16:49:13,185] {processor.py:153} INFO - Started process (PID=47) to work on /home/airflow/.local/lib/python3.7/site-packages/airflow/example_dags/example_dag_decorator.py
[2022-08-19 16:49:13,186] {processor.py:641} INFO - Processing file /home/airflow/.local/lib/python3.7/site-packages/airflow/example_dags/example_dag_decorator.py for tasks to queue
[2022-08-19 16:49:13,189] {logging_mixin.py:115} INFO - [2022-08-19 16:49:13,189] {dagbag.py:507} INFO - Filling up the DagBag from /home/airflow/.local/lib/python3.7/site-packages/airflow/example_dags/example_dag_decorator.py
[2022-08-19 16:49:13,269] {processor.py:651} INFO - DAG(s) dict_keys(['example_dag_decorator']) retrieved from /home/airflow/.local/lib/python3.7/site-packages/airflow/example_dags/example_dag_decorator.py
[2022-08-19 16:49:13,759] {logging_mixin.py:115} INFO - [2022-08-19 16:49:13,759] {dag.py:2379} INFO - Sync 1 DAGs
[2022-08-19 16:49:13,795] {logging_mixin.py:115} INFO - [2022-08-19 16:49:13,795] {dag.py:2931} INFO - Setting next_dagrun for example_dag_decorator to None, run_after=None
[2022-08-19 16:49:13,820] {processor.py:161} INFO - Processing /home/airflow/.local/lib/python3.7/site-packages/airflow/example_dags/example_dag_decorator.py took 0.644 seconds
[2022-08-19 16:49:44,493] {processor.py:153} INFO - Started process (PID=99) to work on /home/airflow/.local/lib/python3.7/site-packages/airflow/example_dags/example_dag_decorator.py
[2022-08-19 16:49:44,493] {processor.py:641} INFO - Processing file /home/airflow/.local/lib/python3.7/site-packages/airflow/example_dags/example_dag_decorator.py for tasks to queue
[2022-08-19 16:49:44,494] {logging_mixin.py:115} INFO - [2022-08-19 16:49:44,494] {dagbag.py:507} INFO - Filling up the DagBag from /home/airflow/.local/lib/python3.7/site-packages/airflow/example_dags/example_dag_decorator.py
[2022-08-19 16:49:44,522] {processor.py:651} INFO - DAG(s) dict_keys(['example_dag_decorator']) retrieved from /home/airflow/.local/lib/python3.7/site-packages/airflow/example_dags/example_dag_decorator.py
[2022-08-19 16:49:44,859] {logging_mixin.py:115} INFO - [2022-08-19 16:49:44,859] {dag.py:2379} INFO - Sync 1 DAGs
[2022-08-19 16:49:44,889] {logging_mixin.py:115} INFO - [2022-08-19 16:49:44,889] {dag.py:2931} INFO - Setting next_dagrun for example_dag_decorator to None, run_after=None
[2022-08-19 16:49:44,930] {processor.py:161} INFO - Processing /home/airflow/.local/lib/python3.7/site-packages/airflow/example_dags/example_dag_decorator.py took 0.442 seconds
[2022-08-19 16:50:15,095] {processor.py:153} INFO - Started process (PID=154) to work on /home/airflow/.local/lib/python3.7/site-packages/airflow/example_dags/example_dag_decorator.py
[2022-08-19 16:50:15,109] {processor.py:641} INFO - Processing file /home/airflow/.local/lib/python3.7/site-packages/airflow/example_dags/example_dag_decorator.py for tasks to queue
[2022-08-19 16:50:15,112] {logging_mixin.py:115} INFO - [2022-08-19 16:50:15,112] {dagbag.py:507} INFO - Filling up the DagBag from /home/airflow/.local/lib/python3.7/site-packages/airflow/example_dags/example_dag_decorator.py
[2022-08-19 16:50:15,196] {processor.py:651} INFO - DAG(s) dict_keys(['example_dag_decorator']) retrieved from /home/airflow/.local/lib/python3.7/site-packages/airflow/example_dags/example_dag_decorator.py
[2022-08-19 16:50:15,442] {logging_mixin.py:115} INFO - [2022-08-19 16:50:15,442] {dag.py:2379} INFO - Sync 1 DAGs
[2022-08-19 16:50:15,466] {logging_mixin.py:115} INFO - [2022-08-19 16:50:15,466] {dag.py:2931} INFO - Setting next_dagrun for example_dag_decorator to None, run_after=None
[2022-08-19 16:50:15,486] {processor.py:161} INFO - Processing /home/airflow/.local/lib/python3.7/site-packages/airflow/example_dags/example_dag_decorator.py took 0.393 seconds
[2022-08-19 16:50:45,516] {processor.py:153} INFO - Started process (PID=214) to work on /home/airflow/.local/lib/python3.7/site-packages/airflow/example_dags/example_dag_decorator.py
[2022-08-19 16:50:45,516] {processor.py:641} INFO - Processing file /home/airflow/.local/lib/python3.7/site-packages/airflow/example_dags/example_dag_decorator.py for tasks to queue
[2022-08-19 16:50:45,518] {logging_mixin.py:115} INFO - [2022-08-19 16:50:45,517] {dagbag.py:507} INFO - Filling up the DagBag from /home/airflow/.local/lib/python3.7/site-packages/airflow/example_dags/example_dag_decorator.py
[2022-08-19 16:50:45,552] {processor.py:651} INFO - DAG(s) dict_keys(['example_dag_decorator']) retrieved from /home/airflow/.local/lib/python3.7/site-packages/airflow/example_dags/example_dag_decorator.py
[2022-08-19 16:50:45,831] {logging_mixin.py:115} INFO - [2022-08-19 16:50:45,831] {dag.py:2379} INFO - Sync 1 DAGs
[2022-08-19 16:50:45,855] {logging_mixin.py:115} INFO - [2022-08-19 16:50:45,855] {dag.py:2931} INFO - Setting next_dagrun for example_dag_decorator to None, run_after=None
[2022-08-19 16:50:45,875] {processor.py:161} INFO - Processing /home/airflow/.local/lib/python3.7/site-packages/airflow/example_dags/example_dag_decorator.py took 0.363 seconds
[2022-08-19 16:51:16,143] {processor.py:153} INFO - Started process (PID=268) to work on /home/airflow/.local/lib/python3.7/site-packages/airflow/example_dags/example_dag_decorator.py
[2022-08-19 16:51:16,145] {processor.py:641} INFO - Processing file /home/airflow/.local/lib/python3.7/site-packages/airflow/example_dags/example_dag_decorator.py for tasks to queue
[2022-08-19 16:51:16,145] {logging_mixin.py:115} INFO - [2022-08-19 16:51:16,145] {dagbag.py:507} INFO - Filling up the DagBag from /home/airflow/.local/lib/python3.7/site-packages/airflow/example_dags/example_dag_decorator.py
[2022-08-19 16:51:16,172] {processor.py:651} INFO - DAG(s) dict_keys(['example_dag_decorator']) retrieved from /home/airflow/.local/lib/python3.7/site-packages/airflow/example_dags/example_dag_decorator.py
[2022-08-19 16:51:16,388] {logging_mixin.py:115} INFO - [2022-08-19 16:51:16,388] {dag.py:2379} INFO - Sync 1 DAGs
[2022-08-19 16:51:16,411] {logging_mixin.py:115} INFO - [2022-08-19 16:51:16,411] {dag.py:2931} INFO - Setting next_dagrun for example_dag_decorator to None, run_after=None
[2022-08-19 16:51:16,432] {processor.py:161} INFO - Processing /home/airflow/.local/lib/python3.7/site-packages/airflow/example_dags/example_dag_decorator.py took 0.292 seconds
[2022-08-19 16:51:46,503] {processor.py:153} INFO - Started process (PID=332) to work on /home/airflow/.local/lib/python3.7/site-packages/airflow/example_dags/example_dag_decorator.py
[2022-08-19 16:51:46,504] {processor.py:641} INFO - Processing file /home/airflow/.local/lib/python3.7/site-packages/airflow/example_dags/example_dag_decorator.py for tasks to queue
[2022-08-19 16:51:46,504] {logging_mixin.py:115} INFO - [2022-08-19 16:51:46,504] {dagbag.py:507} INFO - Filling up the DagBag from /home/airflow/.local/lib/python3.7/site-packages/airflow/example_dags/example_dag_decorator.py
[2022-08-19 16:51:46,537] {processor.py:651} INFO - DAG(s) dict_keys(['example_dag_decorator']) retrieved from /home/airflow/.local/lib/python3.7/site-packages/airflow/example_dags/example_dag_decorator.py
[2022-08-19 16:51:46,814] {logging_mixin.py:115} INFO - [2022-08-19 16:51:46,814] {dag.py:2379} INFO - Sync 1 DAGs
[2022-08-19 16:51:46,835] {logging_mixin.py:115} INFO - [2022-08-19 16:51:46,835] {dag.py:2931} INFO - Setting next_dagrun for example_dag_decorator to None, run_after=None
[2022-08-19 16:51:46,861] {processor.py:161} INFO - Processing /home/airflow/.local/lib/python3.7/site-packages/airflow/example_dags/example_dag_decorator.py took 0.361 seconds
[2022-08-19 16:52:17,028] {processor.py:153} INFO - Started process (PID=395) to work on /home/airflow/.local/lib/python3.7/site-packages/airflow/example_dags/example_dag_decorator.py
[2022-08-19 16:52:17,029] {processor.py:641} INFO - Processing file /home/airflow/.local/lib/python3.7/site-packages/airflow/example_dags/example_dag_decorator.py for tasks to queue
[2022-08-19 16:52:17,030] {logging_mixin.py:115} INFO - [2022-08-19 16:52:17,030] {dagbag.py:507} INFO - Filling up the DagBag from /home/airflow/.local/lib/python3.7/site-packages/airflow/example_dags/example_dag_decorator.py
[2022-08-19 16:52:17,055] {processor.py:651} INFO - DAG(s) dict_keys(['example_dag_decorator']) retrieved from /home/airflow/.local/lib/python3.7/site-packages/airflow/example_dags/example_dag_decorator.py
[2022-08-19 16:52:17,080] {logging_mixin.py:115} INFO - [2022-08-19 16:52:17,080] {dag.py:2379} INFO - Sync 1 DAGs
[2022-08-19 16:52:17,248] {logging_mixin.py:115} INFO - [2022-08-19 16:52:17,248] {dag.py:2931} INFO - Setting next_dagrun for example_dag_decorator to None, run_after=None
[2022-08-19 16:52:17,266] {processor.py:161} INFO - Processing /home/airflow/.local/lib/python3.7/site-packages/airflow/example_dags/example_dag_decorator.py took 0.241 seconds
[2022-08-19 16:52:47,447] {processor.py:153} INFO - Started process (PID=449) to work on /home/airflow/.local/lib/python3.7/site-packages/airflow/example_dags/example_dag_decorator.py
[2022-08-19 16:52:47,452] {processor.py:641} INFO - Processing file /home/airflow/.local/lib/python3.7/site-packages/airflow/example_dags/example_dag_decorator.py for tasks to queue
[2022-08-19 16:52:47,453] {logging_mixin.py:115} INFO - [2022-08-19 16:52:47,453] {dagbag.py:507} INFO - Filling up the DagBag from /home/airflow/.local/lib/python3.7/site-packages/airflow/example_dags/example_dag_decorator.py
[2022-08-19 16:52:47,495] {processor.py:651} INFO - DAG(s) dict_keys(['example_dag_decorator']) retrieved from /home/airflow/.local/lib/python3.7/site-packages/airflow/example_dags/example_dag_decorator.py
[2022-08-19 16:52:47,806] {logging_mixin.py:115} INFO - [2022-08-19 16:52:47,806] {dag.py:2379} INFO - Sync 1 DAGs
[2022-08-19 16:52:47,837] {logging_mixin.py:115} INFO - [2022-08-19 16:52:47,837] {dag.py:2931} INFO - Setting next_dagrun for example_dag_decorator to None, run_after=None
[2022-08-19 16:52:47,852] {processor.py:161} INFO - Processing /home/airflow/.local/lib/python3.7/site-packages/airflow/example_dags/example_dag_decorator.py took 0.410 seconds
[2022-08-19 16:53:18,083] {processor.py:153} INFO - Started process (PID=512) to work on /home/airflow/.local/lib/python3.7/site-packages/airflow/example_dags/example_dag_decorator.py
[2022-08-19 16:53:18,085] {processor.py:641} INFO - Processing file /home/airflow/.local/lib/python3.7/site-packages/airflow/example_dags/example_dag_decorator.py for tasks to queue
[2022-08-19 16:53:18,087] {logging_mixin.py:115} INFO - [2022-08-19 16:53:18,087] {dagbag.py:507} INFO - Filling up the DagBag from /home/airflow/.local/lib/python3.7/site-packages/airflow/example_dags/example_dag_decorator.py
[2022-08-19 16:53:18,128] {processor.py:651} INFO - DAG(s) dict_keys(['example_dag_decorator']) retrieved from /home/airflow/.local/lib/python3.7/site-packages/airflow/example_dags/example_dag_decorator.py
[2022-08-19 16:53:18,153] {logging_mixin.py:115} INFO - [2022-08-19 16:53:18,153] {dag.py:2379} INFO - Sync 1 DAGs
[2022-08-19 16:53:18,299] {logging_mixin.py:115} INFO - [2022-08-19 16:53:18,299] {dag.py:2931} INFO - Setting next_dagrun for example_dag_decorator to None, run_after=None
[2022-08-19 16:53:18,313] {processor.py:161} INFO - Processing /home/airflow/.local/lib/python3.7/site-packages/airflow/example_dags/example_dag_decorator.py took 0.247 seconds
[2022-08-19 16:53:48,896] {processor.py:153} INFO - Started process (PID=566) to work on /home/airflow/.local/lib/python3.7/site-packages/airflow/example_dags/example_dag_decorator.py
[2022-08-19 16:53:48,901] {processor.py:641} INFO - Processing file /home/airflow/.local/lib/python3.7/site-packages/airflow/example_dags/example_dag_decorator.py for tasks to queue
[2022-08-19 16:53:48,902] {logging_mixin.py:115} INFO - [2022-08-19 16:53:48,902] {dagbag.py:507} INFO - Filling up the DagBag from /home/airflow/.local/lib/python3.7/site-packages/airflow/example_dags/example_dag_decorator.py
[2022-08-19 16:53:48,961] {processor.py:651} INFO - DAG(s) dict_keys(['example_dag_decorator']) retrieved from /home/airflow/.local/lib/python3.7/site-packages/airflow/example_dags/example_dag_decorator.py
[2022-08-19 16:53:49,251] {logging_mixin.py:115} INFO - [2022-08-19 16:53:49,251] {dag.py:2379} INFO - Sync 1 DAGs
[2022-08-19 16:53:49,283] {logging_mixin.py:115} INFO - [2022-08-19 16:53:49,283] {dag.py:2931} INFO - Setting next_dagrun for example_dag_decorator to None, run_after=None
[2022-08-19 16:53:49,301] {processor.py:161} INFO - Processing /home/airflow/.local/lib/python3.7/site-packages/airflow/example_dags/example_dag_decorator.py took 0.409 seconds
