[2022-08-19 00:59:17,921] {processor.py:153} INFO - Started process (PID=54) to work on /home/airflow/.local/lib/python3.7/site-packages/airflow/example_dags/tutorial.py
[2022-08-19 00:59:17,921] {processor.py:641} INFO - Processing file /home/airflow/.local/lib/python3.7/site-packages/airflow/example_dags/tutorial.py for tasks to queue
[2022-08-19 00:59:17,922] {logging_mixin.py:115} INFO - [2022-08-19 00:59:17,922] {dagbag.py:507} INFO - Filling up the DagBag from /home/airflow/.local/lib/python3.7/site-packages/airflow/example_dags/tutorial.py
[2022-08-19 00:59:17,932] {processor.py:651} INFO - DAG(s) dict_keys(['tutorial']) retrieved from /home/airflow/.local/lib/python3.7/site-packages/airflow/example_dags/tutorial.py
[2022-08-19 00:59:18,089] {logging_mixin.py:115} INFO - [2022-08-19 00:59:18,089] {dag.py:2379} INFO - Sync 1 DAGs
[2022-08-19 00:59:18,157] {logging_mixin.py:115} INFO - [2022-08-19 00:59:18,157] {dag.py:2931} INFO - Setting next_dagrun for tutorial to 2022-08-18T00:59:18.156882+00:00, run_after=2022-08-19T00:59:18.156882+00:00
[2022-08-19 00:59:18,198] {processor.py:161} INFO - Processing /home/airflow/.local/lib/python3.7/site-packages/airflow/example_dags/tutorial.py took 0.281 seconds
[2022-08-19 00:59:48,517] {processor.py:153} INFO - Started process (PID=105) to work on /home/airflow/.local/lib/python3.7/site-packages/airflow/example_dags/tutorial.py
[2022-08-19 00:59:48,518] {processor.py:641} INFO - Processing file /home/airflow/.local/lib/python3.7/site-packages/airflow/example_dags/tutorial.py for tasks to queue
[2022-08-19 00:59:48,518] {logging_mixin.py:115} INFO - [2022-08-19 00:59:48,518] {dagbag.py:507} INFO - Filling up the DagBag from /home/airflow/.local/lib/python3.7/site-packages/airflow/example_dags/tutorial.py
[2022-08-19 00:59:48,544] {processor.py:651} INFO - DAG(s) dict_keys(['tutorial']) retrieved from /home/airflow/.local/lib/python3.7/site-packages/airflow/example_dags/tutorial.py
[2022-08-19 00:59:48,632] {logging_mixin.py:115} INFO - [2022-08-19 00:59:48,632] {dag.py:2379} INFO - Sync 1 DAGs
[2022-08-19 00:59:48,701] {logging_mixin.py:115} INFO - [2022-08-19 00:59:48,701] {dag.py:2931} INFO - Setting next_dagrun for tutorial to 2022-08-18T00:59:48.697282+00:00, run_after=2022-08-19T00:59:48.697282+00:00
[2022-08-19 00:59:48,735] {processor.py:161} INFO - Processing /home/airflow/.local/lib/python3.7/site-packages/airflow/example_dags/tutorial.py took 0.223 seconds
[2022-08-19 01:10:18,742] {processor.py:153} INFO - Started process (PID=61) to work on /home/airflow/.local/lib/python3.7/site-packages/airflow/example_dags/tutorial.py
[2022-08-19 01:10:18,754] {processor.py:641} INFO - Processing file /home/airflow/.local/lib/python3.7/site-packages/airflow/example_dags/tutorial.py for tasks to queue
[2022-08-19 01:10:18,755] {logging_mixin.py:115} INFO - [2022-08-19 01:10:18,755] {dagbag.py:507} INFO - Filling up the DagBag from /home/airflow/.local/lib/python3.7/site-packages/airflow/example_dags/tutorial.py
[2022-08-19 01:10:18,783] {processor.py:651} INFO - DAG(s) dict_keys(['tutorial']) retrieved from /home/airflow/.local/lib/python3.7/site-packages/airflow/example_dags/tutorial.py
[2022-08-19 01:10:18,916] {logging_mixin.py:115} INFO - [2022-08-19 01:10:18,916] {dag.py:2379} INFO - Sync 1 DAGs
[2022-08-19 01:10:19,455] {logging_mixin.py:115} INFO - [2022-08-19 01:10:19,455] {dag.py:2931} INFO - Setting next_dagrun for tutorial to 2022-08-18T01:10:19.454851+00:00, run_after=2022-08-19T01:10:19.454851+00:00
[2022-08-19 01:10:19,488] {processor.py:161} INFO - Processing /home/airflow/.local/lib/python3.7/site-packages/airflow/example_dags/tutorial.py took 0.750 seconds
[2022-08-19 01:10:49,738] {processor.py:153} INFO - Started process (PID=115) to work on /home/airflow/.local/lib/python3.7/site-packages/airflow/example_dags/tutorial.py
[2022-08-19 01:10:49,749] {processor.py:641} INFO - Processing file /home/airflow/.local/lib/python3.7/site-packages/airflow/example_dags/tutorial.py for tasks to queue
[2022-08-19 01:10:49,749] {logging_mixin.py:115} INFO - [2022-08-19 01:10:49,749] {dagbag.py:507} INFO - Filling up the DagBag from /home/airflow/.local/lib/python3.7/site-packages/airflow/example_dags/tutorial.py
[2022-08-19 01:10:49,805] {processor.py:651} INFO - DAG(s) dict_keys(['tutorial']) retrieved from /home/airflow/.local/lib/python3.7/site-packages/airflow/example_dags/tutorial.py
[2022-08-19 01:10:49,871] {logging_mixin.py:115} INFO - [2022-08-19 01:10:49,871] {dag.py:2379} INFO - Sync 1 DAGs
[2022-08-19 01:10:50,282] {logging_mixin.py:115} INFO - [2022-08-19 01:10:50,282] {dag.py:2931} INFO - Setting next_dagrun for tutorial to 2022-08-18T01:10:50.281858+00:00, run_after=2022-08-19T01:10:50.281858+00:00
[2022-08-19 01:10:50,308] {processor.py:161} INFO - Processing /home/airflow/.local/lib/python3.7/site-packages/airflow/example_dags/tutorial.py took 0.602 seconds
[2022-08-19 01:11:20,394] {processor.py:153} INFO - Started process (PID=170) to work on /home/airflow/.local/lib/python3.7/site-packages/airflow/example_dags/tutorial.py
[2022-08-19 01:11:20,394] {processor.py:641} INFO - Processing file /home/airflow/.local/lib/python3.7/site-packages/airflow/example_dags/tutorial.py for tasks to queue
[2022-08-19 01:11:20,395] {logging_mixin.py:115} INFO - [2022-08-19 01:11:20,395] {dagbag.py:507} INFO - Filling up the DagBag from /home/airflow/.local/lib/python3.7/site-packages/airflow/example_dags/tutorial.py
[2022-08-19 01:11:20,409] {processor.py:651} INFO - DAG(s) dict_keys(['tutorial']) retrieved from /home/airflow/.local/lib/python3.7/site-packages/airflow/example_dags/tutorial.py
[2022-08-19 01:11:20,486] {logging_mixin.py:115} INFO - [2022-08-19 01:11:20,485] {dag.py:2379} INFO - Sync 1 DAGs
[2022-08-19 01:11:20,695] {logging_mixin.py:115} INFO - [2022-08-19 01:11:20,695] {dag.py:2931} INFO - Setting next_dagrun for tutorial to 2022-08-18T01:11:20.695428+00:00, run_after=2022-08-19T01:11:20.695428+00:00
[2022-08-19 01:11:20,719] {processor.py:161} INFO - Processing /home/airflow/.local/lib/python3.7/site-packages/airflow/example_dags/tutorial.py took 0.332 seconds
[2022-08-19 01:11:51,043] {processor.py:153} INFO - Started process (PID=224) to work on /home/airflow/.local/lib/python3.7/site-packages/airflow/example_dags/tutorial.py
[2022-08-19 01:11:51,045] {processor.py:641} INFO - Processing file /home/airflow/.local/lib/python3.7/site-packages/airflow/example_dags/tutorial.py for tasks to queue
[2022-08-19 01:11:51,048] {logging_mixin.py:115} INFO - [2022-08-19 01:11:51,048] {dagbag.py:507} INFO - Filling up the DagBag from /home/airflow/.local/lib/python3.7/site-packages/airflow/example_dags/tutorial.py
[2022-08-19 01:11:51,068] {processor.py:651} INFO - DAG(s) dict_keys(['tutorial']) retrieved from /home/airflow/.local/lib/python3.7/site-packages/airflow/example_dags/tutorial.py
[2022-08-19 01:11:51,151] {logging_mixin.py:115} INFO - [2022-08-19 01:11:51,151] {dag.py:2379} INFO - Sync 1 DAGs
[2022-08-19 01:11:51,321] {logging_mixin.py:115} INFO - [2022-08-19 01:11:51,321] {dag.py:2931} INFO - Setting next_dagrun for tutorial to 2022-08-18T01:11:51.320851+00:00, run_after=2022-08-19T01:11:51.320851+00:00
[2022-08-19 01:11:51,335] {processor.py:161} INFO - Processing /home/airflow/.local/lib/python3.7/site-packages/airflow/example_dags/tutorial.py took 0.303 seconds
[2022-08-19 01:12:21,534] {processor.py:153} INFO - Started process (PID=288) to work on /home/airflow/.local/lib/python3.7/site-packages/airflow/example_dags/tutorial.py
[2022-08-19 01:12:21,534] {processor.py:641} INFO - Processing file /home/airflow/.local/lib/python3.7/site-packages/airflow/example_dags/tutorial.py for tasks to queue
[2022-08-19 01:12:21,535] {logging_mixin.py:115} INFO - [2022-08-19 01:12:21,535] {dagbag.py:507} INFO - Filling up the DagBag from /home/airflow/.local/lib/python3.7/site-packages/airflow/example_dags/tutorial.py
[2022-08-19 01:12:21,541] {processor.py:651} INFO - DAG(s) dict_keys(['tutorial']) retrieved from /home/airflow/.local/lib/python3.7/site-packages/airflow/example_dags/tutorial.py
[2022-08-19 01:12:21,565] {logging_mixin.py:115} INFO - [2022-08-19 01:12:21,565] {dag.py:2379} INFO - Sync 1 DAGs
[2022-08-19 01:12:21,789] {logging_mixin.py:115} INFO - [2022-08-19 01:12:21,789] {dag.py:2931} INFO - Setting next_dagrun for tutorial to 2022-08-18T01:12:21.788986+00:00, run_after=2022-08-19T01:12:21.788986+00:00
[2022-08-19 01:12:21,807] {processor.py:161} INFO - Processing /home/airflow/.local/lib/python3.7/site-packages/airflow/example_dags/tutorial.py took 0.277 seconds
[2022-08-19 01:12:51,980] {processor.py:153} INFO - Started process (PID=345) to work on /home/airflow/.local/lib/python3.7/site-packages/airflow/example_dags/tutorial.py
[2022-08-19 01:12:51,983] {processor.py:641} INFO - Processing file /home/airflow/.local/lib/python3.7/site-packages/airflow/example_dags/tutorial.py for tasks to queue
[2022-08-19 01:12:51,986] {logging_mixin.py:115} INFO - [2022-08-19 01:12:51,985] {dagbag.py:507} INFO - Filling up the DagBag from /home/airflow/.local/lib/python3.7/site-packages/airflow/example_dags/tutorial.py
[2022-08-19 01:12:52,006] {processor.py:651} INFO - DAG(s) dict_keys(['tutorial']) retrieved from /home/airflow/.local/lib/python3.7/site-packages/airflow/example_dags/tutorial.py
[2022-08-19 01:12:52,041] {logging_mixin.py:115} INFO - [2022-08-19 01:12:52,041] {dag.py:2379} INFO - Sync 1 DAGs
[2022-08-19 01:12:52,195] {logging_mixin.py:115} INFO - [2022-08-19 01:12:52,195] {dag.py:2931} INFO - Setting next_dagrun for tutorial to 2022-08-18T01:12:52.194857+00:00, run_after=2022-08-19T01:12:52.194857+00:00
[2022-08-19 01:12:52,209] {processor.py:161} INFO - Processing /home/airflow/.local/lib/python3.7/site-packages/airflow/example_dags/tutorial.py took 0.244 seconds
[2022-08-19 01:13:22,956] {processor.py:153} INFO - Started process (PID=410) to work on /home/airflow/.local/lib/python3.7/site-packages/airflow/example_dags/tutorial.py
[2022-08-19 01:13:22,957] {processor.py:641} INFO - Processing file /home/airflow/.local/lib/python3.7/site-packages/airflow/example_dags/tutorial.py for tasks to queue
[2022-08-19 01:13:22,958] {logging_mixin.py:115} INFO - [2022-08-19 01:13:22,957] {dagbag.py:507} INFO - Filling up the DagBag from /home/airflow/.local/lib/python3.7/site-packages/airflow/example_dags/tutorial.py
[2022-08-19 01:13:22,965] {processor.py:651} INFO - DAG(s) dict_keys(['tutorial']) retrieved from /home/airflow/.local/lib/python3.7/site-packages/airflow/example_dags/tutorial.py
[2022-08-19 01:13:23,002] {logging_mixin.py:115} INFO - [2022-08-19 01:13:23,002] {dag.py:2379} INFO - Sync 1 DAGs
[2022-08-19 01:13:23,348] {logging_mixin.py:115} INFO - [2022-08-19 01:13:23,347] {dag.py:2931} INFO - Setting next_dagrun for tutorial to 2022-08-18T01:13:23.347695+00:00, run_after=2022-08-19T01:13:23.347695+00:00
[2022-08-19 01:13:23,365] {processor.py:161} INFO - Processing /home/airflow/.local/lib/python3.7/site-packages/airflow/example_dags/tutorial.py took 0.412 seconds
[2022-08-19 01:13:53,648] {processor.py:153} INFO - Started process (PID=474) to work on /home/airflow/.local/lib/python3.7/site-packages/airflow/example_dags/tutorial.py
[2022-08-19 01:13:53,649] {processor.py:641} INFO - Processing file /home/airflow/.local/lib/python3.7/site-packages/airflow/example_dags/tutorial.py for tasks to queue
[2022-08-19 01:13:53,650] {logging_mixin.py:115} INFO - [2022-08-19 01:13:53,650] {dagbag.py:507} INFO - Filling up the DagBag from /home/airflow/.local/lib/python3.7/site-packages/airflow/example_dags/tutorial.py
[2022-08-19 01:13:53,659] {processor.py:651} INFO - DAG(s) dict_keys(['tutorial']) retrieved from /home/airflow/.local/lib/python3.7/site-packages/airflow/example_dags/tutorial.py
[2022-08-19 01:13:53,717] {logging_mixin.py:115} INFO - [2022-08-19 01:13:53,717] {dag.py:2379} INFO - Sync 1 DAGs
[2022-08-19 01:13:53,897] {logging_mixin.py:115} INFO - [2022-08-19 01:13:53,897] {dag.py:2931} INFO - Setting next_dagrun for tutorial to 2022-08-18T01:13:53.896810+00:00, run_after=2022-08-19T01:13:53.896810+00:00
[2022-08-19 01:13:53,912] {processor.py:161} INFO - Processing /home/airflow/.local/lib/python3.7/site-packages/airflow/example_dags/tutorial.py took 0.269 seconds
[2022-08-19 01:14:24,065] {processor.py:153} INFO - Started process (PID=528) to work on /home/airflow/.local/lib/python3.7/site-packages/airflow/example_dags/tutorial.py
[2022-08-19 01:14:24,066] {processor.py:641} INFO - Processing file /home/airflow/.local/lib/python3.7/site-packages/airflow/example_dags/tutorial.py for tasks to queue
[2022-08-19 01:14:24,066] {logging_mixin.py:115} INFO - [2022-08-19 01:14:24,066] {dagbag.py:507} INFO - Filling up the DagBag from /home/airflow/.local/lib/python3.7/site-packages/airflow/example_dags/tutorial.py
[2022-08-19 01:14:24,079] {processor.py:651} INFO - DAG(s) dict_keys(['tutorial']) retrieved from /home/airflow/.local/lib/python3.7/site-packages/airflow/example_dags/tutorial.py
[2022-08-19 01:14:24,179] {logging_mixin.py:115} INFO - [2022-08-19 01:14:24,178] {dag.py:2379} INFO - Sync 1 DAGs
[2022-08-19 01:14:24,620] {logging_mixin.py:115} INFO - [2022-08-19 01:14:24,620] {dag.py:2931} INFO - Setting next_dagrun for tutorial to 2022-08-18T01:14:24.620147+00:00, run_after=2022-08-19T01:14:24.620147+00:00
[2022-08-19 01:14:24,649] {processor.py:161} INFO - Processing /home/airflow/.local/lib/python3.7/site-packages/airflow/example_dags/tutorial.py took 0.587 seconds
[2022-08-19 01:14:54,791] {processor.py:153} INFO - Started process (PID=593) to work on /home/airflow/.local/lib/python3.7/site-packages/airflow/example_dags/tutorial.py
[2022-08-19 01:14:54,792] {processor.py:641} INFO - Processing file /home/airflow/.local/lib/python3.7/site-packages/airflow/example_dags/tutorial.py for tasks to queue
[2022-08-19 01:14:54,792] {logging_mixin.py:115} INFO - [2022-08-19 01:14:54,792] {dagbag.py:507} INFO - Filling up the DagBag from /home/airflow/.local/lib/python3.7/site-packages/airflow/example_dags/tutorial.py
[2022-08-19 01:14:54,796] {processor.py:651} INFO - DAG(s) dict_keys(['tutorial']) retrieved from /home/airflow/.local/lib/python3.7/site-packages/airflow/example_dags/tutorial.py
[2022-08-19 01:14:54,822] {logging_mixin.py:115} INFO - [2022-08-19 01:14:54,822] {dag.py:2379} INFO - Sync 1 DAGs
[2022-08-19 01:14:54,954] {logging_mixin.py:115} INFO - [2022-08-19 01:14:54,954] {dag.py:2931} INFO - Setting next_dagrun for tutorial to 2022-08-18T01:14:54.953910+00:00, run_after=2022-08-19T01:14:54.953910+00:00
[2022-08-19 01:14:54,964] {processor.py:161} INFO - Processing /home/airflow/.local/lib/python3.7/site-packages/airflow/example_dags/tutorial.py took 0.175 seconds
[2022-08-19 01:21:21,696] {processor.py:153} INFO - Started process (PID=54) to work on /home/airflow/.local/lib/python3.7/site-packages/airflow/example_dags/tutorial.py
[2022-08-19 01:21:21,697] {processor.py:641} INFO - Processing file /home/airflow/.local/lib/python3.7/site-packages/airflow/example_dags/tutorial.py for tasks to queue
[2022-08-19 01:21:21,699] {logging_mixin.py:115} INFO - [2022-08-19 01:21:21,699] {dagbag.py:507} INFO - Filling up the DagBag from /home/airflow/.local/lib/python3.7/site-packages/airflow/example_dags/tutorial.py
[2022-08-19 01:21:21,706] {processor.py:651} INFO - DAG(s) dict_keys(['tutorial']) retrieved from /home/airflow/.local/lib/python3.7/site-packages/airflow/example_dags/tutorial.py
[2022-08-19 01:21:21,768] {logging_mixin.py:115} INFO - [2022-08-19 01:21:21,768] {dag.py:2379} INFO - Sync 1 DAGs
[2022-08-19 01:21:21,807] {logging_mixin.py:115} INFO - [2022-08-19 01:21:21,807] {dag.py:2931} INFO - Setting next_dagrun for tutorial to 2022-08-18T01:21:21.806680+00:00, run_after=2022-08-19T01:21:21.806680+00:00
[2022-08-19 01:21:21,828] {processor.py:161} INFO - Processing /home/airflow/.local/lib/python3.7/site-packages/airflow/example_dags/tutorial.py took 0.145 seconds
[2022-08-19 01:21:52,674] {processor.py:153} INFO - Started process (PID=111) to work on /home/airflow/.local/lib/python3.7/site-packages/airflow/example_dags/tutorial.py
[2022-08-19 01:21:52,675] {processor.py:641} INFO - Processing file /home/airflow/.local/lib/python3.7/site-packages/airflow/example_dags/tutorial.py for tasks to queue
[2022-08-19 01:21:52,677] {logging_mixin.py:115} INFO - [2022-08-19 01:21:52,677] {dagbag.py:507} INFO - Filling up the DagBag from /home/airflow/.local/lib/python3.7/site-packages/airflow/example_dags/tutorial.py
[2022-08-19 01:21:52,698] {processor.py:651} INFO - DAG(s) dict_keys(['tutorial']) retrieved from /home/airflow/.local/lib/python3.7/site-packages/airflow/example_dags/tutorial.py
[2022-08-19 01:21:52,743] {logging_mixin.py:115} INFO - [2022-08-19 01:21:52,743] {dag.py:2379} INFO - Sync 1 DAGs
[2022-08-19 01:21:52,787] {logging_mixin.py:115} INFO - [2022-08-19 01:21:52,786] {dag.py:2931} INFO - Setting next_dagrun for tutorial to 2022-08-18T01:21:52.783588+00:00, run_after=2022-08-19T01:21:52.783588+00:00
[2022-08-19 01:21:52,808] {processor.py:161} INFO - Processing /home/airflow/.local/lib/python3.7/site-packages/airflow/example_dags/tutorial.py took 0.139 seconds
[2022-08-19 01:22:23,657] {processor.py:153} INFO - Started process (PID=178) to work on /home/airflow/.local/lib/python3.7/site-packages/airflow/example_dags/tutorial.py
[2022-08-19 01:22:23,658] {processor.py:641} INFO - Processing file /home/airflow/.local/lib/python3.7/site-packages/airflow/example_dags/tutorial.py for tasks to queue
[2022-08-19 01:22:23,658] {logging_mixin.py:115} INFO - [2022-08-19 01:22:23,658] {dagbag.py:507} INFO - Filling up the DagBag from /home/airflow/.local/lib/python3.7/site-packages/airflow/example_dags/tutorial.py
[2022-08-19 01:22:23,664] {processor.py:651} INFO - DAG(s) dict_keys(['tutorial']) retrieved from /home/airflow/.local/lib/python3.7/site-packages/airflow/example_dags/tutorial.py
[2022-08-19 01:22:23,697] {logging_mixin.py:115} INFO - [2022-08-19 01:22:23,697] {dag.py:2379} INFO - Sync 1 DAGs
[2022-08-19 01:22:23,732] {logging_mixin.py:115} INFO - [2022-08-19 01:22:23,732] {dag.py:2931} INFO - Setting next_dagrun for tutorial to 2022-08-18T01:22:23.729283+00:00, run_after=2022-08-19T01:22:23.729283+00:00
[2022-08-19 01:22:23,750] {processor.py:161} INFO - Processing /home/airflow/.local/lib/python3.7/site-packages/airflow/example_dags/tutorial.py took 0.098 seconds
[2022-08-19 01:22:53,881] {processor.py:153} INFO - Started process (PID=233) to work on /home/airflow/.local/lib/python3.7/site-packages/airflow/example_dags/tutorial.py
[2022-08-19 01:22:53,883] {processor.py:641} INFO - Processing file /home/airflow/.local/lib/python3.7/site-packages/airflow/example_dags/tutorial.py for tasks to queue
[2022-08-19 01:22:53,885] {logging_mixin.py:115} INFO - [2022-08-19 01:22:53,885] {dagbag.py:507} INFO - Filling up the DagBag from /home/airflow/.local/lib/python3.7/site-packages/airflow/example_dags/tutorial.py
[2022-08-19 01:22:53,896] {processor.py:651} INFO - DAG(s) dict_keys(['tutorial']) retrieved from /home/airflow/.local/lib/python3.7/site-packages/airflow/example_dags/tutorial.py
[2022-08-19 01:22:53,923] {logging_mixin.py:115} INFO - [2022-08-19 01:22:53,923] {dag.py:2379} INFO - Sync 1 DAGs
[2022-08-19 01:22:53,944] {logging_mixin.py:115} INFO - [2022-08-19 01:22:53,944] {dag.py:2931} INFO - Setting next_dagrun for tutorial to 2022-08-18T01:22:53.944183+00:00, run_after=2022-08-19T01:22:53.944183+00:00
[2022-08-19 01:22:53,957] {processor.py:161} INFO - Processing /home/airflow/.local/lib/python3.7/site-packages/airflow/example_dags/tutorial.py took 0.085 seconds
[2022-08-19 01:23:24,628] {processor.py:153} INFO - Started process (PID=299) to work on /home/airflow/.local/lib/python3.7/site-packages/airflow/example_dags/tutorial.py
[2022-08-19 01:23:24,628] {processor.py:641} INFO - Processing file /home/airflow/.local/lib/python3.7/site-packages/airflow/example_dags/tutorial.py for tasks to queue
[2022-08-19 01:23:24,631] {logging_mixin.py:115} INFO - [2022-08-19 01:23:24,631] {dagbag.py:507} INFO - Filling up the DagBag from /home/airflow/.local/lib/python3.7/site-packages/airflow/example_dags/tutorial.py
[2022-08-19 01:23:24,641] {processor.py:651} INFO - DAG(s) dict_keys(['tutorial']) retrieved from /home/airflow/.local/lib/python3.7/site-packages/airflow/example_dags/tutorial.py
[2022-08-19 01:23:24,692] {logging_mixin.py:115} INFO - [2022-08-19 01:23:24,691] {dag.py:2379} INFO - Sync 1 DAGs
[2022-08-19 01:23:24,735] {logging_mixin.py:115} INFO - [2022-08-19 01:23:24,735] {dag.py:2931} INFO - Setting next_dagrun for tutorial to 2022-08-18T01:23:24.728135+00:00, run_after=2022-08-19T01:23:24.728135+00:00
[2022-08-19 01:23:24,755] {processor.py:161} INFO - Processing /home/airflow/.local/lib/python3.7/site-packages/airflow/example_dags/tutorial.py took 0.133 seconds
[2022-08-19 01:23:54,815] {processor.py:153} INFO - Started process (PID=358) to work on /home/airflow/.local/lib/python3.7/site-packages/airflow/example_dags/tutorial.py
[2022-08-19 01:23:54,815] {processor.py:641} INFO - Processing file /home/airflow/.local/lib/python3.7/site-packages/airflow/example_dags/tutorial.py for tasks to queue
[2022-08-19 01:23:54,816] {logging_mixin.py:115} INFO - [2022-08-19 01:23:54,815] {dagbag.py:507} INFO - Filling up the DagBag from /home/airflow/.local/lib/python3.7/site-packages/airflow/example_dags/tutorial.py
[2022-08-19 01:23:54,820] {processor.py:651} INFO - DAG(s) dict_keys(['tutorial']) retrieved from /home/airflow/.local/lib/python3.7/site-packages/airflow/example_dags/tutorial.py
[2022-08-19 01:23:54,846] {logging_mixin.py:115} INFO - [2022-08-19 01:23:54,846] {dag.py:2379} INFO - Sync 1 DAGs
[2022-08-19 01:23:54,867] {logging_mixin.py:115} INFO - [2022-08-19 01:23:54,867] {dag.py:2931} INFO - Setting next_dagrun for tutorial to 2022-08-18T01:23:54.866859+00:00, run_after=2022-08-19T01:23:54.866859+00:00
[2022-08-19 01:23:54,880] {processor.py:161} INFO - Processing /home/airflow/.local/lib/python3.7/site-packages/airflow/example_dags/tutorial.py took 0.068 seconds
[2022-08-19 01:24:25,279] {processor.py:153} INFO - Started process (PID=422) to work on /home/airflow/.local/lib/python3.7/site-packages/airflow/example_dags/tutorial.py
[2022-08-19 01:24:25,280] {processor.py:641} INFO - Processing file /home/airflow/.local/lib/python3.7/site-packages/airflow/example_dags/tutorial.py for tasks to queue
[2022-08-19 01:24:25,282] {logging_mixin.py:115} INFO - [2022-08-19 01:24:25,281] {dagbag.py:507} INFO - Filling up the DagBag from /home/airflow/.local/lib/python3.7/site-packages/airflow/example_dags/tutorial.py
[2022-08-19 01:24:25,299] {processor.py:651} INFO - DAG(s) dict_keys(['tutorial']) retrieved from /home/airflow/.local/lib/python3.7/site-packages/airflow/example_dags/tutorial.py
[2022-08-19 01:24:25,415] {logging_mixin.py:115} INFO - [2022-08-19 01:24:25,414] {dag.py:2379} INFO - Sync 1 DAGs
[2022-08-19 01:24:25,452] {logging_mixin.py:115} INFO - [2022-08-19 01:24:25,452] {dag.py:2931} INFO - Setting next_dagrun for tutorial to 2022-08-18T01:24:25.451780+00:00, run_after=2022-08-19T01:24:25.451780+00:00
[2022-08-19 01:24:25,465] {processor.py:161} INFO - Processing /home/airflow/.local/lib/python3.7/site-packages/airflow/example_dags/tutorial.py took 0.197 seconds
[2022-08-19 01:24:56,018] {processor.py:153} INFO - Started process (PID=477) to work on /home/airflow/.local/lib/python3.7/site-packages/airflow/example_dags/tutorial.py
[2022-08-19 01:24:56,019] {processor.py:641} INFO - Processing file /home/airflow/.local/lib/python3.7/site-packages/airflow/example_dags/tutorial.py for tasks to queue
[2022-08-19 01:24:56,019] {logging_mixin.py:115} INFO - [2022-08-19 01:24:56,019] {dagbag.py:507} INFO - Filling up the DagBag from /home/airflow/.local/lib/python3.7/site-packages/airflow/example_dags/tutorial.py
[2022-08-19 01:24:56,028] {processor.py:651} INFO - DAG(s) dict_keys(['tutorial']) retrieved from /home/airflow/.local/lib/python3.7/site-packages/airflow/example_dags/tutorial.py
[2022-08-19 01:24:56,074] {logging_mixin.py:115} INFO - [2022-08-19 01:24:56,074] {dag.py:2379} INFO - Sync 1 DAGs
[2022-08-19 01:24:56,115] {logging_mixin.py:115} INFO - [2022-08-19 01:24:56,115] {dag.py:2931} INFO - Setting next_dagrun for tutorial to 2022-08-18T01:24:56.115474+00:00, run_after=2022-08-19T01:24:56.115474+00:00
[2022-08-19 01:24:56,135] {processor.py:161} INFO - Processing /home/airflow/.local/lib/python3.7/site-packages/airflow/example_dags/tutorial.py took 0.122 seconds
[2022-08-19 01:25:26,354] {processor.py:153} INFO - Started process (PID=539) to work on /home/airflow/.local/lib/python3.7/site-packages/airflow/example_dags/tutorial.py
[2022-08-19 01:25:26,356] {processor.py:641} INFO - Processing file /home/airflow/.local/lib/python3.7/site-packages/airflow/example_dags/tutorial.py for tasks to queue
[2022-08-19 01:25:26,359] {logging_mixin.py:115} INFO - [2022-08-19 01:25:26,359] {dagbag.py:507} INFO - Filling up the DagBag from /home/airflow/.local/lib/python3.7/site-packages/airflow/example_dags/tutorial.py
[2022-08-19 01:25:26,381] {processor.py:651} INFO - DAG(s) dict_keys(['tutorial']) retrieved from /home/airflow/.local/lib/python3.7/site-packages/airflow/example_dags/tutorial.py
[2022-08-19 01:25:26,426] {logging_mixin.py:115} INFO - [2022-08-19 01:25:26,426] {dag.py:2379} INFO - Sync 1 DAGs
[2022-08-19 01:25:26,473] {logging_mixin.py:115} INFO - [2022-08-19 01:25:26,472] {dag.py:2931} INFO - Setting next_dagrun for tutorial to 2022-08-18T01:25:26.471174+00:00, run_after=2022-08-19T01:25:26.471174+00:00
[2022-08-19 01:25:26,491] {processor.py:161} INFO - Processing /home/airflow/.local/lib/python3.7/site-packages/airflow/example_dags/tutorial.py took 0.153 seconds
[2022-08-19 01:25:56,989] {processor.py:153} INFO - Started process (PID=598) to work on /home/airflow/.local/lib/python3.7/site-packages/airflow/example_dags/tutorial.py
[2022-08-19 01:25:56,991] {processor.py:641} INFO - Processing file /home/airflow/.local/lib/python3.7/site-packages/airflow/example_dags/tutorial.py for tasks to queue
[2022-08-19 01:25:56,993] {logging_mixin.py:115} INFO - [2022-08-19 01:25:56,992] {dagbag.py:507} INFO - Filling up the DagBag from /home/airflow/.local/lib/python3.7/site-packages/airflow/example_dags/tutorial.py
[2022-08-19 01:25:57,003] {processor.py:651} INFO - DAG(s) dict_keys(['tutorial']) retrieved from /home/airflow/.local/lib/python3.7/site-packages/airflow/example_dags/tutorial.py
[2022-08-19 01:25:57,056] {logging_mixin.py:115} INFO - [2022-08-19 01:25:57,056] {dag.py:2379} INFO - Sync 1 DAGs
[2022-08-19 01:25:57,104] {logging_mixin.py:115} INFO - [2022-08-19 01:25:57,104] {dag.py:2931} INFO - Setting next_dagrun for tutorial to 2022-08-18T01:25:57.104394+00:00, run_after=2022-08-19T01:25:57.104394+00:00
[2022-08-19 01:25:57,127] {processor.py:161} INFO - Processing /home/airflow/.local/lib/python3.7/site-packages/airflow/example_dags/tutorial.py took 0.146 seconds
[2022-08-19 01:26:27,690] {processor.py:153} INFO - Started process (PID=667) to work on /home/airflow/.local/lib/python3.7/site-packages/airflow/example_dags/tutorial.py
[2022-08-19 01:26:27,691] {processor.py:641} INFO - Processing file /home/airflow/.local/lib/python3.7/site-packages/airflow/example_dags/tutorial.py for tasks to queue
[2022-08-19 01:26:27,691] {logging_mixin.py:115} INFO - [2022-08-19 01:26:27,691] {dagbag.py:507} INFO - Filling up the DagBag from /home/airflow/.local/lib/python3.7/site-packages/airflow/example_dags/tutorial.py
[2022-08-19 01:26:27,696] {processor.py:651} INFO - DAG(s) dict_keys(['tutorial']) retrieved from /home/airflow/.local/lib/python3.7/site-packages/airflow/example_dags/tutorial.py
[2022-08-19 01:26:27,728] {logging_mixin.py:115} INFO - [2022-08-19 01:26:27,728] {dag.py:2379} INFO - Sync 1 DAGs
[2022-08-19 01:26:27,760] {logging_mixin.py:115} INFO - [2022-08-19 01:26:27,760] {dag.py:2931} INFO - Setting next_dagrun for tutorial to 2022-08-18T01:26:27.760032+00:00, run_after=2022-08-19T01:26:27.760032+00:00
[2022-08-19 01:26:27,867] {processor.py:161} INFO - Processing /home/airflow/.local/lib/python3.7/site-packages/airflow/example_dags/tutorial.py took 0.179 seconds
[2022-08-19 01:26:58,242] {processor.py:153} INFO - Started process (PID=723) to work on /home/airflow/.local/lib/python3.7/site-packages/airflow/example_dags/tutorial.py
[2022-08-19 01:26:58,243] {processor.py:641} INFO - Processing file /home/airflow/.local/lib/python3.7/site-packages/airflow/example_dags/tutorial.py for tasks to queue
[2022-08-19 01:26:58,244] {logging_mixin.py:115} INFO - [2022-08-19 01:26:58,243] {dagbag.py:507} INFO - Filling up the DagBag from /home/airflow/.local/lib/python3.7/site-packages/airflow/example_dags/tutorial.py
[2022-08-19 01:26:58,255] {processor.py:651} INFO - DAG(s) dict_keys(['tutorial']) retrieved from /home/airflow/.local/lib/python3.7/site-packages/airflow/example_dags/tutorial.py
[2022-08-19 01:26:58,293] {logging_mixin.py:115} INFO - [2022-08-19 01:26:58,293] {dag.py:2379} INFO - Sync 1 DAGs
[2022-08-19 01:26:58,332] {logging_mixin.py:115} INFO - [2022-08-19 01:26:58,332] {dag.py:2931} INFO - Setting next_dagrun for tutorial to 2022-08-18T01:26:58.332261+00:00, run_after=2022-08-19T01:26:58.332261+00:00
[2022-08-19 01:26:58,480] {processor.py:161} INFO - Processing /home/airflow/.local/lib/python3.7/site-packages/airflow/example_dags/tutorial.py took 0.243 seconds
[2022-08-19 01:27:28,543] {processor.py:153} INFO - Started process (PID=788) to work on /home/airflow/.local/lib/python3.7/site-packages/airflow/example_dags/tutorial.py
[2022-08-19 01:27:28,544] {processor.py:641} INFO - Processing file /home/airflow/.local/lib/python3.7/site-packages/airflow/example_dags/tutorial.py for tasks to queue
[2022-08-19 01:27:28,545] {logging_mixin.py:115} INFO - [2022-08-19 01:27:28,545] {dagbag.py:507} INFO - Filling up the DagBag from /home/airflow/.local/lib/python3.7/site-packages/airflow/example_dags/tutorial.py
[2022-08-19 01:27:28,570] {processor.py:651} INFO - DAG(s) dict_keys(['tutorial']) retrieved from /home/airflow/.local/lib/python3.7/site-packages/airflow/example_dags/tutorial.py
[2022-08-19 01:27:28,673] {logging_mixin.py:115} INFO - [2022-08-19 01:27:28,673] {dag.py:2379} INFO - Sync 1 DAGs
[2022-08-19 01:27:28,748] {logging_mixin.py:115} INFO - [2022-08-19 01:27:28,748] {dag.py:2931} INFO - Setting next_dagrun for tutorial to 2022-08-18T01:27:28.748321+00:00, run_after=2022-08-19T01:27:28.748321+00:00
[2022-08-19 01:27:28,935] {processor.py:161} INFO - Processing /home/airflow/.local/lib/python3.7/site-packages/airflow/example_dags/tutorial.py took 0.400 seconds
[2022-08-19 01:27:59,119] {processor.py:153} INFO - Started process (PID=843) to work on /home/airflow/.local/lib/python3.7/site-packages/airflow/example_dags/tutorial.py
[2022-08-19 01:27:59,125] {processor.py:641} INFO - Processing file /home/airflow/.local/lib/python3.7/site-packages/airflow/example_dags/tutorial.py for tasks to queue
[2022-08-19 01:27:59,125] {logging_mixin.py:115} INFO - [2022-08-19 01:27:59,125] {dagbag.py:507} INFO - Filling up the DagBag from /home/airflow/.local/lib/python3.7/site-packages/airflow/example_dags/tutorial.py
[2022-08-19 01:27:59,129] {processor.py:651} INFO - DAG(s) dict_keys(['tutorial']) retrieved from /home/airflow/.local/lib/python3.7/site-packages/airflow/example_dags/tutorial.py
[2022-08-19 01:27:59,155] {logging_mixin.py:115} INFO - [2022-08-19 01:27:59,155] {dag.py:2379} INFO - Sync 1 DAGs
[2022-08-19 01:27:59,178] {logging_mixin.py:115} INFO - [2022-08-19 01:27:59,178] {dag.py:2931} INFO - Setting next_dagrun for tutorial to 2022-08-18T01:27:59.178196+00:00, run_after=2022-08-19T01:27:59.178196+00:00
[2022-08-19 01:27:59,282] {processor.py:161} INFO - Processing /home/airflow/.local/lib/python3.7/site-packages/airflow/example_dags/tutorial.py took 0.165 seconds
[2022-08-19 01:28:29,383] {processor.py:153} INFO - Started process (PID=908) to work on /home/airflow/.local/lib/python3.7/site-packages/airflow/example_dags/tutorial.py
[2022-08-19 01:28:29,384] {processor.py:641} INFO - Processing file /home/airflow/.local/lib/python3.7/site-packages/airflow/example_dags/tutorial.py for tasks to queue
[2022-08-19 01:28:29,386] {logging_mixin.py:115} INFO - [2022-08-19 01:28:29,386] {dagbag.py:507} INFO - Filling up the DagBag from /home/airflow/.local/lib/python3.7/site-packages/airflow/example_dags/tutorial.py
[2022-08-19 01:28:29,398] {processor.py:651} INFO - DAG(s) dict_keys(['tutorial']) retrieved from /home/airflow/.local/lib/python3.7/site-packages/airflow/example_dags/tutorial.py
[2022-08-19 01:28:29,448] {logging_mixin.py:115} INFO - [2022-08-19 01:28:29,448] {dag.py:2379} INFO - Sync 1 DAGs
[2022-08-19 01:28:29,501] {logging_mixin.py:115} INFO - [2022-08-19 01:28:29,500] {dag.py:2931} INFO - Setting next_dagrun for tutorial to 2022-08-18T01:28:29.500241+00:00, run_after=2022-08-19T01:28:29.500241+00:00
[2022-08-19 01:28:29,661] {processor.py:161} INFO - Processing /home/airflow/.local/lib/python3.7/site-packages/airflow/example_dags/tutorial.py took 0.290 seconds
[2022-08-19 01:31:06,320] {processor.py:153} INFO - Started process (PID=54) to work on /home/airflow/.local/lib/python3.7/site-packages/airflow/example_dags/tutorial.py
[2022-08-19 01:31:06,322] {processor.py:641} INFO - Processing file /home/airflow/.local/lib/python3.7/site-packages/airflow/example_dags/tutorial.py for tasks to queue
[2022-08-19 01:31:06,323] {logging_mixin.py:115} INFO - [2022-08-19 01:31:06,323] {dagbag.py:507} INFO - Filling up the DagBag from /home/airflow/.local/lib/python3.7/site-packages/airflow/example_dags/tutorial.py
[2022-08-19 01:31:06,340] {processor.py:651} INFO - DAG(s) dict_keys(['tutorial']) retrieved from /home/airflow/.local/lib/python3.7/site-packages/airflow/example_dags/tutorial.py
[2022-08-19 01:31:06,413] {logging_mixin.py:115} INFO - [2022-08-19 01:31:06,412] {dag.py:2379} INFO - Sync 1 DAGs
[2022-08-19 01:31:06,491] {logging_mixin.py:115} INFO - [2022-08-19 01:31:06,491] {dag.py:2931} INFO - Setting next_dagrun for tutorial to 2022-08-18T01:31:06.490768+00:00, run_after=2022-08-19T01:31:06.490768+00:00
[2022-08-19 01:31:06,529] {processor.py:161} INFO - Processing /home/airflow/.local/lib/python3.7/site-packages/airflow/example_dags/tutorial.py took 0.217 seconds
[2022-08-19 01:31:36,934] {processor.py:153} INFO - Started process (PID=107) to work on /home/airflow/.local/lib/python3.7/site-packages/airflow/example_dags/tutorial.py
[2022-08-19 01:31:36,941] {processor.py:641} INFO - Processing file /home/airflow/.local/lib/python3.7/site-packages/airflow/example_dags/tutorial.py for tasks to queue
[2022-08-19 01:31:36,942] {logging_mixin.py:115} INFO - [2022-08-19 01:31:36,941] {dagbag.py:507} INFO - Filling up the DagBag from /home/airflow/.local/lib/python3.7/site-packages/airflow/example_dags/tutorial.py
[2022-08-19 01:31:36,961] {processor.py:651} INFO - DAG(s) dict_keys(['tutorial']) retrieved from /home/airflow/.local/lib/python3.7/site-packages/airflow/example_dags/tutorial.py
[2022-08-19 01:31:37,047] {logging_mixin.py:115} INFO - [2022-08-19 01:31:37,047] {dag.py:2379} INFO - Sync 1 DAGs
[2022-08-19 01:31:37,119] {logging_mixin.py:115} INFO - [2022-08-19 01:31:37,119] {dag.py:2931} INFO - Setting next_dagrun for tutorial to 2022-08-18T01:31:37.114665+00:00, run_after=2022-08-19T01:31:37.114665+00:00
[2022-08-19 01:31:37,243] {processor.py:161} INFO - Processing /home/airflow/.local/lib/python3.7/site-packages/airflow/example_dags/tutorial.py took 0.328 seconds
[2022-08-19 01:32:07,748] {processor.py:153} INFO - Started process (PID=174) to work on /home/airflow/.local/lib/python3.7/site-packages/airflow/example_dags/tutorial.py
[2022-08-19 01:32:07,749] {processor.py:641} INFO - Processing file /home/airflow/.local/lib/python3.7/site-packages/airflow/example_dags/tutorial.py for tasks to queue
[2022-08-19 01:32:07,750] {logging_mixin.py:115} INFO - [2022-08-19 01:32:07,750] {dagbag.py:507} INFO - Filling up the DagBag from /home/airflow/.local/lib/python3.7/site-packages/airflow/example_dags/tutorial.py
[2022-08-19 01:32:07,761] {processor.py:651} INFO - DAG(s) dict_keys(['tutorial']) retrieved from /home/airflow/.local/lib/python3.7/site-packages/airflow/example_dags/tutorial.py
[2022-08-19 01:32:07,834] {logging_mixin.py:115} INFO - [2022-08-19 01:32:07,834] {dag.py:2379} INFO - Sync 1 DAGs
[2022-08-19 01:32:07,864] {logging_mixin.py:115} INFO - [2022-08-19 01:32:07,864] {dag.py:2931} INFO - Setting next_dagrun for tutorial to 2022-08-18T01:32:07.861738+00:00, run_after=2022-08-19T01:32:07.861738+00:00
[2022-08-19 01:32:07,882] {processor.py:161} INFO - Processing /home/airflow/.local/lib/python3.7/site-packages/airflow/example_dags/tutorial.py took 0.149 seconds
[2022-08-19 01:32:38,086] {processor.py:153} INFO - Started process (PID=229) to work on /home/airflow/.local/lib/python3.7/site-packages/airflow/example_dags/tutorial.py
[2022-08-19 01:32:38,087] {processor.py:641} INFO - Processing file /home/airflow/.local/lib/python3.7/site-packages/airflow/example_dags/tutorial.py for tasks to queue
[2022-08-19 01:32:38,087] {logging_mixin.py:115} INFO - [2022-08-19 01:32:38,087] {dagbag.py:507} INFO - Filling up the DagBag from /home/airflow/.local/lib/python3.7/site-packages/airflow/example_dags/tutorial.py
[2022-08-19 01:32:38,096] {processor.py:651} INFO - DAG(s) dict_keys(['tutorial']) retrieved from /home/airflow/.local/lib/python3.7/site-packages/airflow/example_dags/tutorial.py
[2022-08-19 01:32:38,148] {logging_mixin.py:115} INFO - [2022-08-19 01:32:38,147] {dag.py:2379} INFO - Sync 1 DAGs
[2022-08-19 01:32:38,228] {logging_mixin.py:115} INFO - [2022-08-19 01:32:38,228] {dag.py:2931} INFO - Setting next_dagrun for tutorial to 2022-08-18T01:32:38.216216+00:00, run_after=2022-08-19T01:32:38.216216+00:00
[2022-08-19 01:32:38,293] {processor.py:161} INFO - Processing /home/airflow/.local/lib/python3.7/site-packages/airflow/example_dags/tutorial.py took 0.211 seconds
[2022-08-19 13:48:32,480] {processor.py:153} INFO - Started process (PID=68) to work on /home/airflow/.local/lib/python3.7/site-packages/airflow/example_dags/tutorial.py
[2022-08-19 13:48:32,487] {processor.py:641} INFO - Processing file /home/airflow/.local/lib/python3.7/site-packages/airflow/example_dags/tutorial.py for tasks to queue
[2022-08-19 13:48:32,488] {logging_mixin.py:115} INFO - [2022-08-19 13:48:32,488] {dagbag.py:507} INFO - Filling up the DagBag from /home/airflow/.local/lib/python3.7/site-packages/airflow/example_dags/tutorial.py
[2022-08-19 13:48:32,502] {processor.py:651} INFO - DAG(s) dict_keys(['tutorial']) retrieved from /home/airflow/.local/lib/python3.7/site-packages/airflow/example_dags/tutorial.py
[2022-08-19 13:48:32,698] {logging_mixin.py:115} INFO - [2022-08-19 13:48:32,698] {dag.py:2379} INFO - Sync 1 DAGs
[2022-08-19 13:48:32,798] {logging_mixin.py:115} INFO - [2022-08-19 13:48:32,798] {dag.py:2931} INFO - Setting next_dagrun for tutorial to 2022-08-18T13:48:32.798260+00:00, run_after=2022-08-19T13:48:32.798260+00:00
[2022-08-19 13:48:32,853] {processor.py:161} INFO - Processing /home/airflow/.local/lib/python3.7/site-packages/airflow/example_dags/tutorial.py took 0.430 seconds
[2022-08-19 13:49:03,579] {processor.py:153} INFO - Started process (PID=111) to work on /home/airflow/.local/lib/python3.7/site-packages/airflow/example_dags/tutorial.py
[2022-08-19 13:49:03,581] {processor.py:641} INFO - Processing file /home/airflow/.local/lib/python3.7/site-packages/airflow/example_dags/tutorial.py for tasks to queue
[2022-08-19 13:49:03,582] {logging_mixin.py:115} INFO - [2022-08-19 13:49:03,581] {dagbag.py:507} INFO - Filling up the DagBag from /home/airflow/.local/lib/python3.7/site-packages/airflow/example_dags/tutorial.py
[2022-08-19 13:49:03,601] {processor.py:651} INFO - DAG(s) dict_keys(['tutorial']) retrieved from /home/airflow/.local/lib/python3.7/site-packages/airflow/example_dags/tutorial.py
[2022-08-19 13:49:03,684] {logging_mixin.py:115} INFO - [2022-08-19 13:49:03,684] {dag.py:2379} INFO - Sync 1 DAGs
[2022-08-19 13:49:03,778] {logging_mixin.py:115} INFO - [2022-08-19 13:49:03,778] {dag.py:2931} INFO - Setting next_dagrun for tutorial to 2022-08-18T13:49:03.778205+00:00, run_after=2022-08-19T13:49:03.778205+00:00
[2022-08-19 13:49:03,904] {processor.py:161} INFO - Processing /home/airflow/.local/lib/python3.7/site-packages/airflow/example_dags/tutorial.py took 0.333 seconds
[2022-08-19 13:49:34,029] {processor.py:153} INFO - Started process (PID=165) to work on /home/airflow/.local/lib/python3.7/site-packages/airflow/example_dags/tutorial.py
[2022-08-19 13:49:34,031] {processor.py:641} INFO - Processing file /home/airflow/.local/lib/python3.7/site-packages/airflow/example_dags/tutorial.py for tasks to queue
[2022-08-19 13:49:34,035] {logging_mixin.py:115} INFO - [2022-08-19 13:49:34,035] {dagbag.py:507} INFO - Filling up the DagBag from /home/airflow/.local/lib/python3.7/site-packages/airflow/example_dags/tutorial.py
[2022-08-19 13:49:34,051] {processor.py:651} INFO - DAG(s) dict_keys(['tutorial']) retrieved from /home/airflow/.local/lib/python3.7/site-packages/airflow/example_dags/tutorial.py
[2022-08-19 13:49:34,101] {logging_mixin.py:115} INFO - [2022-08-19 13:49:34,101] {dag.py:2379} INFO - Sync 1 DAGs
[2022-08-19 13:49:34,158] {logging_mixin.py:115} INFO - [2022-08-19 13:49:34,158] {dag.py:2931} INFO - Setting next_dagrun for tutorial to 2022-08-18T13:49:34.157864+00:00, run_after=2022-08-19T13:49:34.157864+00:00
[2022-08-19 13:49:34,204] {processor.py:161} INFO - Processing /home/airflow/.local/lib/python3.7/site-packages/airflow/example_dags/tutorial.py took 0.179 seconds
